[2015.11.17-02.58.15:873][  0]Log file open, 11/16/15 21:58:15
[2015.11.17-02.58.15:873][  0]LogInit:Display: Running engine for game: MyProject
[2015.11.17-02.58.15:873][  0]LogInit:Display: RandInit(682105733) SRandInit(682105734).
[2015.11.17-02.58.15:873][  0]LogTaskGraph: Started task graph with 4 named threads and 7 total threads.
[2015.11.17-02.58.15:873][  0]LogStats: Stats thread started
[2015.11.17-02.58.15:873][  0]LogInit: Version: 4.8.3-2634408+++depot+UE4-Releases+4.8
[2015.11.17-02.58.15:873][  0]LogInit: API Version: 2579680
[2015.11.17-02.58.15:873][  0]LogInit: Compiled (64-bit): Jul 27 2015 16:24:33
[2015.11.17-02.58.15:873][  0]LogInit: Compiled with Visual C++: 18.00.21005.01
[2015.11.17-02.58.15:873][  0]LogInit: Build Configuration: Development
[2015.11.17-02.58.15:873][  0]LogInit: Branch Name: ++depot+UE4-Releases+4.8
[2015.11.17-02.58.15:873][  0]LogInit: Command line: 
[2015.11.17-02.58.15:873][  0]LogInit: Base directory: C:/Program Files/Epic Games/4.8/Engine/Binaries/Win64/
[2015.11.17-02.58.15:873][  0]LogInit: Rocket: 1
[2015.11.17-02.58.16:217][  0]LogInit: Using libcurl 7.41.0
[2015.11.17-02.58.16:217][  0]LogInit:  - built for x86_64-pc-win32
[2015.11.17-02.58.16:217][  0]LogInit:  - supports SSL with WinSSL
[2015.11.17-02.58.16:217][  0]LogInit:  - other features:
[2015.11.17-02.58.16:217][  0]LogInit:      CURL_VERSION_SSL
[2015.11.17-02.58.16:217][  0]LogInit:      CURL_VERSION_IPV6
[2015.11.17-02.58.16:217][  0]LogInit:      CURL_VERSION_ASYNCHDNS
[2015.11.17-02.58.16:217][  0]LogInit:      CURL_VERSION_LARGEFILE
[2015.11.17-02.58.16:217][  0]LogInit:      CURL_VERSION_IDN
[2015.11.17-02.58.16:217][  0]LogInit:  CurlRequestOptions (configurable via config and command line):
[2015.11.17-02.58.16:217][  0]LogInit:  - bVerifyPeer = true  - Libcurl will verify peer certificate
[2015.11.17-02.58.16:217][  0]LogInit:  - bUseHttpProxy = false  - Libcurl will NOT use HTTP proxy
[2015.11.17-02.58.16:217][  0]LogInit:  - bDontReuseConnections = false  - Libcurl will reuse connections
[2015.11.17-02.58.16:217][  0]LogInit:  - CertBundlePath = nullptr  - Libcurl will use whatever was configured at build time.
[2015.11.17-02.58.16:238][  0]LogOnline:Warning: No default platform service specified for OnlineSubsystem
[2015.11.17-02.58.16:256][  0]LogInit: Presizing for 0 objects not considered by GC, pre-allocating 0 bytes.
[2015.11.17-02.58.16:263][  0]LogInit: Object subsystem initialized
[2015.11.17-02.58.16:264][  0]LogConsoleResponse:Warning: Skipping Unknown console variable: 'TranslucentSortAxis = (X=0.000000,Y=-1.000000,Z=0.000000)'
[2015.11.17-02.58.16:264][  0]LogConsoleResponse:Warning:   Found in ini file 'C:/Users/Christopher/Documents/GitHub/The-Curators/AlexPrototype/Saved/Config/Windows/Engine.ini', in section '[/Script/Engine.RendererSettings]'
[2015.11.17-02.58.16:264][  0]LogConsoleResponse:Warning: Skipping Unknown console variable: 'UIScaleRule = ShortestSide'
[2015.11.17-02.58.16:264][  0]LogConsoleResponse:Warning:   Found in ini file 'C:/Users/Christopher/Documents/GitHub/The-Curators/AlexPrototype/Saved/Config/Windows/Engine.ini', in section '[/Script/Engine.RendererSettings]'
[2015.11.17-02.58.16:264][  0]LogConsoleResponse:Warning: Skipping Unknown console variable: 'UIScaleCurve = (EditorCurveData=(Keys=),ExternalCurve=None)'
[2015.11.17-02.58.16:264][  0]LogConsoleResponse:Warning:   Found in ini file 'C:/Users/Christopher/Documents/GitHub/The-Curators/AlexPrototype/Saved/Config/Windows/Engine.ini', in section '[/Script/Engine.RendererSettings]'
[2015.11.17-02.58.16:264][  0]LogInit: Selected Device Profile: [Windows]
[2015.11.17-02.58.16:264][  0]LogInit: Applying CVar settings loaded from the selected device profile: [Windows]
[2015.11.17-02.58.16:276][  0]LogInit: Computer: CHRISTOPHER-S70
[2015.11.17-02.58.16:276][  0]LogInit: User: Christopher
[2015.11.17-02.58.16:276][  0]LogInit: CPU Page size=4096, Cores=4
[2015.11.17-02.58.16:276][  0]LogInit: High frequency timer resolution =2.435777 MHz
[2015.11.17-02.58.16:276][  0]LogMemory: Memory total: Physical=11.9GB (12GB approx)
[2015.11.17-02.58.16:276][  0]LogMemory: Platform Memory Stats for Windows
[2015.11.17-02.58.16:276][  0]LogMemory: Process Physical Memory: 50.18 MB used, 50.18 MB peak
[2015.11.17-02.58.16:276][  0]LogMemory: Process Virtual Memory: 23.55 MB used, 23.55 MB peak
[2015.11.17-02.58.16:276][  0]LogMemory: Physical Memory: 3191.12 MB used, 12200.09 MB total
[2015.11.17-02.58.16:276][  0]LogMemory: Virtual Memory: 315.88 MB used, 134217728.00 MB total
[2015.11.17-02.58.16:304][  0]LogTextLocalizationManager: The requested culture ('en_US') has no localization data; parent culture's ('en') localization data will be used.
[2015.11.17-02.58.16:505][  0]LogTextLocalizationManager:Warning: Loaded localization resources contain conflicting entries for (Namespace:ContentBrowser, Key:ImportAssetToolTip):
Localization Resource: (C:/Program Files/Epic Games/4.8/Engine/Content/Localization/Editor/en/Editor.locres) Source String Hash: (-630476809) Localized String: (Import to {0}...)
Localization Resource: (C:/Program Files/Epic Games/4.8/Engine/Content/Localization/Editor/en/Editor.locres) Source String Hash: (1271782899) Localized String: (Imports an asset from file to this folder.)
[2015.11.17-02.58.16:961][  0]LogD3D11RHI: Found D3D11 adapter 0: Intel(R) HD Graphics 4600 (Feature Level 11_0)
[2015.11.17-02.58.16:961][  0]LogD3D11RHI: Adapter has 112MB of dedicated video memory, 0MB of dedicated system memory, and 6100MB of shared system memory, 1 output[s]
[2015.11.17-02.58.17:469][  0]LogD3D11RHI: Found D3D11 adapter 1: AMD Radeon R9 M265X (Feature Level 11_0)
[2015.11.17-02.58.17:469][  0]LogD3D11RHI: Adapter has 2026MB of dedicated video memory, 0MB of dedicated system memory, and 6100MB of shared system memory, 0 output[s]
[2015.11.17-02.58.17:472][  0]LogD3D11RHI: Found D3D11 adapter 2: Microsoft Basic Render Driver (Feature Level 11_0)
[2015.11.17-02.58.17:472][  0]LogD3D11RHI: Adapter has 0MB of dedicated video memory, 0MB of dedicated system memory, and 6100MB of shared system memory, 0 output[s]
[2015.11.17-02.58.17:472][  0]LogD3D11RHI: Chosen D3D11 Adapter Id = 0
[2015.11.17-02.58.17:477][  0]LogD3D11RHI: InitD3DDevice
[2015.11.17-02.58.17:477][  0]LogD3D11RHI: !Direct3DDevice
[2015.11.17-02.58.17:477][  0]LogRHI: Texture pool is 1361 MB (70% of 1945 MB)
[2015.11.17-02.58.17:485][  0]LogD3D11RHI: Async texture creation enabled
[2015.11.17-02.58.17:492][  0]LogShaderCompilers:Display: Using Local Shader Compiler.
[2015.11.17-02.58.18:218][  0]LogTemp:Display: Loaded TP DesktopTargetPlatform
[2015.11.17-02.58.18:235][  0]LogTemp:Display: Loaded TP WindowsClientTargetPlatform
[2015.11.17-02.58.18:251][  0]LogTemp:Display: Loaded TP WindowsNoEditorTargetPlatform
[2015.11.17-02.58.18:267][  0]LogTemp:Display: Loaded TP WindowsServerTargetPlatform
[2015.11.17-02.58.18:284][  0]LogTemp:Display: Loaded TP WindowsTargetPlatform
[2015.11.17-02.58.18:298][  0]LogTemp:Display: Loaded TP AndroidTargetPlatform
[2015.11.17-02.58.18:312][  0]LogTemp:Display: Loaded TP Android_ASTCTargetPlatform
[2015.11.17-02.58.18:326][  0]LogTemp:Display: Loaded TP Android_ATCTargetPlatform
[2015.11.17-02.58.18:339][  0]LogTemp:Display: Loaded TP Android_DXTTargetPlatform
[2015.11.17-02.58.18:355][  0]LogTemp:Display: Loaded TP Android_ETC1TargetPlatform
[2015.11.17-02.58.18:369][  0]LogTemp:Display: Loaded TP Android_ETC2TargetPlatform
[2015.11.17-02.58.18:383][  0]LogTemp:Display: Loaded TP Android_PVRTCTargetPlatform
[2015.11.17-02.58.18:439][  0]LogTemp:Display: Loaded TP IOSTargetPlatform
[2015.11.17-02.58.18:454][  0]LogTemp:Display: Loaded TP LinuxNoEditorTargetPlatform
[2015.11.17-02.58.18:469][  0]LogTemp:Display: Loaded TP LinuxServerTargetPlatform
[2015.11.17-02.58.18:485][  0]LogTemp:Display: Loaded TP LinuxTargetPlatform
[2015.11.17-02.58.18:485][  0]LogTargetPlatformManager:Display: Building Assets For Windows
[2015.11.17-02.58.18:740][  0]LogDerivedDataCache:Display: Max Cache Size: 512 MB
[2015.11.17-02.58.18:805][  0]LogDerivedDataCache: Loaded boot cache 0.06s 53MB C:/Users/Christopher/AppData/Local/UnrealEngine/4.8/DerivedDataCache/Boot.ddc.
[2015.11.17-02.58.18:805][  0]LogDerivedDataCache:Display: Loaded Boot cache: C:/Users/Christopher/AppData/Local/UnrealEngine/4.8/DerivedDataCache/Boot.ddc
[2015.11.17-02.58.18:805][  0]LogDerivedDataCache: FDerivedDataBackendGraph:  Pak pak cache file ../../../../../../Users/Christopher/Documents/GitHub/The-Curators/AlexPrototype/DerivedDataCache/DDC.ddp not found, will not use a pak cache.
[2015.11.17-02.58.18:805][  0]LogDerivedDataCache: Unable to find inner node Pak for hierarchical cache Hierarchy.
[2015.11.17-02.58.18:805][  0]LogDerivedDataCache: FDerivedDataBackendGraph:  CompressedPak pak cache file ../../../../../../Users/Christopher/Documents/GitHub/The-Curators/AlexPrototype/DerivedDataCache/Compressed.ddp not found, will not use a pak cache.
[2015.11.17-02.58.18:805][  0]LogDerivedDataCache: Unable to find inner node CompressedPak for hierarchical cache Hierarchy.
[2015.11.17-02.58.18:967][  0]LogDerivedDataCache:Display: Pak cache opened for reading ../../../Engine/DerivedDataCache/Compressed.ddp.
[2015.11.17-02.58.18:979][  0]LogDerivedDataCache: Using Local data cache path C:/Users/Christopher/AppData/Local/UnrealEngine/Common/DerivedDataCache: Writable
[2015.11.17-02.58.19:203][  0]LogInit: Selected Device Profile: [Windows]
[2015.11.17-02.58.19:288][  0]ImportText (ComponentSweepMultiTests): Missing closing parenthesis: (RootShapeAsset="/Engine/BasicShapes/Cube.Cube",ShapeType="TriggerCapsule",HitResult=(Time=0.50,Location=(X=-100.000015,Y=0.0,Z=100.000015),ImpactPoint=(X=-50.0,Y=0.0,Z=50.0),Normal=(X=-1.0,Y=-0.0,Z=0.0),ImpactNormal=(X=0.0,Y=0.0,Z=1.0),TraceStart=(X=-200.0,Y=0.0,Z=200.0),TraceEnd=(X=0.0,Y=0.0,Z=0.0))
[2015.11.17-02.58.19:289][  0]ImportText (LineTraceSingleByChannelTests): Missing closing parenthesis: (RootShapeAsset="/Engine/BasicShapes/Cube.Cube",HitResult=(Time=0.50,Location=(X=-100.000015,Y=0.0,Z=100.000015),ImpactPoint=(X=-50.0,Y=0.0,Z=50.0),Normal=(X=-1.0,Y=-0.0,Z=0.0),ImpactNormal=(X=0.0,Y=0.0,Z=1.0),TraceStart=(X=-200.0,Y=0.0,Z=200.0),TraceEnd=(X=0.0,Y=0.0,Z=0.0))
[2015.11.17-02.58.19:321][  0]LogMeshUtilities: No automatic mesh reduction module available
[2015.11.17-02.58.19:321][  0]LogMeshUtilities: No automatic mesh merging module available
[2015.11.17-02.58.19:702][  0]LogInit: WinSock: version 1.1 (2.2), MaxSocks=32767, MaxUdp=65467
[2015.11.17-02.58.20:648][  0]UdpMessaging: Initializing bridge on interface 0.0.0.0:0 to multicast group 230.0.0.1:6666.
[2015.11.17-02.58.21:028][  0]SourceControl: Info Source control is disabled
[2015.11.17-02.58.21:037][  0]SourceControl: Info Source control is disabled
[2015.11.17-02.58.21:049][  0]SourceControl: Info Source control is disabled
[2015.11.17-02.58.21:061][  0]SourceControl: Info Source control is disabled
[2015.11.17-02.58.21:307][  0]LogObj: 26273 objects as part of root set at end of initial load.
[2015.11.17-02.58.21:307][  0]LogUObjectAllocator: 5409248 out of 0 bytes used by permanent object pool.
[2015.11.17-02.58.21:382][  0]LogEngine: Initializing Engine...
[2015.11.17-02.58.21:385][  0]LogHMD: Can't find Oculus library dev build: is proper Runtime installed? Version: 0.6.0.0
[2015.11.17-02.58.21:386][  0]LogHMD:Warning: SteamVR failed to initialize.  Error: 110
[2015.11.17-02.58.21:549][  0]LogAIModule: Creating AISystem for world NewWorld
[2015.11.17-02.58.21:554][  0]LogInit: XAudio2 using 'Speakers (Realtek High Definition Audio)' : 2 channels at 48 kHz using 32 bits per sample (channel mask 0x3)
[2015.11.17-02.58.21:578][  0]LogInit: FAudioDevice initialized.
[2015.11.17-02.58.21:610][  0]LogDerivedDataCache: Saved boot cache 0.03s 53MB C:/Users/Christopher/AppData/Local/UnrealEngine/4.8/DerivedDataCache/Boot.ddc.
[2015.11.17-02.58.21:618][  0]LogInit: Texture streaming: Disabled
[2015.11.17-02.58.21:647][  0]LogAnalytics: Creating configured Analytics provider AnalyticsET
[2015.11.17-02.58.21:647][  0]LogAnalytics: [UEEditor.Rocket.Release] APIServer = http://et2.epicgames.com/ET2/. AppVersion = 4.8.3-2634408+++depot+UE4-Releases+4.8
[2015.11.17-02.58.21:647][  0]LogAnalytics: [UEEditor.Rocket.Release] SetUserId ee8c485444fe82b8e773c5ac08d91953|2c1976e1aa9b48b0b119ac4e9eb64ec6|e685999b-cf46-4ff8-9f2e-f2a1072524f0
[2015.11.17-02.58.21:647][  0]LogAnalytics: [UEEditor.Rocket.Release] AnalyticsET::StartSession
[2015.11.17-02.58.21:706][  0]LogInit: Transaction tracking system initialized
[2015.11.17-02.58.21:860][  0]BlueprintLog: New page: Editor Load
[2015.11.17-02.58.21:902][  0]LogAssetRegistry: FAssetRegistry took 0.0109 seconds to start up
[2015.11.17-02.58.21:902][  0]LogDirectoryWatcher:Warning: Failed to begin reading directory changes for ../../../Engine/Plugins/Experimental/CharacterAI/Content/. Error: 0
[2015.11.17-02.58.22:707][  0]LogConsoleManager:Warning: Console variable 'r.VSync' wasn't set ('GameSetting' has a lower priority than 'SystemSettingsIni')
[2015.11.17-02.58.22:708][  0]LogConsoleResponse:Display: 
[2015.11.17-02.58.22:931][  0]LogCook:Display: Done creating registry. It took  0.00s.
[2015.11.17-02.58.23:146][  0]SourceControl: Info Source control is disabled
[2015.11.17-02.58.23:146][  0]Cmd: MAP LOAD FILE="../../../../../../Users/Christopher/Documents/GitHub/The-Curators/AlexPrototype/Content/StarterContent/Maps/Minimal_Default.umap" TEMPLATE=0 SHOWPROGRESS=1 FEATURELEVEL=3
[2015.11.17-02.58.23:192][  0]LightingResults: New page: Lighting Build
[2015.11.17-02.58.23:209][  0]MapCheck: New page: Map Check
[2015.11.17-02.58.23:209][  0]LightingResults: New page: Lighting Build
[2015.11.17-02.58.23:219][  0]LogParticles: Destroying 0 GPU particle simulations for FXSystem 0x0000026F33A389A0
[2015.11.17-02.58.25:146][  0]LogLinker:Warning: Can't find file '/Game/Art/Assets/VerticalSliceAssets/characterAssets/gun/gun'
[2015.11.17-02.58.25:146][  0]LoadErrors: Info Failed to load /Game/Tech/AIGuard/GameHud.GameHud_C Referenced by gun8C1B0D41B94BE5FEA7D9F08DA0F2B523
[2015.11.17-02.58.25:146][  0]LogLinker:Warning: Can't find file for asset '/Game/Art/Assets/VerticalSliceAssets/characterAssets/gun/gun' while loading ../../../../../../Users/Christopher/Documents/GitHub/The-Curators/AlexPrototype/Content/Tech/AIGuard/GameHud.uasset.
[2015.11.17-02.58.25:146][  0]LoadErrors: Info Failed to load /Game/Tech/AIGuard/GameHud.GameHud_C Referenced by gun8C1B0D41B94BE5FEA7D9F08DA0F2B523
[2015.11.17-02.58.25:146][  0]LoadErrors:Error: Error /Game/Tech/AIGuard/GameHud : Can't find file for asset. /Game/Art/Assets/VerticalSliceAssets/characterAssets/gun/gun
[2015.11.17-02.58.25:600][  0]LogLinker:Warning: Can't find file '/Game/Art/Assets/VerticalSliceAssets/characterAssets/gun/gun'
[2015.11.17-02.58.25:600][  0]LogLinker:Warning: Can't find file for asset '/Game/Art/Assets/VerticalSliceAssets/characterAssets/gun/gun' while loading ../../../../../../Users/Christopher/Documents/GitHub/The-Curators/AlexPrototype/Content/Tech/AIGuard/GameHud.uasset.
[2015.11.17-02.58.25:600][  0]LoadErrors:Error: Error /Game/Tech/AIGuard/GameHud : Can't find file for asset. /Game/Art/Assets/VerticalSliceAssets/characterAssets/gun/gun
[2015.11.17-02.58.25:618][  0]LogLinker:Warning: Can't find file '/Game/Art/Assets/VerticalSliceAssets/characterAssets/gun/gun'
[2015.11.17-02.58.25:618][  0]LogLinker:Warning: Can't find file for asset '/Game/Art/Assets/VerticalSliceAssets/characterAssets/gun/gun' while loading ../../../../../../Users/Christopher/Documents/GitHub/The-Curators/AlexPrototype/Content/Tech/AIGuard/GameHud.uasset.
[2015.11.17-02.58.25:618][  0]LoadErrors:Error: Error /Game/Tech/AIGuard/GameHud : Can't find file for asset. /Game/Art/Assets/VerticalSliceAssets/characterAssets/gun/gun
[2015.11.17-02.58.25:932][  0]LogBlueprint:Warning: [compiler ThirdPersonCharacter] Warning Input Axis Event references unknown Axis 'LookUp' for  InputAxis LookUp 
[2015.11.17-02.58.25:954][  0]LogBlueprint:Warning: [compiler ThirdPersonCharacter] Warning [0011.60] Compile of ThirdPersonCharacter successful, but with 1 Warning(s) [in 144 ms]
[2015.11.17-02.58.25:955][  0]LogBlueprint:Warning: [compiler ThirdPersonCharacter] Warning [0011.60] Compile of ThirdPersonCharacter successful, but with 2 Warning(s) [in 0 ms]
[2015.11.17-02.58.25:955][  0]LogBlueprint:Warning: [compiler ThirdPersonCharacter] Warning [0011.60] Compile of ThirdPersonCharacter successful, but with 3 Warning(s) [in 0 ms]
[2015.11.17-02.58.26:189][  0]LogBlueprint:Warning: [compiler ThirdPersonCharacter] Warning Input Axis Event references unknown Axis 'LookUp' for  InputAxis LookUp 
[2015.11.17-02.58.26:216][  0]LogBlueprint:Warning: [compiler ThirdPersonCharacter] Warning [0011.87] Compile of ThirdPersonCharacter successful, but with 1 Warning(s) [in 105 ms]
[2015.11.17-02.58.26:216][  0]LogBlueprint:Warning: [compiler ThirdPersonCharacter] Warning [0011.87] Compile of ThirdPersonCharacter successful, but with 2 Warning(s) [in 0 ms]
[2015.11.17-02.58.26:226][  0]LogLinker:Warning: Can't find file '/Game/Art/Assets/VerticalSliceAssets/characterAssets/gun/gun'
[2015.11.17-02.58.26:227][  0]LogLinker:Warning: Can't find file for asset '/Game/Art/Assets/VerticalSliceAssets/characterAssets/gun/gun' while loading ../../../../../../Users/Christopher/Documents/GitHub/The-Curators/AlexPrototype/Content/Tech/ThirdPersonBP/Blueprints/ThirdPersonCharacter.uasset.
[2015.11.17-02.58.26:227][  0]LoadErrors:Error: Error /Game/Tech/ThirdPersonBP/Blueprints/ThirdPersonCharacter : Can't find file for asset. /Game/Art/Assets/VerticalSliceAssets/characterAssets/gun/gun
[2015.11.17-02.58.26:228][  0]LogLinker:Warning: Can't find file '/Game/Art/Assets/VerticalSliceAssets/characterAssets/gun/gun'
[2015.11.17-02.58.26:228][  0]LogLinker:Warning: Can't find file for asset '/Game/Art/Assets/VerticalSliceAssets/characterAssets/gun/gun' while loading ../../../../../../Users/Christopher/Documents/GitHub/The-Curators/AlexPrototype/Content/Tech/ThirdPersonBP/Blueprints/ThirdPersonCharacter.uasset.
[2015.11.17-02.58.26:228][  0]LoadErrors:Error: Error /Game/Tech/ThirdPersonBP/Blueprints/ThirdPersonCharacter : Can't find file for asset. /Game/Art/Assets/VerticalSliceAssets/characterAssets/gun/gun
[2015.11.17-02.58.30:350][  0]LogBlueprint:Warning: [compiler ErichCharBlueRyan] Warning Input Axis Event references unknown Axis 'LookUp' for  InputAxis LookUp 
[2015.11.17-02.58.30:352][  0]LogBlueprint:Warning: [compiler ErichCharBlueRyan] Warning InputAction Event references unknown Action 'Walk' for  InputAction Walk 
[2015.11.17-02.58.30:380][  0]LogBlueprint:Warning: [compiler ErichCharBlueRyan] Warning [0016.03] Compile of ErichCharBlueRyan successful, but with 2 Warning(s) [in 117 ms]
[2015.11.17-02.58.30:381][  0]LogBlueprint:Warning: [compiler ErichCharBlueRyan] Warning [0016.03] Compile of ErichCharBlueRyan successful, but with 3 Warning(s) [in 0 ms]
[2015.11.17-02.58.30:381][  0]LogBlueprint:Warning: [compiler ErichCharBlueRyan] Warning [0016.03] Compile of ErichCharBlueRyan successful, but with 4 Warning(s) [in 0 ms]
[2015.11.17-02.58.30:595][  0]LogBlueprint:Warning: [compiler ErichCharBlueRyan] Warning Input Axis Event references unknown Axis 'LookUp' for  InputAxis LookUp 
[2015.11.17-02.58.30:596][  0]LogBlueprint:Warning: [compiler ErichCharBlueRyan] Warning InputAction Event references unknown Action 'Walk' for  InputAction Walk 
[2015.11.17-02.58.30:630][  0]LogBlueprint:Warning: [compiler ErichCharBlueRyan] Warning [0016.28] Compile of ErichCharBlueRyan successful, but with 2 Warning(s) [in 120 ms]
[2015.11.17-02.58.30:630][  0]LogBlueprint:Warning: [compiler ErichCharBlueRyan] Warning [0016.28] Compile of ErichCharBlueRyan successful, but with 3 Warning(s) [in 0 ms]
[2015.11.17-02.58.42:218][  0]LogAIModule: Creating AISystem for world Minimal_Default
[2015.11.17-02.58.42:306][  0]LogEditorServer: Finished looking for orphan Actors (0.000 secs)
[2015.11.17-02.58.42:321][  0]Cmd: MAP CHECKDEP NOCLEARLOG
[2015.11.17-02.58.42:412][  0]MapCheck: Info Map check complete: 0 Error(s), 0 Warning(s), took 90.667ms to complete.
[2015.11.17-02.58.42:412][  0]LogFileHelpers: Loading map 'Minimal_Default' took 19.266
[2015.11.17-02.58.42:942][  0]LogCollectionManager: Loaded 0 collections in 0.002734 seconds
[2015.11.17-02.58.42:954][  0]LogContentBrowser: Native class hierarchy populated in 0.0119 seconds. Added 1792 classes and 301 folders.
[2015.11.17-02.58.43:163][  0]LogContentBrowser: Native class hierarchy updated for 'WidgetCarousel' in 0.0004 seconds. Added 0 classes and 0 folders.
[2015.11.17-02.58.43:573][  0]LogContentBrowser: Native class hierarchy updated for 'AddContentDialog' in 0.0004 seconds. Added 0 classes and 0 folders.
[2015.11.17-02.58.43:604][  0]LogContentBrowser: Native class hierarchy updated for 'SceneOutliner' in 0.0004 seconds. Added 1 classes and 2 folders.
[2015.11.17-02.58.44:110][  0]LogCrashTracker: Crashtracker disabled due to settings.
[2015.11.17-02.58.44:111][  0]LogD3D11RHI: InitD3DDevice
[2015.11.17-02.58.44:114][  0]LogUObjectGlobals:Warning: Failed to find object 'Class None.'
[2015.11.17-02.58.44:157][  0]LogLoad: Full Startup: 29.81 seconds (BP compile: 2.11 seconds)
[2015.11.17-02.58.44:416][  0]LogContentStreaming: Texture pool size is 0.000000MB
[2015.11.17-02.58.44:504][  0]LogContentStreaming: Texture pool size now 400 MB
[2015.11.17-02.58.44:508][  0]LogD3D11RHI: InitD3DDevice
[2015.11.17-02.58.44:876][  0]LogRenderer: Reallocating scene render targets to support 1008x456 (Frame:2).
[2015.11.17-02.58.46:459][ 25]LogAssetRegistry: Asset discovery search completed in 24.5676 seconds
[2015.11.17-02.58.53:942][411]LogD3D11RHI: InitD3DDevice
[2015.11.17-02.59.36:463][831]LogD3D11RHI: InitD3DDevice
[2015.11.17-02.59.38:165][921]LogD3D11RHI: InitD3DDevice
[2015.11.17-02.59.46:575][421]LogD3D11RHI: InitD3DDevice
[2015.11.17-02.59.48:502][534]LogD3D11RHI: InitD3DDevice
[2015.11.17-02.59.57:231][ 49]LogD3D11RHI: InitD3DDevice
[2015.11.17-02.59.58:182][105]LogD3D11RHI: InitD3DDevice
[2015.11.17-03.01.05:233][909]LogD3D11RHI: InitD3DDevice
[2015.11.17-03.01.05:358][909]LogD3D11RHI: InitD3DDevice
[2015.11.17-03.01.05:626][909]LogRenderer: Reallocating scene render targets to support 1192x744 (Frame:7206).
[2015.11.17-03.01.29:573][720]LogD3D11RHI: InitD3DDevice
[2015.11.17-03.01.29:718][720]LogSavePackage: Save=27.712717ms
[2015.11.17-03.01.29:718][720]LogSavePackage: Moving '../../../../../../Users/Christopher/Documents/GitHub/The-Curators/AlexPrototype/Saved/teleporterEF41A962423506E04828488F2662DB02.tmp' to '../../../../../../Users/Christopher/Documents/GitHub/The-Curators/AlexPrototype/Content/Art/AlphaModels/AlphaModels/GeneralMuseumItems/teleporter/teleporter.uasset'
[2015.11.17-03.01.55:873][526]LogD3D11RHI: InitD3DDevice
[2015.11.17-03.01.55:906][526]LogD3D11RHI: InitD3DDevice
[2015.11.17-03.02.09:547][116]LogD3D11RHI: InitD3DDevice
[2015.11.17-03.02.09:588][116]LogD3D11RHI: InitD3DDevice
[2015.11.17-03.02.12:793][224]LogD3D11RHI: InitD3DDevice
[2015.11.17-03.02.12:918][224]LogSavePackage: Save=13.917530ms
[2015.11.17-03.02.12:918][224]LogSavePackage: Moving '../../../../../../Users/Christopher/Documents/GitHub/The-Curators/AlexPrototype/Saved/rock2A93181F34051236FB96F72839E3994B8.tmp' to '../../../../../../Users/Christopher/Documents/GitHub/The-Curators/AlexPrototype/Content/Art/AlphaModels/AlphaModels/GeneralMuseumItems/rocks/rock2/rock2.uasset'
[2015.11.17-03.02.21:588][628]LogD3D11RHI: InitD3DDevice
[2015.11.17-03.02.21:639][628]LogD3D11RHI: InitD3DDevice
[2015.11.17-03.02.26:432][801]LogD3D11RHI: InitD3DDevice
[2015.11.17-03.02.26:534][801]LogSavePackage: Save=14.162216ms
[2015.11.17-03.02.26:534][801]LogSavePackage: Moving '../../../../../../Users/Christopher/Documents/GitHub/The-Curators/AlexPrototype/Saved/rock174698AD544247D5DD39734B3F9EA0010.tmp' to '../../../../../../Users/Christopher/Documents/GitHub/The-Curators/AlexPrototype/Content/Art/AlphaModels/AlphaModels/GeneralMuseumItems/rocks/rock1/rock1.uasset'
[2015.11.17-03.02.33:396][104]LogD3D11RHI: InitD3DDevice
[2015.11.17-03.02.33:438][104]LogD3D11RHI: InitD3DDevice
[2015.11.17-03.02.40:258][347]LogD3D11RHI: InitD3DDevice
[2015.11.17-03.02.40:374][347]LogSavePackage: Save=14.427839ms
[2015.11.17-03.02.40:374][347]LogSavePackage: Moving '../../../../../../Users/Christopher/Documents/GitHub/The-Curators/AlexPrototype/Saved/rock34B48176F41A7A60287C8CCABCAE6D379.tmp' to '../../../../../../Users/Christopher/Documents/GitHub/The-Curators/AlexPrototype/Content/Art/AlphaModels/AlphaModels/GeneralMuseumItems/rocks/rock3/rock3.uasset'
[2015.11.17-03.02.55:279][ 94]LogD3D11RHI: InitD3DDevice
[2015.11.17-03.02.56:573][170]LogD3D11RHI: InitD3DDevice
[2015.11.17-03.02.56:609][170]LogActorComponent: UnregisterComponent: (/Engine/Transient.CharMoveComp) Not registered. Aborting.
[2015.11.17-03.02.56:704][170]LogParticles: Destroying 0 GPU particle simulations for FXSystem 0x0000026F6816EA20
[2015.11.17-03.02.56:705][170]LogParticles: Destroying 0 GPU particle simulations for FXSystem 0x0000026F50D8D580
[2015.11.17-03.02.56:705][170]LogParticles: Destroying 0 GPU particle simulations for FXSystem 0x0000026F3123CFE0
[2015.11.17-03.02.56:705][170]LogParticles: Destroying 0 GPU particle simulations for FXSystem 0x0000026F6816E660
[2015.11.17-03.02.56:705][170]LogParticles: Destroying 0 GPU particle simulations for FXSystem 0x0000026F418BD440
[2015.11.17-03.02.57:130][170]LogSavePackage: Save=183.683899ms
[2015.11.17-03.02.57:130][170]LogSavePackage: Moving '../../../../../../Users/Christopher/Documents/GitHub/The-Curators/AlexPrototype/Saved/Minimal_Default38817DBD4A00FF186A3D15AB7AFF414F.tmp' to '../../../../../../Users/Christopher/Documents/GitHub/The-Curators/AlexPrototype/Content/StarterContent/Maps/Minimal_Default.umap'
[2015.11.17-03.02.58:920][258]LogD3D11RHI: InitD3DDevice
[2015.11.17-03.03.03:509][519]LogD3D11RHI: InitD3DDevice
[2015.11.17-03.03.04:401][572]LogD3D11RHI: InitD3DDevice
[2015.11.17-03.03.04:595][572]LogSavePackage: Save=135.830582ms
[2015.11.17-03.03.04:595][572]LogSavePackage: Moving '../../../../../../Users/Christopher/Documents/GitHub/The-Curators/AlexPrototype/Saved/Minimal_Default3E1F6D934455B5C777925692E729F674.tmp' to '../../../../../../Users/Christopher/Documents/GitHub/The-Curators/AlexPrototype/Content/StarterContent/Maps/Minimal_Default.umap'
[2015.11.17-03.03.05:147][597]LogD3D11RHI: InitD3DDevice
[2015.11.17-03.03.08:441][761]LogWindowsTextInputMethodSystem:Display: IME system now deactivated.
[2015.11.17-03.03.08:822][762]Cmd: QUIT_EDITOR
[2015.11.17-03.03.09:072][762]LogExit: Preparing to exit.
[2015.11.17-03.03.09:948][762]LogExit: Editor shut down
[2015.11.17-03.03.09:948][762]LogExit: Transaction tracking system shut down
[2015.11.17-03.03.09:951][762]LogParticles: Destroying 0 GPU particle simulations for FXSystem 0x0000026F43AB18A0
[2015.11.17-03.03.09:952][762]LogParticles: Destroying 0 GPU particle simulations for FXSystem 0x0000026F43129DA0
[2015.11.17-03.03.09:952][762]LogParticles: Destroying 0 GPU particle simulations for FXSystem 0x0000026F5145BC40
[2015.11.17-03.03.09:952][762]LogParticles: Destroying 0 GPU particle simulations for FXSystem 0x0000026F57F0F560
[2015.11.17-03.03.09:952][762]LogParticles: Destroying 0 GPU particle simulations for FXSystem 0x0000026F439C2AC0
[2015.11.17-03.03.10:072][762]LogExit: Object subsystem successfully closed.
[2015.11.17-03.03.10:087][762]LogD3D11RHI: Shutdown
[2015.11.17-03.03.10:087][762]LogD3D11RHI: CleanupD3DDevice
[2015.11.17-03.03.10:185][762]LogD3D11RHI: ~FD3D11DynamicRHI
[2015.11.17-03.03.10:201][762]LogModuleManager: Shutting down and abandoning module StaticMeshEditor (189)
[2015.11.17-03.03.10:201][762]LogModuleManager: Shutting down and abandoning module CrashTracker (188)
[2015.11.17-03.03.10:201][762]LogModuleManager: Shutting down and abandoning module SceneOutliner (187)
[2015.11.17-03.03.10:201][762]LogModuleManager: Shutting down and abandoning module SuperSearch (186)
[2015.11.17-03.03.10:201][762]LogModuleManager: Shutting down and abandoning module WidgetCarousel (185)
[2015.11.17-03.03.10:201][762]LogModuleManager: Shutting down and abandoning module AddContentDialog (184)
[2015.11.17-03.03.10:211][762]LogModuleManager: Shutting down and abandoning module EditorWidgets (183)
[2015.11.17-03.03.10:211][762]LogModuleManager: Shutting down and abandoning module CollectionManager (182)
[2015.11.17-03.03.10:211][762]LogModuleManager: Shutting down and abandoning module StatsViewer (181)
[2015.11.17-03.03.10:211][762]LogModuleManager: Shutting down and abandoning module FoliageEdit (180)
[2015.11.17-03.03.10:211][762]LogModuleManager: Shutting down and abandoning module LandscapeEditor (179)
[2015.11.17-03.03.10:211][762]LogModuleManager: Shutting down and abandoning module ActorPickerMode (178)
[2015.11.17-03.03.10:211][762]LogModuleManager: Shutting down and abandoning module GeometryMode (177)
[2015.11.17-03.03.10:211][762]LogModuleManager: Shutting down and abandoning module TextureAlignMode (176)
[2015.11.17-03.03.10:211][762]LogModuleManager: Shutting down and abandoning module BspMode (175)
[2015.11.17-03.03.10:211][762]LogModuleManager: Shutting down and abandoning module PlacementMode (174)
[2015.11.17-03.03.10:211][762]LogModuleManager: Shutting down and abandoning module AutomationWorker (173)
[2015.11.17-03.03.10:211][762]LogModuleManager: Shutting down and abandoning module CharacterAI (172)
[2015.11.17-03.03.10:211][762]LogModuleManager: Shutting down and abandoning module SmartSnapping (171)
[2015.11.17-03.03.10:211][762]LogModuleManager: Shutting down and abandoning module ViewportSnapping (170)
[2015.11.17-03.03.10:211][762]LogModuleManager: Shutting down and abandoning module LogVisualizer (169)
[2015.11.17-03.03.10:212][762]LogModuleManager: Shutting down and abandoning module GameProjectGeneration (168)
[2015.11.17-03.03.10:212][762]LogModuleManager: Shutting down and abandoning module IntroTutorials (167)
[2015.11.17-03.03.10:212][762]LogModuleManager: Shutting down and abandoning module EditorLiveStreaming (166)
[2015.11.17-03.03.10:212][762]LogModuleManager: Shutting down and abandoning module IOSPlatformEditor (165)
[2015.11.17-03.03.10:212][762]LogModuleManager: Shutting down and abandoning module HTML5PlatformEditor (164)
[2015.11.17-03.03.10:212][762]LogModuleManager: Shutting down and abandoning module AndroidDeviceDetection (163)
[2015.11.17-03.03.10:569][762]LogModuleManager: Shutting down and abandoning module AndroidPlatformEditor (162)
[2015.11.17-03.03.10:569][762]LogModuleManager: Shutting down and abandoning module IOSRuntimeSettings (161)
[2015.11.17-03.03.10:569][762]LogModuleManager: Shutting down and abandoning module AndroidRuntimeSettings (160)
[2015.11.17-03.03.10:569][762]LogModuleManager: Shutting down and abandoning module MergeActors (159)
[2015.11.17-03.03.10:569][762]LogModuleManager: Shutting down and abandoning module SizeMap (158)
[2015.11.17-03.03.10:569][762]LogModuleManager: Shutting down and abandoning module TreeMap (157)
[2015.11.17-03.03.10:569][762]LogModuleManager: Shutting down and abandoning module ReferenceViewer (156)
[2015.11.17-03.03.10:569][762]LogModuleManager: Shutting down and abandoning module LocalizationDashboard (155)
[2015.11.17-03.03.10:569][762]LogModuleManager: Shutting down and abandoning module HardwareTargeting (154)
[2015.11.17-03.03.10:569][762]LogModuleManager: Shutting down and abandoning module DeviceProfileEditor (153)
[2015.11.17-03.03.10:569][762]LogModuleManager: Shutting down and abandoning module UndoHistory (152)
[2015.11.17-03.03.10:569][762]LogModuleManager: Shutting down and abandoning module GameplayTagsEditor (151)
[2015.11.17-03.03.10:570][762]LogModuleManager: Shutting down and abandoning module UserFeedback (150)
[2015.11.17-03.03.10:570][762]LogModuleManager: Shutting down and abandoning module XmlParser (149)
[2015.11.17-03.03.10:570][762]LogModuleManager: Shutting down and abandoning module Blutility (148)
[2015.11.17-03.03.10:570][762]LogModuleManager: Shutting down and abandoning module ProjectTargetPlatformEditor (147)
[2015.11.17-03.03.10:570][762]LogModuleManager: Shutting down and abandoning module ProjectSettingsViewer (146)
[2015.11.17-03.03.10:570][762]LogModuleManager: Shutting down and abandoning module InputBindingEditor (145)
[2015.11.17-03.03.10:570][762]LogModuleManager: Shutting down and abandoning module EditorSettingsViewer (144)
[2015.11.17-03.03.10:570][762]LogModuleManager: Shutting down and abandoning module SettingsEditor (143)
[2015.11.17-03.03.10:571][762]LogModuleManager: Shutting down and abandoning module ProjectLauncher (142)
[2015.11.17-03.03.10:571][762]LogModuleManager: Shutting down and abandoning module SessionFrontend (141)
[2015.11.17-03.03.10:571][762]LogModuleManager: Shutting down and abandoning module ProfilerClient (140)
[2015.11.17-03.03.10:571][762]LogModuleManager: Shutting down and abandoning module TargetDeviceServices (139)
[2015.11.17-03.03.10:571][762]LogModuleManager: Shutting down and abandoning module DeviceManager (138)
[2015.11.17-03.03.10:571][762]LogModuleManager: Shutting down and abandoning module AutomationController (137)
[2015.11.17-03.03.10:571][762]LogModuleManager: Shutting down and abandoning module AutomationWindow (136)
[2015.11.17-03.03.10:571][762]LogModuleManager: Shutting down and abandoning module Layers (135)
[2015.11.17-03.03.10:571][762]LogModuleManager: Shutting down and abandoning module ComponentVisualizers (134)
[2015.11.17-03.03.10:571][762]LogModuleManager: Shutting down and abandoning module DetailCustomizations (133)
[2015.11.17-03.03.10:571][762]LogModuleManager: Shutting down and abandoning module PackagesDialog (132)
[2015.11.17-03.03.10:572][762]LogModuleManager: Shutting down and abandoning module AssetRegistry (131)
[2015.11.17-03.03.10:779][762]LogModuleManager: Shutting down and abandoning module Persona (130)
[2015.11.17-03.03.10:779][762]LogModuleManager: Shutting down and abandoning module Kismet (129)
[2015.11.17-03.03.10:779][762]LogModuleManager: Shutting down and abandoning module GraphEditor (128)
[2015.11.17-03.03.10:780][762]LogModuleManager: Shutting down and abandoning module ClassViewer (127)
[2015.11.17-03.03.10:780][762]LogModuleManager: Shutting down and abandoning module Toolbox (126)
[2015.11.17-03.03.10:780][762]LogModuleManager: Shutting down and abandoning module ModuleUI (125)
[2015.11.17-03.03.10:780][762]LogModuleManager: Shutting down and abandoning module MovieSceneTools (124)
[2015.11.17-03.03.10:780][762]LogModuleManager: Shutting down and abandoning module OutputLog (123)
[2015.11.17-03.03.10:780][762]LogModuleManager: Shutting down and abandoning module GammaUI (122)
[2015.11.17-03.03.10:780][762]LogModuleManager: Shutting down and abandoning module Documentation (121)
[2015.11.17-03.03.10:780][762]LogModuleManager: Shutting down and abandoning module GameLiveStreaming (120)
[2015.11.17-03.03.10:780][762]LogModuleManager: Shutting down and abandoning module StreamingPauseRendering (119)
[2015.11.17-03.03.10:780][762]LogModuleManager: Shutting down and abandoning module AnalyticsET (118)
[2015.11.17-03.03.10:780][762]LogModuleManager: Shutting down and abandoning module Analytics (117)
[2015.11.17-03.03.10:780][762]LogModuleManager: Shutting down and abandoning module AITestSuite (116)
[2015.11.17-03.03.10:780][762]LogModuleManager: Shutting down and abandoning module GameplayDebugger (115)
[2015.11.17-03.03.10:780][762]LogModuleManager: Shutting down and abandoning module AIModule (114)
[2015.11.17-03.03.10:780][762]LogModuleManager: Shutting down and abandoning module ProfilerService (113)
[2015.11.17-03.03.10:860][762]LogModuleManager: Shutting down and abandoning module TaskGraph (112)
[2015.11.17-03.03.10:860][762]LogModuleManager: Shutting down and abandoning module SlateRemote (111)
[2015.11.17-03.03.10:860][762]LogModuleManager: Shutting down and abandoning module SteamVRController (110)
[2015.11.17-03.03.10:860][762]LogModuleManager: Shutting down and abandoning module SteamVR (109)
[2015.11.17-03.03.10:860][762]LogModuleManager: Shutting down and abandoning module ProceduralMeshComponent (108)
[2015.11.17-03.03.10:860][762]LogModuleManager: Shutting down and abandoning module OculusRift (107)
[2015.11.17-03.03.10:860][762]LogModuleManager: Shutting down and abandoning module LeapMotionController (106)
[2015.11.17-03.03.10:884][762]LogModuleManager: Shutting down and abandoning module CustomMeshComponent (105)
[2015.11.17-03.03.10:884][762]LogModuleManager: Shutting down and abandoning module CableComponent (104)
[2015.11.17-03.03.10:884][762]LogModuleManager: Shutting down and abandoning module MessagingDebugger (103)
[2015.11.17-03.03.10:884][762]LogModuleManager: Shutting down and abandoning module MediaPlayerEditor (102)
[2015.11.17-03.03.10:884][762]LogModuleManager: Shutting down and abandoning module SpeedTreeImporter (101)
[2015.11.17-03.03.10:884][762]LogModuleManager: Shutting down and abandoning module PluginBrowser (100)
[2015.11.17-03.03.10:884][762]LogModuleManager: Shutting down and abandoning module EpicSurvey (99)
[2015.11.17-03.03.10:884][762]LogModuleManager: Shutting down and abandoning module DesktopPlatform (98)
[2015.11.17-03.03.10:884][762]LogModuleManager: Shutting down and abandoning module VisualStudioSourceCodeAccess (97)
[2015.11.17-03.03.10:885][762]LogModuleManager: Shutting down and abandoning module UObjectPlugin (96)
[2015.11.17-03.03.10:885][762]LogModuleManager: Shutting down and abandoning module SubversionSourceControl (95)
[2015.11.17-03.03.10:885][762]LogModuleManager: Shutting down and abandoning module PerforceSourceControl (94)
[2015.11.17-03.03.10:885][762]LogModuleManager: Shutting down and abandoning module SourceControl (93)
[2015.11.17-03.03.10:885][762]LogModuleManager: Shutting down and abandoning module GitSourceControl (92)
[2015.11.17-03.03.10:885][762]LogModuleManager: Shutting down and abandoning module BlankPlugin (91)
[2015.11.17-03.03.10:885][762]LogModuleManager: Shutting down and abandoning module PaperTiledImporter (90)
[2015.11.17-03.03.10:885][762]LogModuleManager: Shutting down and abandoning module PaperSpriteSheetImporter (89)
[2015.11.17-03.03.10:885][762]LogModuleManager: Shutting down and abandoning module MeshPaint (88)
[2015.11.17-03.03.10:885][762]LogModuleManager: Shutting down and abandoning module SlateReflector (87)
[2015.11.17-03.03.10:885][762]LogModuleManager: Shutting down and abandoning module DirectoryWatcher (86)
[2015.11.17-03.03.10:886][762]LogModuleManager: Shutting down and abandoning module HotReload (85)
[2015.11.17-03.03.10:886][762]LogModuleManager: Shutting down and abandoning module MainFrame (84)
[2015.11.17-03.03.10:886][762]LogModuleManager: Shutting down and abandoning module LevelEditor (83)
[2015.11.17-03.03.10:889][762]LogModuleManager: Shutting down and abandoning module ContentBrowser (82)
[2015.11.17-03.03.10:890][762]LogModuleManager: Shutting down and abandoning module Paper2DEditor (81)
[2015.11.17-03.03.10:890][762]LogModuleManager: Shutting down and abandoning module UdpMessaging (80)
[2015.11.17-03.03.10:990][762]LogModuleManager: Shutting down and abandoning module Paper2D (79)
[2015.11.17-03.03.10:990][762]LogModuleManager: Shutting down and abandoning module WindowsMoviePlayer (78)
[2015.11.17-03.03.11:002][762]LogModuleManager: Shutting down and abandoning module Media (77)
[2015.11.17-03.03.11:002][762]LogModuleManager: Shutting down and abandoning module WmfMedia (76)
[2015.11.17-03.03.11:003][762]LogModuleManager: Shutting down and abandoning module OnlineBlueprintSupport (75)
[2015.11.17-03.03.11:003][762]LogModuleManager: Shutting down and abandoning module PropertyEditor (74)
[2015.11.17-03.03.11:003][762]LogModuleManager: Shutting down and abandoning module BehaviorTreeEditor (73)
[2015.11.17-03.03.11:003][762]LogModuleManager: Shutting down and abandoning module FunctionalTesting (72)
[2015.11.17-03.03.11:003][762]LogModuleManager: Shutting down and abandoning module CollisionAnalyzer (71)
[2015.11.17-03.03.11:003][762]LogModuleManager: Shutting down and abandoning module WorkspaceMenuStructure (70)
[2015.11.17-03.03.11:003][762]LogModuleManager: Shutting down and abandoning module MessageLog (69)
[2015.11.17-03.03.11:003][762]LogModuleManager: Shutting down and abandoning module Sequencer (68)
[2015.11.17-03.03.11:003][762]LogModuleManager: Shutting down and abandoning module AssetTools (67)
[2015.11.17-03.03.11:003][762]LogModuleManager: Shutting down and abandoning module UMGEditor (66)
[2015.11.17-03.03.11:003][762]LogModuleManager: Shutting down and abandoning module UMG (65)
[2015.11.17-03.03.11:004][762]LogModuleManager: Shutting down and abandoning module Slate (64)
[2015.11.17-03.03.11:004][762]LogModuleManager: Shutting down and abandoning module EditorStyle (63)
[2015.11.17-03.03.11:010][762]LogModuleManager: Shutting down and abandoning module SessionServices (62)
[2015.11.17-03.03.11:010][762]LogModuleManager: Shutting down and abandoning module SourceCodeAccess (61)
[2015.11.17-03.03.11:010][762]LogModuleManager: Shutting down and abandoning module HeadMountedDisplay (60)
[2015.11.17-03.03.11:010][762]LogModuleManager: Shutting down and abandoning module XAudio2 (59)
[2015.11.17-03.03.11:010][762]LogModuleManager: Shutting down and abandoning module Networking (57)
[2015.11.17-03.03.11:010][762]LogModuleManager: Shutting down and abandoning module Core (56)
[2015.11.17-03.03.11:010][762]LogModuleManager: Shutting down and abandoning module KismetCompiler (55)
[2015.11.17-03.03.11:010][762]LogModuleManager: Shutting down and abandoning module PhysXFormats (54)
[2015.11.17-03.03.11:010][762]LogModuleManager: Shutting down and abandoning module MeshUtilities (53)
[2015.11.17-03.03.11:010][762]LogModuleManager: Shutting down and abandoning module DerivedDataCache (52)
[2015.11.17-03.03.11:109][762]LogDerivedDataCache: Shutdown
[2015.11.17-03.03.11:109][762]LogModuleManager: Shutting down and abandoning module ShaderFormatOpenGL (51)
[2015.11.17-03.03.11:109][762]LogModuleManager: Shutting down and abandoning module ShaderFormatD3D (50)
[2015.11.17-03.03.11:109][762]LogModuleManager: Shutting down and abandoning module MetalShaderFormat (49)
[2015.11.17-03.03.11:109][762]LogModuleManager: Shutting down and abandoning module TextureFormatUncompressed (48)
[2015.11.17-03.03.11:109][762]LogModuleManager: Shutting down and abandoning module TextureFormatPVR (47)
[2015.11.17-03.03.11:109][762]LogModuleManager: Shutting down and abandoning module TextureFormatIntelISPCTexComp (46)
[2015.11.17-03.03.11:109][762]LogModuleManager: Shutting down and abandoning module TextureFormatDXT (45)
[2015.11.17-03.03.11:109][762]LogModuleManager: Shutting down and abandoning module ImageWrapper (44)
[2015.11.17-03.03.11:109][762]LogModuleManager: Shutting down and abandoning module TextureFormatASTC (43)
[2015.11.17-03.03.11:109][762]LogModuleManager: Shutting down and abandoning module TextureFormatAndroid (42)
[2015.11.17-03.03.11:109][762]LogModuleManager: Shutting down and abandoning module AudioFormatOpus (41)
[2015.11.17-03.03.11:109][762]LogModuleManager: Shutting down and abandoning module AudioFormatOgg (40)
[2015.11.17-03.03.11:109][762]LogModuleManager: Shutting down and abandoning module AudioFormatADPCM (39)
[2015.11.17-03.03.11:109][762]LogModuleManager: Shutting down and abandoning module LinuxTargetPlatform (38)
[2015.11.17-03.03.11:109][762]LogModuleManager: Shutting down and abandoning module LinuxServerTargetPlatform (37)
[2015.11.17-03.03.11:110][762]LogModuleManager: Shutting down and abandoning module LinuxNoEditorTargetPlatform (36)
[2015.11.17-03.03.11:110][762]LogModuleManager: Shutting down and abandoning module Messaging (35)
[2015.11.17-03.03.11:110][762]LogModuleManager: Shutting down and abandoning module IOSTargetPlatform (34)
[2015.11.17-03.03.11:110][762]LogModuleManager: Shutting down and abandoning module HTML5TargetPlatform (33)
[2015.11.17-03.03.11:110][762]LogModuleManager: Shutting down and abandoning module Android_PVRTCTargetPlatform (32)
[2015.11.17-03.03.11:110][762]LogModuleManager: Shutting down and abandoning module Android_ETC2TargetPlatform (31)
[2015.11.17-03.03.11:110][762]LogModuleManager: Shutting down and abandoning module Android_ETC1TargetPlatform (30)
[2015.11.17-03.03.11:110][762]LogModuleManager: Shutting down and abandoning module Android_DXTTargetPlatform (29)
[2015.11.17-03.03.11:110][762]LogModuleManager: Shutting down and abandoning module Android_ATCTargetPlatform (28)
[2015.11.17-03.03.11:110][762]LogModuleManager: Shutting down and abandoning module Android_ASTCTargetPlatform (27)
[2015.11.17-03.03.11:110][762]LogModuleManager: Shutting down and abandoning module AndroidTargetPlatform (26)
[2015.11.17-03.03.11:110][762]LogModuleManager: Shutting down and abandoning module WindowsTargetPlatform (25)
[2015.11.17-03.03.11:110][762]LogModuleManager: Shutting down and abandoning module WindowsServerTargetPlatform (24)
[2015.11.17-03.03.11:110][762]LogModuleManager: Shutting down and abandoning module WindowsNoEditorTargetPlatform (23)
[2015.11.17-03.03.11:110][762]LogModuleManager: Shutting down and abandoning module WindowsClientTargetPlatform (22)
[2015.11.17-03.03.11:110][762]LogModuleManager: Shutting down and abandoning module DesktopTargetPlatform (21)
[2015.11.17-03.03.11:110][762]LogModuleManager: Shutting down and abandoning module TargetPlatform (20)
[2015.11.17-03.03.11:110][762]LogModuleManager: Shutting down and abandoning module InputCore (19)
[2015.11.17-03.03.11:110][762]LogModuleManager: Shutting down and abandoning module Settings (18)
[2015.11.17-03.03.11:110][762]LogModuleManager: Shutting down and abandoning module OnlineSubsystem (16)
[2015.11.17-03.03.11:110][762]LogModuleManager: Shutting down and abandoning module HTTP (15)
[2015.11.17-03.03.11:111][762]LogModuleManager: Shutting down and abandoning module ExampleDeviceProfileSelector (14)
[2015.11.17-03.03.11:111][762]LogModuleManager: Shutting down and abandoning module TextureCompressor (13)
[2015.11.17-03.03.11:111][762]LogModuleManager: Shutting down and abandoning module ShaderCore (12)
[2015.11.17-03.03.11:111][762]LogModuleManager: Shutting down and abandoning module Landscape (11)
[2015.11.17-03.03.11:111][762]LogModuleManager: Shutting down and abandoning module SlateRHIRenderer (10)
[2015.11.17-03.03.11:116][762]LogModuleManager: Shutting down and abandoning module OpenGLDrv (9)
[2015.11.17-03.03.11:116][762]LogModuleManager: Shutting down and abandoning module D3D11RHI (8)
[2015.11.17-03.03.11:116][762]LogModuleManager: Shutting down and abandoning module Renderer (7)
[2015.11.17-03.03.11:116][762]LogModuleManager: Shutting down and abandoning module Engine (6)
[2015.11.17-03.03.11:116][762]LogModuleManager: Shutting down and abandoning module CoreUObject (5)
[2015.11.17-03.03.11:116][762]LogModuleManager: Shutting down and abandoning module NetworkFile (4)
[2015.11.17-03.03.11:116][762]LogModuleManager: Shutting down and abandoning module StreamingFile (3)
[2015.11.17-03.03.11:116][762]LogModuleManager: Shutting down and abandoning module SandboxFile (2)
[2015.11.17-03.03.11:116][762]LogModuleManager: Shutting down and abandoning module PakFile (1)
[2015.11.17-03.03.11:117][762]LogExit: Exiting.
[2015.11.17-03.03.11:121][762]Log file closed, 11/16/15 22:03:11
