[2015.12.06-01.41.44:031][  0]Log file open, 12/05/15 20:41:44
[2015.12.06-01.41.44:031][  0]LogInit:Display: Running engine for game: MyProject
[2015.12.06-01.41.44:031][  0]LogInit:Display: RandInit(1733480079) SRandInit(1733480079).
[2015.12.06-01.41.44:031][  0]LogTaskGraph: Started task graph with 4 named threads and 7 total threads.
[2015.12.06-01.41.44:031][  0]LogStats: Stats thread started
[2015.12.06-01.41.44:031][  0]LogInit: Version: 4.8.3-2634408+++depot+UE4-Releases+4.8
[2015.12.06-01.41.44:031][  0]LogInit: API Version: 2579680
[2015.12.06-01.41.44:031][  0]LogInit: Compiled (64-bit): Jul 27 2015 16:24:33
[2015.12.06-01.41.44:031][  0]LogInit: Compiled with Visual C++: 18.00.21005.01
[2015.12.06-01.41.44:031][  0]LogInit: Build Configuration: Development
[2015.12.06-01.41.44:031][  0]LogInit: Branch Name: ++depot+UE4-Releases+4.8
[2015.12.06-01.41.44:031][  0]LogInit: Command line: 
[2015.12.06-01.41.44:031][  0]LogInit: Base directory: C:/Program Files/Epic Games/4.8/Engine/Binaries/Win64/
[2015.12.06-01.41.44:031][  0]LogInit: Rocket: 1
[2015.12.06-01.41.44:053][  0]LogInit: Using libcurl 7.41.0
[2015.12.06-01.41.44:053][  0]LogInit:  - built for x86_64-pc-win32
[2015.12.06-01.41.44:053][  0]LogInit:  - supports SSL with WinSSL
[2015.12.06-01.41.44:053][  0]LogInit:  - other features:
[2015.12.06-01.41.44:053][  0]LogInit:      CURL_VERSION_SSL
[2015.12.06-01.41.44:053][  0]LogInit:      CURL_VERSION_IPV6
[2015.12.06-01.41.44:053][  0]LogInit:      CURL_VERSION_ASYNCHDNS
[2015.12.06-01.41.44:053][  0]LogInit:      CURL_VERSION_LARGEFILE
[2015.12.06-01.41.44:053][  0]LogInit:      CURL_VERSION_IDN
[2015.12.06-01.41.44:053][  0]LogInit:  CurlRequestOptions (configurable via config and command line):
[2015.12.06-01.41.44:053][  0]LogInit:  - bVerifyPeer = true  - Libcurl will verify peer certificate
[2015.12.06-01.41.44:053][  0]LogInit:  - bUseHttpProxy = false  - Libcurl will NOT use HTTP proxy
[2015.12.06-01.41.44:053][  0]LogInit:  - bDontReuseConnections = false  - Libcurl will reuse connections
[2015.12.06-01.41.44:053][  0]LogInit:  - CertBundlePath = nullptr  - Libcurl will use whatever was configured at build time.
[2015.12.06-01.41.44:076][  0]LogOnline:Warning: No default platform service specified for OnlineSubsystem
[2015.12.06-01.41.44:099][  0]LogInit: Presizing for 0 objects not considered by GC, pre-allocating 0 bytes.
[2015.12.06-01.41.44:106][  0]LogInit: Object subsystem initialized
[2015.12.06-01.41.44:107][  0]LogConsoleResponse:Warning: Skipping Unknown console variable: 'TranslucentSortAxis = (X=0.000000,Y=-1.000000,Z=0.000000)'
[2015.12.06-01.41.44:107][  0]LogConsoleResponse:Warning:   Found in ini file 'C:/Users/Christopher/Documents/GitHub/The-Curators/AlexPrototype/Saved/Config/Windows/Engine.ini', in section '[/Script/Engine.RendererSettings]'
[2015.12.06-01.41.44:107][  0]LogConsoleResponse:Warning: Skipping Unknown console variable: 'UIScaleRule = ShortestSide'
[2015.12.06-01.41.44:107][  0]LogConsoleResponse:Warning:   Found in ini file 'C:/Users/Christopher/Documents/GitHub/The-Curators/AlexPrototype/Saved/Config/Windows/Engine.ini', in section '[/Script/Engine.RendererSettings]'
[2015.12.06-01.41.44:107][  0]LogConsoleResponse:Warning: Skipping Unknown console variable: 'UIScaleCurve = (EditorCurveData=(Keys=),ExternalCurve=None)'
[2015.12.06-01.41.44:107][  0]LogConsoleResponse:Warning:   Found in ini file 'C:/Users/Christopher/Documents/GitHub/The-Curators/AlexPrototype/Saved/Config/Windows/Engine.ini', in section '[/Script/Engine.RendererSettings]'
[2015.12.06-01.41.44:107][  0]LogInit: Selected Device Profile: [Windows]
[2015.12.06-01.41.44:107][  0]LogInit: Applying CVar settings loaded from the selected device profile: [Windows]
[2015.12.06-01.41.44:118][  0]LogInit: Computer: CHRISTOPHER-S70
[2015.12.06-01.41.44:118][  0]LogInit: User: Christopher
[2015.12.06-01.41.44:118][  0]LogInit: CPU Page size=4096, Cores=4
[2015.12.06-01.41.44:118][  0]LogInit: High frequency timer resolution =2.435778 MHz
[2015.12.06-01.41.44:118][  0]LogMemory: Memory total: Physical=11.9GB (12GB approx)
[2015.12.06-01.41.44:118][  0]LogMemory: Platform Memory Stats for Windows
[2015.12.06-01.41.44:118][  0]LogMemory: Process Physical Memory: 51.83 MB used, 51.83 MB peak
[2015.12.06-01.41.44:118][  0]LogMemory: Process Virtual Memory: 23.53 MB used, 23.53 MB peak
[2015.12.06-01.41.44:118][  0]LogMemory: Physical Memory: 4211.81 MB used, 12200.09 MB total
[2015.12.06-01.41.44:118][  0]LogMemory: Virtual Memory: 315.88 MB used, 134217728.00 MB total
[2015.12.06-01.41.44:149][  0]LogTextLocalizationManager: The requested culture ('en_US') has no localization data; parent culture's ('en') localization data will be used.
[2015.12.06-01.41.44:397][  0]LogTextLocalizationManager:Warning: Loaded localization resources contain conflicting entries for (Namespace:ContentBrowser, Key:ImportAssetToolTip):
Localization Resource: (C:/Program Files/Epic Games/4.8/Engine/Content/Localization/Editor/en/Editor.locres) Source String Hash: (-630476809) Localized String: (Import to {0}...)
Localization Resource: (C:/Program Files/Epic Games/4.8/Engine/Content/Localization/Editor/en/Editor.locres) Source String Hash: (1271782899) Localized String: (Imports an asset from file to this folder.)
[2015.12.06-01.41.44:986][  0]LogD3D11RHI: Found D3D11 adapter 0: Intel(R) HD Graphics 4600 (Feature Level 11_0)
[2015.12.06-01.41.44:986][  0]LogD3D11RHI: Adapter has 112MB of dedicated video memory, 0MB of dedicated system memory, and 6100MB of shared system memory, 1 output[s]
[2015.12.06-01.41.45:490][  0]LogD3D11RHI: Found D3D11 adapter 1: AMD Radeon R9 M265X (Feature Level 11_0)
[2015.12.06-01.41.45:490][  0]LogD3D11RHI: Adapter has 2026MB of dedicated video memory, 0MB of dedicated system memory, and 6100MB of shared system memory, 0 output[s]
[2015.12.06-01.41.45:492][  0]LogD3D11RHI: Found D3D11 adapter 2: Microsoft Basic Render Driver (Feature Level 11_0)
[2015.12.06-01.41.45:492][  0]LogD3D11RHI: Adapter has 0MB of dedicated video memory, 0MB of dedicated system memory, and 6100MB of shared system memory, 0 output[s]
[2015.12.06-01.41.45:492][  0]LogD3D11RHI: Chosen D3D11 Adapter Id = 0
[2015.12.06-01.41.45:497][  0]LogD3D11RHI: InitD3DDevice
[2015.12.06-01.41.45:497][  0]LogD3D11RHI: !Direct3DDevice
[2015.12.06-01.41.45:497][  0]LogRHI: Texture pool is 1361 MB (70% of 1945 MB)
[2015.12.06-01.41.45:502][  0]LogD3D11RHI: Async texture creation enabled
[2015.12.06-01.41.45:506][  0]LogShaderCompilers:Display: Using Local Shader Compiler.
[2015.12.06-01.41.46:417][  0]LogTemp:Display: Loaded TP DesktopTargetPlatform
[2015.12.06-01.41.46:435][  0]LogTemp:Display: Loaded TP WindowsClientTargetPlatform
[2015.12.06-01.41.46:458][  0]LogTemp:Display: Loaded TP WindowsNoEditorTargetPlatform
[2015.12.06-01.41.46:491][  0]LogTemp:Display: Loaded TP WindowsServerTargetPlatform
[2015.12.06-01.41.46:515][  0]LogTemp:Display: Loaded TP WindowsTargetPlatform
[2015.12.06-01.41.46:531][  0]LogTemp:Display: Loaded TP AndroidTargetPlatform
[2015.12.06-01.41.46:549][  0]LogTemp:Display: Loaded TP Android_ASTCTargetPlatform
[2015.12.06-01.41.46:573][  0]LogTemp:Display: Loaded TP Android_ATCTargetPlatform
[2015.12.06-01.41.46:591][  0]LogTemp:Display: Loaded TP Android_DXTTargetPlatform
[2015.12.06-01.41.46:607][  0]LogTemp:Display: Loaded TP Android_ETC1TargetPlatform
[2015.12.06-01.41.46:624][  0]LogTemp:Display: Loaded TP Android_ETC2TargetPlatform
[2015.12.06-01.41.46:641][  0]LogTemp:Display: Loaded TP Android_PVRTCTargetPlatform
[2015.12.06-01.41.46:708][  0]LogTemp:Display: Loaded TP IOSTargetPlatform
[2015.12.06-01.41.46:727][  0]LogTemp:Display: Loaded TP LinuxNoEditorTargetPlatform
[2015.12.06-01.41.46:745][  0]LogTemp:Display: Loaded TP LinuxServerTargetPlatform
[2015.12.06-01.41.46:774][  0]LogTemp:Display: Loaded TP LinuxTargetPlatform
[2015.12.06-01.41.46:774][  0]LogTargetPlatformManager:Display: Building Assets For Windows
[2015.12.06-01.41.47:085][  0]LogDerivedDataCache:Display: Max Cache Size: 512 MB
[2015.12.06-01.41.47:156][  0]LogDerivedDataCache: Loaded boot cache 0.07s 53MB C:/Users/Christopher/AppData/Local/UnrealEngine/4.8/DerivedDataCache/Boot.ddc.
[2015.12.06-01.41.47:156][  0]LogDerivedDataCache:Display: Loaded Boot cache: C:/Users/Christopher/AppData/Local/UnrealEngine/4.8/DerivedDataCache/Boot.ddc
[2015.12.06-01.41.47:156][  0]LogDerivedDataCache: FDerivedDataBackendGraph:  Pak pak cache file ../../../../../../Users/Christopher/Documents/GitHub/The-Curators/AlexPrototype/DerivedDataCache/DDC.ddp not found, will not use a pak cache.
[2015.12.06-01.41.47:156][  0]LogDerivedDataCache: Unable to find inner node Pak for hierarchical cache Hierarchy.
[2015.12.06-01.41.47:156][  0]LogDerivedDataCache: FDerivedDataBackendGraph:  CompressedPak pak cache file ../../../../../../Users/Christopher/Documents/GitHub/The-Curators/AlexPrototype/DerivedDataCache/Compressed.ddp not found, will not use a pak cache.
[2015.12.06-01.41.47:156][  0]LogDerivedDataCache: Unable to find inner node CompressedPak for hierarchical cache Hierarchy.
[2015.12.06-01.41.47:339][  0]LogDerivedDataCache:Display: Pak cache opened for reading ../../../Engine/DerivedDataCache/Compressed.ddp.
[2015.12.06-01.41.47:351][  0]LogDerivedDataCache: Using Local data cache path C:/Users/Christopher/AppData/Local/UnrealEngine/Common/DerivedDataCache: Writable
[2015.12.06-01.41.47:621][  0]LogInit: Selected Device Profile: [Windows]
[2015.12.06-01.41.47:727][  0]ImportText (ComponentSweepMultiTests): Missing closing parenthesis: (RootShapeAsset="/Engine/BasicShapes/Cube.Cube",ShapeType="TriggerCapsule",HitResult=(Time=0.50,Location=(X=-100.000015,Y=0.0,Z=100.000015),ImpactPoint=(X=-50.0,Y=0.0,Z=50.0),Normal=(X=-1.0,Y=-0.0,Z=0.0),ImpactNormal=(X=0.0,Y=0.0,Z=1.0),TraceStart=(X=-200.0,Y=0.0,Z=200.0),TraceEnd=(X=0.0,Y=0.0,Z=0.0))
[2015.12.06-01.41.47:728][  0]ImportText (LineTraceSingleByChannelTests): Missing closing parenthesis: (RootShapeAsset="/Engine/BasicShapes/Cube.Cube",HitResult=(Time=0.50,Location=(X=-100.000015,Y=0.0,Z=100.000015),ImpactPoint=(X=-50.0,Y=0.0,Z=50.0),Normal=(X=-1.0,Y=-0.0,Z=0.0),ImpactNormal=(X=0.0,Y=0.0,Z=1.0),TraceStart=(X=-200.0,Y=0.0,Z=200.0),TraceEnd=(X=0.0,Y=0.0,Z=0.0))
[2015.12.06-01.41.47:776][  0]LogMeshUtilities: No automatic mesh reduction module available
[2015.12.06-01.41.47:776][  0]LogMeshUtilities: No automatic mesh merging module available
[2015.12.06-01.41.48:216][  0]LogInit: WinSock: version 1.1 (2.2), MaxSocks=32767, MaxUdp=65467
[2015.12.06-01.41.49:416][  0]UdpMessaging: Initializing bridge on interface 0.0.0.0:0 to multicast group 230.0.0.1:6666.
[2015.12.06-01.41.49:840][  0]SourceControl: Info Source control is disabled
[2015.12.06-01.41.49:854][  0]SourceControl: Info Source control is disabled
[2015.12.06-01.41.49:874][  0]SourceControl: Info Source control is disabled
[2015.12.06-01.41.49:887][  0]SourceControl: Info Source control is disabled
[2015.12.06-01.41.50:201][  0]LogObj: 26273 objects as part of root set at end of initial load.
[2015.12.06-01.41.50:201][  0]LogUObjectAllocator: 5409256 out of 0 bytes used by permanent object pool.
[2015.12.06-01.41.50:298][  0]LogEngine: Initializing Engine...
[2015.12.06-01.41.50:301][  0]LogHMD: Can't find Oculus library dev build: is proper Runtime installed? Version: 0.6.0.0
[2015.12.06-01.41.50:302][  0]LogHMD:Warning: SteamVR failed to initialize.  Error: 110
[2015.12.06-01.41.50:500][  0]LogAIModule: Creating AISystem for world NewWorld
[2015.12.06-01.41.50:505][  0]LogInit: XAudio2 using 'Speakers (Realtek High Definition Audio)' : 2 channels at 48 kHz using 32 bits per sample (channel mask 0x3)
[2015.12.06-01.41.50:515][  0]LogInit: FAudioDevice initialized.
[2015.12.06-01.41.50:555][  0]LogDerivedDataCache: Saved boot cache 0.04s 53MB C:/Users/Christopher/AppData/Local/UnrealEngine/4.8/DerivedDataCache/Boot.ddc.
[2015.12.06-01.41.50:568][  0]LogInit: Texture streaming: Disabled
[2015.12.06-01.41.50:604][  0]LogAnalytics: Creating configured Analytics provider AnalyticsET
[2015.12.06-01.41.50:604][  0]LogAnalytics: [UEEditor.Rocket.Release] APIServer = http://et2.epicgames.com/ET2/. AppVersion = 4.8.3-2634408+++depot+UE4-Releases+4.8
[2015.12.06-01.41.50:604][  0]LogAnalytics: [UEEditor.Rocket.Release] SetUserId ee8c485444fe82b8e773c5ac08d91953|2c1976e1aa9b48b0b119ac4e9eb64ec6|e685999b-cf46-4ff8-9f2e-f2a1072524f0
[2015.12.06-01.41.50:604][  0]LogAnalytics: [UEEditor.Rocket.Release] AnalyticsET::StartSession
[2015.12.06-01.41.50:639][  0]LogInit: Transaction tracking system initialized
[2015.12.06-01.41.50:840][  0]BlueprintLog: New page: Editor Load
[2015.12.06-01.41.50:894][  0]LogAssetRegistry: FAssetRegistry took 0.0108 seconds to start up
[2015.12.06-01.41.50:894][  0]LogDirectoryWatcher:Warning: Failed to begin reading directory changes for ../../../Engine/Plugins/Experimental/CharacterAI/Content/. Error: 0
[2015.12.06-01.41.52:042][  0]LogConsoleManager:Warning: Console variable 'r.VSync' wasn't set ('GameSetting' has a lower priority than 'SystemSettingsIni')
[2015.12.06-01.41.52:042][  0]LogConsoleResponse:Display: 
[2015.12.06-01.41.52:193][  0]LogCook:Display: Done creating registry. It took  0.00s.
[2015.12.06-01.41.52:489][  0]SourceControl: Info Source control is disabled
[2015.12.06-01.41.52:490][  0]Cmd: MAP LOAD FILE="../../../../../../Users/Christopher/Documents/GitHub/The-Curators/AlexPrototype/Content/Levels/MainMenu.umap" TEMPLATE=0 SHOWPROGRESS=1 FEATURELEVEL=3
[2015.12.06-01.41.52:490][  0]LightingResults: New page: Lighting Build
[2015.12.06-01.41.52:509][  0]MapCheck: New page: Map Check
[2015.12.06-01.41.52:509][  0]LightingResults: New page: Lighting Build
[2015.12.06-01.41.52:522][  0]LogParticles: Destroying 0 GPU particle simulations for FXSystem 0x0000018E6FFA09A0
[2015.12.06-01.41.53:943][  0]LogBlueprint:Warning: [compiler ThirdPersonCharacter] Warning Input Axis Event references unknown Axis 'LookUp' for  InputAxis LookUp 
[2015.12.06-01.41.53:983][  0]LogBlueprint:Warning: [compiler ThirdPersonCharacter] Warning [0011.69] Compile of ThirdPersonCharacter successful, but with 1 Warning(s) [in 135 ms]
[2015.12.06-01.41.53:983][  0]LogBlueprint:Warning: [compiler ThirdPersonCharacter] Warning [0011.69] Compile of ThirdPersonCharacter successful, but with 2 Warning(s) [in 0 ms]
[2015.12.06-01.41.53:983][  0]LogBlueprint:Warning: [compiler ThirdPersonCharacter] Warning [0011.69] Compile of ThirdPersonCharacter successful, but with 3 Warning(s) [in 0 ms]
[2015.12.06-01.41.55:004][  0]LogBlueprint:Warning: [compiler ErichFinalCharCombined] Warning Input Axis Event references unknown Axis 'LookUp' for  InputAxis LookUp 
[2015.12.06-01.41.55:046][  0]LogBlueprint:Warning: [compiler ErichFinalCharCombined] Warning [0012.75] Compile of ErichFinalCharCombined successful, but with 1 Warning(s) [in 203 ms]
[2015.12.06-01.41.55:049][  0]LogBlueprint:Warning: [compiler ErichFinalCharCombined] Warning [0012.76] Compile of ErichFinalCharCombined successful, but with 2 Warning(s) [in 1 ms]
[2015.12.06-01.41.55:049][  0]LogBlueprint:Warning: [compiler ErichFinalCharCombined] Warning [0012.76] Compile of ErichFinalCharCombined successful, but with 3 Warning(s) [in 0 ms]
[2015.12.06-01.41.55:599][  0]LogBlueprint:Warning: [compiler ThirdPersonCharacter] Warning Input Axis Event references unknown Axis 'LookUp' for  InputAxis LookUp 
[2015.12.06-01.41.55:630][  0]LogBlueprint:Warning: [compiler ThirdPersonCharacter] Warning [0013.34] Compile of ThirdPersonCharacter successful, but with 1 Warning(s) [in 135 ms]
[2015.12.06-01.41.55:630][  0]LogBlueprint:Warning: [compiler ThirdPersonCharacter] Warning [0013.34] Compile of ThirdPersonCharacter successful, but with 2 Warning(s) [in 0 ms]
[2015.12.06-01.41.55:888][  0]LogBlueprint:Warning: [compiler ErichFinalCharCombined] Warning Input Axis Event references unknown Axis 'LookUp' for  InputAxis LookUp 
[2015.12.06-01.41.55:942][  0]LogBlueprint:Warning: [compiler ErichFinalCharCombined] Warning [0013.65] Compile of ErichFinalCharCombined successful, but with 1 Warning(s) [in 195 ms]
[2015.12.06-01.41.55:943][  0]LogBlueprint:Warning: [compiler ErichFinalCharCombined] Warning [0013.65] Compile of ErichFinalCharCombined successful, but with 2 Warning(s) [in 1 ms]
[2015.12.06-01.41.57:471][  0]LogWmfMedia:Error: Failed to create source object from URL for C:/Users/Justin's/Pictures/Curators/NewMenuAssets/Output/maxresdefault (1).mp4
[2015.12.06-01.41.57:757][  0]LogAIModule: Creating AISystem for world MainMenu
[2015.12.06-01.41.57:774][  0]LogEditorServer: Finished looking for orphan Actors (0.000 secs)
[2015.12.06-01.41.57:785][  0]Cmd: MAP CHECKDEP NOCLEARLOG
[2015.12.06-01.41.57:891][  0]MapCheck: Info Map check complete: 0 Error(s), 0 Warning(s), took 105.589ms to complete.
[2015.12.06-01.41.57:891][  0]LogFileHelpers: Loading map 'MainMenu' took 5.401
[2015.12.06-01.41.58:035][  0]LogCollectionManager: Loaded 0 collections in 0.002405 seconds
[2015.12.06-01.41.58:042][  0]LogContentBrowser: Native class hierarchy populated in 0.0073 seconds. Added 1792 classes and 301 folders.
[2015.12.06-01.41.58:107][  0]LogContentBrowser: Native class hierarchy updated for 'WidgetCarousel' in 0.0010 seconds. Added 0 classes and 0 folders.
[2015.12.06-01.41.58:140][  0]LogContentBrowser: Native class hierarchy updated for 'AddContentDialog' in 0.0004 seconds. Added 0 classes and 0 folders.
[2015.12.06-01.41.58:158][  0]LogContentBrowser: Native class hierarchy updated for 'SceneOutliner' in 0.0005 seconds. Added 1 classes and 2 folders.
[2015.12.06-01.41.58:226][  0]LogCrashTracker: Crashtracker disabled due to settings.
[2015.12.06-01.41.58:227][  0]LogD3D11RHI: InitD3DDevice
[2015.12.06-01.41.58:233][  0]LogUObjectGlobals:Warning: Failed to find object 'Class None.'
[2015.12.06-01.41.58:255][  0]LogLoad: Full Startup: 15.96 seconds (BP compile: 2.49 seconds)
[2015.12.06-01.41.58:332][  0]LogContentStreaming: Texture pool size is 0.000000MB
[2015.12.06-01.41.58:539][  0]LogContentStreaming: Texture pool size now 400 MB
[2015.12.06-01.41.58:782][  0]LogRenderer: Reallocating scene render targets to support 1008x456 (Frame:2).
[2015.12.06-01.42.00:835][ 41]LogAssetRegistry: Asset discovery search completed in 9.9516 seconds
[2015.12.06-01.42.18:706][832]LogD3D11RHI: InitD3DDevice
[2015.12.06-01.42.46:191][852]LogD3D11RHI: InitD3DDevice
[2015.12.06-01.42.46:304][852]LogD3D11RHI: InitD3DDevice
[2015.12.06-01.42.46:532][852]LogRenderer: Reallocating scene render targets to support 1192x744 (Frame:1825).
[2015.12.06-01.43.14:636][579]LogD3D11RHI: InitD3DDevice
[2015.12.06-01.43.24:291][851]LogD3D11RHI: InitD3DDevice
[2015.12.06-01.43.26:031][913]LogD3D11RHI: InitD3DDevice
[2015.12.06-01.44.06:884][987]LogD3D11RHI: InitD3DDevice
[2015.12.06-01.45.13:987][663]LogD3D11RHI: InitD3DDevice
[2015.12.06-01.45.16:103][739]LogD3D11RHI: InitD3DDevice
[2015.12.06-01.45.18:911][830]LogD3D11RHI: InitD3DDevice
[2015.12.06-01.50.40:203][734]LogMaterial: Missing cached shader map for material Glasses_RightGadget_Material, compiling. 
[2015.12.06-01.50.40:255][734]LogMaterial: Missing cached shader map for material Glasses_LeftGadget_Material, compiling. 
[2015.12.06-01.50.40:288][734]LogMaterial: Missing cached shader map for material Shoes_Material, compiling. 
[2015.12.06-01.50.40:333][734]LogMaterial: Missing cached shader map for material VNeckInsideShirt_Material, compiling. 
[2015.12.06-01.50.40:357][734]LogMaterial: Missing cached shader map for material ForheadSkin_Material, compiling. 
[2015.12.06-01.50.40:397][734]LogMaterial: Missing cached shader map for material Belts_Material, compiling. 
[2015.12.06-01.50.40:427][734]LogMaterial: Missing cached shader map for material ShirtStraps_Material, compiling. 
[2015.12.06-01.50.40:451][734]LogMaterial: Missing cached shader map for material OuterShirt_Material, compiling. 
[2015.12.06-01.50.40:486][734]LogMaterial: Missing cached shader map for material MouthMask_Material, compiling. 
[2015.12.06-01.50.40:510][734]LogMaterial: Missing cached shader map for material ArmBraceRight_Material, compiling. 
[2015.12.06-01.50.40:534][734]LogMaterial: Missing cached shader map for material GlassesRim_Material, compiling. 
[2015.12.06-01.50.40:558][734]LogMaterial: Missing cached shader map for material GlassesLens_Material, compiling. 
[2015.12.06-01.50.40:593][734]LogMaterial: Missing cached shader map for material Hair_Material, compiling. 
[2015.12.06-01.50.40:618][734]LogMaterial: Missing cached shader map for material HandSkin_Material, compiling. 
[2015.12.06-01.50.40:643][734]LogMaterial: Missing cached shader map for material LegsSkin_Material, compiling. 
[2015.12.06-01.50.40:667][734]LogMaterial: Missing cached shader map for material Hat_Material, compiling. 
[2015.12.06-01.50.40:704][734]LogMaterial: Missing cached shader map for material lambert10, compiling. 
[2015.12.06-01.50.40:734][734]LogMaterial: Missing cached shader map for material LongPants_Material, compiling. 
[2015.12.06-01.50.40:976][734]LogD3D11RHI: InitD3DDevice
[2015.12.06-01.50.42:022][773]LogD3D11RHI: InitD3DDevice
[2015.12.06-02.09.12:443][237]LogD3D11RHI: InitD3DDevice
[2015.12.06-02.09.14:459][237]LogSkeletalMesh: InitArticulated: Bodies already created (/Engine/Transient.DebugSkelMeshComponent_0) - call TermArticulated first.
[2015.12.06-02.09.15:245][237]LogLinker:Warning: Asset '../../../Engine/Content/Tutorial/SubEditors/PersonaAnimEditorTutorial.uasset' has been saved with empty engine version. The asset will be loaded but may be incompatible.
[2015.12.06-02.09.15:567][237]LogContentBrowser:Verbose: The majority of assets in the view are of type: AnimSequence
[2015.12.06-02.09.36:581][244]LogD3D11RHI: InitD3DDevice
[2015.12.06-02.09.45:562][574]LogBlueprint:Warning: [compiler ErichCharBlueFinal] Warning InputAction Event references unknown Action 'CrouchHack' for  InputAction CrouchHack 
[2015.12.06-02.09.45:562][574]LogBlueprint:Warning: [compiler ErichCharBlueFinal] Warning InputAction Event references unknown Action 'Walk' for  InputAction Walk 
[2015.12.06-02.09.45:569][574]LogBlueprint:Warning: [compiler ErichCharBlueFinal] Warning [1683.28] Compile of ErichCharBlueFinal successful, but with 2 Warning(s) [in 35 ms]
[2015.12.06-02.09.45:569][574]LogBlueprint:Warning: [compiler ErichCharBlueFinal] Warning [1683.28] Compile of ErichCharBlueFinal successful, but with 3 Warning(s) [in 0 ms]
[2015.12.06-02.09.45:570][574]LogBlueprint:Warning: [compiler ErichCharBlueFinal] Warning [1683.28] Compile of ErichCharBlueFinal successful, but with 4 Warning(s) [in 0 ms]
[2015.12.06-02.09.45:614][574]LogBlueprint:Warning: [compiler ErichCharBlueFinal] Warning InputAction Event references unknown Action 'CrouchHack' for  InputAction CrouchHack 
[2015.12.06-02.09.45:614][574]LogBlueprint:Warning: [compiler ErichCharBlueFinal] Warning InputAction Event references unknown Action 'Walk' for  InputAction Walk 
[2015.12.06-02.09.45:624][574]LogBlueprint:Warning: [compiler ErichCharBlueFinal] Warning [1683.33] Compile of ErichCharBlueFinal successful, but with 2 Warning(s) [in 45 ms]
[2015.12.06-02.09.45:624][574]LogBlueprint:Warning: [compiler ErichCharBlueFinal] Warning [1683.33] Compile of ErichCharBlueFinal successful, but with 3 Warning(s) [in 0 ms]
[2015.12.06-02.09.45:640][574]LogD3D11RHI: InitD3DDevice
[2015.12.06-02.09.45:845][574]LogLinker:Warning: Asset '../../../Engine/Content/ArtTools/RenderToTexture/Macros/RenderToTextureMacros.uasset' has been saved with empty engine version. The asset will be loaded but may be incompatible.
[2015.12.06-02.09.45:944][574]LogLinker:Warning: Asset '../../../Engine/Content/ArtTools/RenderToTexture/Enums/RenderToTexture_Enum.uasset' has been saved with empty engine version. The asset will be loaded but may be incompatible.
[2015.12.06-02.09.54:643][861]LogD3D11RHI: InitD3DDevice
[2015.12.06-02.10.11:408][604]LogD3D11RHI: InitD3DDevice
[2015.12.06-02.10.25:376][189]LogD3D11RHI: InitD3DDevice
[2015.12.06-02.10.28:359][327]LogD3D11RHI: InitD3DDevice
[2015.12.06-02.10.36:858][684]LogD3D11RHI: InitD3DDevice
[2015.12.06-02.14.52:899][182]LogD3D11RHI:Error: Direct3DDevice->CreateBuffer(&Desc,pInitData,VertexBufferResource.GetInitReference()) failed 
 at D:\BuildFarm\buildmachine_++depot+UE4-Releases+4.8\Engine\Source\Runtime\Windows\D3D11RHI\Private\D3D11VertexBuffer.cpp:75 
 with error DXGI_ERROR_DEVICE_REMOVED
[2015.12.06-02.15.00:758][182]LogWindows: FPlatformMisc::RequestExit(1)
[2015.12.06-02.15.00:758][182]Log file closed, 12/05/15 21:15:00
