[2015.12.14-09.00.01:428][  0]Log file open, 12/14/15 04:00:01
[2015.12.14-09.00.01:429][  0]LogInit:Display: Running engine for game: MyProject
[2015.12.14-09.00.01:429][  0]LogInit:Display: RandInit(1952034298) SRandInit(1952034299).
[2015.12.14-09.00.01:429][  0]LogTaskGraph: Started task graph with 4 named threads and 7 total threads.
[2015.12.14-09.00.01:429][  0]LogStats: Stats thread started
[2015.12.14-09.00.01:429][  0]LogInit: Version: 4.8.3-2634408+++depot+UE4-Releases+4.8
[2015.12.14-09.00.01:429][  0]LogInit: API Version: 2579680
[2015.12.14-09.00.01:429][  0]LogInit: Compiled (64-bit): Jul 27 2015 16:24:33
[2015.12.14-09.00.01:429][  0]LogInit: Compiled with Visual C++: 18.00.21005.01
[2015.12.14-09.00.01:429][  0]LogInit: Build Configuration: Development
[2015.12.14-09.00.01:429][  0]LogInit: Branch Name: ++depot+UE4-Releases+4.8
[2015.12.14-09.00.01:429][  0]LogInit: Command line: 
[2015.12.14-09.00.01:429][  0]LogInit: Base directory: C:/Program Files/Epic Games/4.8/Engine/Binaries/Win64/
[2015.12.14-09.00.01:429][  0]LogInit: Rocket: 1
[2015.12.14-09.00.01:449][  0]LogInit: Using libcurl 7.41.0
[2015.12.14-09.00.01:449][  0]LogInit:  - built for x86_64-pc-win32
[2015.12.14-09.00.01:449][  0]LogInit:  - supports SSL with WinSSL
[2015.12.14-09.00.01:449][  0]LogInit:  - other features:
[2015.12.14-09.00.01:449][  0]LogInit:      CURL_VERSION_SSL
[2015.12.14-09.00.01:449][  0]LogInit:      CURL_VERSION_IPV6
[2015.12.14-09.00.01:449][  0]LogInit:      CURL_VERSION_ASYNCHDNS
[2015.12.14-09.00.01:449][  0]LogInit:      CURL_VERSION_LARGEFILE
[2015.12.14-09.00.01:449][  0]LogInit:      CURL_VERSION_IDN
[2015.12.14-09.00.01:449][  0]LogInit:  CurlRequestOptions (configurable via config and command line):
[2015.12.14-09.00.01:449][  0]LogInit:  - bVerifyPeer = true  - Libcurl will verify peer certificate
[2015.12.14-09.00.01:449][  0]LogInit:  - bUseHttpProxy = false  - Libcurl will NOT use HTTP proxy
[2015.12.14-09.00.01:449][  0]LogInit:  - bDontReuseConnections = false  - Libcurl will reuse connections
[2015.12.14-09.00.01:449][  0]LogInit:  - CertBundlePath = nullptr  - Libcurl will use whatever was configured at build time.
[2015.12.14-09.00.01:470][  0]LogOnline:Warning: No default platform service specified for OnlineSubsystem
[2015.12.14-09.00.01:496][  0]LogInit: Presizing for 0 objects not considered by GC, pre-allocating 0 bytes.
[2015.12.14-09.00.01:505][  0]LogInit: Object subsystem initialized
[2015.12.14-09.00.01:505][  0]LogConsoleResponse:Warning: Skipping Unknown console variable: 'TranslucentSortAxis = (X=0.000000,Y=-1.000000,Z=0.000000)'
[2015.12.14-09.00.01:505][  0]LogConsoleResponse:Warning:   Found in ini file 'C:/Users/Christopher/Documents/GitHub/The-Curators/AlexPrototype/Saved/Config/Windows/Engine.ini', in section '[/Script/Engine.RendererSettings]'
[2015.12.14-09.00.01:505][  0]LogConsoleResponse:Warning: Skipping Unknown console variable: 'UIScaleRule = ShortestSide'
[2015.12.14-09.00.01:505][  0]LogConsoleResponse:Warning:   Found in ini file 'C:/Users/Christopher/Documents/GitHub/The-Curators/AlexPrototype/Saved/Config/Windows/Engine.ini', in section '[/Script/Engine.RendererSettings]'
[2015.12.14-09.00.01:506][  0]LogConsoleResponse:Warning: Skipping Unknown console variable: 'UIScaleCurve = (EditorCurveData=(Keys=),ExternalCurve=None)'
[2015.12.14-09.00.01:506][  0]LogConsoleResponse:Warning:   Found in ini file 'C:/Users/Christopher/Documents/GitHub/The-Curators/AlexPrototype/Saved/Config/Windows/Engine.ini', in section '[/Script/Engine.RendererSettings]'
[2015.12.14-09.00.01:506][  0]LogInit: Selected Device Profile: [Windows]
[2015.12.14-09.00.01:506][  0]LogInit: Applying CVar settings loaded from the selected device profile: [Windows]
[2015.12.14-09.00.01:516][  0]LogInit: Computer: CHRISTOPHER-S70
[2015.12.14-09.00.01:516][  0]LogInit: User: Christopher
[2015.12.14-09.00.01:516][  0]LogInit: CPU Page size=4096, Cores=4
[2015.12.14-09.00.01:516][  0]LogInit: High frequency timer resolution =2.435779 MHz
[2015.12.14-09.00.01:516][  0]LogMemory: Memory total: Physical=11.9GB (12GB approx)
[2015.12.14-09.00.01:516][  0]LogMemory: Platform Memory Stats for Windows
[2015.12.14-09.00.01:516][  0]LogMemory: Process Physical Memory: 50.66 MB used, 50.66 MB peak
[2015.12.14-09.00.01:516][  0]LogMemory: Process Virtual Memory: 24.58 MB used, 24.58 MB peak
[2015.12.14-09.00.01:516][  0]LogMemory: Physical Memory: 3407.35 MB used, 12200.09 MB total
[2015.12.14-09.00.01:516][  0]LogMemory: Virtual Memory: 316.88 MB used, 134217728.00 MB total
[2015.12.14-09.00.01:542][  0]LogTextLocalizationManager: The requested culture ('en_US') has no localization data; parent culture's ('en') localization data will be used.
[2015.12.14-09.00.01:765][  0]LogTextLocalizationManager:Warning: Loaded localization resources contain conflicting entries for (Namespace:ContentBrowser, Key:ImportAssetToolTip):
Localization Resource: (C:/Program Files/Epic Games/4.8/Engine/Content/Localization/Editor/en/Editor.locres) Source String Hash: (-630476809) Localized String: (Import to {0}...)
Localization Resource: (C:/Program Files/Epic Games/4.8/Engine/Content/Localization/Editor/en/Editor.locres) Source String Hash: (1271782899) Localized String: (Imports an asset from file to this folder.)
[2015.12.14-09.00.02:290][  0]LogD3D11RHI: Found D3D11 adapter 0: Intel(R) HD Graphics 4600 (Feature Level 11_0)
[2015.12.14-09.00.02:290][  0]LogD3D11RHI: Adapter has 112MB of dedicated video memory, 0MB of dedicated system memory, and 6100MB of shared system memory, 1 output[s]
[2015.12.14-09.00.02:797][  0]LogD3D11RHI: Found D3D11 adapter 1: AMD Radeon R9 M200X Series (Feature Level 11_0)
[2015.12.14-09.00.02:797][  0]LogD3D11RHI: Adapter has 2030MB of dedicated video memory, 0MB of dedicated system memory, and 6100MB of shared system memory, 0 output[s]
[2015.12.14-09.00.02:799][  0]LogD3D11RHI: Found D3D11 adapter 2: Microsoft Basic Render Driver (Feature Level 11_0)
[2015.12.14-09.00.02:799][  0]LogD3D11RHI: Adapter has 0MB of dedicated video memory, 0MB of dedicated system memory, and 6100MB of shared system memory, 0 output[s]
[2015.12.14-09.00.02:799][  0]LogD3D11RHI: Chosen D3D11 Adapter Id = 0
[2015.12.14-09.00.02:804][  0]LogD3D11RHI: InitD3DDevice
[2015.12.14-09.00.02:804][  0]LogD3D11RHI: !Direct3DDevice
[2015.12.14-09.00.02:804][  0]LogRHI: Texture pool is 1361 MB (70% of 1945 MB)
[2015.12.14-09.00.02:809][  0]LogD3D11RHI: Async texture creation enabled
[2015.12.14-09.00.02:813][  0]LogShaderCompilers:Display: Using Local Shader Compiler.
[2015.12.14-09.00.03:659][  0]LogTemp:Display: Loaded TP DesktopTargetPlatform
[2015.12.14-09.00.03:686][  0]LogTemp:Display: Loaded TP WindowsClientTargetPlatform
[2015.12.14-09.00.03:706][  0]LogTemp:Display: Loaded TP WindowsNoEditorTargetPlatform
[2015.12.14-09.00.03:724][  0]LogTemp:Display: Loaded TP WindowsServerTargetPlatform
[2015.12.14-09.00.03:743][  0]LogTemp:Display: Loaded TP WindowsTargetPlatform
[2015.12.14-09.00.03:759][  0]LogTemp:Display: Loaded TP AndroidTargetPlatform
[2015.12.14-09.00.03:783][  0]LogTemp:Display: Loaded TP Android_ASTCTargetPlatform
[2015.12.14-09.00.03:803][  0]LogTemp:Display: Loaded TP Android_ATCTargetPlatform
[2015.12.14-09.00.03:819][  0]LogTemp:Display: Loaded TP Android_DXTTargetPlatform
[2015.12.14-09.00.03:834][  0]LogTemp:Display: Loaded TP Android_ETC1TargetPlatform
[2015.12.14-09.00.03:849][  0]LogTemp:Display: Loaded TP Android_ETC2TargetPlatform
[2015.12.14-09.00.03:867][  0]LogTemp:Display: Loaded TP Android_PVRTCTargetPlatform
[2015.12.14-09.00.03:934][  0]LogTemp:Display: Loaded TP IOSTargetPlatform
[2015.12.14-09.00.03:949][  0]LogTemp:Display: Loaded TP LinuxNoEditorTargetPlatform
[2015.12.14-09.00.03:966][  0]LogTemp:Display: Loaded TP LinuxServerTargetPlatform
[2015.12.14-09.00.03:992][  0]LogTemp:Display: Loaded TP LinuxTargetPlatform
[2015.12.14-09.00.03:992][  0]LogTargetPlatformManager:Display: Building Assets For Windows
[2015.12.14-09.00.04:280][  0]LogDerivedDataCache:Display: Max Cache Size: 512 MB
[2015.12.14-09.00.04:353][  0]LogDerivedDataCache: Loaded boot cache 0.07s 53MB C:/Users/Christopher/AppData/Local/UnrealEngine/4.8/DerivedDataCache/Boot.ddc.
[2015.12.14-09.00.04:353][  0]LogDerivedDataCache:Display: Loaded Boot cache: C:/Users/Christopher/AppData/Local/UnrealEngine/4.8/DerivedDataCache/Boot.ddc
[2015.12.14-09.00.04:353][  0]LogDerivedDataCache: FDerivedDataBackendGraph:  Pak pak cache file ../../../../../../Users/Christopher/Documents/GitHub/The-Curators/AlexPrototype/DerivedDataCache/DDC.ddp not found, will not use a pak cache.
[2015.12.14-09.00.04:353][  0]LogDerivedDataCache: Unable to find inner node Pak for hierarchical cache Hierarchy.
[2015.12.14-09.00.04:353][  0]LogDerivedDataCache: FDerivedDataBackendGraph:  CompressedPak pak cache file ../../../../../../Users/Christopher/Documents/GitHub/The-Curators/AlexPrototype/DerivedDataCache/Compressed.ddp not found, will not use a pak cache.
[2015.12.14-09.00.04:353][  0]LogDerivedDataCache: Unable to find inner node CompressedPak for hierarchical cache Hierarchy.
[2015.12.14-09.00.04:524][  0]LogDerivedDataCache:Display: Pak cache opened for reading ../../../Engine/DerivedDataCache/Compressed.ddp.
[2015.12.14-09.00.04:536][  0]LogDerivedDataCache: Using Local data cache path C:/Users/Christopher/AppData/Local/UnrealEngine/Common/DerivedDataCache: Writable
[2015.12.14-09.00.04:790][  0]LogInit: Selected Device Profile: [Windows]
[2015.12.14-09.00.04:892][  0]ImportText (ComponentSweepMultiTests): Missing closing parenthesis: (RootShapeAsset="/Engine/BasicShapes/Cube.Cube",ShapeType="TriggerCapsule",HitResult=(Time=0.50,Location=(X=-100.000015,Y=0.0,Z=100.000015),ImpactPoint=(X=-50.0,Y=0.0,Z=50.0),Normal=(X=-1.0,Y=-0.0,Z=0.0),ImpactNormal=(X=0.0,Y=0.0,Z=1.0),TraceStart=(X=-200.0,Y=0.0,Z=200.0),TraceEnd=(X=0.0,Y=0.0,Z=0.0))
[2015.12.14-09.00.04:892][  0]ImportText (LineTraceSingleByChannelTests): Missing closing parenthesis: (RootShapeAsset="/Engine/BasicShapes/Cube.Cube",HitResult=(Time=0.50,Location=(X=-100.000015,Y=0.0,Z=100.000015),ImpactPoint=(X=-50.0,Y=0.0,Z=50.0),Normal=(X=-1.0,Y=-0.0,Z=0.0),ImpactNormal=(X=0.0,Y=0.0,Z=1.0),TraceStart=(X=-200.0,Y=0.0,Z=200.0),TraceEnd=(X=0.0,Y=0.0,Z=0.0))
[2015.12.14-09.00.04:927][  0]LogMeshUtilities: No automatic mesh reduction module available
[2015.12.14-09.00.04:927][  0]LogMeshUtilities: No automatic mesh merging module available
[2015.12.14-09.00.05:341][  0]LogInit: WinSock: version 1.1 (2.2), MaxSocks=32767, MaxUdp=65467
[2015.12.14-09.00.06:454][  0]UdpMessaging: Initializing bridge on interface 0.0.0.0:0 to multicast group 230.0.0.1:6666.
[2015.12.14-09.00.06:859][  0]SourceControl: Info Source control is disabled
[2015.12.14-09.00.06:873][  0]SourceControl: Info Source control is disabled
[2015.12.14-09.00.06:892][  0]SourceControl: Info Source control is disabled
[2015.12.14-09.00.06:905][  0]SourceControl: Info Source control is disabled
[2015.12.14-09.00.07:203][  0]LogObj: 26273 objects as part of root set at end of initial load.
[2015.12.14-09.00.07:203][  0]LogUObjectAllocator: 5409256 out of 0 bytes used by permanent object pool.
[2015.12.14-09.00.07:288][  0]LogEngine: Initializing Engine...
[2015.12.14-09.00.07:291][  0]LogHMD: Can't find Oculus library dev build: is proper Runtime installed? Version: 0.6.0.0
[2015.12.14-09.00.07:293][  0]LogHMD:Warning: SteamVR failed to initialize.  Error: 110
[2015.12.14-09.00.07:491][  0]LogAIModule: Creating AISystem for world NewWorld
[2015.12.14-09.00.07:497][  0]LogInit: XAudio2 using 'Speakers (Realtek High Definition Audio)' : 2 channels at 48 kHz using 32 bits per sample (channel mask 0x3)
[2015.12.14-09.00.07:506][  0]LogInit: FAudioDevice initialized.
[2015.12.14-09.00.07:543][  0]LogDerivedDataCache: Saved boot cache 0.04s 53MB C:/Users/Christopher/AppData/Local/UnrealEngine/4.8/DerivedDataCache/Boot.ddc.
[2015.12.14-09.00.07:551][  0]LogInit: Texture streaming: Disabled
[2015.12.14-09.00.07:588][  0]LogAnalytics: Creating configured Analytics provider AnalyticsET
[2015.12.14-09.00.07:588][  0]LogAnalytics: [UEEditor.Rocket.Release] APIServer = http://et2.epicgames.com/ET2/. AppVersion = 4.8.3-2634408+++depot+UE4-Releases+4.8
[2015.12.14-09.00.07:588][  0]LogAnalytics: [UEEditor.Rocket.Release] SetUserId ee8c485444fe82b8e773c5ac08d91953|2c1976e1aa9b48b0b119ac4e9eb64ec6|e685999b-cf46-4ff8-9f2e-f2a1072524f0
[2015.12.14-09.00.07:588][  0]LogAnalytics: [UEEditor.Rocket.Release] AnalyticsET::StartSession
[2015.12.14-09.00.07:624][  0]LogInit: Transaction tracking system initialized
[2015.12.14-09.00.07:818][  0]BlueprintLog: New page: Editor Load
[2015.12.14-09.00.07:861][  0]LogAssetRegistry: FAssetRegistry took 0.0109 seconds to start up
[2015.12.14-09.00.07:861][  0]LogDirectoryWatcher:Warning: Failed to begin reading directory changes for ../../../Engine/Plugins/Experimental/CharacterAI/Content/. Error: 0
[2015.12.14-09.00.08:963][  0]LogConsoleManager:Warning: Console variable 'r.VSync' wasn't set ('GameSetting' has a lower priority than 'SystemSettingsIni')
[2015.12.14-09.00.08:963][  0]LogConsoleResponse:Display: 
[2015.12.14-09.00.09:108][  0]LogCook:Display: Done creating registry. It took  0.00s.
[2015.12.14-09.00.09:356][  0]SourceControl: Info Source control is disabled
[2015.12.14-09.00.09:356][  0]Cmd: MAP LOAD FILE="../../../../../../Users/Christopher/Documents/GitHub/The-Curators/AlexPrototype/Content/Levels/MainMenu.umap" TEMPLATE=0 SHOWPROGRESS=1 FEATURELEVEL=3
[2015.12.14-09.00.09:357][  0]LightingResults: New page: Lighting Build
[2015.12.14-09.00.09:377][  0]MapCheck: New page: Map Check
[2015.12.14-09.00.09:378][  0]LightingResults: New page: Lighting Build
[2015.12.14-09.00.09:395][  0]LogParticles: Destroying 0 GPU particle simulations for FXSystem 0x000001EA61D2C9A0
[2015.12.14-09.00.10:003][  0]LogWmfMedia:Error: Failed to create source object from URL for C:/Users/Justin's/Pictures/Curators/NewMenuAssets/Output/maxresdefault (1).mp4
[2015.12.14-09.00.10:369][  0]LogAIModule: Creating AISystem for world MainMenu
[2015.12.14-09.00.10:378][  0]LogEditorServer: Finished looking for orphan Actors (0.000 secs)
[2015.12.14-09.00.10:387][  0]Cmd: MAP CHECKDEP NOCLEARLOG
[2015.12.14-09.00.10:436][  0]MapCheck: Info Map check complete: 0 Error(s), 0 Warning(s), took 48.777ms to complete.
[2015.12.14-09.00.10:436][  0]LogFileHelpers: Loading map 'MainMenu' took 1.080
[2015.12.14-09.00.10:607][  0]LogCollectionManager: Loaded 0 collections in 0.002483 seconds
[2015.12.14-09.00.10:615][  0]LogContentBrowser: Native class hierarchy populated in 0.0071 seconds. Added 1792 classes and 301 folders.
[2015.12.14-09.00.10:691][  0]LogContentBrowser: Native class hierarchy updated for 'WidgetCarousel' in 0.0004 seconds. Added 0 classes and 0 folders.
[2015.12.14-09.00.10:799][  0]LogContentBrowser: Native class hierarchy updated for 'AddContentDialog' in 0.0004 seconds. Added 0 classes and 0 folders.
[2015.12.14-09.00.10:817][  0]LogContentBrowser: Native class hierarchy updated for 'SceneOutliner' in 0.0003 seconds. Added 1 classes and 2 folders.
[2015.12.14-09.00.10:851][  0]LogCrashTracker: Crashtracker disabled due to settings.
[2015.12.14-09.00.10:852][  0]LogD3D11RHI: InitD3DDevice
[2015.12.14-09.00.10:856][  0]LogUObjectGlobals:Warning: Failed to find object 'Class None.'
[2015.12.14-09.00.10:878][  0]LogLoad: Full Startup: 11.18 seconds (BP compile: 0.14 seconds)
[2015.12.14-09.00.10:948][  0]LogContentStreaming: Texture pool size is 0.000000MB
[2015.12.14-09.00.11:022][  0]LogContentStreaming: Texture pool size now 400 MB
[2015.12.14-09.00.11:300][  0]LogRenderer: Reallocating scene render targets to support 1008x456 (Frame:2).
[2015.12.14-09.00.12:435][ 32]LogAssetRegistry: Asset discovery search completed in 4.5852 seconds
[2015.12.14-09.00.13:306][ 79]LogD3D11RHI: InitD3DDevice
[2015.12.14-09.00.37:875][473]LogD3D11RHI: InitD3DDevice
[2015.12.14-09.00.38:105][485]LogD3D11RHI: InitD3DDevice
[2015.12.14-09.00.43:910][551]LogD3D11RHI: InitD3DDevice
[2015.12.14-09.00.43:935][551]LogFactory: FactoryCreateBinary: Texture with TextureFactory (0 0 ../../../../../../Users/Christopher/Desktop/documents-export-2015-12-14/CreditsIdle.png)
[2015.12.14-09.00.43:940][551]LogTexture:Display: Building textures: CreditsIdle (BGRA8)
[2015.12.14-09.00.43:979][551]LogFactory: FactoryCreateBinary: Texture with TextureFactory (0 0 ../../../../../../Users/Christopher/Desktop/documents-export-2015-12-14/CreditsMouseOver.png)
[2015.12.14-09.00.43:985][551]LogTexture:Display: Building textures: CreditsMouseOver (BGRA8)
[2015.12.14-09.00.44:007][551]LogFactory: FactoryCreateBinary: Texture with TextureFactory (0 0 ../../../../../../Users/Christopher/Desktop/documents-export-2015-12-14/CreditsOnHit.png)
[2015.12.14-09.00.44:013][551]LogTexture:Display: Building textures: CreditsOnHit (BGRA8)
[2015.12.14-09.00.47:877][767]LogD3D11RHI: InitD3DDevice
[2015.12.14-09.00.49:460][858]LogD3D11RHI: InitD3DDevice
[2015.12.14-09.00.49:661][858]LogSavePackage: Save=91.861786ms
[2015.12.14-09.00.49:661][858]LogSavePackage: Moving '../../../../../../Users/Christopher/Documents/GitHub/The-Curators/AlexPrototype/Saved/MainMenu7A325A4F4190F4DD2034F880DA2AE66E.tmp' to '../../../../../../Users/Christopher/Documents/GitHub/The-Curators/AlexPrototype/Content/Levels/MainMenu.umap'
[2015.12.14-09.00.50:856][920]LogD3D11RHI: InitD3DDevice
[2015.12.14-09.00.51:647][963]LogD3D11RHI: InitD3DDevice
[2015.12.14-09.00.51:737][963]Cmd: OBJ SAVEPACKAGE PACKAGE="/Game/MainMenu/CreditsIdle" FILE="../../../../../../Users/Christopher/Documents/GitHub/The-Curators/AlexPrototype/Content/MainMenu/CreditsIdle.uasset" SILENT=true
[2015.12.14-09.00.51:763][963]LogSavePackage: Save=24.072380ms
[2015.12.14-09.00.51:763][963]LogSavePackage: Moving '../../../../../../Users/Christopher/Documents/GitHub/The-Curators/AlexPrototype/Saved/CreditsIdleE7D45E69412E3A2E4D8BE5B8C8BBB979.tmp' to '../../../../../../Users/Christopher/Documents/GitHub/The-Curators/AlexPrototype/Content/MainMenu/CreditsIdle.uasset'
[2015.12.14-09.00.51:779][963]Cmd: OBJ SAVEPACKAGE PACKAGE="/Game/MainMenu/CreditsMouseOver" FILE="../../../../../../Users/Christopher/Documents/GitHub/The-Curators/AlexPrototype/Content/MainMenu/CreditsMouseOver.uasset" SILENT=true
[2015.12.14-09.00.51:796][963]LogSavePackage: Save=13.155545ms
[2015.12.14-09.00.51:796][963]LogSavePackage: Moving '../../../../../../Users/Christopher/Documents/GitHub/The-Curators/AlexPrototype/Saved/CreditsMouseOverC0CD97E04F7BBE609EA73BAB1A56FB83.tmp' to '../../../../../../Users/Christopher/Documents/GitHub/The-Curators/AlexPrototype/Content/MainMenu/CreditsMouseOver.uasset'
[2015.12.14-09.00.51:807][963]Cmd: OBJ SAVEPACKAGE PACKAGE="/Game/MainMenu/CreditsOnHit" FILE="../../../../../../Users/Christopher/Documents/GitHub/The-Curators/AlexPrototype/Content/MainMenu/CreditsOnHit.uasset" SILENT=true
[2015.12.14-09.00.51:823][963]LogSavePackage: Save=11.636113ms
[2015.12.14-09.00.51:823][963]LogSavePackage: Moving '../../../../../../Users/Christopher/Documents/GitHub/The-Curators/AlexPrototype/Saved/CreditsOnHit8F93A27C404157B6FDFB47A00F6B7E0A.tmp' to '../../../../../../Users/Christopher/Documents/GitHub/The-Curators/AlexPrototype/Content/MainMenu/CreditsOnHit.uasset'
[2015.12.14-09.00.53:917][ 82]LogD3D11RHI: InitD3DDevice
[2015.12.14-09.00.53:975][ 82]LogD3D11RHI: InitD3DDevice
[2015.12.14-09.00.54:207][ 82]LogLinker:Warning: Asset '../../../Engine/Content/ArtTools/RenderToTexture/Macros/RenderToTextureMacros.uasset' has been saved with empty engine version. The asset will be loaded but may be incompatible.
[2015.12.14-09.00.54:282][ 82]LogLinker:Warning: Asset '../../../Engine/Content/ArtTools/RenderToTexture/Enums/RenderToTexture_Enum.uasset' has been saved with empty engine version. The asset will be loaded but may be incompatible.
[2015.12.14-09.01.01:585][288]LogD3D11RHI: InitD3DDevice
[2015.12.14-09.01.24:868][ 27]LogD3D11RHI: InitD3DDevice
[2015.12.14-09.01.25:067][ 28]LogD3D11RHI: InitD3DDevice
[2015.12.14-09.01.40:894][ 28]LogD3D11RHI: InitD3DDevice
[2015.12.14-09.01.51:093][164]LogD3D11RHI: InitD3DDevice
[2015.12.14-09.01.51:238][165]LogD3D11RHI: InitD3DDevice
[2015.12.14-09.01.55:914][241]LogD3D11RHI: InitD3DDevice
[2015.12.14-09.01.56:077][242]LogD3D11RHI: InitD3DDevice
[2015.12.14-09.02.02:919][242]LogD3D11RHI: InitD3DDevice
[2015.12.14-09.02.18:012][242]LogMaterial:Warning: Material /Game/MainMenu/CreditsIdle.CreditsIdle needed to have new flag set bUsedWithUI !
[2015.12.14-09.02.18:014][242]LogMaterial: Missing cached shader map for material CreditsIdle, compiling. 
[2015.12.14-09.02.18:083][242]LogMaterial: 0.000088 seconds spent updating 1 materials, 1 interfaces, 0 instances, 0 with static permutations.
[2015.12.14-09.02.26:820][461]Cmd: TRANSACTION UNDO
[2015.12.14-09.02.26:831][461]LogEditorTransaction: Undo Edit Image
[2015.12.14-09.02.26:899][461]LogD3D11RHI: InitD3DDevice
[2015.12.14-09.02.28:324][499]LogD3D11RHI: InitD3DDevice
[2015.12.14-09.02.28:480][500]LogD3D11RHI: InitD3DDevice
[2015.12.14-09.02.38:118][747]LogD3D11RHI: InitD3DDevice
[2015.12.14-09.02.38:377][747]LogMaterial: Missing cached shader map for material CreditsIdle, compiling. 
[2015.12.14-09.02.38:662][747]LogMaterial: Missing cached shader map for material CreditsIdle, compiling. 
[2015.12.14-09.02.38:674][747]LogMaterial: 0.000048 seconds spent updating 1 materials, 1 interfaces, 0 instances, 0 with static permutations.
[2015.12.14-09.02.40:932][790]MaterialEditorStats: Info Base pass shader with only dynamic lighting: 31 instructions
[2015.12.14-09.02.40:932][790]MaterialEditorStats: Info Vertex shader: 31 instructions
[2015.12.14-09.02.40:932][790]MaterialEditorStats: Info Texture samplers: 0/16
[2015.12.14-09.02.49:002][ 47]LogD3D11RHI: InitD3DDevice
[2015.12.14-09.02.49:031][ 47]LogContentBrowser: Native class hierarchy updated for 'TextureEditor' in 0.0004 seconds. Added 1 classes and 2 folders.
[2015.12.14-09.03.00:739][512]LogParticles: Destroying 0 GPU particle simulations for FXSystem 0x000001EA6AC4F100
[2015.12.14-09.03.00:740][512]LogParticles: Destroying 0 GPU particle simulations for FXSystem 0x000001EA690840E0
[2015.12.14-09.03.00:788][512]LogD3D11RHI: InitD3DDevice
[2015.12.14-09.03.05:507][512]LogWindowsTextInputMethodSystem:Display: IME system now deactivated.
[2015.12.14-09.03.05:799][513]Cmd: QUIT_EDITOR
[2015.12.14-09.03.06:088][513]LogExit: Preparing to exit.
[2015.12.14-09.03.06:596][513]LogExit: Editor shut down
[2015.12.14-09.03.06:596][513]LogExit: Transaction tracking system shut down
[2015.12.14-09.03.06:598][513]LogParticles: Destroying 0 GPU particle simulations for FXSystem 0x000001EA6ABFFD80
[2015.12.14-09.03.06:598][513]LogParticles: Destroying 0 GPU particle simulations for FXSystem 0x000001EA6907DF80
[2015.12.14-09.03.06:598][513]LogParticles: Destroying 0 GPU particle simulations for FXSystem 0x000001EA6AC4C860
[2015.12.14-09.03.06:598][513]LogParticles: Destroying 0 GPU particle simulations for FXSystem 0x000001EA7172B9C0
[2015.12.14-09.03.06:599][513]LogParticles: Destroying 0 GPU particle simulations for FXSystem 0x000001EA73C82660
[2015.12.14-09.03.06:784][513]LogExit: Object subsystem successfully closed.
[2015.12.14-09.03.06:800][513]LogD3D11RHI: Shutdown
[2015.12.14-09.03.06:800][513]LogD3D11RHI: CleanupD3DDevice
[2015.12.14-09.03.06:848][513]LogD3D11RHI: ~FD3D11DynamicRHI
[2015.12.14-09.03.06:867][513]LogModuleManager: Shutting down and abandoning module TextureEditor (191)
[2015.12.14-09.03.06:868][513]LogModuleManager: Shutting down and abandoning module MaterialEditor (190)
[2015.12.14-09.03.06:868][513]LogModuleManager: Shutting down and abandoning module SequencerWidgets (189)
[2015.12.14-09.03.06:868][513]LogModuleManager: Shutting down and abandoning module CrashTracker (188)
[2015.12.14-09.03.06:868][513]LogModuleManager: Shutting down and abandoning module SceneOutliner (187)
[2015.12.14-09.03.06:868][513]LogModuleManager: Shutting down and abandoning module SuperSearch (186)
[2015.12.14-09.03.06:868][513]LogModuleManager: Shutting down and abandoning module WidgetCarousel (185)
[2015.12.14-09.03.06:868][513]LogModuleManager: Shutting down and abandoning module AddContentDialog (184)
[2015.12.14-09.03.06:869][513]LogModuleManager: Shutting down and abandoning module EditorWidgets (183)
[2015.12.14-09.03.06:869][513]LogModuleManager: Shutting down and abandoning module CollectionManager (182)
[2015.12.14-09.03.06:869][513]LogModuleManager: Shutting down and abandoning module StatsViewer (181)
[2015.12.14-09.03.06:869][513]LogModuleManager: Shutting down and abandoning module FoliageEdit (180)
[2015.12.14-09.03.06:869][513]LogModuleManager: Shutting down and abandoning module LandscapeEditor (179)
[2015.12.14-09.03.06:869][513]LogModuleManager: Shutting down and abandoning module ActorPickerMode (178)
[2015.12.14-09.03.06:870][513]LogModuleManager: Shutting down and abandoning module GeometryMode (177)
[2015.12.14-09.03.06:870][513]LogModuleManager: Shutting down and abandoning module TextureAlignMode (176)
[2015.12.14-09.03.06:870][513]LogModuleManager: Shutting down and abandoning module BspMode (175)
[2015.12.14-09.03.06:870][513]LogModuleManager: Shutting down and abandoning module PlacementMode (174)
[2015.12.14-09.03.06:870][513]LogModuleManager: Shutting down and abandoning module AutomationWorker (173)
[2015.12.14-09.03.06:870][513]LogModuleManager: Shutting down and abandoning module CharacterAI (172)
[2015.12.14-09.03.06:870][513]LogModuleManager: Shutting down and abandoning module SmartSnapping (171)
[2015.12.14-09.03.06:870][513]LogModuleManager: Shutting down and abandoning module ViewportSnapping (170)
[2015.12.14-09.03.06:870][513]LogModuleManager: Shutting down and abandoning module LogVisualizer (169)
[2015.12.14-09.03.06:870][513]LogModuleManager: Shutting down and abandoning module GameProjectGeneration (168)
[2015.12.14-09.03.06:870][513]LogModuleManager: Shutting down and abandoning module IntroTutorials (167)
[2015.12.14-09.03.06:870][513]LogModuleManager: Shutting down and abandoning module EditorLiveStreaming (166)
[2015.12.14-09.03.06:870][513]LogModuleManager: Shutting down and abandoning module IOSPlatformEditor (165)
[2015.12.14-09.03.06:870][513]LogModuleManager: Shutting down and abandoning module HTML5PlatformEditor (164)
[2015.12.14-09.03.06:870][513]LogModuleManager: Shutting down and abandoning module AndroidDeviceDetection (163)
[2015.12.14-09.03.07:703][513]LogModuleManager: Shutting down and abandoning module AndroidPlatformEditor (162)
[2015.12.14-09.03.07:703][513]LogModuleManager: Shutting down and abandoning module IOSRuntimeSettings (161)
[2015.12.14-09.03.07:703][513]LogModuleManager: Shutting down and abandoning module AndroidRuntimeSettings (160)
[2015.12.14-09.03.07:703][513]LogModuleManager: Shutting down and abandoning module MergeActors (159)
[2015.12.14-09.03.07:703][513]LogModuleManager: Shutting down and abandoning module SizeMap (158)
[2015.12.14-09.03.07:703][513]LogModuleManager: Shutting down and abandoning module TreeMap (157)
[2015.12.14-09.03.07:703][513]LogModuleManager: Shutting down and abandoning module ReferenceViewer (156)
[2015.12.14-09.03.07:703][513]LogModuleManager: Shutting down and abandoning module LocalizationDashboard (155)
[2015.12.14-09.03.07:703][513]LogModuleManager: Shutting down and abandoning module HardwareTargeting (154)
[2015.12.14-09.03.07:703][513]LogModuleManager: Shutting down and abandoning module DeviceProfileEditor (153)
[2015.12.14-09.03.07:703][513]LogModuleManager: Shutting down and abandoning module UndoHistory (152)
[2015.12.14-09.03.07:703][513]LogModuleManager: Shutting down and abandoning module GameplayTagsEditor (151)
[2015.12.14-09.03.07:703][513]LogModuleManager: Shutting down and abandoning module UserFeedback (150)
[2015.12.14-09.03.07:703][513]LogModuleManager: Shutting down and abandoning module XmlParser (149)
[2015.12.14-09.03.07:703][513]LogModuleManager: Shutting down and abandoning module Blutility (148)
[2015.12.14-09.03.07:703][513]LogModuleManager: Shutting down and abandoning module ProjectTargetPlatformEditor (147)
[2015.12.14-09.03.07:703][513]LogModuleManager: Shutting down and abandoning module ProjectSettingsViewer (146)
[2015.12.14-09.03.07:703][513]LogModuleManager: Shutting down and abandoning module InputBindingEditor (145)
[2015.12.14-09.03.07:703][513]LogModuleManager: Shutting down and abandoning module EditorSettingsViewer (144)
[2015.12.14-09.03.07:703][513]LogModuleManager: Shutting down and abandoning module SettingsEditor (143)
[2015.12.14-09.03.07:703][513]LogModuleManager: Shutting down and abandoning module ProjectLauncher (142)
[2015.12.14-09.03.07:703][513]LogModuleManager: Shutting down and abandoning module SessionFrontend (141)
[2015.12.14-09.03.07:703][513]LogModuleManager: Shutting down and abandoning module ProfilerClient (140)
[2015.12.14-09.03.07:703][513]LogModuleManager: Shutting down and abandoning module TargetDeviceServices (139)
[2015.12.14-09.03.07:703][513]LogModuleManager: Shutting down and abandoning module DeviceManager (138)
[2015.12.14-09.03.07:703][513]LogModuleManager: Shutting down and abandoning module AutomationController (137)
[2015.12.14-09.03.07:703][513]LogModuleManager: Shutting down and abandoning module AutomationWindow (136)
[2015.12.14-09.03.07:703][513]LogModuleManager: Shutting down and abandoning module Layers (135)
[2015.12.14-09.03.07:704][513]LogModuleManager: Shutting down and abandoning module ComponentVisualizers (134)
[2015.12.14-09.03.07:704][513]LogModuleManager: Shutting down and abandoning module DetailCustomizations (133)
[2015.12.14-09.03.07:704][513]LogModuleManager: Shutting down and abandoning module PackagesDialog (132)
[2015.12.14-09.03.07:704][513]LogModuleManager: Shutting down and abandoning module AssetRegistry (131)
[2015.12.14-09.03.07:953][513]LogModuleManager: Shutting down and abandoning module Persona (130)
[2015.12.14-09.03.07:953][513]LogModuleManager: Shutting down and abandoning module Kismet (129)
[2015.12.14-09.03.07:953][513]LogModuleManager: Shutting down and abandoning module GraphEditor (128)
[2015.12.14-09.03.07:953][513]LogModuleManager: Shutting down and abandoning module ClassViewer (127)
[2015.12.14-09.03.07:953][513]LogModuleManager: Shutting down and abandoning module Toolbox (126)
[2015.12.14-09.03.07:953][513]LogModuleManager: Shutting down and abandoning module ModuleUI (125)
[2015.12.14-09.03.07:953][513]LogModuleManager: Shutting down and abandoning module MovieSceneTools (124)
[2015.12.14-09.03.07:953][513]LogModuleManager: Shutting down and abandoning module OutputLog (123)
[2015.12.14-09.03.07:953][513]LogModuleManager: Shutting down and abandoning module GammaUI (122)
[2015.12.14-09.03.07:953][513]LogModuleManager: Shutting down and abandoning module Documentation (121)
[2015.12.14-09.03.07:953][513]LogModuleManager: Shutting down and abandoning module GameLiveStreaming (120)
[2015.12.14-09.03.07:953][513]LogModuleManager: Shutting down and abandoning module StreamingPauseRendering (119)
[2015.12.14-09.03.07:953][513]LogModuleManager: Shutting down and abandoning module AnalyticsET (118)
[2015.12.14-09.03.07:953][513]LogModuleManager: Shutting down and abandoning module Analytics (117)
[2015.12.14-09.03.07:953][513]LogModuleManager: Shutting down and abandoning module AITestSuite (116)
[2015.12.14-09.03.07:953][513]LogModuleManager: Shutting down and abandoning module GameplayDebugger (115)
[2015.12.14-09.03.07:953][513]LogModuleManager: Shutting down and abandoning module AIModule (114)
[2015.12.14-09.03.07:953][513]LogModuleManager: Shutting down and abandoning module ProfilerService (113)
[2015.12.14-09.03.08:154][513]LogModuleManager: Shutting down and abandoning module TaskGraph (112)
[2015.12.14-09.03.08:154][513]LogModuleManager: Shutting down and abandoning module SlateRemote (111)
[2015.12.14-09.03.08:154][513]LogModuleManager: Shutting down and abandoning module SteamVRController (110)
[2015.12.14-09.03.08:154][513]LogModuleManager: Shutting down and abandoning module SteamVR (109)
[2015.12.14-09.03.08:154][513]LogModuleManager: Shutting down and abandoning module ProceduralMeshComponent (108)
[2015.12.14-09.03.08:154][513]LogModuleManager: Shutting down and abandoning module OculusRift (107)
[2015.12.14-09.03.08:154][513]LogModuleManager: Shutting down and abandoning module LeapMotionController (106)
[2015.12.14-09.03.08:178][513]LogModuleManager: Shutting down and abandoning module CustomMeshComponent (105)
[2015.12.14-09.03.08:178][513]LogModuleManager: Shutting down and abandoning module CableComponent (104)
[2015.12.14-09.03.08:178][513]LogModuleManager: Shutting down and abandoning module MessagingDebugger (103)
[2015.12.14-09.03.08:178][513]LogModuleManager: Shutting down and abandoning module MediaPlayerEditor (102)
[2015.12.14-09.03.08:178][513]LogModuleManager: Shutting down and abandoning module SpeedTreeImporter (101)
[2015.12.14-09.03.08:178][513]LogModuleManager: Shutting down and abandoning module PluginBrowser (100)
[2015.12.14-09.03.08:179][513]LogModuleManager: Shutting down and abandoning module EpicSurvey (99)
[2015.12.14-09.03.08:179][513]LogModuleManager: Shutting down and abandoning module DesktopPlatform (98)
[2015.12.14-09.03.08:179][513]LogModuleManager: Shutting down and abandoning module VisualStudioSourceCodeAccess (97)
[2015.12.14-09.03.08:179][513]LogModuleManager: Shutting down and abandoning module UObjectPlugin (96)
[2015.12.14-09.03.08:179][513]LogModuleManager: Shutting down and abandoning module SubversionSourceControl (95)
[2015.12.14-09.03.08:179][513]LogModuleManager: Shutting down and abandoning module PerforceSourceControl (94)
[2015.12.14-09.03.08:179][513]LogModuleManager: Shutting down and abandoning module SourceControl (93)
[2015.12.14-09.03.08:179][513]LogModuleManager: Shutting down and abandoning module GitSourceControl (92)
[2015.12.14-09.03.08:179][513]LogModuleManager: Shutting down and abandoning module BlankPlugin (91)
[2015.12.14-09.03.08:179][513]LogModuleManager: Shutting down and abandoning module PaperTiledImporter (90)
[2015.12.14-09.03.08:179][513]LogModuleManager: Shutting down and abandoning module PaperSpriteSheetImporter (89)
[2015.12.14-09.03.08:179][513]LogModuleManager: Shutting down and abandoning module MeshPaint (88)
[2015.12.14-09.03.08:179][513]LogModuleManager: Shutting down and abandoning module SlateReflector (87)
[2015.12.14-09.03.08:179][513]LogModuleManager: Shutting down and abandoning module DirectoryWatcher (86)
[2015.12.14-09.03.08:180][513]LogModuleManager: Shutting down and abandoning module HotReload (85)
[2015.12.14-09.03.08:180][513]LogModuleManager: Shutting down and abandoning module MainFrame (84)
[2015.12.14-09.03.08:180][513]LogModuleManager: Shutting down and abandoning module LevelEditor (83)
[2015.12.14-09.03.08:182][513]LogModuleManager: Shutting down and abandoning module ContentBrowser (82)
[2015.12.14-09.03.08:183][513]LogModuleManager: Shutting down and abandoning module Paper2DEditor (81)
[2015.12.14-09.03.08:184][513]LogModuleManager: Shutting down and abandoning module UdpMessaging (80)
[2015.12.14-09.03.08:284][513]LogModuleManager: Shutting down and abandoning module Paper2D (79)
[2015.12.14-09.03.08:284][513]LogModuleManager: Shutting down and abandoning module WindowsMoviePlayer (78)
[2015.12.14-09.03.08:288][513]LogModuleManager: Shutting down and abandoning module Media (77)
[2015.12.14-09.03.08:288][513]LogModuleManager: Shutting down and abandoning module WmfMedia (76)
[2015.12.14-09.03.08:288][513]LogModuleManager: Shutting down and abandoning module OnlineBlueprintSupport (75)
[2015.12.14-09.03.08:288][513]LogModuleManager: Shutting down and abandoning module PropertyEditor (74)
[2015.12.14-09.03.08:288][513]LogModuleManager: Shutting down and abandoning module BehaviorTreeEditor (73)
[2015.12.14-09.03.08:288][513]LogModuleManager: Shutting down and abandoning module FunctionalTesting (72)
[2015.12.14-09.03.08:288][513]LogModuleManager: Shutting down and abandoning module CollisionAnalyzer (71)
[2015.12.14-09.03.08:288][513]LogModuleManager: Shutting down and abandoning module WorkspaceMenuStructure (70)
[2015.12.14-09.03.08:288][513]LogModuleManager: Shutting down and abandoning module MessageLog (69)
[2015.12.14-09.03.08:288][513]LogModuleManager: Shutting down and abandoning module Sequencer (68)
[2015.12.14-09.03.08:288][513]LogModuleManager: Shutting down and abandoning module AssetTools (67)
[2015.12.14-09.03.08:288][513]LogModuleManager: Shutting down and abandoning module UMGEditor (66)
[2015.12.14-09.03.08:288][513]LogModuleManager: Shutting down and abandoning module UMG (65)
[2015.12.14-09.03.08:288][513]LogModuleManager: Shutting down and abandoning module Slate (64)
[2015.12.14-09.03.08:288][513]LogModuleManager: Shutting down and abandoning module EditorStyle (63)
[2015.12.14-09.03.08:291][513]LogModuleManager: Shutting down and abandoning module SessionServices (62)
[2015.12.14-09.03.08:291][513]LogModuleManager: Shutting down and abandoning module SourceCodeAccess (61)
[2015.12.14-09.03.08:291][513]LogModuleManager: Shutting down and abandoning module HeadMountedDisplay (60)
[2015.12.14-09.03.08:291][513]LogModuleManager: Shutting down and abandoning module XAudio2 (59)
[2015.12.14-09.03.08:291][513]LogModuleManager: Shutting down and abandoning module Networking (57)
[2015.12.14-09.03.08:291][513]LogModuleManager: Shutting down and abandoning module Core (56)
[2015.12.14-09.03.08:291][513]LogModuleManager: Shutting down and abandoning module KismetCompiler (55)
[2015.12.14-09.03.08:291][513]LogModuleManager: Shutting down and abandoning module PhysXFormats (54)
[2015.12.14-09.03.08:291][513]LogModuleManager: Shutting down and abandoning module MeshUtilities (53)
[2015.12.14-09.03.08:291][513]LogModuleManager: Shutting down and abandoning module DerivedDataCache (52)
[2015.12.14-09.03.08:296][513]LogDerivedDataCache: Shutdown
[2015.12.14-09.03.08:296][513]LogModuleManager: Shutting down and abandoning module ShaderFormatOpenGL (51)
[2015.12.14-09.03.08:296][513]LogModuleManager: Shutting down and abandoning module ShaderFormatD3D (50)
[2015.12.14-09.03.08:296][513]LogModuleManager: Shutting down and abandoning module MetalShaderFormat (49)
[2015.12.14-09.03.08:296][513]LogModuleManager: Shutting down and abandoning module TextureFormatUncompressed (48)
[2015.12.14-09.03.08:296][513]LogModuleManager: Shutting down and abandoning module TextureFormatPVR (47)
[2015.12.14-09.03.08:296][513]LogModuleManager: Shutting down and abandoning module TextureFormatIntelISPCTexComp (46)
[2015.12.14-09.03.08:296][513]LogModuleManager: Shutting down and abandoning module TextureFormatDXT (45)
[2015.12.14-09.03.08:296][513]LogModuleManager: Shutting down and abandoning module ImageWrapper (44)
[2015.12.14-09.03.08:296][513]LogModuleManager: Shutting down and abandoning module TextureFormatASTC (43)
[2015.12.14-09.03.08:296][513]LogModuleManager: Shutting down and abandoning module TextureFormatAndroid (42)
[2015.12.14-09.03.08:296][513]LogModuleManager: Shutting down and abandoning module AudioFormatOpus (41)
[2015.12.14-09.03.08:296][513]LogModuleManager: Shutting down and abandoning module AudioFormatOgg (40)
[2015.12.14-09.03.08:296][513]LogModuleManager: Shutting down and abandoning module AudioFormatADPCM (39)
[2015.12.14-09.03.08:296][513]LogModuleManager: Shutting down and abandoning module LinuxTargetPlatform (38)
[2015.12.14-09.03.08:296][513]LogModuleManager: Shutting down and abandoning module LinuxServerTargetPlatform (37)
[2015.12.14-09.03.08:296][513]LogModuleManager: Shutting down and abandoning module LinuxNoEditorTargetPlatform (36)
[2015.12.14-09.03.08:296][513]LogModuleManager: Shutting down and abandoning module Messaging (35)
[2015.12.14-09.03.08:296][513]LogModuleManager: Shutting down and abandoning module IOSTargetPlatform (34)
[2015.12.14-09.03.08:296][513]LogModuleManager: Shutting down and abandoning module HTML5TargetPlatform (33)
[2015.12.14-09.03.08:296][513]LogModuleManager: Shutting down and abandoning module Android_PVRTCTargetPlatform (32)
[2015.12.14-09.03.08:297][513]LogModuleManager: Shutting down and abandoning module Android_ETC2TargetPlatform (31)
[2015.12.14-09.03.08:297][513]LogModuleManager: Shutting down and abandoning module Android_ETC1TargetPlatform (30)
[2015.12.14-09.03.08:297][513]LogModuleManager: Shutting down and abandoning module Android_DXTTargetPlatform (29)
[2015.12.14-09.03.08:297][513]LogModuleManager: Shutting down and abandoning module Android_ATCTargetPlatform (28)
[2015.12.14-09.03.08:297][513]LogModuleManager: Shutting down and abandoning module Android_ASTCTargetPlatform (27)
[2015.12.14-09.03.08:297][513]LogModuleManager: Shutting down and abandoning module AndroidTargetPlatform (26)
[2015.12.14-09.03.08:297][513]LogModuleManager: Shutting down and abandoning module WindowsTargetPlatform (25)
[2015.12.14-09.03.08:297][513]LogModuleManager: Shutting down and abandoning module WindowsServerTargetPlatform (24)
[2015.12.14-09.03.08:297][513]LogModuleManager: Shutting down and abandoning module WindowsNoEditorTargetPlatform (23)
[2015.12.14-09.03.08:297][513]LogModuleManager: Shutting down and abandoning module WindowsClientTargetPlatform (22)
[2015.12.14-09.03.08:297][513]LogModuleManager: Shutting down and abandoning module DesktopTargetPlatform (21)
[2015.12.14-09.03.08:297][513]LogModuleManager: Shutting down and abandoning module TargetPlatform (20)
[2015.12.14-09.03.08:297][513]LogModuleManager: Shutting down and abandoning module InputCore (19)
[2015.12.14-09.03.08:297][513]LogModuleManager: Shutting down and abandoning module Settings (18)
[2015.12.14-09.03.08:297][513]LogModuleManager: Shutting down and abandoning module OnlineSubsystem (16)
[2015.12.14-09.03.08:297][513]LogModuleManager: Shutting down and abandoning module HTTP (15)
[2015.12.14-09.03.08:297][513]LogModuleManager: Shutting down and abandoning module ExampleDeviceProfileSelector (14)
[2015.12.14-09.03.08:297][513]LogModuleManager: Shutting down and abandoning module TextureCompressor (13)
[2015.12.14-09.03.08:297][513]LogModuleManager: Shutting down and abandoning module ShaderCore (12)
[2015.12.14-09.03.08:297][513]LogModuleManager: Shutting down and abandoning module Landscape (11)
[2015.12.14-09.03.08:297][513]LogModuleManager: Shutting down and abandoning module SlateRHIRenderer (10)
[2015.12.14-09.03.08:301][513]LogModuleManager: Shutting down and abandoning module OpenGLDrv (9)
[2015.12.14-09.03.08:301][513]LogModuleManager: Shutting down and abandoning module D3D11RHI (8)
[2015.12.14-09.03.08:301][513]LogModuleManager: Shutting down and abandoning module Renderer (7)
[2015.12.14-09.03.08:301][513]LogModuleManager: Shutting down and abandoning module Engine (6)
[2015.12.14-09.03.08:301][513]LogModuleManager: Shutting down and abandoning module CoreUObject (5)
[2015.12.14-09.03.08:301][513]LogModuleManager: Shutting down and abandoning module NetworkFile (4)
[2015.12.14-09.03.08:301][513]LogModuleManager: Shutting down and abandoning module StreamingFile (3)
[2015.12.14-09.03.08:301][513]LogModuleManager: Shutting down and abandoning module SandboxFile (2)
[2015.12.14-09.03.08:301][513]LogModuleManager: Shutting down and abandoning module PakFile (1)
[2015.12.14-09.03.08:302][513]LogExit: Exiting.
[2015.12.14-09.03.08:343][513]Log file closed, 12/14/15 04:03:08
