[2015.11.08-00.04.18:370][  0]Log file open, 11/07/15 19:04:18
[2015.11.08-00.04.18:370][  0]LogInit:Display: Running engine for game: MyProject
[2015.11.08-00.04.18:370][  0]LogInit:Display: RandInit(-2103340173) SRandInit(-2103340171).
[2015.11.08-00.04.18:370][  0]LogTaskGraph: Started task graph with 4 named threads and 6 total threads.
[2015.11.08-00.04.18:370][  0]LogStats: Stats thread started
[2015.11.08-00.04.18:370][  0]LogInit: Version: 4.8.3-2634408+++depot+UE4-Releases+4.8
[2015.11.08-00.04.18:370][  0]LogInit: API Version: 2579680
[2015.11.08-00.04.18:370][  0]LogInit: Compiled (64-bit): Jul 27 2015 16:24:33
[2015.11.08-00.04.18:370][  0]LogInit: Compiled with Visual C++: 18.00.21005.01
[2015.11.08-00.04.18:370][  0]LogInit: Build Configuration: Development
[2015.11.08-00.04.18:370][  0]LogInit: Branch Name: ++depot+UE4-Releases+4.8
[2015.11.08-00.04.18:370][  0]LogInit: Command line:  
[2015.11.08-00.04.18:370][  0]LogInit: Base directory: C:/Program Files/Epic Games/4.8/Engine/Binaries/Win64/
[2015.11.08-00.04.18:370][  0]LogInit: Rocket: 1
[2015.11.08-00.04.18:399][  0]LogInit: Using libcurl 7.41.0
[2015.11.08-00.04.18:399][  0]LogInit:  - built for x86_64-pc-win32
[2015.11.08-00.04.18:399][  0]LogInit:  - supports SSL with WinSSL
[2015.11.08-00.04.18:399][  0]LogInit:  - other features:
[2015.11.08-00.04.18:399][  0]LogInit:      CURL_VERSION_SSL
[2015.11.08-00.04.18:399][  0]LogInit:      CURL_VERSION_IPV6
[2015.11.08-00.04.18:399][  0]LogInit:      CURL_VERSION_ASYNCHDNS
[2015.11.08-00.04.18:399][  0]LogInit:      CURL_VERSION_LARGEFILE
[2015.11.08-00.04.18:399][  0]LogInit:      CURL_VERSION_IDN
[2015.11.08-00.04.18:399][  0]LogInit:  CurlRequestOptions (configurable via config and command line):
[2015.11.08-00.04.18:399][  0]LogInit:  - bVerifyPeer = true  - Libcurl will verify peer certificate
[2015.11.08-00.04.18:399][  0]LogInit:  - bUseHttpProxy = false  - Libcurl will NOT use HTTP proxy
[2015.11.08-00.04.18:399][  0]LogInit:  - bDontReuseConnections = false  - Libcurl will reuse connections
[2015.11.08-00.04.18:399][  0]LogInit:  - CertBundlePath = nullptr  - Libcurl will use whatever was configured at build time.
[2015.11.08-00.04.18:436][  0]LogOnline:Warning: No default platform service specified for OnlineSubsystem
[2015.11.08-00.04.18:709][  0]LogInit: Presizing for 0 objects not considered by GC, pre-allocating 0 bytes.
[2015.11.08-00.04.18:726][  0]LogInit: Object subsystem initialized
[2015.11.08-00.04.18:787][  0]LogConsoleResponse:Warning: Skipping Unknown console variable: 'TranslucentSortAxis = (X=0.000000,Y=-1.000000,Z=0.000000)'
[2015.11.08-00.04.18:787][  0]LogConsoleResponse:Warning:   Found in ini file 'C:/Users/Kido/Documents/GitHub/NMNYD/The-Curators/AlexPrototype/Saved/Config/Windows/Engine.ini', in section '[/Script/Engine.RendererSettings]'
[2015.11.08-00.04.18:787][  0]LogConsoleResponse:Warning: Skipping Unknown console variable: 'UIScaleRule = ShortestSide'
[2015.11.08-00.04.18:787][  0]LogConsoleResponse:Warning:   Found in ini file 'C:/Users/Kido/Documents/GitHub/NMNYD/The-Curators/AlexPrototype/Saved/Config/Windows/Engine.ini', in section '[/Script/Engine.RendererSettings]'
[2015.11.08-00.04.18:787][  0]LogConsoleResponse:Warning: Skipping Unknown console variable: 'UIScaleCurve = (EditorCurveData=(Keys=),ExternalCurve=None)'
[2015.11.08-00.04.18:788][  0]LogConsoleResponse:Warning:   Found in ini file 'C:/Users/Kido/Documents/GitHub/NMNYD/The-Curators/AlexPrototype/Saved/Config/Windows/Engine.ini', in section '[/Script/Engine.RendererSettings]'
[2015.11.08-00.04.18:871][  0]LogInit: Selected Device Profile: [Windows]
[2015.11.08-00.04.18:871][  0]LogInit: Applying CVar settings loaded from the selected device profile: [Windows]
[2015.11.08-00.04.18:965][  0]LogInit: Computer: KIDO-PC
[2015.11.08-00.04.18:965][  0]LogInit: User: Kido
[2015.11.08-00.04.18:965][  0]LogInit: CPU Page size=4096, Cores=3
[2015.11.08-00.04.18:965][  0]LogInit: High frequency timer resolution =3.429521 MHz
[2015.11.08-00.04.18:965][  0]LogMemory: Memory total: Physical=7.9GB (8GB approx)
[2015.11.08-00.04.18:965][  0]LogMemory: Platform Memory Stats for Windows
[2015.11.08-00.04.18:965][  0]LogMemory: Process Physical Memory: 52.88 MB used, 52.88 MB peak
[2015.11.08-00.04.18:965][  0]LogMemory: Process Virtual Memory: 25.13 MB used, 25.13 MB peak
[2015.11.08-00.04.18:965][  0]LogMemory: Physical Memory: 4519.25 MB used, 8088.61 MB total
[2015.11.08-00.04.18:965][  0]LogMemory: Virtual Memory: 284.82 MB used, 8388608.00 MB total
[2015.11.08-00.04.19:761][  0]LogTextLocalizationManager: The requested culture ('en_US') has no localization data; parent culture's ('en') localization data will be used.
[2015.11.08-00.04.20:619][  0]LogTextLocalizationManager:Warning: Loaded localization resources contain conflicting entries for (Namespace:ContentBrowser, Key:ImportAssetToolTip):
Localization Resource: (C:/Program Files/Epic Games/4.8/Engine/Content/Localization/Editor/en/Editor.locres) Source String Hash: (-630476809) Localized String: (Import to {0}...)
Localization Resource: (C:/Program Files/Epic Games/4.8/Engine/Content/Localization/Editor/en/Editor.locres) Source String Hash: (1271782899) Localized String: (Imports an asset from file to this folder.)
[2015.11.08-00.04.21:712][  0]LogD3D11RHI: Found D3D11 adapter 0: AMD Radeon R9 200 Series (Feature Level 11_0)
[2015.11.08-00.04.21:712][  0]LogD3D11RHI: Adapter has 2027MB of dedicated video memory, 0MB of dedicated system memory, and 3788MB of shared system memory, 2 output[s]
[2015.11.08-00.04.21:712][  0]LogD3D11RHI: Chosen D3D11 Adapter Id = 0
[2015.11.08-00.04.21:720][  0]LogD3D11RHI: InitD3DDevice
[2015.11.08-00.04.21:720][  0]LogD3D11RHI: !Direct3DDevice
[2015.11.08-00.04.21:720][  0]LogRHI: Texture pool is 1361 MB (70% of 1945 MB)
[2015.11.08-00.04.21:730][  0]LogD3D11RHI: Async texture creation disabled: no driver support
[2015.11.08-00.04.21:908][  0]LogShaderCompilers:Display: Using Local Shader Compiler.
[2015.11.08-00.04.27:543][  0]LogTemp:Display: Loaded TP DesktopTargetPlatform
[2015.11.08-00.04.27:588][  0]LogTemp:Display: Loaded TP WindowsClientTargetPlatform
[2015.11.08-00.04.27:619][  0]LogTemp:Display: Loaded TP WindowsNoEditorTargetPlatform
[2015.11.08-00.04.27:650][  0]LogTemp:Display: Loaded TP WindowsServerTargetPlatform
[2015.11.08-00.04.27:684][  0]LogTemp:Display: Loaded TP WindowsTargetPlatform
[2015.11.08-00.04.27:732][  0]LogTemp:Display: Loaded TP AndroidTargetPlatform
[2015.11.08-00.04.27:761][  0]LogTemp:Display: Loaded TP Android_ASTCTargetPlatform
[2015.11.08-00.04.27:800][  0]LogTemp:Display: Loaded TP Android_ATCTargetPlatform
[2015.11.08-00.04.27:904][  0]LogTemp:Display: Loaded TP Android_DXTTargetPlatform
[2015.11.08-00.04.27:977][  0]LogTemp:Display: Loaded TP Android_ETC1TargetPlatform
[2015.11.08-00.04.28:027][  0]LogTemp:Display: Loaded TP Android_ETC2TargetPlatform
[2015.11.08-00.04.28:073][  0]LogTemp:Display: Loaded TP Android_PVRTCTargetPlatform
[2015.11.08-00.04.28:221][  0]LogTemp:Display: Loaded TP IOSTargetPlatform
[2015.11.08-00.04.28:278][  0]LogTemp:Display: Loaded TP LinuxNoEditorTargetPlatform
[2015.11.08-00.04.28:307][  0]LogTemp:Display: Loaded TP LinuxServerTargetPlatform
[2015.11.08-00.04.28:391][  0]LogTemp:Display: Loaded TP LinuxTargetPlatform
[2015.11.08-00.04.28:391][  0]LogTargetPlatformManager:Display: Building Assets For Windows
[2015.11.08-00.04.29:158][  0]LogDerivedDataCache:Display: Max Cache Size: 512 MB
[2015.11.08-00.04.29:636][  0]LogDerivedDataCache: Loaded boot cache 0.48s 53MB C:/Users/Kido/AppData/Local/UnrealEngine/4.8/DerivedDataCache/Boot.ddc.
[2015.11.08-00.04.29:636][  0]LogDerivedDataCache:Display: Loaded Boot cache: C:/Users/Kido/AppData/Local/UnrealEngine/4.8/DerivedDataCache/Boot.ddc
[2015.11.08-00.04.29:636][  0]LogDerivedDataCache: FDerivedDataBackendGraph:  Pak pak cache file ../../../../../../Users/Kido/Documents/GitHub/NMNYD/The-Curators/AlexPrototype/DerivedDataCache/DDC.ddp not found, will not use a pak cache.
[2015.11.08-00.04.29:636][  0]LogDerivedDataCache: Unable to find inner node Pak for hierarchical cache Hierarchy.
[2015.11.08-00.04.29:636][  0]LogDerivedDataCache: FDerivedDataBackendGraph:  CompressedPak pak cache file ../../../../../../Users/Kido/Documents/GitHub/NMNYD/The-Curators/AlexPrototype/DerivedDataCache/Compressed.ddp not found, will not use a pak cache.
[2015.11.08-00.04.29:636][  0]LogDerivedDataCache: Unable to find inner node CompressedPak for hierarchical cache Hierarchy.
[2015.11.08-00.04.29:865][  0]LogDerivedDataCache:Display: Pak cache opened for reading ../../../Engine/DerivedDataCache/Compressed.ddp.
[2015.11.08-00.04.29:877][  0]LogDerivedDataCache: Using Local data cache path C:/Users/Kido/AppData/Local/UnrealEngine/Common/DerivedDataCache: Writable
[2015.11.08-00.04.37:211][  0]LogInit: Selected Device Profile: [Windows]
[2015.11.08-00.04.37:356][  0]ImportText (ComponentSweepMultiTests): Missing closing parenthesis: (RootShapeAsset="/Engine/BasicShapes/Cube.Cube",ShapeType="TriggerCapsule",HitResult=(Time=0.50,Location=(X=-100.000015,Y=0.0,Z=100.000015),ImpactPoint=(X=-50.0,Y=0.0,Z=50.0),Normal=(X=-1.0,Y=-0.0,Z=0.0),ImpactNormal=(X=0.0,Y=0.0,Z=1.0),TraceStart=(X=-200.0,Y=0.0,Z=200.0),TraceEnd=(X=0.0,Y=0.0,Z=0.0))
[2015.11.08-00.04.37:357][  0]ImportText (LineTraceSingleByChannelTests): Missing closing parenthesis: (RootShapeAsset="/Engine/BasicShapes/Cube.Cube",HitResult=(Time=0.50,Location=(X=-100.000015,Y=0.0,Z=100.000015),ImpactPoint=(X=-50.0,Y=0.0,Z=50.0),Normal=(X=-1.0,Y=-0.0,Z=0.0),ImpactNormal=(X=0.0,Y=0.0,Z=1.0),TraceStart=(X=-200.0,Y=0.0,Z=200.0),TraceEnd=(X=0.0,Y=0.0,Z=0.0))
[2015.11.08-00.04.37:793][  0]LogMeshUtilities: No automatic mesh reduction module available
[2015.11.08-00.04.37:793][  0]LogMeshUtilities: No automatic mesh merging module available
[2015.11.08-00.04.42:363][  0]LogInit: WinSock: version 1.1 (2.2), MaxSocks=32767, MaxUdp=65467
[2015.11.08-00.05.14:710][  0]UdpMessaging: Initializing bridge on interface 0.0.0.0:0 to multicast group 230.0.0.1:6666.
[2015.11.08-00.05.17:215][  0]SourceControl: Info Source control is disabled
[2015.11.08-00.05.17:327][  0]SourceControl: Info Source control is disabled
[2015.11.08-00.05.17:397][  0]SourceControl: Info Source control is disabled
[2015.11.08-00.05.17:464][  0]SourceControl: Info Source control is disabled
[2015.11.08-00.05.18:852][  0]LogObj: 26273 objects as part of root set at end of initial load.
[2015.11.08-00.05.18:852][  0]LogUObjectAllocator: 5409256 out of 0 bytes used by permanent object pool.
[2015.11.08-00.05.19:476][  0]LogEngine: Initializing Engine...
[2015.11.08-00.05.19:520][  0]LogHMD: Can't find Oculus library dev build: is proper Runtime installed? Version: 0.6.0.0
[2015.11.08-00.05.19:573][  0]LogHMD:Warning: SteamVR failed to initialize.  Error: 100
[2015.11.08-00.05.20:583][  0]LogAIModule: Creating AISystem for world NewWorld
[2015.11.08-00.05.20:631][  0]LogInit: XAudio2 using 'Speakers (Realtek High Definition Audio)' : 2 channels at 48 kHz using 32 bits per sample (channel mask 0x3)
[2015.11.08-00.05.20:693][  0]LogInit: FAudioDevice initialized.
[2015.11.08-00.05.20:754][  0]LogDerivedDataCache: Saved boot cache 0.06s 53MB C:/Users/Kido/AppData/Local/UnrealEngine/4.8/DerivedDataCache/Boot.ddc.
[2015.11.08-00.05.20:768][  0]LogInit: Texture streaming: Disabled
[2015.11.08-00.05.20:860][  0]LogAnalytics: Creating configured Analytics provider AnalyticsET
[2015.11.08-00.05.20:860][  0]LogAnalytics: [UEEditor.Rocket.Release] APIServer = http://et2.epicgames.com/ET2/. AppVersion = 4.8.3-2634408+++depot+UE4-Releases+4.8
[2015.11.08-00.05.20:860][  0]LogAnalytics: [UEEditor.Rocket.Release] SetUserId 43320ea4426e19879c0674aa75267495|ac704d33c08e461d905fa8a004e85986|70feb17f-f50f-4812-9d0e-586ab78027fa
[2015.11.08-00.05.20:860][  0]LogAnalytics: [UEEditor.Rocket.Release] AnalyticsET::StartSession
[2015.11.08-00.05.20:978][  0]LogInit: Transaction tracking system initialized
[2015.11.08-00.05.21:399][  0]BlueprintLog: New page: Editor Load
[2015.11.08-00.05.21:492][  0]LogAssetRegistry: FAssetRegistry took 0.0108 seconds to start up
[2015.11.08-00.05.21:493][  0]LogDirectoryWatcher:Warning: Failed to begin reading directory changes for ../../../Engine/Plugins/Experimental/CharacterAI/Content/. Error: 0
[2015.11.08-00.05.29:278][  0]LogConsoleManager:Warning: Console variable 'r.VSync' wasn't set ('GameSetting' has a lower priority than 'SystemSettingsIni')
[2015.11.08-00.05.29:282][  0]LogConsoleResponse:Display: 
[2015.11.08-00.05.32:465][  0]LogCook:Display: Done creating registry. It took  0.00s.
[2015.11.08-00.05.34:931][  0]SourceControl: Info Source control is disabled
[2015.11.08-00.05.35:002][  0]Cmd: MAP LOAD FILE="../../../../../../Users/Kido/Documents/GitHub/NMNYD/The-Curators/AlexPrototype/Content/StarterContent/Maps/Minimal_Default.umap" TEMPLATE=0 SHOWPROGRESS=1 FEATURELEVEL=3
[2015.11.08-00.05.35:064][  0]LightingResults: New page: Lighting Build
[2015.11.08-00.05.35:178][  0]MapCheck: New page: Map Check
[2015.11.08-00.05.35:178][  0]LightingResults: New page: Lighting Build
[2015.11.08-00.05.35:197][  0]LogParticles: Destroying 0 GPU particle simulations for FXSystem 0x00000000154E89A0
[2015.11.08-00.05.39:651][  0]LogLinker:Warning: Can't find file '/Game/Art/Assets/VerticalSliceAssets/characterAssets/gun/gun'
[2015.11.08-00.05.39:683][  0]LoadErrors: Info Failed to load /Game/Tech/AIGuard/GameHud.GameHud_C Referenced by gun8C1B0D41B94BE5FEA7D9F08DA0F2B523
[2015.11.08-00.05.39:683][  0]LogLinker:Warning: Can't find file for asset '/Game/Art/Assets/VerticalSliceAssets/characterAssets/gun/gun' while loading ../../../../../../Users/Kido/Documents/GitHub/NMNYD/The-Curators/AlexPrototype/Content/Tech/AIGuard/GameHud.uasset.
[2015.11.08-00.05.39:683][  0]LoadErrors: Info Failed to load /Game/Tech/AIGuard/GameHud.GameHud_C Referenced by gun8C1B0D41B94BE5FEA7D9F08DA0F2B523
[2015.11.08-00.05.39:683][  0]LoadErrors:Error: Error /Game/Tech/AIGuard/GameHud : Can't find file for asset. /Game/Art/Assets/VerticalSliceAssets/characterAssets/gun/gun
[2015.11.08-00.05.40:636][  0]LogLinker:Warning: Can't find file '/Game/Art/Assets/VerticalSliceAssets/characterAssets/gun/gun'
[2015.11.08-00.05.40:636][  0]LogLinker:Warning: Can't find file for asset '/Game/Art/Assets/VerticalSliceAssets/characterAssets/gun/gun' while loading ../../../../../../Users/Kido/Documents/GitHub/NMNYD/The-Curators/AlexPrototype/Content/Tech/AIGuard/GameHud.uasset.
[2015.11.08-00.05.40:636][  0]LoadErrors:Error: Error /Game/Tech/AIGuard/GameHud : Can't find file for asset. /Game/Art/Assets/VerticalSliceAssets/characterAssets/gun/gun
[2015.11.08-00.05.40:699][  0]LogLinker:Warning: Can't find file '/Game/Art/Assets/VerticalSliceAssets/characterAssets/gun/gun'
[2015.11.08-00.05.40:699][  0]LogLinker:Warning: Can't find file for asset '/Game/Art/Assets/VerticalSliceAssets/characterAssets/gun/gun' while loading ../../../../../../Users/Kido/Documents/GitHub/NMNYD/The-Curators/AlexPrototype/Content/Tech/AIGuard/GameHud.uasset.
[2015.11.08-00.05.40:699][  0]LoadErrors:Error: Error /Game/Tech/AIGuard/GameHud : Can't find file for asset. /Game/Art/Assets/VerticalSliceAssets/characterAssets/gun/gun
[2015.11.08-00.05.42:271][  0]LogLinker:Warning: Can't find file '/Game/Art/Assets/VerticalSliceAssets/characterAssets/gun/gun'
[2015.11.08-00.05.42:271][  0]LogLinker:Warning: Can't find file for asset '/Game/Art/Assets/VerticalSliceAssets/characterAssets/gun/gun' while loading ../../../../../../Users/Kido/Documents/GitHub/NMNYD/The-Curators/AlexPrototype/Content/Tech/ThirdPersonBP/Blueprints/ThirdPersonCharacter.uasset.
[2015.11.08-00.05.42:271][  0]LoadErrors:Error: Error /Game/Tech/ThirdPersonBP/Blueprints/ThirdPersonCharacter : Can't find file for asset. /Game/Art/Assets/VerticalSliceAssets/characterAssets/gun/gun
[2015.11.08-00.05.42:273][  0]LogLinker:Warning: Can't find file '/Game/Art/Assets/VerticalSliceAssets/characterAssets/gun/gun'
[2015.11.08-00.05.42:273][  0]LogLinker:Warning: Can't find file for asset '/Game/Art/Assets/VerticalSliceAssets/characterAssets/gun/gun' while loading ../../../../../../Users/Kido/Documents/GitHub/NMNYD/The-Curators/AlexPrototype/Content/Tech/ThirdPersonBP/Blueprints/ThirdPersonCharacter.uasset.
[2015.11.08-00.05.42:273][  0]LoadErrors:Error: Error /Game/Tech/ThirdPersonBP/Blueprints/ThirdPersonCharacter : Can't find file for asset. /Game/Art/Assets/VerticalSliceAssets/characterAssets/gun/gun
[2015.11.08-00.05.47:719][  0]LogBlueprint:Warning: [compiler ErichCharBlueFinal] Warning InputAction Event references unknown Action 'Walk' for  InputAction Walk 
[2015.11.08-00.05.47:727][  0]LogBlueprint:Warning: [compiler ErichCharBlueFinal] Warning [0095.39] Compile of ErichCharBlueFinal successful, but with 1 Warning(s) [in 62 ms]
[2015.11.08-00.05.47:727][  0]LogBlueprint:Warning: [compiler ErichCharBlueFinal] Warning [0095.39] Compile of ErichCharBlueFinal successful, but with 2 Warning(s) [in 0 ms]
[2015.11.08-00.05.47:727][  0]LogBlueprint:Warning: [compiler ErichCharBlueFinal] Warning [0095.39] Compile of ErichCharBlueFinal successful, but with 3 Warning(s) [in 0 ms]
[2015.11.08-00.05.47:937][  0]LogBlueprint:Warning: [compiler ErichCharBlueFinal] Warning InputAction Event references unknown Action 'Walk' for  InputAction Walk 
[2015.11.08-00.05.47:946][  0]LogBlueprint:Warning: [compiler ErichCharBlueFinal] Warning [0095.61] Compile of ErichCharBlueFinal successful, but with 1 Warning(s) [in 57 ms]
[2015.11.08-00.05.47:946][  0]LogBlueprint:Warning: [compiler ErichCharBlueFinal] Warning [0095.61] Compile of ErichCharBlueFinal successful, but with 2 Warning(s) [in 0 ms]
[2015.11.08-00.06.13:378][  0]LogAIModule: Creating AISystem for world Minimal_Default
[2015.11.08-00.06.13:606][  0]LogEditorServer: Finished looking for orphan Actors (0.032 secs)
[2015.11.08-00.06.13:638][  0]Cmd: MAP CHECKDEP NOCLEARLOG
[2015.11.08-00.06.13:799][  0]MapCheck: Info Map check complete: 0 Error(s), 0 Warning(s), took 161.275ms to complete.
[2015.11.08-00.06.13:799][  0]LogFileHelpers: Loading map 'Minimal_Default' took 38.800
[2015.11.08-00.06.15:043][  0]LogCollectionManager: Loaded 0 collections in 0.004855 seconds
[2015.11.08-00.06.15:179][  0]LogContentBrowser: Native class hierarchy populated in 0.1362 seconds. Added 1792 classes and 301 folders.
[2015.11.08-00.06.16:074][  0]LogContentBrowser: Native class hierarchy updated for 'WidgetCarousel' in 0.0016 seconds. Added 0 classes and 0 folders.
[2015.11.08-00.06.17:818][  0]LogContentBrowser: Native class hierarchy updated for 'AddContentDialog' in 0.0008 seconds. Added 0 classes and 0 folders.
[2015.11.08-00.06.18:685][  0]LogContentBrowser: Native class hierarchy updated for 'SceneOutliner' in 0.0007 seconds. Added 1 classes and 2 folders.
[2015.11.08-00.06.19:806][  0]LogCrashTracker: Crashtracker disabled due to settings.
[2015.11.08-00.06.19:870][  0]LogD3D11RHI: InitD3DDevice
[2015.11.08-00.06.19:873][  0]LogD3D11RHI: InitD3DDevice
[2015.11.08-00.06.20:048][  0]LogUObjectGlobals:Warning: Failed to find object 'Class None.'
[2015.11.08-00.06.20:330][  0]LogLoad: Full Startup: 128.00 seconds (BP compile: 4.98 seconds)
[2015.11.08-00.06.21:319][  0]LogContentStreaming: Texture pool size is 0.000000MB
[2015.11.08-00.06.21:615][  0]LogContentStreaming: Texture pool size now 1000 MB
[2015.11.08-00.06.21:895][  0]LogRenderer: Reallocating scene render targets to support 1160x904 (Frame:2).
[2015.11.08-00.06.22:809][  1]LogD3D11RHI: InitD3DDevice
[2015.11.08-00.06.30:673][ 53]LogAssetRegistry: Asset discovery search completed in 69.1939 seconds
[2015.11.08-00.08.39:505][509]LogRenderer: Reallocating scene render targets to support 1160x944 (Frame:111).
[2015.11.08-00.08.43:457][930]LogD3D11RHI: InitD3DDevice
[2015.11.08-00.08.47:150][930]LogAIModule: Creating AISystem for world Level4
[2015.11.08-00.08.47:220][930]LogActorComponent: UnregisterComponent: (/Engine/Transient.CharMoveComp) Not registered. Aborting.
[2015.11.08-00.08.47:221][930]LogActorComponent: UnregisterComponent: (/Engine/Transient.CharacterMovementComponent_0) Not registered. Aborting.
[2015.11.08-00.08.47:222][930]LogActorComponent: UnregisterComponent: (/Engine/Transient.PawnNoiseEmitterA7A8A77441AB5BE36363A18AD33052F6) Not registered. Aborting.
[2015.11.08-00.08.47:747][930]Cmd: MAP LOAD FILE="../../../../../../Users/Kido/Documents/GitHub/NMNYD/The-Curators/AlexPrototype/Content/Levels/Level4.umap" TEMPLATE=0 SHOWPROGRESS=1 FEATURELEVEL=3
[2015.11.08-00.08.47:749][930]LightingResults: New page: Lighting Build
[2015.11.08-00.08.47:800][930]LoadErrors: New page: Loading map: Level4.umap
[2015.11.08-00.08.47:801][930]MapCheck: New page: Map Check
[2015.11.08-00.08.47:802][930]LightingResults: New page: Lighting Build
[2015.11.08-00.08.47:833][930]LogParticles: Destroying 0 GPU particle simulations for FXSystem 0x000000002275B100
[2015.11.08-00.08.48:207][930]LogAIModule: Creating AISystem for world Level4
[2015.11.08-00.08.48:328][930]LogEditorServer: Finished looking for orphan Actors (0.000 secs)
[2015.11.08-00.08.48:397][930]Cmd: MAP CHECKDEP NOCLEARLOG
[2015.11.08-00.08.48:575][930]MapCheck: Info Map check complete: 0 Error(s), 0 Warning(s), took 177.678ms to complete.
[2015.11.08-00.08.48:575][930]LogFileHelpers: Loading map 'Level4' took 0.830
[2015.11.08-00.10.08:018][ 43]LogD3D11RHI: InitD3DDevice
[2015.11.08-00.10.10:387][266]LogD3D11RHI: InitD3DDevice
[2015.11.08-00.10.16:160][865]LogD3D11RHI: InitD3DDevice
[2015.11.08-00.10.27:259][930]Cmd: CAMERA ALIGN ACTIVEVIEWPORTONLY
[2015.11.08-00.10.42:553][350]Cmd: UpdateLandscapeSetup
[2015.11.08-00.10.47:426][807]LogEditorViewport: Clicking on Actor (LMB): SpotLight (SpotLight)
[2015.11.08-00.10.54:070][475]LogD3D11RHI: InitD3DDevice
[2015.11.08-00.10.54:782][549]Cmd: CAMERA ALIGN ACTIVEVIEWPORTONLY
[2015.11.08-00.10.58:472][949]LogD3D11RHI: InitD3DDevice
[2015.11.08-00.10.59:312][ 37]Cmd: CAMERA ALIGN ACTIVEVIEWPORTONLY
[2015.11.08-00.11.15:930][714]Cmd: CAMERA ALIGN ACTIVEVIEWPORTONLY
[2015.11.08-00.11.19:434][ 38]LogD3D11RHI: InitD3DDevice
[2015.11.08-00.11.20:078][105]Cmd: CAMERA ALIGN ACTIVEVIEWPORTONLY
[2015.11.08-00.11.27:935][900]LogD3D11RHI: InitD3DDevice
[2015.11.08-00.11.49:014][ 91]LogD3D11RHI: InitD3DDevice
[2015.11.08-00.11.56:946][497]LogD3D11RHI: InitD3DDevice
[2015.11.08-00.12.03:714][775]LogD3D11RHI: InitD3DDevice
[2015.11.08-00.12.29:023][617]LogD3D11RHI: InitD3DDevice
[2015.11.08-00.12.30:376][774]LogD3D11RHI: InitD3DDevice
[2015.11.08-00.12.31:021][831]LogD3D11RHI: InitD3DDevice
[2015.11.08-00.12.33:698][ 85]MapCheck: New page: Map Check
[2015.11.08-00.12.33:723][ 85]LogD3D11RHI: InitD3DDevice
[2015.11.08-00.12.33:758][ 85]Cmd: MAP REBUILD ALLVISIBLE
[2015.11.08-00.12.33:760][ 85]LogEditorServer: Rebuildmap Clear paths rebuilt
[2015.11.08-00.12.39:163][ 85]LogActorComponent: UnregisterComponent: (/Engine/Transient.CharMoveComp) Not registered. Aborting.
[2015.11.08-00.12.39:165][ 85]LogActorComponent: UnregisterComponent: (/Engine/Transient.PawnNoiseEmitterA7A8A77441AB5BE36363A18AD33052F6) Not registered. Aborting.
[2015.11.08-00.12.39:165][ 85]LogActorComponent: UnregisterComponent: (/Engine/Transient.CharacterMovementComponent_1) Not registered. Aborting.
[2015.11.08-00.12.39:167][ 85]LogActorComponent: UnregisterComponent: (/Engine/Transient.CharacterMovementComponent_2) Not registered. Aborting.
[2015.11.08-00.12.39:170][ 85]LogActorComponent: UnregisterComponent: (/Engine/Transient.PawnNoiseEmitterComponent_0) Not registered. Aborting.
[2015.11.08-00.12.39:462][ 85]LightingResults: New page: Lighting Build - Nov 7, 2015, 2:12:39 PM
[2015.11.08-00.12.59:147][ 85]LightingResults:Warning: Performance Warning No importance volume found and the scene is so large that the automatically synthesized volume will not yield good results.  Please add a tightly bounding lightmass importance volume to optimize your scene's quality and lighting build times.
[2015.11.08-00.12.59:153][ 85]LogStaticLightingSystem: Running Lightmass w/ ImmediateImport mode ENABLED
[2015.11.08-00.12.59:153][ 85]LogStaticLightingSystem: Running Lightmass w/ ImmediateProcess mode ENABLED
[2015.11.08-00.12.59:153][ 85]LogStaticLightingSystem: Running Lightmass w/ Sorting mode ENABLED
[2015.11.08-00.12.59:153][ 85]LogStaticLightingSystem: Running Lightmass w/ Mapping paddings ENABLED
[2015.11.08-00.12.59:153][ 85]LogStaticLightingSystem: Running Lightmass w/ Mapping debug paddings DISABLED
[2015.11.08-00.12.59:802][ 85]LogD3D11RHI: InitD3DDevice
[2015.11.08-00.12.59:823][ 85]LogEditorBuildUtils: Build time 0:00:26
[2015.11.08-00.12.59:850][ 85]LogD3D11RHI: InitD3DDevice
[2015.11.08-00.13.14:555][ 68]LightingResults:Error: Error <None> Object has overlapping UVs.
[2015.11.08-00.13.14:555][ 68]LightingResults: Info <None> Lightmap UV are overlapping by 4.2%. Please adjust content - Enable Error Coloring to visualize.
[2015.11.08-00.13.15:099][108]LightingResults:Error: Error <None> Object has overlapping UVs.
[2015.11.08-00.13.15:099][108]LightingResults: Info <None> Lightmap UV are overlapping by 13.7%. Please adjust content - Enable Error Coloring to visualize.
[2015.11.08-00.13.16:915][240]LightingResults:Error: Error <None> Object has overlapping UVs.
[2015.11.08-00.13.16:915][240]LightingResults: Info <None> Lightmap UV are overlapping by 6.9%. Please adjust content - Enable Error Coloring to visualize.
[2015.11.08-00.13.28:019][ 60]LightingResults:Error: Error <None> Object has overlapping UVs.
[2015.11.08-00.13.28:020][ 60]LightingResults: Info <None> Lightmap UV are overlapping by 50.0%. Please adjust content - Enable Error Coloring to visualize.
[2015.11.08-00.13.28:038][ 61]LightingResults:Error: Error <None> Object has overlapping UVs.
[2015.11.08-00.13.28:038][ 61]LightingResults: Info <None> Lightmap UV are overlapping by 50.0%. Please adjust content - Enable Error Coloring to visualize.
[2015.11.08-00.13.28:061][ 63]LightingResults:Error: Error <None> Object has overlapping UVs.
[2015.11.08-00.13.28:078][ 64]LightingResults: Info <None> Lightmap UV are overlapping by 50.0%. Please adjust content - Enable Error Coloring to visualize.
[2015.11.08-00.13.28:140][ 68]LightingResults:Error: Error <None> Object has overlapping UVs.
[2015.11.08-00.13.28:141][ 68]LightingResults: Info <None> Lightmap UV are overlapping by 50.0%. Please adjust content - Enable Error Coloring to visualize.
[2015.11.08-00.13.28:163][ 70]LightingResults:Error: Error <None> Object has overlapping UVs.
[2015.11.08-00.13.28:163][ 70]LightingResults: Info <None> Lightmap UV are overlapping by 50.0%. Please adjust content - Enable Error Coloring to visualize.
[2015.11.08-00.13.31:932][340]Job is a success!
[2015.11.08-00.13.31:982][341]LogD3D11RHI: InitD3DDevice
[2015.11.08-00.13.32:014][341]LogD3D11RHI: InitD3DDevice
[2015.11.08-00.13.33:784][341]LogTexture:Display: Building textures: HQ_Lightmap0_1 (AutoDXT)
[2015.11.08-00.13.34:621][341]LogTexture:Display: Building textures: LQ_Lightmap_0_5 (DXT1)
[2015.11.08-00.13.34:622][341]LogTexture:Display: Building textures: HQ_Lightmap0_5 (AutoDXT)
[2015.11.08-00.13.34:623][341]LogTexture:Display: Building textures: LQ_Lightmap_0_4 (DXT1)
[2015.11.08-00.13.34:640][341]LogTexture:Display: Building textures: HQ_Lightmap0_4 (AutoDXT)
[2015.11.08-00.13.34:683][341]LogTexture:Display: Building textures: LQ_Lightmap_0_3 (DXT1)
[2015.11.08-00.13.34:875][341]LogTexture:Display: Building textures: HQ_Lightmap0_3 (AutoDXT)
[2015.11.08-00.13.35:333][341]LogTexture:Display: Building textures: LQ_Lightmap_0_2 (DXT1)
[2015.11.08-00.13.35:442][341]LogTexture:Display: Building textures: HQ_Lightmap0_2 (AutoDXT)
[2015.11.08-00.13.35:799][341]LogTexture:Display: Building textures: LQ_Lightmap_0_1 (DXT1)
[2015.11.08-00.13.37:379][341]LogTexture:Display: Building textures: ShadowMapTexture2D_0 (BGRA8)
[2015.11.08-00.13.38:416][341]LogTexture:Display: Building textures: ShadowMapTexture2D_1 (BGRA8)
[2015.11.08-00.13.38:782][341]LogTexture:Display: Building textures: ShadowMapTexture2D_2 (BGRA8)
[2015.11.08-00.13.51:784][341]Lightmass on KIDO-PC: 37.1 sec total, 284 ms importing, 16 ms setup, 3.56 sec photons, 33.2 sec processing, 0 ms extra exporting [1547/1547 mappings]. Threads: 2:45 min total, 1:39 min processing.
[2015.11.08-00.13.51:784][341]LogD3D11RHI: InitD3DDevice
[2015.11.08-00.13.53:963][341]LogStaticLightingSystem: Illumination: 1:14 min (5.37 sec encoding lightmaps)
[2015.11.08-00.13.53:963][341]LogStaticLightingSystem: Lightmap texture memory:  4.3 MB (0.0 MB streaming, 4.3 MB non-streaming), 10 textures
[2015.11.08-00.13.53:963][341]LogStaticLightingSystem: Shadowmap texture memory: 21.3 MB (0.0 MB streaming, 21.3 MB non-streaming), 3 textures
[2015.11.08-00.13.54:190][342]Cmd: MAP CHECK NOTIFYRESULTS
[2015.11.08-00.13.54:190][342]MapCheck: New page: Level4 - Nov 7, 2015, 2:13:54 PM
[2015.11.08-00.13.54:424][342]MapCheck: Info Map check complete: 0 Error(s), 0 Warning(s), took 233.864ms to complete.
[2015.11.08-00.14.27:461][557]LogEditorViewport: Clicking on Actor (LMB): BP_Sky_Sphere_C (BP_Sky_Sphere)
[2015.11.08-00.16.12:650][161]LogEditorViewport: Clicking on Actor (LMB): BP_Sky_Sphere_C (BP_Sky_Sphere)
[2015.11.08-00.16.17:559][669]LogEditorViewport: Clicking on Actor (LMB): Brush (Box Brush175)
[2015.11.08-00.16.39:758][ 83]LogRenderer: Reallocating scene render targets to support 1184x944 (Frame:33078).
[2015.11.08-00.16.41:900][322]LogRenderer: Reallocating scene render targets to support 1368x944 (Frame:33245).
[2015.11.08-00.17.57:620][ 31]LogD3D11RHI: InitD3DDevice
[2015.11.08-00.17.58:629][142]Cmd: CAMERA ALIGN ACTIVEVIEWPORTONLY
[2015.11.08-00.18.03:422][648]LogD3D11RHI: InitD3DDevice
[2015.11.08-00.18.15:800][ 70]LogD3D11RHI: InitD3DDevice
[2015.11.08-00.18.44:989][ 11]LogD3D11RHI: InitD3DDevice
[2015.11.08-00.18.50:399][626]LogD3D11RHI: InitD3DDevice
[2015.11.08-00.18.55:272][149]LogD3D11RHI: InitD3DDevice
[2015.11.08-00.18.56:087][241]Cmd: CAMERA ALIGN ACTIVEVIEWPORTONLY
[2015.11.08-00.19.25:759][660]LogD3D11RHI: InitD3DDevice
[2015.11.08-00.19.25:847][665]LogD3D11RHI: InitD3DDevice
[2015.11.08-00.19.27:772][885]MapCheck: New page: Map Check
[2015.11.08-00.19.27:797][885]LogD3D11RHI: InitD3DDevice
[2015.11.08-00.19.27:813][885]Cmd: MAP REBUILD
[2015.11.08-00.19.27:814][885]LogEditorServer: Rebuildmap Clear paths rebuilt
[2015.11.08-00.19.32:578][885]Cmd: MAP CHECK DONTDISPLAYDIALOG
[2015.11.08-00.19.32:578][885]MapCheck: New page: Level4 - Nov 7, 2015, 2:19:32 PM
[2015.11.08-00.19.32:755][885]MapCheck: Info Map check complete: 0 Error(s), 0 Warning(s), took 177.341ms to complete.
[2015.11.08-00.19.32:776][885]LogEditorBuildUtils: Build time 0:00:04
[2015.11.08-00.19.51:331][261]LogD3D11RHI: InitD3DDevice
[2015.11.08-00.20.00:039][669]LogD3D11RHI: InitD3DDevice
[2015.11.08-00.20.39:117][924]LogD3D11RHI: InitD3DDevice
[2015.11.08-00.20.40:143][924]LogSavePackage: Save=711.017944ms
[2015.11.08-00.20.40:143][924]LogSavePackage: Moving '../../../../../../Users/Kido/Documents/GitHub/NMNYD/The-Curators/AlexPrototype/Saved/Level4_Auto13A9BDB954431AC3B80B0ADA012DB9DCC.tmp' to '../../../../../../Users/Kido/Documents/GitHub/NMNYD/The-Curators/AlexPrototype/Saved/Autosaves/Game/Levels/Level4_Auto1.umap'
[2015.11.08-00.20.40:166][924]LogFileHelpers: Editor autosave (incl. sublevels) for '/Game/Levels/Level4' took 0.917
[2015.11.08-00.20.40:166][924]LogFileHelpers: Editor autosave (incl. sublevels) for all levels took 0.917
[2015.11.08-00.45.58:787][448]LogD3D11RHI: InitD3DDevice
[2015.11.08-00.46.01:619][448]LogD3D11RHI: InitD3DDevice
[2015.11.08-00.46.02:622][448]LogSavePackage: Save=679.541565ms
[2015.11.08-00.46.02:622][448]LogSavePackage: Moving '../../../../../../Users/Kido/Documents/GitHub/NMNYD/The-Curators/AlexPrototype/Saved/Level44ED05F9442093779BA5BA88443E4EFAE.tmp' to '../../../../../../Users/Kido/Documents/GitHub/NMNYD/The-Curators/AlexPrototype/Content/Levels/Level4.umap'
[2015.11.08-00.46.02:686][448]LogFileHelpers: Saving map 'Level4' took 1.041
[2015.11.08-00.46.03:588][449]Cmd: QUIT_EDITOR
[2015.11.08-00.46.04:435][449]LogExit: Preparing to exit.
[2015.11.08-00.46.05:741][449]LogExit: Editor shut down
[2015.11.08-00.46.05:742][449]LogExit: Transaction tracking system shut down
[2015.11.08-00.46.05:749][449]LogParticles: Destroying 0 GPU particle simulations for FXSystem 0x0000000021688180
[2015.11.08-00.46.05:749][449]LogParticles: Destroying 0 GPU particle simulations for FXSystem 0x00000000279ADA80
[2015.11.08-00.46.05:749][449]LogParticles: Destroying 0 GPU particle simulations for FXSystem 0x000000002835DC60
[2015.11.08-00.46.05:750][449]LogParticles: Destroying 0 GPU particle simulations for FXSystem 0x0000000020717CE0
[2015.11.08-00.46.06:936][449]LogExit: Object subsystem successfully closed.
[2015.11.08-00.46.07:182][449]LogD3D11RHI: Shutdown
[2015.11.08-00.46.07:203][449]LogD3D11RHI: CleanupD3DDevice
[2015.11.08-00.46.07:323][449]LogD3D11RHI: ~FD3D11DynamicRHI
[2015.11.08-00.46.07:432][449]LogModuleManager: Shutting down and abandoning module CrashTracker (188)
[2015.11.08-00.46.07:432][449]LogModuleManager: Shutting down and abandoning module SceneOutliner (187)
[2015.11.08-00.46.07:432][449]LogModuleManager: Shutting down and abandoning module SuperSearch (186)
[2015.11.08-00.46.07:432][449]LogModuleManager: Shutting down and abandoning module WidgetCarousel (185)
[2015.11.08-00.46.07:442][449]LogModuleManager: Shutting down and abandoning module AddContentDialog (184)
[2015.11.08-00.46.07:454][449]LogModuleManager: Shutting down and abandoning module EditorWidgets (183)
[2015.11.08-00.46.07:454][449]LogModuleManager: Shutting down and abandoning module CollectionManager (182)
[2015.11.08-00.46.07:461][449]LogModuleManager: Shutting down and abandoning module StatsViewer (181)
[2015.11.08-00.46.07:469][449]LogModuleManager: Shutting down and abandoning module FoliageEdit (180)
[2015.11.08-00.46.07:469][449]LogModuleManager: Shutting down and abandoning module LandscapeEditor (179)
[2015.11.08-00.46.07:489][449]LogModuleManager: Shutting down and abandoning module ActorPickerMode (178)
[2015.11.08-00.46.07:489][449]LogModuleManager: Shutting down and abandoning module GeometryMode (177)
[2015.11.08-00.46.07:489][449]LogModuleManager: Shutting down and abandoning module TextureAlignMode (176)
[2015.11.08-00.46.07:489][449]LogModuleManager: Shutting down and abandoning module BspMode (175)
[2015.11.08-00.46.07:489][449]LogModuleManager: Shutting down and abandoning module PlacementMode (174)
[2015.11.08-00.46.07:498][449]LogModuleManager: Shutting down and abandoning module AutomationWorker (173)
[2015.11.08-00.46.07:498][449]LogModuleManager: Shutting down and abandoning module CharacterAI (172)
[2015.11.08-00.46.07:498][449]LogModuleManager: Shutting down and abandoning module SmartSnapping (171)
[2015.11.08-00.46.07:499][449]LogModuleManager: Shutting down and abandoning module ViewportSnapping (170)
[2015.11.08-00.46.07:499][449]LogModuleManager: Shutting down and abandoning module LogVisualizer (169)
[2015.11.08-00.46.07:503][449]LogModuleManager: Shutting down and abandoning module GameProjectGeneration (168)
[2015.11.08-00.46.07:517][449]LogModuleManager: Shutting down and abandoning module IntroTutorials (167)
[2015.11.08-00.46.07:533][449]LogModuleManager: Shutting down and abandoning module EditorLiveStreaming (166)
[2015.11.08-00.46.07:533][449]LogModuleManager: Shutting down and abandoning module IOSPlatformEditor (165)
[2015.11.08-00.46.07:540][449]LogModuleManager: Shutting down and abandoning module HTML5PlatformEditor (164)
[2015.11.08-00.46.07:540][449]LogModuleManager: Shutting down and abandoning module AndroidDeviceDetection (163)
[2015.11.08-00.46.07:751][449]LogModuleManager: Shutting down and abandoning module AndroidPlatformEditor (162)
[2015.11.08-00.46.07:751][449]LogModuleManager: Shutting down and abandoning module IOSRuntimeSettings (161)
[2015.11.08-00.46.07:751][449]LogModuleManager: Shutting down and abandoning module AndroidRuntimeSettings (160)
[2015.11.08-00.46.07:751][449]LogModuleManager: Shutting down and abandoning module MergeActors (159)
[2015.11.08-00.46.07:762][449]LogModuleManager: Shutting down and abandoning module SizeMap (158)
[2015.11.08-00.46.07:762][449]LogModuleManager: Shutting down and abandoning module TreeMap (157)
[2015.11.08-00.46.07:772][449]LogModuleManager: Shutting down and abandoning module ReferenceViewer (156)
[2015.11.08-00.46.07:772][449]LogModuleManager: Shutting down and abandoning module LocalizationDashboard (155)
[2015.11.08-00.46.07:772][449]LogModuleManager: Shutting down and abandoning module HardwareTargeting (154)
[2015.11.08-00.46.07:772][449]LogModuleManager: Shutting down and abandoning module DeviceProfileEditor (153)
[2015.11.08-00.46.07:782][449]LogModuleManager: Shutting down and abandoning module UndoHistory (152)
[2015.11.08-00.46.07:788][449]LogModuleManager: Shutting down and abandoning module GameplayTagsEditor (151)
[2015.11.08-00.46.07:792][449]LogModuleManager: Shutting down and abandoning module UserFeedback (150)
[2015.11.08-00.46.07:792][449]LogModuleManager: Shutting down and abandoning module XmlParser (149)
[2015.11.08-00.46.07:803][449]LogModuleManager: Shutting down and abandoning module Blutility (148)
[2015.11.08-00.46.07:803][449]LogModuleManager: Shutting down and abandoning module ProjectTargetPlatformEditor (147)
[2015.11.08-00.46.07:803][449]LogModuleManager: Shutting down and abandoning module ProjectSettingsViewer (146)
[2015.11.08-00.46.07:803][449]LogModuleManager: Shutting down and abandoning module InputBindingEditor (145)
[2015.11.08-00.46.07:821][449]LogModuleManager: Shutting down and abandoning module EditorSettingsViewer (144)
[2015.11.08-00.46.07:821][449]LogModuleManager: Shutting down and abandoning module SettingsEditor (143)
[2015.11.08-00.46.07:829][449]LogModuleManager: Shutting down and abandoning module ProjectLauncher (142)
[2015.11.08-00.46.07:847][449]LogModuleManager: Shutting down and abandoning module SessionFrontend (141)
[2015.11.08-00.46.07:850][449]LogModuleManager: Shutting down and abandoning module ProfilerClient (140)
[2015.11.08-00.46.07:858][449]LogModuleManager: Shutting down and abandoning module TargetDeviceServices (139)
[2015.11.08-00.46.07:858][449]LogModuleManager: Shutting down and abandoning module DeviceManager (138)
[2015.11.08-00.46.07:869][449]LogModuleManager: Shutting down and abandoning module AutomationController (137)
[2015.11.08-00.46.07:875][449]LogModuleManager: Shutting down and abandoning module AutomationWindow (136)
[2015.11.08-00.46.07:881][449]LogModuleManager: Shutting down and abandoning module Layers (135)
[2015.11.08-00.46.07:905][449]LogModuleManager: Shutting down and abandoning module ComponentVisualizers (134)
[2015.11.08-00.46.07:905][449]LogModuleManager: Shutting down and abandoning module DetailCustomizations (133)
[2015.11.08-00.46.07:914][449]LogModuleManager: Shutting down and abandoning module PackagesDialog (132)
[2015.11.08-00.46.07:914][449]LogModuleManager: Shutting down and abandoning module AssetRegistry (131)
[2015.11.08-00.46.08:074][449]LogModuleManager: Shutting down and abandoning module Persona (130)
[2015.11.08-00.46.08:149][449]LogModuleManager: Shutting down and abandoning module Kismet (129)
[2015.11.08-00.46.08:161][449]LogModuleManager: Shutting down and abandoning module GraphEditor (128)
[2015.11.08-00.46.08:181][449]LogModuleManager: Shutting down and abandoning module ClassViewer (127)
[2015.11.08-00.46.08:187][449]LogModuleManager: Shutting down and abandoning module Toolbox (126)
[2015.11.08-00.46.08:187][449]LogModuleManager: Shutting down and abandoning module ModuleUI (125)
[2015.11.08-00.46.08:193][449]LogModuleManager: Shutting down and abandoning module MovieSceneTools (124)
[2015.11.08-00.46.08:213][449]LogModuleManager: Shutting down and abandoning module OutputLog (123)
[2015.11.08-00.46.08:213][449]LogModuleManager: Shutting down and abandoning module GammaUI (122)
[2015.11.08-00.46.08:219][449]LogModuleManager: Shutting down and abandoning module Documentation (121)
[2015.11.08-00.46.08:219][449]LogModuleManager: Shutting down and abandoning module GameLiveStreaming (120)
[2015.11.08-00.46.08:225][449]LogModuleManager: Shutting down and abandoning module StreamingPauseRendering (119)
[2015.11.08-00.46.08:225][449]LogModuleManager: Shutting down and abandoning module AnalyticsET (118)
[2015.11.08-00.46.08:225][449]LogModuleManager: Shutting down and abandoning module Analytics (117)
[2015.11.08-00.46.08:225][449]LogModuleManager: Shutting down and abandoning module AITestSuite (116)
[2015.11.08-00.46.08:232][449]LogModuleManager: Shutting down and abandoning module GameplayDebugger (115)
[2015.11.08-00.46.08:242][449]LogModuleManager: Shutting down and abandoning module AIModule (114)
[2015.11.08-00.46.08:249][449]LogModuleManager: Shutting down and abandoning module ProfilerService (113)
[2015.11.08-00.46.08:470][449]LogModuleManager: Shutting down and abandoning module TaskGraph (112)
[2015.11.08-00.46.08:474][449]LogModuleManager: Shutting down and abandoning module SlateRemote (111)
[2015.11.08-00.46.08:474][449]LogModuleManager: Shutting down and abandoning module SteamVRController (110)
[2015.11.08-00.46.08:475][449]LogModuleManager: Shutting down and abandoning module SteamVR (109)
[2015.11.08-00.46.08:475][449]LogModuleManager: Shutting down and abandoning module ProceduralMeshComponent (108)
[2015.11.08-00.46.08:475][449]LogModuleManager: Shutting down and abandoning module OculusRift (107)
[2015.11.08-00.46.08:475][449]LogModuleManager: Shutting down and abandoning module LeapMotionController (106)
[2015.11.08-00.46.08:543][449]LogModuleManager: Shutting down and abandoning module CustomMeshComponent (105)
[2015.11.08-00.46.08:543][449]LogModuleManager: Shutting down and abandoning module CableComponent (104)
[2015.11.08-00.46.08:550][449]LogModuleManager: Shutting down and abandoning module MessagingDebugger (103)
[2015.11.08-00.46.08:565][449]LogModuleManager: Shutting down and abandoning module MediaPlayerEditor (102)
[2015.11.08-00.46.08:578][449]LogModuleManager: Shutting down and abandoning module SpeedTreeImporter (101)
[2015.11.08-00.46.08:578][449]LogModuleManager: Shutting down and abandoning module PluginBrowser (100)
[2015.11.08-00.46.08:578][449]LogModuleManager: Shutting down and abandoning module EpicSurvey (99)
[2015.11.08-00.46.08:588][449]LogModuleManager: Shutting down and abandoning module DesktopPlatform (98)
[2015.11.08-00.46.08:599][449]LogModuleManager: Shutting down and abandoning module VisualStudioSourceCodeAccess (97)
[2015.11.08-00.46.08:603][449]LogModuleManager: Shutting down and abandoning module UObjectPlugin (96)
[2015.11.08-00.46.08:603][449]LogModuleManager: Shutting down and abandoning module SubversionSourceControl (95)
[2015.11.08-00.46.08:612][449]LogModuleManager: Shutting down and abandoning module PerforceSourceControl (94)
[2015.11.08-00.46.08:617][449]LogModuleManager: Shutting down and abandoning module SourceControl (93)
[2015.11.08-00.46.08:625][449]LogModuleManager: Shutting down and abandoning module GitSourceControl (92)
[2015.11.08-00.46.08:635][449]LogModuleManager: Shutting down and abandoning module BlankPlugin (91)
[2015.11.08-00.46.08:635][449]LogModuleManager: Shutting down and abandoning module PaperTiledImporter (90)
[2015.11.08-00.46.08:635][449]LogModuleManager: Shutting down and abandoning module PaperSpriteSheetImporter (89)
[2015.11.08-00.46.08:635][449]LogModuleManager: Shutting down and abandoning module MeshPaint (88)
[2015.11.08-00.46.08:640][449]LogModuleManager: Shutting down and abandoning module SlateReflector (87)
[2015.11.08-00.46.08:650][449]LogModuleManager: Shutting down and abandoning module DirectoryWatcher (86)
[2015.11.08-00.46.08:650][449]LogModuleManager: Shutting down and abandoning module HotReload (85)
[2015.11.08-00.46.08:651][449]LogModuleManager: Shutting down and abandoning module MainFrame (84)
[2015.11.08-00.46.08:651][449]LogModuleManager: Shutting down and abandoning module LevelEditor (83)
[2015.11.08-00.46.08:670][449]LogModuleManager: Shutting down and abandoning module ContentBrowser (82)
[2015.11.08-00.46.08:671][449]LogModuleManager: Shutting down and abandoning module Paper2DEditor (81)
[2015.11.08-00.46.08:675][449]LogModuleManager: Shutting down and abandoning module UdpMessaging (80)
[2015.11.08-00.46.08:775][449]LogModuleManager: Shutting down and abandoning module Paper2D (79)
[2015.11.08-00.46.08:782][449]LogModuleManager: Shutting down and abandoning module WindowsMoviePlayer (78)
[2015.11.08-00.46.08:795][449]LogModuleManager: Shutting down and abandoning module Media (77)
[2015.11.08-00.46.08:795][449]LogModuleManager: Shutting down and abandoning module WmfMedia (76)
[2015.11.08-00.46.08:800][449]LogModuleManager: Shutting down and abandoning module OnlineBlueprintSupport (75)
[2015.11.08-00.46.08:800][449]LogModuleManager: Shutting down and abandoning module PropertyEditor (74)
[2015.11.08-00.46.08:800][449]LogModuleManager: Shutting down and abandoning module BehaviorTreeEditor (73)
[2015.11.08-00.46.08:821][449]LogModuleManager: Shutting down and abandoning module FunctionalTesting (72)
[2015.11.08-00.46.08:821][449]LogModuleManager: Shutting down and abandoning module CollisionAnalyzer (71)
[2015.11.08-00.46.08:826][449]LogModuleManager: Shutting down and abandoning module WorkspaceMenuStructure (70)
[2015.11.08-00.46.08:826][449]LogModuleManager: Shutting down and abandoning module MessageLog (69)
[2015.11.08-00.46.08:826][449]LogModuleManager: Shutting down and abandoning module Sequencer (68)
[2015.11.08-00.46.08:840][449]LogModuleManager: Shutting down and abandoning module AssetTools (67)
[2015.11.08-00.46.08:860][449]LogModuleManager: Shutting down and abandoning module UMGEditor (66)
[2015.11.08-00.46.08:871][449]LogModuleManager: Shutting down and abandoning module UMG (65)
[2015.11.08-00.46.08:879][449]LogModuleManager: Shutting down and abandoning module Slate (64)
[2015.11.08-00.46.08:879][449]LogModuleManager: Shutting down and abandoning module EditorStyle (63)
[2015.11.08-00.46.08:893][449]LogModuleManager: Shutting down and abandoning module SessionServices (62)
[2015.11.08-00.46.08:893][449]LogModuleManager: Shutting down and abandoning module SourceCodeAccess (61)
[2015.11.08-00.46.08:893][449]LogModuleManager: Shutting down and abandoning module HeadMountedDisplay (60)
[2015.11.08-00.46.08:893][449]LogModuleManager: Shutting down and abandoning module XAudio2 (59)
[2015.11.08-00.46.08:893][449]LogModuleManager: Shutting down and abandoning module Networking (57)
[2015.11.08-00.46.08:893][449]LogModuleManager: Shutting down and abandoning module Core (56)
[2015.11.08-00.46.08:893][449]LogModuleManager: Shutting down and abandoning module KismetCompiler (55)
[2015.11.08-00.46.08:893][449]LogModuleManager: Shutting down and abandoning module PhysXFormats (54)
[2015.11.08-00.46.08:893][449]LogModuleManager: Shutting down and abandoning module MeshUtilities (53)
[2015.11.08-00.46.08:905][449]LogModuleManager: Shutting down and abandoning module DerivedDataCache (52)
[2015.11.08-00.46.08:964][449]LogDerivedDataCache: Shutdown
[2015.11.08-00.46.08:964][449]LogModuleManager: Shutting down and abandoning module ShaderFormatOpenGL (51)
[2015.11.08-00.46.08:969][449]LogModuleManager: Shutting down and abandoning module ShaderFormatD3D (50)
[2015.11.08-00.46.08:969][449]LogModuleManager: Shutting down and abandoning module MetalShaderFormat (49)
[2015.11.08-00.46.08:988][449]LogModuleManager: Shutting down and abandoning module TextureFormatUncompressed (48)
[2015.11.08-00.46.08:988][449]LogModuleManager: Shutting down and abandoning module TextureFormatPVR (47)
[2015.11.08-00.46.08:988][449]LogModuleManager: Shutting down and abandoning module TextureFormatIntelISPCTexComp (46)
[2015.11.08-00.46.08:988][449]LogModuleManager: Shutting down and abandoning module TextureFormatDXT (45)
[2015.11.08-00.46.08:988][449]LogModuleManager: Shutting down and abandoning module ImageWrapper (44)
[2015.11.08-00.46.08:988][449]LogModuleManager: Shutting down and abandoning module TextureFormatASTC (43)
[2015.11.08-00.46.08:988][449]LogModuleManager: Shutting down and abandoning module TextureFormatAndroid (42)
[2015.11.08-00.46.08:988][449]LogModuleManager: Shutting down and abandoning module AudioFormatOpus (41)
[2015.11.08-00.46.08:988][449]LogModuleManager: Shutting down and abandoning module AudioFormatOgg (40)
[2015.11.08-00.46.08:988][449]LogModuleManager: Shutting down and abandoning module AudioFormatADPCM (39)
[2015.11.08-00.46.08:988][449]LogModuleManager: Shutting down and abandoning module LinuxTargetPlatform (38)
[2015.11.08-00.46.08:988][449]LogModuleManager: Shutting down and abandoning module LinuxServerTargetPlatform (37)
[2015.11.08-00.46.08:988][449]LogModuleManager: Shutting down and abandoning module LinuxNoEditorTargetPlatform (36)
[2015.11.08-00.46.08:988][449]LogModuleManager: Shutting down and abandoning module Messaging (35)
[2015.11.08-00.46.08:988][449]LogModuleManager: Shutting down and abandoning module IOSTargetPlatform (34)
[2015.11.08-00.46.08:988][449]LogModuleManager: Shutting down and abandoning module HTML5TargetPlatform (33)
[2015.11.08-00.46.08:988][449]LogModuleManager: Shutting down and abandoning module Android_PVRTCTargetPlatform (32)
[2015.11.08-00.46.08:988][449]LogModuleManager: Shutting down and abandoning module Android_ETC2TargetPlatform (31)
[2015.11.08-00.46.08:989][449]LogModuleManager: Shutting down and abandoning module Android_ETC1TargetPlatform (30)
[2015.11.08-00.46.08:989][449]LogModuleManager: Shutting down and abandoning module Android_DXTTargetPlatform (29)
[2015.11.08-00.46.08:989][449]LogModuleManager: Shutting down and abandoning module Android_ATCTargetPlatform (28)
[2015.11.08-00.46.08:989][449]LogModuleManager: Shutting down and abandoning module Android_ASTCTargetPlatform (27)
[2015.11.08-00.46.08:989][449]LogModuleManager: Shutting down and abandoning module AndroidTargetPlatform (26)
[2015.11.08-00.46.08:989][449]LogModuleManager: Shutting down and abandoning module WindowsTargetPlatform (25)
[2015.11.08-00.46.08:989][449]LogModuleManager: Shutting down and abandoning module WindowsServerTargetPlatform (24)
[2015.11.08-00.46.08:989][449]LogModuleManager: Shutting down and abandoning module WindowsNoEditorTargetPlatform (23)
[2015.11.08-00.46.08:989][449]LogModuleManager: Shutting down and abandoning module WindowsClientTargetPlatform (22)
[2015.11.08-00.46.08:989][449]LogModuleManager: Shutting down and abandoning module DesktopTargetPlatform (21)
[2015.11.08-00.46.08:989][449]LogModuleManager: Shutting down and abandoning module TargetPlatform (20)
[2015.11.08-00.46.08:989][449]LogModuleManager: Shutting down and abandoning module InputCore (19)
[2015.11.08-00.46.08:989][449]LogModuleManager: Shutting down and abandoning module Settings (18)
[2015.11.08-00.46.08:989][449]LogModuleManager: Shutting down and abandoning module OnlineSubsystem (16)
[2015.11.08-00.46.08:989][449]LogModuleManager: Shutting down and abandoning module HTTP (15)
[2015.11.08-00.46.08:989][449]LogModuleManager: Shutting down and abandoning module ExampleDeviceProfileSelector (14)
[2015.11.08-00.46.08:989][449]LogModuleManager: Shutting down and abandoning module TextureCompressor (13)
[2015.11.08-00.46.08:990][449]LogModuleManager: Shutting down and abandoning module ShaderCore (12)
[2015.11.08-00.46.08:990][449]LogModuleManager: Shutting down and abandoning module Landscape (11)
[2015.11.08-00.46.08:990][449]LogModuleManager: Shutting down and abandoning module SlateRHIRenderer (10)
[2015.11.08-00.46.09:002][449]LogModuleManager: Shutting down and abandoning module OpenGLDrv (9)
[2015.11.08-00.46.09:006][449]LogModuleManager: Shutting down and abandoning module D3D11RHI (8)
[2015.11.08-00.46.09:006][449]LogModuleManager: Shutting down and abandoning module Renderer (7)
[2015.11.08-00.46.09:006][449]LogModuleManager: Shutting down and abandoning module Engine (6)
[2015.11.08-00.46.09:006][449]LogModuleManager: Shutting down and abandoning module CoreUObject (5)
[2015.11.08-00.46.09:006][449]LogModuleManager: Shutting down and abandoning module NetworkFile (4)
[2015.11.08-00.46.09:015][449]LogModuleManager: Shutting down and abandoning module StreamingFile (3)
[2015.11.08-00.46.09:024][449]LogModuleManager: Shutting down and abandoning module SandboxFile (2)
[2015.11.08-00.46.09:035][449]LogModuleManager: Shutting down and abandoning module PakFile (1)
[2015.11.08-00.46.09:044][449]LogExit: Exiting.
[2015.11.08-00.46.09:127][449]Log file closed, 11/07/15 19:46:09
