[2015.11.30-08.21.37:659][  0]Log file open, 11/30/15 03:21:37
[2015.11.30-08.21.37:659][  0]LogInit:Display: Running engine for game: MyProject
[2015.11.30-08.21.37:659][  0]LogInit:Display: RandInit(-840084917) SRandInit(-840084916).
[2015.11.30-08.21.37:659][  0]LogTaskGraph: Started task graph with 4 named threads and 6 total threads.
[2015.11.30-08.21.37:659][  0]LogStats: Stats thread started
[2015.11.30-08.21.37:659][  0]LogInit: Version: 4.8.3-2634408+++depot+UE4-Releases+4.8
[2015.11.30-08.21.37:659][  0]LogInit: API Version: 2579680
[2015.11.30-08.21.37:678][  0]LogInit: Compiled (64-bit): Jul 27 2015 16:24:33
[2015.11.30-08.21.37:678][  0]LogInit: Compiled with Visual C++: 18.00.21005.01
[2015.11.30-08.21.37:678][  0]LogInit: Build Configuration: Development
[2015.11.30-08.21.37:678][  0]LogInit: Branch Name: ++depot+UE4-Releases+4.8
[2015.11.30-08.21.37:678][  0]LogInit: Command line:  
[2015.11.30-08.21.37:678][  0]LogInit: Base directory: C:/Program Files/Epic Games/4.8/Engine/Binaries/Win64/
[2015.11.30-08.21.37:678][  0]LogInit: Rocket: 1
[2015.11.30-08.21.37:739][  0]LogInit: Using libcurl 7.41.0
[2015.11.30-08.21.37:739][  0]LogInit:  - built for x86_64-pc-win32
[2015.11.30-08.21.37:739][  0]LogInit:  - supports SSL with WinSSL
[2015.11.30-08.21.37:739][  0]LogInit:  - other features:
[2015.11.30-08.21.37:739][  0]LogInit:      CURL_VERSION_SSL
[2015.11.30-08.21.37:739][  0]LogInit:      CURL_VERSION_IPV6
[2015.11.30-08.21.37:739][  0]LogInit:      CURL_VERSION_ASYNCHDNS
[2015.11.30-08.21.37:739][  0]LogInit:      CURL_VERSION_LARGEFILE
[2015.11.30-08.21.37:739][  0]LogInit:      CURL_VERSION_IDN
[2015.11.30-08.21.37:739][  0]LogInit:  CurlRequestOptions (configurable via config and command line):
[2015.11.30-08.21.37:739][  0]LogInit:  - bVerifyPeer = true  - Libcurl will verify peer certificate
[2015.11.30-08.21.37:739][  0]LogInit:  - bUseHttpProxy = false  - Libcurl will NOT use HTTP proxy
[2015.11.30-08.21.37:739][  0]LogInit:  - bDontReuseConnections = false  - Libcurl will reuse connections
[2015.11.30-08.21.37:739][  0]LogInit:  - CertBundlePath = nullptr  - Libcurl will use whatever was configured at build time.
[2015.11.30-08.21.37:767][  0]LogOnline:Warning: No default platform service specified for OnlineSubsystem
[2015.11.30-08.21.38:342][  0]LogInit: Presizing for 0 objects not considered by GC, pre-allocating 0 bytes.
[2015.11.30-08.21.38:609][  0]LogInit: Object subsystem initialized
[2015.11.30-08.21.38:730][  0]LogConsoleResponse:Warning: Skipping Unknown console variable: 'TranslucentSortAxis = (X=0.000000,Y=-1.000000,Z=0.000000)'
[2015.11.30-08.21.38:730][  0]LogConsoleResponse:Warning:   Found in ini file 'C:/Users/Kido/Documents/GitHub/NMNYD/The-Curators/AlexPrototype/Saved/Config/Windows/Engine.ini', in section '[/Script/Engine.RendererSettings]'
[2015.11.30-08.21.38:730][  0]LogConsoleResponse:Warning: Skipping Unknown console variable: 'UIScaleRule = ShortestSide'
[2015.11.30-08.21.38:730][  0]LogConsoleResponse:Warning:   Found in ini file 'C:/Users/Kido/Documents/GitHub/NMNYD/The-Curators/AlexPrototype/Saved/Config/Windows/Engine.ini', in section '[/Script/Engine.RendererSettings]'
[2015.11.30-08.21.38:730][  0]LogConsoleResponse:Warning: Skipping Unknown console variable: 'UIScaleCurve = (EditorCurveData=(Keys=),ExternalCurve=None)'
[2015.11.30-08.21.38:730][  0]LogConsoleResponse:Warning:   Found in ini file 'C:/Users/Kido/Documents/GitHub/NMNYD/The-Curators/AlexPrototype/Saved/Config/Windows/Engine.ini', in section '[/Script/Engine.RendererSettings]'
[2015.11.30-08.21.39:251][  0]LogInit: Selected Device Profile: [Windows]
[2015.11.30-08.21.39:251][  0]LogInit: Applying CVar settings loaded from the selected device profile: [Windows]
[2015.11.30-08.21.39:438][  0]LogInit: Computer: KIDO-PC
[2015.11.30-08.21.39:438][  0]LogInit: User: Kido
[2015.11.30-08.21.39:438][  0]LogInit: CPU Page size=4096, Cores=3
[2015.11.30-08.21.39:438][  0]LogInit: High frequency timer resolution =3.429521 MHz
[2015.11.30-08.21.39:438][  0]LogMemory: Memory total: Physical=7.9GB (8GB approx)
[2015.11.30-08.21.39:439][  0]LogMemory: Platform Memory Stats for Windows
[2015.11.30-08.21.39:439][  0]LogMemory: Process Physical Memory: 58.36 MB used, 58.36 MB peak
[2015.11.30-08.21.39:439][  0]LogMemory: Process Virtual Memory: 30.50 MB used, 31.59 MB peak
[2015.11.30-08.21.39:439][  0]LogMemory: Physical Memory: 3795.99 MB used, 8088.61 MB total
[2015.11.30-08.21.39:439][  0]LogMemory: Virtual Memory: 290.81 MB used, 8388608.00 MB total
[2015.11.30-08.21.40:882][  0]LogTextLocalizationManager: The requested culture ('en_US') has no localization data; parent culture's ('en') localization data will be used.
[2015.11.30-08.21.41:645][  0]LogTextLocalizationManager:Warning: Loaded localization resources contain conflicting entries for (Namespace:ContentBrowser, Key:ImportAssetToolTip):
Localization Resource: (C:/Program Files/Epic Games/4.8/Engine/Content/Localization/Editor/en/Editor.locres) Source String Hash: (-630476809) Localized String: (Import to {0}...)
Localization Resource: (C:/Program Files/Epic Games/4.8/Engine/Content/Localization/Editor/en/Editor.locres) Source String Hash: (1271782899) Localized String: (Imports an asset from file to this folder.)
[2015.11.30-08.21.43:093][  0]LogD3D11RHI: Found D3D11 adapter 0: AMD Radeon R9 200 Series (Feature Level 11_0)
[2015.11.30-08.21.43:093][  0]LogD3D11RHI: Adapter has 2027MB of dedicated video memory, 0MB of dedicated system memory, and 3788MB of shared system memory, 2 output[s]
[2015.11.30-08.21.43:093][  0]LogD3D11RHI: Chosen D3D11 Adapter Id = 0
[2015.11.30-08.21.43:099][  0]LogD3D11RHI: InitD3DDevice
[2015.11.30-08.21.43:099][  0]LogD3D11RHI: !Direct3DDevice
[2015.11.30-08.21.43:100][  0]LogRHI: Texture pool is 1361 MB (70% of 1945 MB)
[2015.11.30-08.21.43:108][  0]LogD3D11RHI: Async texture creation disabled: no driver support
[2015.11.30-08.21.43:692][  0]LogShaderCompilers:Display: Using Local Shader Compiler.
[2015.11.30-08.21.52:005][  0]LogTemp:Display: Loaded TP DesktopTargetPlatform
[2015.11.30-08.21.52:037][  0]LogTemp:Display: Loaded TP WindowsClientTargetPlatform
[2015.11.30-08.21.52:073][  0]LogTemp:Display: Loaded TP WindowsNoEditorTargetPlatform
[2015.11.30-08.21.52:131][  0]LogTemp:Display: Loaded TP WindowsServerTargetPlatform
[2015.11.30-08.21.52:169][  0]LogTemp:Display: Loaded TP WindowsTargetPlatform
[2015.11.30-08.21.52:248][  0]LogTemp:Display: Loaded TP AndroidTargetPlatform
[2015.11.30-08.21.52:287][  0]LogTemp:Display: Loaded TP Android_ASTCTargetPlatform
[2015.11.30-08.21.52:318][  0]LogTemp:Display: Loaded TP Android_ATCTargetPlatform
[2015.11.30-08.21.52:355][  0]LogTemp:Display: Loaded TP Android_DXTTargetPlatform
[2015.11.30-08.21.52:392][  0]LogTemp:Display: Loaded TP Android_ETC1TargetPlatform
[2015.11.30-08.21.52:425][  0]LogTemp:Display: Loaded TP Android_ETC2TargetPlatform
[2015.11.30-08.21.52:462][  0]LogTemp:Display: Loaded TP Android_PVRTCTargetPlatform
[2015.11.30-08.21.52:719][  0]LogTemp:Display: Loaded TP IOSTargetPlatform
[2015.11.30-08.21.52:749][  0]LogTemp:Display: Loaded TP LinuxNoEditorTargetPlatform
[2015.11.30-08.21.52:778][  0]LogTemp:Display: Loaded TP LinuxServerTargetPlatform
[2015.11.30-08.21.52:832][  0]LogTemp:Display: Loaded TP LinuxTargetPlatform
[2015.11.30-08.21.52:832][  0]LogTargetPlatformManager:Display: Building Assets For Windows
[2015.11.30-08.21.53:855][  0]LogDerivedDataCache:Display: Max Cache Size: 512 MB
[2015.11.30-08.21.54:406][  0]LogDerivedDataCache: Loaded boot cache 0.55s 56MB C:/Users/Kido/AppData/Local/UnrealEngine/4.8/DerivedDataCache/Boot.ddc.
[2015.11.30-08.21.54:406][  0]LogDerivedDataCache:Display: Loaded Boot cache: C:/Users/Kido/AppData/Local/UnrealEngine/4.8/DerivedDataCache/Boot.ddc
[2015.11.30-08.21.54:406][  0]LogDerivedDataCache: FDerivedDataBackendGraph:  Pak pak cache file ../../../../../../Users/Kido/Documents/GitHub/NMNYD/The-Curators/AlexPrototype/DerivedDataCache/DDC.ddp not found, will not use a pak cache.
[2015.11.30-08.21.54:406][  0]LogDerivedDataCache: Unable to find inner node Pak for hierarchical cache Hierarchy.
[2015.11.30-08.21.54:406][  0]LogDerivedDataCache: FDerivedDataBackendGraph:  CompressedPak pak cache file ../../../../../../Users/Kido/Documents/GitHub/NMNYD/The-Curators/AlexPrototype/DerivedDataCache/Compressed.ddp not found, will not use a pak cache.
[2015.11.30-08.21.54:406][  0]LogDerivedDataCache: Unable to find inner node CompressedPak for hierarchical cache Hierarchy.
[2015.11.30-08.21.54:635][  0]LogDerivedDataCache:Display: Pak cache opened for reading ../../../Engine/DerivedDataCache/Compressed.ddp.
[2015.11.30-08.21.54:667][  0]LogDerivedDataCache: Using Local data cache path C:/Users/Kido/AppData/Local/UnrealEngine/Common/DerivedDataCache: Writable
[2015.11.30-08.22.06:295][  0]LogInit: Selected Device Profile: [Windows]
[2015.11.30-08.22.06:433][  0]ImportText (ComponentSweepMultiTests): Missing closing parenthesis: (RootShapeAsset="/Engine/BasicShapes/Cube.Cube",ShapeType="TriggerCapsule",HitResult=(Time=0.50,Location=(X=-100.000015,Y=0.0,Z=100.000015),ImpactPoint=(X=-50.0,Y=0.0,Z=50.0),Normal=(X=-1.0,Y=-0.0,Z=0.0),ImpactNormal=(X=0.0,Y=0.0,Z=1.0),TraceStart=(X=-200.0,Y=0.0,Z=200.0),TraceEnd=(X=0.0,Y=0.0,Z=0.0))
[2015.11.30-08.22.06:433][  0]ImportText (LineTraceSingleByChannelTests): Missing closing parenthesis: (RootShapeAsset="/Engine/BasicShapes/Cube.Cube",HitResult=(Time=0.50,Location=(X=-100.000015,Y=0.0,Z=100.000015),ImpactPoint=(X=-50.0,Y=0.0,Z=50.0),Normal=(X=-1.0,Y=-0.0,Z=0.0),ImpactNormal=(X=0.0,Y=0.0,Z=1.0),TraceStart=(X=-200.0,Y=0.0,Z=200.0),TraceEnd=(X=0.0,Y=0.0,Z=0.0))
[2015.11.30-08.22.06:889][  0]LogMeshUtilities: No automatic mesh reduction module available
[2015.11.30-08.22.06:889][  0]LogMeshUtilities: No automatic mesh merging module available
[2015.11.30-08.22.12:477][  0]LogInit: WinSock: version 1.1 (2.2), MaxSocks=32767, MaxUdp=65467
[2015.11.30-08.22.55:599][  0]UdpMessaging: Initializing bridge on interface 0.0.0.0:0 to multicast group 230.0.0.1:6666.
[2015.11.30-08.22.58:818][  0]SourceControl: Info Source control is disabled
[2015.11.30-08.22.58:917][  0]SourceControl: Info Source control is disabled
[2015.11.30-08.22.58:998][  0]SourceControl: Info Source control is disabled
[2015.11.30-08.22.59:061][  0]SourceControl: Info Source control is disabled
[2015.11.30-08.23.00:674][  0]LogObj: 26273 objects as part of root set at end of initial load.
[2015.11.30-08.23.00:674][  0]LogUObjectAllocator: 5409256 out of 0 bytes used by permanent object pool.
[2015.11.30-08.23.01:744][  0]LogEngine: Initializing Engine...
[2015.11.30-08.23.01:789][  0]LogHMD: Can't find Oculus library dev build: is proper Runtime installed? Version: 0.6.0.0
[2015.11.30-08.23.01:919][  0]LogHMD:Warning: SteamVR failed to initialize.  Error: 100
[2015.11.30-08.23.05:198][  0]LogAIModule: Creating AISystem for world NewWorld
[2015.11.30-08.23.05:774][  0]LogInit: XAudio2 using 'Speakers (Realtek High Definition Audio)' : 2 channels at 48 kHz using 32 bits per sample (channel mask 0x3)
[2015.11.30-08.23.05:835][  0]LogInit: FAudioDevice initialized.
[2015.11.30-08.23.05:891][  0]LogDerivedDataCache: Saved boot cache 0.06s 56MB C:/Users/Kido/AppData/Local/UnrealEngine/4.8/DerivedDataCache/Boot.ddc.
[2015.11.30-08.23.05:906][  0]LogInit: Texture streaming: Disabled
[2015.11.30-08.23.06:063][  0]LogAnalytics: Creating configured Analytics provider AnalyticsET
[2015.11.30-08.23.06:063][  0]LogAnalytics: [UEEditor.Rocket.Release] APIServer = http://et2.epicgames.com/ET2/. AppVersion = 4.8.3-2634408+++depot+UE4-Releases+4.8
[2015.11.30-08.23.06:063][  0]LogAnalytics: [UEEditor.Rocket.Release] SetUserId 43320ea4426e19879c0674aa75267495|ac704d33c08e461d905fa8a004e85986|70feb17f-f50f-4812-9d0e-586ab78027fa
[2015.11.30-08.23.06:071][  0]LogAnalytics: [UEEditor.Rocket.Release] AnalyticsET::StartSession
[2015.11.30-08.23.06:440][  0]LogInit: Transaction tracking system initialized
[2015.11.30-08.23.07:257][  0]BlueprintLog: New page: Editor Load
[2015.11.30-08.23.07:452][  0]LogAssetRegistry: FAssetRegistry took 0.0268 seconds to start up
[2015.11.30-08.23.07:461][  0]LogDirectoryWatcher:Warning: Failed to begin reading directory changes for ../../../Engine/Plugins/Experimental/CharacterAI/Content/. Error: 0
[2015.11.30-08.23.18:202][  0]LogConsoleManager:Warning: Console variable 'r.VSync' wasn't set ('GameSetting' has a lower priority than 'SystemSettingsIni')
[2015.11.30-08.23.18:202][  0]LogConsoleResponse:Display: 
[2015.11.30-08.23.22:978][  0]LogCook:Display: Done creating registry. It took  0.00s.
[2015.11.30-08.23.26:452][  0]SourceControl: Info Source control is disabled
[2015.11.30-08.23.26:530][  0]Cmd: MAP LOAD FILE="../../../../../../Users/Kido/Documents/GitHub/NMNYD/The-Curators/AlexPrototype/Content/Levels/MainMenu.umap" TEMPLATE=0 SHOWPROGRESS=1 FEATURELEVEL=3
[2015.11.30-08.23.26:567][  0]LightingResults: New page: Lighting Build
[2015.11.30-08.23.27:479][  0]MapCheck: New page: Map Check
[2015.11.30-08.23.27:479][  0]LightingResults: New page: Lighting Build
[2015.11.30-08.23.28:096][  0]LogParticles: Destroying 0 GPU particle simulations for FXSystem 0x000000001B9689A0
[2015.11.30-08.23.39:879][  0]LogBlueprint:Warning: [compiler ThirdPersonCharacter] Warning Input Axis Event references unknown Axis 'LookUp' for  InputAxis LookUp 
[2015.11.30-08.23.39:914][  0]LogBlueprint:Warning: [compiler ThirdPersonCharacter] Warning [0132.30] Compile of ThirdPersonCharacter successful, but with 1 Warning(s) [in 380 ms]
[2015.11.30-08.23.39:914][  0]LogBlueprint:Warning: [compiler ThirdPersonCharacter] Warning [0132.30] Compile of ThirdPersonCharacter successful, but with 2 Warning(s) [in 0 ms]
[2015.11.30-08.23.39:914][  0]LogBlueprint:Warning: [compiler ThirdPersonCharacter] Warning [0132.30] Compile of ThirdPersonCharacter successful, but with 3 Warning(s) [in 0 ms]
[2015.11.30-08.23.44:858][  0]LogBlueprint:Warning: [compiler ErichFinalCharCombined] Warning Input Axis Event references unknown Axis 'LookUp' for  InputAxis LookUp 
[2015.11.30-08.23.44:905][  0]LogBlueprint:Warning: [compiler ErichFinalCharCombined] Warning [0137.29] Compile of ErichFinalCharCombined successful, but with 1 Warning(s) [in 429 ms]
[2015.11.30-08.23.44:907][  0]LogBlueprint:Warning: [compiler ErichFinalCharCombined] Warning [0137.29] Compile of ErichFinalCharCombined successful, but with 2 Warning(s) [in 1 ms]
[2015.11.30-08.23.44:907][  0]LogBlueprint:Warning: [compiler ErichFinalCharCombined] Warning [0137.29] Compile of ErichFinalCharCombined successful, but with 3 Warning(s) [in 0 ms]
[2015.11.30-08.23.46:087][  0]LogBlueprint:Warning: [compiler ThirdPersonCharacter] Warning Input Axis Event references unknown Axis 'LookUp' for  InputAxis LookUp 
[2015.11.30-08.23.46:124][  0]LogBlueprint:Warning: [compiler ThirdPersonCharacter] Warning [0138.51] Compile of ThirdPersonCharacter successful, but with 1 Warning(s) [in 343 ms]
[2015.11.30-08.23.46:125][  0]LogBlueprint:Warning: [compiler ThirdPersonCharacter] Warning [0138.51] Compile of ThirdPersonCharacter successful, but with 2 Warning(s) [in 0 ms]
[2015.11.30-08.23.46:675][  0]LogBlueprint:Warning: [compiler ErichFinalCharCombined] Warning Input Axis Event references unknown Axis 'LookUp' for  InputAxis LookUp 
[2015.11.30-08.23.46:730][  0]LogBlueprint:Warning: [compiler ErichFinalCharCombined] Warning [0139.12] Compile of ErichFinalCharCombined successful, but with 1 Warning(s) [in 436 ms]
[2015.11.30-08.23.46:732][  0]LogBlueprint:Warning: [compiler ErichFinalCharCombined] Warning [0139.12] Compile of ErichFinalCharCombined successful, but with 2 Warning(s) [in 1 ms]
[2015.11.30-08.24.46:714][  0]LogWmfMedia:Error: Failed to create source object from URL for C:/Users/Justin's/Pictures/Curators/NewMenuAssets/Output/maxresdefault (1).mp4
[2015.11.30-08.24.46:880][  0]LogAIModule: Creating AISystem for world MainMenu
[2015.11.30-08.24.49:660][  0]LogEditorServer: Finished looking for orphan Actors (0.000 secs)
[2015.11.30-08.24.49:698][  0]Cmd: MAP CHECKDEP NOCLEARLOG
[2015.11.30-08.24.50:082][  0]MapCheck: Info Map check complete: 0 Error(s), 0 Warning(s), took 383.782ms to complete.
[2015.11.30-08.24.50:083][  0]LogFileHelpers: Loading map 'MainMenu' took 83.566
[2015.11.30-08.25.06:461][  0]LogCollectionManager: Loaded 0 collections in 0.003678 seconds
[2015.11.30-08.25.06:626][  0]LogContentBrowser: Native class hierarchy populated in 0.1055 seconds. Added 1792 classes and 301 folders.
[2015.11.30-08.25.09:526][  0]LogContentBrowser: Native class hierarchy updated for 'WidgetCarousel' in 0.0015 seconds. Added 0 classes and 0 folders.
[2015.11.30-08.25.12:193][  0]LogContentBrowser: Native class hierarchy updated for 'AddContentDialog' in 0.0012 seconds. Added 0 classes and 0 folders.
[2015.11.30-08.25.14:221][  0]LogContentBrowser: Native class hierarchy updated for 'SceneOutliner' in 0.0014 seconds. Added 1 classes and 2 folders.
[2015.11.30-08.25.18:846][  0]LogCrashTracker: Crashtracker disabled due to settings.
[2015.11.30-08.25.19:102][  0]LogD3D11RHI: InitD3DDevice
[2015.11.30-08.25.19:175][  0]LogUObjectGlobals:Warning: Failed to find object 'Class None.'
[2015.11.30-08.25.19:248][  0]LogLoad: Full Startup: 231.63 seconds (BP compile: 7.77 seconds)
[2015.11.30-08.25.21:453][  0]LogContentStreaming: Texture pool size is 0.000000MB
[2015.11.30-08.25.21:838][  0]LogContentStreaming: Texture pool size now 1000 MB
[2015.11.30-08.25.22:295][  0]LogRenderer: Reallocating scene render targets to support 1072x904 (Frame:2).
[2015.11.30-08.25.24:254][ 35]LogAssetRegistry: Asset discovery search completed in 136.8134 seconds
[2015.11.30-08.28.28:940][793]LogD3D11RHI: InitD3DDevice
[2015.11.30-08.28.29:772][889]LogD3D11RHI: InitD3DDevice
[2015.11.30-08.29.41:641][889]LogMaterial: Missing cached shader map for material m_wallMat, compiling. 
[2015.11.30-08.29.46:029][889]LogTexture:Display: Building textures: Table1_Material_Roughness (AutoDXT)
[2015.11.30-08.29.52:519][889]LogAIModule: Creating AISystem for world Level1
[2015.11.30-08.29.52:525][889]LogMaterial:Warning: Material /Game/Art/VerticalSliceAssets/egyptianAssets/vaseEgyptian/vaseEgyptianBase.vaseEgyptianBase needed to have new flag set bUsedWithStaticLighting !
[2015.11.30-08.29.52:595][889]LogMaterial: Missing cached shader map for material vaseEgyptianBase, compiling. 
[2015.11.30-08.29.52:609][889]LogMaterial: 0.000118 seconds spent updating 1 materials, 1 interfaces, 0 instances, 0 with static permutations.
[2015.11.30-08.29.52:610][889]LogParticles:Warning: InitializeSystem called on an unregistered component. Template=/Game/Art/Assets/Particles/p_displayParticle.p_displayParticle Component=/Game/Levels/Level1.Level1:PersistentLevel.displayCaseBP_236.displayCase
[2015.11.30-08.29.52:664][889]LogParticles:Warning: InitializeSystem called on an unregistered component. Template=/Game/Art/Assets/Particles/p_displayParticle.p_displayParticle Component=/Game/Levels/Level1.Level1:PersistentLevel.displayCaseBP2.displayCase
[2015.11.30-08.29.52:664][889]LogMaterial:Warning: Material /Game/Art/VerticalSliceAssets/egyptianAssets/sandals/sandels.sandels needed to have new flag set bUsedWithStaticLighting !
[2015.11.30-08.29.52:667][889]LogMaterial: Missing cached shader map for material sandels, compiling. 
[2015.11.30-08.29.52:683][889]LogMaterial: 0.000115 seconds spent updating 1 materials, 1 interfaces, 0 instances, 0 with static permutations.
[2015.11.30-08.29.52:683][889]LogParticles:Warning: InitializeSystem called on an unregistered component. Template=/Game/Art/Assets/Particles/p_displayParticle.p_displayParticle Component=/Game/Levels/Level1.Level1:PersistentLevel.displayCaseBP3_2642.displayCase
[2015.11.30-08.29.52:683][889]LogParticles:Warning: InitializeSystem called on an unregistered component. Template=/Game/Art/Assets/Particles/p_displayParticle.p_displayParticle Component=/Game/Levels/Level1.Level1:PersistentLevel.displayCaseBP4.displayCase
[2015.11.30-08.29.52:683][889]LogParticles:Warning: InitializeSystem called on an unregistered component. Template=/Game/Art/Assets/Particles/p_displayParticle.p_displayParticle Component=/Game/Levels/Level1.Level1:PersistentLevel.displayCaseBP5.displayCase
[2015.11.30-08.29.52:683][889]LogParticles:Warning: InitializeSystem called on an unregistered component. Template=/Game/Art/Assets/Particles/p_displayParticle.p_displayParticle Component=/Game/Levels/Level1.Level1:PersistentLevel.displayCaseBP6.displayCase
[2015.11.30-08.29.52:684][889]LogParticles:Warning: InitializeSystem called on an unregistered component. Template=/Game/Art/Assets/Particles/p_displayParticleShort.p_displayParticleShort Component=/Game/Levels/Level1.Level1:PersistentLevel.displayCaseShort_Blueprint6.p_displayParticleShort
[2015.11.30-08.29.52:684][889]LogParticles:Warning: InitializeSystem called on an unregistered component. Template=/Game/Art/Assets/Particles/p_displayParticleShort.p_displayParticleShort Component=/Game/Levels/Level1.Level1:PersistentLevel.displayCaseShort_Blueprint7.p_displayParticleShort
[2015.11.30-08.29.52:684][889]LogParticles:Warning: InitializeSystem called on an unregistered component. Template=/Game/Art/Assets/Particles/p_displayParticleShort.p_displayParticleShort Component=/Game/Levels/Level1.Level1:PersistentLevel.displayCaseShort_Blueprint8.p_displayParticleShort
[2015.11.30-08.29.52:685][889]LogParticles:Warning: InitializeSystem called on an unregistered component. Template=/Game/Art/Assets/Particles/p_displayParticleShort.p_displayParticleShort Component=/Game/Levels/Level1.Level1:PersistentLevel.displayCaseShort_Blueprint9.p_displayParticleShort
[2015.11.30-08.29.52:685][889]LogParticles:Warning: InitializeSystem called on an unregistered component. Template=/Game/Art/Assets/Particles/p_displayParticleShort.p_displayParticleShort Component=/Game/Levels/Level1.Level1:PersistentLevel.displayCaseShort_Blueprint11.p_displayParticleShort
[2015.11.30-08.29.52:685][889]LogParticles:Warning: InitializeSystem called on an unregistered component. Template=/Game/Art/Assets/Particles/p_displayParticle.p_displayParticle Component=/Game/Levels/Level1.Level1:PersistentLevel.displayCaseBP10.displayCase
[2015.11.30-08.29.52:685][889]LogParticles:Warning: InitializeSystem called on an unregistered component. Template=/Game/Art/Assets/Particles/p_displayParticle.p_displayParticle Component=/Game/Levels/Level1.Level1:PersistentLevel.displayCaseBP11.displayCase
[2015.11.30-08.29.52:685][889]LogParticles:Warning: InitializeSystem called on an unregistered component. Template=/Game/Art/Assets/Particles/p_displayParticle.p_displayParticle Component=/Game/Levels/Level1.Level1:PersistentLevel.displayCaseBP12.displayCase
[2015.11.30-08.29.52:686][889]LogParticles:Warning: InitializeSystem called on an unregistered component. Template=/Game/Art/Assets/Particles/p_displayParticle.p_displayParticle Component=/Game/Levels/Level1.Level1:PersistentLevel.displayCaseBP13.displayCase
[2015.11.30-08.29.52:686][889]LogParticles:Warning: InitializeSystem called on an unregistered component. Template=/Game/Art/Assets/Particles/p_displayParticle.p_displayParticle Component=/Game/Levels/Level1.Level1:PersistentLevel.displayCaseBP14.displayCase
[2015.11.30-08.29.52:728][889]LogParticles:Warning: InitializeSystem called on an unregistered component. Template=/Game/Art/Assets/Particles/p_displayParticleShort.p_displayParticleShort Component=/Game/Levels/Level1.Level1:PersistentLevel.displayCaseShort_Blueprint5_68.p_displayParticleShort
[2015.11.30-08.29.52:733][889]LogParticles:Warning: InitializeSystem called on an unregistered component. Template=/Game/Art/Assets/Particles/p_displayParticleShort.p_displayParticleShort Component=/Game/Levels/Level1.Level1:PersistentLevel.displayCaseShort_Blueprint13.p_displayParticleShort
[2015.11.30-08.29.52:733][889]LogParticles:Warning: InitializeSystem called on an unregistered component. Template=/Game/Art/Assets/Particles/p_displayParticleShort.p_displayParticleShort Component=/Game/Levels/Level1.Level1:PersistentLevel.displayCaseShort_Blueprint14.p_displayParticleShort
[2015.11.30-08.29.52:876][889]LogParticles:Warning: InitializeSystem called on an unregistered component. Template=/Game/Art/Assets/Particles/p_displayParticleShort.p_displayParticleShort Component=/Game/Levels/Level1.Level1:PersistentLevel.displayCaseShort_Blueprint10_120.p_displayParticleShort
[2015.11.30-08.29.52:877][889]LogParticles:Warning: InitializeSystem called on an unregistered component. Template=/Game/Art/Assets/Particles/p_displayParticleShort.p_displayParticleShort Component=/Game/Levels/Level1.Level1:PersistentLevel.displayCaseShort_Blueprint12_254.p_displayParticleShort
[2015.11.30-08.29.52:879][889]LogParticles:Warning: InitializeSystem called on an unregistered component. Template=/Game/Art/Assets/Particles/p_displayParticleShort.p_displayParticleShort Component=/Game/Levels/Level1.Level1:PersistentLevel.displayCaseShort_Blueprint15.p_displayParticleShort
[2015.11.30-08.29.52:879][889]LogParticles:Warning: InitializeSystem called on an unregistered component. Template=/Game/Art/Assets/Particles/p_displayParticleLong.p_displayParticleLong Component=/Game/Levels/Level1.Level1:PersistentLevel.displayCaseLongBP_93.ParticleSystem
[2015.11.30-08.29.52:881][889]LogParticles:Warning: InitializeSystem called on an unregistered component. Template=/Game/Art/Assets/Particles/p_displayParticleLong.p_displayParticleLong Component=/Game/Levels/Level1.Level1:PersistentLevel.displayCaseLongBP2.ParticleSystem
[2015.11.30-08.29.52:882][889]LogParticles:Warning: InitializeSystem called on an unregistered component. Template=/Game/Art/Assets/Particles/p_displayParticleLong.p_displayParticleLong Component=/Game/Levels/Level1.Level1:PersistentLevel.displayCaseLongBP3.ParticleSystem
[2015.11.30-08.29.52:883][889]LogParticles:Warning: InitializeSystem called on an unregistered component. Template=/Game/Art/Assets/Particles/p_displayParticleLong.p_displayParticleLong Component=/Game/Levels/Level1.Level1:PersistentLevel.displayCaseLongBP4.ParticleSystem
[2015.11.30-08.29.52:885][889]LogParticles:Warning: InitializeSystem called on an unregistered component. Template=/Game/Art/Assets/Particles/p_displayParticleLong.p_displayParticleLong Component=/Game/Levels/Level1.Level1:PersistentLevel.displayCaseLongBP5.ParticleSystem
[2015.11.30-08.29.52:886][889]LogParticles:Warning: InitializeSystem called on an unregistered component. Template=/Game/Art/Assets/Particles/p_displayParticleLong.p_displayParticleLong Component=/Game/Levels/Level1.Level1:PersistentLevel.displayCaseLongBP6.ParticleSystem
[2015.11.30-08.29.53:573][889]LogParticles:Warning: InitializeSystem called on an unregistered component. Template=/Game/Art/Assets/Particles/p_displayParticle.p_displayParticle Component=/Game/Levels/Level1.Level1:PersistentLevel.displayCaseBP_236.displayCase
[2015.11.30-08.29.53:577][889]LogParticles:Warning: InitializeSystem called on an unregistered component. Template=/Game/Art/Assets/Particles/p_displayParticle.p_displayParticle Component=/Game/Levels/Level1.Level1:PersistentLevel.displayCaseBP_236.displayCase
[2015.11.30-08.29.53:577][889]LogParticles:Warning: InitializeSystem called on an unregistered component. Template=/Game/Art/Assets/Particles/p_displayParticle.p_displayParticle Component=/Game/Levels/Level1.Level1:PersistentLevel.displayCaseBP2.displayCase
[2015.11.30-08.29.53:577][889]LogParticles:Warning: InitializeSystem called on an unregistered component. Template=/Game/Art/Assets/Particles/p_displayParticle.p_displayParticle Component=/Game/Levels/Level1.Level1:PersistentLevel.displayCaseBP2.displayCase
[2015.11.30-08.29.53:577][889]LogParticles:Warning: InitializeSystem called on an unregistered component. Template=/Game/Art/Assets/Particles/p_displayParticle.p_displayParticle Component=/Game/Levels/Level1.Level1:PersistentLevel.displayCaseBP3_2642.displayCase
[2015.11.30-08.29.53:578][889]LogParticles:Warning: InitializeSystem called on an unregistered component. Template=/Game/Art/Assets/Particles/p_displayParticle.p_displayParticle Component=/Game/Levels/Level1.Level1:PersistentLevel.displayCaseBP3_2642.displayCase
[2015.11.30-08.29.53:578][889]LogParticles:Warning: InitializeSystem called on an unregistered component. Template=/Game/Art/Assets/Particles/p_displayParticle.p_displayParticle Component=/Game/Levels/Level1.Level1:PersistentLevel.displayCaseBP4.displayCase
[2015.11.30-08.29.53:578][889]LogParticles:Warning: InitializeSystem called on an unregistered component. Template=/Game/Art/Assets/Particles/p_displayParticle.p_displayParticle Component=/Game/Levels/Level1.Level1:PersistentLevel.displayCaseBP4.displayCase
[2015.11.30-08.29.53:578][889]LogParticles:Warning: InitializeSystem called on an unregistered component. Template=/Game/Art/Assets/Particles/p_displayParticle.p_displayParticle Component=/Game/Levels/Level1.Level1:PersistentLevel.displayCaseBP5.displayCase
[2015.11.30-08.29.53:579][889]LogParticles:Warning: InitializeSystem called on an unregistered component. Template=/Game/Art/Assets/Particles/p_displayParticle.p_displayParticle Component=/Game/Levels/Level1.Level1:PersistentLevel.displayCaseBP5.displayCase
[2015.11.30-08.29.53:579][889]LogParticles:Warning: InitializeSystem called on an unregistered component. Template=/Game/Art/Assets/Particles/p_displayParticle.p_displayParticle Component=/Game/Levels/Level1.Level1:PersistentLevel.displayCaseBP6.displayCase
[2015.11.30-08.29.53:579][889]LogParticles:Warning: InitializeSystem called on an unregistered component. Template=/Game/Art/Assets/Particles/p_displayParticle.p_displayParticle Component=/Game/Levels/Level1.Level1:PersistentLevel.displayCaseBP6.displayCase
[2015.11.30-08.29.53:579][889]LogParticles:Warning: InitializeSystem called on an unregistered component. Template=/Game/Art/Assets/Particles/p_displayParticleShort.p_displayParticleShort Component=/Game/Levels/Level1.Level1:PersistentLevel.displayCaseShort_Blueprint6.p_displayParticleShort
[2015.11.30-08.29.53:579][889]LogParticles:Warning: InitializeSystem called on an unregistered component. Template=/Game/Art/Assets/Particles/p_displayParticleShort.p_displayParticleShort Component=/Game/Levels/Level1.Level1:PersistentLevel.displayCaseShort_Blueprint6.p_displayParticleShort
[2015.11.30-08.29.53:580][889]LogParticles:Warning: InitializeSystem called on an unregistered component. Template=/Game/Art/Assets/Particles/p_displayParticleShort.p_displayParticleShort Component=/Game/Levels/Level1.Level1:PersistentLevel.displayCaseShort_Blueprint7.p_displayParticleShort
[2015.11.30-08.29.53:580][889]LogParticles:Warning: InitializeSystem called on an unregistered component. Template=/Game/Art/Assets/Particles/p_displayParticleShort.p_displayParticleShort Component=/Game/Levels/Level1.Level1:PersistentLevel.displayCaseShort_Blueprint7.p_displayParticleShort
[2015.11.30-08.29.53:580][889]LogParticles:Warning: InitializeSystem called on an unregistered component. Template=/Game/Art/Assets/Particles/p_displayParticleShort.p_displayParticleShort Component=/Game/Levels/Level1.Level1:PersistentLevel.displayCaseShort_Blueprint8.p_displayParticleShort
[2015.11.30-08.29.53:580][889]LogParticles:Warning: InitializeSystem called on an unregistered component. Template=/Game/Art/Assets/Particles/p_displayParticleShort.p_displayParticleShort Component=/Game/Levels/Level1.Level1:PersistentLevel.displayCaseShort_Blueprint8.p_displayParticleShort
[2015.11.30-08.29.53:580][889]LogParticles:Warning: InitializeSystem called on an unregistered component. Template=/Game/Art/Assets/Particles/p_displayParticleShort.p_displayParticleShort Component=/Game/Levels/Level1.Level1:PersistentLevel.displayCaseShort_Blueprint9.p_displayParticleShort
[2015.11.30-08.29.53:580][889]LogParticles:Warning: InitializeSystem called on an unregistered component. Template=/Game/Art/Assets/Particles/p_displayParticleShort.p_displayParticleShort Component=/Game/Levels/Level1.Level1:PersistentLevel.displayCaseShort_Blueprint9.p_displayParticleShort
[2015.11.30-08.29.53:581][889]LogParticles:Warning: InitializeSystem called on an unregistered component. Template=/Game/Art/Assets/Particles/p_displayParticleShort.p_displayParticleShort Component=/Game/Levels/Level1.Level1:PersistentLevel.displayCaseShort_Blueprint11.p_displayParticleShort
[2015.11.30-08.29.53:581][889]LogParticles:Warning: InitializeSystem called on an unregistered component. Template=/Game/Art/Assets/Particles/p_displayParticleShort.p_displayParticleShort Component=/Game/Levels/Level1.Level1:PersistentLevel.displayCaseShort_Blueprint11.p_displayParticleShort
[2015.11.30-08.29.53:581][889]LogParticles:Warning: InitializeSystem called on an unregistered component. Template=/Game/Art/Assets/Particles/p_displayParticle.p_displayParticle Component=/Game/Levels/Level1.Level1:PersistentLevel.displayCaseBP10.displayCase
[2015.11.30-08.29.53:581][889]LogParticles:Warning: InitializeSystem called on an unregistered component. Template=/Game/Art/Assets/Particles/p_displayParticle.p_displayParticle Component=/Game/Levels/Level1.Level1:PersistentLevel.displayCaseBP10.displayCase
[2015.11.30-08.29.53:582][889]LogParticles:Warning: InitializeSystem called on an unregistered component. Template=/Game/Art/Assets/Particles/p_displayParticle.p_displayParticle Component=/Game/Levels/Level1.Level1:PersistentLevel.displayCaseBP11.displayCase
[2015.11.30-08.29.53:582][889]LogParticles:Warning: InitializeSystem called on an unregistered component. Template=/Game/Art/Assets/Particles/p_displayParticle.p_displayParticle Component=/Game/Levels/Level1.Level1:PersistentLevel.displayCaseBP11.displayCase
[2015.11.30-08.29.53:582][889]LogParticles:Warning: InitializeSystem called on an unregistered component. Template=/Game/Art/Assets/Particles/p_displayParticle.p_displayParticle Component=/Game/Levels/Level1.Level1:PersistentLevel.displayCaseBP12.displayCase
[2015.11.30-08.29.53:582][889]LogParticles:Warning: InitializeSystem called on an unregistered component. Template=/Game/Art/Assets/Particles/p_displayParticle.p_displayParticle Component=/Game/Levels/Level1.Level1:PersistentLevel.displayCaseBP12.displayCase
[2015.11.30-08.29.53:583][889]LogParticles:Warning: InitializeSystem called on an unregistered component. Template=/Game/Art/Assets/Particles/p_displayParticle.p_displayParticle Component=/Game/Levels/Level1.Level1:PersistentLevel.displayCaseBP13.displayCase
[2015.11.30-08.29.53:583][889]LogParticles:Warning: InitializeSystem called on an unregistered component. Template=/Game/Art/Assets/Particles/p_displayParticle.p_displayParticle Component=/Game/Levels/Level1.Level1:PersistentLevel.displayCaseBP13.displayCase
[2015.11.30-08.29.53:584][889]LogParticles:Warning: InitializeSystem called on an unregistered component. Template=/Game/Art/Assets/Particles/p_displayParticle.p_displayParticle Component=/Game/Levels/Level1.Level1:PersistentLevel.displayCaseBP14.displayCase
[2015.11.30-08.29.53:584][889]LogParticles:Warning: InitializeSystem called on an unregistered component. Template=/Game/Art/Assets/Particles/p_displayParticle.p_displayParticle Component=/Game/Levels/Level1.Level1:PersistentLevel.displayCaseBP14.displayCase
[2015.11.30-08.29.53:585][889]LogParticles:Warning: InitializeSystem called on an unregistered component. Template=/Game/Art/Assets/Particles/p_displayParticleShort.p_displayParticleShort Component=/Game/Levels/Level1.Level1:PersistentLevel.displayCaseShort_Blueprint5_68.p_displayParticleShort
[2015.11.30-08.29.53:585][889]LogParticles:Warning: InitializeSystem called on an unregistered component. Template=/Game/Art/Assets/Particles/p_displayParticleShort.p_displayParticleShort Component=/Game/Levels/Level1.Level1:PersistentLevel.displayCaseShort_Blueprint5_68.p_displayParticleShort
[2015.11.30-08.29.53:585][889]LogParticles:Warning: InitializeSystem called on an unregistered component. Template=/Game/Art/Assets/Particles/p_displayParticleShort.p_displayParticleShort Component=/Game/Levels/Level1.Level1:PersistentLevel.displayCaseShort_Blueprint13.p_displayParticleShort
[2015.11.30-08.29.53:585][889]LogParticles:Warning: InitializeSystem called on an unregistered component. Template=/Game/Art/Assets/Particles/p_displayParticleShort.p_displayParticleShort Component=/Game/Levels/Level1.Level1:PersistentLevel.displayCaseShort_Blueprint13.p_displayParticleShort
[2015.11.30-08.29.53:585][889]LogParticles:Warning: InitializeSystem called on an unregistered component. Template=/Game/Art/Assets/Particles/p_displayParticleShort.p_displayParticleShort Component=/Game/Levels/Level1.Level1:PersistentLevel.displayCaseShort_Blueprint14.p_displayParticleShort
[2015.11.30-08.29.53:586][889]LogParticles:Warning: InitializeSystem called on an unregistered component. Template=/Game/Art/Assets/Particles/p_displayParticleShort.p_displayParticleShort Component=/Game/Levels/Level1.Level1:PersistentLevel.displayCaseShort_Blueprint14.p_displayParticleShort
[2015.11.30-08.29.53:701][889]LogParticles:Warning: InitializeSystem called on an unregistered component. Template=/Game/Art/Assets/Particles/p_displayParticleShort.p_displayParticleShort Component=/Game/Levels/Level1.Level1:PersistentLevel.displayCaseShort_Blueprint10_120.p_displayParticleShort
[2015.11.30-08.29.53:701][889]LogParticles:Warning: InitializeSystem called on an unregistered component. Template=/Game/Art/Assets/Particles/p_displayParticleShort.p_displayParticleShort Component=/Game/Levels/Level1.Level1:PersistentLevel.displayCaseShort_Blueprint10_120.p_displayParticleShort
[2015.11.30-08.29.53:701][889]LogParticles:Warning: InitializeSystem called on an unregistered component. Template=/Game/Art/Assets/Particles/p_displayParticleShort.p_displayParticleShort Component=/Game/Levels/Level1.Level1:PersistentLevel.displayCaseShort_Blueprint12_254.p_displayParticleShort
[2015.11.30-08.29.53:701][889]LogParticles:Warning: InitializeSystem called on an unregistered component. Template=/Game/Art/Assets/Particles/p_displayParticleShort.p_displayParticleShort Component=/Game/Levels/Level1.Level1:PersistentLevel.displayCaseShort_Blueprint12_254.p_displayParticleShort
[2015.11.30-08.29.53:701][889]LogParticles:Warning: InitializeSystem called on an unregistered component. Template=/Game/Art/Assets/Particles/p_displayParticleShort.p_displayParticleShort Component=/Game/Levels/Level1.Level1:PersistentLevel.displayCaseShort_Blueprint15.p_displayParticleShort
[2015.11.30-08.29.53:702][889]LogParticles:Warning: InitializeSystem called on an unregistered component. Template=/Game/Art/Assets/Particles/p_displayParticleShort.p_displayParticleShort Component=/Game/Levels/Level1.Level1:PersistentLevel.displayCaseShort_Blueprint15.p_displayParticleShort
[2015.11.30-08.29.53:703][889]LogParticles:Warning: InitializeSystem called on an unregistered component. Template=/Game/Art/Assets/Particles/p_displayParticleLong.p_displayParticleLong Component=/Game/Levels/Level1.Level1:PersistentLevel.displayCaseLongBP_93.ParticleSystem
[2015.11.30-08.29.53:703][889]LogParticles:Warning: InitializeSystem called on an unregistered component. Template=/Game/Art/Assets/Particles/p_displayParticleLong.p_displayParticleLong Component=/Game/Levels/Level1.Level1:PersistentLevel.displayCaseLongBP_93.ParticleSystem
[2015.11.30-08.29.53:703][889]LogParticles:Warning: InitializeSystem called on an unregistered component. Template=/Game/Art/Assets/Particles/p_displayParticleLong.p_displayParticleLong Component=/Game/Levels/Level1.Level1:PersistentLevel.displayCaseLongBP2.ParticleSystem
[2015.11.30-08.29.53:703][889]LogParticles:Warning: InitializeSystem called on an unregistered component. Template=/Game/Art/Assets/Particles/p_displayParticleLong.p_displayParticleLong Component=/Game/Levels/Level1.Level1:PersistentLevel.displayCaseLongBP2.ParticleSystem
[2015.11.30-08.29.53:703][889]LogParticles:Warning: InitializeSystem called on an unregistered component. Template=/Game/Art/Assets/Particles/p_displayParticleLong.p_displayParticleLong Component=/Game/Levels/Level1.Level1:PersistentLevel.displayCaseLongBP3.ParticleSystem
[2015.11.30-08.29.53:703][889]LogParticles:Warning: InitializeSystem called on an unregistered component. Template=/Game/Art/Assets/Particles/p_displayParticleLong.p_displayParticleLong Component=/Game/Levels/Level1.Level1:PersistentLevel.displayCaseLongBP3.ParticleSystem
[2015.11.30-08.29.53:703][889]LogParticles:Warning: InitializeSystem called on an unregistered component. Template=/Game/Art/Assets/Particles/p_displayParticleLong.p_displayParticleLong Component=/Game/Levels/Level1.Level1:PersistentLevel.displayCaseLongBP4.ParticleSystem
[2015.11.30-08.29.53:704][889]LogParticles:Warning: InitializeSystem called on an unregistered component. Template=/Game/Art/Assets/Particles/p_displayParticleLong.p_displayParticleLong Component=/Game/Levels/Level1.Level1:PersistentLevel.displayCaseLongBP4.ParticleSystem
[2015.11.30-08.29.53:704][889]LogParticles:Warning: InitializeSystem called on an unregistered component. Template=/Game/Art/Assets/Particles/p_displayParticleLong.p_displayParticleLong Component=/Game/Levels/Level1.Level1:PersistentLevel.displayCaseLongBP5.ParticleSystem
[2015.11.30-08.29.53:704][889]LogParticles:Warning: InitializeSystem called on an unregistered component. Template=/Game/Art/Assets/Particles/p_displayParticleLong.p_displayParticleLong Component=/Game/Levels/Level1.Level1:PersistentLevel.displayCaseLongBP5.ParticleSystem
[2015.11.30-08.29.53:704][889]LogParticles:Warning: InitializeSystem called on an unregistered component. Template=/Game/Art/Assets/Particles/p_displayParticleLong.p_displayParticleLong Component=/Game/Levels/Level1.Level1:PersistentLevel.displayCaseLongBP6.ParticleSystem
[2015.11.30-08.29.53:704][889]LogParticles:Warning: InitializeSystem called on an unregistered component. Template=/Game/Art/Assets/Particles/p_displayParticleLong.p_displayParticleLong Component=/Game/Levels/Level1.Level1:PersistentLevel.displayCaseLongBP6.ParticleSystem
[2015.11.30-08.29.55:568][889]Cmd: MAP LOAD FILE="../../../../../../Users/Kido/Documents/GitHub/NMNYD/The-Curators/AlexPrototype/Content/Levels/Level1.umap" TEMPLATE=0 SHOWPROGRESS=1 FEATURELEVEL=3
[2015.11.30-08.29.55:570][889]LightingResults: New page: Lighting Build
[2015.11.30-08.29.55:634][889]LoadErrors: New page: Loading map: Level1.umap
[2015.11.30-08.29.55:635][889]MapCheck: New page: Map Check
[2015.11.30-08.29.55:635][889]LightingResults: New page: Lighting Build
[2015.11.30-08.29.55:686][889]LogParticles: Destroying 0 GPU particle simulations for FXSystem 0x0000000026164F40
[2015.11.30-08.29.57:242][889]LogAIModule: Creating AISystem for world Level1
[2015.11.30-08.29.58:073][889]LogEditorServer: Finished looking for orphan Actors (0.000 secs)
[2015.11.30-08.29.58:262][889]Cmd: MAP CHECKDEP NOCLEARLOG
[2015.11.30-08.29.59:022][889]MapCheck: Info Map check complete: 0 Error(s), 0 Warning(s), took 759.019ms to complete.
[2015.11.30-08.29.59:024][889]LogFileHelpers: Loading map 'Level1' took 3.457
[2015.11.30-08.30.02:280][899]LogD3D11RHI: InitD3DDevice
[2015.11.30-08.30.09:491][921]LogD3D11RHI: InitD3DDevice
[2015.11.30-08.30.16:088][251]LogRenderer: Reallocating scene render targets to support 1120x904 (Frame:128).
[2015.11.30-08.30.16:311][252]LogD3D11RHI: InitD3DDevice
[2015.11.30-08.30.24:574][987]LogEditorViewport: Clicking on Actor (LMB): SpotLight (SpotLight7)
[2015.11.30-08.30.39:962][272]LogEditorViewport: Clicking on Actor (LMB): PointLight (PointLight17)
[2015.11.30-08.30.50:267][ 34]LogD3D11RHI: InitD3DDevice
[2015.11.30-08.30.50:971][ 98]Cmd: CAMERA ALIGN ACTIVEVIEWPORTONLY
[2015.11.30-08.30.54:411][459]LogD3D11RHI: InitD3DDevice
[2015.11.30-08.31.16:754][924]LogEditorViewport: Clicking on Actor (LMB): SpotLight (SpotLight8)
[2015.11.30-08.31.30:111][907]LogEditorViewport: Clicking on Actor (LMB): SpotLight (SpotLight11)
[2015.11.30-08.31.46:353][123]LogEditorViewport: Clicking on Actor (LMB): SpotLight (SpotLight20)
[2015.11.30-08.32.06:765][810]LogEditorViewport: Clicking on Actor (LMB): SpotLight (SpotLight19)
[2015.11.30-08.32.15:960][635]Cmd: TRANSACTION UNDO
[2015.11.30-08.32.15:960][635]LogEditorTransaction: Undo Edit Attenuation Radius
[2015.11.30-08.32.15:985][635]LogD3D11RHI: InitD3DDevice
[2015.11.30-08.32.22:869][153]Cmd: TRANSACTION UNDO
[2015.11.30-08.32.22:869][153]LogEditorTransaction: Undo Edit Attenuation Radius
[2015.11.30-08.32.22:894][153]LogD3D11RHI: InitD3DDevice
[2015.11.30-08.32.29:546][492]LogEditorViewport: Clicking on Actor (LMB): SpotLight (SpotLight44)
[2015.11.30-08.32.44:076][645]LogEditorViewport: Clicking on Actor (CTRL LMB): StaticMeshActor (ceilingLampBulB7)
[2015.11.30-08.33.04:723][729]LogEditorViewport: Clicking on Actor (LMB): SpotLight (SpotLight49)
[2015.11.30-08.33.31:394][763]LogEditorViewport: Clicking on Actor (LMB): SpotLight (SpotLight21)
[2015.11.30-08.33.40:823][495]LogEditorViewport: Clicking on Actor (LMB): SpotLight (SpotLight58)
[2015.11.30-08.33.48:366][ 63]Cmd: DELETE
[2015.11.30-08.33.48:366][ 63]Cmd: ACTOR DELETE
[2015.11.30-08.33.48:452][ 63]LogEditorActor: Deleted Actor: Brush
[2015.11.30-08.33.48:505][ 63]LogActorComponent: UnregisterComponent: (/Engine/Transient.RotatingMovement45AB32CF41265BE9A49ED6B6B959A9C8) Not registered. Aborting.
[2015.11.30-08.33.48:506][ 63]LogActorComponent: UnregisterComponent: (/Engine/Transient.RotatingMovement82F2D63D2A4C247969B9ADBDBA59CF74) Not registered. Aborting.
[2015.11.30-08.33.48:619][ 63]LogEditorActor: Deleted 1 Actors (0.175 secs)
[2015.11.30-08.33.49:798][200]Cmd: TRANSACTION UNDO
[2015.11.30-08.33.49:799][200]LogEditorTransaction: Undo Delete Actors
[2015.11.30-08.33.49:856][200]LogD3D11RHI: InitD3DDevice
[2015.11.30-08.33.50:380][235]LogEditorViewport: Clicking on Actor (LMB): SpotLight (SpotLight58)
[2015.11.30-08.33.50:994][292]Cmd: DELETE
[2015.11.30-08.33.50:994][292]Cmd: ACTOR DELETE
[2015.11.30-08.33.51:002][292]LogEditorActor: Deleted Actor: SpotLight
[2015.11.30-08.33.51:080][292]LogEditorActor: Deleted 1 Actors (0.085 secs)
[2015.11.30-08.33.52:320][435]LogEditorViewport: Clicking on Actor (LMB): SpotLight (SpotLight59)
[2015.11.30-08.34.15:296][301]LogEditorViewport: Clicking on Actor (LMB): SpotLight (SpotLight59)
[2015.11.30-08.34.19:743][679]LogEditorViewport: Clicking on Actor (LMB): SpotLight (SpotLight60)
[2015.11.30-08.34.33:867][762]LogEditorViewport: Clicking on Actor (CTRL LMB): SpotLight (SpotLight59)
[2015.11.30-08.34.34:749][845]LogEditorViewport: Clicking on Actor (CTRL LMB): SpotLight (SpotLight66)
[2015.11.30-08.34.49:900][903]LogEditorViewport: Clicking on Actor (LMB): SpotLight (SpotLight69)
[2015.11.30-08.35.18:903][465]LogEditorViewport: Clicking on Actor (LMB): SpotLight (SpotLight67)
[2015.11.30-08.35.19:529][514]Cmd: DELETE
[2015.11.30-08.35.19:529][514]Cmd: ACTOR DELETE
[2015.11.30-08.35.19:537][514]LogEditorActor: Deleted Actor: SpotLight
[2015.11.30-08.35.19:620][514]LogEditorActor: Deleted 1 Actors (0.090 secs)
[2015.11.30-08.35.20:253][582]LogEditorViewport: Clicking on Actor (LMB): SpotLight (SpotLight68)
[2015.11.30-08.35.20:505][598]Cmd: DELETE
[2015.11.30-08.35.20:505][598]Cmd: ACTOR DELETE
[2015.11.30-08.35.20:512][598]LogEditorActor: Deleted Actor: SpotLight
[2015.11.30-08.35.20:591][598]LogEditorActor: Deleted 1 Actors (0.086 secs)
[2015.11.30-08.35.21:008][643]LogEditorViewport: Clicking on Actor (LMB): SpotLight (SpotLight80)
[2015.11.30-08.35.28:242][113]LogEditorViewport: Clicking on Actor (LMB): SpotLight (SpotLight62)
[2015.11.30-08.35.38:996][899]LogEditorViewport: Clicking on Actor (LMB): SpotLight (SpotLight64)
[2015.11.30-08.35.41:428][ 44]LogEditorViewport: Clicking on Actor (LMB): SpotLight (SpotLight65)
[2015.11.30-08.35.45:929][300]LogEditorViewport: Clicking on Actor (LMB): SpotLight (SpotLight49)
[2015.11.30-08.35.46:741][362]LogEditorViewport: Clicking on Actor (CTRL LMB): StaticMeshActor (ceilingLampBulB9)
[2015.11.30-08.35.53:602][884]LogD3D11RHI: InitD3DDevice
[2015.11.30-08.35.54:263][961]Cmd: CAMERA ALIGN ACTIVEVIEWPORTONLY
[2015.11.30-08.36.00:288][614]LogD3D11RHI: InitD3DDevice
[2015.11.30-08.36.04:626][986]LogEditorViewport: Clicking on Actor (LMB): SpotLight (SpotLight50)
[2015.11.30-08.36.18:555][955]LogEditorViewport: Clicking on Actor (LMB): displayCaseShort_Blueprint_C (displayCaseShort_Blueprint5)
[2015.11.30-08.36.22:869][211]LogD3D11RHI: InitD3DDevice
[2015.11.30-08.36.26:309][489]LogEditorViewport: Clicking on Actor (LMB): displayCaseShort_Blueprint_C (displayCaseShort_Blueprint10)
[2015.11.30-08.36.27:722][592]LogD3D11RHI: InitD3DDevice
[2015.11.30-08.36.47:004][685]LogD3D11RHI: InitD3DDevice
[2015.11.30-08.36.47:677][762]Cmd: CAMERA ALIGN ACTIVEVIEWPORTONLY
[2015.11.30-08.36.52:618][296]LogD3D11RHI: InitD3DDevice
[2015.11.30-08.36.55:654][624]LogEditorViewport: Clicking Background
[2015.11.30-08.36.56:491][721]LogEditorViewport: Clicking on Actor (LMB): Brush (Box Brush46)
[2015.11.30-08.37.00:589][158]LogEditorViewport: Clicking on Actor (LMB): Brush (Box Brush47)
[2015.11.30-08.37.00:590][158]LogGeometryMode:Warning: Unable to find BoxBrush47 Brush(s) in new BSP
[2015.11.30-08.37.00:590][158]LogGeometryMode:Warning: Unable to find all previously selected geometry data, resetting selection
[2015.11.30-08.37.04:422][566]LogEditorViewport: Clicking on Actor (LMB): Brush (Box Brush44)
[2015.11.30-08.37.04:422][566]LogGeometryMode:Warning: Unable to find BoxBrush44 Brush(s) in new BSP
[2015.11.30-08.37.04:422][566]LogGeometryMode:Warning: Unable to find all previously selected geometry data, resetting selection
[2015.11.30-08.37.07:887][948]LogEditorViewport: Clicking on Actor (LMB): Brush (Box Brush48)
[2015.11.30-08.37.07:887][948]LogGeometryMode:Warning: Unable to find BoxBrush48 Brush(s) in new BSP
[2015.11.30-08.37.07:887][948]LogGeometryMode:Warning: Unable to find all previously selected geometry data, resetting selection
[2015.11.30-08.37.11:490][322]LogEditorViewport: Clicking on Actor (LMB): Brush (Box Brush57)
[2015.11.30-08.37.11:490][322]LogGeometryMode:Warning: Unable to find BoxBrush57_23 Brush(s) in new BSP
[2015.11.30-08.37.11:490][322]LogGeometryMode:Warning: Unable to find all previously selected geometry data, resetting selection
[2015.11.30-08.37.16:401][858]LogEditorViewport: Clicking on Actor (LMB): CorridorLightLit_C (CorridorLightLit51)
[2015.11.30-08.37.18:291][ 63]LogEditorViewport: Clicking on Actor (CTRL LMB): CorridorLightLit_C (CorridorLightLit50)
[2015.11.30-08.37.19:552][206]LogEditorViewport: Clicking on Actor (CTRL LMB): CorridorLightLit_C (CorridorLightLit48)
[2015.11.30-08.37.23:905][647]LogEditorViewport: Clicking on Actor (LMB): CorridorLightLit_C (CorridorLightLit52)
[2015.11.30-08.37.26:708][955]LogEditorViewport: Clicking on Actor (CTRL LMB): CorridorLightLit_C (CorridorLightLit53)
[2015.11.30-08.37.28:864][183]LogEditorViewport: Clicking on Actor (CTRL LMB): CorridorLightLit_C (CorridorLightLit46)
[2015.11.30-08.37.30:868][398]LogEditorViewport: Clicking Background
[2015.11.30-08.37.33:229][660]LogD3D11RHI: InitD3DDevice
[2015.11.30-08.37.45:986][574]LogEditorViewport: Clicking on Actor (LMB): SpotLight (SpotLight9)
[2015.11.30-08.38.07:660][280]LogEditorViewport: Clicking on Actor (LMB): SpotLight (SpotLight18)
[2015.11.30-08.38.35:573][ 69]LogEditorViewport: Clicking on Actor (LMB): SpotLight (SpotLight48)
[2015.11.30-08.38.47:577][798]LogEditorViewport: Clicking on Actor (LMB): StaticMeshActor (ceilingLampBulB12)
[2015.11.30-08.38.49:577][ 13]LogEditorViewport: Clicking on Actor (CTRL LMB): SpotLight (SpotLight48)
[2015.11.30-08.39.02:930][262]LogEditorViewport: Clicking on Actor (LMB): SpotLight (SpotLight48)
[2015.11.30-08.39.45:040][431]LogEditorViewport: Clicking on Actor (LMB): SpotLight (SpotLight14)
[2015.11.30-08.40.02:308][580]LogEditorViewport: Clicking on Actor (LMB): CorridorLightLit_C (CorridorLightLit83)
[2015.11.30-08.40.08:967][992]LogEditorViewport: Clicking on Actor (LMB): SpotLight (SpotLight16)
[2015.11.30-08.40.25:551][416]LogEditorViewport: Clicking on Actor (LMB): SpotLight (SpotLight15)
[2015.11.30-08.40.28:661][583]LogEditorViewport: Clicking on Actor (CTRL LMB): StaticMeshActor (ceilingLampBulB17)
[2015.11.30-08.40.32:580][856]LogEditorViewport: Clicking on Actor (LMB): SpotLight (SpotLight15)
[2015.11.30-08.40.49:741][230]LogEditorViewport: Clicking on Actor (LMB): SpotLight (SpotLight51)
[2015.11.30-08.41.01:885][127]LogEditorViewport: Clicking on Actor (CTRL LMB): StaticMeshActor (ceilingLampBulB11)
[2015.11.30-08.41.09:895][738]LogEditorViewport: Clicking on Actor (LMB): SpotLight (SpotLight23)
[2015.11.30-08.41.12:081][895]LogEditorViewport: Clicking on Actor (LMB): CorridorLightLit_C (CorridorLightLit32)
[2015.11.30-08.41.15:539][258]LogEditorViewport: Clicking on Actor (LMB): CorridorLightLit_C (CorridorLightLit31)
[2015.11.30-08.41.15:705][260]LogEditorViewport: Clicking on Component (LMB): PointLightComponent (PointLight)
[2015.11.30-08.41.19:644][708]LogEditorViewport: Clicking on Actor (LMB): CorridorLightLit_C (CorridorLightLit30)
[2015.11.30-08.41.33:650][618]LogEditorViewport: Clicking on Actor (LMB): CorridorLightLit_C (CorridorLightLit22)
[2015.11.30-08.41.39:153][ 58]LogEditorViewport: Clicking on Actor (LMB): CorridorLightLit_C (CorridorLightLit85)
[2015.11.30-08.41.41:715][314]LogEditorViewport: Clicking on Actor (LMB): CorridorLightLit_C (CorridorLightLit85)
[2015.11.30-08.41.41:809][318]LogEditorViewport: Clicking on Component (LMB): PointLightComponent (PointLight)
[2015.11.30-08.41.45:901][674]LogEditorViewport: Clicking on Actor (LMB): CorridorLightLit_C (CorridorLightLit22)
[2015.11.30-08.41.46:006][675]LogEditorViewport: Clicking on Component (LMB): PointLightComponent (PointLight)
[2015.11.30-08.41.54:839][286]LogEditorViewport: Clicking on Actor (LMB): BackroomLightsShort_C (BackroomLightsShort18)
[2015.11.30-08.41.54:924][288]LogEditorViewport: Clicking on Component (LMB): PointLightComponent (PointLight)
[2015.11.30-08.42.00:935][716]LogEditorViewport: Clicking on Actor (LMB): BackroomLightsShort_C (BackroomLightsShort19)
[2015.11.30-08.42.01:022][718]LogEditorViewport: Clicking on Component (LMB): PointLightComponent (PointLight)
[2015.11.30-08.42.16:183][627]LogEditorViewport: Clicking on Actor (LMB): AlexHackableDoor_C (AlexHackableDoor4)
[2015.11.30-08.42.17:763][802]LogD3D11RHI: InitD3DDevice
[2015.11.30-08.42.18:496][885]LogD3D11RHI: InitD3DDevice
[2015.11.30-08.42.18:864][885]LogLinker:Warning: Asset '../../../Engine/Content/ArtTools/RenderToTexture/Macros/RenderToTextureMacros.uasset' has been saved with empty engine version. The asset will be loaded but may be incompatible.
[2015.11.30-08.42.18:973][885]LogLinker:Warning: Asset '../../../Engine/Content/ArtTools/RenderToTexture/Enums/RenderToTexture_Enum.uasset' has been saved with empty engine version. The asset will be loaded but may be incompatible.
[2015.11.30-08.42.26:304][897]LogRenderer: Reallocating scene render targets to support 1144x904 (Frame:28178).
[2015.11.30-08.42.32:530][376]LogActorComponent: UnregisterComponent: (/Engine/Transient.RotatingMovement45AB32CF41265BE9A49ED6B6B959A9C8) Not registered. Aborting.
[2015.11.30-08.42.32:530][376]LogActorComponent: UnregisterComponent: (/Engine/Transient.RotatingMovement82F2D63D2A4C247969B9ADBDBA59CF74) Not registered. Aborting.
[2015.11.30-08.42.32:705][383]LogD3D11RHI: InitD3DDevice
[2015.11.30-08.42.34:842][592]BlueprintLog: New page: Compile AlexHackableDoor
[2015.11.30-08.42.35:527][592]BlueprintEditorCompileResults: Info [1267.91] Compile of AlexHackableDoor successful! [in 685 ms]
[2015.11.30-08.42.47:003][224]LogEditorViewport: Clicking on Actor (LMB): AlexGreenDoor_C (AlexGreenDoor)
[2015.11.30-08.42.48:902][421]LogD3D11RHI: InitD3DDevice
[2015.11.30-08.42.49:442][481]LogD3D11RHI: InitD3DDevice
[2015.11.30-08.42.56:726][121]BlueprintLog: New page: Compile AlexGreenDoor
[2015.11.30-08.42.57:152][121]BlueprintEditorCompileResults: Info [1289.54] Compile of AlexGreenDoor successful! [in 426 ms]
[2015.11.30-08.42.59:024][304]LogActorComponent: UnregisterComponent: (/Engine/Transient.EditorFloorComp) Not registered. Aborting.
[2015.11.30-08.43.16:160][178]LogEditorViewport: Clicking on Actor (LMB): SpotLight (SpotLight4)
[2015.11.30-08.43.20:933][504]LogEditorViewport: Clicking on Actor (LMB): BackroomLightsShort_C (BackroomLightsShort12)
[2015.11.30-08.43.21:007][505]LogEditorViewport: Clicking on Component (LMB): PointLightComponent (PointLight)
[2015.11.30-08.43.33:580][353]LogEditorViewport: Clicking on Actor (LMB): BackroomLightsShort_C (BackroomLightsShort3)
[2015.11.30-08.43.33:685][354]LogEditorViewport: Clicking on Component (LMB): PointLightComponent (PointLight)
[2015.11.30-08.43.36:747][596]LogEditorViewport: Clicking on Actor (LMB): BackroomLightsShort_C (BackroomLightsShort2)
[2015.11.30-08.43.36:835][597]LogEditorViewport: Clicking on Component (LMB): PointLightComponent (PointLight)
[2015.11.30-08.43.41:333][  4]LogEditorViewport: Clicking on Actor (LMB): BackroomLightsShort_C (BackroomLightsShort3)
[2015.11.30-08.43.41:433][  5]LogEditorViewport: Clicking on Component (LMB): PointLightComponent (PointLight)
[2015.11.30-08.43.46:440][436]LogEditorViewport: Clicking on Actor (LMB): BackroomLightsShort_C (BackroomLightsShort2)
[2015.11.30-08.43.46:546][437]LogEditorViewport: Clicking on Component (LMB): PointLightComponent (PointLight)
[2015.11.30-08.43.50:195][829]LogD3D11RHI: InitD3DDevice
[2015.11.30-08.43.51:151][930]LogD3D11RHI: InitD3DDevice
[2015.11.30-08.43.59:437][696]LogEditorViewport: Clicking on Actor (LMB): BackroomLightsShort_C (BackroomLightsShort)
[2015.11.30-08.43.59:539][697]LogEditorViewport: Clicking on Component (LMB): PointLightComponent (PointLight)
[2015.11.30-08.44.03:820][ 54]LogEditorViewport: Clicking on Actor (LMB): BackroomLightsShort_C (BackroomLightsShort4)
[2015.11.30-08.44.03:923][ 55]LogEditorViewport: Clicking on Component (LMB): PointLightComponent (PointLight)
[2015.11.30-08.44.07:792][454]Cmd: SELECT NONE
[2015.11.30-08.44.19:671][279]LogEditorViewport: Clicking on Actor (LMB): PointLight (PointLight2)
[2015.11.30-08.44.32:276][260]LogD3D11RHI: InitD3DDevice
[2015.11.30-08.44.51:260][427]LogEditorViewport: Clicking on Actor (LMB): SpotLight (SpotLight83)
[2015.11.30-08.45.20:293][120]LogEditorViewport: Clicking on Actor (LMB): SpotLight (SpotLight85)
[2015.11.30-08.45.22:750][211]LogEditorViewport: Clicking on Actor (LMB): SpotLight (SpotLight84)
[2015.11.30-08.45.27:364][502]Cmd: DELETE
[2015.11.30-08.45.27:364][502]Cmd: ACTOR DELETE
[2015.11.30-08.45.27:371][502]LogEditorActor: Deleted Actor: SpotLight
[2015.11.30-08.45.27:434][502]LogParticles: Destroying 0 GPU particle simulations for FXSystem 0x000000002209FD80
[2015.11.30-08.45.27:489][502]LogEditorActor: Deleted 1 Actors (0.124 secs)
[2015.11.30-08.45.28:062][562]LogEditorViewport: Clicking on Actor (LMB): StaticMeshActor (ceilingLampBulB27)
[2015.11.30-08.45.28:564][607]Cmd: DELETE
[2015.11.30-08.45.28:564][607]Cmd: ACTOR DELETE
[2015.11.30-08.45.28:571][607]LogEditorActor: Deleted Actor: StaticMeshActor
[2015.11.30-08.45.28:675][607]LogEditorActor: Deleted 1 Actors (0.110 secs)
[2015.11.30-08.45.32:623][778]LogEditorViewport: Clicking on Actor (LMB): SpotLight (SpotLight88)
[2015.11.30-08.46.16:860][221]LogEditorViewport: Clicking on Actor (LMB): SpotLight (SpotLight86)
[2015.11.30-08.46.17:539][265]Cmd: DELETE
[2015.11.30-08.46.17:539][265]Cmd: ACTOR DELETE
[2015.11.30-08.46.17:545][265]LogEditorActor: Deleted Actor: SpotLight
[2015.11.30-08.46.17:653][265]LogEditorActor: Deleted 1 Actors (0.114 secs)
[2015.11.30-08.46.20:196][406]LogEditorViewport: Clicking on Actor (LMB): SpotLight (SpotLight89)
[2015.11.30-08.46.20:866][475]Cmd: DELETE
[2015.11.30-08.46.20:866][475]Cmd: ACTOR DELETE
[2015.11.30-08.46.20:873][475]LogEditorActor: Deleted Actor: SpotLight
[2015.11.30-08.46.20:980][475]LogEditorActor: Deleted 1 Actors (0.113 secs)
[2015.11.30-08.46.24:559][659]LogEditorViewport: Clicking on Actor (LMB): SpotLight (SpotLight44)
[2015.11.30-08.46.32:097][995]LogEditorViewport: Clicking on Actor (LMB): SpotLight (SpotLight88)
[2015.11.30-08.46.42:249][555]LogD3D11RHI: InitD3DDevice
[2015.11.30-08.46.42:956][628]Cmd: CAMERA ALIGN ACTIVEVIEWPORTONLY
[2015.11.30-08.46.44:939][824]LogD3D11RHI: InitD3DDevice
[2015.11.30-08.47.19:971][699]LogEditorViewport: Clicking on Actor (LMB): SpotLight (SpotLight82)
[2015.11.30-08.47.24:700][888]LogEditorViewport: Clicking on Actor (LMB): SpotLight (SpotLight88)
[2015.11.30-08.48.14:996][119]LogEditorViewport: Clicking on Actor (LMB): SpotLight (SpotLight82)
[2015.11.30-08.48.16:728][175]LogEditorViewport: Clicking on Actor (LMB): SpotLight (SpotLight83)
[2015.11.30-08.48.19:067][270]LogEditorViewport: Clicking on Actor (LMB): SpotLight (SpotLight82)
[2015.11.30-08.48.51:403][ 43]LogEditorViewport: Clicking on Actor (LMB): SpotLight (SpotLight77)
[2015.11.30-08.48.52:139][111]LogEditorViewport: Clicking on Actor (CTRL LMB): StaticMeshActor (ceilingLampBulB20)
[2015.11.30-08.48.58:212][396]LogEditorViewport: Clicking on Actor (LMB): SpotLight (SpotLight77)
[2015.11.30-08.49.21:482][ 57]LogEditorViewport: Clicking on Actor (LMB): SpotLight (SpotLight72)
[2015.11.30-08.49.22:255][113]LogEditorViewport: Clicking on Actor (CTRL LMB): StaticMeshActor (ceilingLampBulB16)
[2015.11.30-08.49.27:141][445]LogEditorViewport: Clicking on Actor (LMB): SpotLight (SpotLight72)
[2015.11.30-08.49.51:443][307]LogEditorViewport: Clicking on Actor (CTRL LMB): StaticMeshActor (ceilingLampBulB16)
[2015.11.30-08.49.57:655][673]LogEditorViewport: Clicking on Actor (LMB): SpotLight (SpotLight72)
[2015.11.30-08.50.10:849][585]LogEditorViewport: Clicking on Actor (LMB): SpotLight (SpotLight71)
[2015.11.30-08.50.11:551][644]LogEditorViewport: Clicking on Actor (CTRL LMB): StaticMeshActor (ceilingLampBulB15)
[2015.11.30-08.50.19:192][121]LogEditorViewport: Clicking on Actor (LMB): SpotLight (SpotLight70)
[2015.11.30-08.50.24:081][401]LogEditorViewport: Clicking on Actor (LMB): SpotLight (SpotLight70)
[2015.11.30-08.50.31:565][842]LogEditorViewport: Clicking on Actor (CTRL LMB): StaticMeshActor (ceilingLampBulB14)
[2015.11.30-08.50.40:149][401]LogEditorViewport: Clicking on Actor (LMB): SpotLight (SpotLight70)
[2015.11.30-08.50.49:108][ 71]LogEditorViewport: Clicking on Actor (LMB): SpotLight (SpotLight52)
[2015.11.30-08.51.05:807][957]LogEditorViewport: Clicking on Actor (LMB): SpotLight (SpotLight79)
[2015.11.30-08.51.12:996][347]LogEditorViewport: Clicking on Actor (LMB): SpotLight (SpotLight83)
[2015.11.30-08.51.34:609][562]LogEditorViewport: Clicking on Actor (LMB): SpotLight (SpotLight82)
[2015.11.30-08.51.42:821][906]LogEditorViewport: Clicking on Actor (LMB): SpotLight (SpotLight88)
[2015.11.30-08.51.43:677][992]LogD3D11RHI: InitD3DDevice
[2015.11.30-08.51.44:262][ 57]Cmd: CAMERA ALIGN ACTIVEVIEWPORTONLY
[2015.11.30-08.51.52:897][816]LogD3D11RHI: InitD3DDevice
[2015.11.30-08.52.11:423][612]LogEditorViewport: Clicking on Actor (LMB): SpotLight (SpotLight39)
[2015.11.30-08.52.36:690][ 82]LogEditorViewport: Clicking on Actor (LMB): PointLight (PointLight47)
[2015.11.30-08.52.46:307][626]LogEditorViewport: Clicking on Actor (LMB): BackroomLightsShort_C (BackroomLightsShort16)
[2015.11.30-08.52.46:391][629]LogEditorViewport: Clicking on Component (LMB): PointLightComponent (PointLight)
[2015.11.30-08.52.53:089][222]Cmd: TRANSACTION UNDO
[2015.11.30-08.52.53:089][222]LogEditorTransaction: Undo Edit Attenuation Radius
[2015.11.30-08.52.53:125][222]LogD3D11RHI: InitD3DDevice
[2015.11.30-08.52.56:025][408]LogEditorViewport: Clicking on Actor (LMB): BackroomLightsShort_C (BackroomLightsShort17)
[2015.11.30-08.52.56:103][411]LogEditorViewport: Clicking on Component (LMB): PointLightComponent (PointLight)
[2015.11.30-08.53.00:112][693]LogEditorViewport: Clicking on Actor (LMB): BackroomLightsShort_C (BackroomLightsShort15)
[2015.11.30-08.53.00:183][695]LogEditorViewport: Clicking on Component (LMB): PointLightComponent (PointLight)
[2015.11.30-08.53.03:844][972]LogEditorViewport: Clicking on Actor (LMB): BackroomLightsShort_C (BackroomLightsShort14)
[2015.11.30-08.53.03:928][975]LogEditorViewport: Clicking on Component (LMB): PointLightComponent (PointLight)
[2015.11.30-08.53.14:526][694]LogEditorViewport: Clicking on Actor (LMB): BackroomLightsShort_C (BackroomLightsShort25)
[2015.11.30-08.53.14:617][697]LogEditorViewport: Clicking on Component (LMB): PointLightComponent (PointLight)
[2015.11.30-08.53.17:849][944]LogEditorViewport: Clicking on Actor (LMB): BackroomLightsShort_C (BackroomLightsShort24)
[2015.11.30-08.53.17:940][948]LogEditorViewport: Clicking on Component (LMB): PointLightComponent (PointLight)
[2015.11.30-08.53.21:416][214]LogEditorViewport: Clicking on Actor (LMB): BackroomLightsShort_C (BackroomLightsShort26)
[2015.11.30-08.53.21:478][215]LogEditorViewport: Clicking on Component (LMB): PointLightComponent (PointLight)
[2015.11.30-08.53.29:347][856]LogEditorViewport: Clicking on Actor (LMB): SpotLight (SpotLight87)
[2015.11.30-08.53.58:185][118]LogEditorViewport: Clicking on Actor (LMB): BackroomLightsShort_C (BackroomLightsShort20)
[2015.11.30-08.53.58:269][121]LogEditorViewport: Clicking on Component (LMB): PointLightComponent (PointLight)
[2015.11.30-08.54.06:814][738]Cmd: TRANSACTION UNDO
[2015.11.30-08.54.06:814][738]LogEditorTransaction: Undo Edit Attenuation Radius
[2015.11.30-08.54.06:851][738]LogD3D11RHI: InitD3DDevice
[2015.11.30-08.54.09:239][873]LogEditorViewport: Clicking on Actor (LMB): BackroomLightsShort_C (BackroomLightsShort21)
[2015.11.30-08.54.09:370][874]LogEditorViewport: Clicking on Component (LMB): PointLightComponent (PointLight)
[2015.11.30-08.54.12:261][ 61]LogEditorViewport: Clicking on Actor (LMB): BackroomLightsShort_C (BackroomLightsShort22)
[2015.11.30-08.54.12:354][ 62]LogEditorViewport: Clicking on Component (LMB): PointLightComponent (PointLight)
[2015.11.30-08.54.16:435][366]LogEditorViewport: Clicking on Actor (LMB): BackroomLightsShort_C (BackroomLightsShort23)
[2015.11.30-08.54.16:510][369]LogEditorViewport: Clicking on Component (LMB): PointLightComponent (PointLight)
[2015.11.30-08.54.23:621][752]LogD3D11RHI: InitD3DDevice
[2015.11.30-08.54.26:796][752]LogSavePackage: Save=2361.097412ms
[2015.11.30-08.54.26:796][752]LogSavePackage: Moving '../../../../../../Users/Kido/Documents/GitHub/NMNYD/The-Curators/AlexPrototype/Saved/Level1FC56491F488DE4FE99C35B842C693E50.tmp' to '../../../../../../Users/Kido/Documents/GitHub/NMNYD/The-Curators/AlexPrototype/Content/Levels/Level1.umap'
[2015.11.30-08.54.27:009][752]LogFileHelpers: Saving map 'Level1' took 3.361
[2015.11.30-08.54.27:136][752]LogSavePackage: Save=81.314270ms
[2015.11.30-08.54.27:136][752]LogSavePackage: Moving '../../../../../../Users/Kido/Documents/GitHub/NMNYD/The-Curators/AlexPrototype/Saved/AlexGreenDoor40013F074DC52D1E6F3094B29DBD0563.tmp' to '../../../../../../Users/Kido/Documents/GitHub/NMNYD/The-Curators/AlexPrototype/Content/Art/Assets/Blueprints/AlexGreenDoor.uasset'
[2015.11.30-08.54.27:343][752]LogSavePackage: Save=159.313507ms
[2015.11.30-08.54.27:343][752]LogSavePackage: Moving '../../../../../../Users/Kido/Documents/GitHub/NMNYD/The-Curators/AlexPrototype/Saved/AlexHackableDoor73FACE0E4AF98666517676B8294EA748.tmp' to '../../../../../../Users/Kido/Documents/GitHub/NMNYD/The-Curators/AlexPrototype/Content/Art/Assets/Blueprints/AlexHackableDoor.uasset'
[2015.11.30-08.54.52:873][967]LogEditorViewport: Clicking on Actor (LMB): BackroomLightsShort_C (BackroomLightsShort17)
[2015.11.30-08.54.59:755][767]Cmd: SELECT NONE
[2015.11.30-08.55.04:649][124]LogEditorViewport: Clicking on Actor (LMB): SpotLight (SpotLight3)
[2015.11.30-08.55.08:623][304]LogEditorViewport: Clicking on Actor (LMB): BackroomLightsShort_C (BackroomLightsShort7)
[2015.11.30-08.55.08:708][305]LogEditorViewport: Clicking on Component (LMB): PointLightComponent (PointLight)
[2015.11.30-08.55.10:197][374]LogWindows:Error: Windows GetLastError: The operation completed successfully. (0)
[2015.11.30-08.55.10:206][374]LogCrashTracker: 


[2015.11.30-08.56.06:902][374]LogCrashTracker: 


[2015.11.30-08.56.06:902][374]LogWindows: === Critical error: ===
Assertion failed: !EditReregisterContexts.Find(this) [File:D:\BuildFarm\buildmachine_++depot+UE4-Releases+4.8\Engine\Source\Runtime\Engine\Private\Components\ActorComponent.cpp] [Line: 451] 



KERNELBASE.dll {0x000007fefc83b3dd} + 0 bytes
UE4Editor-Core.dll!FOutputDeviceWindowsError::Serialize() {0x000007feda6f7c0f} + 0 bytes [d:\buildfarm\buildmachine_++depot+ue4-releases+4.8\engine\sou
UE4Editor-Core.dll!FOutputDevice::Logf__VA() {0x000007feda5b10b8} + 159 bytes [d:\buildfarm\buildmachine_++depot+ue4-releases+4.8\engine\sou
UE4Editor-Core.dll!FDebug::AssertFailed() {0x000007feda581e72} + 65 bytes [d:\buildfarm\buildmachine_++depot+ue4-releases+4.8\engine\sou
UE4Editor-Engine.dll!UActorComponent::PreEditChange() {0x000007fed7e2326c} + 0 bytes [d:\buildfarm\buildmachine_++depot+ue4-releases+4.8\engine\sou
UE4Editor-CoreUObject.dll!UObject::PreEditChange() {0x000007feda090df1} + 0 bytes [d:\buildfarm\buildmachine_++depot+ue4-releases+4.8\engine\sou
UE4Editor-PropertyEditor.dll!FPropertyNode::NotifyPreChange() {0x000007fed1c337a9} + 0 bytes [d:\buildfarm\buildmachine_++depot+ue4-releases+4.8\engine\sou
UE4Editor-PropertyEditor.dll!FPropertyValueImpl::ImportText() {0x000007fed1c17a35} + 0 bytes [d:\buildfarm\buildmachine_++depot+ue4-releases+4.8\engine\sou
UE4Editor-PropertyEditor.dll!FPropertyValueImpl::ImportText() {0x000007fed1c18474} + 24 bytes [d:\buildfarm\buildmachine_++depot+ue4-releases+4.8\engine\sou
UE4Editor-PropertyEditor.dll!FPropertyHandleBool::SetValue() {0x000007fed1c69a6e} + 162 bytes [d:\buildfarm\buildmachine_++depot+ue4-releases+4.8\engine\sou
UE4Editor-PropertyEditor.dll!SPropertyEditorBool::OnCheckStateChanged() {0x000007fed1d8568c} + 14 bytes [d:\buildfarm\buildmachine_++depot+ue4-releases+4.8\engine\sou
UE4Editor-PropertyEditor.dll!TBaseSPMethodDelegateInstance<0,SPropertyEditorBool,0,TTypeWrapper<void> __cdecl(enum ECheckBoxState)>::Execute() {0x000007fed1d4d8ed} + 36 bytes [d:\buildfarm\buildmachine_++depot+ue4-releases+4.8\engine\sou
UE4Editor-PropertyEditor.dll!TBaseSPMethodDelegateInstance<0,SPropertyEditorBool,0,void __cdecl(enum ECheckBoxState)>::ExecuteIfSafe() {0x000007fed1d50acd} + 12 bytes [d:\buildfarm\buildmachine_++depot+ue4-releases+4.8\engine\sou
UE4Editor-Slate.dll!SCheckBox::ToggleCheckedState() {0x000007fed6afc688} + 37 bytes [d:\buildfarm\buildmachine_++depot+ue4-releases+4.8\engine\sou
UE4Editor-Slate.dll!SCheckBox::OnMouseButtonUp() {0x000007fed6adf9d9} + 0 bytes [d:\buildfarm\buildmachine_++depot+ue4-releases+4.8\engine\sou
UE4Editor-Slate.dll!<lambda_de96dc3471181973108233c6db1f9843>::operator()() {0x000007fed68e4ccc} + 24 bytes [d:\buildfarm\buildmachine_++depot+ue4-releases+4.8\engine\sou
UE4Editor-Slate.dll!FEventRouter::Route<FReply,FEventRouter::FToLeafmostPolicy,FPointerEvent,<lambda_de96dc3471181973108233c6db1f9843> >() {0x000007fed689d167} + 21 bytes [d:\buildfarm\buildmachine_++depot+ue4-releases+4.8\engine\sou
UE4Editor-Slate.dll!FSlateApplication::ProcessMouseButtonUpEvent() {0x000007fed6958617} + 78 bytes [d:\buildfarm\buildmachine_++depot+ue4-releases+4.8\engine\sou
UE4Editor-Slate.dll!FSlateApplication::OnMouseUp() {0x000007fed6945d84} + 16 bytes [d:\buildfarm\buildmachine_++depot+ue4-releases+4.8\engine\sou
UE4Editor-Core.dll!FWindowsApplication::ProcessDeferredMessage() {0x000007feda6ed7ad} + 12 bytes [d:\buildfarm\buildmachine_++depot+ue4-releases+4.8\engine\sou
UE4Editor-Core.dll!FWindowsApplication::DeferMessage() {0x000007feda6d49d1} + 74 bytes [d:\buildfarm\buildmachine_++depot+ue4-releases+4.8\engine\sou
UE4Editor-Core.dll!FWindowsApplication::ProcessMessage() {0x000007feda6eedc3} + 44 bytes [d:\buildfarm\buildmachine_++depot+ue4-releases+4.8\engine\sou
UE4Editor-Core.dll!FWindowsApplication::AppWndProc() {0x000007feda6ce5ba} + 0 bytes [d:\buildfarm\buildmachine_++depot+ue4-releases+4.8\engine\sou
USER32.dll {0x000000007788c3c1} + 0 bytes
USER32.dll {0x000000007788c60a} + 0 bytes
UE4Editor-Core.dll!FWindowsPlatformMisc::PumpMessages() {0x000007feda6f0186} + 48 bytes [d:\buildfarm\buildmachine_++depot+ue4-releases+4.8\engine\sou
UE4Editor.exe!FEngineLoop::Tick() {0x000000013f2a3c7a} + 8 bytes [d:\buildfarm\buildmachine_++depot+ue4-releases+4.8\engine\sou
UE4Editor.exe!GuardedMain() {0x000000013f2949cc} + 0 bytes [d:\buildfarm\buildmachine_++depot+ue4-releases+4.8\engine\sou
UE4Editor.exe!GuardedMainWrapper() {0x000000013f294a4a} + 5 bytes [d:\buildfarm\buildmachine_++depot+ue4-releases+4.8\engine\sou
UE4Editor.exe!WinMain() {0x000000013f2a65c9} + 17 bytes [d:\buildfarm\buildmachine_++depot+ue4-releases+4.8\engine\sou
UE4Editor.exe!__tmainCRTStartup() {0x000000013f2a75d9} + 21 bytes [f:\dd\vctools\crt\crtw32\dllstuff\crtexe.c:618]
kernel32.dll {0x0000000077985a4d} + 0 bytes
ntdll.dll {0x0000000077abb831} + 0 bytes
ntdll.dll {0x0000000077abb831} + 0 bytes

