[2015.12.12-20.49.30:370][  0]Log file open, 12/12/15 15:49:30
[2015.12.12-20.49.30:370][  0]LogInit:Display: Running engine for game: MyProject
[2015.12.12-20.49.30:370][  0]LogInit:Display: RandInit(-252819575) SRandInit(-252819573).
[2015.12.12-20.49.30:370][  0]LogTaskGraph: Started task graph with 4 named threads and 6 total threads.
[2015.12.12-20.49.30:370][  0]LogStats: Stats thread started
[2015.12.12-20.49.30:370][  0]LogInit: Version: 4.8.3-2634408+++depot+UE4-Releases+4.8
[2015.12.12-20.49.30:370][  0]LogInit: API Version: 2579680
[2015.12.12-20.49.30:370][  0]LogInit: Compiled (64-bit): Jul 27 2015 16:24:33
[2015.12.12-20.49.30:370][  0]LogInit: Compiled with Visual C++: 18.00.21005.01
[2015.12.12-20.49.30:370][  0]LogInit: Build Configuration: Development
[2015.12.12-20.49.30:370][  0]LogInit: Branch Name: ++depot+UE4-Releases+4.8
[2015.12.12-20.49.30:370][  0]LogInit: Command line:  
[2015.12.12-20.49.30:370][  0]LogInit: Base directory: C:/Program Files/Epic Games/4.8/Engine/Binaries/Win64/
[2015.12.12-20.49.30:370][  0]LogInit: Rocket: 1
[2015.12.12-20.49.30:448][  0]LogInit: Using libcurl 7.41.0
[2015.12.12-20.49.30:448][  0]LogInit:  - built for x86_64-pc-win32
[2015.12.12-20.49.30:448][  0]LogInit:  - supports SSL with WinSSL
[2015.12.12-20.49.30:448][  0]LogInit:  - other features:
[2015.12.12-20.49.30:448][  0]LogInit:      CURL_VERSION_SSL
[2015.12.12-20.49.30:448][  0]LogInit:      CURL_VERSION_IPV6
[2015.12.12-20.49.30:448][  0]LogInit:      CURL_VERSION_ASYNCHDNS
[2015.12.12-20.49.30:448][  0]LogInit:      CURL_VERSION_LARGEFILE
[2015.12.12-20.49.30:448][  0]LogInit:      CURL_VERSION_IDN
[2015.12.12-20.49.30:448][  0]LogInit:  CurlRequestOptions (configurable via config and command line):
[2015.12.12-20.49.30:448][  0]LogInit:  - bVerifyPeer = true  - Libcurl will verify peer certificate
[2015.12.12-20.49.30:448][  0]LogInit:  - bUseHttpProxy = false  - Libcurl will NOT use HTTP proxy
[2015.12.12-20.49.30:448][  0]LogInit:  - bDontReuseConnections = false  - Libcurl will reuse connections
[2015.12.12-20.49.30:448][  0]LogInit:  - CertBundlePath = nullptr  - Libcurl will use whatever was configured at build time.
[2015.12.12-20.49.30:478][  0]LogOnline:Warning: No default platform service specified for OnlineSubsystem
[2015.12.12-20.49.30:510][  0]LogInit: Presizing for 0 objects not considered by GC, pre-allocating 0 bytes.
[2015.12.12-20.49.30:531][  0]LogInit: Object subsystem initialized
[2015.12.12-20.49.30:532][  0]LogConsoleResponse:Warning: Skipping Unknown console variable: 'TranslucentSortAxis = (X=0.000000,Y=-1.000000,Z=0.000000)'
[2015.12.12-20.49.30:532][  0]LogConsoleResponse:Warning:   Found in ini file 'C:/Users/Kido/Documents/GitHub/NMNYD/The-Curators/AlexPrototype/Saved/Config/Windows/Engine.ini', in section '[/Script/Engine.RendererSettings]'
[2015.12.12-20.49.30:532][  0]LogConsoleResponse:Warning: Skipping Unknown console variable: 'UIScaleRule = ShortestSide'
[2015.12.12-20.49.30:532][  0]LogConsoleResponse:Warning:   Found in ini file 'C:/Users/Kido/Documents/GitHub/NMNYD/The-Curators/AlexPrototype/Saved/Config/Windows/Engine.ini', in section '[/Script/Engine.RendererSettings]'
[2015.12.12-20.49.30:532][  0]LogConsoleResponse:Warning: Skipping Unknown console variable: 'UIScaleCurve = (EditorCurveData=(Keys=),ExternalCurve=None)'
[2015.12.12-20.49.30:532][  0]LogConsoleResponse:Warning:   Found in ini file 'C:/Users/Kido/Documents/GitHub/NMNYD/The-Curators/AlexPrototype/Saved/Config/Windows/Engine.ini', in section '[/Script/Engine.RendererSettings]'
[2015.12.12-20.49.30:533][  0]LogInit: Selected Device Profile: [Windows]
[2015.12.12-20.49.30:533][  0]LogInit: Applying CVar settings loaded from the selected device profile: [Windows]
[2015.12.12-20.49.30:546][  0]LogInit: Computer: KIDO-PC
[2015.12.12-20.49.30:546][  0]LogInit: User: Kido
[2015.12.12-20.49.30:546][  0]LogInit: CPU Page size=4096, Cores=3
[2015.12.12-20.49.30:546][  0]LogInit: High frequency timer resolution =3.429492 MHz
[2015.12.12-20.49.30:546][  0]LogMemory: Memory total: Physical=7.9GB (8GB approx)
[2015.12.12-20.49.30:546][  0]LogMemory: Platform Memory Stats for Windows
[2015.12.12-20.49.30:546][  0]LogMemory: Process Physical Memory: 56.94 MB used, 57.01 MB peak
[2015.12.12-20.49.30:546][  0]LogMemory: Process Virtual Memory: 30.13 MB used, 32.21 MB peak
[2015.12.12-20.49.30:546][  0]LogMemory: Physical Memory: 5631.89 MB used, 8088.61 MB total
[2015.12.12-20.49.30:546][  0]LogMemory: Virtual Memory: 290.44 MB used, 8388608.00 MB total
[2015.12.12-20.49.30:732][  0]LogTextLocalizationManager: The requested culture ('en_US') has no localization data; parent culture's ('en') localization data will be used.
[2015.12.12-20.49.31:022][  0]LogTextLocalizationManager:Warning: Loaded localization resources contain conflicting entries for (Namespace:ContentBrowser, Key:ImportAssetToolTip):
Localization Resource: (C:/Program Files/Epic Games/4.8/Engine/Content/Localization/Editor/en/Editor.locres) Source String Hash: (-630476809) Localized String: (Import to {0}...)
Localization Resource: (C:/Program Files/Epic Games/4.8/Engine/Content/Localization/Editor/en/Editor.locres) Source String Hash: (1271782899) Localized String: (Imports an asset from file to this folder.)
[2015.12.12-20.49.31:772][  0]LogD3D11RHI: Found D3D11 adapter 0: AMD Radeon R9 200 Series (Feature Level 11_0)
[2015.12.12-20.49.31:772][  0]LogD3D11RHI: Adapter has 2027MB of dedicated video memory, 0MB of dedicated system memory, and 3788MB of shared system memory, 2 output[s]
[2015.12.12-20.49.31:772][  0]LogD3D11RHI: Chosen D3D11 Adapter Id = 0
[2015.12.12-20.49.31:780][  0]LogD3D11RHI: InitD3DDevice
[2015.12.12-20.49.31:780][  0]LogD3D11RHI: !Direct3DDevice
[2015.12.12-20.49.31:781][  0]LogRHI: Texture pool is 1361 MB (70% of 1945 MB)
[2015.12.12-20.49.31:790][  0]LogD3D11RHI: Async texture creation disabled: no driver support
[2015.12.12-20.49.31:802][  0]LogShaderCompilers:Display: Using Local Shader Compiler.
[2015.12.12-20.49.37:926][  0]LogTemp:Display: Loaded TP DesktopTargetPlatform
[2015.12.12-20.49.37:978][  0]LogTemp:Display: Loaded TP WindowsClientTargetPlatform
[2015.12.12-20.49.38:019][  0]LogTemp:Display: Loaded TP WindowsNoEditorTargetPlatform
[2015.12.12-20.49.38:074][  0]LogTemp:Display: Loaded TP WindowsServerTargetPlatform
[2015.12.12-20.49.38:120][  0]LogTemp:Display: Loaded TP WindowsTargetPlatform
[2015.12.12-20.49.38:574][  0]LogTemp:Display: Loaded TP AndroidTargetPlatform
[2015.12.12-20.49.38:622][  0]LogTemp:Display: Loaded TP Android_ASTCTargetPlatform
[2015.12.12-20.49.38:688][  0]LogTemp:Display: Loaded TP Android_ATCTargetPlatform
[2015.12.12-20.49.38:752][  0]LogTemp:Display: Loaded TP Android_DXTTargetPlatform
[2015.12.12-20.49.38:807][  0]LogTemp:Display: Loaded TP Android_ETC1TargetPlatform
[2015.12.12-20.49.38:869][  0]LogTemp:Display: Loaded TP Android_ETC2TargetPlatform
[2015.12.12-20.49.38:939][  0]LogTemp:Display: Loaded TP Android_PVRTCTargetPlatform
[2015.12.12-20.49.39:137][  0]LogTemp:Display: Loaded TP IOSTargetPlatform
[2015.12.12-20.49.39:193][  0]LogTemp:Display: Loaded TP LinuxNoEditorTargetPlatform
[2015.12.12-20.49.39:270][  0]LogTemp:Display: Loaded TP LinuxServerTargetPlatform
[2015.12.12-20.49.39:347][  0]LogTemp:Display: Loaded TP LinuxTargetPlatform
[2015.12.12-20.49.39:347][  0]LogTargetPlatformManager:Display: Building Assets For Windows
[2015.12.12-20.49.40:302][  0]LogDerivedDataCache:Display: Max Cache Size: 512 MB
[2015.12.12-20.49.41:036][  0]LogDerivedDataCache: Loaded boot cache 0.73s 53MB C:/Users/Kido/AppData/Local/UnrealEngine/4.8/DerivedDataCache/Boot.ddc.
[2015.12.12-20.49.41:036][  0]LogDerivedDataCache:Display: Loaded Boot cache: C:/Users/Kido/AppData/Local/UnrealEngine/4.8/DerivedDataCache/Boot.ddc
[2015.12.12-20.49.41:037][  0]LogDerivedDataCache: FDerivedDataBackendGraph:  Pak pak cache file ../../../../../../Users/Kido/Documents/GitHub/NMNYD/The-Curators/AlexPrototype/DerivedDataCache/DDC.ddp not found, will not use a pak cache.
[2015.12.12-20.49.41:037][  0]LogDerivedDataCache: Unable to find inner node Pak for hierarchical cache Hierarchy.
[2015.12.12-20.49.41:037][  0]LogDerivedDataCache: FDerivedDataBackendGraph:  CompressedPak pak cache file ../../../../../../Users/Kido/Documents/GitHub/NMNYD/The-Curators/AlexPrototype/DerivedDataCache/Compressed.ddp not found, will not use a pak cache.
[2015.12.12-20.49.41:037][  0]LogDerivedDataCache: Unable to find inner node CompressedPak for hierarchical cache Hierarchy.
[2015.12.12-20.49.41:359][  0]LogDerivedDataCache:Display: Pak cache opened for reading ../../../Engine/DerivedDataCache/Compressed.ddp.
[2015.12.12-20.49.41:371][  0]LogDerivedDataCache: Using Local data cache path C:/Users/Kido/AppData/Local/UnrealEngine/Common/DerivedDataCache: Writable
[2015.12.12-20.49.45:004][  0]LogInit: Selected Device Profile: [Windows]
[2015.12.12-20.49.45:021][  0]ImportText (ComponentSweepMultiTests): Missing closing parenthesis: (RootShapeAsset="/Engine/BasicShapes/Cube.Cube",ShapeType="TriggerCapsule",HitResult=(Time=0.50,Location=(X=-100.000015,Y=0.0,Z=100.000015),ImpactPoint=(X=-50.0,Y=0.0,Z=50.0),Normal=(X=-1.0,Y=-0.0,Z=0.0),ImpactNormal=(X=0.0,Y=0.0,Z=1.0),TraceStart=(X=-200.0,Y=0.0,Z=200.0),TraceEnd=(X=0.0,Y=0.0,Z=0.0))
[2015.12.12-20.49.45:022][  0]ImportText (LineTraceSingleByChannelTests): Missing closing parenthesis: (RootShapeAsset="/Engine/BasicShapes/Cube.Cube",HitResult=(Time=0.50,Location=(X=-100.000015,Y=0.0,Z=100.000015),ImpactPoint=(X=-50.0,Y=0.0,Z=50.0),Normal=(X=-1.0,Y=-0.0,Z=0.0),ImpactNormal=(X=0.0,Y=0.0,Z=1.0),TraceStart=(X=-200.0,Y=0.0,Z=200.0),TraceEnd=(X=0.0,Y=0.0,Z=0.0))
[2015.12.12-20.49.45:115][  0]LogMeshUtilities: No automatic mesh reduction module available
[2015.12.12-20.49.45:115][  0]LogMeshUtilities: No automatic mesh merging module available
[2015.12.12-20.49.47:597][  0]LogInit: WinSock: version 1.1 (2.2), MaxSocks=32767, MaxUdp=65467
[2015.12.12-20.50.13:883][  0]UdpMessaging: Initializing bridge on interface 0.0.0.0:0 to multicast group 230.0.0.1:6666.
[2015.12.12-20.50.15:931][  0]SourceControl: Info Source control is disabled
[2015.12.12-20.50.16:371][  0]SourceControl: Info Source control is disabled
[2015.12.12-20.50.16:429][  0]SourceControl: Info Source control is disabled
[2015.12.12-20.50.16:480][  0]SourceControl: Info Source control is disabled
[2015.12.12-20.50.17:617][  0]LogObj: 26273 objects as part of root set at end of initial load.
[2015.12.12-20.50.17:617][  0]LogUObjectAllocator: 5409256 out of 0 bytes used by permanent object pool.
[2015.12.12-20.50.18:072][  0]LogEngine: Initializing Engine...
[2015.12.12-20.50.18:132][  0]LogHMD: Can't find Oculus library dev build: is proper Runtime installed? Version: 0.6.0.0
[2015.12.12-20.50.18:234][  0]LogHMD:Warning: SteamVR failed to initialize.  Error: 100
[2015.12.12-20.50.18:934][  0]LogAIModule: Creating AISystem for world NewWorld
[2015.12.12-20.50.19:022][  0]LogInit: XAudio2 using 'Speakers (Realtek High Definition Audio)' : 2 channels at 48 kHz using 32 bits per sample (channel mask 0x3)
[2015.12.12-20.50.19:072][  0]LogInit: FAudioDevice initialized.
[2015.12.12-20.50.19:167][  0]LogDerivedDataCache: Saved boot cache 0.10s 53MB C:/Users/Kido/AppData/Local/UnrealEngine/4.8/DerivedDataCache/Boot.ddc.
[2015.12.12-20.50.19:182][  0]LogInit: Texture streaming: Disabled
[2015.12.12-20.50.19:251][  0]LogAnalytics: Creating configured Analytics provider AnalyticsET
[2015.12.12-20.50.19:251][  0]LogAnalytics: [UEEditor.Rocket.Release] APIServer = http://et2.epicgames.com/ET2/. AppVersion = 4.8.3-2634408+++depot+UE4-Releases+4.8
[2015.12.12-20.50.19:251][  0]LogAnalytics: [UEEditor.Rocket.Release] SetUserId 43320ea4426e19879c0674aa75267495|ac704d33c08e461d905fa8a004e85986|70feb17f-f50f-4812-9d0e-586ab78027fa
[2015.12.12-20.50.19:251][  0]LogAnalytics: [UEEditor.Rocket.Release] AnalyticsET::StartSession
[2015.12.12-20.50.19:374][  0]LogInit: Transaction tracking system initialized
[2015.12.12-20.50.21:656][  0]BlueprintLog: New page: Editor Load
[2015.12.12-20.50.22:149][  0]LogAssetRegistry: FAssetRegistry took 0.0329 seconds to start up
[2015.12.12-20.50.22:151][  0]LogDirectoryWatcher:Warning: Failed to begin reading directory changes for ../../../Engine/Plugins/Experimental/CharacterAI/Content/. Error: 0
[2015.12.12-20.50.31:743][  0]LogConsoleManager:Warning: Console variable 'r.VSync' wasn't set ('GameSetting' has a lower priority than 'SystemSettingsIni')
[2015.12.12-20.50.31:744][  0]LogConsoleResponse:Display: 
[2015.12.12-20.50.33:897][  0]LogCook:Display: Done creating registry. It took  0.00s.
[2015.12.12-20.50.35:613][  0]SourceControl: Info Source control is disabled
[2015.12.12-20.50.35:629][  0]Cmd: MAP LOAD FILE="../../../../../../Users/Kido/Documents/GitHub/NMNYD/The-Curators/AlexPrototype/Content/Levels/MainMenu.umap" TEMPLATE=0 SHOWPROGRESS=1 FEATURELEVEL=3
[2015.12.12-20.50.35:709][  0]LightingResults: New page: Lighting Build
[2015.12.12-20.50.35:814][  0]MapCheck: New page: Map Check
[2015.12.12-20.50.35:814][  0]LightingResults: New page: Lighting Build
[2015.12.12-20.50.35:828][  0]LogParticles: Destroying 0 GPU particle simulations for FXSystem 0x00000000129BC9A0
[2015.12.12-20.50.43:832][  0]LogBlueprint:Warning: [compiler ThirdPersonCharacter] Warning Input Axis Event references unknown Axis 'LookUp' for  InputAxis LookUp 
[2015.12.12-20.50.43:863][  0]LogBlueprint:Warning: [compiler ThirdPersonCharacter] Warning [0076.85] Compile of ThirdPersonCharacter successful, but with 1 Warning(s) [in 242 ms]
[2015.12.12-20.50.43:863][  0]LogBlueprint:Warning: [compiler ThirdPersonCharacter] Warning [0076.85] Compile of ThirdPersonCharacter successful, but with 2 Warning(s) [in 0 ms]
[2015.12.12-20.50.43:863][  0]LogBlueprint:Warning: [compiler ThirdPersonCharacter] Warning [0076.85] Compile of ThirdPersonCharacter successful, but with 3 Warning(s) [in 0 ms]
[2015.12.12-20.50.47:233][  0]LogBlueprint:Warning: [compiler ErichFinalCharCombined] Warning Input Axis Event references unknown Axis 'LookUp' for  InputAxis LookUp 
[2015.12.12-20.50.47:286][  0]LogBlueprint:Warning: [compiler ErichFinalCharCombined] Warning [0080.27] Compile of ErichFinalCharCombined successful, but with 1 Warning(s) [in 353 ms]
[2015.12.12-20.50.47:288][  0]LogBlueprint:Warning: [compiler ErichFinalCharCombined] Warning [0080.27] Compile of ErichFinalCharCombined successful, but with 2 Warning(s) [in 1 ms]
[2015.12.12-20.50.47:288][  0]LogBlueprint:Warning: [compiler ErichFinalCharCombined] Warning [0080.27] Compile of ErichFinalCharCombined successful, but with 3 Warning(s) [in 0 ms]
[2015.12.12-20.50.48:309][  0]LogBlueprint:Warning: [compiler ThirdPersonCharacter] Warning Input Axis Event references unknown Axis 'LookUp' for  InputAxis LookUp 
[2015.12.12-20.50.48:346][  0]LogBlueprint:Warning: [compiler ThirdPersonCharacter] Warning [0081.33] Compile of ThirdPersonCharacter successful, but with 1 Warning(s) [in 231 ms]
[2015.12.12-20.50.48:347][  0]LogBlueprint:Warning: [compiler ThirdPersonCharacter] Warning [0081.33] Compile of ThirdPersonCharacter successful, but with 2 Warning(s) [in 0 ms]
[2015.12.12-20.50.48:778][  0]LogBlueprint:Warning: [compiler ErichFinalCharCombined] Warning Input Axis Event references unknown Axis 'LookUp' for  InputAxis LookUp 
[2015.12.12-20.50.48:837][  0]LogBlueprint:Warning: [compiler ErichFinalCharCombined] Warning [0081.82] Compile of ErichFinalCharCombined successful, but with 1 Warning(s) [in 328 ms]
[2015.12.12-20.50.48:839][  0]LogBlueprint:Warning: [compiler ErichFinalCharCombined] Warning [0081.82] Compile of ErichFinalCharCombined successful, but with 2 Warning(s) [in 1 ms]
[2015.12.12-20.50.59:401][  0]LogWmfMedia:Error: Failed to create source object from URL for C:/Users/Justin's/Pictures/Curators/NewMenuAssets/Output/maxresdefault (1).mp4
[2015.12.12-20.51.31:372][  0]LogAIModule: Creating AISystem for world MainMenu
[2015.12.12-20.51.31:536][  0]LogEditorServer: Finished looking for orphan Actors (0.006 secs)
[2015.12.12-20.51.31:609][  0]Cmd: MAP CHECKDEP NOCLEARLOG
[2015.12.12-20.51.31:918][  0]MapCheck: Info Map check complete: 0 Error(s), 0 Warning(s), took 299.826ms to complete.
[2015.12.12-20.51.31:936][  0]LogFileHelpers: Loading map 'MainMenu' took 56.307
[2015.12.12-20.51.32:713][  0]LogCollectionManager: Loaded 0 collections in 0.002511 seconds
[2015.12.12-20.51.32:736][  0]LogContentBrowser: Native class hierarchy populated in 0.0227 seconds. Added 1792 classes and 301 folders.
[2015.12.12-20.51.32:994][  0]LogContentBrowser: Native class hierarchy updated for 'WidgetCarousel' in 0.0017 seconds. Added 0 classes and 0 folders.
[2015.12.12-20.51.33:527][  0]LogContentBrowser: Native class hierarchy updated for 'AddContentDialog' in 0.0016 seconds. Added 0 classes and 0 folders.
[2015.12.12-20.51.33:961][  0]LogContentBrowser: Native class hierarchy updated for 'SceneOutliner' in 0.0016 seconds. Added 1 classes and 2 folders.
[2015.12.12-20.51.34:790][  0]LogCrashTracker: Crashtracker disabled due to settings.
[2015.12.12-20.51.34:861][  0]LogD3D11RHI: InitD3DDevice
[2015.12.12-20.51.34:979][  0]LogUObjectGlobals:Warning: Failed to find object 'Class None.'
[2015.12.12-20.51.35:097][  0]LogLoad: Full Startup: 128.08 seconds (BP compile: 5.08 seconds)
[2015.12.12-20.51.36:047][  0]LogContentStreaming: Texture pool size is 0.000000MB
[2015.12.12-20.51.36:388][  0]LogContentStreaming: Texture pool size now 1000 MB
[2015.12.12-20.51.36:814][  0]LogRenderer: Reallocating scene render targets to support 1600x904 (Frame:2).
[2015.12.12-20.51.49:232][ 42]LogAssetRegistry: Asset discovery search completed in 87.1143 seconds
[2015.12.12-20.51.55:432][665]LogD3D11RHI: InitD3DDevice
[2015.12.12-20.51.57:047][846]LogD3D11RHI: InitD3DDevice
[2015.12.12-20.52.07:211][846]LogLinker:Warning: Can't find file '/Game/Assets/Sound/Pickup2'
[2015.12.12-20.52.07:223][846]LogLinker:Warning: Can't find file for asset '/Game/Assets/Sound/Pickup2' while loading ../../../../../../Users/Kido/Documents/GitHub/NMNYD/The-Curators/AlexPrototype/Content/FinalEnergyPickup.uasset.
[2015.12.12-20.52.07:223][846]LoadErrors:Error: Error /Game/FinalEnergyPickup : Can't find file for asset. /Game/Assets/Sound/Pickup2
[2015.12.12-20.52.07:224][846]LogLinker:Warning: Can't find file '/Game/Assets/Sound/Pickup2'
[2015.12.12-20.52.07:224][846]LogLinker:Warning: Can't find file for asset '/Game/Assets/Sound/Pickup2' while loading ../../../../../../Users/Kido/Documents/GitHub/NMNYD/The-Curators/AlexPrototype/Content/FinalEnergyPickup.uasset.
[2015.12.12-20.52.07:252][846]LogLinker:Warning: Can't find file '/Game/Assets/Sound/Pickup2'
[2015.12.12-20.52.07:253][846]LogLinker:Warning: Can't find file for asset '/Game/Assets/Sound/Pickup2' while loading ../../../../../../Users/Kido/Documents/GitHub/NMNYD/The-Curators/AlexPrototype/Content/Levels/Level1.umap.
[2015.12.12-20.52.07:253][846]LoadErrors:Error: Error /Game/Levels/Level1 : Can't find file for asset. /Game/Assets/Sound/Pickup2
[2015.12.12-20.52.07:253][846]LogLinker:Warning: Can't find file '/Game/Assets/Sound/Pickup2'
[2015.12.12-20.52.07:253][846]LogLinker:Warning: Can't find file for asset '/Game/Assets/Sound/Pickup2' while loading ../../../../../../Users/Kido/Documents/GitHub/NMNYD/The-Curators/AlexPrototype/Content/Levels/Level1.umap.
[2015.12.12-20.52.07:257][846]LogLinker:Warning: Can't find file '/Game/Assets/Sound/Pickup2'
[2015.12.12-20.52.07:257][846]LoadErrors: Info Failed to load /Game/Assets/Sound/Pickup2.Pickup2 Referenced by EdGraphPin_43490
[2015.12.12-20.52.07:257][846]LogLinker:Warning: Can't find file for asset '/Game/Assets/Sound/Pickup2' while loading ../../../../../../Users/Kido/Documents/GitHub/NMNYD/The-Curators/AlexPrototype/Content/Levels/Level1.umap.
[2015.12.12-20.53.03:806][846]LogAIModule: Creating AISystem for world Level1
[2015.12.12-20.53.03:812][846]LogMaterial:Warning: Material /Game/Art/VerticalSliceAssets/egyptianAssets/vaseEgyptian/vaseEgyptianBase.vaseEgyptianBase needed to have new flag set bUsedWithStaticLighting !
[2015.12.12-20.53.03:895][846]LogMaterial: Missing cached shader map for material vaseEgyptianBase, compiling. 
[2015.12.12-20.53.04:097][846]LogMaterial: 0.014389 seconds spent updating 1 materials, 1 interfaces, 0 instances, 0 with static permutations.
[2015.12.12-20.53.04:123][846]LogParticles:Warning: InitializeSystem called on an unregistered component. Template=/Game/Art/Assets/Particles/p_displayParticle.p_displayParticle Component=/Game/Levels/Level1.Level1:PersistentLevel.displayCaseBP_236.displayCase
[2015.12.12-20.53.04:328][846]LogParticles:Warning: InitializeSystem called on an unregistered component. Template=/Game/Art/Assets/Particles/p_displayParticle.p_displayParticle Component=/Game/Levels/Level1.Level1:PersistentLevel.displayCaseBP2.displayCase
[2015.12.12-20.53.04:328][846]LogMaterial:Warning: Material /Game/Art/VerticalSliceAssets/egyptianAssets/sandals/sandels.sandels needed to have new flag set bUsedWithStaticLighting !
[2015.12.12-20.53.04:396][846]LogMaterial: Missing cached shader map for material sandels, compiling. 
[2015.12.12-20.53.04:409][846]LogMaterial: 0.000122 seconds spent updating 1 materials, 1 interfaces, 0 instances, 0 with static permutations.
[2015.12.12-20.53.04:409][846]LogParticles:Warning: InitializeSystem called on an unregistered component. Template=/Game/Art/Assets/Particles/p_displayParticle.p_displayParticle Component=/Game/Levels/Level1.Level1:PersistentLevel.displayCaseBP3_2642.displayCase
[2015.12.12-20.53.04:409][846]LogParticles:Warning: InitializeSystem called on an unregistered component. Template=/Game/Art/Assets/Particles/p_displayParticle.p_displayParticle Component=/Game/Levels/Level1.Level1:PersistentLevel.displayCaseBP4.displayCase
[2015.12.12-20.53.04:409][846]LogParticles:Warning: InitializeSystem called on an unregistered component. Template=/Game/Art/Assets/Particles/p_displayParticle.p_displayParticle Component=/Game/Levels/Level1.Level1:PersistentLevel.displayCaseBP5.displayCase
[2015.12.12-20.53.04:409][846]LogParticles:Warning: InitializeSystem called on an unregistered component. Template=/Game/Art/Assets/Particles/p_displayParticle.p_displayParticle Component=/Game/Levels/Level1.Level1:PersistentLevel.displayCaseBP6.displayCase
[2015.12.12-20.53.04:409][846]LogParticles:Warning: InitializeSystem called on an unregistered component. Template=/Game/Art/Assets/Particles/p_displayParticleShort.p_displayParticleShort Component=/Game/Levels/Level1.Level1:PersistentLevel.displayCaseShort_Blueprint6.p_displayParticleShort
[2015.12.12-20.53.04:409][846]LogParticles:Warning: InitializeSystem called on an unregistered component. Template=/Game/Art/Assets/Particles/p_displayParticleShort.p_displayParticleShort Component=/Game/Levels/Level1.Level1:PersistentLevel.displayCaseShort_Blueprint7.p_displayParticleShort
[2015.12.12-20.53.04:409][846]LogParticles:Warning: InitializeSystem called on an unregistered component. Template=/Game/Art/Assets/Particles/p_displayParticleShort.p_displayParticleShort Component=/Game/Levels/Level1.Level1:PersistentLevel.displayCaseShort_Blueprint8.p_displayParticleShort
[2015.12.12-20.53.04:411][846]LogParticles:Warning: InitializeSystem called on an unregistered component. Template=/Game/Art/Assets/Particles/p_displayParticleShort.p_displayParticleShort Component=/Game/Levels/Level1.Level1:PersistentLevel.displayCaseShort_Blueprint9.p_displayParticleShort
[2015.12.12-20.53.04:411][846]LogParticles:Warning: InitializeSystem called on an unregistered component. Template=/Game/Art/Assets/Particles/p_displayParticleShort.p_displayParticleShort Component=/Game/Levels/Level1.Level1:PersistentLevel.displayCaseShort_Blueprint11.p_displayParticleShort
[2015.12.12-20.53.04:411][846]LogParticles:Warning: InitializeSystem called on an unregistered component. Template=/Game/Art/Assets/Particles/p_displayParticle.p_displayParticle Component=/Game/Levels/Level1.Level1:PersistentLevel.displayCaseBP10.displayCase
[2015.12.12-20.53.04:411][846]LogParticles:Warning: InitializeSystem called on an unregistered component. Template=/Game/Art/Assets/Particles/p_displayParticle.p_displayParticle Component=/Game/Levels/Level1.Level1:PersistentLevel.displayCaseBP11.displayCase
[2015.12.12-20.53.04:411][846]LogParticles:Warning: InitializeSystem called on an unregistered component. Template=/Game/Art/Assets/Particles/p_displayParticle.p_displayParticle Component=/Game/Levels/Level1.Level1:PersistentLevel.displayCaseBP12.displayCase
[2015.12.12-20.53.04:412][846]LogParticles:Warning: InitializeSystem called on an unregistered component. Template=/Game/Art/Assets/Particles/p_displayParticle.p_displayParticle Component=/Game/Levels/Level1.Level1:PersistentLevel.displayCaseBP13.displayCase
[2015.12.12-20.53.04:412][846]LogParticles:Warning: InitializeSystem called on an unregistered component. Template=/Game/Art/Assets/Particles/p_displayParticle.p_displayParticle Component=/Game/Levels/Level1.Level1:PersistentLevel.displayCaseBP14.displayCase
[2015.12.12-20.53.04:539][846]LogParticles:Warning: InitializeSystem called on an unregistered component. Template=/Game/Art/Assets/Particles/p_displayParticleShort.p_displayParticleShort Component=/Game/Levels/Level1.Level1:PersistentLevel.displayCaseShort_Blueprint5_68.p_displayParticleShort
[2015.12.12-20.53.04:542][846]LogParticles:Warning: InitializeSystem called on an unregistered component. Template=/Game/Art/Assets/Particles/p_displayParticleShort.p_displayParticleShort Component=/Game/Levels/Level1.Level1:PersistentLevel.displayCaseShort_Blueprint13.p_displayParticleShort
[2015.12.12-20.53.04:542][846]LogParticles:Warning: InitializeSystem called on an unregistered component. Template=/Game/Art/Assets/Particles/p_displayParticleShort.p_displayParticleShort Component=/Game/Levels/Level1.Level1:PersistentLevel.displayCaseShort_Blueprint14.p_displayParticleShort
[2015.12.12-20.53.04:618][846]LogParticles:Warning: InitializeSystem called on an unregistered component. Template=/Game/Art/Assets/Particles/p_displayParticleShort.p_displayParticleShort Component=/Game/Levels/Level1.Level1:PersistentLevel.displayCaseShort_Blueprint10_120.p_displayParticleShort
[2015.12.12-20.53.04:619][846]LogParticles:Warning: InitializeSystem called on an unregistered component. Template=/Game/Art/Assets/Particles/p_displayParticleShort.p_displayParticleShort Component=/Game/Levels/Level1.Level1:PersistentLevel.displayCaseShort_Blueprint12_254.p_displayParticleShort
[2015.12.12-20.53.04:619][846]LogParticles:Warning: InitializeSystem called on an unregistered component. Template=/Game/Art/Assets/Particles/p_displayParticleShort.p_displayParticleShort Component=/Game/Levels/Level1.Level1:PersistentLevel.displayCaseShort_Blueprint15.p_displayParticleShort
[2015.12.12-20.53.04:619][846]LogParticles:Warning: InitializeSystem called on an unregistered component. Template=/Game/Art/Assets/Particles/p_displayParticleLong.p_displayParticleLong Component=/Game/Levels/Level1.Level1:PersistentLevel.displayCaseLongBP_93.ParticleSystem
[2015.12.12-20.53.04:621][846]LogParticles:Warning: InitializeSystem called on an unregistered component. Template=/Game/Art/Assets/Particles/p_displayParticleLong.p_displayParticleLong Component=/Game/Levels/Level1.Level1:PersistentLevel.displayCaseLongBP2.ParticleSystem
[2015.12.12-20.53.04:622][846]LogParticles:Warning: InitializeSystem called on an unregistered component. Template=/Game/Art/Assets/Particles/p_displayParticleLong.p_displayParticleLong Component=/Game/Levels/Level1.Level1:PersistentLevel.displayCaseLongBP3.ParticleSystem
[2015.12.12-20.53.04:622][846]LogParticles:Warning: InitializeSystem called on an unregistered component. Template=/Game/Art/Assets/Particles/p_displayParticleLong.p_displayParticleLong Component=/Game/Levels/Level1.Level1:PersistentLevel.displayCaseLongBP4.ParticleSystem
[2015.12.12-20.53.04:623][846]LogParticles:Warning: InitializeSystem called on an unregistered component. Template=/Game/Art/Assets/Particles/p_displayParticleLong.p_displayParticleLong Component=/Game/Levels/Level1.Level1:PersistentLevel.displayCaseLongBP5.ParticleSystem
[2015.12.12-20.53.04:624][846]LogParticles:Warning: InitializeSystem called on an unregistered component. Template=/Game/Art/Assets/Particles/p_displayParticleLong.p_displayParticleLong Component=/Game/Levels/Level1.Level1:PersistentLevel.displayCaseLongBP6.ParticleSystem
[2015.12.12-20.53.04:769][846]LogParticles:Warning: InitializeSystem called on an unregistered component. Template=/Game/Art/Assets/Particles/p_displayParticle.p_displayParticle Component=/Game/Levels/Level1.Level1:PersistentLevel.displayCaseBP15.displayCase
[2015.12.12-20.53.07:291][846]LogParticles:Warning: InitializeSystem called on an unregistered component. Template=/Game/Art/Assets/Particles/p_displayParticle.p_displayParticle Component=/Game/Levels/Level1.Level1:PersistentLevel.displayCaseBP_236.displayCase
[2015.12.12-20.53.07:587][846]LogParticles:Warning: InitializeSystem called on an unregistered component. Template=/Game/Art/Assets/Particles/p_displayParticle.p_displayParticle Component=/Game/Levels/Level1.Level1:PersistentLevel.displayCaseBP_236.displayCase
[2015.12.12-20.53.07:587][846]LogParticles:Warning: InitializeSystem called on an unregistered component. Template=/Game/Art/Assets/Particles/p_displayParticle.p_displayParticle Component=/Game/Levels/Level1.Level1:PersistentLevel.displayCaseBP2.displayCase
[2015.12.12-20.53.07:588][846]LogParticles:Warning: InitializeSystem called on an unregistered component. Template=/Game/Art/Assets/Particles/p_displayParticle.p_displayParticle Component=/Game/Levels/Level1.Level1:PersistentLevel.displayCaseBP2.displayCase
[2015.12.12-20.53.07:588][846]LogParticles:Warning: InitializeSystem called on an unregistered component. Template=/Game/Art/Assets/Particles/p_displayParticle.p_displayParticle Component=/Game/Levels/Level1.Level1:PersistentLevel.displayCaseBP3_2642.displayCase
[2015.12.12-20.53.07:588][846]LogParticles:Warning: InitializeSystem called on an unregistered component. Template=/Game/Art/Assets/Particles/p_displayParticle.p_displayParticle Component=/Game/Levels/Level1.Level1:PersistentLevel.displayCaseBP3_2642.displayCase
[2015.12.12-20.53.07:589][846]LogParticles:Warning: InitializeSystem called on an unregistered component. Template=/Game/Art/Assets/Particles/p_displayParticle.p_displayParticle Component=/Game/Levels/Level1.Level1:PersistentLevel.displayCaseBP4.displayCase
[2015.12.12-20.53.07:589][846]LogParticles:Warning: InitializeSystem called on an unregistered component. Template=/Game/Art/Assets/Particles/p_displayParticle.p_displayParticle Component=/Game/Levels/Level1.Level1:PersistentLevel.displayCaseBP4.displayCase
[2015.12.12-20.53.07:589][846]LogParticles:Warning: InitializeSystem called on an unregistered component. Template=/Game/Art/Assets/Particles/p_displayParticle.p_displayParticle Component=/Game/Levels/Level1.Level1:PersistentLevel.displayCaseBP5.displayCase
[2015.12.12-20.53.07:589][846]LogParticles:Warning: InitializeSystem called on an unregistered component. Template=/Game/Art/Assets/Particles/p_displayParticle.p_displayParticle Component=/Game/Levels/Level1.Level1:PersistentLevel.displayCaseBP5.displayCase
[2015.12.12-20.53.07:590][846]LogParticles:Warning: InitializeSystem called on an unregistered component. Template=/Game/Art/Assets/Particles/p_displayParticle.p_displayParticle Component=/Game/Levels/Level1.Level1:PersistentLevel.displayCaseBP6.displayCase
[2015.12.12-20.53.07:590][846]LogParticles:Warning: InitializeSystem called on an unregistered component. Template=/Game/Art/Assets/Particles/p_displayParticle.p_displayParticle Component=/Game/Levels/Level1.Level1:PersistentLevel.displayCaseBP6.displayCase
[2015.12.12-20.53.07:590][846]LogParticles:Warning: InitializeSystem called on an unregistered component. Template=/Game/Art/Assets/Particles/p_displayParticleShort.p_displayParticleShort Component=/Game/Levels/Level1.Level1:PersistentLevel.displayCaseShort_Blueprint6.p_displayParticleShort
[2015.12.12-20.53.07:590][846]LogParticles:Warning: InitializeSystem called on an unregistered component. Template=/Game/Art/Assets/Particles/p_displayParticleShort.p_displayParticleShort Component=/Game/Levels/Level1.Level1:PersistentLevel.displayCaseShort_Blueprint6.p_displayParticleShort
[2015.12.12-20.53.07:590][846]LogParticles:Warning: InitializeSystem called on an unregistered component. Template=/Game/Art/Assets/Particles/p_displayParticleShort.p_displayParticleShort Component=/Game/Levels/Level1.Level1:PersistentLevel.displayCaseShort_Blueprint7.p_displayParticleShort
[2015.12.12-20.53.07:590][846]LogParticles:Warning: InitializeSystem called on an unregistered component. Template=/Game/Art/Assets/Particles/p_displayParticleShort.p_displayParticleShort Component=/Game/Levels/Level1.Level1:PersistentLevel.displayCaseShort_Blueprint7.p_displayParticleShort
[2015.12.12-20.53.07:591][846]LogParticles:Warning: InitializeSystem called on an unregistered component. Template=/Game/Art/Assets/Particles/p_displayParticleShort.p_displayParticleShort Component=/Game/Levels/Level1.Level1:PersistentLevel.displayCaseShort_Blueprint8.p_displayParticleShort
[2015.12.12-20.53.07:591][846]LogParticles:Warning: InitializeSystem called on an unregistered component. Template=/Game/Art/Assets/Particles/p_displayParticleShort.p_displayParticleShort Component=/Game/Levels/Level1.Level1:PersistentLevel.displayCaseShort_Blueprint8.p_displayParticleShort
[2015.12.12-20.53.07:591][846]LogParticles:Warning: InitializeSystem called on an unregistered component. Template=/Game/Art/Assets/Particles/p_displayParticleShort.p_displayParticleShort Component=/Game/Levels/Level1.Level1:PersistentLevel.displayCaseShort_Blueprint9.p_displayParticleShort
[2015.12.12-20.53.07:591][846]LogParticles:Warning: InitializeSystem called on an unregistered component. Template=/Game/Art/Assets/Particles/p_displayParticleShort.p_displayParticleShort Component=/Game/Levels/Level1.Level1:PersistentLevel.displayCaseShort_Blueprint9.p_displayParticleShort
[2015.12.12-20.53.07:591][846]LogParticles:Warning: InitializeSystem called on an unregistered component. Template=/Game/Art/Assets/Particles/p_displayParticleShort.p_displayParticleShort Component=/Game/Levels/Level1.Level1:PersistentLevel.displayCaseShort_Blueprint11.p_displayParticleShort
[2015.12.12-20.53.07:591][846]LogParticles:Warning: InitializeSystem called on an unregistered component. Template=/Game/Art/Assets/Particles/p_displayParticleShort.p_displayParticleShort Component=/Game/Levels/Level1.Level1:PersistentLevel.displayCaseShort_Blueprint11.p_displayParticleShort
[2015.12.12-20.53.07:592][846]LogParticles:Warning: InitializeSystem called on an unregistered component. Template=/Game/Art/Assets/Particles/p_displayParticle.p_displayParticle Component=/Game/Levels/Level1.Level1:PersistentLevel.displayCaseBP10.displayCase
[2015.12.12-20.53.07:592][846]LogParticles:Warning: InitializeSystem called on an unregistered component. Template=/Game/Art/Assets/Particles/p_displayParticle.p_displayParticle Component=/Game/Levels/Level1.Level1:PersistentLevel.displayCaseBP10.displayCase
[2015.12.12-20.53.07:592][846]LogParticles:Warning: InitializeSystem called on an unregistered component. Template=/Game/Art/Assets/Particles/p_displayParticle.p_displayParticle Component=/Game/Levels/Level1.Level1:PersistentLevel.displayCaseBP11.displayCase
[2015.12.12-20.53.07:592][846]LogParticles:Warning: InitializeSystem called on an unregistered component. Template=/Game/Art/Assets/Particles/p_displayParticle.p_displayParticle Component=/Game/Levels/Level1.Level1:PersistentLevel.displayCaseBP11.displayCase
[2015.12.12-20.53.07:593][846]LogParticles:Warning: InitializeSystem called on an unregistered component. Template=/Game/Art/Assets/Particles/p_displayParticle.p_displayParticle Component=/Game/Levels/Level1.Level1:PersistentLevel.displayCaseBP12.displayCase
[2015.12.12-20.53.07:593][846]LogParticles:Warning: InitializeSystem called on an unregistered component. Template=/Game/Art/Assets/Particles/p_displayParticle.p_displayParticle Component=/Game/Levels/Level1.Level1:PersistentLevel.displayCaseBP12.displayCase
[2015.12.12-20.53.07:594][846]LogParticles:Warning: InitializeSystem called on an unregistered component. Template=/Game/Art/Assets/Particles/p_displayParticle.p_displayParticle Component=/Game/Levels/Level1.Level1:PersistentLevel.displayCaseBP13.displayCase
[2015.12.12-20.53.07:594][846]LogParticles:Warning: InitializeSystem called on an unregistered component. Template=/Game/Art/Assets/Particles/p_displayParticle.p_displayParticle Component=/Game/Levels/Level1.Level1:PersistentLevel.displayCaseBP13.displayCase
[2015.12.12-20.53.07:594][846]LogParticles:Warning: InitializeSystem called on an unregistered component. Template=/Game/Art/Assets/Particles/p_displayParticle.p_displayParticle Component=/Game/Levels/Level1.Level1:PersistentLevel.displayCaseBP14.displayCase
[2015.12.12-20.53.07:595][846]LogParticles:Warning: InitializeSystem called on an unregistered component. Template=/Game/Art/Assets/Particles/p_displayParticle.p_displayParticle Component=/Game/Levels/Level1.Level1:PersistentLevel.displayCaseBP14.displayCase
[2015.12.12-20.53.07:595][846]LogParticles:Warning: InitializeSystem called on an unregistered component. Template=/Game/Art/Assets/Particles/p_displayParticleShort.p_displayParticleShort Component=/Game/Levels/Level1.Level1:PersistentLevel.displayCaseShort_Blueprint5_68.p_displayParticleShort
[2015.12.12-20.53.07:595][846]LogParticles:Warning: InitializeSystem called on an unregistered component. Template=/Game/Art/Assets/Particles/p_displayParticleShort.p_displayParticleShort Component=/Game/Levels/Level1.Level1:PersistentLevel.displayCaseShort_Blueprint5_68.p_displayParticleShort
[2015.12.12-20.53.07:595][846]LogParticles:Warning: InitializeSystem called on an unregistered component. Template=/Game/Art/Assets/Particles/p_displayParticleShort.p_displayParticleShort Component=/Game/Levels/Level1.Level1:PersistentLevel.displayCaseShort_Blueprint13.p_displayParticleShort
[2015.12.12-20.53.07:596][846]LogParticles:Warning: InitializeSystem called on an unregistered component. Template=/Game/Art/Assets/Particles/p_displayParticleShort.p_displayParticleShort Component=/Game/Levels/Level1.Level1:PersistentLevel.displayCaseShort_Blueprint13.p_displayParticleShort
[2015.12.12-20.53.07:596][846]LogParticles:Warning: InitializeSystem called on an unregistered component. Template=/Game/Art/Assets/Particles/p_displayParticleShort.p_displayParticleShort Component=/Game/Levels/Level1.Level1:PersistentLevel.displayCaseShort_Blueprint14.p_displayParticleShort
[2015.12.12-20.53.07:596][846]LogParticles:Warning: InitializeSystem called on an unregistered component. Template=/Game/Art/Assets/Particles/p_displayParticleShort.p_displayParticleShort Component=/Game/Levels/Level1.Level1:PersistentLevel.displayCaseShort_Blueprint14.p_displayParticleShort
[2015.12.12-20.53.07:640][846]LogParticles:Warning: InitializeSystem called on an unregistered component. Template=/Game/Art/Assets/Particles/p_displayParticleShort.p_displayParticleShort Component=/Game/Levels/Level1.Level1:PersistentLevel.displayCaseShort_Blueprint10_120.p_displayParticleShort
[2015.12.12-20.53.07:640][846]LogParticles:Warning: InitializeSystem called on an unregistered component. Template=/Game/Art/Assets/Particles/p_displayParticleShort.p_displayParticleShort Component=/Game/Levels/Level1.Level1:PersistentLevel.displayCaseShort_Blueprint10_120.p_displayParticleShort
[2015.12.12-20.53.07:641][846]LogParticles:Warning: InitializeSystem called on an unregistered component. Template=/Game/Art/Assets/Particles/p_displayParticleShort.p_displayParticleShort Component=/Game/Levels/Level1.Level1:PersistentLevel.displayCaseShort_Blueprint12_254.p_displayParticleShort
[2015.12.12-20.53.07:641][846]LogParticles:Warning: InitializeSystem called on an unregistered component. Template=/Game/Art/Assets/Particles/p_displayParticleShort.p_displayParticleShort Component=/Game/Levels/Level1.Level1:PersistentLevel.displayCaseShort_Blueprint12_254.p_displayParticleShort
[2015.12.12-20.53.07:641][846]LogParticles:Warning: InitializeSystem called on an unregistered component. Template=/Game/Art/Assets/Particles/p_displayParticleShort.p_displayParticleShort Component=/Game/Levels/Level1.Level1:PersistentLevel.displayCaseShort_Blueprint15.p_displayParticleShort
[2015.12.12-20.53.07:641][846]LogParticles:Warning: InitializeSystem called on an unregistered component. Template=/Game/Art/Assets/Particles/p_displayParticleShort.p_displayParticleShort Component=/Game/Levels/Level1.Level1:PersistentLevel.displayCaseShort_Blueprint15.p_displayParticleShort
[2015.12.12-20.53.07:641][846]LogParticles:Warning: InitializeSystem called on an unregistered component. Template=/Game/Art/Assets/Particles/p_displayParticleLong.p_displayParticleLong Component=/Game/Levels/Level1.Level1:PersistentLevel.displayCaseLongBP_93.ParticleSystem
[2015.12.12-20.53.07:642][846]LogParticles:Warning: InitializeSystem called on an unregistered component. Template=/Game/Art/Assets/Particles/p_displayParticleLong.p_displayParticleLong Component=/Game/Levels/Level1.Level1:PersistentLevel.displayCaseLongBP_93.ParticleSystem
[2015.12.12-20.53.07:642][846]LogParticles:Warning: InitializeSystem called on an unregistered component. Template=/Game/Art/Assets/Particles/p_displayParticleLong.p_displayParticleLong Component=/Game/Levels/Level1.Level1:PersistentLevel.displayCaseLongBP2.ParticleSystem
[2015.12.12-20.53.07:642][846]LogParticles:Warning: InitializeSystem called on an unregistered component. Template=/Game/Art/Assets/Particles/p_displayParticleLong.p_displayParticleLong Component=/Game/Levels/Level1.Level1:PersistentLevel.displayCaseLongBP2.ParticleSystem
[2015.12.12-20.53.07:642][846]LogParticles:Warning: InitializeSystem called on an unregistered component. Template=/Game/Art/Assets/Particles/p_displayParticleLong.p_displayParticleLong Component=/Game/Levels/Level1.Level1:PersistentLevel.displayCaseLongBP3.ParticleSystem
[2015.12.12-20.53.07:642][846]LogParticles:Warning: InitializeSystem called on an unregistered component. Template=/Game/Art/Assets/Particles/p_displayParticleLong.p_displayParticleLong Component=/Game/Levels/Level1.Level1:PersistentLevel.displayCaseLongBP3.ParticleSystem
[2015.12.12-20.53.07:642][846]LogParticles:Warning: InitializeSystem called on an unregistered component. Template=/Game/Art/Assets/Particles/p_displayParticleLong.p_displayParticleLong Component=/Game/Levels/Level1.Level1:PersistentLevel.displayCaseLongBP4.ParticleSystem
[2015.12.12-20.53.07:643][846]LogParticles:Warning: InitializeSystem called on an unregistered component. Template=/Game/Art/Assets/Particles/p_displayParticleLong.p_displayParticleLong Component=/Game/Levels/Level1.Level1:PersistentLevel.displayCaseLongBP4.ParticleSystem
[2015.12.12-20.53.07:643][846]LogParticles:Warning: InitializeSystem called on an unregistered component. Template=/Game/Art/Assets/Particles/p_displayParticleLong.p_displayParticleLong Component=/Game/Levels/Level1.Level1:PersistentLevel.displayCaseLongBP5.ParticleSystem
[2015.12.12-20.53.07:643][846]LogParticles:Warning: InitializeSystem called on an unregistered component. Template=/Game/Art/Assets/Particles/p_displayParticleLong.p_displayParticleLong Component=/Game/Levels/Level1.Level1:PersistentLevel.displayCaseLongBP5.ParticleSystem
[2015.12.12-20.53.07:643][846]LogParticles:Warning: InitializeSystem called on an unregistered component. Template=/Game/Art/Assets/Particles/p_displayParticleLong.p_displayParticleLong Component=/Game/Levels/Level1.Level1:PersistentLevel.displayCaseLongBP6.ParticleSystem
[2015.12.12-20.53.07:643][846]LogParticles:Warning: InitializeSystem called on an unregistered component. Template=/Game/Art/Assets/Particles/p_displayParticleLong.p_displayParticleLong Component=/Game/Levels/Level1.Level1:PersistentLevel.displayCaseLongBP6.ParticleSystem
[2015.12.12-20.53.07:734][846]LogParticles:Warning: InitializeSystem called on an unregistered component. Template=/Game/Art/Assets/Particles/p_displayParticle.p_displayParticle Component=/Game/Levels/Level1.Level1:PersistentLevel.displayCaseBP15.displayCase
[2015.12.12-20.53.07:734][846]LogParticles:Warning: InitializeSystem called on an unregistered component. Template=/Game/Art/Assets/Particles/p_displayParticle.p_displayParticle Component=/Game/Levels/Level1.Level1:PersistentLevel.displayCaseBP15.displayCase
[2015.12.12-20.53.12:088][846]Cmd: MAP LOAD FILE="../../../../../../Users/Kido/Documents/GitHub/NMNYD/The-Curators/AlexPrototype/Content/Levels/Level1.umap" TEMPLATE=0 SHOWPROGRESS=1 FEATURELEVEL=3
[2015.12.12-20.53.12:089][846]LightingResults: New page: Lighting Build
[2015.12.12-20.53.12:280][846]LoadErrors: New page: Loading map: Level1.umap
[2015.12.12-20.53.12:464][846]MapCheck: New page: Map Check
[2015.12.12-20.53.12:464][846]LightingResults: New page: Lighting Build
[2015.12.12-20.53.12:715][846]LogParticles: Destroying 0 GPU particle simulations for FXSystem 0x00000000288C7600
[2015.12.12-20.53.17:929][846]LogAIModule: Creating AISystem for world Level1
[2015.12.12-20.53.19:358][846]LogEditorServer: Finished looking for orphan Actors (0.000 secs)
[2015.12.12-20.53.20:321][846]Cmd: MAP CHECKDEP NOCLEARLOG
[2015.12.12-20.53.21:246][846]MapCheck: Info Map check complete: 0 Error(s), 0 Warning(s), took 924.412ms to complete.
[2015.12.12-20.53.21:247][846]LogFileHelpers: Loading map 'Level1' took 9.373
[2015.12.12-20.58.30:498][416]LogPhysics:Warning: FDerivedDataPhysXCooker::BuildTriMesh: Triangle data from '/Game/Levels/Level1.Level1:PersistentLevel.ModelComponent_64' invalid (7701 verts, 0 indices).
[2015.12.12-20.58.31:149][416]LogD3D11RHI: InitD3DDevice
[2015.12.12-20.58.36:871][837]LogEditorViewport: Clicking on Actor (LMB): Brush (Cylinder Brush3)
[2015.12.12-20.58.42:115][100]LogD3D11RHI: InitD3DDevice
[2015.12.12-20.59.09:977][243]LogEditorViewport: Clicking Background
[2015.12.12-20.59.42:562][ 75]LogD3D11RHI: InitD3DDevice
[2015.12.12-20.59.42:975][117]LogD3D11RHI: InitD3DDevice
[2015.12.12-20.59.43:325][148]LogD3D11RHI: InitD3DDevice
[2015.12.12-20.59.49:536][616]LogD3D11RHI: InitD3DDevice
[2015.12.12-21.00.14:588][879]LogD3D11RHI: InitD3DDevice
[2015.12.12-21.00.14:888][909]LogD3D11RHI: InitD3DDevice
[2015.12.12-21.00.15:042][921]LogD3D11RHI: InitD3DDevice
[2015.12.12-21.00.15:088][922]LogD3D11RHI: InitD3DDevice
[2015.12.12-21.00.27:906][ 95]LogEditorViewport: Clicking on Actor (LMB): Locker_C (Locker)
[2015.12.12-21.00.34:686][402]Cmd: CAMERA ALIGN ACTIVEVIEWPORTONLY
[2015.12.12-21.00.36:111][503]Cmd: SELECT NONE
[2015.12.12-21.01.56:952][539]LogEditorViewport: Clicking Background
[2015.12.12-21.03.16:757][915]LogD3D11RHI: InitD3DDevice
[2015.12.12-21.03.17:647][ 16]LogEditorViewport: Clicking Background
[2015.12.12-21.03.28:869][491]LogEditorViewport: Clicking on Actor (LMB): Locker_C (Locker14)
[2015.12.12-21.03.29:734][562]Cmd: DELETE
[2015.12.12-21.03.29:734][562]Cmd: ACTOR DELETE
[2015.12.12-21.03.29:744][562]LogEditorActor: Deleted Actor: Locker_C
[2015.12.12-21.03.29:836][562]LogActorComponent: UnregisterComponent: (/Engine/Transient.CharMoveComp) Not registered. Aborting.
[2015.12.12-21.03.29:836][562]LogActorComponent: UnregisterComponent: (/Engine/Transient.PawnSensingF99FF2CD473747C5584260AF2A86F55E) Not registered. Aborting.
[2015.12.12-21.03.29:841][562]LogActorComponent: UnregisterComponent: (/Engine/Transient.PawnNoiseEmitterA7A8A77441AB5BE36363A18AD33052F6) Not registered. Aborting.
[2015.12.12-21.03.29:972][562]LogEditorActor: Deleted 1 Actors (0.237 secs)
[2015.12.12-21.03.34:720][ 49]LogEditorViewport: Clicking on Actor (LMB): StaticMeshActor (ventFacev2)
[2015.12.12-21.03.36:449][151]LogEditorViewport: Clicking on Actor (CTRL LMB): LadderAndVentTeleport_C (LadderAndVentTeleport)
[2015.12.12-21.03.39:356][417]LogEditorViewport: Clicking Background
[2015.12.12-21.04.10:627][941]LogEditorViewport: Clicking Background
[2015.12.12-21.04.39:167][ 14]LogEditorViewport: Clicking Background
[2015.12.12-21.05.29:033][775]LogEditorViewport: Clicking Background
[2015.12.12-21.06.30:939][565]LogEditorViewport: Clicking on Actor (LMB): AlexRedDoor_C (AlexRedDoor2)
[2015.12.12-21.06.32:419][688]Cmd: SELECT NONE
[2015.12.12-21.07.19:390][659]LogEditorViewport: Clicking Background
[2015.12.12-21.07.32:243][ 51]LogD3D11RHI: InitD3DDevice
[2015.12.12-21.08.11:894][146]LogEditorViewport: Clicking on Actor (LMB): CheckPoint_C (CheckPoint)
[2015.12.12-21.08.19:703][791]LogEditorViewport: Clicking Background
[2015.12.12-21.08.20:307][854]Cmd: MODE GRID=0
[2015.12.12-21.08.21:001][918]LogEditorViewport: Clicking on Actor (LMB): CheckPoint_C (CheckPoint)
[2015.12.12-21.08.29:149][617]Cmd: MODE GRID=1
[2015.12.12-21.08.29:937][678]Cmd: SELECT NONE
[2015.12.12-21.08.43:213][328]LogEditorViewport: Clicking on Actor (LMB): CheckPoint_C (CheckPoint)
[2015.12.12-21.08.44:066][397]Cmd: SELECT NONE
[2015.12.12-21.09.00:901][804]LogEditorViewport: Clicking on Actor (context menu): CheckPoint_C (CheckPoint)
[2015.12.12-21.09.00:962][804]LogD3D11RHI: InitD3DDevice
[2015.12.12-21.09.02:572][937]Cmd: SELECT NONE
[2015.12.12-21.09.19:956][ 49]LogEditorViewport: Clicking Background
[2015.12.12-21.09.31:357][223]LogEditorViewport: Clicking on Actor (LMB): MasterTerminal_C (MasterTerminal)
[2015.12.12-21.09.42:887][156]Cmd: SELECT NONE
[2015.12.12-21.09.54:992][ 54]LogEditorViewport: Clicking Background
[2015.12.12-21.10.25:264][478]LogEditorViewport: Clicking on Actor (LMB): MasterTerminal_C (MasterTerminal2)
[2015.12.12-21.10.26:228][560]Cmd: DELETE
[2015.12.12-21.10.26:228][560]Cmd: ACTOR DELETE
[2015.12.12-21.10.26:235][560]LogEditorActor: Deleted Actor: MasterTerminal_C
[2015.12.12-21.10.26:313][560]LogEditorActor: Deleted 1 Actors (0.085 secs)
[2015.12.12-21.10.28:522][772]LogD3D11RHI: InitD3DDevice
[2015.12.12-21.10.31:050][856]LogD3D11RHI: InitD3DDevice
[2015.12.12-21.10.39:637][444]LogD3D11RHI: InitD3DDevice
[2015.12.12-21.13.14:431][490]Cmd: SELECT NONE
[2015.12.12-21.13.19:660][922]LogPhysics:Warning: FDerivedDataPhysXCooker::BuildTriMesh: Triangle data from '/Game/Levels/Level1.Level1:PersistentLevel.ModelComponent_52' invalid (7701 verts, 0 indices).
[2015.12.12-21.13.19:674][922]LogPhysics:Warning: FDerivedDataPhysXCooker::BuildTriMesh: Triangle data from '/Game/Levels/Level1.Level1:PersistentLevel.ModelComponent_53' invalid (7701 verts, 0 indices).
[2015.12.12-21.13.19:686][922]LogPhysics:Warning: FDerivedDataPhysXCooker::BuildTriMesh: Triangle data from '/Game/Levels/Level1.Level1:PersistentLevel.ModelComponent_54' invalid (7701 verts, 0 indices).
[2015.12.12-21.13.19:701][922]LogPhysics:Warning: FDerivedDataPhysXCooker::BuildTriMesh: Triangle data from '/Game/Levels/Level1.Level1:PersistentLevel.ModelComponent_55' invalid (7701 verts, 0 indices).
[2015.12.12-21.13.19:718][922]LogPhysics:Warning: FDerivedDataPhysXCooker::BuildTriMesh: Triangle data from '/Game/Levels/Level1.Level1:PersistentLevel.ModelComponent_56' invalid (7701 verts, 0 indices).
[2015.12.12-21.13.19:729][922]LogPhysics:Warning: FDerivedDataPhysXCooker::BuildTriMesh: Triangle data from '/Game/Levels/Level1.Level1:PersistentLevel.ModelComponent_57' invalid (7701 verts, 0 indices).
[2015.12.12-21.13.19:739][922]LogPhysics:Warning: FDerivedDataPhysXCooker::BuildTriMesh: Triangle data from '/Game/Levels/Level1.Level1:PersistentLevel.ModelComponent_58' invalid (7701 verts, 0 indices).
[2015.12.12-21.13.19:746][922]LogPhysics:Warning: FDerivedDataPhysXCooker::BuildTriMesh: Triangle data from '/Game/Levels/Level1.Level1:PersistentLevel.ModelComponent_59' invalid (7701 verts, 0 indices).
[2015.12.12-21.13.19:760][922]LogPhysics:Warning: FDerivedDataPhysXCooker::BuildTriMesh: Triangle data from '/Game/Levels/Level1.Level1:PersistentLevel.ModelComponent_60' invalid (7701 verts, 0 indices).
[2015.12.12-21.13.19:776][922]LogPhysics:Warning: FDerivedDataPhysXCooker::BuildTriMesh: Triangle data from '/Game/Levels/Level1.Level1:PersistentLevel.ModelComponent_61' invalid (7701 verts, 0 indices).
[2015.12.12-21.13.19:799][922]LogPhysics:Warning: FDerivedDataPhysXCooker::BuildTriMesh: Triangle data from '/Game/Levels/Level1.Level1:PersistentLevel.ModelComponent_62' invalid (7701 verts, 0 indices).
[2015.12.12-21.13.19:828][922]LogPhysics:Warning: FDerivedDataPhysXCooker::BuildTriMesh: Triangle data from '/Game/Levels/Level1.Level1:PersistentLevel.ModelComponent_63' invalid (7701 verts, 0 indices).
[2015.12.12-21.13.19:846][922]LogPhysics:Warning: FDerivedDataPhysXCooker::BuildTriMesh: Triangle data from '/Game/Levels/Level1.Level1:PersistentLevel.ModelComponent_64' invalid (7701 verts, 0 indices).
[2015.12.12-21.13.19:872][922]LogPhysics:Warning: FDerivedDataPhysXCooker::BuildTriMesh: Triangle data from '/Game/Levels/Level1.Level1:PersistentLevel.ModelComponent_65' invalid (7701 verts, 0 indices).
[2015.12.12-21.13.19:962][922]LogPhysics:Warning: FDerivedDataPhysXCooker::BuildTriMesh: Triangle data from '/Game/Levels/Level1.Level1:PersistentLevel.ModelComponent_66' invalid (7701 verts, 0 indices).
[2015.12.12-21.13.20:056][922]LogPhysics:Warning: FDerivedDataPhysXCooker::BuildTriMesh: Triangle data from '/Game/Levels/Level1.Level1:PersistentLevel.ModelComponent_67' invalid (7701 verts, 0 indices).
[2015.12.12-21.13.20:141][922]LogPhysics:Warning: FDerivedDataPhysXCooker::BuildTriMesh: Triangle data from '/Game/Levels/Level1.Level1:PersistentLevel.ModelComponent_68' invalid (7701 verts, 0 indices).
[2015.12.12-21.13.20:142][922]LogPhysics:Warning: FDerivedDataPhysXCooker::BuildTriMesh: Triangle data from '/Game/Levels/Level1.Level1:PersistentLevel.ModelComponent_69' invalid (7701 verts, 0 indices).
[2015.12.12-21.13.20:269][922]LogPhysics:Warning: FDerivedDataPhysXCooker::BuildTriMesh: Triangle data from '/Game/Levels/Level1.Level1:PersistentLevel.ModelComponent_70' invalid (7701 verts, 0 indices).
[2015.12.12-21.13.20:323][922]LogPhysics:Warning: FDerivedDataPhysXCooker::BuildTriMesh: Triangle data from '/Game/Levels/Level1.Level1:PersistentLevel.ModelComponent_71' invalid (7701 verts, 0 indices).
[2015.12.12-21.13.20:343][922]LogPhysics:Warning: FDerivedDataPhysXCooker::BuildTriMesh: Triangle data from '/Game/Levels/Level1.Level1:PersistentLevel.ModelComponent_72' invalid (7701 verts, 0 indices).
[2015.12.12-21.13.20:365][922]LogPhysics:Warning: FDerivedDataPhysXCooker::BuildTriMesh: Triangle data from '/Game/Levels/Level1.Level1:PersistentLevel.ModelComponent_73' invalid (7701 verts, 0 indices).
[2015.12.12-21.13.20:413][922]LogPhysics:Warning: FDerivedDataPhysXCooker::BuildTriMesh: Triangle data from '/Game/Levels/Level1.Level1:PersistentLevel.ModelComponent_74' invalid (7701 verts, 0 indices).
[2015.12.12-21.13.20:483][922]LogPhysics:Warning: FDerivedDataPhysXCooker::BuildTriMesh: Triangle data from '/Game/Levels/Level1.Level1:PersistentLevel.ModelComponent_75' invalid (7701 verts, 0 indices).
[2015.12.12-21.13.20:529][922]LogPhysics:Warning: FDerivedDataPhysXCooker::BuildTriMesh: Triangle data from '/Game/Levels/Level1.Level1:PersistentLevel.ModelComponent_76' invalid (7701 verts, 0 indices).
[2015.12.12-21.13.20:551][922]LogPhysics:Warning: FDerivedDataPhysXCooker::BuildTriMesh: Triangle data from '/Game/Levels/Level1.Level1:PersistentLevel.ModelComponent_77' invalid (7701 verts, 0 indices).
[2015.12.12-21.13.20:595][922]LogPhysics:Warning: FDerivedDataPhysXCooker::BuildTriMesh: Triangle data from '/Game/Levels/Level1.Level1:PersistentLevel.ModelComponent_78' invalid (7701 verts, 0 indices).
[2015.12.12-21.13.20:629][922]LogPhysics:Warning: FDerivedDataPhysXCooker::BuildTriMesh: Triangle data from '/Game/Levels/Level1.Level1:PersistentLevel.ModelComponent_79' invalid (7701 verts, 0 indices).
[2015.12.12-21.13.20:674][922]LogPhysics:Warning: FDerivedDataPhysXCooker::BuildTriMesh: Triangle data from '/Game/Levels/Level1.Level1:PersistentLevel.ModelComponent_80' invalid (7701 verts, 0 indices).
[2015.12.12-21.13.20:694][922]LogPhysics:Warning: FDerivedDataPhysXCooker::BuildTriMesh: Triangle data from '/Game/Levels/Level1.Level1:PersistentLevel.ModelComponent_81' invalid (7701 verts, 0 indices).
[2015.12.12-21.13.20:717][922]LogPhysics:Warning: FDerivedDataPhysXCooker::BuildTriMesh: Triangle data from '/Game/Levels/Level1.Level1:PersistentLevel.ModelComponent_82' invalid (7701 verts, 0 indices).
[2015.12.12-21.13.20:733][922]LogPhysics:Warning: FDerivedDataPhysXCooker::BuildTriMesh: Triangle data from '/Game/Levels/Level1.Level1:PersistentLevel.ModelComponent_83' invalid (7701 verts, 0 indices).
[2015.12.12-21.13.20:797][922]LogPhysics:Warning: FDerivedDataPhysXCooker::BuildTriMesh: Triangle data from '/Game/Levels/Level1.Level1:PersistentLevel.ModelComponent_84' invalid (7701 verts, 0 indices).
[2015.12.12-21.13.20:798][922]LogPhysics:Warning: FDerivedDataPhysXCooker::BuildTriMesh: Triangle data from '/Game/Levels/Level1.Level1:PersistentLevel.ModelComponent_85' invalid (7701 verts, 0 indices).
[2015.12.12-21.13.20:814][922]LogPhysics:Warning: FDerivedDataPhysXCooker::BuildTriMesh: Triangle data from '/Game/Levels/Level1.Level1:PersistentLevel.ModelComponent_86' invalid (7701 verts, 0 indices).
[2015.12.12-21.13.20:861][922]LogPhysics:Warning: FDerivedDataPhysXCooker::BuildTriMesh: Triangle data from '/Game/Levels/Level1.Level1:PersistentLevel.ModelComponent_87' invalid (7701 verts, 0 indices).
[2015.12.12-21.13.20:911][922]LogPhysics:Warning: FDerivedDataPhysXCooker::BuildTriMesh: Triangle data from '/Game/Levels/Level1.Level1:PersistentLevel.ModelComponent_88' invalid (7701 verts, 0 indices).
[2015.12.12-21.13.20:964][922]LogPhysics:Warning: FDerivedDataPhysXCooker::BuildTriMesh: Triangle data from '/Game/Levels/Level1.Level1:PersistentLevel.ModelComponent_89' invalid (7701 verts, 0 indices).
[2015.12.12-21.13.20:965][922]LogPhysics:Warning: FDerivedDataPhysXCooker::BuildTriMesh: Triangle data from '/Game/Levels/Level1.Level1:PersistentLevel.ModelComponent_90' invalid (7701 verts, 0 indices).
[2015.12.12-21.13.20:965][922]LogPhysics:Warning: FDerivedDataPhysXCooker::BuildTriMesh: Triangle data from '/Game/Levels/Level1.Level1:PersistentLevel.ModelComponent_91' invalid (7701 verts, 0 indices).
[2015.12.12-21.13.20:976][922]LogPhysics:Warning: FDerivedDataPhysXCooker::BuildTriMesh: Triangle data from '/Game/Levels/Level1.Level1:PersistentLevel.ModelComponent_92' invalid (7701 verts, 0 indices).
[2015.12.12-21.13.20:989][922]LogPhysics:Warning: FDerivedDataPhysXCooker::BuildTriMesh: Triangle data from '/Game/Levels/Level1.Level1:PersistentLevel.ModelComponent_93' invalid (7701 verts, 0 indices).
[2015.12.12-21.13.21:007][922]LogPhysics:Warning: FDerivedDataPhysXCooker::BuildTriMesh: Triangle data from '/Game/Levels/Level1.Level1:PersistentLevel.ModelComponent_94' invalid (7701 verts, 0 indices).
[2015.12.12-21.13.21:027][922]LogPhysics:Warning: FDerivedDataPhysXCooker::BuildTriMesh: Triangle data from '/Game/Levels/Level1.Level1:PersistentLevel.ModelComponent_95' invalid (7701 verts, 0 indices).
[2015.12.12-21.13.21:053][922]LogPhysics:Warning: FDerivedDataPhysXCooker::BuildTriMesh: Triangle data from '/Game/Levels/Level1.Level1:PersistentLevel.ModelComponent_96' invalid (7701 verts, 0 indices).
[2015.12.12-21.13.21:065][922]LogPhysics:Warning: FDerivedDataPhysXCooker::BuildTriMesh: Triangle data from '/Game/Levels/Level1.Level1:PersistentLevel.ModelComponent_97' invalid (7701 verts, 0 indices).
[2015.12.12-21.13.21:107][922]LogPhysics:Warning: FDerivedDataPhysXCooker::BuildTriMesh: Triangle data from '/Game/Levels/Level1.Level1:PersistentLevel.ModelComponent_98' invalid (7701 verts, 0 indices).
[2015.12.12-21.13.21:125][922]LogPhysics:Warning: FDerivedDataPhysXCooker::BuildTriMesh: Triangle data from '/Game/Levels/Level1.Level1:PersistentLevel.ModelComponent_99' invalid (7701 verts, 0 indices).
[2015.12.12-21.13.21:126][922]LogPhysics:Warning: FDerivedDataPhysXCooker::BuildTriMesh: Triangle data from '/Game/Levels/Level1.Level1:PersistentLevel.ModelComponent_100' invalid (7701 verts, 0 indices).
[2015.12.12-21.13.21:143][922]LogPhysics:Warning: FDerivedDataPhysXCooker::BuildTriMesh: Triangle data from '/Game/Levels/Level1.Level1:PersistentLevel.ModelComponent_101' invalid (7701 verts, 0 indices).
[2015.12.12-21.13.21:181][922]LogPhysics:Warning: FDerivedDataPhysXCooker::BuildTriMesh: Triangle data from '/Game/Levels/Level1.Level1:PersistentLevel.ModelComponent_102' invalid (7701 verts, 0 indices).
[2015.12.12-21.13.21:236][922]LogPhysics:Warning: FDerivedDataPhysXCooker::BuildTriMesh: Triangle data from '/Game/Levels/Level1.Level1:PersistentLevel.ModelComponent_103' invalid (7701 verts, 0 indices).
[2015.12.12-21.14.05:731][191]LogD3D11RHI: InitD3DDevice
[2015.12.12-21.14.10:587][191]LogSavePackage: Save=4039.953369ms
[2015.12.12-21.14.10:587][191]LogSavePackage: Moving '../../../../../../Users/Kido/Documents/GitHub/NMNYD/The-Curators/AlexPrototype/Saved/Level1A85A2F53499AD7CD81D00E93E08ED03C.tmp' to '../../../../../../Users/Kido/Documents/GitHub/NMNYD/The-Curators/AlexPrototype/Content/Levels/Level1.umap'
[2015.12.12-21.15.15:378][736]Cmd: QUIT_EDITOR
[2015.12.12-21.15.16:072][736]LogExit: Preparing to exit.
[2015.12.12-21.15.17:513][736]LogExit: Editor shut down
[2015.12.12-21.15.17:514][736]LogExit: Transaction tracking system shut down
[2015.12.12-21.15.17:528][736]LogParticles: Destroying 0 GPU particle simulations for FXSystem 0x000000001A9F00E0
[2015.12.12-21.15.17:529][736]LogParticles: Destroying 0 GPU particle simulations for FXSystem 0x000000002D4ADE40
[2015.12.12-21.15.17:529][736]LogParticles: Destroying 0 GPU particle simulations for FXSystem 0x000000002D404AE0
[2015.12.12-21.15.17:533][736]LogParticles: Destroying 0 GPU particle simulations for FXSystem 0x0000000051832020
[2015.12.12-21.15.18:841][736]LogParticles: Destroying 0 GPU particle simulations for FXSystem 0x0000000039C9EE80
[2015.12.12-21.15.18:841][736]LogParticles: Destroying 0 GPU particle simulations for FXSystem 0x0000000025DC7F60
[2015.12.12-21.15.18:841][736]LogExit: Object subsystem successfully closed.
[2015.12.12-21.15.19:106][736]LogD3D11RHI: Shutdown
[2015.12.12-21.15.19:132][736]LogD3D11RHI: CleanupD3DDevice
[2015.12.12-21.15.19:399][736]LogD3D11RHI: ~FD3D11DynamicRHI
[2015.12.12-21.15.19:572][736]LogModuleManager: Shutting down and abandoning module CrashTracker (188)
[2015.12.12-21.15.19:572][736]LogModuleManager: Shutting down and abandoning module SceneOutliner (187)
[2015.12.12-21.15.19:572][736]LogModuleManager: Shutting down and abandoning module SuperSearch (186)
[2015.12.12-21.15.19:572][736]LogModuleManager: Shutting down and abandoning module WidgetCarousel (185)
[2015.12.12-21.15.19:595][736]LogModuleManager: Shutting down and abandoning module AddContentDialog (184)
[2015.12.12-21.15.19:605][736]LogModuleManager: Shutting down and abandoning module EditorWidgets (183)
[2015.12.12-21.15.19:605][736]LogModuleManager: Shutting down and abandoning module CollectionManager (182)
[2015.12.12-21.15.19:621][736]LogModuleManager: Shutting down and abandoning module StatsViewer (181)
[2015.12.12-21.15.19:630][736]LogModuleManager: Shutting down and abandoning module FoliageEdit (180)
[2015.12.12-21.15.19:630][736]LogModuleManager: Shutting down and abandoning module LandscapeEditor (179)
[2015.12.12-21.15.19:644][736]LogModuleManager: Shutting down and abandoning module ActorPickerMode (178)
[2015.12.12-21.15.19:644][736]LogModuleManager: Shutting down and abandoning module GeometryMode (177)
[2015.12.12-21.15.19:644][736]LogModuleManager: Shutting down and abandoning module TextureAlignMode (176)
[2015.12.12-21.15.19:644][736]LogModuleManager: Shutting down and abandoning module BspMode (175)
[2015.12.12-21.15.19:644][736]LogModuleManager: Shutting down and abandoning module PlacementMode (174)
[2015.12.12-21.15.19:650][736]LogModuleManager: Shutting down and abandoning module AutomationWorker (173)
[2015.12.12-21.15.19:650][736]LogModuleManager: Shutting down and abandoning module CharacterAI (172)
[2015.12.12-21.15.19:650][736]LogModuleManager: Shutting down and abandoning module SmartSnapping (171)
[2015.12.12-21.15.19:650][736]LogModuleManager: Shutting down and abandoning module ViewportSnapping (170)
[2015.12.12-21.15.19:650][736]LogModuleManager: Shutting down and abandoning module LogVisualizer (169)
[2015.12.12-21.15.19:674][736]LogModuleManager: Shutting down and abandoning module GameProjectGeneration (168)
[2015.12.12-21.15.19:689][736]LogModuleManager: Shutting down and abandoning module IntroTutorials (167)
[2015.12.12-21.15.19:712][736]LogModuleManager: Shutting down and abandoning module EditorLiveStreaming (166)
[2015.12.12-21.15.19:712][736]LogModuleManager: Shutting down and abandoning module IOSPlatformEditor (165)
[2015.12.12-21.15.19:744][736]LogModuleManager: Shutting down and abandoning module HTML5PlatformEditor (164)
[2015.12.12-21.15.19:744][736]LogModuleManager: Shutting down and abandoning module AndroidDeviceDetection (163)
[2015.12.12-21.15.19:828][736]LogModuleManager: Shutting down and abandoning module AndroidPlatformEditor (162)
[2015.12.12-21.15.19:828][736]LogModuleManager: Shutting down and abandoning module IOSRuntimeSettings (161)
[2015.12.12-21.15.19:828][736]LogModuleManager: Shutting down and abandoning module AndroidRuntimeSettings (160)
[2015.12.12-21.15.19:828][736]LogModuleManager: Shutting down and abandoning module MergeActors (159)
[2015.12.12-21.15.19:839][736]LogModuleManager: Shutting down and abandoning module SizeMap (158)
[2015.12.12-21.15.19:839][736]LogModuleManager: Shutting down and abandoning module TreeMap (157)
[2015.12.12-21.15.19:853][736]LogModuleManager: Shutting down and abandoning module ReferenceViewer (156)
[2015.12.12-21.15.19:853][736]LogModuleManager: Shutting down and abandoning module LocalizationDashboard (155)
[2015.12.12-21.15.19:867][736]LogModuleManager: Shutting down and abandoning module HardwareTargeting (154)
[2015.12.12-21.15.19:867][736]LogModuleManager: Shutting down and abandoning module DeviceProfileEditor (153)
[2015.12.12-21.15.19:877][736]LogModuleManager: Shutting down and abandoning module UndoHistory (152)
[2015.12.12-21.15.19:886][736]LogModuleManager: Shutting down and abandoning module GameplayTagsEditor (151)
[2015.12.12-21.15.19:922][736]LogModuleManager: Shutting down and abandoning module UserFeedback (150)
[2015.12.12-21.15.19:922][736]LogModuleManager: Shutting down and abandoning module XmlParser (149)
[2015.12.12-21.15.19:957][736]LogModuleManager: Shutting down and abandoning module Blutility (148)
[2015.12.12-21.15.19:957][736]LogModuleManager: Shutting down and abandoning module ProjectTargetPlatformEditor (147)
[2015.12.12-21.15.19:957][736]LogModuleManager: Shutting down and abandoning module ProjectSettingsViewer (146)
[2015.12.12-21.15.19:957][736]LogModuleManager: Shutting down and abandoning module InputBindingEditor (145)
[2015.12.12-21.15.20:013][736]LogModuleManager: Shutting down and abandoning module EditorSettingsViewer (144)
[2015.12.12-21.15.20:013][736]LogModuleManager: Shutting down and abandoning module SettingsEditor (143)
[2015.12.12-21.15.20:032][736]LogModuleManager: Shutting down and abandoning module ProjectLauncher (142)
[2015.12.12-21.15.20:042][736]LogModuleManager: Shutting down and abandoning module SessionFrontend (141)
[2015.12.12-21.15.20:049][736]LogModuleManager: Shutting down and abandoning module ProfilerClient (140)
[2015.12.12-21.15.20:062][736]LogModuleManager: Shutting down and abandoning module TargetDeviceServices (139)
[2015.12.12-21.15.20:062][736]LogModuleManager: Shutting down and abandoning module DeviceManager (138)
[2015.12.12-21.15.20:072][736]LogModuleManager: Shutting down and abandoning module AutomationController (137)
[2015.12.12-21.15.20:081][736]LogModuleManager: Shutting down and abandoning module AutomationWindow (136)
[2015.12.12-21.15.20:092][736]LogModuleManager: Shutting down and abandoning module Layers (135)
[2015.12.12-21.15.20:107][736]LogModuleManager: Shutting down and abandoning module ComponentVisualizers (134)
[2015.12.12-21.15.20:107][736]LogModuleManager: Shutting down and abandoning module DetailCustomizations (133)
[2015.12.12-21.15.20:107][736]LogModuleManager: Shutting down and abandoning module PackagesDialog (132)
[2015.12.12-21.15.20:107][736]LogModuleManager: Shutting down and abandoning module AssetRegistry (131)
[2015.12.12-21.15.20:511][736]LogModuleManager: Shutting down and abandoning module Persona (130)
[2015.12.12-21.15.20:542][736]LogModuleManager: Shutting down and abandoning module Kismet (129)
[2015.12.12-21.15.20:545][736]LogModuleManager: Shutting down and abandoning module GraphEditor (128)
[2015.12.12-21.15.20:566][736]LogModuleManager: Shutting down and abandoning module ClassViewer (127)
[2015.12.12-21.15.20:574][736]LogModuleManager: Shutting down and abandoning module Toolbox (126)
[2015.12.12-21.15.20:574][736]LogModuleManager: Shutting down and abandoning module ModuleUI (125)
[2015.12.12-21.15.20:579][736]LogModuleManager: Shutting down and abandoning module MovieSceneTools (124)
[2015.12.12-21.15.20:598][736]LogModuleManager: Shutting down and abandoning module OutputLog (123)
[2015.12.12-21.15.20:598][736]LogModuleManager: Shutting down and abandoning module GammaUI (122)
[2015.12.12-21.15.20:608][736]LogModuleManager: Shutting down and abandoning module Documentation (121)
[2015.12.12-21.15.20:608][736]LogModuleManager: Shutting down and abandoning module GameLiveStreaming (120)
[2015.12.12-21.15.20:616][736]LogModuleManager: Shutting down and abandoning module StreamingPauseRendering (119)
[2015.12.12-21.15.20:616][736]LogModuleManager: Shutting down and abandoning module AnalyticsET (118)
[2015.12.12-21.15.20:616][736]LogModuleManager: Shutting down and abandoning module Analytics (117)
[2015.12.12-21.15.20:616][736]LogModuleManager: Shutting down and abandoning module AITestSuite (116)
[2015.12.12-21.15.20:624][736]LogModuleManager: Shutting down and abandoning module GameplayDebugger (115)
[2015.12.12-21.15.20:635][736]LogModuleManager: Shutting down and abandoning module AIModule (114)
[2015.12.12-21.15.20:644][736]LogModuleManager: Shutting down and abandoning module ProfilerService (113)
[2015.12.12-21.15.20:677][736]LogModuleManager: Shutting down and abandoning module TaskGraph (112)
[2015.12.12-21.15.20:687][736]LogModuleManager: Shutting down and abandoning module SlateRemote (111)
[2015.12.12-21.15.20:687][736]LogModuleManager: Shutting down and abandoning module SteamVRController (110)
[2015.12.12-21.15.20:687][736]LogModuleManager: Shutting down and abandoning module SteamVR (109)
[2015.12.12-21.15.20:687][736]LogModuleManager: Shutting down and abandoning module ProceduralMeshComponent (108)
[2015.12.12-21.15.20:687][736]LogModuleManager: Shutting down and abandoning module OculusRift (107)
[2015.12.12-21.15.20:687][736]LogModuleManager: Shutting down and abandoning module LeapMotionController (106)
[2015.12.12-21.15.20:792][736]LogModuleManager: Shutting down and abandoning module CustomMeshComponent (105)
[2015.12.12-21.15.20:792][736]LogModuleManager: Shutting down and abandoning module CableComponent (104)
[2015.12.12-21.15.20:805][736]LogModuleManager: Shutting down and abandoning module MessagingDebugger (103)
[2015.12.12-21.15.20:819][736]LogModuleManager: Shutting down and abandoning module MediaPlayerEditor (102)
[2015.12.12-21.15.20:832][736]LogModuleManager: Shutting down and abandoning module SpeedTreeImporter (101)
[2015.12.12-21.15.20:832][736]LogModuleManager: Shutting down and abandoning module PluginBrowser (100)
[2015.12.12-21.15.20:842][736]LogModuleManager: Shutting down and abandoning module EpicSurvey (99)
[2015.12.12-21.15.20:853][736]LogModuleManager: Shutting down and abandoning module DesktopPlatform (98)
[2015.12.12-21.15.20:890][736]LogModuleManager: Shutting down and abandoning module VisualStudioSourceCodeAccess (97)
[2015.12.12-21.15.20:938][736]LogModuleManager: Shutting down and abandoning module UObjectPlugin (96)
[2015.12.12-21.15.20:938][736]LogModuleManager: Shutting down and abandoning module SubversionSourceControl (95)
[2015.12.12-21.15.20:968][736]LogModuleManager: Shutting down and abandoning module PerforceSourceControl (94)
[2015.12.12-21.15.21:022][736]LogModuleManager: Shutting down and abandoning module SourceControl (93)
[2015.12.12-21.15.21:090][736]LogModuleManager: Shutting down and abandoning module GitSourceControl (92)
[2015.12.12-21.15.21:130][736]LogModuleManager: Shutting down and abandoning module BlankPlugin (91)
[2015.12.12-21.15.21:130][736]LogModuleManager: Shutting down and abandoning module PaperTiledImporter (90)
[2015.12.12-21.15.21:130][736]LogModuleManager: Shutting down and abandoning module PaperSpriteSheetImporter (89)
[2015.12.12-21.15.21:130][736]LogModuleManager: Shutting down and abandoning module MeshPaint (88)
[2015.12.12-21.15.21:145][736]LogModuleManager: Shutting down and abandoning module SlateReflector (87)
[2015.12.12-21.15.21:161][736]LogModuleManager: Shutting down and abandoning module DirectoryWatcher (86)
[2015.12.12-21.15.21:162][736]LogModuleManager: Shutting down and abandoning module HotReload (85)
[2015.12.12-21.15.21:162][736]LogModuleManager: Shutting down and abandoning module MainFrame (84)
[2015.12.12-21.15.21:162][736]LogModuleManager: Shutting down and abandoning module LevelEditor (83)
[2015.12.12-21.15.21:175][736]LogModuleManager: Shutting down and abandoning module ContentBrowser (82)
[2015.12.12-21.15.21:176][736]LogModuleManager: Shutting down and abandoning module Paper2DEditor (81)
[2015.12.12-21.15.21:237][736]LogModuleManager: Shutting down and abandoning module UdpMessaging (80)
[2015.12.12-21.15.21:337][736]LogModuleManager: Shutting down and abandoning module Paper2D (79)
[2015.12.12-21.15.21:345][736]LogModuleManager: Shutting down and abandoning module WindowsMoviePlayer (78)
[2015.12.12-21.15.21:379][736]LogModuleManager: Shutting down and abandoning module Media (77)
[2015.12.12-21.15.21:379][736]LogModuleManager: Shutting down and abandoning module WmfMedia (76)
[2015.12.12-21.15.21:413][736]LogModuleManager: Shutting down and abandoning module OnlineBlueprintSupport (75)
[2015.12.12-21.15.21:413][736]LogModuleManager: Shutting down and abandoning module PropertyEditor (74)
[2015.12.12-21.15.21:413][736]LogModuleManager: Shutting down and abandoning module BehaviorTreeEditor (73)
[2015.12.12-21.15.21:432][736]LogModuleManager: Shutting down and abandoning module FunctionalTesting (72)
[2015.12.12-21.15.21:438][736]LogModuleManager: Shutting down and abandoning module CollisionAnalyzer (71)
[2015.12.12-21.15.21:449][736]LogModuleManager: Shutting down and abandoning module WorkspaceMenuStructure (70)
[2015.12.12-21.15.21:449][736]LogModuleManager: Shutting down and abandoning module MessageLog (69)
[2015.12.12-21.15.21:449][736]LogModuleManager: Shutting down and abandoning module Sequencer (68)
[2015.12.12-21.15.21:467][736]LogModuleManager: Shutting down and abandoning module AssetTools (67)
[2015.12.12-21.15.21:499][736]LogModuleManager: Shutting down and abandoning module UMGEditor (66)
[2015.12.12-21.15.21:514][736]LogModuleManager: Shutting down and abandoning module UMG (65)
[2015.12.12-21.15.21:528][736]LogModuleManager: Shutting down and abandoning module Slate (64)
[2015.12.12-21.15.21:528][736]LogModuleManager: Shutting down and abandoning module EditorStyle (63)
[2015.12.12-21.15.21:534][736]LogModuleManager: Shutting down and abandoning module SessionServices (62)
[2015.12.12-21.15.21:534][736]LogModuleManager: Shutting down and abandoning module SourceCodeAccess (61)
[2015.12.12-21.15.21:534][736]LogModuleManager: Shutting down and abandoning module HeadMountedDisplay (60)
[2015.12.12-21.15.21:534][736]LogModuleManager: Shutting down and abandoning module XAudio2 (59)
[2015.12.12-21.15.21:534][736]LogModuleManager: Shutting down and abandoning module Networking (57)
[2015.12.12-21.15.21:534][736]LogModuleManager: Shutting down and abandoning module Core (56)
[2015.12.12-21.15.21:534][736]LogModuleManager: Shutting down and abandoning module KismetCompiler (55)
[2015.12.12-21.15.21:534][736]LogModuleManager: Shutting down and abandoning module PhysXFormats (54)
[2015.12.12-21.15.21:534][736]LogModuleManager: Shutting down and abandoning module MeshUtilities (53)
[2015.12.12-21.15.21:543][736]LogModuleManager: Shutting down and abandoning module DerivedDataCache (52)
[2015.12.12-21.15.21:578][736]LogDerivedDataCache: Shutdown
[2015.12.12-21.15.21:578][736]LogModuleManager: Shutting down and abandoning module ShaderFormatOpenGL (51)
[2015.12.12-21.15.21:587][736]LogModuleManager: Shutting down and abandoning module ShaderFormatD3D (50)
[2015.12.12-21.15.21:599][736]LogModuleManager: Shutting down and abandoning module MetalShaderFormat (49)
[2015.12.12-21.15.21:606][736]LogModuleManager: Shutting down and abandoning module TextureFormatUncompressed (48)
[2015.12.12-21.15.21:606][736]LogModuleManager: Shutting down and abandoning module TextureFormatPVR (47)
[2015.12.12-21.15.21:620][736]LogModuleManager: Shutting down and abandoning module TextureFormatIntelISPCTexComp (46)
[2015.12.12-21.15.21:635][736]LogModuleManager: Shutting down and abandoning module TextureFormatDXT (45)
[2015.12.12-21.15.21:639][736]LogModuleManager: Shutting down and abandoning module ImageWrapper (44)
[2015.12.12-21.15.21:639][736]LogModuleManager: Shutting down and abandoning module TextureFormatASTC (43)
[2015.12.12-21.15.21:639][736]LogModuleManager: Shutting down and abandoning module TextureFormatAndroid (42)
[2015.12.12-21.15.21:639][736]LogModuleManager: Shutting down and abandoning module AudioFormatOpus (41)
[2015.12.12-21.15.21:650][736]LogModuleManager: Shutting down and abandoning module AudioFormatOgg (40)
[2015.12.12-21.15.21:661][736]LogModuleManager: Shutting down and abandoning module AudioFormatADPCM (39)
[2015.12.12-21.15.21:661][736]LogModuleManager: Shutting down and abandoning module LinuxTargetPlatform (38)
[2015.12.12-21.15.21:661][736]LogModuleManager: Shutting down and abandoning module LinuxServerTargetPlatform (37)
[2015.12.12-21.15.21:669][736]LogModuleManager: Shutting down and abandoning module LinuxNoEditorTargetPlatform (36)
[2015.12.12-21.15.21:675][736]LogModuleManager: Shutting down and abandoning module Messaging (35)
[2015.12.12-21.15.21:675][736]LogModuleManager: Shutting down and abandoning module IOSTargetPlatform (34)
[2015.12.12-21.15.21:675][736]LogModuleManager: Shutting down and abandoning module HTML5TargetPlatform (33)
[2015.12.12-21.15.21:675][736]LogModuleManager: Shutting down and abandoning module Android_PVRTCTargetPlatform (32)
[2015.12.12-21.15.21:675][736]LogModuleManager: Shutting down and abandoning module Android_ETC2TargetPlatform (31)
[2015.12.12-21.15.21:675][736]LogModuleManager: Shutting down and abandoning module Android_ETC1TargetPlatform (30)
[2015.12.12-21.15.21:675][736]LogModuleManager: Shutting down and abandoning module Android_DXTTargetPlatform (29)
[2015.12.12-21.15.21:676][736]LogModuleManager: Shutting down and abandoning module Android_ATCTargetPlatform (28)
[2015.12.12-21.15.21:676][736]LogModuleManager: Shutting down and abandoning module Android_ASTCTargetPlatform (27)
[2015.12.12-21.15.21:676][736]LogModuleManager: Shutting down and abandoning module AndroidTargetPlatform (26)
[2015.12.12-21.15.21:676][736]LogModuleManager: Shutting down and abandoning module WindowsTargetPlatform (25)
[2015.12.12-21.15.21:676][736]LogModuleManager: Shutting down and abandoning module WindowsServerTargetPlatform (24)
[2015.12.12-21.15.21:676][736]LogModuleManager: Shutting down and abandoning module WindowsNoEditorTargetPlatform (23)
[2015.12.12-21.15.21:676][736]LogModuleManager: Shutting down and abandoning module WindowsClientTargetPlatform (22)
[2015.12.12-21.15.21:676][736]LogModuleManager: Shutting down and abandoning module DesktopTargetPlatform (21)
[2015.12.12-21.15.21:676][736]LogModuleManager: Shutting down and abandoning module TargetPlatform (20)
[2015.12.12-21.15.21:676][736]LogModuleManager: Shutting down and abandoning module InputCore (19)
[2015.12.12-21.15.21:676][736]LogModuleManager: Shutting down and abandoning module Settings (18)
[2015.12.12-21.15.21:676][736]LogModuleManager: Shutting down and abandoning module OnlineSubsystem (16)
[2015.12.12-21.15.21:676][736]LogModuleManager: Shutting down and abandoning module HTTP (15)
[2015.12.12-21.15.21:676][736]LogModuleManager: Shutting down and abandoning module ExampleDeviceProfileSelector (14)
[2015.12.12-21.15.21:676][736]LogModuleManager: Shutting down and abandoning module TextureCompressor (13)
[2015.12.12-21.15.21:687][736]LogModuleManager: Shutting down and abandoning module ShaderCore (12)
[2015.12.12-21.15.21:687][736]LogModuleManager: Shutting down and abandoning module Landscape (11)
[2015.12.12-21.15.21:687][736]LogModuleManager: Shutting down and abandoning module SlateRHIRenderer (10)
[2015.12.12-21.15.21:700][736]LogModuleManager: Shutting down and abandoning module OpenGLDrv (9)
[2015.12.12-21.15.21:711][736]LogModuleManager: Shutting down and abandoning module D3D11RHI (8)
[2015.12.12-21.15.21:711][736]LogModuleManager: Shutting down and abandoning module Renderer (7)
[2015.12.12-21.15.21:711][736]LogModuleManager: Shutting down and abandoning module Engine (6)
[2015.12.12-21.15.21:711][736]LogModuleManager: Shutting down and abandoning module CoreUObject (5)
[2015.12.12-21.15.21:711][736]LogModuleManager: Shutting down and abandoning module NetworkFile (4)
[2015.12.12-21.15.21:723][736]LogModuleManager: Shutting down and abandoning module StreamingFile (3)
[2015.12.12-21.15.21:724][736]LogModuleManager: Shutting down and abandoning module SandboxFile (2)
[2015.12.12-21.15.21:730][736]LogModuleManager: Shutting down and abandoning module PakFile (1)
[2015.12.12-21.15.21:781][736]LogExit: Exiting.
[2015.12.12-21.15.21:793][736]Log file closed, 12/12/15 16:15:21
