[2015.12.14-07.17.08:989][  0]Log file open, 12/14/15 02:17:08
[2015.12.14-07.17.08:989][  0]LogInit:Display: Running engine for game: MyProject
[2015.12.14-07.17.08:989][  0]LogInit:Display: RandInit(-197999434) SRandInit(-197999434).
[2015.12.14-07.17.08:989][  0]LogTaskGraph: Started task graph with 4 named threads and 7 total threads.
[2015.12.14-07.17.08:989][  0]LogStats: Stats thread started
[2015.12.14-07.17.08:989][  0]LogInit: Version: 4.8.3-2634408+++depot+UE4-Releases+4.8
[2015.12.14-07.17.08:989][  0]LogInit: API Version: 2579680
[2015.12.14-07.17.08:989][  0]LogInit: Compiled (64-bit): Jul 27 2015 16:24:33
[2015.12.14-07.17.08:989][  0]LogInit: Compiled with Visual C++: 18.00.21005.01
[2015.12.14-07.17.08:989][  0]LogInit: Build Configuration: Development
[2015.12.14-07.17.08:989][  0]LogInit: Branch Name: ++depot+UE4-Releases+4.8
[2015.12.14-07.17.08:989][  0]LogInit: Command line: 
[2015.12.14-07.17.08:989][  0]LogInit: Base directory: C:/Program Files/Epic Games/4.8/Engine/Binaries/Win64/
[2015.12.14-07.17.08:989][  0]LogInit: Rocket: 1
[2015.12.14-07.17.09:007][  0]LogInit: Using libcurl 7.41.0
[2015.12.14-07.17.09:007][  0]LogInit:  - built for x86_64-pc-win32
[2015.12.14-07.17.09:007][  0]LogInit:  - supports SSL with WinSSL
[2015.12.14-07.17.09:007][  0]LogInit:  - other features:
[2015.12.14-07.17.09:007][  0]LogInit:      CURL_VERSION_SSL
[2015.12.14-07.17.09:007][  0]LogInit:      CURL_VERSION_IPV6
[2015.12.14-07.17.09:007][  0]LogInit:      CURL_VERSION_ASYNCHDNS
[2015.12.14-07.17.09:007][  0]LogInit:      CURL_VERSION_LARGEFILE
[2015.12.14-07.17.09:007][  0]LogInit:      CURL_VERSION_IDN
[2015.12.14-07.17.09:007][  0]LogInit:  CurlRequestOptions (configurable via config and command line):
[2015.12.14-07.17.09:007][  0]LogInit:  - bVerifyPeer = true  - Libcurl will verify peer certificate
[2015.12.14-07.17.09:007][  0]LogInit:  - bUseHttpProxy = false  - Libcurl will NOT use HTTP proxy
[2015.12.14-07.17.09:007][  0]LogInit:  - bDontReuseConnections = false  - Libcurl will reuse connections
[2015.12.14-07.17.09:007][  0]LogInit:  - CertBundlePath = nullptr  - Libcurl will use whatever was configured at build time.
[2015.12.14-07.17.09:022][  0]LogOnline:Warning: No default platform service specified for OnlineSubsystem
[2015.12.14-07.17.09:039][  0]LogInit: Presizing for 0 objects not considered by GC, pre-allocating 0 bytes.
[2015.12.14-07.17.09:047][  0]LogInit: Object subsystem initialized
[2015.12.14-07.17.09:048][  0]LogConsoleResponse:Warning: Skipping Unknown console variable: 'TranslucentSortAxis = (X=0.000000,Y=-1.000000,Z=0.000000)'
[2015.12.14-07.17.09:048][  0]LogConsoleResponse:Warning:   Found in ini file 'C:/Users/Christopher/Documents/GitHub/The-Curators/AlexPrototype/Saved/Config/Windows/Engine.ini', in section '[/Script/Engine.RendererSettings]'
[2015.12.14-07.17.09:048][  0]LogConsoleResponse:Warning: Skipping Unknown console variable: 'UIScaleRule = ShortestSide'
[2015.12.14-07.17.09:048][  0]LogConsoleResponse:Warning:   Found in ini file 'C:/Users/Christopher/Documents/GitHub/The-Curators/AlexPrototype/Saved/Config/Windows/Engine.ini', in section '[/Script/Engine.RendererSettings]'
[2015.12.14-07.17.09:048][  0]LogConsoleResponse:Warning: Skipping Unknown console variable: 'UIScaleCurve = (EditorCurveData=(Keys=),ExternalCurve=None)'
[2015.12.14-07.17.09:048][  0]LogConsoleResponse:Warning:   Found in ini file 'C:/Users/Christopher/Documents/GitHub/The-Curators/AlexPrototype/Saved/Config/Windows/Engine.ini', in section '[/Script/Engine.RendererSettings]'
[2015.12.14-07.17.09:048][  0]LogInit: Selected Device Profile: [Windows]
[2015.12.14-07.17.09:048][  0]LogInit: Applying CVar settings loaded from the selected device profile: [Windows]
[2015.12.14-07.17.09:064][  0]LogInit: Computer: CHRISTOPHER-S70
[2015.12.14-07.17.09:064][  0]LogInit: User: Christopher
[2015.12.14-07.17.09:064][  0]LogInit: CPU Page size=4096, Cores=4
[2015.12.14-07.17.09:064][  0]LogInit: High frequency timer resolution =2.435779 MHz
[2015.12.14-07.17.09:064][  0]LogMemory: Memory total: Physical=11.9GB (12GB approx)
[2015.12.14-07.17.09:064][  0]LogMemory: Platform Memory Stats for Windows
[2015.12.14-07.17.09:064][  0]LogMemory: Process Physical Memory: 50.77 MB used, 50.77 MB peak
[2015.12.14-07.17.09:064][  0]LogMemory: Process Virtual Memory: 24.61 MB used, 24.61 MB peak
[2015.12.14-07.17.09:064][  0]LogMemory: Physical Memory: 5730.18 MB used, 12200.09 MB total
[2015.12.14-07.17.09:064][  0]LogMemory: Virtual Memory: 316.88 MB used, 134217728.00 MB total
[2015.12.14-07.17.09:097][  0]LogTextLocalizationManager: The requested culture ('en_US') has no localization data; parent culture's ('en') localization data will be used.
[2015.12.14-07.17.09:379][  0]LogTextLocalizationManager:Warning: Loaded localization resources contain conflicting entries for (Namespace:ContentBrowser, Key:ImportAssetToolTip):
Localization Resource: (C:/Program Files/Epic Games/4.8/Engine/Content/Localization/Editor/en/Editor.locres) Source String Hash: (-630476809) Localized String: (Import to {0}...)
Localization Resource: (C:/Program Files/Epic Games/4.8/Engine/Content/Localization/Editor/en/Editor.locres) Source String Hash: (1271782899) Localized String: (Imports an asset from file to this folder.)
[2015.12.14-07.17.09:892][  0]LogD3D11RHI: Found D3D11 adapter 0: Intel(R) HD Graphics 4600 (Feature Level 11_0)
[2015.12.14-07.17.09:892][  0]LogD3D11RHI: Adapter has 112MB of dedicated video memory, 0MB of dedicated system memory, and 6100MB of shared system memory, 1 output[s]
[2015.12.14-07.17.09:902][  0]LogD3D11RHI: Found D3D11 adapter 1: AMD Radeon R9 M200X Series (Feature Level 11_0)
[2015.12.14-07.17.09:902][  0]LogD3D11RHI: Adapter has 2030MB of dedicated video memory, 0MB of dedicated system memory, and 6100MB of shared system memory, 0 output[s]
[2015.12.14-07.17.09:904][  0]LogD3D11RHI: Found D3D11 adapter 2: Microsoft Basic Render Driver (Feature Level 11_0)
[2015.12.14-07.17.09:904][  0]LogD3D11RHI: Adapter has 0MB of dedicated video memory, 0MB of dedicated system memory, and 6100MB of shared system memory, 0 output[s]
[2015.12.14-07.17.09:904][  0]LogD3D11RHI: Chosen D3D11 Adapter Id = 0
[2015.12.14-07.17.09:909][  0]LogD3D11RHI: InitD3DDevice
[2015.12.14-07.17.09:909][  0]LogD3D11RHI: !Direct3DDevice
[2015.12.14-07.17.09:909][  0]LogRHI: Texture pool is 1361 MB (70% of 1945 MB)
[2015.12.14-07.17.09:914][  0]LogD3D11RHI: Async texture creation enabled
[2015.12.14-07.17.09:919][  0]LogShaderCompilers:Display: Using Local Shader Compiler.
[2015.12.14-07.17.10:816][  0]LogTemp:Display: Loaded TP DesktopTargetPlatform
[2015.12.14-07.17.10:837][  0]LogTemp:Display: Loaded TP WindowsClientTargetPlatform
[2015.12.14-07.17.10:858][  0]LogTemp:Display: Loaded TP WindowsNoEditorTargetPlatform
[2015.12.14-07.17.10:884][  0]LogTemp:Display: Loaded TP WindowsServerTargetPlatform
[2015.12.14-07.17.10:906][  0]LogTemp:Display: Loaded TP WindowsTargetPlatform
[2015.12.14-07.17.10:924][  0]LogTemp:Display: Loaded TP AndroidTargetPlatform
[2015.12.14-07.17.10:940][  0]LogTemp:Display: Loaded TP Android_ASTCTargetPlatform
[2015.12.14-07.17.10:958][  0]LogTemp:Display: Loaded TP Android_ATCTargetPlatform
[2015.12.14-07.17.10:981][  0]LogTemp:Display: Loaded TP Android_DXTTargetPlatform
[2015.12.14-07.17.10:998][  0]LogTemp:Display: Loaded TP Android_ETC1TargetPlatform
[2015.12.14-07.17.11:014][  0]LogTemp:Display: Loaded TP Android_ETC2TargetPlatform
[2015.12.14-07.17.11:030][  0]LogTemp:Display: Loaded TP Android_PVRTCTargetPlatform
[2015.12.14-07.17.11:096][  0]LogTemp:Display: Loaded TP IOSTargetPlatform
[2015.12.14-07.17.11:112][  0]LogTemp:Display: Loaded TP LinuxNoEditorTargetPlatform
[2015.12.14-07.17.11:127][  0]LogTemp:Display: Loaded TP LinuxServerTargetPlatform
[2015.12.14-07.17.11:144][  0]LogTemp:Display: Loaded TP LinuxTargetPlatform
[2015.12.14-07.17.11:144][  0]LogTargetPlatformManager:Display: Building Assets For Windows
[2015.12.14-07.17.11:440][  0]LogDerivedDataCache:Display: Max Cache Size: 512 MB
[2015.12.14-07.17.11:525][  0]LogDerivedDataCache: Loaded boot cache 0.09s 53MB C:/Users/Christopher/AppData/Local/UnrealEngine/4.8/DerivedDataCache/Boot.ddc.
[2015.12.14-07.17.11:525][  0]LogDerivedDataCache:Display: Loaded Boot cache: C:/Users/Christopher/AppData/Local/UnrealEngine/4.8/DerivedDataCache/Boot.ddc
[2015.12.14-07.17.11:525][  0]LogDerivedDataCache: FDerivedDataBackendGraph:  Pak pak cache file ../../../../../../Users/Christopher/Documents/GitHub/The-Curators/AlexPrototype/DerivedDataCache/DDC.ddp not found, will not use a pak cache.
[2015.12.14-07.17.11:525][  0]LogDerivedDataCache: Unable to find inner node Pak for hierarchical cache Hierarchy.
[2015.12.14-07.17.11:525][  0]LogDerivedDataCache: FDerivedDataBackendGraph:  CompressedPak pak cache file ../../../../../../Users/Christopher/Documents/GitHub/The-Curators/AlexPrototype/DerivedDataCache/Compressed.ddp not found, will not use a pak cache.
[2015.12.14-07.17.11:525][  0]LogDerivedDataCache: Unable to find inner node CompressedPak for hierarchical cache Hierarchy.
[2015.12.14-07.17.11:698][  0]LogDerivedDataCache:Display: Pak cache opened for reading ../../../Engine/DerivedDataCache/Compressed.ddp.
[2015.12.14-07.17.11:710][  0]LogDerivedDataCache: Using Local data cache path C:/Users/Christopher/AppData/Local/UnrealEngine/Common/DerivedDataCache: Writable
[2015.12.14-07.17.11:958][  0]LogInit: Selected Device Profile: [Windows]
[2015.12.14-07.17.12:070][  0]ImportText (ComponentSweepMultiTests): Missing closing parenthesis: (RootShapeAsset="/Engine/BasicShapes/Cube.Cube",ShapeType="TriggerCapsule",HitResult=(Time=0.50,Location=(X=-100.000015,Y=0.0,Z=100.000015),ImpactPoint=(X=-50.0,Y=0.0,Z=50.0),Normal=(X=-1.0,Y=-0.0,Z=0.0),ImpactNormal=(X=0.0,Y=0.0,Z=1.0),TraceStart=(X=-200.0,Y=0.0,Z=200.0),TraceEnd=(X=0.0,Y=0.0,Z=0.0))
[2015.12.14-07.17.12:070][  0]ImportText (LineTraceSingleByChannelTests): Missing closing parenthesis: (RootShapeAsset="/Engine/BasicShapes/Cube.Cube",HitResult=(Time=0.50,Location=(X=-100.000015,Y=0.0,Z=100.000015),ImpactPoint=(X=-50.0,Y=0.0,Z=50.0),Normal=(X=-1.0,Y=-0.0,Z=0.0),ImpactNormal=(X=0.0,Y=0.0,Z=1.0),TraceStart=(X=-200.0,Y=0.0,Z=200.0),TraceEnd=(X=0.0,Y=0.0,Z=0.0))
[2015.12.14-07.17.12:113][  0]LogMeshUtilities: No automatic mesh reduction module available
[2015.12.14-07.17.12:113][  0]LogMeshUtilities: No automatic mesh merging module available
[2015.12.14-07.17.12:536][  0]LogInit: WinSock: version 1.1 (2.2), MaxSocks=32767, MaxUdp=65467
[2015.12.14-07.17.13:706][  0]UdpMessaging: Initializing bridge on interface 0.0.0.0:0 to multicast group 230.0.0.1:6666.
[2015.12.14-07.17.14:125][  0]SourceControl: Info Source control is disabled
[2015.12.14-07.17.14:136][  0]SourceControl: Info Source control is disabled
[2015.12.14-07.17.14:149][  0]SourceControl: Info Source control is disabled
[2015.12.14-07.17.14:165][  0]SourceControl: Info Source control is disabled
[2015.12.14-07.17.14:489][  0]LogObj: 26273 objects as part of root set at end of initial load.
[2015.12.14-07.17.14:489][  0]LogUObjectAllocator: 5409256 out of 0 bytes used by permanent object pool.
[2015.12.14-07.17.14:576][  0]LogEngine: Initializing Engine...
[2015.12.14-07.17.14:578][  0]LogHMD: Can't find Oculus library dev build: is proper Runtime installed? Version: 0.6.0.0
[2015.12.14-07.17.14:579][  0]LogHMD:Warning: SteamVR failed to initialize.  Error: 110
[2015.12.14-07.17.14:763][  0]LogAIModule: Creating AISystem for world NewWorld
[2015.12.14-07.17.14:770][  0]LogInit: XAudio2 using 'Speakers (Realtek High Definition Audio)' : 2 channels at 48 kHz using 32 bits per sample (channel mask 0x3)
[2015.12.14-07.17.14:784][  0]LogInit: FAudioDevice initialized.
[2015.12.14-07.17.14:822][  0]LogDerivedDataCache: Saved boot cache 0.04s 53MB C:/Users/Christopher/AppData/Local/UnrealEngine/4.8/DerivedDataCache/Boot.ddc.
[2015.12.14-07.17.14:830][  0]LogInit: Texture streaming: Disabled
[2015.12.14-07.17.14:863][  0]LogAnalytics: Creating configured Analytics provider AnalyticsET
[2015.12.14-07.17.14:863][  0]LogAnalytics: [UEEditor.Rocket.Release] APIServer = http://et2.epicgames.com/ET2/. AppVersion = 4.8.3-2634408+++depot+UE4-Releases+4.8
[2015.12.14-07.17.14:863][  0]LogAnalytics: [UEEditor.Rocket.Release] SetUserId ee8c485444fe82b8e773c5ac08d91953|2c1976e1aa9b48b0b119ac4e9eb64ec6|e685999b-cf46-4ff8-9f2e-f2a1072524f0
[2015.12.14-07.17.14:864][  0]LogAnalytics: [UEEditor.Rocket.Release] AnalyticsET::StartSession
[2015.12.14-07.17.14:906][  0]LogInit: Transaction tracking system initialized
[2015.12.14-07.17.15:103][  0]BlueprintLog: New page: Editor Load
[2015.12.14-07.17.15:147][  0]LogAssetRegistry: FAssetRegistry took 0.0107 seconds to start up
[2015.12.14-07.17.15:147][  0]LogDirectoryWatcher:Warning: Failed to begin reading directory changes for ../../../Engine/Plugins/Experimental/CharacterAI/Content/. Error: 0
[2015.12.14-07.17.16:225][  0]LogConsoleManager:Warning: Console variable 'r.VSync' wasn't set ('GameSetting' has a lower priority than 'SystemSettingsIni')
[2015.12.14-07.17.16:226][  0]LogConsoleResponse:Display: 
[2015.12.14-07.17.16:380][  0]LogCook:Display: Done creating registry. It took  0.00s.
[2015.12.14-07.17.16:637][  0]SourceControl: Info Source control is disabled
[2015.12.14-07.17.16:637][  0]Cmd: MAP LOAD FILE="../../../../../../Users/Christopher/Documents/GitHub/The-Curators/AlexPrototype/Content/Levels/MainMenu.umap" TEMPLATE=0 SHOWPROGRESS=1 FEATURELEVEL=3
[2015.12.14-07.17.16:710][  0]LightingResults: New page: Lighting Build
[2015.12.14-07.17.16:728][  0]MapCheck: New page: Map Check
[2015.12.14-07.17.16:728][  0]LightingResults: New page: Lighting Build
[2015.12.14-07.17.16:741][  0]LogParticles: Destroying 0 GPU particle simulations for FXSystem 0x0000013EED5049A0
[2015.12.14-07.17.18:262][  0]LogWmfMedia:Error: Failed to create source object from URL for C:/Users/Justin's/Pictures/Curators/NewMenuAssets/Output/maxresdefault (1).mp4
[2015.12.14-07.17.18:385][  0]LogAIModule: Creating AISystem for world MainMenu
[2015.12.14-07.17.18:391][  0]LogEditorServer: Finished looking for orphan Actors (0.000 secs)
[2015.12.14-07.17.18:396][  0]Cmd: MAP CHECKDEP NOCLEARLOG
[2015.12.14-07.17.18:439][  0]MapCheck: Info Map check complete: 0 Error(s), 0 Warning(s), took 42.928ms to complete.
[2015.12.14-07.17.18:439][  0]LogFileHelpers: Loading map 'MainMenu' took 1.802
[2015.12.14-07.17.18:726][  0]LogCollectionManager: Loaded 0 collections in 0.002584 seconds
[2015.12.14-07.17.18:734][  0]LogContentBrowser: Native class hierarchy populated in 0.0078 seconds. Added 1792 classes and 301 folders.
[2015.12.14-07.17.18:826][  0]LogContentBrowser: Native class hierarchy updated for 'WidgetCarousel' in 0.0004 seconds. Added 0 classes and 0 folders.
[2015.12.14-07.17.19:048][  0]LogContentBrowser: Native class hierarchy updated for 'AddContentDialog' in 0.0004 seconds. Added 0 classes and 0 folders.
[2015.12.14-07.17.19:075][  0]LogContentBrowser: Native class hierarchy updated for 'SceneOutliner' in 0.0007 seconds. Added 1 classes and 2 folders.
[2015.12.14-07.17.19:115][  0]LogCrashTracker: Crashtracker disabled due to settings.
[2015.12.14-07.17.19:116][  0]LogD3D11RHI: InitD3DDevice
[2015.12.14-07.17.19:121][  0]LogUObjectGlobals:Warning: Failed to find object 'Class None.'
[2015.12.14-07.17.19:143][  0]LogLoad: Full Startup: 11.99 seconds (BP compile: 0.16 seconds)
[2015.12.14-07.17.19:581][  0]LogContentStreaming: Texture pool size is 0.000000MB
[2015.12.14-07.17.19:623][  0]LogContentStreaming: Texture pool size now 400 MB
[2015.12.14-07.17.19:850][  0]LogRenderer: Reallocating scene render targets to support 1008x456 (Frame:2).
[2015.12.14-07.17.25:920][ 19]LogD3D11RHI: InitD3DDevice
[2015.12.14-07.17.26:195][ 26]LogAssetRegistry: Asset discovery search completed in 11.0588 seconds
[2015.12.14-07.17.49:696][415]LogD3D11RHI: InitD3DDevice
[2015.12.14-07.17.49:726][415]LogContentBrowser: Native class hierarchy updated for 'TextureEditor' in 0.0004 seconds. Added 1 classes and 2 folders.
[2015.12.14-07.17.49:735][415]LogD3D11RHI: InitD3DDevice
[2015.12.14-07.17.54:629][643]LogD3D11RHI: InitD3DDevice
[2015.12.14-07.17.54:651][643]LogD3D11RHI: InitD3DDevice
[2015.12.14-07.18.01:165][992]LogD3D11RHI: InitD3DDevice
[2015.12.14-07.18.01:187][992]LogD3D11RHI: InitD3DDevice
[2015.12.14-08.10.37:748][558]LogD3D11RHI: InitD3DDevice
[2015.12.14-08.10.37:793][558]LogD3D11RHI: InitD3DDevice
[2015.12.14-08.10.50:805][298]LogD3D11RHI: InitD3DDevice
[2015.12.14-08.10.50:831][298]LogD3D11RHI: InitD3DDevice
[2015.12.14-08.15.10:218][308]LogD3D11RHI: InitD3DDevice
[2015.12.14-08.15.10:240][308]LogD3D11RHI: InitD3DDevice
[2015.12.14-08.15.30:127][307]LogD3D11RHI: InitD3DDevice
[2015.12.14-08.15.30:143][307]LogD3D11RHI: InitD3DDevice
[2015.12.14-08.15.38:027][711]LogD3D11RHI: InitD3DDevice
[2015.12.14-08.15.38:041][711]LogD3D11RHI: InitD3DDevice
[2015.12.14-08.46.30:624][959]LogD3D11RHI: InitD3DDevice
[2015.12.14-08.46.35:961][265]LogD3D11RHI: InitD3DDevice
[2015.12.14-08.46.48:400][663]LogD3D11RHI: InitD3DDevice
[2015.12.14-08.46.48:624][672]LogD3D11RHI: InitD3DDevice
[2015.12.14-08.46.50:062][755]LogD3D11RHI: InitD3DDevice
[2015.12.14-08.46.50:903][802]LogD3D11RHI: InitD3DDevice
[2015.12.14-08.46.54:814][ 19]LogD3D11RHI: InitD3DDevice
[2015.12.14-08.46.54:836][ 19]LogD3D11RHI: InitD3DDevice
[2015.12.14-08.46.58:706][173]LogD3D11RHI: InitD3DDevice
[2015.12.14-08.46.58:730][173]LogD3D11RHI: InitD3DDevice
[2015.12.14-08.47.02:218][326]LogD3D11RHI: InitD3DDevice
[2015.12.14-08.47.02:348][332]LogD3D11RHI: InitD3DDevice
[2015.12.14-08.47.15:662][623]LogD3D11RHI: InitD3DDevice
[2015.12.14-08.47.15:704][623]LogFactory: FactoryCreateBinary: Texture with TextureFactory (0 0 ../../../../../../Users/Christopher/Desktop/documents-export-2015-12-14/CreditsIdle.png)
[2015.12.14-08.47.15:771][623]LogTexture:Display: Building textures: CreditsIdle (BGRA8)
[2015.12.14-08.47.15:843][623]LogFactory: FactoryCreateBinary: Texture with TextureFactory (0 0 ../../../../../../Users/Christopher/Desktop/documents-export-2015-12-14/CreditsMouseOver.png)
[2015.12.14-08.47.15:848][623]LogTexture:Display: Building textures: CreditsMouseOver (BGRA8)
[2015.12.14-08.47.15:877][623]LogFactory: FactoryCreateBinary: Texture with TextureFactory (0 0 ../../../../../../Users/Christopher/Desktop/documents-export-2015-12-14/CreditsOnHit.png)
[2015.12.14-08.47.15:887][623]LogTexture:Display: Building textures: CreditsOnHit (BGRA8)
[2015.12.14-08.47.20:409][864]LogD3D11RHI: InitD3DDevice
[2015.12.14-08.47.20:444][864]LogD3D11RHI: InitD3DDevice
[2015.12.14-08.47.20:730][864]LogLinker:Warning: Asset '../../../Engine/Content/ArtTools/RenderToTexture/Macros/RenderToTextureMacros.uasset' has been saved with empty engine version. The asset will be loaded but may be incompatible.
[2015.12.14-08.47.20:807][864]LogLinker:Warning: Asset '../../../Engine/Content/ArtTools/RenderToTexture/Enums/RenderToTexture_Enum.uasset' has been saved with empty engine version. The asset will be loaded but may be incompatible.
[2015.12.14-08.47.41:640][445]LogD3D11RHI: InitD3DDevice
[2015.12.14-08.47.46:006][564]LogUObjectHash:Warning: Ambiguous search, could be WidgetBlueprint /Game/MainMenu/MainMenu.MainMenu or VerticalBox /Game/MainMenu/MainMenu.MainMenu_C:WidgetTree_8.MainMenu
[2015.12.14-08.47.46:006][564]LogUObjectHash:Warning: Ambiguous search, could be WidgetBlueprint /Game/MainMenu/MainMenu.MainMenu or ObjectProperty /Game/MainMenu/MainMenu.MainMenu_C:MainMenu
[2015.12.14-08.47.46:006][564]LogUObjectHash:Warning: Ambiguous search, could be WidgetBlueprint /Game/MainMenu/MainMenu.MainMenu or VerticalBox /Game/MainMenu/MainMenu.MainMenu:WidgetTree.MainMenu
[2015.12.14-08.47.46:006][564]LogUObjectHash:Warning: Ambiguous search, could be WidgetBlueprint /Game/MainMenu/MainMenu.MainMenu or VerticalBox /Game/MainMenu/MainMenu.SKEL_MainMenu_C:WidgetTree_3.MainMenu
[2015.12.14-08.47.46:006][564]LogUObjectHash:Warning: Ambiguous search, could be WidgetBlueprint /Game/MainMenu/MainMenu.MainMenu or VerticalBox /Game/MainMenu/MainMenu.SKEL_MainMenu_C:WidgetTree_6.MainMenu
[2015.12.14-08.47.46:006][564]LogUObjectHash:Warning: Ambiguous search, could be WidgetBlueprint /Game/MainMenu/MainMenu.MainMenu or ObjectProperty /Engine/Transient.REINST_SKEL_MainMenu_C_0:MainMenu
[2015.12.14-08.47.46:006][564]LogUObjectHash:Warning: Ambiguous search, could be WidgetBlueprint /Game/MainMenu/MainMenu.MainMenu or VerticalBox /Engine/Transient.REINST_SKEL_MainMenu_C_0:WidgetTree_0.MainMenu
[2015.12.14-08.47.46:006][564]LogUObjectHash:Warning: Ambiguous search, could be WidgetBlueprint /Game/MainMenu/MainMenu.MainMenu or ObjectProperty /Game/MainMenu/MainMenu.SKEL_MainMenu_C:MainMenu
[2015.12.14-08.47.46:006][564]LogUObjectHash:Warning: Ambiguous search, could be WidgetBlueprint /Game/MainMenu/MainMenu.MainMenu or ObjectProperty /Engine/Transient.REINST_MainMenu_C_1:MainMenu
[2015.12.14-08.47.46:006][564]LogUObjectHash:Warning: Ambiguous search, could be WidgetBlueprint /Game/MainMenu/MainMenu.MainMenu or VerticalBox /Engine/Transient.REINST_MainMenu_C_1:WidgetTree_101.MainMenu
[2015.12.14-08.47.46:006][564]LogUObjectHash:Warning: Ambiguous search, could be WidgetBlueprint /Game/MainMenu/MainMenu.MainMenu or ObjectProperty /Engine/Transient.REINST_SKEL_MainMenu_C_2:MainMenu
[2015.12.14-08.47.46:006][564]LogUObjectHash:Warning: Ambiguous search, could be WidgetBlueprint /Game/MainMenu/MainMenu.MainMenu or VerticalBox /Engine/Transient.REINST_SKEL_MainMenu_C_2:WidgetTree_1.MainMenu
[2015.12.14-08.47.46:006][564]LogUObjectHash:Warning: Ambiguous search, could be WidgetBlueprint /Game/MainMenu/MainMenu.MainMenu or VerticalBox /Game/MainMenu/MainMenu.MainMenu_C:WidgetTree_4.MainMenu
[2015.12.14-08.47.46:006][564]LogUObjectHash:Warning: Ambiguous search, could be WidgetBlueprint /Game/MainMenu/MainMenu.MainMenu or ObjectProperty /Engine/Transient.REINST_MainMenu_C_3:MainMenu
[2015.12.14-08.47.46:006][564]LogUObjectHash:Warning: Ambiguous search, could be WidgetBlueprint /Game/MainMenu/MainMenu.MainMenu or VerticalBox /Engine/Transient.REINST_MainMenu_C_3:WidgetTree_4.MainMenu
[2015.12.14-08.47.46:006][564]LogUObjectHash:Warning: Ambiguous search, could be WidgetBlueprint /Game/MainMenu/MainMenu.MainMenu or ObjectProperty /Engine/Transient.REINST_SKEL_MainMenu_C_4:MainMenu
[2015.12.14-08.47.46:006][564]LogUObjectHash:Warning: Ambiguous search, could be WidgetBlueprint /Game/MainMenu/MainMenu.MainMenu or VerticalBox /Engine/Transient.REINST_SKEL_MainMenu_C_4:WidgetTree_3.MainMenu
[2015.12.14-08.47.46:006][564]LogUObjectHash:Warning: Ambiguous search, could be WidgetBlueprint /Game/MainMenu/MainMenu.MainMenu or World /Game/Levels/MainMenu.MainMenu
[2015.12.14-08.47.46:006][564]LogUObjectHash:Warning: Ambiguous search, could be WidgetBlueprint /Game/MainMenu/MainMenu.MainMenu or LevelScriptBlueprint /Game/Levels/MainMenu.MainMenu:PersistentLevel.MainMenu
[2015.12.14-08.47.46:007][564]LogUObjectHash:Warning: Ambiguous search, could be WidgetBlueprint /Game/MainMenu/MainMenu.MainMenu or VerticalBox /Game/MainMenu/MainMenu.MainMenu_C:WidgetTree_9.MainMenu
[2015.12.14-08.47.46:007][564]LogUObjectHash:Warning: Ambiguous search, could be WidgetBlueprint /Game/MainMenu/MainMenu.MainMenu or VerticalBox /Engine/Transient.World_4:MainMenu_C_0.WidgetTree_10.MainMenu
[2015.12.14-08.47.46:007][564]LogUObjectHash:Warning: Ambiguous search, could be WidgetBlueprint /Game/MainMenu/MainMenu.MainMenu or VerticalBox /Game/MainMenu/MainMenu.MainMenu_C:WidgetTree_11.MainMenu
[2015.12.14-08.47.46:007][564]LogUObjectHash:Warning: Ambiguous search, could be WidgetBlueprint /Game/MainMenu/MainMenu.MainMenu or VerticalBox /Engine/Transient.World_4:MainMenu_C_1.WidgetTree_12.MainMenu
[2015.12.14-08.47.46:007][564]LogUObjectHash:Warning: Ambiguous search, could be VerticalBoxSlot /Game/MainMenu/MainMenu.MainMenu:WidgetTree.MainMenu.VerticalBoxSlot_20 or VerticalBoxSlot /Game/MainMenu/MainMenu.SKEL_MainMenu_C:WidgetTree_3.MainMenu.VerticalBoxSlot_20
[2015.12.14-08.47.46:007][564]LogUObjectHash:Warning: Ambiguous search, could be VerticalBoxSlot /Game/MainMenu/MainMenu.MainMenu:WidgetTree.MainMenu.VerticalBoxSlot_20 or VerticalBoxSlot /Engine/Transient.REINST_SKEL_MainMenu_C_0:WidgetTree_0.MainMenu.VerticalBoxSlot_20
[2015.12.14-08.47.46:007][564]LogUObjectHash:Warning: Ambiguous search, could be VerticalBoxSlot /Game/MainMenu/MainMenu.MainMenu:WidgetTree.MainMenu.VerticalBoxSlot_20 or VerticalBoxSlot /Game/MainMenu/MainMenu.SKEL_MainMenu_C:WidgetTree_6.MainMenu.VerticalBoxSlot_20
[2015.12.14-08.47.46:007][564]LogUObjectHash:Warning: Ambiguous search, could be VerticalBoxSlot /Game/MainMenu/MainMenu.MainMenu:WidgetTree.MainMenu.VerticalBoxSlot_20 or VerticalBoxSlot /Engine/Transient.REINST_SKEL_MainMenu_C_2:WidgetTree_1.MainMenu.VerticalBoxSlot_20
[2015.12.14-08.47.46:007][564]LogUObjectHash:Warning: Ambiguous search, could be VerticalBoxSlot /Game/MainMenu/MainMenu.MainMenu:WidgetTree.MainMenu.VerticalBoxSlot_20 or VerticalBoxSlot /Game/MainMenu/MainMenu.MainMenu_C:WidgetTree_4.MainMenu.VerticalBoxSlot_20
[2015.12.14-08.47.46:007][564]LogUObjectHash:Warning: Ambiguous search, could be VerticalBoxSlot /Game/MainMenu/MainMenu.MainMenu:WidgetTree.MainMenu.VerticalBoxSlot_20 or VerticalBoxSlot /Engine/Transient.REINST_MainMenu_C_3:WidgetTree_4.MainMenu.VerticalBoxSlot_20
[2015.12.14-08.47.46:007][564]LogUObjectHash:Warning: Ambiguous search, could be VerticalBoxSlot /Game/MainMenu/MainMenu.MainMenu:WidgetTree.MainMenu.VerticalBoxSlot_20 or VerticalBoxSlot /Engine/Transient.REINST_SKEL_MainMenu_C_4:WidgetTree_3.MainMenu.VerticalBoxSlot_20
[2015.12.14-08.47.46:007][564]LogUObjectHash:Warning: Ambiguous search, could be VerticalBoxSlot /Game/MainMenu/MainMenu.MainMenu:WidgetTree.MainMenu.VerticalBoxSlot_20 or VerticalBoxSlot /Game/MainMenu/MainMenu.MainMenu_C:WidgetTree_8.MainMenu.VerticalBoxSlot_20
[2015.12.14-08.47.46:007][564]LogUObjectHash:Warning: Ambiguous search, could be VerticalBoxSlot /Game/MainMenu/MainMenu.MainMenu:WidgetTree.MainMenu.VerticalBoxSlot_20 or VerticalBoxSlot /Game/MainMenu/MainMenu.MainMenu_C:WidgetTree_9.MainMenu.VerticalBoxSlot_20
[2015.12.14-08.47.46:007][564]LogUObjectHash:Warning: Ambiguous search, could be VerticalBoxSlot /Game/MainMenu/MainMenu.MainMenu:WidgetTree.MainMenu.VerticalBoxSlot_20 or VerticalBoxSlot /Engine/Transient.World_4:MainMenu_C_0.WidgetTree_10.MainMenu.VerticalBoxSlot_20
[2015.12.14-08.47.46:007][564]LogUObjectHash:Warning: Ambiguous search, could be VerticalBoxSlot /Game/MainMenu/MainMenu.MainMenu:WidgetTree.MainMenu.VerticalBoxSlot_20 or VerticalBoxSlot /Game/MainMenu/MainMenu.MainMenu_C:WidgetTree_11.MainMenu.VerticalBoxSlot_20
[2015.12.14-08.47.46:007][564]LogUObjectHash:Warning: Ambiguous search, could be VerticalBoxSlot /Game/MainMenu/MainMenu.MainMenu:WidgetTree.MainMenu.VerticalBoxSlot_20 or VerticalBoxSlot /Engine/Transient.World_4:MainMenu_C_1.WidgetTree_12.MainMenu.VerticalBoxSlot_20
[2015.12.14-08.47.46:007][564]LogProperty:Warning: Illegal TEXT reference to a private object in external package (VerticalBoxSlot /Game/MainMenu/MainMenu.MainMenu:WidgetTree.MainMenu.VerticalBoxSlot_20) from referencer (Button /Engine/UMG/Editor/Transient.QuitButton).  Import failed...
[2015.12.14-08.47.46:007][564]LogProperty:Warning: ObjectProperty /Script/UMG.Widget:Slot: unresolved reference to 'VerticalBoxSlot'MainMenu.VerticalBoxSlot_20''
[2015.12.14-08.47.53:329][764]LogD3D11RHI: InitD3DDevice
[2015.12.14-08.48.16:032][388]LogD3D11RHI: InitD3DDevice
[2015.12.14-08.48.17:738][436]LogD3D11RHI: InitD3DDevice
[2015.12.14-08.48.22:182][565]LogD3D11RHI: InitD3DDevice
[2015.12.14-08.48.23:242][597]LogD3D11RHI: InitD3DDevice
[2015.12.14-08.48.23:975][619]LogD3D11RHI: InitD3DDevice
[2015.12.14-08.48.24:726][641]LogD3D11RHI: InitD3DDevice
[2015.12.14-08.48.50:222][347]LogD3D11RHI: InitD3DDevice
[2015.12.14-08.48.51:054][372]LogD3D11RHI: InitD3DDevice
[2015.12.14-08.48.51:730][392]LogD3D11RHI: InitD3DDevice
[2015.12.14-08.49.15:736][ 55]LogD3D11RHI: InitD3DDevice
[2015.12.14-08.49.16:622][ 80]LogD3D11RHI: InitD3DDevice
[2015.12.14-08.49.20:133][183]LogD3D11RHI: InitD3DDevice
[2015.12.14-08.49.22:387][251]LogD3D11RHI: InitD3DDevice
[2015.12.14-08.49.24:798][324]LogD3D11RHI: InitD3DDevice
[2015.12.14-08.50.26:835][515]LogD3D11RHI: InitD3DDevice
[2015.12.14-08.50.35:715][769]LogD3D11RHI: InitD3DDevice
[2015.12.14-08.51.01:204][528]LogEditorTransaction: Undo Edit Properties
[2015.12.14-08.51.01:311][528]LogD3D11RHI: InitD3DDevice
[2015.12.14-08.51.06:471][667]LogD3D11RHI: InitD3DDevice
[2015.12.14-08.51.25:392][165]LogD3D11RHI: InitD3DDevice
[2015.12.14-08.51.37:487][499]LogD3D11RHI: InitD3DDevice
[2015.12.14-08.52.00:014][ 85]BlueprintLog: New page: Compile MainMenu
[2015.12.14-08.52.00:377][ 85]BlueprintEditorCompileResults: Info [5693.21] Compile of MainMenu successful! [in 351 ms]
[2015.12.14-08.52.01:784][120]BlueprintLog: New page: Pre-PIE auto-recompile
[2015.12.14-08.52.01:796][120]LogPlayLevel: [PIE] Compiling MainMenu before PIE...
[2015.12.14-08.52.01:944][120]LogPlayLevel: PIE:  Blueprint regeneration took 159 ms (1 blueprints)
[2015.12.14-08.52.02:035][120]PIE: New page: SIE session: MainMenu (Dec 13, 2015, 10:52:01 PM)
[2015.12.14-08.52.02:035][120]LogPlayLevel: Creating play world package: /Game/Levels/UEDPIE_0_MainMenu
[2015.12.14-08.52.02:040][120]LogPlayLevel: PIE: StaticDuplicateObject took: (0.004807s)
[2015.12.14-08.52.02:041][120]LogAIModule: Creating AISystem for world MainMenu
[2015.12.14-08.52.02:042][120]LogPlayLevel: PIE: World Init took: (0.001511s)
[2015.12.14-08.52.02:042][120]LogPlayLevel: PIE: Created PIE world by copying editor world from /Game/Levels/MainMenu.MainMenu to /Game/Levels/UEDPIE_0_MainMenu.MainMenu (0.006562s)
[2015.12.14-08.52.02:104][120]LogInit: XAudio2 using 'Speakers (Realtek High Definition Audio)' : 2 channels at 48 kHz using 32 bits per sample (channel mask 0x3)
[2015.12.14-08.52.02:115][120]LogInit: FAudioDevice initialized.
[2015.12.14-08.52.02:214][120]LogWorld: Game class is 'GameMode'
[2015.12.14-08.52.02:218][120]LogWorld: Bringing World /Game/Levels/UEDPIE_0_MainMenu.MainMenu up for play (max tick rate 60) at 2015.12.14-03.52.02
[2015.12.14-08.52.02:218][120]LogActor:Warning: GameSession /Game/Levels/UEDPIE_0_MainMenu.MainMenu:PersistentLevel.GameSession_0 has natively added scene component(s), but none of them were set as the actor's RootComponent - picking one arbitrarily
[2015.12.14-08.52.02:218][120]LogActor:Warning: GameNetworkManager /Game/Levels/UEDPIE_0_MainMenu.MainMenu:PersistentLevel.GameNetworkManager_0 has natively added scene component(s), but none of them were set as the actor's RootComponent - picking one arbitrarily
[2015.12.14-08.52.02:219][120]LogWorld: Bringing up level for play took: 0.002079
[2015.12.14-08.52.02:219][120]LogGameMode: Warning - PATHS NOT DEFINED or NO PLAYERSTART with positive rating
[2015.12.14-08.52.02:222][120]PIE: Info Play in editor start time for /Game/Levels/UEDPIE_0_MainMenu -0.462
[2015.12.14-08.52.02:302][120]LogAudio:Warning: Detected orphaned looping sound 'MainMenuBackgroundNoiseMFixed'.
[2015.12.14-08.52.05:628][205]LogParticles: Destroying 0 GPU particle simulations for FXSystem 0x0000013EF61D5E40
[2015.12.14-08.52.07:340][250]LogD3D11RHI: InitD3DDevice
[2015.12.14-08.52.07:399][250]Cmd: OBJ SAVEPACKAGE PACKAGE="/Game/MainMenu/MainMenu" FILE="../../../../../../Users/Christopher/Documents/GitHub/The-Curators/AlexPrototype/Content/MainMenu/MainMenu.uasset" SILENT=true
[2015.12.14-08.52.07:528][250]LogSavePackage: Save=108.944611ms
[2015.12.14-08.52.07:528][250]LogSavePackage: Moving '../../../../../../Users/Christopher/Documents/GitHub/The-Curators/AlexPrototype/Saved/MainMenuFB080CB64ABC6F45B9A3BCA4142B53FF.tmp' to '../../../../../../Users/Christopher/Documents/GitHub/The-Curators/AlexPrototype/Content/MainMenu/MainMenu.uasset'
[2015.12.14-08.52.07:529][250]LogFileManager:Warning: DeleteFile was unable to delete '../../../../../../Users/Christopher/Documents/GitHub/The-Curators/AlexPrototype/Content/MainMenu/MainMenu.uasset', retrying in .5s...
[2015.12.14-08.52.08:029][250]LogFileManager:Error: Error deleting file '../../../../../../Users/Christopher/Documents/GitHub/The-Curators/AlexPrototype/Content/MainMenu/MainMenu.uasset'.
[2015.12.14-08.52.08:029][250]LogSavePackage:Error: Error saving '../../../../../../Users/Christopher/Documents/GitHub/The-Curators/AlexPrototype/Content/MainMenu/MainMenu.uasset'
[2015.12.14-08.52.08:246][250]LogD3D11RHI: InitD3DDevice
[2015.12.14-08.52.16:837][250]Cmd: OBJ SAVEPACKAGE PACKAGE="/Game/MainMenu/MainMenu" FILE="../../../../../../Users/Christopher/Documents/GitHub/The-Curators/AlexPrototype/Content/MainMenu/MainMenu.uasset" SILENT=true
[2015.12.14-08.52.16:894][250]LogSavePackage: Save=52.206707ms
[2015.12.14-08.52.16:894][250]LogSavePackage: Moving '../../../../../../Users/Christopher/Documents/GitHub/The-Curators/AlexPrototype/Saved/MainMenu5993CD4C4E0E0991A61221AAE10767AF.tmp' to '../../../../../../Users/Christopher/Documents/GitHub/The-Curators/AlexPrototype/Content/MainMenu/MainMenu.uasset'
[2015.12.14-08.52.16:894][250]LogFileManager:Warning: DeleteFile was unable to delete '../../../../../../Users/Christopher/Documents/GitHub/The-Curators/AlexPrototype/Content/MainMenu/MainMenu.uasset', retrying in .5s...
[2015.12.14-08.52.17:394][250]LogFileManager:Error: Error deleting file '../../../../../../Users/Christopher/Documents/GitHub/The-Curators/AlexPrototype/Content/MainMenu/MainMenu.uasset'.
[2015.12.14-08.52.17:394][250]LogSavePackage:Error: Error saving '../../../../../../Users/Christopher/Documents/GitHub/The-Curators/AlexPrototype/Content/MainMenu/MainMenu.uasset'
[2015.12.14-08.52.17:403][250]LogD3D11RHI: InitD3DDevice
[2015.12.14-08.52.18:817][250]Cmd: OBJ SAVEPACKAGE PACKAGE="/Game/MainMenu/MainMenu" FILE="../../../../../../Users/Christopher/Documents/GitHub/The-Curators/AlexPrototype/Content/MainMenu/MainMenu.uasset" SILENT=true
[2015.12.14-08.52.18:869][250]LogSavePackage: Save=45.641663ms
[2015.12.14-08.52.18:869][250]LogSavePackage: Moving '../../../../../../Users/Christopher/Documents/GitHub/The-Curators/AlexPrototype/Saved/MainMenu15DD5CB140354E1ABA9030A06FF3CB6E.tmp' to '../../../../../../Users/Christopher/Documents/GitHub/The-Curators/AlexPrototype/Content/MainMenu/MainMenu.uasset'
[2015.12.14-08.52.18:870][250]LogFileManager:Warning: DeleteFile was unable to delete '../../../../../../Users/Christopher/Documents/GitHub/The-Curators/AlexPrototype/Content/MainMenu/MainMenu.uasset', retrying in .5s...
[2015.12.14-08.52.19:370][250]LogFileManager:Error: Error deleting file '../../../../../../Users/Christopher/Documents/GitHub/The-Curators/AlexPrototype/Content/MainMenu/MainMenu.uasset'.
[2015.12.14-08.52.19:370][250]LogSavePackage:Error: Error saving '../../../../../../Users/Christopher/Documents/GitHub/The-Curators/AlexPrototype/Content/MainMenu/MainMenu.uasset'
[2015.12.14-08.52.19:384][250]LogD3D11RHI: InitD3DDevice
[2015.12.14-08.52.21:480][250]EditorErrors: New page: Save Output
[2015.12.14-08.52.21:507][250]EditorErrors:Warning: Warning Error saving '../../../../../../Users/Christopher/Documents/GitHub/The-Curators/AlexPrototype/Content/MainMenu/MainMenu.uasset'
[2015.12.14-08.52.21:507][250]EditorErrors:Warning: Warning Error saving '../../../../../../Users/Christopher/Documents/GitHub/The-Curators/AlexPrototype/Content/MainMenu/MainMenu.uasset'
[2015.12.14-08.52.21:508][250]EditorErrors:Warning: Warning Error saving '../../../../../../Users/Christopher/Documents/GitHub/The-Curators/AlexPrototype/Content/MainMenu/MainMenu.uasset'
[2015.12.14-08.52.21:526][250]LogD3D11RHI: InitD3DDevice
[2015.12.14-08.52.21:569][250]LogD3D11RHI: InitD3DDevice
[2015.12.14-08.52.36:611][589]LogD3D11RHI: InitD3DDevice
[2015.12.14-08.52.36:627][589]Cmd: OBJ SAVEPACKAGE PACKAGE="/Game/MainMenu/MainMenu" FILE="../../../../../../Users/Christopher/Documents/GitHub/The-Curators/AlexPrototype/Content/MainMenu/MainMenu.uasset" SILENT=true
[2015.12.14-08.52.36:682][589]LogSavePackage: Save=51.791645ms
[2015.12.14-08.52.36:682][589]LogSavePackage: Moving '../../../../../../Users/Christopher/Documents/GitHub/The-Curators/AlexPrototype/Saved/MainMenu3AFC5991452B8F081A008DB08B89FAD9.tmp' to '../../../../../../Users/Christopher/Documents/GitHub/The-Curators/AlexPrototype/Content/MainMenu/MainMenu.uasset'
[2015.12.14-08.52.36:683][589]LogFileManager:Warning: DeleteFile was unable to delete '../../../../../../Users/Christopher/Documents/GitHub/The-Curators/AlexPrototype/Content/MainMenu/MainMenu.uasset', retrying in .5s...
[2015.12.14-08.52.37:183][589]LogFileManager:Error: Error deleting file '../../../../../../Users/Christopher/Documents/GitHub/The-Curators/AlexPrototype/Content/MainMenu/MainMenu.uasset'.
[2015.12.14-08.52.37:183][589]LogSavePackage:Error: Error saving '../../../../../../Users/Christopher/Documents/GitHub/The-Curators/AlexPrototype/Content/MainMenu/MainMenu.uasset'
[2015.12.14-08.52.37:209][589]LogD3D11RHI: InitD3DDevice
[2015.12.14-08.52.45:566][589]EditorErrors: New page: Save Output
[2015.12.14-08.52.45:566][589]EditorErrors:Warning: Warning Error saving '../../../../../../Users/Christopher/Documents/GitHub/The-Curators/AlexPrototype/Content/MainMenu/MainMenu.uasset'
[2015.12.14-08.52.45:572][589]LogD3D11RHI: InitD3DDevice
[2015.12.14-08.52.45:584][589]LogD3D11RHI: InitD3DDevice
[2015.12.14-08.52.56:595][805]LogD3D11RHI: InitD3DDevice
[2015.12.14-08.52.56:611][805]Cmd: OBJ SAVEPACKAGE PACKAGE="/Game/MainMenu/MainMenu" FILE="../../../../../../Users/Christopher/Documents/GitHub/The-Curators/AlexPrototype/Content/MainMenu/MainMenu.uasset" SILENT=true
[2015.12.14-08.52.56:662][805]LogSavePackage: Save=48.249863ms
[2015.12.14-08.52.56:662][805]LogSavePackage: Moving '../../../../../../Users/Christopher/Documents/GitHub/The-Curators/AlexPrototype/Saved/MainMenuBCF329DA49E82F250781CF87D25AA5CB.tmp' to '../../../../../../Users/Christopher/Documents/GitHub/The-Curators/AlexPrototype/Content/MainMenu/MainMenu.uasset'
[2015.12.14-08.52.56:663][805]LogFileManager:Warning: DeleteFile was unable to delete '../../../../../../Users/Christopher/Documents/GitHub/The-Curators/AlexPrototype/Content/MainMenu/MainMenu.uasset', retrying in .5s...
[2015.12.14-08.52.57:164][805]LogFileManager:Error: Error deleting file '../../../../../../Users/Christopher/Documents/GitHub/The-Curators/AlexPrototype/Content/MainMenu/MainMenu.uasset'.
[2015.12.14-08.52.57:164][805]LogSavePackage:Error: Error saving '../../../../../../Users/Christopher/Documents/GitHub/The-Curators/AlexPrototype/Content/MainMenu/MainMenu.uasset'
[2015.12.14-08.52.57:182][805]LogD3D11RHI: InitD3DDevice
[2015.12.14-08.53.01:664][805]EditorErrors: New page: Save Output
[2015.12.14-08.53.01:664][805]EditorErrors:Warning: Warning Error saving '../../../../../../Users/Christopher/Documents/GitHub/The-Curators/AlexPrototype/Content/MainMenu/MainMenu.uasset'
[2015.12.14-08.53.01:670][805]LogD3D11RHI: InitD3DDevice
[2015.12.14-08.53.06:296][959]LogD3D11RHI: InitD3DDevice
[2015.12.14-08.53.07:304][  8]LogD3D11RHI: InitD3DDevice
[2015.12.14-08.53.07:327][  8]Cmd: OBJ SAVEPACKAGE PACKAGE="/Game/MainMenu/MainMenu" FILE="../../../../../../Users/Christopher/Documents/GitHub/The-Curators/AlexPrototype/Content/MainMenu/MainMenu.uasset" SILENT=true
[2015.12.14-08.53.07:383][  8]LogSavePackage: Save=51.939442ms
[2015.12.14-08.53.07:383][  8]LogSavePackage: Moving '../../../../../../Users/Christopher/Documents/GitHub/The-Curators/AlexPrototype/Saved/MainMenu4012C06747EF8E5D292C1A93ABA9774C.tmp' to '../../../../../../Users/Christopher/Documents/GitHub/The-Curators/AlexPrototype/Content/MainMenu/MainMenu.uasset'
[2015.12.14-08.53.07:383][  8]LogFileManager:Warning: DeleteFile was unable to delete '../../../../../../Users/Christopher/Documents/GitHub/The-Curators/AlexPrototype/Content/MainMenu/MainMenu.uasset', retrying in .5s...
[2015.12.14-08.53.07:883][  8]LogFileManager:Error: Error deleting file '../../../../../../Users/Christopher/Documents/GitHub/The-Curators/AlexPrototype/Content/MainMenu/MainMenu.uasset'.
[2015.12.14-08.53.07:884][  8]LogSavePackage:Error: Error saving '../../../../../../Users/Christopher/Documents/GitHub/The-Curators/AlexPrototype/Content/MainMenu/MainMenu.uasset'
[2015.12.14-08.53.07:909][  8]LogD3D11RHI: InitD3DDevice
[2015.12.14-08.53.09:591][  8]Cmd: OBJ SAVEPACKAGE PACKAGE="/Game/MainMenu/MainMenu" FILE="../../../../../../Users/Christopher/Documents/GitHub/The-Curators/AlexPrototype/Content/MainMenu/MainMenu.uasset" SILENT=true
[2015.12.14-08.53.09:638][  8]LogSavePackage: Save=42.755932ms
[2015.12.14-08.53.09:638][  8]LogSavePackage: Moving '../../../../../../Users/Christopher/Documents/GitHub/The-Curators/AlexPrototype/Saved/MainMenu79556B294F8AAEF28497A8B452D7D36C.tmp' to '../../../../../../Users/Christopher/Documents/GitHub/The-Curators/AlexPrototype/Content/MainMenu/MainMenu.uasset'
[2015.12.14-08.53.09:639][  8]LogFileManager:Warning: DeleteFile was unable to delete '../../../../../../Users/Christopher/Documents/GitHub/The-Curators/AlexPrototype/Content/MainMenu/MainMenu.uasset', retrying in .5s...
[2015.12.14-08.53.10:139][  8]LogFileManager:Error: Error deleting file '../../../../../../Users/Christopher/Documents/GitHub/The-Curators/AlexPrototype/Content/MainMenu/MainMenu.uasset'.
[2015.12.14-08.53.10:139][  8]LogSavePackage:Error: Error saving '../../../../../../Users/Christopher/Documents/GitHub/The-Curators/AlexPrototype/Content/MainMenu/MainMenu.uasset'
[2015.12.14-08.53.10:150][  8]LogD3D11RHI: InitD3DDevice
[2015.12.14-08.53.11:022][  8]Cmd: OBJ SAVEPACKAGE PACKAGE="/Game/MainMenu/MainMenu" FILE="../../../../../../Users/Christopher/Documents/GitHub/The-Curators/AlexPrototype/Content/MainMenu/MainMenu.uasset" SILENT=true
[2015.12.14-08.53.11:071][  8]LogSavePackage: Save=45.078804ms
[2015.12.14-08.53.11:071][  8]LogSavePackage: Moving '../../../../../../Users/Christopher/Documents/GitHub/The-Curators/AlexPrototype/Saved/MainMenu067DF35A4D382066563EA4969D8226EB.tmp' to '../../../../../../Users/Christopher/Documents/GitHub/The-Curators/AlexPrototype/Content/MainMenu/MainMenu.uasset'
[2015.12.14-08.53.11:072][  8]LogFileManager:Warning: DeleteFile was unable to delete '../../../../../../Users/Christopher/Documents/GitHub/The-Curators/AlexPrototype/Content/MainMenu/MainMenu.uasset', retrying in .5s...
[2015.12.14-08.53.11:573][  8]LogFileManager:Error: Error deleting file '../../../../../../Users/Christopher/Documents/GitHub/The-Curators/AlexPrototype/Content/MainMenu/MainMenu.uasset'.
[2015.12.14-08.53.11:573][  8]LogSavePackage:Error: Error saving '../../../../../../Users/Christopher/Documents/GitHub/The-Curators/AlexPrototype/Content/MainMenu/MainMenu.uasset'
[2015.12.14-08.53.11:584][  8]LogD3D11RHI: InitD3DDevice
[2015.12.14-08.53.12:224][  8]Cmd: OBJ SAVEPACKAGE PACKAGE="/Game/MainMenu/MainMenu" FILE="../../../../../../Users/Christopher/Documents/GitHub/The-Curators/AlexPrototype/Content/MainMenu/MainMenu.uasset" SILENT=true
[2015.12.14-08.53.12:278][  8]LogSavePackage: Save=50.294792ms
[2015.12.14-08.53.12:279][  8]LogSavePackage: Moving '../../../../../../Users/Christopher/Documents/GitHub/The-Curators/AlexPrototype/Saved/MainMenu7808AA4F429DDE44667AC69315DA833E.tmp' to '../../../../../../Users/Christopher/Documents/GitHub/The-Curators/AlexPrototype/Content/MainMenu/MainMenu.uasset'
[2015.12.14-08.53.12:280][  8]LogFileManager:Warning: DeleteFile was unable to delete '../../../../../../Users/Christopher/Documents/GitHub/The-Curators/AlexPrototype/Content/MainMenu/MainMenu.uasset', retrying in .5s...
[2015.12.14-08.53.12:780][  8]LogFileManager:Error: Error deleting file '../../../../../../Users/Christopher/Documents/GitHub/The-Curators/AlexPrototype/Content/MainMenu/MainMenu.uasset'.
[2015.12.14-08.53.12:780][  8]LogSavePackage:Error: Error saving '../../../../../../Users/Christopher/Documents/GitHub/The-Curators/AlexPrototype/Content/MainMenu/MainMenu.uasset'
[2015.12.14-08.53.12:793][  8]LogD3D11RHI: InitD3DDevice
[2015.12.14-08.53.14:183][  8]EditorErrors: New page: Save Output
[2015.12.14-08.53.14:184][  8]EditorErrors:Warning: Warning Error saving '../../../../../../Users/Christopher/Documents/GitHub/The-Curators/AlexPrototype/Content/MainMenu/MainMenu.uasset'
[2015.12.14-08.53.14:184][  8]EditorErrors:Warning: Warning Error saving '../../../../../../Users/Christopher/Documents/GitHub/The-Curators/AlexPrototype/Content/MainMenu/MainMenu.uasset'
[2015.12.14-08.53.14:184][  8]EditorErrors:Warning: Warning Error saving '../../../../../../Users/Christopher/Documents/GitHub/The-Curators/AlexPrototype/Content/MainMenu/MainMenu.uasset'
[2015.12.14-08.53.14:184][  8]EditorErrors:Warning: Warning Error saving '../../../../../../Users/Christopher/Documents/GitHub/The-Curators/AlexPrototype/Content/MainMenu/MainMenu.uasset'
[2015.12.14-08.53.14:190][  8]LogD3D11RHI: InitD3DDevice
[2015.12.14-08.53.17:147][145]LogD3D11RHI: InitD3DDevice
[2015.12.14-08.53.18:678][223]LogD3D11RHI: InitD3DDevice
[2015.12.14-08.53.18:880][223]LogSavePackage: Save=129.030182ms
[2015.12.14-08.53.18:880][223]LogSavePackage: Moving '../../../../../../Users/Christopher/Documents/GitHub/The-Curators/AlexPrototype/Saved/MainMenuE67F4DCB4C569435E009BE86009F0C68.tmp' to '../../../../../../Users/Christopher/Documents/GitHub/The-Curators/AlexPrototype/Content/Levels/MainMenu.umap'
[2015.12.14-08.53.20:410][292]LogD3D11RHI: InitD3DDevice
[2015.12.14-08.53.21:440][342]LogD3D11RHI: InitD3DDevice
[2015.12.14-08.53.21:486][342]Cmd: OBJ SAVEPACKAGE PACKAGE="/Game/MainMenu/MainMenu" FILE="../../../../../../Users/Christopher/Documents/GitHub/The-Curators/AlexPrototype/Content/MainMenu/MainMenu.uasset" SILENT=true
[2015.12.14-08.53.21:545][342]LogSavePackage: Save=50.342415ms
[2015.12.14-08.53.21:545][342]LogSavePackage: Moving '../../../../../../Users/Christopher/Documents/GitHub/The-Curators/AlexPrototype/Saved/MainMenu42D10106450A99A6F4A52DADCF885113.tmp' to '../../../../../../Users/Christopher/Documents/GitHub/The-Curators/AlexPrototype/Content/MainMenu/MainMenu.uasset'
[2015.12.14-08.53.21:545][342]LogFileManager:Warning: DeleteFile was unable to delete '../../../../../../Users/Christopher/Documents/GitHub/The-Curators/AlexPrototype/Content/MainMenu/MainMenu.uasset', retrying in .5s...
[2015.12.14-08.53.22:046][342]LogFileManager:Error: Error deleting file '../../../../../../Users/Christopher/Documents/GitHub/The-Curators/AlexPrototype/Content/MainMenu/MainMenu.uasset'.
[2015.12.14-08.53.22:046][342]LogSavePackage:Error: Error saving '../../../../../../Users/Christopher/Documents/GitHub/The-Curators/AlexPrototype/Content/MainMenu/MainMenu.uasset'
[2015.12.14-08.53.22:072][342]LogD3D11RHI: InitD3DDevice
[2015.12.14-08.54.08:132][342]EditorErrors: New page: Save Output
[2015.12.14-08.54.08:132][342]EditorErrors:Warning: Warning Error saving '../../../../../../Users/Christopher/Documents/GitHub/The-Curators/AlexPrototype/Content/MainMenu/MainMenu.uasset'
[2015.12.14-08.54.08:136][342]LogD3D11RHI: InitD3DDevice
[2015.12.14-08.54.49:217][735]LogD3D11RHI: InitD3DDevice
[2015.12.14-08.54.49:248][735]LogD3D11RHI: InitD3DDevice
[2015.12.14-08.55.04:612][166]LogD3D11RHI: InitD3DDevice
[2015.12.14-08.55.04:643][166]Cmd: OBJ SAVEPACKAGE PACKAGE="/Game/MainMenu/MainMenu" FILE="../../../../../../Users/Christopher/Documents/GitHub/The-Curators/AlexPrototype/Content/MainMenu/MainMenu.uasset" SILENT=true
[2015.12.14-08.55.04:704][166]LogSavePackage: Save=56.270706ms
[2015.12.14-08.55.04:704][166]LogSavePackage: Moving '../../../../../../Users/Christopher/Documents/GitHub/The-Curators/AlexPrototype/Saved/MainMenu3B75AE4445D1995926BE348B84C553C1.tmp' to '../../../../../../Users/Christopher/Documents/GitHub/The-Curators/AlexPrototype/Content/MainMenu/MainMenu.uasset'
[2015.12.14-08.55.04:705][166]LogFileManager:Warning: DeleteFile was unable to delete '../../../../../../Users/Christopher/Documents/GitHub/The-Curators/AlexPrototype/Content/MainMenu/MainMenu.uasset', retrying in .5s...
[2015.12.14-08.55.05:205][166]LogFileManager:Error: Error deleting file '../../../../../../Users/Christopher/Documents/GitHub/The-Curators/AlexPrototype/Content/MainMenu/MainMenu.uasset'.
[2015.12.14-08.55.05:205][166]LogSavePackage:Error: Error saving '../../../../../../Users/Christopher/Documents/GitHub/The-Curators/AlexPrototype/Content/MainMenu/MainMenu.uasset'
[2015.12.14-08.55.05:223][166]LogD3D11RHI: InitD3DDevice
[2015.12.14-08.55.06:447][166]Cmd: OBJ SAVEPACKAGE PACKAGE="/Game/MainMenu/MainMenu" FILE="../../../../../../Users/Christopher/Documents/GitHub/The-Curators/AlexPrototype/Content/MainMenu/MainMenu.uasset" SILENT=true
[2015.12.14-08.55.06:534][166]LogSavePackage: Save=57.717468ms
[2015.12.14-08.55.06:534][166]LogSavePackage: Moving '../../../../../../Users/Christopher/Documents/GitHub/The-Curators/AlexPrototype/Saved/MainMenuA66BC7CB46FE8474B71C68AF669F0F1B.tmp' to '../../../../../../Users/Christopher/Documents/GitHub/The-Curators/AlexPrototype/Content/MainMenu/MainMenu.uasset'
[2015.12.14-08.55.06:535][166]LogFileManager:Warning: DeleteFile was unable to delete '../../../../../../Users/Christopher/Documents/GitHub/The-Curators/AlexPrototype/Content/MainMenu/MainMenu.uasset', retrying in .5s...
[2015.12.14-08.55.07:036][166]LogFileManager:Error: Error deleting file '../../../../../../Users/Christopher/Documents/GitHub/The-Curators/AlexPrototype/Content/MainMenu/MainMenu.uasset'.
[2015.12.14-08.55.07:036][166]LogSavePackage:Error: Error saving '../../../../../../Users/Christopher/Documents/GitHub/The-Curators/AlexPrototype/Content/MainMenu/MainMenu.uasset'
[2015.12.14-08.55.07:052][166]LogD3D11RHI: InitD3DDevice
[2015.12.14-08.55.08:697][166]EditorErrors: New page: Save Output
[2015.12.14-08.55.08:698][166]EditorErrors:Warning: Warning Error saving '../../../../../../Users/Christopher/Documents/GitHub/The-Curators/AlexPrototype/Content/MainMenu/MainMenu.uasset'
[2015.12.14-08.55.08:698][166]EditorErrors:Warning: Warning Error saving '../../../../../../Users/Christopher/Documents/GitHub/The-Curators/AlexPrototype/Content/MainMenu/MainMenu.uasset'
[2015.12.14-08.55.08:702][166]LogD3D11RHI: InitD3DDevice
[2015.12.14-08.55.08:708][166]LogD3D11RHI: InitD3DDevice
[2015.12.14-08.55.14:438][325]BlueprintLog: New page: Pre-PIE auto-recompile
[2015.12.14-08.55.14:451][325]LogPlayLevel: [PIE] Compiling MainMenu before PIE...
[2015.12.14-08.55.14:572][325]LogParticles: Destroying 0 GPU particle simulations for FXSystem 0x0000013EF59DEA20
[2015.12.14-08.55.14:573][325]LogParticles: Destroying 0 GPU particle simulations for FXSystem 0x0000013EF59DE5C0
[2015.12.14-08.55.14:608][325]LogPlayLevel: PIE:  Blueprint regeneration took 169 ms (1 blueprints)
[2015.12.14-08.55.14:608][325]PIE: New page: SIE session: MainMenu (Dec 13, 2015, 10:55:14 PM)
[2015.12.14-08.55.14:608][325]LogPlayLevel: Creating play world package: /Game/Levels/UEDPIE_0_MainMenu
[2015.12.14-08.55.14:613][325]LogPlayLevel: PIE: StaticDuplicateObject took: (0.005048s)
[2015.12.14-08.55.14:614][325]LogAIModule: Creating AISystem for world MainMenu
[2015.12.14-08.55.14:615][325]LogPlayLevel: PIE: World Init took: (0.001957s)
[2015.12.14-08.55.14:616][325]LogPlayLevel: PIE: Created PIE world by copying editor world from /Game/Levels/MainMenu.MainMenu to /Game/Levels/UEDPIE_0_MainMenu.MainMenu (0.007285s)
[2015.12.14-08.55.14:673][325]LogInit: XAudio2 using 'Speakers (Realtek High Definition Audio)' : 2 channels at 48 kHz using 32 bits per sample (channel mask 0x3)
[2015.12.14-08.55.14:686][325]LogInit: FAudioDevice initialized.
[2015.12.14-08.55.14:724][325]LogWorld: Game class is 'GameMode'
[2015.12.14-08.55.14:727][325]LogWorld: Bringing World /Game/Levels/UEDPIE_0_MainMenu.MainMenu up for play (max tick rate 60) at 2015.12.14-03.55.14
[2015.12.14-08.55.14:727][325]LogActor:Warning: GameSession /Game/Levels/UEDPIE_0_MainMenu.MainMenu:PersistentLevel.GameSession_1 has natively added scene component(s), but none of them were set as the actor's RootComponent - picking one arbitrarily
[2015.12.14-08.55.14:728][325]LogActor:Warning: GameNetworkManager /Game/Levels/UEDPIE_0_MainMenu.MainMenu:PersistentLevel.GameNetworkManager_1 has natively added scene component(s), but none of them were set as the actor's RootComponent - picking one arbitrarily
[2015.12.14-08.55.14:728][325]LogWorld: Bringing up level for play took: 0.002064
[2015.12.14-08.55.14:729][325]LogGameMode: Warning - PATHS NOT DEFINED or NO PLAYERSTART with positive rating
[2015.12.14-08.55.14:732][325]PIE: Info Play in editor start time for /Game/Levels/UEDPIE_0_MainMenu 0.048
[2015.12.14-08.55.14:735][325]LogAudio:Warning: Detected orphaned looping sound 'MainMenuBackgroundNoiseMFixed'.
[2015.12.14-08.55.36:302][258]LogParticles: Destroying 0 GPU particle simulations fo