[2015.11.10-18.17.17:281][  0]Log file open, 11/10/15 13:17:17
[2015.11.10-18.17.17:281][  0]LogInit:Display: Running engine for game: MyProject
[2015.11.10-18.17.17:281][  0]LogInit:Display: RandInit(763214124) SRandInit(763214126).
[2015.11.10-18.17.17:281][  0]LogTaskGraph: Started task graph with 4 named threads and 7 total threads.
[2015.11.10-18.17.17:281][  0]LogStats: Stats thread started
[2015.11.10-18.17.17:281][  0]LogInit: Version: 4.8.3-2634408+++depot+UE4-Releases+4.8
[2015.11.10-18.17.17:281][  0]LogInit: API Version: 2579680
[2015.11.10-18.17.17:281][  0]LogInit: Compiled (64-bit): Jul 27 2015 16:24:33
[2015.11.10-18.17.17:281][  0]LogInit: Compiled with Visual C++: 18.00.21005.01
[2015.11.10-18.17.17:281][  0]LogInit: Build Configuration: Development
[2015.11.10-18.17.17:281][  0]LogInit: Branch Name: ++depot+UE4-Releases+4.8
[2015.11.10-18.17.17:281][  0]LogInit: Command line: 
[2015.11.10-18.17.17:281][  0]LogInit: Base directory: C:/Program Files/Epic Games/4.8/Engine/Binaries/Win64/
[2015.11.10-18.17.17:281][  0]LogInit: Rocket: 1
[2015.11.10-18.17.17:297][  0]LogInit: Using libcurl 7.41.0
[2015.11.10-18.17.17:297][  0]LogInit:  - built for x86_64-pc-win32
[2015.11.10-18.17.17:297][  0]LogInit:  - supports SSL with WinSSL
[2015.11.10-18.17.17:297][  0]LogInit:  - other features:
[2015.11.10-18.17.17:297][  0]LogInit:      CURL_VERSION_SSL
[2015.11.10-18.17.17:297][  0]LogInit:      CURL_VERSION_IPV6
[2015.11.10-18.17.17:297][  0]LogInit:      CURL_VERSION_ASYNCHDNS
[2015.11.10-18.17.17:297][  0]LogInit:      CURL_VERSION_LARGEFILE
[2015.11.10-18.17.17:297][  0]LogInit:      CURL_VERSION_IDN
[2015.11.10-18.17.17:297][  0]LogInit:  CurlRequestOptions (configurable via config and command line):
[2015.11.10-18.17.17:297][  0]LogInit:  - bVerifyPeer = true  - Libcurl will verify peer certificate
[2015.11.10-18.17.17:297][  0]LogInit:  - bUseHttpProxy = false  - Libcurl will NOT use HTTP proxy
[2015.11.10-18.17.17:297][  0]LogInit:  - bDontReuseConnections = false  - Libcurl will reuse connections
[2015.11.10-18.17.17:297][  0]LogInit:  - CertBundlePath = nullptr  - Libcurl will use whatever was configured at build time.
[2015.11.10-18.17.17:311][  0]LogOnline:Warning: No default platform service specified for OnlineSubsystem
[2015.11.10-18.17.17:331][  0]LogInit: Presizing for 0 objects not considered by GC, pre-allocating 0 bytes.
[2015.11.10-18.17.17:341][  0]LogInit: Object subsystem initialized
[2015.11.10-18.17.17:342][  0]LogConsoleResponse:Warning: Skipping Unknown console variable: 'TranslucentSortAxis = (X=0.000000,Y=-1.000000,Z=0.000000)'
[2015.11.10-18.17.17:342][  0]LogConsoleResponse:Warning:   Found in ini file 'C:/Users/Christopher/Documents/GitHub/The-Curators/AlexPrototype/Saved/Config/Windows/Engine.ini', in section '[/Script/Engine.RendererSettings]'
[2015.11.10-18.17.17:342][  0]LogConsoleResponse:Warning: Skipping Unknown console variable: 'UIScaleRule = ShortestSide'
[2015.11.10-18.17.17:342][  0]LogConsoleResponse:Warning:   Found in ini file 'C:/Users/Christopher/Documents/GitHub/The-Curators/AlexPrototype/Saved/Config/Windows/Engine.ini', in section '[/Script/Engine.RendererSettings]'
[2015.11.10-18.17.17:342][  0]LogConsoleResponse:Warning: Skipping Unknown console variable: 'UIScaleCurve = (EditorCurveData=(Keys=),ExternalCurve=None)'
[2015.11.10-18.17.17:342][  0]LogConsoleResponse:Warning:   Found in ini file 'C:/Users/Christopher/Documents/GitHub/The-Curators/AlexPrototype/Saved/Config/Windows/Engine.ini', in section '[/Script/Engine.RendererSettings]'
[2015.11.10-18.17.17:342][  0]LogInit: Selected Device Profile: [Windows]
[2015.11.10-18.17.17:342][  0]LogInit: Applying CVar settings loaded from the selected device profile: [Windows]
[2015.11.10-18.17.17:360][  0]LogInit: Computer: CHRISTOPHER-S70
[2015.11.10-18.17.17:360][  0]LogInit: User: Christopher
[2015.11.10-18.17.17:360][  0]LogInit: CPU Page size=4096, Cores=4
[2015.11.10-18.17.17:360][  0]LogInit: High frequency timer resolution =2.435774 MHz
[2015.11.10-18.17.17:360][  0]LogMemory: Memory total: Physical=11.9GB (12GB approx)
[2015.11.10-18.17.17:360][  0]LogMemory: Platform Memory Stats for Windows
[2015.11.10-18.17.17:360][  0]LogMemory: Process Physical Memory: 50.20 MB used, 50.20 MB peak
[2015.11.10-18.17.17:360][  0]LogMemory: Process Virtual Memory: 24.64 MB used, 24.64 MB peak
[2015.11.10-18.17.17:360][  0]LogMemory: Physical Memory: 3638.48 MB used, 12200.09 MB total
[2015.11.10-18.17.17:360][  0]LogMemory: Virtual Memory: 312.93 MB used, 134217728.00 MB total
[2015.11.10-18.17.17:411][  0]LogTextLocalizationManager: The requested culture ('en_US') has no localization data; parent culture's ('en') localization data will be used.
[2015.11.10-18.17.17:650][  0]LogTextLocalizationManager:Warning: Loaded localization resources contain conflicting entries for (Namespace:ContentBrowser, Key:ImportAssetToolTip):
Localization Resource: (C:/Program Files/Epic Games/4.8/Engine/Content/Localization/Editor/en/Editor.locres) Source String Hash: (-630476809) Localized String: (Import to {0}...)
Localization Resource: (C:/Program Files/Epic Games/4.8/Engine/Content/Localization/Editor/en/Editor.locres) Source String Hash: (1271782899) Localized String: (Imports an asset from file to this folder.)
[2015.11.10-18.17.18:148][  0]LogD3D11RHI: Found D3D11 adapter 0: Intel(R) HD Graphics 4600 (Feature Level 11_0)
[2015.11.10-18.17.18:148][  0]LogD3D11RHI: Adapter has 112MB of dedicated video memory, 0MB of dedicated system memory, and 6100MB of shared system memory, 1 output[s]
[2015.11.10-18.17.18:683][  0]LogD3D11RHI: Found D3D11 adapter 1: AMD Radeon R9 M265X (Feature Level 11_0)
[2015.11.10-18.17.18:683][  0]LogD3D11RHI: Adapter has 2026MB of dedicated video memory, 0MB of dedicated system memory, and 6100MB of shared system memory, 0 output[s]
[2015.11.10-18.17.18:686][  0]LogD3D11RHI: Found D3D11 adapter 2: Microsoft Basic Render Driver (Feature Level 11_0)
[2015.11.10-18.17.18:686][  0]LogD3D11RHI: Adapter has 0MB of dedicated video memory, 0MB of dedicated system memory, and 6100MB of shared system memory, 0 output[s]
[2015.11.10-18.17.18:686][  0]LogD3D11RHI: Chosen D3D11 Adapter Id = 0
[2015.11.10-18.17.18:691][  0]LogD3D11RHI: InitD3DDevice
[2015.11.10-18.17.18:691][  0]LogD3D11RHI: !Direct3DDevice
[2015.11.10-18.17.18:691][  0]LogRHI: Texture pool is 1361 MB (70% of 1945 MB)
[2015.11.10-18.17.18:697][  0]LogD3D11RHI: Async texture creation enabled
[2015.11.10-18.17.18:701][  0]LogShaderCompilers:Display: Using Local Shader Compiler.
[2015.11.10-18.17.19:512][  0]LogTemp:Display: Loaded TP DesktopTargetPlatform
[2015.11.10-18.17.19:527][  0]LogTemp:Display: Loaded TP WindowsClientTargetPlatform
[2015.11.10-18.17.19:542][  0]LogTemp:Display: Loaded TP WindowsNoEditorTargetPlatform
[2015.11.10-18.17.19:560][  0]LogTemp:Display: Loaded TP WindowsServerTargetPlatform
[2015.11.10-18.17.19:580][  0]LogTemp:Display: Loaded TP WindowsTargetPlatform
[2015.11.10-18.17.19:593][  0]LogTemp:Display: Loaded TP AndroidTargetPlatform
[2015.11.10-18.17.19:606][  0]LogTemp:Display: Loaded TP Android_ASTCTargetPlatform
[2015.11.10-18.17.19:619][  0]LogTemp:Display: Loaded TP Android_ATCTargetPlatform
[2015.11.10-18.17.19:631][  0]LogTemp:Display: Loaded TP Android_DXTTargetPlatform
[2015.11.10-18.17.19:644][  0]LogTemp:Display: Loaded TP Android_ETC1TargetPlatform
[2015.11.10-18.17.19:662][  0]LogTemp:Display: Loaded TP Android_ETC2TargetPlatform
[2015.11.10-18.17.19:678][  0]LogTemp:Display: Loaded TP Android_PVRTCTargetPlatform
[2015.11.10-18.17.19:727][  0]LogTemp:Display: Loaded TP IOSTargetPlatform
[2015.11.10-18.17.19:741][  0]LogTemp:Display: Loaded TP LinuxNoEditorTargetPlatform
[2015.11.10-18.17.19:758][  0]LogTemp:Display: Loaded TP LinuxServerTargetPlatform
[2015.11.10-18.17.19:779][  0]LogTemp:Display: Loaded TP LinuxTargetPlatform
[2015.11.10-18.17.19:779][  0]LogTargetPlatformManager:Display: Building Assets For Windows
[2015.11.10-18.17.20:017][  0]LogDerivedDataCache:Display: Max Cache Size: 512 MB
[2015.11.10-18.17.20:097][  0]LogDerivedDataCache: Loaded boot cache 0.08s 53MB C:/Users/Christopher/AppData/Local/UnrealEngine/4.8/DerivedDataCache/Boot.ddc.
[2015.11.10-18.17.20:097][  0]LogDerivedDataCache:Display: Loaded Boot cache: C:/Users/Christopher/AppData/Local/UnrealEngine/4.8/DerivedDataCache/Boot.ddc
[2015.11.10-18.17.20:097][  0]LogDerivedDataCache: FDerivedDataBackendGraph:  Pak pak cache file ../../../../../../Users/Christopher/Documents/GitHub/The-Curators/AlexPrototype/DerivedDataCache/DDC.ddp not found, will not use a pak cache.
[2015.11.10-18.17.20:097][  0]LogDerivedDataCache: Unable to find inner node Pak for hierarchical cache Hierarchy.
[2015.11.10-18.17.20:098][  0]LogDerivedDataCache: FDerivedDataBackendGraph:  CompressedPak pak cache file ../../../../../../Users/Christopher/Documents/GitHub/The-Curators/AlexPrototype/DerivedDataCache/Compressed.ddp not found, will not use a pak cache.
[2015.11.10-18.17.20:098][  0]LogDerivedDataCache: Unable to find inner node CompressedPak for hierarchical cache Hierarchy.
[2015.11.10-18.17.20:267][  0]LogDerivedDataCache:Display: Pak cache opened for reading ../../../Engine/DerivedDataCache/Compressed.ddp.
[2015.11.10-18.17.20:280][  0]LogDerivedDataCache: Using Local data cache path C:/Users/Christopher/AppData/Local/UnrealEngine/Common/DerivedDataCache: Writable
[2015.11.10-18.17.20:524][  0]LogInit: Selected Device Profile: [Windows]
[2015.11.10-18.17.20:622][  0]ImportText (ComponentSweepMultiTests): Missing closing parenthesis: (RootShapeAsset="/Engine/BasicShapes/Cube.Cube",ShapeType="TriggerCapsule",HitResult=(Time=0.50,Location=(X=-100.000015,Y=0.0,Z=100.000015),ImpactPoint=(X=-50.0,Y=0.0,Z=50.0),Normal=(X=-1.0,Y=-0.0,Z=0.0),ImpactNormal=(X=0.0,Y=0.0,Z=1.0),TraceStart=(X=-200.0,Y=0.0,Z=200.0),TraceEnd=(X=0.0,Y=0.0,Z=0.0))
[2015.11.10-18.17.20:622][  0]ImportText (LineTraceSingleByChannelTests): Missing closing parenthesis: (RootShapeAsset="/Engine/BasicShapes/Cube.Cube",HitResult=(Time=0.50,Location=(X=-100.000015,Y=0.0,Z=100.000015),ImpactPoint=(X=-50.0,Y=0.0,Z=50.0),Normal=(X=-1.0,Y=-0.0,Z=0.0),ImpactNormal=(X=0.0,Y=0.0,Z=1.0),TraceStart=(X=-200.0,Y=0.0,Z=200.0),TraceEnd=(X=0.0,Y=0.0,Z=0.0))
[2015.11.10-18.17.20:654][  0]LogMeshUtilities: No automatic mesh reduction module available
[2015.11.10-18.17.20:654][  0]LogMeshUtilities: No automatic mesh merging module available
[2015.11.10-18.17.21:028][  0]LogInit: WinSock: version 1.1 (2.2), MaxSocks=32767, MaxUdp=65467
[2015.11.10-18.17.21:934][  0]UdpMessaging: Initializing bridge on interface 0.0.0.0:0 to multicast group 230.0.0.1:6666.
[2015.11.10-18.17.22:258][  0]SourceControl: Info Source control is disabled
[2015.11.10-18.17.22:270][  0]SourceControl: Info Source control is disabled
[2015.11.10-18.17.22:280][  0]SourceControl: Info Source control is disabled
[2015.11.10-18.17.22:289][  0]SourceControl: Info Source control is disabled
[2015.11.10-18.17.22:507][  0]LogObj: 26273 objects as part of root set at end of initial load.
[2015.11.10-18.17.22:508][  0]LogUObjectAllocator: 5409248 out of 0 bytes used by permanent object pool.
[2015.11.10-18.17.22:581][  0]LogEngine: Initializing Engine...
[2015.11.10-18.17.22:583][  0]LogHMD: Can't find Oculus library dev build: is proper Runtime installed? Version: 0.6.0.0
[2015.11.10-18.17.22:584][  0]LogHMD:Warning: SteamVR failed to initialize.  Error: 110
[2015.11.10-18.17.22:733][  0]LogAIModule: Creating AISystem for world NewWorld
[2015.11.10-18.17.22:736][  0]LogInit: XAudio2 using 'Speakers (Realtek High Definition Audio)' : 2 channels at 48 kHz using 32 bits per sample (channel mask 0x3)
[2015.11.10-18.17.22:743][  0]LogInit: FAudioDevice initialized.
[2015.11.10-18.17.22:780][  0]LogDerivedDataCache: Saved boot cache 0.04s 53MB C:/Users/Christopher/AppData/Local/UnrealEngine/4.8/DerivedDataCache/Boot.ddc.
[2015.11.10-18.17.22:787][  0]LogInit: Texture streaming: Disabled
[2015.11.10-18.17.22:809][  0]LogAnalytics: Creating configured Analytics provider AnalyticsET
[2015.11.10-18.17.22:809][  0]LogAnalytics: [UEEditor.Rocket.Release] APIServer = http://et2.epicgames.com/ET2/. AppVersion = 4.8.3-2634408+++depot+UE4-Releases+4.8
[2015.11.10-18.17.22:810][  0]LogAnalytics: [UEEditor.Rocket.Release] SetUserId ee8c485444fe82b8e773c5ac08d91953|2c1976e1aa9b48b0b119ac4e9eb64ec6|e685999b-cf46-4ff8-9f2e-f2a1072524f0
[2015.11.10-18.17.22:810][  0]LogAnalytics: [UEEditor.Rocket.Release] AnalyticsET::StartSession
[2015.11.10-18.17.22:836][  0]LogInit: Transaction tracking system initialized
[2015.11.10-18.17.22:998][  0]BlueprintLog: New page: Editor Load
[2015.11.10-18.17.23:044][  0]LogAssetRegistry: FAssetRegistry took 0.0116 seconds to start up
[2015.11.10-18.17.23:044][  0]LogDirectoryWatcher:Warning: Failed to begin reading directory changes for ../../../Engine/Plugins/Experimental/CharacterAI/Content/. Error: 0
[2015.11.10-18.17.24:036][  0]LogConsoleManager:Warning: Console variable 'r.VSync' wasn't set ('GameSetting' has a lower priority than 'SystemSettingsIni')
[2015.11.10-18.17.24:037][  0]LogConsoleResponse:Display: 
[2015.11.10-18.17.24:194][  0]LogCook:Display: Done creating registry. It took  0.00s.
[2015.11.10-18.17.24:418][  0]SourceControl: Info Source control is disabled
[2015.11.10-18.17.24:419][  0]Cmd: MAP LOAD FILE="../../../../../../Users/Christopher/Documents/GitHub/The-Curators/AlexPrototype/Content/StarterContent/Maps/Minimal_Default.umap" TEMPLATE=0 SHOWPROGRESS=1 FEATURELEVEL=3
[2015.11.10-18.17.24:604][  0]LightingResults: New page: Lighting Build
[2015.11.10-18.17.24:623][  0]MapCheck: New page: Map Check
[2015.11.10-18.17.24:623][  0]LightingResults: New page: Lighting Build
[2015.11.10-18.17.24:636][  0]LogParticles: Destroying 0 GPU particle simulations for FXSystem 0x000000AA615749A0
[2015.11.10-18.17.26:100][  0]LogLinker:Warning: Can't find file '/Game/Art/Assets/VerticalSliceAssets/characterAssets/gun/gun'
[2015.11.10-18.17.26:101][  0]LoadErrors: Info Failed to load /Game/Tech/AIGuard/GameHud.GameHud_C Referenced by gun8C1B0D41B94BE5FEA7D9F08DA0F2B523
[2015.11.10-18.17.26:101][  0]LogLinker:Warning: Can't find file for asset '/Game/Art/Assets/VerticalSliceAssets/characterAssets/gun/gun' while loading ../../../../../../Users/Christopher/Documents/GitHub/The-Curators/AlexPrototype/Content/Tech/AIGuard/GameHud.uasset.
[2015.11.10-18.17.26:101][  0]LoadErrors: Info Failed to load /Game/Tech/AIGuard/GameHud.GameHud_C Referenced by gun8C1B0D41B94BE5FEA7D9F08DA0F2B523
[2015.11.10-18.17.26:101][  0]LoadErrors:Error: Error /Game/Tech/AIGuard/GameHud : Can't find file for asset. /Game/Art/Assets/VerticalSliceAssets/characterAssets/gun/gun
[2015.11.10-18.17.26:404][  0]LogLinker:Warning: Can't find file '/Game/Art/Assets/VerticalSliceAssets/characterAssets/gun/gun'
[2015.11.10-18.17.26:404][  0]LogLinker:Warning: Can't find file for asset '/Game/Art/Assets/VerticalSliceAssets/characterAssets/gun/gun' while loading ../../../../../../Users/Christopher/Documents/GitHub/The-Curators/AlexPrototype/Content/Tech/AIGuard/GameHud.uasset.
[2015.11.10-18.17.26:404][  0]LoadErrors:Error: Error /Game/Tech/AIGuard/GameHud : Can't find file for asset. /Game/Art/Assets/VerticalSliceAssets/characterAssets/gun/gun
[2015.11.10-18.17.26:424][  0]LogLinker:Warning: Can't find file '/Game/Art/Assets/VerticalSliceAssets/characterAssets/gun/gun'
[2015.11.10-18.17.26:425][  0]LogLinker:Warning: Can't find file for asset '/Game/Art/Assets/VerticalSliceAssets/characterAssets/gun/gun' while loading ../../../../../../Users/Christopher/Documents/GitHub/The-Curators/AlexPrototype/Content/Tech/AIGuard/GameHud.uasset.
[2015.11.10-18.17.26:425][  0]LoadErrors:Error: Error /Game/Tech/AIGuard/GameHud : Can't find file for asset. /Game/Art/Assets/VerticalSliceAssets/characterAssets/gun/gun
[2015.11.10-18.17.26:692][  0]LogBlueprint:Warning: [compiler ThirdPersonCharacter] Warning Input Axis Event references unknown Axis 'LookUp' for  InputAxis LookUp 
[2015.11.10-18.17.26:717][  0]LogBlueprint:Warning: [compiler ThirdPersonCharacter] Warning [0011.15] Compile of ThirdPersonCharacter successful, but with 1 Warning(s) [in 111 ms]
[2015.11.10-18.17.26:717][  0]LogBlueprint:Warning: [compiler ThirdPersonCharacter] Warning [0011.15] Compile of ThirdPersonCharacter successful, but with 2 Warning(s) [in 0 ms]
[2015.11.10-18.17.26:717][  0]LogBlueprint:Warning: [compiler ThirdPersonCharacter] Warning [0011.15] Compile of ThirdPersonCharacter successful, but with 3 Warning(s) [in 0 ms]
[2015.11.10-18.17.26:967][  0]LogBlueprint:Warning: [compiler ThirdPersonCharacter] Warning Input Axis Event references unknown Axis 'LookUp' for  InputAxis LookUp 
[2015.11.10-18.17.26:998][  0]LogBlueprint:Warning: [compiler ThirdPersonCharacter] Warning [0011.43] Compile of ThirdPersonCharacter successful, but with 1 Warning(s) [in 121 ms]
[2015.11.10-18.17.26:999][  0]LogBlueprint:Warning: [compiler ThirdPersonCharacter] Warning [0011.43] Compile of ThirdPersonCharacter successful, but with 2 Warning(s) [in 0 ms]
[2015.11.10-18.17.27:008][  0]LogLinker:Warning: Can't find file '/Game/Art/Assets/VerticalSliceAssets/characterAssets/gun/gun'
[2015.11.10-18.17.27:008][  0]LogLinker:Warning: Can't find file for asset '/Game/Art/Assets/VerticalSliceAssets/characterAssets/gun/gun' while loading ../../../../../../Users/Christopher/Documents/GitHub/The-Curators/AlexPrototype/Content/Tech/ThirdPersonBP/Blueprints/ThirdPersonCharacter.uasset.
[2015.11.10-18.17.27:009][  0]LoadErrors:Error: Error /Game/Tech/ThirdPersonBP/Blueprints/ThirdPersonCharacter : Can't find file for asset. /Game/Art/Assets/VerticalSliceAssets/characterAssets/gun/gun
[2015.11.10-18.17.27:009][  0]LogLinker:Warning: Can't find file '/Game/Art/Assets/VerticalSliceAssets/characterAssets/gun/gun'
[2015.11.10-18.17.27:010][  0]LogLinker:Warning: Can't find file for asset '/Game/Art/Assets/VerticalSliceAssets/characterAssets/gun/gun' while loading ../../../../../../Users/Christopher/Documents/GitHub/The-Curators/AlexPrototype/Content/Tech/ThirdPersonBP/Blueprints/ThirdPersonCharacter.uasset.
[2015.11.10-18.17.27:010][  0]LoadErrors:Error: Error /Game/Tech/ThirdPersonBP/Blueprints/ThirdPersonCharacter : Can't find file for asset. /Game/Art/Assets/VerticalSliceAssets/characterAssets/gun/gun
[2015.11.10-18.17.32:108][  0]LogBlueprint:Warning: [compiler ErichCharBlueRyan] Warning Input Axis Event references unknown Axis 'LookUp' for  InputAxis LookUp 
[2015.11.10-18.17.32:109][  0]LogBlueprint:Warning: [compiler ErichCharBlueRyan] Warning InputAction Event references unknown Action 'Walk' for  InputAction Walk 
[2015.11.10-18.17.32:137][  0]LogBlueprint:Warning: [compiler ErichCharBlueRyan] Warning [0016.57] Compile of ErichCharBlueRyan successful, but with 2 Warning(s) [in 124 ms]
[2015.11.10-18.17.32:138][  0]LogBlueprint:Warning: [compiler ErichCharBlueRyan] Warning [0016.57] Compile of ErichCharBlueRyan successful, but with 3 Warning(s) [in 0 ms]
[2015.11.10-18.17.32:138][  0]LogBlueprint:Warning: [compiler ErichCharBlueRyan] Warning [0016.57] Compile of ErichCharBlueRyan successful, but with 4 Warning(s) [in 0 ms]
[2015.11.10-18.17.32:380][  0]LogBlueprint:Warning: [compiler ErichCharBlueRyan] Warning Input Axis Event references unknown Axis 'LookUp' for  InputAxis LookUp 
[2015.11.10-18.17.32:382][  0]LogBlueprint:Warning: [compiler ErichCharBlueRyan] Warning InputAction Event references unknown Action 'Walk' for  InputAction Walk 
[2015.11.10-18.17.32:415][  0]LogBlueprint:Warning: [compiler ErichCharBlueRyan] Warning [0016.85] Compile of ErichCharBlueRyan successful, but with 2 Warning(s) [in 128 ms]
[2015.11.10-18.17.32:416][  0]LogBlueprint:Warning: [compiler ErichCharBlueRyan] Warning [0016.85] Compile of ErichCharBlueRyan successful, but with 3 Warning(s) [in 0 ms]
[2015.11.10-18.17.45:517][  0]LogAIModule: Creating AISystem for world Minimal_Default
[2015.11.10-18.17.45:555][  0]LogEditorServer: Finished looking for orphan Actors (0.000 secs)
[2015.11.10-18.17.45:562][  0]Cmd: MAP CHECKDEP NOCLEARLOG
[2015.11.10-18.17.45:640][  0]MapCheck: Info Map check complete: 0 Error(s), 0 Warning(s), took 77.561ms to complete.
[2015.11.10-18.17.45:640][  0]LogFileHelpers: Loading map 'Minimal_Default' took 21.221
[2015.11.10-18.17.45:967][  0]LogCollectionManager: Loaded 0 collections in 0.003928 seconds
[2015.11.10-18.17.45:978][  0]LogContentBrowser: Native class hierarchy populated in 0.0107 seconds. Added 1792 classes and 301 folders.
[2015.11.10-18.17.46:051][  0]LogContentBrowser: Native class hierarchy updated for 'WidgetCarousel' in 0.0006 seconds. Added 0 classes and 0 folders.
[2015.11.10-18.17.46:508][  0]LogContentBrowser: Native class hierarchy updated for 'AddContentDialog' in 0.0004 seconds. Added 0 classes and 0 folders.
[2015.11.10-18.17.46:521][  0]LogContentBrowser: Native class hierarchy updated for 'SceneOutliner' in 0.0003 seconds. Added 1 classes and 2 folders.
[2015.11.10-18.17.46:745][  0]LogCrashTracker: Crashtracker disabled due to settings.
[2015.11.10-18.17.46:746][  0]LogD3D11RHI: InitD3DDevice
[2015.11.10-18.17.46:750][  0]LogUObjectGlobals:Warning: Failed to find object 'Class None.'
[2015.11.10-18.17.46:773][  0]LogLoad: Full Startup: 31.21 seconds (BP compile: 1.95 seconds)
[2015.11.10-18.17.46:933][  0]LogContentStreaming: Texture pool size is 0.000000MB
[2015.11.10-18.17.47:030][  0]LogContentStreaming: Texture pool size now 400 MB
[2015.11.10-18.17.47:033][  0]LogD3D11RHI: InitD3DDevice
[2015.11.10-18.17.47:263][  0]LogRenderer: Reallocating scene render targets to support 1008x456 (Frame:2).
[2015.11.10-18.17.48:377][ 18]LogAssetRegistry: Asset discovery search completed in 25.3439 seconds
[2015.11.10-18.17.48:857][ 32]LogD3D11RHI: InitD3DDevice
[2015.11.10-18.20.09:463][924]BlueprintLog: New page: Pre-PIE auto-recompile
[2015.11.10-18.20.09:467][924]LogPlayLevel: [PIE] Compiling Minimal_Default before PIE...
[2015.11.10-18.20.09:827][924]LogPlayLevel: PIE:  Blueprint regeneration took 364 ms (1 blueprints)
[2015.11.10-18.20.09:946][924]PIE: New page: SIE session: Minimal_Default (Nov 10, 2015, 8:20:09 AM)
[2015.11.10-18.20.09:947][924]LogPlayLevel: Creating play world package: /Game/StarterContent/Maps/UEDPIE_0_Minimal_Default
[2015.11.10-18.20.09:965][924]LogPlayLevel: PIE: StaticDuplicateObject took: (0.018086s)
[2015.11.10-18.20.09:966][924]LogAIModule: Creating AISystem for world Minimal_Default
[2015.11.10-18.20.09:967][924]LogPlayLevel: PIE: World Init took: (0.002259s)
[2015.11.10-18.20.09:967][924]LogPlayLevel: PIE: Created PIE world by copying editor world from /Game/StarterContent/Maps/Minimal_Default.Minimal_Default to /Game/StarterContent/Maps/UEDPIE_0_Minimal_Default.Minimal_Default (0.020607s)
[2015.11.10-18.20.09:999][924]LogInit: XAudio2 using 'Speakers (Realtek High Definition Audio)' : 2 channels at 48 kHz using 32 bits per sample (channel mask 0x3)
[2015.11.10-18.20.10:006][924]LogInit: FAudioDevice initialized.
[2015.11.10-18.20.10:098][924]LogWorld: Game class is 'ThirdPersonGameMode_C'
[2015.11.10-18.20.10:110][924]LogWorld: Bringing World /Game/StarterContent/Maps/UEDPIE_0_Minimal_Default.Minimal_Default up for play (max tick rate 60) at 2015.11.10-13.20.10
[2015.11.10-18.20.10:110][924]LogActor:Warning: GameSession /Game/StarterContent/Maps/UEDPIE_0_Minimal_Default.Minimal_Default:PersistentLevel.GameSession_0 has natively added scene component(s), but none of them were set as the actor's RootComponent - picking one arbitrarily
[2015.11.10-18.20.10:111][924]LogActor:Warning: GameNetworkManager /Game/StarterContent/Maps/UEDPIE_0_Minimal_Default.Minimal_Default:PersistentLevel.GameNetworkManager_0 has natively added scene component(s), but none of them were set as the actor's RootComponent - picking one arbitrarily
[2015.11.10-18.20.10:165][924]LogWorld: Bringing up level for play took: 0.061961
[2015.11.10-18.20.10:211][924]LogBlueprintUserMessages: Hello
[2015.11.10-18.20.10:275][924]PIE: Info Play in editor start time for /Game/StarterContent/Maps/UEDPIE_0_Minimal_Default 1.693
[2015.11.10-18.20.12:905][ 41]LogPackageName: SearchForPackageOnDisk took   0.080s to resolve VerticalSlice.umap
[2015.11.10-18.20.13:000][ 41]LogPackageName: SearchForPackageOnDisk took   0.077s to resolve VerticalSlice.umap
[2015.11.10-18.20.13:000][ 41]LogNet: Browse: /Game/Levels/VerticalSlice
[2015.11.10-18.20.13:009][ 41]LogLoad: LoadMap: /Game/Levels/VerticalSlice
[2015.11.10-18.20.13:054][ 41]LogParticles: Destroying 0 GPU particle simulations for FXSystem 0x000000AA7D2C6520
[2015.11.10-18.20.13:054][ 41]Cmd: MEM
[2015.11.10-18.20.13:146][ 41]LogMemory: Platform Memory Stats for Windows
[2015.11.10-18.20.13:146][ 41]LogMemory: Process Physical Memory: 899.57 MB used, 899.57 MB peak
[2015.11.10-18.20.13:146][ 41]LogMemory: Process Virtual Memory: 891.86 MB used, 891.86 MB peak
[2015.11.10-18.20.13:146][ 41]LogMemory: Physical Memory: 4237.45 MB used, 12200.09 MB total
[2015.11.10-18.20.13:146][ 41]LogMemory: Virtual Memory: 1663.07 MB used, 134217728.00 MB total
[2015.11.10-18.20.13:146][ 41]LogMemory: 
[2015.11.10-18.20.13:146][ 41]Allocator Stats for TBB: (not implemented)
[2015.11.10-18.20.13:516][ 41]LogBlueprint:Warning: Timeline Alarm Delay Track Delay Duration in /Engine/Transient.REINST_SecurityCameraTracker_C_197 has an invalid curve.  Please fix!
[2015.11.10-18.20.13:575][ 41]LogBlueprint:Warning: Timeline Alarm Delay Track Delay Duration in /Engine/Transient.REINST_SecurityCameraTracker_C_201 has an invalid curve.  Please fix!
[2015.11.10-18.20.14:905][ 41]LogLinker:Warning: Can't find file '/Game/Art/Assets/VerticalSliceAssets/egyptianAssets/keyCard/keyCard'
[2015.11.10-18.20.14:905][ 41]LogLinker:Warning: Can't find file for asset '/Game/Art/Assets/VerticalSliceAssets/egyptianAssets/keyCard/keyCard' while loading ../../../../../../Users/Christopher/Documents/GitHub/The-Curators/AlexPrototype/Content/Art/Assets/Blueprints/KeyCard.uasset.
[2015.11.10-18.20.14:905][ 41]LoadErrors:Error: Error /Game/Art/Assets/Blueprints/KeyCard : Can't find file for asset. /Game/Art/Assets/VerticalSliceAssets/egyptianAssets/keyCard/keyCard
[2015.11.10-18.20.14:905][ 41]LogLinker:Warning: Can't find file '/Game/Art/Assets/VerticalSliceAssets/egyptianAssets/keyCard/keyCard'
[2015.11.10-18.20.14:905][ 41]LogLinker:Warning: Can't find file for asset '/Game/Art/Assets/VerticalSliceAssets/egyptianAssets/keyCard/keyCard' while loading ../../../../../../Users/Christopher/Documents/GitHub/The-Curators/AlexPrototype/Content/Art/Assets/Blueprints/KeyCard.uasset.
[2015.11.10-18.20.14:910][ 41]LogLinker:Warning: Can't find file '/Game/Art/Assets/VerticalSliceAssets/egyptianAssets/keyCard/keyCard'
[2015.11.10-18.20.14:910][ 41]LogLinker:Warning: Can't find file for asset '/Game/Art/Assets/VerticalSliceAssets/egyptianAssets/keyCard/keyCard' while loading ../../../../../../Users/Christopher/Documents/GitHub/The-Curators/AlexPrototype/Content/Levels/VerticalSlice.umap.
[2015.11.10-18.20.14:910][ 41]LoadErrors:Error: Error /Game/Levels/VerticalSlice : Can't find file for asset. /Game/Art/Assets/VerticalSliceAssets/egyptianAssets/keyCard/keyCard
[2015.11.10-18.20.14:910][ 41]LogLinker:Warning: Can't find file '/Game/Art/Assets/VerticalSliceAssets/egyptianAssets/keyCard/keyCard'
[2015.11.10-18.20.14:910][ 41]LogLinker:Warning: Can't find file for asset '/Game/Art/Assets/VerticalSliceAssets/egyptianAssets/keyCard/keyCard' while loading ../../../../../../Users/Christopher/Documents/GitHub/The-Curators/AlexPrototype/Content/Levels/VerticalSlice.umap.
[2015.11.10-18.20.14:914][ 41]LogLinker:Warning: Can't find file '/Game/Art/Assets/VerticalSliceAssets/egyptianAssets/keyCard/keyCard'
[2015.11.10-18.20.14:914][ 41]LoadErrors: Info Failed to load /Game/Art/Assets/VerticalSliceAssets/egyptianAssets/keyCard/keyCard.keyCard Referenced by keyCard95696365A24F6B30A1372F9F73306FC5
[2015.11.10-18.20.14:914][ 41]LogLinker:Warning: Can't find file for asset '/Game/Art/Assets/VerticalSliceAssets/egyptianAssets/keyCard/keyCard' while loading ../../../../../../Users/Christopher/Documents/GitHub/The-Curators/AlexPrototype/Content/Levels/VerticalSlice.umap.
[2015.11.10-18.20.17:606][ 41]LogMaterial: Missing cached shader map for material m_antiGravMat, compiling. 
[2015.11.10-18.20.17:696][ 41]LogStaticMesh: Building static mesh displayCase...
[2015.11.10-18.20.17:701][ 41]LogStaticMesh: Built static mesh [0.030518.2s] /Game/Art/VerticalSliceAssets/egyptianAssets/displayCase/displayCase.displayCase
[2015.11.10-18.20.17:735][ 41]LogTexture:Display: Building textures: T_TilingNoise02_M (AutoDXT)
[2015.11.10-18.20.17:854][ 41]LogTexture:Display: Building textures: glass_Normal_DirectX (AutoDXT)
[2015.11.10-18.20.18:025][ 41]LogTexture:Display: Building textures: glass_Opacity (AutoDXT)
[2015.11.10-18.20.18:218][ 41]LogTexture:Display: Building textures: glass_Metallic (AutoDXT)
[2015.11.10-18.20.18:314][ 41]LogTexture:Display: Building textures: displayCaseBase1_Base_Color (AutoDXT)
[2015.11.10-18.20.18:408][ 41]LogTexture:Display: Building textures: displayCaseBase1_Metallic (AutoDXT)
[2015.11.10-18.20.18:604][ 41]LogTexture:Display: Building textures: displayCaseBase1_Normal_DirectX (BC5)
[2015.11.10-18.20.18:746][ 41]LogTexture:Display: Building textures: displayCaseBase1_Roughness (AutoDXT)
[2015.11.10-18.20.18:851][ 41]LogMaterial: Missing cached shader map for material displayCaseBase1, compiling. 
[2015.11.10-18.20.18:912][ 41]LogStaticMesh: Building static mesh displayCaseLong...
[2015.11.10-18.20.18:920][ 41]LogStaticMesh: Built static mesh [0.007632.2s] /Game/Art/VerticalSliceAssets/egyptianAssets/displayCaseLong/displayCaseLong.displayCaseLong
[2015.11.10-18.20.18:937][ 41]LogTexture:Display: Building textures: displayCaseBase1_Normal_DirectX (BC5)
[2015.11.10-18.20.19:099][ 41]LogTexture:Display: Building textures: displayCaseBase1_Roughness (AutoDXT)
[2015.11.10-18.20.19:222][ 41]LogTexture:Display: Building textures: displayCaseBase1_Base_Color (AutoDXT)
[2015.11.10-18.20.19:333][ 41]LogTexture:Display: Building textures: displayCaseBase1_Metallic (AutoDXT)
[2015.11.10-18.20.19:541][ 41]LogStaticMesh: Building static mesh SM_Security_Camera_Viewcone...
[2015.11.10-18.20.19:543][ 41]LogStaticMesh: Built static mesh [0.002002.2s] /Game/Art/Assets/Meshes/SM_Security_Camera_Viewcone.SM_Security_Camera_Viewcone
[2015.11.10-18.20.19:546][ 41]LogMaterial: Missing cached shader map for material M_Security_Camera_Viewcone, compiling. 
[2015.11.10-18.20.19:619][ 41]LogTexture:Display: Building textures: Hat_Material_Normal_DirectX (AutoDXT)
[2015.11.10-18.20.19:889][ 41]LogTexture:Display: Building textures: Hat_Material_Metallic (AutoDXT)
[2015.11.10-18.20.20:058][ 41]LogTexture:Display: Building textures: Hat_Material_Height (AutoDXT)
[2015.11.10-18.20.20:352][ 41]LogTexture:Display: Building textures: Hat_Material_Base_Color (AutoDXT)
[2015.11.10-18.20.20:574][ 41]LogTexture:Display: Building textures: Hat_Material_Roughness (AutoDXT)
[2015.11.10-18.20.20:793][ 41]LogMaterial: Missing cached shader map for material displayCaseBase1, compiling. 
[2015.11.10-18.20.20:806][ 41]LogStaticMesh: Building static mesh displayCaseShort...
[2015.11.10-18.20.20:813][ 41]LogStaticMesh: Built static mesh [0.007499.2s] /Game/Art/VerticalSliceAssets/egyptianAssets/displayCaseShort/displayCaseShort.displayCaseShort
[2015.11.10-18.20.20:895][ 41]LogTexture:Display: Building textures: glass_Roughness (AutoDXT)
[2015.11.10-18.20.21:108][ 41]LogTexture:Display: Building textures: glass_Normal_DirectX (BC5)
[2015.11.10-18.20.21:258][ 41]LogTexture:Display: Building textures: glass_Metallic (AutoDXT)
[2015.11.10-18.20.21:380][ 41]LogMaterial: Missing cached shader map for material glass, compiling. 
[2015.11.10-18.20.21:419][ 41]LogMaterial: Missing cached shader map for material NewMaterial, compiling. 
[2015.11.10-18.20.21:433][ 41]LogAudioDerivedData:Display: Building compressed audio format OGG wave PickUp...
[2015.11.10-18.20.21:645][ 41]LogTexture:Display: Building textures: glass_Roughness (AutoDXT)
[2015.11.10-18.20.21:878][ 41]LogTexture:Display: Building textures: glass_Normal_DirectX (BC5)
[2015.11.10-18.20.22:026][ 41]LogTexture:Display: Building textures: glass_Metallic (AutoDXT)
[2015.11.10-18.20.22:142][ 41]LogTexture:Display: Building textures: displayCaseBase1_Normal_DirectX (BC5)
[2015.11.10-18.20.22:298][ 41]LogTexture:Display: Building textures: displayCaseBase1_Roughness (AutoDXT)
[2015.11.10-18.20.22:419][ 41]LogMaterial: Missing cached shader map for material glass, compiling. 
[2015.11.10-18.20.22:435][ 41]LogTexture:Display: Building textures: glass_Roughness (AutoDXT)
[2015.11.10-18.20.22:650][ 41]LogTexture:Display: Building textures: displayCaseBase1_Base_Color (AutoDXT)
[2015.11.10-18.20.22:759][ 41]LogTexture:Display: Building textures: displayCaseBase1_Metallic (AutoDXT)
[2015.11.10-18.20.22:994][ 41]LogMaterial: Missing cached shader map for material displayCaseBase1, compiling. 
[2015.11.10-18.20.23:052][ 41]LogAudioDerivedData:Display: Building compressed audio format OGG wave Door_Unlock...
[2015.11.10-18.20.23:105][ 41]LogTexture:Display: Building textures: baseColor_Base_Color (AutoDXT)
[2015.11.10-18.20.23:320][ 41]LogMaterial: Missing cached shader map for material PillarMaterial, compiling. 
[2015.11.10-18.20.23:344][ 41]LogTexture:Display: Building textures: eyeGlow_Base_Color (AutoDXT)
[2015.11.10-18.20.23:535][ 41]LogTexture:Display: Building textures: baseColor_Roughness (AutoDXT)
[2015.11.10-18.20.23:735][ 41]LogTexture:Display: Building textures: baseColor_Normal_DirectX (BC5)
[2015.11.10-18.20.23:894][ 41]LogTexture:Display: Building textures: baseColor_Metallic (AutoDXT)
[2015.11.10-18.20.24:102][ 41]LogStaticMesh: Building static mesh HoverBotV1...
[2015.11.10-18.20.24:604][ 41]LogStaticMesh: Built static mesh [0.501946.2s] /Game/Art/VerticalSliceAssets/characterAssets/HoverBotV1/HoverBotV1.HoverBotV1
[2015.11.10-18.20.24:613][ 41]LogTexture:Display: Building textures: eyeGlow_Roughness (AutoDXT)
[2015.11.10-18.20.24:748][ 41]LogTexture:Display: Building textures: eyeGlow_Normal_DirectX (AutoDXT)
[2015.11.10-18.20.24:971][ 41]LogTexture:Display: Building textures: eyeGlow_Metallic (AutoDXT)
[2015.11.10-18.20.25:100][ 41]LogTexture:Display: Building textures: eyeGlow_Emissive (AutoDXT)
[2015.11.10-18.20.25:309][ 41]LogTexture:Display: Building textures: eyeGlow_Height (AutoDXT)
[2015.11.10-18.20.25:512][ 41]LogMaterial: Missing cached shader map for material eyeGlow, compiling. 
[2015.11.10-18.20.25:535][ 41]LogTexture:Display: Building textures: baseColor_Height (AutoDXT)
[2015.11.10-18.20.25:732][ 41]LogMaterial: Missing cached shader map for material baseColor, compiling. 
[2015.11.10-18.20.25:770][ 41]LogTexture:Display: Building textures: innerBevel_Base_Color (AutoDXT)
[2015.11.10-18.20.26:026][ 41]LogTexture:Display: Building textures: innerBevel_Height (AutoDXT)
[2015.11.10-18.20.26:217][ 41]LogTexture:Display: Building textures: innerBevel_Metallic (AutoDXT)
[2015.11.10-18.20.26:549][ 41]LogTexture:Display: Building textures: innerBevel_Normal_DirectX (AutoDXT)
[2015.11.10-18.20.26:756][ 41]LogTexture:Display: Building textures: innerBevel_Roughness (AutoDXT)
[2015.11.10-18.20.26:875][ 41]LogMaterial: Missing cached shader map for material innerBevel, compiling. 
[2015.11.10-18.20.27:645][ 41]LogTexture:Display: Building textures: HQ_Lightmap0_1 (AutoDXT)
[2015.11.10-18.20.28:840][ 41]LogTexture:Display: Building textures: HQ_Lightmap0_10 (AutoDXT)
[2015.11.10-18.20.28:860][ 41]LogTexture:Display: Building textures: HQ_Lightmap0_11 (AutoDXT)
[2015.11.10-18.20.28:901][ 41]LogTexture:Display: Building textures: HQ_Lightmap0_12 (AutoDXT)
[2015.11.10-18.20.28:926][ 41]LogTexture:Display: Building textures: HQ_Lightmap0_13 (AutoDXT)
[2015.11.10-18.20.28:945][ 41]LogTexture:Display: Building textures: HQ_Lightmap0_14 (AutoDXT)
[2015.11.10-18.20.28:990][ 41]LogTexture:Display: Building textures: HQ_Lightmap0_15 (AutoDXT)
[2015.11.10-18.20.29:036][ 41]LogTexture:Display: Building textures: HQ_Lightmap0_16 (AutoDXT)
[2015.11.10-18.20.29:086][ 41]LogTexture:Display: Building textures: HQ_Lightmap0_17 (AutoDXT)
[2015.11.10-18.20.29:123][ 41]LogTexture:Display: Building textures: HQ_Lightmap0_18 (AutoDXT)
[2015.11.10-18.20.29:719][ 41]LogTexture:Display: Building textures: HQ_Lightmap0_2 (AutoDXT)
[2015.11.10-18.20.30:199][ 41]LogTexture:Display: Building textures: HQ_Lightmap0_3 (AutoDXT)
[2015.11.10-18.20.30:325][ 41]LogTexture:Display: Building textures: HQ_Lightmap0_4 (AutoDXT)
[2015.11.10-18.20.30:340][ 41]LogTexture:Display: Building textures: HQ_Lightmap0_40 (AutoDXT)
[2015.11.10-18.20.30:383][ 41]LogTexture:Display: Building textures: HQ_Lightmap0_5 (AutoDXT)
[2015.11.10-18.20.30:439][ 41]LogTexture:Display: Building textures: HQ_Lightmap0_8 (AutoDXT)
[2015.11.10-18.20.30:460][ 41]LogTexture:Display: Building textures: HQ_Lightmap0_9 (AutoDXT)
[2015.11.10-18.20.30:519][ 41]LogTexture:Display: Building textures: HQ_Lightmap1_19 (AutoDXT)
[2015.11.10-18.20.30:552][ 41]LogTexture:Display: Building textures: HQ_Lightmap1_20 (AutoDXT)
[2015.11.10-18.20.30:577][ 41]LogTexture:Display: Building textures: HQ_Lightmap1_21 (AutoDXT)
[2015.11.10-18.20.30:592][ 41]LogTexture:Display: Building textures: HQ_Lightmap1_22 (AutoDXT)
[2015.11.10-18.20.30:629][ 41]LogTexture:Display: Building textures: HQ_Lightmap1_23 (AutoDXT)
[2015.11.10-18.20.30:652][ 41]LogTexture:Display: Building textures: HQ_Lightmap1_24 (AutoDXT)
[2015.11.10-18.20.30:657][ 41]LogTexture:Display: Building textures: HQ_Lightmap1_25 (AutoDXT)
[2015.11.10-18.20.30:666][ 41]LogTexture:Display: Building textures: HQ_Lightmap1_26 (AutoDXT)
[2015.11.10-18.20.30:685][ 41]LogTexture:Display: Building textures: HQ_Lightmap1_27 (AutoDXT)
[2015.11.10-18.20.30:728][ 41]LogTexture:Display: Building textures: HQ_Lightmap1_28 (AutoDXT)
[2015.11.10-18.20.30:744][ 41]LogTexture:Display: Building textures: HQ_Lightmap1_29 (AutoDXT)
[2015.11.10-18.20.30:770][ 41]LogTexture:Display: Building textures: HQ_Lightmap1_30 (AutoDXT)
[2015.11.10-18.20.30:795][ 41]LogTexture:Display: Building textures: HQ_Lightmap1_31 (AutoDXT)
[2015.11.10-18.20.30:800][ 41]LogTexture:Display: Building textures: HQ_Lightmap1_32 (AutoDXT)
[2015.11.10-18.20.30:849][ 41]LogTexture:Display: Building textures: HQ_Lightmap1_33 (AutoDXT)
[2015.11.10-18.20.30:877][ 41]LogTexture:Display: Building textures: HQ_Lightmap1_34 (AutoDXT)
[2015.11.10-18.20.30:897][ 41]LogTexture:Display: Building textures: HQ_Lightmap1_35 (AutoDXT)
[2015.11.10-18.20.30:930][ 41]LogTexture:Display: Building textures: HQ_Lightmap1_36 (AutoDXT)
[2015.11.10-18.20.30:938][ 41]LogTexture:Display: Building textures: HQ_Lightmap1_37 (AutoDXT)
[2015.11.10-18.20.30:961][ 41]LogTexture:Display: Building textures: HQ_Lightmap1_38 (AutoDXT)
[2015.11.10-18.20.30:973][ 41]LogTexture:Display: Building textures: HQ_Lightmap1_39 (AutoDXT)
[2015.11.10-18.20.30:979][ 41]LogTexture:Display: Building textures: HQ_Lightmap1_6 (AutoDXT)
[2015.11.10-18.20.30:998][ 41]LogTexture:Display: Building textures: HQ_Lightmap1_7 (AutoDXT)
[2015.11.10-18.20.31:342][ 41]LogTexture:Display: Building textures: LQ_Lightmap_0_1 (DXT1)
[2015.11.10-18.20.32:125][ 41]LogTexture:Display: Building textures: LQ_Lightmap_0_10 (DXT1)
[2015.11.10-18.20.32:136][ 41]LogTexture:Display: Building textures: LQ_Lightmap_0_11 (DXT1)
[2015.11.10-18.20.32:157][ 41]LogTexture:Display: Building textures: LQ_Lightmap_0_12 (DXT1)
[2015.11.10-18.20.32:169][ 41]LogTexture:Display: Building textures: LQ_Lightmap_0_13 (DXT1)
[2015.11.10-18.20.32:183][ 41]LogTexture:Display: Building textures: LQ_Lightmap_0_14 (DXT1)
[2015.11.10-18.20.32:194][ 41]LogTexture:Display: Building textures: LQ_Lightmap_0_15 (DXT1)
[2015.11.10-18.20.32:221][ 41]LogTexture:Display: Building textures: LQ_Lightmap_0_16 (DXT1)
[2015.11.10-18.20.32:234][ 41]LogTexture:Display: Building textures: LQ_Lightmap_0_17 (DXT1)
[2015.11.10-18.20.32:253][ 41]LogTexture:Display: Building textures: LQ_Lightmap_0_18 (DXT1)
[2015.11.10-18.20.32:403][ 41]LogTexture:Display: Building textures: LQ_Lightmap_0_2 (DXT1)
[2015.11.10-18.20.32:617][ 41]LogTexture:Display: Building textures: LQ_Lightmap_0_3 (DXT1)
[2015.11.10-18.20.32:692][ 41]LogTexture:Display: Building textures: LQ_Lightmap_0_4 (DXT1)
[2015.11.10-18.20.32:700][ 41]LogTexture:Display: Building textures: LQ_Lightmap_0_40 (DXT1)
[2015.11.10-18.20.32:710][ 41]LogTexture:Display: Building textures: LQ_Lightmap_0_5 (DXT1)
[2015.11.10-18.20.32:751][ 41]LogTexture:Display: Building textures: LQ_Lightmap_0_8 (DXT1)
[2015.11.10-18.20.32:764][ 41]LogTexture:Display: Building textures: LQ_Lightmap_0_9 (DXT1)
[2015.11.10-18.20.32:800][ 41]LogTexture:Display: Building textures: LQ_Lightmap_1_19 (DXT1)
[2015.11.10-18.20.32:823][ 41]LogTexture:Display: Building textures: LQ_Lightmap_1_20 (DXT1)
[2015.11.10-18.20.32:838][ 41]LogTexture:Display: Building textures: LQ_Lightmap_1_21 (DXT1)
[2015.11.10-18.20.32:846][ 41]LogTexture:Display: Building textures: LQ_Lightmap_1_22 (DXT1)
[2015.11.10-18.20.32:856][ 41]LogTexture:Display: Building textures: LQ_Lightmap_1_23 (DXT1)
[2015.11.10-18.20.32:872][ 41]LogTexture:Display: Building textures: LQ_Lightmap_1_24 (DXT1)
[2015.11.10-18.20.32:874][ 41]LogTexture:Display: Building textures: LQ_Lightmap_1_25 (DXT1)
[2015.11.10-18.20.32:877][ 41]LogTexture:Display: Building textures: LQ_Lightmap_1_26 (DXT1)
[2015.11.10-18.20.32:890][ 41]LogTexture:Display: Building textures: LQ_Lightmap_1_27 (DXT1)
[2015.11.10-18.20.32:911][ 41]LogTexture:Display: Building textures: LQ_Lightmap_1_28 (DXT1)
[2015.11.10-18.20.32:920][ 41]LogTexture:Display: Building textures: LQ_Lightmap_1_29 (DXT1)
[2015.11.10-18.20.32:933][ 41]LogTexture:Display: Building textures: LQ_Lightmap_1_30 (DXT1)
[2015.11.10-18.20.32:942][ 41]LogTexture:Display: Building textures: LQ_Lightmap_1_31 (DXT1)
[2015.11.10-18.20.32:946][ 41]LogTexture:Display: Building textures: LQ_Lightmap_1_32 (DXT1)
[2015.11.10-18.20.32:978][ 41]LogTexture:Display: Building textures: LQ_Lightmap_1_33 (DXT1)
[2015.11.10-18.20.32:996][ 41]LogTexture:Display: Building textures: LQ_Lightmap_1_34 (DXT1)
[2015.11.10-18.20.33:004][ 41]LogTexture:Display: Building textures: LQ_Lightmap_1_35 (DXT1)
[2015.11.10-18.20.33:016][ 41]LogTexture:Display: Building textures: LQ_Lightmap_1_36 (DXT1)
[2015.11.10-18.20.33:021][ 41]LogTexture:Display: Building textures: LQ_Lightmap_1_37 (DXT1)
[2015.11.10-18.20.33:032][ 41]LogTexture:Display: Building textures: LQ_Lightmap_1_38 (DXT1)
[2015.11.10-18.20.33:039][ 41]LogTexture:Display: Building textures: LQ_Lightmap_1_39 (DXT1)
[2015.11.10-18.20.33:042][ 41]LogTexture:Display: Building textures: LQ_Lightmap_1_6 (DXT1)
[2015.11.10-18.20.33:051][ 41]LogTexture:Display: Building textures: LQ_Lightmap_1_7 (DXT1)
[2015.11.10-18.20.33:505][ 41]LogMaterial: Missing cached shader map for material m_baseMat, compiling. 
[2015.11.10-18.20.33:563][ 41]LogTexture:Display: Building textures: ShadowMapTexture2D_0 (BGRA8)
[2015.11.10-18.20.33:732][ 41]LogTexture:Display: Building textures: ShadowMapTexture2D_1 (BGRA8)
[2015.11.10-18.20.33:903][ 41]LogTexture:Display: Building textures: ShadowMapTexture2D_2 (BGRA8)
[2015.11.10-18.20.34:032][ 41]LogTexture:Display: Building textures: ShadowMapTexture2D_22 (BGRA8)
[2015.11.10-18.20.34:035][ 41]LogTexture:Display: Building textures: ShadowMapTexture2D_23 (BGRA8)
[2015.11.10-18.20.34:038][ 41]LogTexture:Display: Building textures: ShadowMapTexture2D_24 (BGRA8)
[2015.11.10-18.20.34:042][ 41]LogTexture:Display: Building textures: ShadowMapTexture2D_25 (BGRA8)
[2015.11.10-18.20.34:045][ 41]LogTexture:Display: Building textures: ShadowMapTexture2D_26 (BGRA8)
[2015.11.10-18.20.34:047][ 41]LogTexture:Display: Building textures: ShadowMapTexture2D_27 (BGRA8)
[2015.11.10-18.20.34:049][ 41]LogTexture:Display: Building textures: ShadowMapTexture2D_28 (BGRA8)
[2015.11.10-18.20.34:051][ 41]LogTexture:Display: Building textures: ShadowMapTexture2D_29 (BGRA8)
[2015.11.10-18.20.34:053][ 41]LogTexture:Display: Building textures: ShadowMapTexture2D_30 (BGRA8)
[2015.11.10-18.20.34:054][ 41]LogTexture:Display: Building textures: ShadowMapTexture2D_31 (BGRA8)
[2015.11.10-18.20.34:057][ 41]LogTexture:Display: Building textures: ShadowMapTexture2D_32 (BGRA8)
[2015.11.10-18.20.34:060][ 41]LogTexture:Display: Building textures: ShadowMapTexture2D_33 (BGRA8)
[2015.11.10-18.20.34:062][ 41]LogTexture:Display: Building textures: ShadowMapTexture2D_34 (BGRA8)
[2015.11.10-18.20.34:065][ 41]LogTexture:Display: Building textures: ShadowMapTexture2D_35 (BGRA8)
[2015.11.10-18.20.34:067][ 41]LogTexture:Display: Building textures: ShadowMapTexture2D_36 (BGRA8)
[2015.11.10-18.20.34:068][ 41]LogTexture:Display: Building textures: ShadowMapTexture2D_37 (BGRA8)
[2015.11.10-18.20.34:069][ 41]LogTexture:Display: Building textures: ShadowMapTexture2D_38 (BGRA8)
[2015.11.10-18.20.34:070][ 41]LogTexture:Display: Building textures: ShadowMapTexture2D_39 (BGRA8)
[2015.11.10-18.20.34:071][ 41]LogTexture:Display: Building textures: ShadowMapTexture2D_40 (BGRA8)
[2015.11.10-18.20.34:077][ 41]LogStaticMesh: Building static mesh Pillar...
[2015.11.10-18.20.34:136][ 41]LogStaticMesh: Built static mesh [0.058535.2s] /Game/Art/CurretArtModels/Pillar.Pillar
[2015.11.10-18.20.34:170][ 41]LogTexture:Display: Building textures: Glasses_RightGadget_Material_Height (AutoDXT)
[2015.11.10-18.20.34:381][ 41]LogTexture:Display: Building textures: Glasses_RightGadget_Material_Base_Color (AutoDXT)
[2015.11.10-18.20.34:612][ 41]LogTexture:Display: Building textures: Glasses_RightGadget_Material_Metallic (AutoDXT)
[2015.11.10-18.20.34:855][ 41]LogTexture:Display: Building textures: Glasses_RightGadget_Material_Normal_DirectX (AutoDXT)
[2015.11.10-18.20.35:052][ 41]LogTexture:Display: Building textures: Glasses_RightGadget_Material_Roughness (AutoDXT)
[2015.11.10-18.20.35:262][ 41]LogMaterial: Missing cached shader map for material Glasses_RightGadget_Material, compiling. 
[2015.11.10-18.20.35:300][ 41]LogMaterial: Missing cached shader map for material glass, compiling. 
[2015.11.10-18.20.35:317][ 41]LogTexture:Display: Building textures: metalRandom_Metallic (AutoDXT)
[2015.11.10-18.20.35:549][ 41]LogTexture:Display: Building textures: metalRandom_Height (AutoDXT)
[2015.11.10-18.20.35:770][ 41]LogTexture:Display: Building textures: metalRandom_Base_Color (AutoDXT)
[2015.11.10-18.20.35:997][ 41]LogTexture:Display: Building textures: metalRandom_Normal_DirectX (AutoDXT)
[2015.11.10-18.20.36:205][ 41]LogTexture:Display: Building textures: metalRandom_Roughness (AutoDXT)
[2015.11.10-18.20.36:405][ 41]LogMaterial: Missing cached shader map for material metalRandom, compiling. 
[2015.11.10-18.20.36:430][ 41]LogTexture:Display: Building textures: torsoBase_Base_Color (AutoDXT)
[2015.11.10-18.20.36:634][ 41]LogTexture:Display: Building textures: torsoBase_Emissive (AutoDXT)
[2015.11.10-18.20.36:856][ 41]LogTexture:Display: Building textures: torsoBase_Height (AutoDXT)
[2015.11.10-18.20.37:060][ 41]LogTexture:Display: Building textures: torsoBase_Metallic (AutoDXT)
[2015.11.10-18.20.37:292][ 41]LogTexture:Display: Building textures: torsoBase_Normal_DirectX (AutoDXT)
[2015.11.10-18.20.37:501][ 41]LogTexture:Display: Building textures: torsoBase_Roughness (AutoDXT)
[2015.11.10-18.20.37:701][ 41]LogMaterial: Missing cached shader map for material torsoBase, compiling. 
[2015.11.10-18.20.37:721][ 41]LogMaterial: Missing cached shader map for material Hat_Material, compiling. 
[2015.11.10-18.20.37:754][ 41]LogMaterial: Missing cached shader map for material InnerTubeMaterial, compiling. 
[2015.11.10-18.20.46:152][ 41]LogAIModule: Creating AISystem for world VerticalSlice
[2015.11.10-18.20.46:156][ 41]LogWorld: Game class is 'ThirdPersonGameMode_C'
[2015.11.10-18.20.46:496][ 41]LogWorld:Warning: *** WARNING - PATHS MAY NOT BE VALID ***
[2015.11.10-18.20.46:496][ 41]LogWorld: Bringing World /Game/Levels/UEDPIE_0_VerticalSlice.VerticalSlice up for play (max tick rate 60) at 2015.11.10-13.20.46
[2015.11.10-18.20.46:496][ 41]LogActor:Warning: GameSession /Game/Levels/UEDPIE_0_VerticalSlice.VerticalSlice:PersistentLevel.GameSession_1 has natively added scene component(s), but none of them were set as the actor's RootComponent - picking one arbitrarily
[2015.11.10-18.20.46:497][ 41]LogActor:Warning: GameNetworkManager /Game/Levels/UEDPIE_0_VerticalSlice.VerticalSlice:PersistentLevel.GameNetworkManager_1 has natively added scene component(s), but none of them were set as the actor's RootComponent - picking one arbitrarily
[2015.11.10-18.20.46:563][ 41]LogScript:Warning: Accessed None 'K2Node_ComponentBoundEvent_OtherActor'
	AIGuardChar_C /Game/Levels/UEDPIE_0_VerticalSlice.VerticalSlice:PersistentLevel.AIGuardChar_C_3
	Function /Game/Tech/AIGuard/AIGuardChar.AIGuardChar_C:ExecuteUbergraph_AIGuardChar:039D
[2015.11.10-18.20.46:563][ 41]PIE:Error: Error Accessed None 'K2Node_ComponentBoundEvent_OtherActor' from node Branch in graph 'EventGraph' in blueprint AIGuardChar
[2015.11.10-18.20.46:563][ 41]LogScript:Warning: Accessed None 'K2Node_ComponentBoundEvent_OtherActor'
	AIGuardChar_C /Game/Levels/UEDPIE_0_VerticalSlice.VerticalSlice:PersistentLevel.AIGuardChar_C_3
	Function /Game/Tech/AIGuard/AIGuardChar.AIGuardChar_C:ExecuteUbergraph_AIGuardChar:032B
[2015.11.10-18.20.46:563][ 41]PIE:Error: Error Accessed None 'K2Node_ComponentBoundEvent_OtherActor' from node Branch in graph 'EventGraph' in blueprint AIGuardChar
[2015.11.10-18.20.46:563][ 41]LogScript:Warning: Accessed None 'K2Node_ComponentBoundEvent_OtherActor'
	AIGuardChar_C /Game/Levels/UEDPIE_0_VerticalSlice.VerticalSlice:PersistentLevel.AIGuardChar_C_3
	Function /Game/Tech/AIGuard/AIGuardChar.AIGuardChar_C:ExecuteUbergraph_AIGuardChar:039D
[2015.11.10-18.20.46:564][ 41]PIE:Error: Error Accessed None 'K2Node_ComponentBoundEvent_OtherActor' from node Branch in graph 'EventGraph' in blueprint AIGuardChar
[2015.11.10-18.20.46:564][ 41]LogScript:Warning: Accessed None 'K2Node_ComponentBoundEvent_OtherActor'
	AIGuardChar_C /Game/Levels/UEDPIE_0_VerticalSlice.VerticalSlice:PersistentLevel.AIGuardChar_C_3
	Function /Game/Tech/AIGuard/AIGuardChar.AIGuardChar_C:ExecuteUbergraph_AIGuardChar:032B
[2015.11.10-18.20.46:564][ 41]PIE:Error: Error Accessed None 'K2Node_ComponentBoundEvent_OtherActor' from node Branch in graph 'EventGraph' in blueprint AIGuardChar
[2015.11.10-18.20.46:592][ 41]LogWorld: Bringing up level for play took: 0.325125
[2015.11.10-18.20.46:819][ 41]LogBlueprintUserMessages: Hello
[2015.11.10-18.20.46:819][ 41]LogBlueprintUserMessages: Hello
[2015.11.10-18.20.46:819][ 41]LogBlueprintUserMessages: Hello
[2015.11.10-18.20.46:819][ 41]LogBlueprintUserMessages: Hello
[2015.11.10-18.20.46:819][ 41]LogBlueprintUserMessages: Hello
[2015.11.10-18.20.46:819][ 41]LogBlueprintUserMessages: Hello
[2015.11.10-18.20.48:049][ 42]LogBlueprintUserMessages: I can see you
[2015.11.10-18.20.48:517][ 50]LogBlueprintUserMessages: I can see you
[2015.11.10-18.20.49:010][ 65]LogD3D11RHI: InitD3DDevice
[2015.11.10-18.20.49:045][ 66]LogBlueprintUserMessages: I can see you
[2015.11.10-18.20.49:582][ 80]LogBlueprintUserMessages: I can see you
[2015.11.10-18.20.50:056][100]LogBlueprintUserMessages: I can see you
[2015.11.10-18.20.50:570][123]LogBlueprintUserMessages: I can see you
[2015.11.10-18.20.51:072][146]LogBlueprintUserMessages: I can see you
[2015.11.10-18.20.51:604][170]LogBlueprintUserMessages: I can see you
[2015.11.10-18.20.52:109][190]LogBlueprintUserMessages: I can see you
[2015.11.10-18.20.52:626][212]LogBlueprintUserMessages: I can see you
[2015.11.10-18.20.53:132][234]LogBlueprintUserMessages: I can see you
[2015.11.10-18.20.53:637][256]LogBlueprintUserMessages: I can see you
[2015.11.10-18.20.54:153][279]LogBlueprintUserMessages: I can see you
[2015.11.10-18.20.54:660][301]LogBlueprintUserMessages: I can see you
[2015.11.10-18.20.55:160][322]LogBlueprintUserMessages: I can see you
[2015.11.10-18.20.55:664][343]LogBlueprintUserMessages: I can see you
[2015.11.10-18.20.56:173][365]LogBlueprintUserMessages: I can see you
[2015.11.10-18.20.56:701][388]LogBlueprintUserMessages: I can see you
[2015.11.10-18.20.57:221][409]LogBlueprintUserMessages: I can see you
[2015.11.10-18.20.57:723][430]LogBlueprintUserMessages: I can see you
[2015.11.10-18.20.58:235][454]LogBlueprintUserMessages: I can see you
[2015.11.10-18.20.58:742][478]LogBlueprintUserMessages: I can see you
[2015.11.10-18.20.59:259][502]LogBlueprintUserMessages: I can see you
[2015.11.10-18.20.59:795][521]LogBlueprintUserMessages: I can see you
[2015.11.10-18.21.00:312][540]LogBlueprintUserMessages: I can see you
[2015.11.10-18.21.00:844][559]LogBlueprintUserMessages: I can see you
[2015.11.10-18.21.01:340][580]LogBlueprintUserMessages: I can see you
[2015.11.10-18.21.01:847][604]LogBlueprintUserMessages: I can see you
[2015.11.10-18.21.02:370][628]LogBlueprintUserMessages: I can see you
[2015.11.10-18.21.02:881][652]LogBlueprintUserMessages: I can see you
[2015.11.10-18.21.03:406][677]LogBlueprintUserMessages: I can see you
[2015.11.10-18.21.03:917][701]LogBlueprintUserMessages: I can see you
[2015.11.10-18.21.04:426][720]LogBlueprintUserMessages: I can see you
[2015.11.10-18.21.04:980][740]LogBlueprintUserMessages: I can see you
[2015.11.10-18.21.05:483][757]LogBlueprintUserMessages: I can see you
[2015.11.10-18.21.06:005][776]LogBlueprintUserMessages: I can see you
[2015.11.10-18.21.06:520][797]LogBlueprintUserMessages: I can see you
[2015.11.10-18.21.07:040][819]LogBlueprintUserMessages: I can see you
[2015.11.10-18.21.07:558][841]LogBlueprintUserMessages: I can see you
[2015.11.10-18.21.08:060][864]LogBlueprintUserMessages: I can see you
[2015.11.10-18.21.08:582][887]LogBlueprintUserMessages: I can see you
[2015.11.10-18.21.09:098][908]LogBlueprintUserMessages: I can see you
[2015.11.10-18.21.09:610][927]LogBlueprintUserMessages: I can see you
[2015.11.10-18.21.10:120][947]LogBlueprintUserMessages: I can see you
[2015.11.10-18.21.10:627][967]LogBlueprintUserMessages: I can see you
[2015.11.10-18.21.11:141][988]LogBlueprintUserMessages: I can see you
[2015.11.10-18.21.11:643][ 10]LogBlueprintUserMessages: I can see you
[2015.11.10-18.21.12:165][ 31]LogBlueprintUserMessages: I can see you
[2015.11.10-18.21.12:673][ 53]LogBlueprintUserMessages: I can see you
[2015.11.10-18.21.13:198][ 76]LogBlueprintUserMessages: I can see you
[2015.11.10-18.21.13:734][ 94]LogBlueprintUserMessages: I can see you
[2015.11.10-18.21.14:240][116]LogBlueprintUserMessages: I can see you
[2015.11.10-18.21.14:743][139]LogBlueprintUserMessages: I can see you
[2015.11.10-18.21.15:257][163]LogBlueprintUserMessages: I can see you
[2015.11.10-18.21.15:777][189]LogBlueprintUserMessages: I can see you
[2015.11.10-18.21.16:296][213]LogBlueprintUserMessages: I can see you
[2015.11.10-18.21.16:809][238]LogBlueprintUserMessages: I can see you
[2015.11.10-18.21.17:311][264]LogBlueprintUserMessages: I can see you
[2015.11.10-18.21.17:812][293]LogBlueprintUserMessages: I can see you
[2015.11.10-18.21.18:334][320]LogBlueprintUserMessages: I can see you
[2015.11.10-18.21.18:843][344]LogBlueprintUserMessages: I can see you
[2015.11.10-18.21.19:379][369]LogBlueprintUserMessages: I can see you
[2015.11.10-18.21.19:855][395]LogBlueprintUserMessages: I can see you
[2015.11.10-18.21.20:367][418]LogBlueprintUserMessages: I can see you
[2015.11.10-18.21.20:867][438]LogBlueprintUserMessages: I can see you
[2015.11.10-18.21.21:369][457]LogBlueprintUserMessages: I can see you
[2015.11.10-18.21.21:874][474]LogBlueprintUserMessages: I can see you
[2015.11.10-18.21.22:408][495]LogBlueprintUserMessages: I can see you
[2015.11.10-18.21.22:917][518]LogBlueprintUserMessages: I can see you
[2015.11.10-18.21.23:438][539]LogBlueprintUserMessages: I can see you
[2015.11.10-18.21.23:937][559]LogBlueprintUserMessages: I can see you
[2015.11.10-18.21.24:442][582]LogBlueprintUserMessages: I can see you
[2015.11.10-18.21.24:980][606]LogBlueprintUserMessages: I can see you
[2015.11.10-18.21.25:419][624]LogEditorViewport: Clicking Background
[2015.11.10-18.21.25:495][626]LogBlueprintUserMessages: I can see you
[2015.11.10-18.21.25:992][650]LogBlueprintUserMessages: I can see you
[2015.11.10-18.21.26:500][678]LogBlueprintUserMessages: I can see you
[2015.11.10-18.21.27:005][703]LogBlueprintUserMessages: I can see you
[2015.11.10-18.21.27:525][722]LogBlueprintUserMessages: I can see you
[2015.11.10-18.21.28:046][740]LogBlueprintUserMessages: I can see you
[2015.11.10-18.21.28:554][761]LogBlueprintUserMessages: I can see you
[2015.11.10-18.21.29:058][787]LogBlueprintUserMessages: I can see you
[2015.11.10-18.21.29:569][815]LogBlueprintUserMessages: I can see you
[2015.11.10-18.21.30:085][843]LogBlueprintUserMessages: I can see you
[2015.11.10-18.21.30:597][871]LogBlueprintUserMessages: I can see you
[2015.11.10-18.21.31:101][898]LogBlueprintUserMessages: I can see you
[2015.11.10-18.21.31:607][926]LogBlueprintUserMessages: I can see you
[2015.11.10-18.21.32:132][954]LogBlueprintUserMessages: I can see you
[2015.11.10-18.21.32:629][976]LogBlueprintUserMessages: I can see you
[2015.11.10-18.21.33:139][  4]LogBlueprintUserMessages: I can see you
[2015.11.10-18.21.33:646][ 32]LogBlueprintUserMessages: I can see you
[2015.11.10-18.21.34:161][ 55]LogBlueprintUserMessages: I can see you
[2015.11.10-18.21.34:662][ 83]LogBlueprintUserMessages: I can see you
[2015.11.10-18.21.35:171][106]LogBlueprintUserMessages: I can see you
[2015.11.10-18.21.35:672][123]LogBlueprintUserMessages: I can see you
[2015.11.10-18.21.36:205][143]LogBlueprintUserMessages: I can see you
[2015.11.10-18.21.36:718][164]LogBlueprintUserMessages: I can see you
[2015.11.10-18.21.37:236][182]LogBlueprintUserMessages: I can see you
[2015.11.10-18.21.37:782][206]LogBlueprintUserMessages: I can see you
[2015.11.10-18.21.38:291][227]LogBlueprintUserMessages: I can see you
[2015.11.10-18.21.38:793][248]LogBlueprintUserMessages: I can see you
[2015.11.10-18.21.39:305][273]LogBlueprintUserMessages: I can see you
[2015.11.10-18.21.39:819][295]LogBlueprintUserMessages: I can see you
[2015.11.10-18.21.40:323][313]LogBlueprintUserMessages: I can see you
[2015.11.10-18.21.40:846][329]LogBlueprintUserMessages: I can see you
[2015.11.10-18.21.41:348][346]LogBlueprintUserMessages: I can see you
[2015.11.10-18.21.41:880][370]LogBlueprintUserMessages: I can see you
[2015.11.10-18.21.42:361][389]LogBlueprintUserMessages: I can see you
[2015.11.10-18.21.42:863][409]LogBlueprintUserMessages: I can see you
[2015.11.10-18.21.43:398][429]LogBlueprintUserMessages: I can see you
[2015.11.10-18.21.43:894][450]LogBlueprintUserMessages: I can see you
[2015.11.10-18.21.44:397][470]LogBlueprintUserMessages: I can see you
[2015.11.10-18.21.44:919][490]LogBlueprintUserMessages: I can see you
[2015.11.10-18.21.45:430][512]LogBlueprintUserMessages: I can see you
[2015.11.10-18.21.45:948][536]LogBlueprintUserMessages: I can see you
[2015.11.10-18.21.46:463][559]LogBlueprintUserMessages: I can see you
[2015.11.10-18.21.46:994][580]LogBlueprintUserMessages: I can see you
[2015.11.10-18.21.47:495][600]LogBlueprintUserMessages: I can see you
[2015.11.10-18.21.48:027][617]LogBlueprintUserMessages: I can see you
[2015.11.10-18.21.48:522][639]LogBlueprintUserMessages: I can see you
[2015.11.10-18.21.49:027][664]LogBlueprintUserMessages: I can see you
[2015.11.10-18.21.49:542][693]LogBlueprintUserMessages: I can see you
[2015.11.10-18.21.50:074][718]LogBlueprintUserMessages: I can see you
[2015.11.10-18.21.50:569][744]LogBlueprintUserMessages: I can see you
[2015.11.10-18.21.51:100][765]LogBlueprintUserMessages: I can see you
[2015.11.10-18.21.51:601][788]LogBlueprintUserMessages: I can see you
[2015.11.10-18.21.52:104][816]LogBlueprintUserMessages: I can see you
[2015.11.10-18.21.52:546][832]LogParticles: Destroying 0 GPU particle simulations for FXSystem 0x000000AA19973CE0
[2015.11.10-18.21.52:599][832]LogD3D11RHI: InitD3DDevice
[2015.11.10-18.22.05:107][548]LogWindowsTextInputMethodSystem:Display: IME system now deactivated.
[2015.11.10-18.22.05:385][549]Cmd: QUIT_EDITOR
[2015.11.10-18.22.06:398][549]LogExit: Preparing to exit.
[2015.11.10-18.22.07:149][549]LogExit: Editor shut down
[2015.11.10-18.22.07:150][549]LogExit: Transaction tracking system shut down
[2015.11.10-18.22.07:157][549]LogParticles: Destroying 0 GPU particle simulations for FXSystem 0x000000AA6D5FBA60
[2015.11.10-18.22.07:158][549]LogParticles: Destroying 0 GPU particle simulations for FXSystem 0x000000AA7F740E00
[2015.11.10-18.22.07:320][549]LogExit: Object subsystem successfully closed.
[2015.11.10-18.22.07:341][549]LogD3D11RHI: Shutdown
[2015.11.10-18.22.07:341][549]LogD3D11RHI: CleanupD3DDevice
[2015.11.10-18.22.07:441][549]LogD3D11RHI: ~FD3D11DynamicRHI
[2015.11.10-18.22.07:459][549]LogModuleManager: Shutting down and abandoning module CrashTracker (188)
[2015.11.10-18.22.07:459][549]LogModuleManager: Shutting down and abandoning module SceneOutliner (187)
[2015.11.10-18.22.07:459][549]LogModuleManager: Shutting down and abandoning module SuperSearch (186)
[2015.11.10-18.22.07:459][549]LogModuleManager: Shutting down and abandoning module WidgetCarousel (185)
[2015.11.10-18.22.07:459][549]LogModuleManager: Shutting down and abandoning module AddContentDialog (184)
[2015.11.10-18.22.07:460][549]LogModuleManager: Shutting down and abandoning module EditorWidgets (183)
[2015.11.10-18.22.07:460][549]LogModuleManager: Shutting down and abandoning module CollectionManager (182)
[2015.11.10-18.22.07:460][549]LogModuleManager: Shutting down and abandoning module StatsViewer (181)
[2015.11.10-18.22.07:460][549]LogModuleManager: Shutting down and abandoning module FoliageEdit (180)
[2015.11.10-18.22.07:460][549]LogModuleManager: Shutting down and abandoning module LandscapeEditor (179)
[2015.11.10-18.22.07:461][549]LogModuleManager: Shutting down and abandoning module ActorPickerMode (178)
[2015.11.10-18.22.07:461][549]LogModuleManager: Shutting down and abandoning module GeometryMode (177)
[2015.11.10-18.22.07:461][549]LogModuleManager: Shutting down and abandoning module TextureAlignMode (176)
[2015.11.10-18.22.07:461][549]LogModuleManager: Shutting down and abandoning module BspMode (175)
[2015.11.10-18.22.07:461][549]LogModuleManager: Shutting down and abandoning module PlacementMode (174)
[2015.11.10-18.22.07:461][549]LogModuleManager: Shutting down and abandoning module AutomationWorker (173)
[2015.11.10-18.22.07:461][549]LogModuleManager: Shutting down and abandoning module CharacterAI (172)
[2015.11.10-18.22.07:461][549]LogModuleManager: Shutting down and abandoning module SmartSnapping (171)
[2015.11.10-18.22.07:461][549]LogModuleManager: Shutting down and abandoning module ViewportSnapping (170)
[2015.11.10-18.22.07:461][549]LogModuleManager: Shutting down and abandoning module LogVisualizer (169)
[2015.11.10-18.22.07:461][549]LogModuleManager: Shutting down and abandoning module GameProjectGeneration (168)
[2015.11.10-18.22.07:461][549]LogModuleManager: Shutting down and abandoning module IntroTutorials (167)
[2015.11.10-18.22.07:461][549]LogModuleManager: Shutting down and abandoning module EditorLiveStreaming (166)
[2015.11.10-18.22.07:461][549]LogModuleManager: Shutting down and abandoning module IOSPlatformEditor (165)
[2015.11.10-18.22.07:461][549]LogModuleManager: Shutting down and abandoning module HTML5PlatformEditor (164)
[2015.11.10-18.22.07:461][549]LogModuleManager: Shutting down and abandoning module AndroidDeviceDetection (163)
[2015.11.10-18.22.07:892][549]LogModuleManager: Shutting down and abandoning module AndroidPlatformEditor (162)
[2015.11.10-18.22.07:892][549]LogModuleManager: Shutting down and abandoning module IOSRuntimeSettings (161)
[2015.11.10-18.22.07:892][549]LogModuleManager: Shutting down and abandoning module AndroidRuntimeSettings (160)
[2015.11.10-18.22.07:892][549]LogModuleManager: Shutting down and abandoning module MergeActors (159)
[2015.11.10-18.22.07:892][549]LogModuleManager: Shutting down and abandoning module SizeMap (158)
[2015.11.10-18.22.07:892][549]LogModuleManager: Shutting down and abandoning module TreeMap (157)
[2015.11.10-18.22.07:892][549]LogModuleManager: Shutting down and abandoning module ReferenceViewer (156)
[2015.11.10-18.22.07:892][549]LogModuleManager: Shutting down and abandoning module LocalizationDashboard (155)
[2015.11.10-18.22.07:892][549]LogModuleManager: Shutting down and abandoning module HardwareTargeting (154)
[2015.11.10-18.22.07:892][549]LogModuleManager: Shutting down and abandoning module DeviceProfileEditor (153)
[2015.11.10-18.22.07:892][549]LogModuleManager: Shutting down and abandoning module UndoHistory (152)
[2015.11.10-18.22.07:892][549]LogModuleManager: Shutting down and abandoning module GameplayTagsEditor (151)
[2015.11.10-18.22.07:892][549]LogModuleManager: Shutting down and abandoning module UserFeedback (150)
[2015.11.10-18.22.07:892][549]LogModuleManager: Shutting down and abandoning module XmlParser (149)
[2015.11.10-18.22.07:892][549]LogModuleManager: Shutting down and abandoning module Blutility (148)
[2015.11.10-18.22.07:892][549]LogModuleManager: Shutting down and abandoning module ProjectTargetPlatformEditor (147)
[2015.11.10-18.22.07:892][549]LogModuleManager: Shutting down and abandoning module ProjectSettingsViewer (146)
[2015.11.10-18.22.07:892][549]LogModuleManager: Shutting down and abandoning module InputBindingEditor (145)
[2015.11.10-18.22.07:892][549]LogModuleManager: Shutting down and abandoning module EditorSettingsViewer (144)
[2015.11.10-18.22.07:892][549]LogModuleManager: Shutting down and abandoning module SettingsEditor (143)
[2015.11.10-18.22.07:892][549]LogModuleManager: Shutting down and abandoning module ProjectLauncher (142)
[2015.11.10-18.22.07:892][549]LogModuleManager: Shutting down and abandoning module SessionFrontend (141)
[2015.11.10-18.22.07:892][549]LogModuleManager: Shutting down and abandoning module ProfilerClient (140)
[2015.11.10-18.22.07:892][549]LogModuleManager: Shutting down and abandoning module TargetDeviceServices (139)
[2015.11.10-18.22.07:892][549]LogModuleManager: Shutting down and abandoning module DeviceManager (138)
[2015.11.10-18.22.07:892][549]LogModuleManager: Shutting down and abandoning module AutomationController (137)
[2015.11.10-18.22.07:892][549]LogModuleManager: Shutting down and abandoning module AutomationWindow (136)
[2015.11.10-18.22.07:892][549]LogModuleManager: Shutting down and abandoning module Layers (135)
[2015.11.10-18.22.07:893][549]LogModuleManager: Shutting down and abandoning module ComponentVisualizers (134)
[2015.11.10-18.22.07:893][549]LogModuleManager: Shutting down and abandoning module DetailCustomizations (133)
[2015.11.10-18.22.07:893][549]LogModuleManager: Shutting down and abandoning module PackagesDialog (132)
[2015.11.10-18.22.07:893][549]LogModuleManager: Shutting down and abandoning module AssetRegistry (131)
[2015.11.10-18.22.08:064][549]LogModuleManager: Shutting down and abandoning module Persona (130)
[2015.11.10-18.22.08:064][549]LogModuleManager: Shutting down and abandoning module Kismet (129)
[2015.11.10-18.22.08:064][549]LogModuleManager: Shutting down and abandoning module GraphEditor (128)
[2015.11.10-18.22.08:064][549]LogModuleManager: Shutting down and abandoning module ClassViewer (127)
[2015.11.10-18.22.08:064][549]LogModuleManager: Shutting down and abandoning module Toolbox (126)
[2015.11.10-18.22.08:064][549]LogModuleManager: Shutting down and abandoning module ModuleUI (125)
[2015.11.10-18.22.08:064][549]LogModuleManager: Shutting down and abandoning module MovieSceneTools (124)
[2015.11.10-18.22.08:064][549]LogModuleManager: Shutting down and abandoning module OutputLog (123)
[2015.11.10-18.22.08:064][549]LogModuleManager: Shutting down and abandoning module GammaUI (122)
[2015.11.10-18.22.08:064][549]LogModuleManager: Shutting down and abandoning module Documentation (121)
[2015.11.10-18.22.08:065][549]LogModuleManager: Shutting down and abandoning module GameLiveStreaming (120)
[2015.11.10-18.22.08:065][549]LogModuleManager: Shutting down and abandoning module StreamingPauseRendering (119)
[2015.11.10-18.22.08:065][549]LogModuleManager: Shutting down and abandoning module AnalyticsET (118)
[2015.11.10-18.22.08:065][549]LogModuleManager: Shutting down and abandoning module Analytics (117)
[2015.11.10-18.22.08:065][549]LogModuleManager: Shutting down and abandoning module AITestSuite (116)
[2015.11.10-18.22.08:065][549]LogModuleManager: Shutting down and abandoning module GameplayDebugger (115)
[2015.11.10-18.22.08:065][549]LogModuleManager: Shutting down and abandoning module AIModule (114)
[2015.11.10-18.22.08:065][549]LogModuleManager: Shutting down and abandoning module ProfilerService (113)
[2015.11.10-18.22.08:177][549]LogModuleManager: Shutting down and abandoning module TaskGraph (112)
[2015.11.10-18.22.08:178][549]LogModuleManager: Shutting down and abandoning module SlateRemote (111)
[2015.11.10-18.22.08:178][549]LogModuleManager: Shutting down and abandoning module SteamVRController (110)
[2015.11.10-18.22.08:178][549]LogModuleManager: Shutting down and abandoning module SteamVR (109)
[2015.11.10-18.22.08:178][549]LogModuleManager: Shutting down and abandoning module ProceduralMeshComponent (108)
[2015.11.10-18.22.08:178][549]LogModuleManager: Shutting down and abandoning module OculusRift (107)
[2015.11.10-18.22.08:178][549]LogModuleManager: Shutting down and abandoning module LeapMotionController (106)
[2015.11.10-18.22.08:196][549]LogModuleManager: Shutting down and abandoning module CustomMeshComponent (105)
[2015.11.10-18.22.08:196][549]LogModuleManager: Shutting down and abandoning module CableComponent (104)
[2015.11.10-18.22.08:196][549]LogModuleManager: Shutting down and abandoning module MessagingDebugger (103)
[2015.11.10-18.22.08:196][549]LogModuleManager: Shutting down and abandoning module MediaPlayerEditor (102)
[2015.11.10-18.22.08:196][549]LogModuleManager: Shutting down and abandoning module SpeedTreeImporter (101)
[2015.11.10-18.22.08:196][549]LogModuleManager: Shutting down and abandoning module PluginBrowser (100)
[2015.11.10-18.22.08:196][549]LogModuleManager: Shutting down and abandoning module EpicSurvey (99)
[2015.11.10-18.22.08:196][549]LogModuleManager: Shutting down and abandoning module DesktopPlatform (98)
[2015.11.10-18.22.08:196][549]LogModuleManager: Shutting down and abandoning module VisualStudioSourceCodeAccess (97)
[2015.11.10-18.22.08:196][549]LogModuleManager: Shutting down and abandoning module UObjectPlugin (96)
[2015.11.10-18.22.08:196][549]LogModuleManager: Shutting down and abandoning module SubversionSourceControl (95)
[2015.11.10-18.22.08:196][549]LogModuleManager: Shutting down and abandoning module PerforceSourceControl (94)
[2015.11.10-18.22.08:196][549]LogModuleManager: Shutting down and abandoning module SourceControl (93)
[2015.11.10-18.22.08:196][549]LogModuleManager: Shutting down and abandoning module GitSourceControl (92)
[2015.11.10-18.22.08:196][549]LogModuleManager: Shutting down and abandoning module BlankPlugin (91)
[2015.11.10-18.22.08:196][549]LogModuleManager: Shutting down and abandoning module PaperTiledImporter (90)
[2015.11.10-18.22.08:196][549]LogModuleManager: Shutting down and abandoning module PaperSpriteSheetImporter (89)
[2015.11.10-18.22.08:196][549]LogModuleManager: Shutting down and abandoning module MeshPaint (88)
[2015.11.10-18.22.08:196][549]LogModuleManager: Shutting down and abandoning module SlateReflector (87)
[2015.11.10-18.22.08:196][549]LogModuleManager: Shutting down and abandoning module DirectoryWatcher (86)
[2015.11.10-18.22.08:197][549]LogModuleManager: Shutting down and abandoning module HotReload (85)
[2015.11.10-18.22.08:197][549]LogModuleManager: Shutting down and abandoning module MainFrame (84)
[2015.11.10-18.22.08:197][549]LogModuleManager: Shutting down and abandoning module LevelEditor (83)
[2015.11.10-18.22.08:197][549]LogModuleManager: Shutting down and abandoning module ContentBrowser (82)
[2015.11.10-18.22.08:198][549]LogModuleManager: Shutting down and abandoning module Paper2DEditor (81)
[2015.11.10-18.22.08:198][549]LogModuleManager: Shutting down and abandoning module UdpMessaging (80)
[2015.11.10-18.22.08:299][549]LogModuleManager: Shutting down and abandoning module Paper2D (79)
[2015.11.10-18.22.08:299][549]LogModuleManager: Shutting down and abandoning module WindowsMoviePlayer (78)
[2015.11.10-18.22.08:303][549]LogModuleManager: Shutting down and abandoning module Media (77)
[2015.11.10-18.22.08:303][549]LogModuleManager: Shutting down and abandoning module WmfMedia (76)
[2015.11.10-18.22.08:303][549]LogModuleManager: Shutting down and abandoning module OnlineBlueprintSupport (75)
[2015.11.10-18.22.08:303][549]LogModuleManager: Shutting down and abandoning module PropertyEditor (74)
[2015.11.10-18.22.08:304][549]LogModuleManager: Shutting down and abandoning module BehaviorTreeEditor (73)
[2015.11.10-18.22.08:304][549]LogModuleManager: Shutting down and abandoning module FunctionalTesting (72)
[2015.11.10-18.22.08:304][549]LogModuleManager: Shutting down and abandoning module CollisionAnalyzer (71)
[2015.11.10-18.22.08:304][549]LogModuleManager: Shutting down and abandoning module WorkspaceMenuStructure (70)
[2015.11.10-18.22.08:304][549]LogModuleManager: Shutting down and abandoning module MessageLog (69)
[2015.11.10-18.22.08:304][549]LogModuleManager: Shutting down and abandoning module Sequencer (68)
[2015.11.10-18.22.08:304][549]LogModuleManager: Shutting down and abandoning module AssetTools (67)
[2015.11.10-18.22.08:304][549]LogModuleManager: Shutting down and abandoning module UMGEditor (66)
[2015.11.10-18.22.08:304][549]LogModuleManager: Shutting down and abandoning module UMG (65)
[2015.11.10-18.22.08:304][549]LogModuleManager: Shutting down and abandoning module Slate (64)
[2015.11.10-18.22.08:304][549]LogModuleManager: Shutting down and abandoning module EditorStyle (63)
[2015.11.10-18.22.08:307][549]LogModuleManager: Shutting down and abandoning module SessionServices (62)
[2015.11.10-18.22.08:307][549]LogModuleManager: Shutting down and abandoning module SourceCodeAccess (61)
[2015.11.10-18.22.08:307][549]LogModuleManager: Shutting down and abandoning module HeadMountedDisplay (60)
[2015.11.10-18.22.08:307][549]LogModuleManager: Shutting down and abandoning module XAudio2 (59)
[2015.11.10-18.22.08:307][549]LogModuleManager: Shutting down and abandoning module Networking (57)
[2015.11.10-18.22.08:307][549]LogModuleManager: Shutting down and abandoning module Core (56)
[2015.11.10-18.22.08:307][549]LogModuleManager: Shutting down and abandoning module KismetCompiler (55)
[2015.11.10-18.22.08:307][549]LogModuleManager: Shutting down and abandoning module PhysXFormats (54)
[2015.11.10-18.22.08:307][549]LogModuleManager: Shutting down and abandoning module MeshUtilities (53)
[2015.11.10-18.22.08:307][549]LogModuleManager: Shutting down and abandoning module DerivedDataCache (52)
[2015.11.10-18.22.08:397][549]LogDerivedDataCache: Shutdown
[2015.11.10-18.22.08:397][549]LogModuleManager: Shutting down and abandoning module ShaderFormatOpenGL (51)
[2015.11.10-18.22.08:397][549]LogModuleManager: Shutting down and abandoning module ShaderFormatD3D (50)
[2015.11.10-18.22.08:397][549]LogModuleManager: Shutting down and abandoning module MetalShaderFormat (49)
[2015.11.10-18.22.08:397][549]LogModuleManager: Shutting down and abandoning module TextureFormatUncompressed (48)
[2015.11.10-18.22.08:397][549]LogModuleManager: Shutting down and abandoning module TextureFormatPVR (47)
[2015.11.10-18.22.08:397][549]LogModuleManager: Shutting down and abandoning module TextureFormatIntelISPCTexComp (46)
[2015.11.10-18.22.08:397][549]LogModuleManager: Shutting down and abandoning module TextureFormatDXT (45)
[2015.11.10-18.22.08:397][549]LogModuleManager: Shutting down and abandoning module ImageWrapper (44)
[2015.11.10-18.22.08:397][549]LogModuleManager: Shutting down and abandoning module TextureFormatASTC (43)
[2015.11.10-18.22.08:397][549]LogModuleManager: Shutting down and abandoning module TextureFormatAndroid (42)
[2015.11.10-18.22.08:397][549]LogModuleManager: Shutting down and abandoning module AudioFormatOpus (41)
[2015.11.10-18.22.08:397][549]LogModuleManager: Shutting down and abandoning module AudioFormatOgg (40)
[2015.11.10-18.22.08:397][549]LogModuleManager: Shutting down and abandoning module AudioFormatADPCM (39)
[2015.11.10-18.22.08:397][549]LogModuleManager: Shutting down and abandoning module LinuxTargetPlatform (38)
[2015.11.10-18.22.08:397][549]LogModuleManager: Shutting down and abandoning module LinuxServerTargetPlatform (37)
[2015.11.10-18.22.08:397][549]LogModuleManager: Shutting down and abandoning module LinuxNoEditorTargetPlatform (36)
[2015.11.10-18.22.08:397][549]LogModuleManager: Shutting down and abandoning module Messaging (35)
[2015.11.10-18.22.08:397][549]LogModuleManager: Shutting down and abandoning module IOSTargetPlatform (34)
[2015.11.10-18.22.08:397][549]LogModuleManager: Shutting down and abandoning module HTML5TargetPlatform (33)
[2015.11.10-18.22.08:397][549]LogModuleManager: Shutting down and abandoning module Android_PVRTCTargetPlatform (32)
[2015.11.10-18.22.08:397][549]LogModuleManager: Shutting down and abandoning module Android_ETC2TargetPlatform (31)
[2015.11.10-18.22.08:397][549]LogModuleManager: Shutting down and abandoning module Android_ETC1TargetPlatform (30)
[2015.11.10-18.22.08:397][549]LogModuleManager: Shutting down and abandoning module Android_DXTTargetPlatform (29)
[2015.11.10-18.22.08:397][549]LogModuleManager: Shutting down and abandoning module Android_ATCTargetPlatform (28)
[2015.11.10-18.22.08:397][549]LogModuleManager: Shutting down and abandoning module Android_ASTCTargetPlatform (27)
[2015.11.10-18.22.08:397][549]LogModuleManager: Shutting down and abandoning module AndroidTargetPlatform (26)
[2015.11.10-18.22.08:397][549]LogModuleManager: Shutting down and abandoning module WindowsTargetPlatform (25)
[2015.11.10-18.22.08:397][549]LogModuleManager: Shutting down and abandoning module WindowsServerTargetPlatform (24)
[2015.11.10-18.22.08:397][549]LogModuleManager: Shutting down and abandoning module WindowsNoEditorTargetPlatform (23)
[2015.11.10-18.22.08:397][549]LogModuleManager: Shutting down and abandoning module WindowsClientTargetPlatform (22)
[2015.11.10-18.22.08:397][549]LogModuleManager: Shutting down and abandoning module DesktopTargetPlatform (21)
[2015.11.10-18.22.08:397][549]LogModuleManager: Shutting down and abandoning module TargetPlatform (20)
[2015.11.10-18.22.08:397][549]LogModuleManager: Shutting down and abandoning module InputCore (19)
[2015.11.10-18.22.08:397][549]LogModuleManager: Shutting down and abandoning module Settings (18)
[2015.11.10-18.22.08:397][549]LogModuleManager: Shutting down and abandoning module OnlineSubsystem (16)
[2015.11.10-18.22.08:397][549]LogModuleManager: Shutting down and abandoning module HTTP (15)
[2015.11.10-18.22.08:398][549]LogModuleManager: Shutting down and abandoning module ExampleDeviceProfileSelector (14)
[2015.11.10-18.22.08:398][549]LogModuleManager: Shutting down and abandoning module TextureCompressor (13)
[2015.11.10-18.22.08:398][549]LogModuleManager: Shutting down and abandoning module ShaderCore (12)
[2015.11.10-18.22.08:398][549]LogModuleManager: Shutting down and abandoning module Landscape (11)
[2015.11.10-18.22.08:398][549]LogModuleManager: Shutting down and abandoning module SlateRHIRenderer (10)
[2015.11.10-18.22.08:399][549]LogModuleManager: Shutting down and abandoning module OpenGLDrv (9)
[2015.11.10-18.22.08:399][549]LogModuleManager: Shutting down and abandoning module D3D11RHI (8)
[2015.11.10-18.22.08:399][549]LogModuleManager: Shutting down and abandoning module Renderer (7)
[2015.11.10-18.22.08:399][549]LogModuleManager: Shutting down and abandoning module Engine (6)
[2015.11.10-18.22.08:399][549]LogModuleManager: Shutting down and abandoning module CoreUObject (5)
[2015.11.10-18.22.08:399][549]LogModuleManager: Shutting down and abandoning module NetworkFile (4)
[2015.11.10-18.22.08:399][549]LogModuleManager: Shutting down and abandoning module StreamingFile (3)
[2015.11.10-18.22.08:399][549]LogModuleManager: Shutting down and abandoning module SandboxFile (2)
[2015.11.10-18.22.08:399][549]LogModuleManager: Shutting down and abandoning module PakFile (1)
[2015.11.10-18.22.08:399][549]LogExit: Exiting.
[2015.11.10-18.22.08:401][549]Log file closed, 11/10/15 13:22:08
