[2015.10.14-08.31.41:046][  0]Log file open, 10/14/15 04:31:41
[2015.10.14-08.31.41:046][  0]LogInit:Display: Running engine for game: MyProject
[2015.10.14-08.31.41:046][  0]LogInit:Display: RandInit(1096634716) SRandInit(1096634717).
[2015.10.14-08.31.41:046][  0]LogTaskGraph: Started task graph with 4 named threads and 6 total threads.
[2015.10.14-08.31.41:046][  0]LogStats: Stats thread started
[2015.10.14-08.31.41:046][  0]LogInit: Version: 4.8.3-2634408+++depot+UE4-Releases+4.8
[2015.10.14-08.31.41:046][  0]LogInit: API Version: 2579680
[2015.10.14-08.31.41:046][  0]LogInit: Compiled (64-bit): Jul 27 2015 16:24:33
[2015.10.14-08.31.41:046][  0]LogInit: Compiled with Visual C++: 18.00.21005.01
[2015.10.14-08.31.41:046][  0]LogInit: Build Configuration: Development
[2015.10.14-08.31.41:046][  0]LogInit: Branch Name: ++depot+UE4-Releases+4.8
[2015.10.14-08.31.41:046][  0]LogInit: Command line:  
[2015.10.14-08.31.41:046][  0]LogInit: Base directory: C:/Program Files/Epic Games/4.8/Engine/Binaries/Win64/
[2015.10.14-08.31.41:046][  0]LogInit: Rocket: 1
[2015.10.14-08.31.41:076][  0]LogInit: Using libcurl 7.41.0
[2015.10.14-08.31.41:076][  0]LogInit:  - built for x86_64-pc-win32
[2015.10.14-08.31.41:076][  0]LogInit:  - supports SSL with WinSSL
[2015.10.14-08.31.41:076][  0]LogInit:  - other features:
[2015.10.14-08.31.41:076][  0]LogInit:      CURL_VERSION_SSL
[2015.10.14-08.31.41:076][  0]LogInit:      CURL_VERSION_IPV6
[2015.10.14-08.31.41:076][  0]LogInit:      CURL_VERSION_ASYNCHDNS
[2015.10.14-08.31.41:076][  0]LogInit:      CURL_VERSION_LARGEFILE
[2015.10.14-08.31.41:076][  0]LogInit:      CURL_VERSION_IDN
[2015.10.14-08.31.41:076][  0]LogInit:  CurlRequestOptions (configurable via config and command line):
[2015.10.14-08.31.41:076][  0]LogInit:  - bVerifyPeer = true  - Libcurl will verify peer certificate
[2015.10.14-08.31.41:076][  0]LogInit:  - bUseHttpProxy = false  - Libcurl will NOT use HTTP proxy
[2015.10.14-08.31.41:076][  0]LogInit:  - bDontReuseConnections = false  - Libcurl will reuse connections
[2015.10.14-08.31.41:076][  0]LogInit:  - CertBundlePath = nullptr  - Libcurl will use whatever was configured at build time.
[2015.10.14-08.31.41:101][  0]LogOnline:Warning: No default platform service specified for OnlineSubsystem
[2015.10.14-08.31.41:131][  0]LogInit: Presizing for 0 objects not considered by GC, pre-allocating 0 bytes.
[2015.10.14-08.31.41:141][  0]LogInit: Object subsystem initialized
[2015.10.14-08.31.41:143][  0]LogConsoleResponse:Warning: Skipping Unknown console variable: 'TranslucentSortAxis = (X=0.000000,Y=-1.000000,Z=0.000000)'
[2015.10.14-08.31.41:143][  0]LogConsoleResponse:Warning:   Found in ini file 'C:/Users/Kido/Documents/GitHub/NMNYD/The-Curators/AlexPrototype/Saved/Config/Windows/Engine.ini', in section '[/Script/Engine.RendererSettings]'
[2015.10.14-08.31.41:143][  0]LogConsoleResponse:Warning: Skipping Unknown console variable: 'UIScaleRule = ShortestSide'
[2015.10.14-08.31.41:143][  0]LogConsoleResponse:Warning:   Found in ini file 'C:/Users/Kido/Documents/GitHub/NMNYD/The-Curators/AlexPrototype/Saved/Config/Windows/Engine.ini', in section '[/Script/Engine.RendererSettings]'
[2015.10.14-08.31.41:143][  0]LogConsoleResponse:Warning: Skipping Unknown console variable: 'UIScaleCurve = (EditorCurveData=(Keys=),ExternalCurve=None)'
[2015.10.14-08.31.41:143][  0]LogConsoleResponse:Warning:   Found in ini file 'C:/Users/Kido/Documents/GitHub/NMNYD/The-Curators/AlexPrototype/Saved/Config/Windows/Engine.ini', in section '[/Script/Engine.RendererSettings]'
[2015.10.14-08.31.41:143][  0]LogInit: Selected Device Profile: [Windows]
[2015.10.14-08.31.41:143][  0]LogInit: Applying CVar settings loaded from the selected device profile: [Windows]
[2015.10.14-08.31.41:156][  0]LogInit: Computer: KIDO-PC
[2015.10.14-08.31.41:156][  0]LogInit: User: Kido
[2015.10.14-08.31.41:156][  0]LogInit: CPU Page size=4096, Cores=3
[2015.10.14-08.31.41:156][  0]LogInit: High frequency timer resolution =3.429531 MHz
[2015.10.14-08.31.41:156][  0]LogMemory: Memory total: Physical=7.9GB (8GB approx)
[2015.10.14-08.31.41:156][  0]LogMemory: Platform Memory Stats for Windows
[2015.10.14-08.31.41:156][  0]LogMemory: Process Physical Memory: 50.90 MB used, 50.90 MB peak
[2015.10.14-08.31.41:156][  0]LogMemory: Process Virtual Memory: 23.18 MB used, 24.09 MB peak
[2015.10.14-08.31.41:156][  0]LogMemory: Physical Memory: 6220.56 MB used, 8088.61 MB total
[2015.10.14-08.31.41:156][  0]LogMemory: Virtual Memory: 279.46 MB used, 8388608.00 MB total
[2015.10.14-08.31.41:383][  0]LogTextLocalizationManager: The requested culture ('en_US') has no localization data; parent culture's ('en') localization data will be used.
[2015.10.14-08.31.41:638][  0]LogTextLocalizationManager:Warning: Loaded localization resources contain conflicting entries for (Namespace:ContentBrowser, Key:ImportAssetToolTip):
Localization Resource: (C:/Program Files/Epic Games/4.8/Engine/Content/Localization/Editor/en/Editor.locres) Source String Hash: (-630476809) Localized String: (Import to {0}...)
Localization Resource: (C:/Program Files/Epic Games/4.8/Engine/Content/Localization/Editor/en/Editor.locres) Source String Hash: (1271782899) Localized String: (Imports an asset from file to this folder.)
[2015.10.14-08.31.42:332][  0]LogD3D11RHI: Found D3D11 adapter 0: AMD Radeon R9 200 Series (Feature Level 11_0)
[2015.10.14-08.31.42:332][  0]LogD3D11RHI: Adapter has 2027MB of dedicated video memory, 0MB of dedicated system memory, and 3788MB of shared system memory, 2 output[s]
[2015.10.14-08.31.42:332][  0]LogD3D11RHI: Chosen D3D11 Adapter Id = 0
[2015.10.14-08.31.42:341][  0]LogD3D11RHI: InitD3DDevice
[2015.10.14-08.31.42:342][  0]LogD3D11RHI: !Direct3DDevice
[2015.10.14-08.31.42:342][  0]LogRHI: Texture pool is 1361 MB (70% of 1945 MB)
[2015.10.14-08.31.42:351][  0]LogD3D11RHI: Async texture creation disabled: no driver support
[2015.10.14-08.31.42:363][  0]LogShaderCompilers:Display: Using Local Shader Compiler.
[2015.10.14-08.31.46:012][  0]LogTemp:Display: Loaded TP DesktopTargetPlatform
[2015.10.14-08.31.46:041][  0]LogTemp:Display: Loaded TP WindowsClientTargetPlatform
[2015.10.14-08.31.46:070][  0]LogTemp:Display: Loaded TP WindowsNoEditorTargetPlatform
[2015.10.14-08.31.46:114][  0]LogTemp:Display: Loaded TP WindowsServerTargetPlatform
[2015.10.14-08.31.46:173][  0]LogTemp:Display: Loaded TP WindowsTargetPlatform
[2015.10.14-08.31.46:283][  0]LogTemp:Display: Loaded TP AndroidTargetPlatform
[2015.10.14-08.31.46:362][  0]LogTemp:Display: Loaded TP Android_ASTCTargetPlatform
[2015.10.14-08.31.46:436][  0]LogTemp:Display: Loaded TP Android_ATCTargetPlatform
[2015.10.14-08.31.46:493][  0]LogTemp:Display: Loaded TP Android_DXTTargetPlatform
[2015.10.14-08.31.46:547][  0]LogTemp:Display: Loaded TP Android_ETC1TargetPlatform
[2015.10.14-08.31.46:580][  0]LogTemp:Display: Loaded TP Android_ETC2TargetPlatform
[2015.10.14-08.31.46:618][  0]LogTemp:Display: Loaded TP Android_PVRTCTargetPlatform
[2015.10.14-08.31.46:760][  0]LogTemp:Display: Loaded TP IOSTargetPlatform
[2015.10.14-08.31.46:797][  0]LogTemp:Display: Loaded TP LinuxNoEditorTargetPlatform
[2015.10.14-08.31.46:834][  0]LogTemp:Display: Loaded TP LinuxServerTargetPlatform
[2015.10.14-08.31.46:875][  0]LogTemp:Display: Loaded TP LinuxTargetPlatform
[2015.10.14-08.31.46:875][  0]LogTargetPlatformManager:Display: Building Assets For Windows
[2015.10.14-08.31.47:838][  0]LogDerivedDataCache:Display: Max Cache Size: 512 MB
[2015.10.14-08.31.48:546][  0]LogDerivedDataCache: Loaded boot cache 0.71s 53MB C:/Users/Kido/AppData/Local/UnrealEngine/4.8/DerivedDataCache/Boot.ddc.
[2015.10.14-08.31.48:546][  0]LogDerivedDataCache:Display: Loaded Boot cache: C:/Users/Kido/AppData/Local/UnrealEngine/4.8/DerivedDataCache/Boot.ddc
[2015.10.14-08.31.48:547][  0]LogDerivedDataCache: FDerivedDataBackendGraph:  Pak pak cache file ../../../../../../Users/Kido/Documents/GitHub/NMNYD/The-Curators/AlexPrototype/DerivedDataCache/DDC.ddp not found, will not use a pak cache.
[2015.10.14-08.31.48:547][  0]LogDerivedDataCache: Unable to find inner node Pak for hierarchical cache Hierarchy.
[2015.10.14-08.31.48:547][  0]LogDerivedDataCache: FDerivedDataBackendGraph:  CompressedPak pak cache file ../../../../../../Users/Kido/Documents/GitHub/NMNYD/The-Curators/AlexPrototype/DerivedDataCache/Compressed.ddp not found, will not use a pak cache.
[2015.10.14-08.31.48:547][  0]LogDerivedDataCache: Unable to find inner node CompressedPak for hierarchical cache Hierarchy.
[2015.10.14-08.31.48:749][  0]LogDerivedDataCache:Display: Pak cache opened for reading ../../../Engine/DerivedDataCache/Compressed.ddp.
[2015.10.14-08.31.48:761][  0]LogDerivedDataCache: Using Local data cache path C:/Users/Kido/AppData/Local/UnrealEngine/Common/DerivedDataCache: Writable
[2015.10.14-08.31.58:397][  0]LogInit: Selected Device Profile: [Windows]
[2015.10.14-08.31.58:547][  0]ImportText (ComponentSweepMultiTests): Missing closing parenthesis: (RootShapeAsset="/Engine/BasicShapes/Cube.Cube",ShapeType="TriggerCapsule",HitResult=(Time=0.50,Location=(X=-100.000015,Y=0.0,Z=100.000015),ImpactPoint=(X=-50.0,Y=0.0,Z=50.0),Normal=(X=-1.0,Y=-0.0,Z=0.0),ImpactNormal=(X=0.0,Y=0.0,Z=1.0),TraceStart=(X=-200.0,Y=0.0,Z=200.0),TraceEnd=(X=0.0,Y=0.0,Z=0.0))
[2015.10.14-08.31.58:548][  0]ImportText (LineTraceSingleByChannelTests): Missing closing parenthesis: (RootShapeAsset="/Engine/BasicShapes/Cube.Cube",HitResult=(Time=0.50,Location=(X=-100.000015,Y=0.0,Z=100.000015),ImpactPoint=(X=-50.0,Y=0.0,Z=50.0),Normal=(X=-1.0,Y=-0.0,Z=0.0),ImpactNormal=(X=0.0,Y=0.0,Z=1.0),TraceStart=(X=-200.0,Y=0.0,Z=200.0),TraceEnd=(X=0.0,Y=0.0,Z=0.0))
[2015.10.14-08.31.59:043][  0]LogMeshUtilities: No automatic mesh reduction module available
[2015.10.14-08.31.59:043][  0]LogMeshUtilities: No automatic mesh merging module available
[2015.10.14-08.32.05:312][  0]LogInit: WinSock: version 1.1 (2.2), MaxSocks=32767, MaxUdp=65467
[2015.10.14-08.32.33:047][  0]UdpMessaging: Initializing bridge on interface 0.0.0.0:0 to multicast group 230.0.0.1:6666.
[2015.10.14-08.32.35:464][  0]SourceControl: Info Source control is disabled
[2015.10.14-08.32.37:124][  0]SourceControl: Info Source control is disabled
[2015.10.14-08.32.37:202][  0]SourceControl: Info Source control is disabled
[2015.10.14-08.32.37:403][  0]SourceControl: Info Source control is disabled
[2015.10.14-08.32.38:691][  0]LogObj: 26273 objects as part of root set at end of initial load.
[2015.10.14-08.32.38:691][  0]LogUObjectAllocator: 5409256 out of 0 bytes used by permanent object pool.
[2015.10.14-08.32.39:375][  0]LogEngine: Initializing Engine...
[2015.10.14-08.32.39:479][  0]LogHMD: Can't find Oculus library dev build: is proper Runtime installed? Version: 0.6.0.0
[2015.10.14-08.32.39:619][  0]LogHMD:Warning: SteamVR failed to initialize.  Error: 100
[2015.10.14-08.32.40:715][  0]LogAIModule: Creating AISystem for world NewWorld
[2015.10.14-08.32.40:976][  0]LogInit: XAudio2 using 'Speakers (Realtek High Definition Audio)' : 2 channels at 48 kHz using 32 bits per sample (channel mask 0x3)
[2015.10.14-08.32.41:014][  0]LogInit: FAudioDevice initialized.
[2015.10.14-08.32.41:082][  0]LogDerivedDataCache: Saved boot cache 0.07s 53MB C:/Users/Kido/AppData/Local/UnrealEngine/4.8/DerivedDataCache/Boot.ddc.
[2015.10.14-08.32.41:107][  0]LogInit: Texture streaming: Disabled
[2015.10.14-08.32.41:398][  0]LogAnalytics: Creating configured Analytics provider AnalyticsET
[2015.10.14-08.32.41:398][  0]LogAnalytics: [UEEditor.Rocket.Release] APIServer = http://et2.epicgames.com/ET2/. AppVersion = 4.8.3-2634408+++depot+UE4-Releases+4.8
[2015.10.14-08.32.41:398][  0]LogAnalytics: [UEEditor.Rocket.Release] SetUserId 43320ea4426e19879c0674aa75267495|ac704d33c08e461d905fa8a004e85986|70feb17f-f50f-4812-9d0e-586ab78027fa
[2015.10.14-08.32.41:399][  0]LogAnalytics: [UEEditor.Rocket.Release] AnalyticsET::StartSession
[2015.10.14-08.32.41:753][  0]LogInit: Transaction tracking system initialized
[2015.10.14-08.32.43:948][  0]BlueprintLog: New page: Editor Load
[2015.10.14-08.32.44:070][  0]LogAssetRegistry: FAssetRegistry took 0.0120 seconds to start up
[2015.10.14-08.32.44:082][  0]LogDirectoryWatcher:Warning: Failed to begin reading directory changes for ../../../Engine/Plugins/Experimental/CharacterAI/Content/. Error: 0
[2015.10.14-08.32.55:589][  0]LogConsoleManager:Warning: Console variable 'r.VSync' wasn't set ('GameSetting' has a lower priority than 'SystemSettingsIni')
[2015.10.14-08.32.55:591][  0]LogConsoleResponse:Display: 
[2015.10.14-08.33.00:420][  0]LogCook:Display: Done creating registry. It took  0.00s.
[2015.10.14-08.33.04:336][  0]SourceControl: Info Source control is disabled
[2015.10.14-08.33.04:387][  0]Cmd: MAP LOAD FILE="../../../../../../Users/Kido/Documents/GitHub/NMNYD/The-Curators/AlexPrototype/Content/StarterContent/Maps/Minimal_Default.umap" TEMPLATE=0 SHOWPROGRESS=1 FEATURELEVEL=3
[2015.10.14-08.33.04:543][  0]LightingResults: New page: Lighting Build
[2015.10.14-08.33.04:930][  0]MapCheck: New page: Map Check
[2015.10.14-08.33.04:930][  0]LightingResults: New page: Lighting Build
[2015.10.14-08.33.05:413][  0]LogParticles: Destroying 0 GPU particle simulations for FXSystem 0x0000000014B889A0
[2015.10.14-08.33.15:777][  0]LogAIModule: Creating AISystem for world Minimal_Default
[2015.10.14-08.33.17:121][  0]LogEditorServer: Finished looking for orphan Actors (0.046 secs)
[2015.10.14-08.33.17:577][  0]Cmd: MAP CHECKDEP NOCLEARLOG
[2015.10.14-08.33.17:671][  0]MapCheck: Info Map check complete: 0 Error(s), 0 Warning(s), took 94.588ms to complete.
[2015.10.14-08.33.17:699][  0]LogFileHelpers: Loading map 'Minimal_Default' took 13.312
[2015.10.14-08.33.22:778][  0]LogCollectionManager: Loaded 0 collections in 0.003029 seconds
[2015.10.14-08.33.22:890][  0]LogContentBrowser: Native class hierarchy populated in 0.1073 seconds. Added 1792 classes and 301 folders.
[2015.10.14-08.33.24:103][  0]LogContentBrowser: Native class hierarchy updated for 'WidgetCarousel' in 0.0007 seconds. Added 0 classes and 0 folders.
[2015.10.14-08.33.27:639][  0]LogContentBrowser: Native class hierarchy updated for 'AddContentDialog' in 0.0007 seconds. Added 0 classes and 0 folders.
[2015.10.14-08.33.27:801][  0]LogContentBrowser: Native class hierarchy updated for 'SceneOutliner' in 0.0007 seconds. Added 1 classes and 2 folders.
[2015.10.14-08.33.31:922][  0]LogCrashTracker: Crashtracker disabled due to settings.
[2015.10.14-08.33.32:114][  0]LogD3D11RHI: InitD3DDevice
[2015.10.14-08.33.32:209][  0]LogUObjectGlobals:Warning: Failed to find object 'Class None.'
[2015.10.14-08.33.32:347][  0]LogLoad: Full Startup: 114.27 seconds (BP compile: 2.28 seconds)
[2015.10.14-08.33.33:771][  0]LogContentStreaming: Texture pool size is 0.000000MB
[2015.10.14-08.33.34:267][  0]LogContentStreaming: Texture pool size now 1000 MB
[2015.10.14-08.33.34:779][  0]LogRenderer: Reallocating scene render targets to support 1208x640 (Frame:2).
[2015.10.14-08.33.55:834][139]LogD3D11RHI: InitD3DDevice
[2015.10.14-08.34.01:941][834]LogEditorViewport: Clicking on Actor (LMB): BP_Sky_Sphere_C (BP_Sky_Sphere)
[2015.10.14-08.34.05:682][236]LogEditorViewport: Clicking on Actor (context menu): BP_Sky_Sphere_C (BP_Sky_Sphere)
[2015.10.14-08.34.05:711][236]LogD3D11RHI: InitD3DDevice
[2015.10.14-08.34.06:362][309]LogEditorViewport: Clicking on Actor (LMB): AmbientSound (Starter_Background_Cue)
[2015.10.14-08.34.08:729][437]LogEditorViewport: Clicking on Actor (LMB): DirectionalLight (Light Source)
[2015.10.14-08.34.12:693][842]LogEditorViewport: Clicking on Actor (LMB): BP_Sky_Sphere_C (BP_Sky_Sphere)
[2015.10.14-08.34.17:043][342]LogEditorViewport: Clicking on Actor (LMB): DirectionalLight (Light Source)
[2015.10.14-08.34.30:458][701]LogAssetRegistry: Asset discovery search completed in 106.4013 seconds
[2015.10.14-08.34.31:198][779]LogEditorViewport: Clicking on Actor (LMB): BP_Sky_Sphere_C (BP_Sky_Sphere)
[2015.10.14-08.34.33:196][997]LogEditorViewport: Clicking on Actor (LMB): SphereReflectionCapture (SphereReflectionCapture10)
[2015.10.14-08.34.34:895][190]LogEditorViewport: Clicking on Actor (LMB): AmbientSound (Starter_Background_Cue)
[2015.10.14-08.34.38:000][556]LogEditorViewport: Clicking on Actor (LMB): AtmosphericFog (Atmospheric Fog)
[2015.10.14-08.34.39:521][734]LogEditorViewport: Clicking on Actor (LMB): DirectionalLight (Light Source)
[2015.10.14-08.34.56:082][275]LogEditorViewport: Clicking on Actor (LMB): BP_Sky_Sphere_C (BP_Sky_Sphere)
[2015.10.14-08.35.13:467][326]LogEditorViewport: Clicking on Actor (LMB): DirectionalLight (Light Source)
[2015.10.14-08.35.22:605][322]LogEditorViewport: Clicking on Actor (LMB): BP_Sky_Sphere_C (BP_Sky_Sphere)
[2015.10.14-08.35.25:412][651]LogEditorViewport: Clicking on Actor (LMB): DirectionalLight (Light Source)
[2015.10.14-08.35.31:181][319]LogEditorViewport: Clicking on Actor (context menu): BP_Sky_Sphere_C (BP_Sky_Sphere)
[2015.10.14-08.35.31:218][319]LogD3D11RHI: InitD3DDevice
[2015.10.14-08.35.31:912][397]LogEditorViewport: Clicking on Actor (LMB): BP_Sky_Sphere_C (BP_Sky_Sphere)
[2015.10.14-08.35.32:977][518]LogEditorViewport: Clicking on Actor (context menu): BP_Sky_Sphere_C (BP_Sky_Sphere)
[2015.10.14-08.35.33:005][518]LogD3D11RHI: InitD3DDevice
[2015.10.14-08.35.33:765][604]LogEditorViewport: Clicking on Actor (LMB): DirectionalLight (Light Source)
[2015.10.14-08.35.38:849][191]LogEditorViewport: Clicking on Actor (LMB): BP_Sky_Sphere_C (BP_Sky_Sphere)
[2015.10.14-08.35.40:238][323]LogD3D11RHI: InitD3DDevice
[2015.10.14-08.35.53:588][846]LogEditorViewport: Clicking on Actor (context menu): BP_Sky_Sphere_C (BP_Sky_Sphere)
[2015.10.14-08.35.53:615][846]LogD3D11RHI: InitD3DDevice
[2015.10.14-08.36.21:563][ 96]LogD3D11RHI: InitD3DDevice
[2015.10.14-08.36.22:700][ 96]LogLinker:Warning: Can't find file '/Game/Art/Assets/VerticalSliceAssets/characterAssets/gun/gun'
[2015.10.14-08.36.22:701][ 96]LogLinker:Warning: Can't find file for asset '/Game/Art/Assets/VerticalSliceAssets/characterAssets/gun/gun' while loading ../../../../../../Users/Kido/Documents/GitHub/NMNYD/The-Curators/AlexPrototype/Content/Tech/ThirdPersonBP/Blueprints/ThirdPersonCharacter.uasset.
[2015.10.14-08.36.22:701][ 96]LoadErrors:Error: Error /Game/Tech/ThirdPersonBP/Blueprints/ThirdPersonCharacter : Can't find file for asset. /Game/Art/Assets/VerticalSliceAssets/characterAssets/gun/gun
[2015.10.14-08.36.22:843][ 96]LogLinker:Warning: Can't find file '/Game/Art/Assets/VerticalSliceAssets/characterAssets/gun/gun'
[2015.10.14-08.36.22:844][ 96]LogLinker:Warning: Can't find file for asset '/Game/Art/Assets/VerticalSliceAssets/characterAssets/gun/gun' while loading ../../../../../../Users/Kido/Documents/GitHub/NMNYD/The-Curators/AlexPrototype/Content/Tech/ThirdPersonBP/Blueprints/ThirdPersonCharacter.uasset.
[2015.10.14-08.36.22:915][ 96]LogLinker:Warning: Can't find file '/Game/Art/Assets/VerticalSliceAssets/characterAssets/gun/gun'
[2015.10.14-08.36.22:915][ 96]LoadErrors: Info Failed to load /Game/Tech/ThirdPersonBP/Blueprints/ThirdPersonCharacter.ThirdPersonCharacter_C Referenced by gun8C1B0D41B94BE5FEA7D9F08DA0F2B523
[2015.10.14-08.36.22:915][ 96]LogLinker:Warning: Can't find file for asset '/Game/Art/Assets/VerticalSliceAssets/characterAssets/gun/gun' while loading ../../../../../../Users/Kido/Documents/GitHub/NMNYD/The-Curators/AlexPrototype/Content/Tech/ThirdPersonBP/Blueprints/ThirdPersonCharacter.uasset.
[2015.10.14-08.36.24:048][ 96]LogLinker:Warning: Can't find file '/Game/Art/Assets/VerticalSliceAssets/characterAssets/gun/gun'
[2015.10.14-08.36.24:048][ 96]LogLinker:Warning: Can't find file for asset '/Game/Art/Assets/VerticalSliceAssets/characterAssets/gun/gun' while loading ../../../../../../Users/Kido/Documents/GitHub/NMNYD/The-Curators/AlexPrototype/Content/Tech/ThirdPersonBP/Blueprints/ThirdPersonCharacter.uasset.
[2015.10.14-08.36.24:050][ 96]LogLinker:Warning: Can't find file '/Game/Art/Assets/VerticalSliceAssets/characterAssets/gun/gun'
[2015.10.14-08.36.24:050][ 96]LogLinker:Warning: Can't find file for asset '/Game/Art/Assets/VerticalSliceAssets/characterAssets/gun/gun' while loading ../../../../../../Users/Kido/Documents/GitHub/NMNYD/The-Curators/AlexPrototype/Content/Tech/ThirdPersonBP/Blueprints/ThirdPersonCharacter.uasset.
[2015.10.14-08.36.27:378][ 96]LogAIModule: Creating AISystem for world Level1
[2015.10.14-08.36.28:035][ 96]LogD3D11RHI: InitD3DDevice
[2015.10.14-08.36.31:211][ 96]Cmd: MAP LOAD FILE="../../../../../../Users/Kido/Documents/GitHub/NMNYD/The-Curators/AlexPrototype/Content/Levels/Level1.umap" TEMPLATE=0 SHOWPROGRESS=1 FEATURELEVEL=3
[2015.10.14-08.36.31:213][ 96]LightingResults: New page: Lighting Build
[2015.10.14-08.36.31:274][ 96]LoadErrors: New page: Loading map: Level1.umap
[2015.10.14-08.36.31:353][ 96]MapCheck: New page: Map Check
[2015.10.14-08.36.31:353][ 96]LightingResults: New page: Lighting Build
[2015.10.14-08.36.31:419][ 96]LogParticles: Destroying 0 GPU particle simulations for FXSystem 0x00000000117677E0
[2015.10.14-08.36.31:680][ 96]LogAIModule: Creating AISystem for world Level1
[2015.10.14-08.36.31:829][ 96]LogEditorServer: Finished looking for orphan Actors (0.000 secs)
[2015.10.14-08.36.31:896][ 96]Cmd: MAP CHECKDEP NOCLEARLOG
[2015.10.14-08.36.32:016][ 96]MapCheck: Info Map check complete: 0 Error(s), 0 Warning(s), took 119.003ms to complete.
[2015.10.14-08.36.32:017][ 96]LogFileHelpers: Loading map 'Level1' took 0.837
[2015.10.14-08.36.40:212][ 55]LogEditorViewport: Clicking on Actor (LMB): BP_Sky_Sphere_C (BP_Sky_Sphere)
[2015.10.14-08.36.50:614][223]LogD3D11RHI: InitD3DDevice
[2015.10.14-08.36.52:022][386]LogEditorViewport: Clicking on Actor (context menu): Brush (SecondFloorWalkway)
[2015.10.14-08.36.52:063][386]LogD3D11RHI: InitD3DDevice
[2015.10.14-08.36.52:962][486]LogD3D11RHI: InitD3DDevice
[2015.10.14-08.36.55:416][759]LogD3D11RHI: InitD3DDevice
[2015.10.14-08.39.33:157][166]LogD3D11RHI: InitD3DDevice
[2015.10.14-08.39.33:810][242]LogEditorViewport: Clicking on Actor (LMB): Brush (Box Brush9)
[2015.10.14-08.39.40:080][634]LogEditorViewport: Clicking on Actor (LMB): Brush (Box Brush25)
[2015.10.14-08.39.40:302][656]LogEditorViewport: Clicking on Actor (double click): Brush (Box Brush25)
[2015.10.14-08.40.04:102][761]LogEditorViewport: Clicking on Actor (LMB): Brush (Box Brush29)
[2015.10.14-08.41.22:182][845]LogD3D11RHI: InitD3DDevice
[2015.10.14-08.41.37:865][697]LogEditorViewport: Clicking on Actor (LMB): Brush (Box Brush11)
[2015.10.14-08.41.59:502][983]Cmd: TRANSACTION UNDO
[2015.10.14-08.41.59:516][983]LogEditorTransaction: Undo Edit Y
[2015.10.14-08.41.59:839][983]LogActorComponent: ~FComponentReregisterContext: (/Game/Levels/Level1.Level1:PersistentLevel.StairRoomRightSecondFLoor.BrushComponent0) Component already registered.
[2015.10.14-08.41.59:839][983]LogActorComponent: ~FComponentReregisterContext: (/Game/Levels/Level1.Level1:PersistentLevel.BoxBrush3.BrushComponent0) Component already registered.
[2015.10.14-08.41.59:839][983]LogActorComponent: ~FComponentReregisterContext: (/Game/Levels/Level1.Level1:PersistentLevel.SecondFloorWalkway.BrushComponent0) Component already registered.
[2015.10.14-08.44.09:570][983]LogActorComponent: ~FComponentReregisterContext: (/Game/Levels/Level1.Level1:PersistentLevel.StairRoomLeftFirstFloor.BrushComponent0) Component already registered.
[2015.10.14-08.44.30:936][983]LogActorComponent: ~FComponentReregisterContext: (/Game/Levels/Level1.Level1:PersistentLevel.BoxBrush24.BrushComponent0) Component already registered.
[2015.10.14-08.44.30:937][983]LogActorComponent: ~FComponentReregisterContext: (/Game/Levels/Level1.Level1:PersistentLevel.BoxBrush18.BrushComponent0) Component already registered.
[2015.10.14-08.44.30:937][983]LogActorComponent: ~FComponentReregisterContext: (/Game/Levels/Level1.Level1:PersistentLevel.BoxBrush19.BrushComponent0) Component already registered.
[2015.10.14-08.44.30:937][983]LogActorComponent: ~FComponentReregisterContext: (/Game/Levels/Level1.Level1:PersistentLevel.BoxBrush29.BrushComponent0) Component already registered.
[2015.10.14-08.44.31:191][983]LogActorComponent: ~FComponentReregisterContext: (/Game/Levels/Level1.Level1:PersistentLevel.BoxBrush7.BrushComponent0) Component already registered.
[2015.10.14-08.44.31:192][983]LogActorComponent: ~FComponentReregisterContext: (/Game/Levels/Level1.Level1:PersistentLevel.FirstFloorFourRooms.BrushComponent0) Component already registered.
[2015.10.14-08.44.31:243][983]LogD3D11RHI: InitD3DDevice
[2015.10.14-08.44.59:698][156]LogHttp:Warning: Timeout processing Http request. 0000000029F89200
[2015.10.14-08.45.05:502][570]LogD3D11RHI: InitD3DDevice
[2015.10.14-08.45.11:412][264]LogD3D11RHI: InitD3DDevice
[2015.10.14-08.45.18:863][995]LogD3D11RHI: InitD3DDevice
[2015.10.14-08.45.31:703][196]LogEditorViewport: Clicking Background
[2015.10.14-08.45.41:497][359]LogEditorViewport: Clicking on Actor (LMB): Brush (Box Brush11)
[2015.10.14-08.45.43:007][536]LogEditorViewport: Clicking on Actor (LMB): Brush (Box Brush30)
[2015.10.14-08.45.48:629][ 90]LogD3D11RHI: InitD3DDevice
[2015.10.14-08.46.15:423][135]LogD3D11RHI: InitD3DDevice
[2015.10.14-08.46.37:545][720]LogD3D11RHI: InitD3DDevice
[2015.10.14-08.46.41:677][201]LogD3D11RHI: InitD3DDevice
[2015.10.14-08.46.43:919][460]Cmd: POLY TEXSCALE  UU=8.000000 VV=8.000000
[2015.10.14-08.46.50:915][ 91]LogD3D11RHI: InitD3DDevice
[2015.10.14-08.46.52:635][290]Cmd: POLY TEXSCALE  UU=0.062500 VV=8.000000
[2015.10.14-08.46.54:219][382]LogD3D11RHI: InitD3DDevice
[2015.10.14-08.46.56:428][630]Cmd: POLY TEXSCALE  UU=0.062500 VV=0.062500
[2015.10.14-08.47.05:219][557]LogD3D11RHI: InitD3DDevice
[2015.10.14-08.47.07:853][775]LogD3D11RHI: InitD3DDevice
[2015.10.14-08.47.11:934][245]Cmd: CLEANBSPMATERIALS
[2015.10.14-08.47.12:109][245]LogD3D11RHI: InitD3DDevice
[2015.10.14-08.47.19:274][635]Cmd: TRANSACTION UNDO
[2015.10.14-08.47.19:274][635]LogEditorTransaction: Undo Move Actors
[2015.10.14-08.47.19:530][635]LogActorComponent: ~FComponentReregisterContext: (/Game/Levels/Level1.Level1:PersistentLevel.RightStairMidPoint2.BrushComponent0) Component already registered.
[2015.10.14-08.47.19:530][635]LogActorComponent: ~FComponentReregisterContext: (/Game/Levels/Level1.Level1:PersistentLevel.LinearStairBrush3.BrushComponent0) Component already registered.
[2015.10.14-08.48.12:019][635]LogActorComponent: ~FComponentReregisterContext: (/Game/Levels/Level1.Level1:PersistentLevel.StartBackArea.BrushComponent0) Component already registered.
[2015.10.14-08.48.24:941][635]LogActorComponent: ~FComponentReregisterContext: (/Game/Levels/Level1.Level1:PersistentLevel.ExhibitBottomRight.BrushComponent0) Component already registered.
[2015.10.14-08.48.24:943][635]LogActorComponent: ~FComponentReregisterContext: (/Game/Levels/Level1.Level1:PersistentLevel.BoxBrush24.BrushComponent0) Component already registered.
[2015.10.14-08.48.24:944][635]LogActorComponent: ~FComponentReregisterContext: (/Game/Levels/Level1.Level1:PersistentLevel.BoxBrush18.BrushComponent0) Component already registered.
[2015.10.14-08.48.24:944][635]LogActorComponent: ~FComponentReregisterContext: (/Game/Levels/Level1.Level1:PersistentLevel.BoxBrush19.BrushComponent0) Component already registered.
[2015.10.14-08.48.24:945][635]LogActorComponent: ~FComponentReregisterContext: (/Game/Levels/Level1.Level1:PersistentLevel.BoxBrush29.BrushComponent0) Component already registered.
[2015.10.14-08.48.24:956][635]LogActorComponent: ~FComponentReregisterContext: (/Game/Levels/Level1.Level1:PersistentLevel.BoxBrush7.BrushComponent0) Component already registered.
[2015.10.14-08.48.24:956][635]LogActorComponent: ~FComponentReregisterContext: (/Game/Levels/Level1.Level1:PersistentLevel.BoxBrush8.BrushComponent0) Component already registered.
[2015.10.14-08.48.25:009][635]LogD3D11RHI: InitD3DDevice
[2015.10.14-08.48.28:071][636]LogD3D11RHI: InitD3DDevice
[2015.10.14-08.48.33:205][636]LogSavePackage: Save=1326.699829ms
[2015.10.14-08.48.33:205][636]LogSavePackage: Moving '../../../../../../Users/Kido/Documents/GitHub/NMNYD/The-Curators/AlexPrototype/Saved/Level1_Auto18707A0CF4F707D6FDFBECC934B8F5EC4.tmp' to '../../../../../../Users/Kido/Documents/GitHub/NMNYD/The-Curators/AlexPrototype/Saved/Autosaves/Game/Levels/Level1_Auto1.umap'
[2015.10.14-08.48.33:784][636]LogFileHelpers: Editor autosave (incl. sublevels) for '/Game/Levels/Level1' took 5.541
[2015.10.14-08.48.33:784][636]LogFileHelpers: Editor autosave (incl. sublevels) for all levels took 5.541
[2015.10.14-08.48.35:248][780]LogD3D11RHI: InitD3DDevice
[2015.10.14-08.48.38:229][ 94]LogD3D11RHI: InitD3DDevice
[2015.10.14-08.48.42:127][544]LogD3D11RHI: InitD3DDevice
[2015.10.14-08.48.44:468][818]Cmd: POLY TEXSCALE  UU=1.000000 VV=1.000000
[2015.10.14-08.48.52:021][626]LogEditorViewport: Clicking on Actor (context menu): Brush (ExhibitBottomRight)
[2015.10.14-08.48.52:060][626]LogD3D11RHI: InitD3DDevice
[2015.10.14-08.48.53:134][716]LogD3D11RHI: InitD3DDevice
[2015.10.14-08.49.00:394][513]LogEditorViewport: Clicking on Actor (context menu): BP_Sky_Sphere_C (BP_Sky_Sphere)
[2015.10.14-08.49.00:432][513]LogD3D11RHI: InitD3DDevice
[2015.10.14-08.49.00:961][568]LogEditorViewport: Clicking on Actor (LMB): BP_Sky_Sphere_C (BP_Sky_Sphere)
[2015.10.14-08.49.19:875][627]LogD3D11RHI: InitD3DDevice
[2015.10.14-08.49.21:436][794]LogEditorViewport: Clicking on Actor (LMB): BP_Sky_Sphere_C (BP_Sky_Sphere)
[2015.10.14-08.49.25:056][156]LogD3D11RHI: InitD3DDevice
[2015.10.14-08.49.25:928][255]LogD3D11RHI: InitD3DDevice
[2015.10.14-08.49.27:238][402]LogD3D11RHI: InitD3DDevice
[2015.10.14-08.49.35:899][379]LogEditorViewport: Clicking on Actor (context menu): BP_Sky_Sphere_C (BP_Sky_Sphere)
[2015.10.14-08.49.35:926][379]LogD3D11RHI: InitD3DDevice
[2015.10.14-08.49.36:420][434]LogEditorViewport: Clicking on Actor (LMB): BP_Sky_Sphere_C (BP_Sky_Sphere)
[2015.10.14-08.49.43:297][226]LogD3D11RHI: InitD3DDevice
[2015.10.14-08.50.05:475][864]LogD3D11RHI: InitD3DDevice
[2015.10.14-08.50.06:046][926]LogD3D11RHI: InitD3DDevice
[2015.10.14-08.50.10:977][423]LogD3D11RHI: InitD3DDevice
[2015.10.14-08.50.11:730][506]LogD3D11RHI: InitD3DDevice
[2015.10.14-08.50.16:214][ 41]LogEditorViewport: Clicking Background
[2015.10.14-08.50.16:784][107]LogEditorViewport: Clicking Background
[2015.10.14-08.50.39:218][719]LogD3D11RHI: InitD3DDevice
[2015.10.14-08.50.48:165][746]Cmd: TRANSACTION UNDO
[2015.10.14-08.50.48:165][746]LogEditorTransaction: Undo Move Actors
[2015.10.14-08.50.48:421][746]LogActorComponent: ~FComponentReregisterContext: (/Game/Levels/Level1.Level1:PersistentLevel.RightStairMidPoint2.BrushComponent0) Component already registered.
[2015.10.14-08.50.48:421][746]LogActorComponent: ~FComponentReregisterContext: (/Game/Levels/Level1.Level1:PersistentLevel.LinearStairBrush3.BrushComponent0) Component already registered.
[2015.10.14-08.51.02:590][746]LogActorComponent: ~FComponentReregisterContext: (/Game/Levels/Level1.Level1:PersistentLevel.StartBackArea.BrushComponent0) Component already registered.
[2015.10.14-08.51.05:944][746]LogActorComponent: ~FComponentReregisterContext: (/Game/Levels/Level1.Level1:PersistentLevel.ExhibitBottomRight.BrushComponent0) Component already registered.
[2015.10.14-08.51.05:945][746]LogActorComponent: ~FComponentReregisterContext: (/Game/Levels/Level1.Level1:PersistentLevel.BoxBrush24.BrushComponent0) Component already registered.
[2015.10.14-08.51.05:946][746]LogActorComponent: ~FComponentReregisterContext: (/Game/Levels/Level1.Level1:PersistentLevel.BoxBrush18.BrushComponent0) Component already registered.
[2015.10.14-08.51.05:946][746]LogActorComponent: ~FComponentReregisterContext: (/Game/Levels/Level1.Level1:PersistentLevel.BoxBrush19.BrushComponent0) Component already registered.
[2015.10.14-08.51.05:946][746]LogActorComponent: ~FComponentReregisterContext: (/Game/Levels/Level1.Level1:PersistentLevel.BoxBrush29.BrushComponent0) Component already registered.
[2015.10.14-08.51.05:954][746]LogActorComponent: ~FComponentReregisterContext: (/Game/Levels/Level1.Level1:PersistentLevel.BoxBrush9.BrushComponent0) Component already registered.
[2015.10.14-08.51.05:954][746]LogActorComponent: ~FComponentReregisterContext: (/Game/Levels/Level1.Level1:PersistentLevel.BoxBrush5.BrushComponent0) Component already registered.
[2015.10.14-08.51.05:954][746]LogActorComponent: ~FComponentReregisterContext: (/Game/Levels/Level1.Level1:PersistentLevel.BoxBrush4.BrushComponent0) Component already registered.
[2015.10.14-08.51.05:955][746]LogActorComponent: ~FComponentReregisterContext: (/Game/Levels/Level1.Level1:PersistentLevel.BoxBrush15.BrushComponent0) Component already registered.
[2015.10.14-08.51.06:001][746]LogD3D11RHI: InitD3DDevice
[2015.10.14-08.51.08:453][957]LogD3D11RHI: InitD3DDevice
[2015.10.14-08.51.28:277][245]LogD3D11RHI: InitD3DDevice
[2015.10.14-08.51.48:573][311]LogD3D11RHI: InitD3DDevice
[2015.10.14-08.51.52:327][738]LogD3D11RHI: InitD3DDevice
[2015.10.14-08.51.55:707][129]LogD3D11RHI: InitD3DDevice
[2015.10.14-08.51.58:516][453]LogD3D11RHI: InitD3DDevice
[2015.10.14-08.51.59:323][542]LogD3D11RHI: InitD3DDevice
[2015.10.14-08.52.02:591][921]LogEditorViewport: Clicking on Actor (LMB): Brush (Box Brush20)
[2015.10.14-08.52.10:922][846]LogD3D11RHI: InitD3DDevice
[2015.10.14-08.52.12:362][ 15]LogEditorViewport: Clicking on Actor (LMB): Brush (Box Brush31)
[2015.10.14-08.52.15:731][413]LogD3D11RHI: InitD3DDevice
[2015.10.14-08.52.37:634][998]LogD3D11RHI: InitD3DDevice
[2015.10.14-08.52.38:784][133]LogEditorViewport: Clicking Background
[2015.10.14-08.52.46:287][ 30]LogEditorViewport: Clicking on Actor (context menu): Brush (Box Brush29)
[2015.10.14-08.52.46:323][ 30]LogD3D11RHI: InitD3DDevice
[2015.10.14-08.52.47:382][152]LogEditorViewport: Clicking Background
[2015.10.14-08.52.52:520][766]LogEditorViewport: Clicking on Actor (LMB): Brush (Box Brush31)
[2015.10.14-08.53.11:196][975]LogEditorViewport: Clicking on Actor (LMB): Brush (Box Brush9)
[2015.10.14-08.53.14:903][342]LogD3D11RHI: InitD3DDevice
[2015.10.14-08.53.16:138][485]LogD3D11RHI: InitD3DDevice
[2015.10.14-08.53.21:577][100]LogD3D11RHI: InitD3DDevice
[2015.10.14-08.53.25:106][495]LogEditorViewport: Clicking Background
[2015.10.14-08.53.25:775][571]LogD3D11RHI: InitD3DDevice
[2015.10.14-08.53.28:008][831]LogEditorViewport: Clicking on Actor (LMB): Brush (Box Brush32)
[2015.10.14-08.53.40:802][321]LogD3D11RHI: InitD3DDevice
[2015.10.14-08.53.42:179][482]LogEditorViewport: Clicking on Actor (LMB): Brush (Box Brush32)
[2015.10.14-08.53.44:082][702]LogD3D11RHI: InitD3DDevice
[2015.10.14-08.53.45:247][834]LogEditorViewport: Clicking on Actor (LMB): Brush (Box Brush30)
[2015.10.14-08.53.46:290][955]LogEditorViewport: Clicking on Actor (LMB): Brush (Box Brush29)
[2015.10.14-08.54.05:210][ 18]LogEditorViewport: Clicking on Actor (context menu): Brush (ExhibitBottomRight)
[2015.10.14-08.54.05:245][ 18]LogD3D11RHI: InitD3DDevice
[2015.10.14-08.54.06:219][130]LogEditorViewport: Clicking on Actor (LMB): Brush (Box Brush33)
[2015.10.14-08.54.10:837][656]LogD3D11RHI: InitD3DDevice
[2015.10.14-08.54.12:116][806]LogEditorViewport: Clicking on Actor (LMB): Brush (Box Brush31)
[2015.10.14-08.54.25:684][203]LogD3D11RHI: InitD3DDevice
[2015.10.14-08.54.37:430][541]LogD3D11RHI: InitD3DDevice
[2015.10.14-08.54.55:075][539]LogD3D11RHI: InitD3DDevice
[2015.10.14-08.54.58:362][906]LogD3D11RHI: InitD3DDevice
[2015.10.14-08.55.09:070][163]LogEditorViewport: Clicking on Actor (context menu): Brush (MainExhibitFloor)
[2015.10.14-08.55.09:108][163]LogD3D11RHI: InitD3DDevice
[2015.10.14-08.55.19:297][318]LogD3D11RHI: InitD3DDevice
[2015.10.14-08.55.19:840][379]LogEditorViewport: Clicking on Actor (LMB): Brush (Box Brush35)
[2015.10.14-08.55.22:061][581]LogEditorViewport: Clicking on Actor (LMB): BP_Sky_Sphere_C (BP_Sky_Sphere)
[2015.10.14-08.55.34:748][ 82]LogD3D11RHI: InitD3DDevice
[2015.10.14-08.55.38:944][537]Cmd: POLY TEXPAN U=4.000000 V=0.000000
[2015.10.14-08.55.39:623][605]Cmd: POLY TEXPAN U=4.000000 V=0.000000
[2015.10.14-08.55.39:830][617]Cmd: POLY TEXPAN U=4.000000 V=0.000000
[2015.10.14-08.55.40:020][630]Cmd: POLY TEXPAN U=4.000000 V=0.000000
[2015.10.14-08.55.40:237][631]Cmd: POLY TEXPAN U=4.000000 V=0.000000
[2015.10.14-08.55.40:381][643]Cmd: POLY TEXPAN U=4.000000 V=0.000000
[2015.10.14-08.55.40:585][661]Cmd: POLY TEXPAN U=4.000000 V=0.000000
[2015.10.14-08.55.40:804][681]Cmd: POLY TEXPAN U=4.000000 V=0.000000
[2015.10.14-08.55.41:010][700]Cmd: POLY TEXPAN U=4.000000 V=0.000000
[2015.10.14-08.55.41:522][701]Cmd: POLY TEXPAN U=4.000000 V=0.000000
[2015.10.14-08.55.41:528][701]Cmd: POLY TEXPAN U=4.000000 V=0.000000
[2015.10.14-08.55.42:791][778]Cmd: POLY TEXPAN U=1.000000 V=0.000000
[2015.10.14-08.55.50:338][630]LogD3D11RHI: InitD3DDevice
[2015.10.14-08.55.53:745][ 24]Cmd: POLY TEXPAN U=4.000000 V=0.000000
[2015.10.14-08.56.01:117][888]LogD3D11RHI: InitD3DDevice
[2015.10.14-08.56.05:045][324]Cmd: POLY TEXPAN U=0.000000 V=4.000000
[2015.10.14-08.56.12:515][181]Cmd: POLY TEXPAN U=-0.000000 V=-4.000000
[2015.10.14-08.56.20:922][162]LogD3D11RHI: InitD3DDevice
[2015.10.14-08.56.25:918][738]LogD3D11RHI: InitD3DDevice
[2015.10.14-08.56.28:465][ 19]Cmd: POLY TEXMULT UU=0.707107 VV=0.707107 UV=-0.707107 VU=0.707107
[2015.10.14-08.56.29:602][144]Cmd: POLY TEXMULT UU=0.707107 VV=0.707107 UV=-0.707107 VU=0.707107
[2015.10.14-08.56.30:393][228]Cmd: POLY TEXMULT UU=0.707107 VV=0.707107 UV=-0.707107 VU=0.707107
[2015.10.14-08.56.30:924][274]Cmd: POLY TEXMULT UU=0.707107 VV=0.707107 UV=-0.707107 VU=0.707107
[2015.10.14-08.56.41:397][394]Cmd: POLY TEXMULT UU=0.707107 VV=0.707107 UV=-0.707107 VU=0.707107
[2015.10.14-08.56.41:686][395]Cmd: POLY TEXMULT UU=0.707107 VV=0.707107 UV=-0.707107 VU=0.707107
[2015.10.14-08.56.41:769][399]Cmd: POLY TEXMULT UU=0.707107 VV=0.707107 UV=-0.707107 VU=0.707107
[2015.10.14-08.56.42:634][481]Cmd: POLY TEXMULT UU=0.707107 VV=0.707107 UV=-0.707107 VU=0.707107
[2015.10.14-08.56.46:003][845]Cmd: POLY TEXMULT UU=-0.000000 VV=-0.000000 UV=-1.000000 VU=1.000000
[2015.10.14-08.56.46:530][896]Cmd: POLY TEXMULT UU=-0.000000 VV=-0.000000 UV=-1.000000 VU=1.000000
[2015.10.14-08.56.47:291][973]Cmd: POLY TEXMULT UU=-0.000000 VV=-0.000000 UV=-1.000000 VU=1.000000
[2015.10.14-08.56.54:447][697]LogD3D11RHI: InitD3DDevice
[2015.10.14-08.56.58:263][122]LogD3D11RHI: InitD3DDevice
[2015.10.14-08.56.59:966][321]LogD3D11RHI: InitD3DDevice
[2015.10.14-08.57.02:180][582]Cmd: POLY TEXSCALE  UU=4.000000 VV=1.000001
[2015.10.14-08.57.03:800][754]LogD3D11RHI: InitD3DDevice
[2015.10.14-08.57.05:561][961]Cmd: POLY TEXSCALE  UU=4.000000 VV=4.000000
[2015.10.14-08.57.14:313][979]LogD3D11RHI: InitD3DDevice
[2015.10.14-08.57.16:322][194]LogD3D11RHI: InitD3DDevice
[2015.10.14-08.57.18:574][456]LogD3D11RHI: InitD3DDevice
[2015.10.14-08.57.24:634][159]Cmd: POLY TEXSCALE  UU=2.000000 VV=2.000000
[2015.10.14-08.57.26:200][327]LogD3D11RHI: InitD3DDevice
[2015.10.14-08.57.28:017][517]LogD3D11RHI: InitD3DDevice
[2015.10.14-08.57.30:772][836]LogD3D11RHI: InitD3DDevice
[2015.10.14-08.57.33:166][116]Cmd: POLY TEXSCALE  UU=2.000000 VV=2.000000
[2015.10.14-08.57.34:897][300]LogD3D11RHI: InitD3DDevice
[2015.10.14-08.57.36:810][505]LogD3D11RHI: InitD3DDevice
[2015.10.14-08.57.38:563][708]LogD3D11RHI: InitD3DDevice
[2015.10.14-08.57.41:048][999]Cmd: POLY TEXSCALE  UU=2.000000 VV=2.000000
[2015.10.14-08.57.51:243][ 88]LogD3D11RHI: InitD3DDevice
[2015.10.14-08.57.53:130][273]LogD3D11RHI: InitD3DDevice
[2015.10.14-08.57.53:853][352]LogD3D11RHI: InitD3DDevice
[2015.10.14-08.57.56:279][590]LogD3D11RHI: InitD3DDevice
[2015.10.14-08.57.58:080][799]LogD3D11RHI: InitD3DDevice
[2015.10.14-08.58.00:267][ 55]Cmd: POLY TEXSCALE  UU=2.000000 VV=2.000000
[2015.10.14-08.58.04:698][563]LogD3D11RHI: InitD3DDevice
[2015.10.14-08.58.06:692][760]LogD3D11RHI: InitD3DDevice
[2015.10.14-08.58.08:542][976]LogD3D11RHI: InitD3DDevice
[2015.10.14-08.58.10:786][240]Cmd: POLY TEXSCALE  UU=2.000000 VV=2.000000
[2015.10.14-08.58.11:907][355]LogD3D11RHI: InitD3DDevice
[2015.10.14-08.58.14:384][646]Cmd: POLY TEXSCALE  UU=0.500000 VV=0.500000
[2015.10.14-08.58.17:614][ 16]LogEditorViewport: Clicking on Actor (context menu): Brush (Box Brush35)
[2015.10.14-08.58.17:656][ 16]LogD3D11RHI: InitD3DDevice
[2015.10.14-08.58.20:596][331]LogD3D11RHI: InitD3DDevice
[2015.10.14-08.58.22:065][500]LogD3D11RHI: InitD3DDevice
[2015.10.14-08.58.23:789][703]Cmd: POLY TEXSCALE  UU=0.500000 VV=0.500000
[2015.10.14-08.58.24:777][802]LogD3D11RHI: InitD3DDevice
[2015.10.14-08.58.27:393][ 91]LogD3D11RHI: InitD3DDevice
[2015.10.14-08.58.29:337][321]Cmd: POLY TEXSCALE  UU=0.500000 VV=0.500000
[2015.10.14-08.58.30:194][407]LogD3D11RHI: InitD3DDevice
[2015.10.14-08.58.32:189][616]LogD3D11RHI: InitD3DDevice
[2015.10.14-08.58.34:298][864]LogD3D11RHI: InitD3DDevice
[2015.10.14-08.58.35:563][ 11]Cmd: POLY TEXSCALE  UU=0.500000 VV=0.500000
[2015.10.14-08.58.36:450][102]LogD3D11RHI: InitD3DDevice
[2015.10.14-08.58.39:438][429]LogD3D11RHI: InitD3DDevice
[2015.10.14-08.58.41:340][652]Cmd: POLY TEXSCALE  UU=0.500000 VV=0.500000
[2015.10.14-08.59.14:134][535]LogEditorViewport: Clicking on Actor (context menu): BP_Sky_Sphere_C (BP_Sky_Sphere)
[2015.10.14-08.59.14:172][535]LogD3D11RHI: InitD3DDevice
[2015.10.14-08.59.14:684][590]LogEditorViewport: Clicking on Actor (LMB): BP_Sky_Sphere_C (BP_Sky_Sphere)
[2015.10.14-08.59.15:403][657]LogD3D11RHI: InitD3DDevice
[2015.10.14-08.59.15:799][657]LogSavePackage: Save=140.823334ms
[2015.10.14-08.59.15:799][657]LogSavePackage: Moving '../../../../../../Users/Kido/Documents/GitHub/NMNYD/The-Curators/AlexPrototype/Saved/Level182906F5045903BF601E379A86F0DFF4D.tmp' to '../../../../../../Users/Kido/Documents/GitHub/NMNYD/The-Curators/AlexPrototype/Content/Levels/Level1.umap'
[2015.10.14-08.59.15:891][657]LogFileHelpers: Saving map 'Level1' took 0.463
[2015.10.14-08.59.41:824][740]LogEditorViewport: Clicking on Actor (context menu): BP_Sky_Sphere_C (BP_Sky_Sphere)
[2015.10.14-08.59.41:852][740]LogD3D11RHI: InitD3DDevice
[2015.10.14-08.59.42:331][794]LogEditorViewport: Clicking on Actor (LMB): BP_Sky_Sphere_C (BP_Sky_Sphere)
[2015.10.14-08.59.45:351][139]LogEditorViewport: Clicking on Actor (context menu): BP_Sky_Sphere_C (BP_Sky_Sphere)
[2015.10.14-08.59.45:379][139]LogD3D11RHI: InitD3DDevice
[2015.10.14-08.59.47:579][387]LogD3D11RHI: InitD3DDevice
[2015.10.14-08.59.54:965][953]LogEditorViewport: Clicking on Actor (context menu): Brush (Box Brush35)
[2015.10.14-08.59.55:005][953]LogD3D11RHI: InitD3DDevice
[2015.10.14-08.59.55:735][ 33]LogD3D11RHI: InitD3DDevice
[2015.10.14-09.00.20:351][977]LogD3D11RHI: InitD3DDevice
[2015.10.14-09.00.21:284][ 87]LogEditorViewport: Clicking on Actor (LMB): Brush (Box Brush32)
[2015.10.14-09.02.01:986][742]LogD3D11RHI: InitD3DDevice
[2015.10.14-09.02.03:900][962]LogD3D11RHI: InitD3DDevice
[2015.10.14-09.02.04:696][ 52]LogD3D11RHI: InitD3DDevice
[2015.10.14-09.02.05:485][144]LogEditorViewport: Clicking Background
[2015.10.14-09.02.17:266][552]LogD3D11RHI: InitD3DDevice
[2015.10.14-09.02.21:971][111]LogD3D11RHI: InitD3DDevice
[2015.10.14-09.02.23:360][272]LogD3D11RHI: InitD3DDevice
[2015.10.14-09.02.23:992][345]LogEditorViewport: Clicking on Actor (LMB): Brush (SecondFloorWalkway)
[2015.10.14-09.02.24:853][444]LogEditorViewport: Clicking Background
[2015.10.14-09.05.02:381][571]LogEditorViewport: Clicking on Actor (LMB): Brush (Box Brush37)
[2015.10.14-09.05.27:958][437]LogEditorViewport: Clicking on Actor (LMB): Brush (Box Brush37)
[2015.10.14-09.07.06:853][408]LogEditorViewport: Clicking on Actor (LMB): Brush (Box Brush38)
[2015.10.14-09.07.08:632][617]LogEditorViewport: Clicking on Actor (LMB): Brush (Box Brush39)
[2015.10.14-09.08.44:927][873]LogEditorViewport: Clicking on Actor (context menu): Brush (Box Brush6)
[2015.10.14-09.08.44:963][873]LogD3D11RHI: InitD3DDevice
[2015.10.14-09.08.45:593][943]LogEditorViewport: Clicking Background
[2015.10.14-09.08.49:413][399]LogEditorViewport: Clicking on Actor (LMB): Brush (Box Brush40)
[2015.10.14-09.08.54:066][950]LogD3D11RHI: InitD3DDevice
[2015.10.14-09.09.21:551][988]LogD3D11RHI: InitD3DDevice
[2015.10.14-09.09.31:500][969]LogD3D11RHI: InitD3DDevice
[2015.10.14-09.09.41:447][ 66]LogD3D11RHI: InitD3DDevice
[2015.10.14-09.09.41:950][121]LogEditorViewport: Clicking on Actor (LMB): Brush (Box Brush41)
[2015.10.14-09.09.49:278][923]LogD3D11RHI: InitD3DDevice
[2015.10.14-09.10.00:622][219]LogD3D11RHI: InitD3DDevice
[2015.10.14-09.10.07:432][829]LogD3D11RHI: InitD3DDevice
[2015.10.14-09.10.18:479][126]LogD3D11RHI: InitD3DDevice
[2015.10.14-09.10.19:638][262]LogEditorViewport: Clicking on Actor (LMB): Brush (Box Brush41)
[2015.10.14-09.10.20:754][389]LogD3D11RHI: InitD3DDevice
[2015.10.14-09.10.28:977][320]LogD3D11RHI: InitD3DDevice
[2015.10.14-09.10.29:699][401]LogD3D11RHI: InitD3DDevice
[2015.10.14-09.10.33:560][855]LogEditorViewport: Clicking on Actor (LMB): Brush (Box Brush42)
[2015.10.14-09.10.34:231][925]Cmd: DELETE
[2015.10.14-09.10.34:231][925]Cmd: ACTOR DELETE
[2015.10.14-09.10.35:000][925]LogEditorActor: Deleted Actor: Brush
[2015.10.14-09.10.35:337][925]LogEditorActor: Deleted 1 Actors (0.339 secs)
[2015.10.14-09.10.36:380][ 46]LogEditorViewport: Clicking on Actor (LMB): Brush (Box Brush41)
[2015.10.14-09.10.41:464][575]LogD3D11RHI: InitD3DDevice
[2015.10.14-09.11.01:546][957]LogEditorViewport: Clicking on Actor (LMB): Brush (Box Brush40)
[2015.10.14-09.11.03:510][171]LogEditorViewport: Clicking Background
[2015.10.14-09.11.16:566][731]LogEditorViewport: Clicking on Actor (LMB): Brush (Box Brush42)
[2015.10.14-09.11.25:552][794]LogD3D11RHI: InitD3DDevice
[2015.10.14-09.11.26:485][903]LogEditorViewport: Clicking on Actor (LMB): Brush (Box Brush41)
[2015.10.14-09.11.43:767][900]LogEditorViewport: Clicking on Actor (LMB): Brush (Box Brush42)
[2015.10.14-09.12.04:563][348]LogD3D11RHI: InitD3DDevice
[2015.10.14-09.12.04:771][367]LogD3D11RHI: InitD3DDevice
[2015.10.14-09.12.05:001][389]LogD3D11RHI: InitD3DDevice
[2015.10.14-09.12.06:926][615]LogEditorViewport: Clicking on Actor (LMB): Brush (FirstFloorFourRooms2)
[2015.10.14-09.12.08:162][756]LogD3D11RHI: InitD3DDevice
[2015.10.14-09.12.25:645][804]LogD3D11RHI: InitD3DDevice
[2015.10.14-09.12.42:830][748]LogD3D11RHI: InitD3DDevice
[2015.10.14-09.12.48:110][360]LogD3D11RHI: InitD3DDevice
[2015.10.14-09.13.03:082][105]LogD3D11RHI: InitD3DDevice
[2015.10.14-09.13.10:036][896]LogD3D11RHI: InitD3DDevice
[2015.10.14-09.13.27:589][844]LogEditorViewport: Clicking on Actor (LMB): Erich_C (Erich)
[2015.10.14-09.13.33:409][367]Cmd: CAMERA ALIGN ACTIVEVIEWPORTONLY
[2015.10.14-09.14.19:603][851]LogD3D11RHI: InitD3DDevice
[2015.10.14-09.14.23:480][269]LogD3D11RHI: InitD3DDevice
[2015.10.14-09.14.35:673][670]LogD3D11RHI: InitD3DDevice
[2015.10.14-09.14.39:672][752]LogD3D11RHI: InitD3DDevice
[2015.10.14-09.14.44:585][337]LogEditorViewport: Clicking on Actor (LMB): Brush (Box Brush43)
[2015.10.14-09.15.09:697][260]LogEditorViewport: Clicking on Actor (LMB): Brush (SecondFloorWalkway)
[2015.10.14-09.15.10:863][395]LogEditorViewport: Clicking on Actor (LMB): Brush (Box Brush43)
[2015.10.14-09.15.34:911][143]LogD3D11RHI: InitD3DDevice
[2015.10.14-09.16.09:976][277]LogEditorViewport: Clicking on Actor (LMB): Brush (Box Brush43)
[2015.10.14-09.16.29:067][482]LogD3D11RHI: InitD3DDevice
[2015.10.14-09.16.31:435][757]LogD3D11RHI: InitD3DDevice
[2015.10.14-09.16.58:685][903]LogD3D11RHI: InitD3DDevice
[2015.10.14-09.17.00:065][ 64]LogEditorViewport: Clicking on Actor (LMB): Brush (Box Brush47)
[2015.10.14-09.17.34:152][  9]LogD3D11RHI: InitD3DDevice
[2015.10.14-09.17.34:560][  9]LogSavePackage: Save=158.583206ms
[2015.10.14-09.17.34:560][  9]LogSavePackage: Moving '../../../../../../Users/Kido/Documents/GitHub/NMNYD/The-Curators/AlexPrototype/Saved/Level197B0358A42AF3D6A2D017DA4AEB5BE4D.tmp' to '../../../../../../Users/Kido/Documents/GitHub/NMNYD/The-Curators/AlexPrototype/Content/Levels/Level1.umap'
[2015.10.14-09.17.34:663][  9]LogFileHelpers: Saving map 'Level1' took 0.491
[2015.10.14-09.17.35:109][ 59]LogD3D11RHI: InitD3DDevice
[2015.10.14-09.18.01:544][992]Cmd: QUIT_EDITOR
[2015.10.14-09.18.02:076][992]LogExit: Preparing to exit.
[2015.10.14-09.18.02:764][992]LogExit: Editor shut down
[2015.10.14-09.18.02:764][992]LogExit: Transaction tracking system shut down
[2015.10.14-09.18.02:766][992]LogParticles: Destroying 0 GPU particle simulations for FXSystem 0x0000000018962CA0
[2015.10.14-09.18.02:766][992]LogParticles: Destroying 0 GPU particle simulations for FXSystem 0x0000000018894540
[2015.10.14-09.18.02:766][992]LogParticles: Destroying 0 GPU particle simulations for FXSystem 0x0000000018894B80
[2015.10.14-09.18.02:767][992]LogParticles: Destroying 0 GPU particle simulations for FXSystem 0x00000000342D7380
[2015.10.14-09.18.02:768][992]LogParticles: Destroying 0 GPU particle simulations for FXSystem 0x0000000006133C40
[2015.10.14-09.18.04:039][992]LogExit: Object subsystem successfully closed.
[2015.10.14-09.18.04:421][992]LogD3D11RHI: Shutdown
[2015.10.14-09.18.04:519][992]LogD3D11RHI: CleanupD3DDevice
[2015.10.14-09.18.04:816][992]LogD3D11RHI: ~FD3D11DynamicRHI
[2015.10.14-09.18.05:046][992]LogModuleManager: Shutting down and abandoning module CrashTracker (188)
[2015.10.14-09.18.05:047][992]LogModuleManager: Shutting down and abandoning module SceneOutliner (187)
[2015.10.14-09.18.05:047][992]LogModuleManager: Shutting down and abandoning module SuperSearch (186)
[2015.10.14-09.18.05:047][992]LogModuleManager: Shutting down and abandoning module WidgetCarousel (185)
[2015.10.14-09.18.05:064][992]LogModuleManager: Shutting down and abandoning module AddContentDialog (184)
[2015.10.14-09.18.05:069][992]LogModuleManager: Shutting down and abandoning module EditorWidgets (183)
[2015.10.14-09.18.05:069][992]LogModuleManager: Shutting down and abandoning module CollectionManager (182)
[2015.10.14-09.18.05:076][992]LogModuleManager: Shutting down and abandoning module StatsViewer (181)
[2015.10.14-09.18.05:082][992]LogModuleManager: Shutting down and abandoning module FoliageEdit (180)
[2015.10.14-09.18.05:082][992]LogModuleManager: Shutting down and abandoning module LandscapeEditor (179)
[2015.10.14-09.18.05:103][992]LogModuleManager: Shutting down and abandoning module ActorPickerMode (178)
[2015.10.14-09.18.05:103][992]LogModuleManager: Shutting down and abandoning module GeometryMode (177)
[2015.10.14-09.18.05:103][992]LogModuleManager: Shutting down and abandoning module TextureAlignMode (176)
[2015.10.14-09.18.05:103][992]LogModuleManager: Shutting down and abandoning module BspMode (175)
[2015.10.14-09.18.05:103][992]LogModuleManager: Shutting down and abandoning module PlacementMode (174)
[2015.10.14-09.18.05:110][992]LogModuleManager: Shutting down and abandoning module AutomationWorker (173)
[2015.10.14-09.18.05:110][992]LogModuleManager: Shutting down and abandoning module CharacterAI (172)
[2015.10.14-09.18.05:110][992]LogModuleManager: Shutting down and abandoning module SmartSnapping (171)
[2015.10.14-09.18.05:110][992]LogModuleManager: Shutting down and abandoning module ViewportSnapping (170)
[2015.10.14-09.18.05:110][992]LogModuleManager: Shutting down and abandoning module LogVisualizer (169)
[2015.10.14-09.18.05:117][992]LogModuleManager: Shutting down and abandoning module GameProjectGeneration (168)
[2015.10.14-09.18.05:139][992]LogModuleManager: Shutting down and abandoning module IntroTutorials (167)
[2015.10.14-09.18.05:152][992]LogModuleManager: Shutting down and abandoning module EditorLiveStreaming (166)
[2015.10.14-09.18.05:152][992]LogModuleManager: Shutting down and abandoning module IOSPlatformEditor (165)
[2015.10.14-09.18.05:156][992]LogModuleManager: Shutting down and abandoning module HTML5PlatformEditor (164)
[2015.10.14-09.18.05:156][992]LogModuleManager: Shutting down and abandoning module AndroidDeviceDetection (163)
[2015.10.14-09.18.05:573][992]LogModuleManager: Shutting down and abandoning module AndroidPlatformEditor (162)
[2015.10.14-09.18.05:573][992]LogModuleManager: Shutting down and abandoning module IOSRuntimeSettings (161)
[2015.10.14-09.18.05:573][992]LogModuleManager: Shutting down and abandoning module AndroidRuntimeSettings (160)
[2015.10.14-09.18.05:573][992]LogModuleManager: Shutting down and abandoning module MergeActors (159)
[2015.10.14-09.18.05:581][992]LogModuleManager: Shutting down and abandoning module SizeMap (158)
[2015.10.14-09.18.05:581][992]LogModuleManager: Shutting down and abandoning module TreeMap (157)
[2015.10.14-09.18.05:588][992]LogModuleManager: Shutting down and abandoning module ReferenceViewer (156)
[2015.10.14-09.18.05:588][992]LogModuleManager: Shutting down and abandoning module LocalizationDashboard (155)
[2015.10.14-09.18.05:598][992]LogModuleManager: Shutting down and abandoning module HardwareTargeting (154)
[2015.10.14-09.18.05:598][992]LogModuleManager: Shutting down and abandoning module DeviceProfileEditor (153)
[2015.10.14-09.18.05:608][992]LogModuleManager: Shutting down and abandoning module UndoHistory (152)
[2015.10.14-09.18.05:616][992]LogModuleManager: Shutting down and abandoning module GameplayTagsEditor (151)
[2015.10.14-09.18.05:616][992]LogModuleManager: Shutting down and abandoning module UserFeedback (150)
[2015.10.14-09.18.05:616][992]LogModuleManager: Shutting down and abandoning module XmlParser (149)
[2015.10.14-09.18.05:626][992]LogModuleManager: Shutting down and abandoning module Blutility (148)
[2015.10.14-09.18.05:626][992]LogModuleManager: Shutting down and abandoning module ProjectTargetPlatformEditor (147)
[2015.10.14-09.18.05:626][992]LogModuleManager: Shutting down and abandoning module ProjectSettingsViewer (146)
[2015.10.14-09.18.05:626][992]LogModuleManager: Shutting down and abandoning module InputBindingEditor (145)
[2015.10.14-09.18.05:636][992]LogModuleManager: Shutting down and abandoning module EditorSettingsViewer (144)
[2015.10.14-09.18.05:636][992]LogModuleManager: Shutting down and abandoning module SettingsEditor (143)
[2015.10.14-09.18.05:636][992]LogModuleManager: Shutting down and abandoning module ProjectLauncher (142)
[2015.10.14-09.18.05:646][992]LogModuleManager: Shutting down and abandoning module SessionFrontend (141)
[2015.10.14-09.18.05:653][992]LogModuleManager: Shutting down and abandoning module ProfilerClient (140)
[2015.10.14-09.18.05:663][992]LogModuleManager: Shutting down and abandoning module TargetDeviceServices (139)
[2015.10.14-09.18.05:663][992]LogModuleManager: Shutting down and abandoning module DeviceManager (138)
[2015.10.14-09.18.05:675][992]LogModuleManager: Shutting down and abandoning module AutomationController (137)
[2015.10.14-09.18.05:682][992]LogModuleManager: Shutting down and abandoning module AutomationWindow (136)
[2015.10.14-09.18.05:687][992]LogModuleManager: Shutting down and abandoning module Layers (135)
[2015.10.14-09.18.05:702][992]LogModuleManager: Shutting down and abandoning module ComponentVisualizers (134)
[2015.10.14-09.18.05:702][992]LogModuleManager: Shutting down and abandoning module DetailCustomizations (133)
[2015.10.14-09.18.05:702][992]LogModuleManager: Shutting down and abandoning module PackagesDialog (132)
[2015.10.14-09.18.05:702][992]LogModuleManager: Shutting down and abandoning module AssetRegistry (131)
[2015.10.14-09.18.05:888][992]LogModuleManager: Shutting down and abandoning module Persona (130)
[2015.10.14-09.18.05:927][992]LogModuleManager: Shutting down and abandoning module Kismet (129)
[2015.10.14-09.18.05:938][992]LogModuleManager: Shutting down and abandoning module GraphEditor (128)
[2015.10.14-09.18.05:952][992]LogModuleManager: Shutting down and abandoning module ClassViewer (127)
[2015.10.14-09.18.05:952][992]LogModuleManager: Shutting down and abandoning module Toolbox (126)
[2015.10.14-09.18.05:952][992]LogModuleManager: Shutting down and abandoning module ModuleUI (125)
[2015.10.14-09.18.05:956][992]LogModuleManager: Shutting down and abandoning module MovieSceneTools (124)
[2015.10.14-09.18.05:972][992]LogModuleManager: Shutting down and abandoning module OutputLog (123)
[2015.10.14-09.18.05:972][992]LogModuleManager: Shutting down and abandoning module GammaUI (122)
[2015.10.14-09.18.05:981][992]LogModuleManager: Shutting down and abandoning module Documentation (121)
[2015.10.14-09.18.05:981][992]LogModuleManager: Shutting down and abandoning module GameLiveStreaming (120)
[2015.10.14-09.18.05:987][992]LogModuleManager: Shutting down and abandoning module StreamingPauseRendering (119)
[2015.10.14-09.18.05:987][992]LogModuleManager: Shutting down and abandoning module AnalyticsET (118)
[2015.10.14-09.18.05:987][992]LogModuleManager: Shutting down and abandoning module Analytics (117)
[2015.10.14-09.18.05:987][992]LogModuleManager: Shutting down and abandoning module AITestSuite (116)
[2015.10.14-09.18.05:991][992]LogModuleManager: Shutting down and abandoning module GameplayDebugger (115)
[2015.10.14-09.18.05:991][992]LogModuleManager: Shutting down and abandoning module AIModule (114)
[2015.10.14-09.18.05:991][992]LogModuleManager: Shutting down and abandoning module ProfilerService (113)
[2015.10.14-09.18.06:093][992]LogModuleManager: Shutting down and abandoning module TaskGraph (112)
[2015.10.14-09.18.06:101][992]LogModuleManager: Shutting down and abandoning module SlateRemote (111)
[2015.10.14-09.18.06:102][992]LogModuleManager: Shutting down and abandoning module SteamVRController (110)
[2015.10.14-09.18.06:102][992]LogModuleManager: Shutting down and abandoning module SteamVR (109)
[2015.10.14-09.18.06:102][992]LogModuleManager: Shutting down and abandoning module ProceduralMeshComponent (108)
[2015.10.14-09.18.06:102][992]LogModuleManager: Shutting down and abandoning module OculusRift (107)
[2015.10.14-09.18.06:102][992]LogModuleManager: Shutting down and abandoning module LeapMotionController (106)
[2015.10.14-09.18.06:185][992]LogModuleManager: Shutting down and abandoning module CustomMeshComponent (105)
[2015.10.14-09.18.06:185][992]LogModuleManager: Shutting down and abandoning module CableComponent (104)
[2015.10.14-09.18.06:269][992]LogModuleManager: Shutting down and abandoning module MessagingDebugger (103)
[2015.10.14-09.18.06:407][992]LogModuleManager: Shutting down and abandoning module MediaPlayerEditor (102)
[2015.10.14-09.18.06:414][992]LogModuleManager: Shutting down and abandoning module SpeedTreeImporter (101)
[2015.10.14-09.18.06:414][992]LogModuleManager: Shutting down and abandoning module PluginBrowser (100)
[2015.10.14-09.18.06:423][992]LogModuleManager: Shutting down and abandoning module EpicSurvey (99)
[2015.10.14-09.18.06:429][992]LogModuleManager: Shutting down and abandoning module DesktopPlatform (98)
[2015.10.14-09.18.06:506][992]LogModuleManager: Shutting down and abandoning module VisualStudioSourceCodeAccess (97)
[2015.10.14-09.18.06:523][992]LogModuleManager: Shutting down and abandoning module UObjectPlugin (96)
[2015.10.14-09.18.06:523][992]LogModuleManager: Shutting down and abandoning module SubversionSourceControl (95)
[2015.10.14-09.18.06:563][992]LogModuleManager: Shutting down and abandoning module PerforceSourceControl (94)
[2015.10.14-09.18.06:574][992]LogModuleManager: Shutting down and abandoning module SourceControl (93)
[2015.10.14-09.18.06:587][992]LogModuleManager: Shutting down and abandoning module GitSourceControl (92)
[2015.10.14-09.18.06:596][992]LogModuleManager: Shutting down and abandoning module BlankPlugin (91)
[2015.10.14-09.18.06:596][992]LogModuleManager: Shutting down and abandoning module PaperTiledImporter (90)
[2015.10.14-09.18.06:596][992]LogModuleManager: Shutting down and abandoning module PaperSpriteSheetImporter (89)
[2015.10.14-09.18.06:596][992]LogModuleManager: Shutting down and abandoning module MeshPaint (88)
[2015.10.14-09.18.06:596][992]LogModuleManager: Shutting down and abandoning module SlateReflector (87)
[2015.10.14-09.18.06:608][992]LogModuleManager: Shutting down and abandoning module DirectoryWatcher (86)
[2015.10.14-09.18.06:609][992]LogModuleManager: Shutting down and abandoning module HotReload (85)
[2015.10.14-09.18.06:609][992]LogModuleManager: Shutting down and abandoning module MainFrame (84)
[2015.10.14-09.18.06:609][992]LogModuleManager: Shutting down and abandoning module LevelEditor (83)
[2015.10.14-09.18.06:615][992]LogModuleManager: Shutting down and abandoning module ContentBrowser (82)
[2015.10.14-09.18.06:616][992]LogModuleManager: Shutting down and abandoning module Paper2DEditor (81)
[2015.10.14-09.18.06:639][992]LogModuleManager: Shutting down and abandoning module UdpMessaging (80)
[2015.10.14-09.18.06:739][992]LogModuleManager: Shutting down and abandoning module Paper2D (79)
[2015.10.14-09.18.06:761][992]LogModuleManager: Shutting down and abandoning module WindowsMoviePlayer (78)
[2015.10.14-09.18.06:765][992]LogModuleManager: Shutting down and abandoning module Media (77)
[2015.10.14-09.18.06:765][992]LogModuleManager: Shutting down and abandoning module WmfMedia (76)
[2015.10.14-09.18.06:775][992]LogModuleManager: Shutting down and abandoning module OnlineBlueprintSupport (75)
[2015.10.14-09.18.06:775][992]LogModuleManager: Shutting down and abandoning module PropertyEditor (74)
[2015.10.14-09.18.06:775][992]LogModuleManager: Shutting down and abandoning module BehaviorTreeEditor (73)
[2015.10.14-09.18.06:790][992]LogModuleManager: Shutting down and abandoning module FunctionalTesting (72)
[2015.10.14-09.18.06:801][992]LogModuleManager: Shutting down and abandoning module CollisionAnalyzer (71)
[2015.10.14-09.18.06:823][992]LogModuleManager: Shutting down and abandoning module WorkspaceMenuStructure (70)
[2015.10.14-09.18.06:823][992]LogModuleManager: Shutting down and abandoning module MessageLog (69)
[2015.10.14-09.18.06:823][992]LogModuleManager: Shutting down and abandoning module Sequencer (68)
[2015.10.14-09.18.06:841][992]LogModuleManager: Shutting down and abandoning module AssetTools (67)
[2015.10.14-09.18.06:857][992]LogModuleManager: Shutting down and abandoning module UMGEditor (66)
[2015.10.14-09.18.06:871][992]LogModuleManager: Shutting down and abandoning module UMG (65)
[2015.10.14-09.18.06:876][992]LogModuleManager: Shutting down and abandoning module Slate (64)
[2015.10.14-09.18.06:876][992]LogModuleManager: Shutting down and abandoning module EditorStyle (63)
[2015.10.14-09.18.06:883][992]LogModuleManager: Shutting down and abandoning module SessionServices (62)
[2015.10.14-09.18.06:883][992]LogModuleManager: Shutting down and abandoning module SourceCodeAccess (61)
[2015.10.14-09.18.06:883][992]LogModuleManager: Shutting down and abandoning module HeadMountedDisplay (60)
[2015.10.14-09.18.06:883][992]LogModuleManager: Shutting down and abandoning module XAudio2 (59)
[2015.10.14-09.18.06:883][992]LogModuleManager: Shutting down and abandoning module Networking (57)
[2015.10.14-09.18.06:883][992]LogModuleManager: Shutting down and abandoning module Core (56)
[2015.10.14-09.18.06:883][992]LogModuleManager: Shutting down and abandoning module KismetCompiler (55)
[2015.10.14-09.18.06:883][992]LogModuleManager: Shutting down and abandoning module PhysXFormats (54)
[2015.10.14-09.18.06:883][992]LogModuleManager: Shutting down and abandoning module MeshUtilities (53)
[2015.10.14-09.18.06:898][992]LogModuleManager: Shutting down and abandoning module DerivedDataCache (52)
[2015.10.14-09.18.06:917][992]LogDerivedDataCache: Shutdown
[2015.10.14-09.18.06:918][992]LogModuleManager: Shutting down and abandoning module ShaderFormatOpenGL (51)
[2015.10.14-09.18.06:926][992]LogModuleManager: Shutting down and abandoning module ShaderFormatD3D (50)
[2015.10.14-09.18.06:926][992]LogModuleManager: Shutting down and abandoning module MetalShaderFormat (49)
[2015.10.14-09.18.06:944][992]LogModuleManager: Shutting down and abandoning module TextureFormatUncompressed (48)
[2015.10.14-09.18.06:944][992]LogModuleManager: Shutting down and abandoning module TextureFormatPVR (47)
[2015.10.14-09.18.06:944][992]LogModuleManager: Shutting down and abandoning module TextureFormatIntelISPCTexComp (46)
[2015.10.14-09.18.06:944][992]LogModuleManager: Shutting down and abandoning module TextureFormatDXT (45)
[2015.10.14-09.18.06:944][992]LogModuleManager: Shutting down and abandoning module ImageWrapper (44)
[2015.10.14-09.18.06:944][992]LogModuleManager: Shutting down and abandoning module TextureFormatASTC (43)
[2015.10.14-09.18.06:944][992]LogModuleManager: Shutting down and abandoning module TextureFormatAndroid (42)
[2015.10.14-09.18.06:944][992]LogModuleManager: Shutting down and abandoning module AudioFormatOpus (41)
[2015.10.14-09.18.06:955][992]LogModuleManager: Shutting down and abandoning module AudioFormatOgg (40)
[2015.10.14-09.18.06:955][992]LogModuleManager: Shutting down and abandoning module AudioFormatADPCM (39)
[2015.10.14-09.18.06:955][992]LogModuleManager: Shutting down and abandoning module LinuxTargetPlatform (38)
[2015.10.14-09.18.06:956][992]LogModuleManager: Shutting down and abandoning module LinuxServerTargetPlatform (37)
[2015.10.14-09.18.06:956][992]LogModuleManager: Shutting down and abandoning module LinuxNoEditorTargetPlatform (36)
[2015.10.14-09.18.06:956][992]LogModuleManager: Shutting down and abandoning module Messaging (35)
[2015.10.14-09.18.06:956][992]LogModuleManager: Shutting down and abandoning module IOSTargetPlatform (34)
[2015.10.14-09.18.06:956][992]LogModuleManager: Shutting down and abandoning module HTML5TargetPlatform (33)
[2015.10.14-09.18.06:956][992]LogModuleManager: Shutting down and abandoning module Android_PVRTCTargetPlatform (32)
[2015.10.14-09.18.06:956][992]LogModuleManager: Shutting down and abandoning module Android_ETC2TargetPlatform (31)
[2015.10.14-09.18.06:956][992]LogModuleManager: Shutting down and abandoning module Android_ETC1TargetPlatform (30)
[2015.10.14-09.18.06:956][992]LogModuleManager: Shutting down and abandoning module Android_DXTTargetPlatform (29)
[2015.10.14-09.18.06:956][992]LogModuleManager: Shutting down and abandoning module Android_ATCTargetPlatform (28)
[2015.10.14-09.18.06:956][992]LogModuleManager: Shutting down and abandoning module Android_ASTCTargetPlatform (27)
[2015.10.14-09.18.06:956][992]LogModuleManager: Shutting down and abandoning module AndroidTargetPlatform (26)
[2015.10.14-09.18.06:956][992]LogModuleManager: Shutting down and abandoning module WindowsTargetPlatform (25)
[2015.10.14-09.18.06:956][992]LogModuleManager: Shutting down and abandoning module WindowsServerTargetPlatform (24)
[2015.10.14-09.18.06:956][992]LogModuleManager: Shutting down and abandoning module WindowsNoEditorTargetPlatform (23)
[2015.10.14-09.18.06:956][992]LogModuleManager: Shutting down and abandoning module WindowsClientTargetPlatform (22)
[2015.10.14-09.18.06:956][992]LogModuleManager: Shutting down and abandoning module DesktopTargetPlatform (21)
[2015.10.14-09.18.06:956][992]LogModuleManager: Shutting down and abandoning module TargetPlatform (20)
[2015.10.14-09.18.06:956][992]LogModuleManager: Shutting down and abandoning module InputCore (19)
[2015.10.14-09.18.06:956][992]LogModuleManager: Shutting down and abandoning module Settings (18)
[2015.10.14-09.18.06:956][992]LogModuleManager: Shutting down and abandoning module OnlineSubsystem (16)
[2015.10.14-09.18.06:956][992]LogModuleManager: Shutting down and abandoning module HTTP (15)
[2015.10.14-09.18.06:956][992]LogModuleManager: Shutting down and abandoning module ExampleDeviceProfileSelector (14)
[2015.10.14-09.18.06:956][992]LogModuleManager: Shutting down and abandoning module TextureCompressor (13)
[2015.10.14-09.18.06:956][992]LogModuleManager: Shutting down and abandoning module ShaderCore (12)
[2015.10.14-09.18.06:956][992]LogModuleManager: Shutting down and abandoning module Landscape (11)
[2015.10.14-09.18.06:956][992]LogModuleManager: Shutting down and abandoning module SlateRHIRenderer (10)
[2015.10.14-09.18.07:002][992]LogModuleManager: Shutting down and abandoning module OpenGLDrv (9)
[2015.10.14-09.18.07:007][992]LogModuleManager: Shutting down and abandoning module D3D11RHI (8)
[2015.10.14-09.18.07:007][992]LogModuleManager: Shutting down and abandoning module Renderer (7)
[2015.10.14-09.18.07:007][992]LogModuleManager: Shutting down and abandoning module Engine (6)
[2015.10.14-09.18.07:007][992]LogModuleManager: Shutting down and abandoning module CoreUObject (5)
[2015.10.14-09.18.07:007][992]LogModuleManager: Shutting down and abandoning module NetworkFile (4)
[2015.10.14-09.18.07:011][992]LogModuleManager: Shutting down and abandoning module StreamingFile (3)
[2015.10.14-09.18.07:011][992]LogModuleManager: Shutting down and abandoning module SandboxFile (2)
[2015.10.14-09.18.07:022][992]LogModuleManager: Shutting down and abandoning module PakFile (1)
[2015.10.14-09.18.07:058][992]LogExit: Exiting.
[2015.10.14-09.18.07:108][992]Log file closed, 10/14/15 05:18:07
