[2015.11.11-03.51.51:221][  0]Log file open, 11/10/15 22:51:51
[2015.11.11-03.51.51:221][  0]LogInit:Display: Running engine for game: MyProject
[2015.11.11-03.51.51:221][  0]LogInit:Display: RandInit(949473179) SRandInit(949473180).
[2015.11.11-03.51.51:221][  0]LogTaskGraph: Started task graph with 4 named threads and 7 total threads.
[2015.11.11-03.51.51:221][  0]LogStats: Stats thread started
[2015.11.11-03.51.51:221][  0]LogInit: Version: 4.8.3-2634408+++depot+UE4-Releases+4.8
[2015.11.11-03.51.51:221][  0]LogInit: API Version: 2579680
[2015.11.11-03.51.51:221][  0]LogInit: Compiled (64-bit): Jul 27 2015 16:24:33
[2015.11.11-03.51.51:221][  0]LogInit: Compiled with Visual C++: 18.00.21005.01
[2015.11.11-03.51.51:221][  0]LogInit: Build Configuration: Development
[2015.11.11-03.51.51:221][  0]LogInit: Branch Name: ++depot+UE4-Releases+4.8
[2015.11.11-03.51.51:221][  0]LogInit: Command line: 
[2015.11.11-03.51.51:221][  0]LogInit: Base directory: C:/Program Files/Epic Games/4.8/Engine/Binaries/Win64/
[2015.11.11-03.51.51:221][  0]LogInit: Rocket: 1
[2015.11.11-03.51.51:237][  0]LogInit: Using libcurl 7.41.0
[2015.11.11-03.51.51:237][  0]LogInit:  - built for x86_64-pc-win32
[2015.11.11-03.51.51:237][  0]LogInit:  - supports SSL with WinSSL
[2015.11.11-03.51.51:237][  0]LogInit:  - other features:
[2015.11.11-03.51.51:237][  0]LogInit:      CURL_VERSION_SSL
[2015.11.11-03.51.51:237][  0]LogInit:      CURL_VERSION_IPV6
[2015.11.11-03.51.51:237][  0]LogInit:      CURL_VERSION_ASYNCHDNS
[2015.11.11-03.51.51:237][  0]LogInit:      CURL_VERSION_LARGEFILE
[2015.11.11-03.51.51:237][  0]LogInit:      CURL_VERSION_IDN
[2015.11.11-03.51.51:237][  0]LogInit:  CurlRequestOptions (configurable via config and command line):
[2015.11.11-03.51.51:237][  0]LogInit:  - bVerifyPeer = true  - Libcurl will verify peer certificate
[2015.11.11-03.51.51:237][  0]LogInit:  - bUseHttpProxy = false  - Libcurl will NOT use HTTP proxy
[2015.11.11-03.51.51:237][  0]LogInit:  - bDontReuseConnections = false  - Libcurl will reuse connections
[2015.11.11-03.51.51:237][  0]LogInit:  - CertBundlePath = nullptr  - Libcurl will use whatever was configured at build time.
[2015.11.11-03.51.51:251][  0]LogOnline:Warning: No default platform service specified for OnlineSubsystem
[2015.11.11-03.51.51:265][  0]LogInit: Presizing for 0 objects not considered by GC, pre-allocating 0 bytes.
[2015.11.11-03.51.51:271][  0]LogInit: Object subsystem initialized
[2015.11.11-03.51.51:272][  0]LogConsoleResponse:Warning: Skipping Unknown console variable: 'TranslucentSortAxis = (X=0.000000,Y=-1.000000,Z=0.000000)'
[2015.11.11-03.51.51:272][  0]LogConsoleResponse:Warning:   Found in ini file 'C:/Users/Christopher/Documents/GitHub/The-Curators/AlexPrototype/Saved/Config/Windows/Engine.ini', in section '[/Script/Engine.RendererSettings]'
[2015.11.11-03.51.51:272][  0]LogConsoleResponse:Warning: Skipping Unknown console variable: 'UIScaleRule = ShortestSide'
[2015.11.11-03.51.51:272][  0]LogConsoleResponse:Warning:   Found in ini file 'C:/Users/Christopher/Documents/GitHub/The-Curators/AlexPrototype/Saved/Config/Windows/Engine.ini', in section '[/Script/Engine.RendererSettings]'
[2015.11.11-03.51.51:272][  0]LogConsoleResponse:Warning: Skipping Unknown console variable: 'UIScaleCurve = (EditorCurveData=(Keys=),ExternalCurve=None)'
[2015.11.11-03.51.51:272][  0]LogConsoleResponse:Warning:   Found in ini file 'C:/Users/Christopher/Documents/GitHub/The-Curators/AlexPrototype/Saved/Config/Windows/Engine.ini', in section '[/Script/Engine.RendererSettings]'
[2015.11.11-03.51.51:273][  0]LogInit: Selected Device Profile: [Windows]
[2015.11.11-03.51.51:273][  0]LogInit: Applying CVar settings loaded from the selected device profile: [Windows]
[2015.11.11-03.51.51:284][  0]LogInit: Computer: CHRISTOPHER-S70
[2015.11.11-03.51.51:284][  0]LogInit: User: Christopher
[2015.11.11-03.51.51:284][  0]LogInit: CPU Page size=4096, Cores=4
[2015.11.11-03.51.51:284][  0]LogInit: High frequency timer resolution =2.435780 MHz
[2015.11.11-03.51.51:284][  0]LogMemory: Memory total: Physical=11.9GB (12GB approx)
[2015.11.11-03.51.51:285][  0]LogMemory: Platform Memory Stats for Windows
[2015.11.11-03.51.51:285][  0]LogMemory: Process Physical Memory: 50.12 MB used, 50.12 MB peak
[2015.11.11-03.51.51:285][  0]LogMemory: Process Virtual Memory: 24.53 MB used, 24.53 MB peak
[2015.11.11-03.51.51:285][  0]LogMemory: Physical Memory: 3400.77 MB used, 12200.09 MB total
[2015.11.11-03.51.51:285][  0]LogMemory: Virtual Memory: 312.92 MB used, 134217728.00 MB total
[2015.11.11-03.51.51:317][  0]LogTextLocalizationManager: The requested culture ('en_US') has no localization data; parent culture's ('en') localization data will be used.
[2015.11.11-03.51.51:543][  0]LogTextLocalizationManager:Warning: Loaded localization resources contain conflicting entries for (Namespace:ContentBrowser, Key:ImportAssetToolTip):
Localization Resource: (C:/Program Files/Epic Games/4.8/Engine/Content/Localization/Editor/en/Editor.locres) Source String Hash: (-630476809) Localized String: (Import to {0}...)
Localization Resource: (C:/Program Files/Epic Games/4.8/Engine/Content/Localization/Editor/en/Editor.locres) Source String Hash: (1271782899) Localized String: (Imports an asset from file to this folder.)
[2015.11.11-03.51.52:076][  0]LogD3D11RHI: Found D3D11 adapter 0: Intel(R) HD Graphics 4600 (Feature Level 11_0)
[2015.11.11-03.51.52:076][  0]LogD3D11RHI: Adapter has 112MB of dedicated video memory, 0MB of dedicated system memory, and 6100MB of shared system memory, 1 output[s]
[2015.11.11-03.51.52:573][  0]LogD3D11RHI: Found D3D11 adapter 1: AMD Radeon R9 M265X (Feature Level 11_0)
[2015.11.11-03.51.52:573][  0]LogD3D11RHI: Adapter has 2026MB of dedicated video memory, 0MB of dedicated system memory, and 6100MB of shared system memory, 0 output[s]
[2015.11.11-03.51.52:575][  0]LogD3D11RHI: Found D3D11 adapter 2: Microsoft Basic Render Driver (Feature Level 11_0)
[2015.11.11-03.51.52:575][  0]LogD3D11RHI: Adapter has 0MB of dedicated video memory, 0MB of dedicated system memory, and 6100MB of shared system memory, 0 output[s]
[2015.11.11-03.51.52:575][  0]LogD3D11RHI: Chosen D3D11 Adapter Id = 0
[2015.11.11-03.51.52:580][  0]LogD3D11RHI: InitD3DDevice
[2015.11.11-03.51.52:580][  0]LogD3D11RHI: !Direct3DDevice
[2015.11.11-03.51.52:580][  0]LogRHI: Texture pool is 1361 MB (70% of 1945 MB)
[2015.11.11-03.51.52:588][  0]LogD3D11RHI: Async texture creation enabled
[2015.11.11-03.51.52:593][  0]LogShaderCompilers:Display: Using Local Shader Compiler.
[2015.11.11-03.51.53:383][  0]LogTemp:Display: Loaded TP DesktopTargetPlatform
[2015.11.11-03.51.53:404][  0]LogTemp:Display: Loaded TP WindowsClientTargetPlatform
[2015.11.11-03.51.53:419][  0]LogTemp:Display: Loaded TP WindowsNoEditorTargetPlatform
[2015.11.11-03.51.53:435][  0]LogTemp:Display: Loaded TP WindowsServerTargetPlatform
[2015.11.11-03.51.53:451][  0]LogTemp:Display: Loaded TP WindowsTargetPlatform
[2015.11.11-03.51.53:464][  0]LogTemp:Display: Loaded TP AndroidTargetPlatform
[2015.11.11-03.51.53:477][  0]LogTemp:Display: Loaded TP Android_ASTCTargetPlatform
[2015.11.11-03.51.53:494][  0]LogTemp:Display: Loaded TP Android_ATCTargetPlatform
[2015.11.11-03.51.53:510][  0]LogTemp:Display: Loaded TP Android_DXTTargetPlatform
[2015.11.11-03.51.53:522][  0]LogTemp:Display: Loaded TP Android_ETC1TargetPlatform
[2015.11.11-03.51.53:535][  0]LogTemp:Display: Loaded TP Android_ETC2TargetPlatform
[2015.11.11-03.51.53:548][  0]LogTemp:Display: Loaded TP Android_PVRTCTargetPlatform
[2015.11.11-03.51.53:600][  0]LogTemp:Display: Loaded TP IOSTargetPlatform
[2015.11.11-03.51.53:613][  0]LogTemp:Display: Loaded TP LinuxNoEditorTargetPlatform
[2015.11.11-03.51.53:626][  0]LogTemp:Display: Loaded TP LinuxServerTargetPlatform
[2015.11.11-03.51.53:639][  0]LogTemp:Display: Loaded TP LinuxTargetPlatform
[2015.11.11-03.51.53:639][  0]LogTargetPlatformManager:Display: Building Assets For Windows
[2015.11.11-03.51.53:864][  0]LogDerivedDataCache:Display: Max Cache Size: 512 MB
[2015.11.11-03.51.53:943][  0]LogDerivedDataCache: Loaded boot cache 0.08s 53MB C:/Users/Christopher/AppData/Local/UnrealEngine/4.8/DerivedDataCache/Boot.ddc.
[2015.11.11-03.51.53:943][  0]LogDerivedDataCache:Display: Loaded Boot cache: C:/Users/Christopher/AppData/Local/UnrealEngine/4.8/DerivedDataCache/Boot.ddc
[2015.11.11-03.51.53:943][  0]LogDerivedDataCache: FDerivedDataBackendGraph:  Pak pak cache file ../../../../../../Users/Christopher/Documents/GitHub/The-Curators/AlexPrototype/DerivedDataCache/DDC.ddp not found, will not use a pak cache.
[2015.11.11-03.51.53:943][  0]LogDerivedDataCache: Unable to find inner node Pak for hierarchical cache Hierarchy.
[2015.11.11-03.51.53:943][  0]LogDerivedDataCache: FDerivedDataBackendGraph:  CompressedPak pak cache file ../../../../../../Users/Christopher/Documents/GitHub/The-Curators/AlexPrototype/DerivedDataCache/Compressed.ddp not found, will not use a pak cache.
[2015.11.11-03.51.53:943][  0]LogDerivedDataCache: Unable to find inner node CompressedPak for hierarchical cache Hierarchy.
[2015.11.11-03.51.54:106][  0]LogDerivedDataCache:Display: Pak cache opened for reading ../../../Engine/DerivedDataCache/Compressed.ddp.
[2015.11.11-03.51.54:118][  0]LogDerivedDataCache: Using Local data cache path C:/Users/Christopher/AppData/Local/UnrealEngine/Common/DerivedDataCache: Writable
[2015.11.11-03.51.54:337][  0]LogInit: Selected Device Profile: [Windows]
[2015.11.11-03.51.54:430][  0]ImportText (ComponentSweepMultiTests): Missing closing parenthesis: (RootShapeAsset="/Engine/BasicShapes/Cube.Cube",ShapeType="TriggerCapsule",HitResult=(Time=0.50,Location=(X=-100.000015,Y=0.0,Z=100.000015),ImpactPoint=(X=-50.0,Y=0.0,Z=50.0),Normal=(X=-1.0,Y=-0.0,Z=0.0),ImpactNormal=(X=0.0,Y=0.0,Z=1.0),TraceStart=(X=-200.0,Y=0.0,Z=200.0),TraceEnd=(X=0.0,Y=0.0,Z=0.0))
[2015.11.11-03.51.54:431][  0]ImportText (LineTraceSingleByChannelTests): Missing closing parenthesis: (RootShapeAsset="/Engine/BasicShapes/Cube.Cube",HitResult=(Time=0.50,Location=(X=-100.000015,Y=0.0,Z=100.000015),ImpactPoint=(X=-50.0,Y=0.0,Z=50.0),Normal=(X=-1.0,Y=-0.0,Z=0.0),ImpactNormal=(X=0.0,Y=0.0,Z=1.0),TraceStart=(X=-200.0,Y=0.0,Z=200.0),TraceEnd=(X=0.0,Y=0.0,Z=0.0))
[2015.11.11-03.51.54:460][  0]LogMeshUtilities: No automatic mesh reduction module available
[2015.11.11-03.51.54:460][  0]LogMeshUtilities: No automatic mesh merging module available
[2015.11.11-03.51.54:830][  0]LogInit: WinSock: version 1.1 (2.2), MaxSocks=32767, MaxUdp=65467
[2015.11.11-03.51.55:774][  0]UdpMessaging: Initializing bridge on interface 0.0.0.0:0 to multicast group 230.0.0.1:6666.
[2015.11.11-03.51.56:126][  0]SourceControl: Info Source control is disabled
[2015.11.11-03.51.56:135][  0]SourceControl: Info Source control is disabled
[2015.11.11-03.51.56:147][  0]SourceControl: Info Source control is disabled
[2015.11.11-03.51.56:159][  0]SourceControl: Info Source control is disabled
[2015.11.11-03.51.56:402][  0]LogObj: 26273 objects as part of root set at end of initial load.
[2015.11.11-03.51.56:402][  0]LogUObjectAllocator: 5409248 out of 0 bytes used by permanent object pool.
[2015.11.11-03.51.56:475][  0]LogEngine: Initializing Engine...
[2015.11.11-03.51.56:477][  0]LogHMD: Can't find Oculus library dev build: is proper Runtime installed? Version: 0.6.0.0
[2015.11.11-03.51.56:479][  0]LogHMD:Warning: SteamVR failed to initialize.  Error: 110
[2015.11.11-03.51.56:654][  0]LogAIModule: Creating AISystem for world NewWorld
[2015.11.11-03.51.56:657][  0]LogInit: XAudio2 using 'Speakers (Realtek High Definition Audio)' : 2 channels at 48 kHz using 32 bits per sample (channel mask 0x3)
[2015.11.11-03.51.56:665][  0]LogInit: FAudioDevice initialized.
[2015.11.11-03.51.56:745][  0]LogDerivedDataCache: Saved boot cache 0.08s 53MB C:/Users/Christopher/AppData/Local/UnrealEngine/4.8/DerivedDataCache/Boot.ddc.
[2015.11.11-03.51.56:752][  0]LogInit: Texture streaming: Disabled
[2015.11.11-03.51.56:777][  0]LogAnalytics: Creating configured Analytics provider AnalyticsET
[2015.11.11-03.51.56:777][  0]LogAnalytics: [UEEditor.Rocket.Release] APIServer = http://et2.epicgames.com/ET2/. AppVersion = 4.8.3-2634408+++depot+UE4-Releases+4.8
[2015.11.11-03.51.56:777][  0]LogAnalytics: [UEEditor.Rocket.Release] SetUserId ee8c485444fe82b8e773c5ac08d91953|2c1976e1aa9b48b0b119ac4e9eb64ec6|e685999b-cf46-4ff8-9f2e-f2a1072524f0
[2015.11.11-03.51.56:777][  0]LogAnalytics: [UEEditor.Rocket.Release] AnalyticsET::StartSession
[2015.11.11-03.51.56:813][  0]LogInit: Transaction tracking system initialized
[2015.11.11-03.51.56:956][  0]BlueprintLog: New page: Editor Load
[2015.11.11-03.51.56:995][  0]LogAssetRegistry: FAssetRegistry took 0.0111 seconds to start up
[2015.11.11-03.51.56:996][  0]LogDirectoryWatcher:Warning: Failed to begin reading directory changes for ../../../Engine/Plugins/Experimental/CharacterAI/Content/. Error: 0
[2015.11.11-03.51.57:806][  0]LogConsoleManager:Warning: Console variable 'r.VSync' wasn't set ('GameSetting' has a lower priority than 'SystemSettingsIni')
[2015.11.11-03.51.57:807][  0]LogConsoleResponse:Display: 
[2015.11.11-03.51.57:945][  0]LogCook:Display: Done creating registry. It took  0.00s.
[2015.11.11-03.51.58:139][  0]SourceControl: Info Source control is disabled
[2015.11.11-03.51.58:139][  0]Cmd: MAP LOAD FILE="../../../../../../Users/Christopher/Documents/GitHub/The-Curators/AlexPrototype/Content/StarterContent/Maps/Minimal_Default.umap" TEMPLATE=0 SHOWPROGRESS=1 FEATURELEVEL=3
[2015.11.11-03.51.58:139][  0]LightingResults: New page: Lighting Build
[2015.11.11-03.51.58:152][  0]MapCheck: New page: Map Check
[2015.11.11-03.51.58:152][  0]LightingResults: New page: Lighting Build
[2015.11.11-03.51.58:165][  0]LogParticles: Destroying 0 GPU particle simulations for FXSystem 0x0000006802AF49A0
[2015.11.11-03.51.58:716][  0]LogLinker:Warning: Can't find file '/Game/Art/Assets/VerticalSliceAssets/characterAssets/gun/gun'
[2015.11.11-03.51.58:716][  0]LoadErrors: Info Failed to load /Game/Tech/AIGuard/GameHud.GameHud_C Referenced by gun8C1B0D41B94BE5FEA7D9F08DA0F2B523
[2015.11.11-03.51.58:716][  0]LogLinker:Warning: Can't find file for asset '/Game/Art/Assets/VerticalSliceAssets/characterAssets/gun/gun' while loading ../../../../../../Users/Christopher/Documents/GitHub/The-Curators/AlexPrototype/Content/Tech/AIGuard/GameHud.uasset.
[2015.11.11-03.51.58:716][  0]LoadErrors: Info Failed to load /Game/Tech/AIGuard/GameHud.GameHud_C Referenced by gun8C1B0D41B94BE5FEA7D9F08DA0F2B523
[2015.11.11-03.51.58:716][  0]LoadErrors:Error: Error /Game/Tech/AIGuard/GameHud : Can't find file for asset. /Game/Art/Assets/VerticalSliceAssets/characterAssets/gun/gun
[2015.11.11-03.51.58:917][  0]LogLinker:Warning: Can't find file '/Game/Art/Assets/VerticalSliceAssets/characterAssets/gun/gun'
[2015.11.11-03.51.58:918][  0]LogLinker:Warning: Can't find file for asset '/Game/Art/Assets/VerticalSliceAssets/characterAssets/gun/gun' while loading ../../../../../../Users/Christopher/Documents/GitHub/The-Curators/AlexPrototype/Content/Tech/AIGuard/GameHud.uasset.
[2015.11.11-03.51.58:918][  0]LoadErrors:Error: Error /Game/Tech/AIGuard/GameHud : Can't find file for asset. /Game/Art/Assets/VerticalSliceAssets/characterAssets/gun/gun
[2015.11.11-03.51.58:919][  0]LogLinker:Warning: Can't find file '/Game/Art/Assets/VerticalSliceAssets/characterAssets/gun/gun'
[2015.11.11-03.51.58:919][  0]LogLinker:Warning: Can't find file for asset '/Game/Art/Assets/VerticalSliceAssets/characterAssets/gun/gun' while loading ../../../../../../Users/Christopher/Documents/GitHub/The-Curators/AlexPrototype/Content/Tech/AIGuard/GameHud.uasset.
[2015.11.11-03.51.58:919][  0]LoadErrors:Error: Error /Game/Tech/AIGuard/GameHud : Can't find file for asset. /Game/Art/Assets/VerticalSliceAssets/characterAssets/gun/gun
[2015.11.11-03.51.59:181][  0]LogBlueprint:Warning: [compiler ThirdPersonCharacter] Warning Input Axis Event references unknown Axis 'LookUp' for  InputAxis LookUp 
[2015.11.11-03.51.59:215][  0]LogBlueprint:Warning: [compiler ThirdPersonCharacter] Warning [0009.50] Compile of ThirdPersonCharacter successful, but with 1 Warning(s) [in 133 ms]
[2015.11.11-03.51.59:216][  0]LogBlueprint:Warning: [compiler ThirdPersonCharacter] Warning [0009.50] Compile of ThirdPersonCharacter successful, but with 2 Warning(s) [in 0 ms]
[2015.11.11-03.51.59:216][  0]LogBlueprint:Warning: [compiler ThirdPersonCharacter] Warning [0009.50] Compile of ThirdPersonCharacter successful, but with 3 Warning(s) [in 0 ms]
[2015.11.11-03.51.59:461][  0]LogBlueprint:Warning: [compiler ThirdPersonCharacter] Warning Input Axis Event references unknown Axis 'LookUp' for  InputAxis LookUp 
[2015.11.11-03.51.59:495][  0]LogBlueprint:Warning: [compiler ThirdPersonCharacter] Warning [0009.78] Compile of ThirdPersonCharacter successful, but with 1 Warning(s) [in 123 ms]
[2015.11.11-03.51.59:497][  0]LogBlueprint:Warning: [compiler ThirdPersonCharacter] Warning [0009.78] Compile of ThirdPersonCharacter successful, but with 2 Warning(s) [in 1 ms]
[2015.11.11-03.51.59:513][  0]LogLinker:Warning: Can't find file '/Game/Art/Assets/VerticalSliceAssets/characterAssets/gun/gun'
[2015.11.11-03.51.59:513][  0]LogLinker:Warning: Can't find file for asset '/Game/Art/Assets/VerticalSliceAssets/characterAssets/gun/gun' while loading ../../../../../../Users/Christopher/Documents/GitHub/The-Curators/AlexPrototype/Content/Tech/ThirdPersonBP/Blueprints/ThirdPersonCharacter.uasset.
[2015.11.11-03.51.59:513][  0]LoadErrors:Error: Error /Game/Tech/ThirdPersonBP/Blueprints/ThirdPersonCharacter : Can't find file for asset. /Game/Art/Assets/VerticalSliceAssets/characterAssets/gun/gun
[2015.11.11-03.51.59:514][  0]LogLinker:Warning: Can't find file '/Game/Art/Assets/VerticalSliceAssets/characterAssets/gun/gun'
[2015.11.11-03.51.59:514][  0]LogLinker:Warning: Can't find file for asset '/Game/Art/Assets/VerticalSliceAssets/characterAssets/gun/gun' while loading ../../../../../../Users/Christopher/Documents/GitHub/The-Curators/AlexPrototype/Content/Tech/ThirdPersonBP/Blueprints/ThirdPersonCharacter.uasset.
[2015.11.11-03.51.59:514][  0]LoadErrors:Error: Error /Game/Tech/ThirdPersonBP/Blueprints/ThirdPersonCharacter : Can't find file for asset. /Game/Art/Assets/VerticalSliceAssets/characterAssets/gun/gun
[2015.11.11-03.52.00:862][  0]LogBlueprint:Warning: [compiler ErichCharBlueRyan] Warning Input Axis Event references unknown Axis 'LookUp' for  InputAxis LookUp 
[2015.11.11-03.52.00:863][  0]LogBlueprint:Warning: [compiler ErichCharBlueRyan] Warning InputAction Event references unknown Action 'Walk' for  InputAction Walk 
[2015.11.11-03.52.00:898][  0]LogBlueprint:Warning: [compiler ErichCharBlueRyan] Warning [0011.19] Compile of ErichCharBlueRyan successful, but with 2 Warning(s) [in 122 ms]
[2015.11.11-03.52.00:899][  0]LogBlueprint:Warning: [compiler ErichCharBlueRyan] Warning [0011.19] Compile of ErichCharBlueRyan successful, but with 3 Warning(s) [in 0 ms]
[2015.11.11-03.52.00:899][  0]LogBlueprint:Warning: [compiler ErichCharBlueRyan] Warning [0011.19] Compile of ErichCharBlueRyan successful, but with 4 Warning(s) [in 0 ms]
[2015.11.11-03.52.01:116][  0]LogBlueprint:Warning: [compiler ErichCharBlueRyan] Warning Input Axis Event references unknown Axis 'LookUp' for  InputAxis LookUp 
[2015.11.11-03.52.01:117][  0]LogBlueprint:Warning: [compiler ErichCharBlueRyan] Warning InputAction Event references unknown Action 'Walk' for  InputAction Walk 
[2015.11.11-03.52.01:149][  0]LogBlueprint:Warning: [compiler ErichCharBlueRyan] Warning [0011.44] Compile of ErichCharBlueRyan successful, but with 2 Warning(s) [in 121 ms]
[2015.11.11-03.52.01:149][  0]LogBlueprint:Warning: [compiler ErichCharBlueRyan] Warning [0011.44] Compile of ErichCharBlueRyan successful, but with 3 Warning(s) [in 0 ms]
[2015.11.11-03.52.02:321][  0]LogAIModule: Creating AISystem for world Minimal_Default
[2015.11.11-03.52.02:333][  0]LogEditorServer: Finished looking for orphan Actors (0.000 secs)
[2015.11.11-03.52.02:341][  0]Cmd: MAP CHECKDEP NOCLEARLOG
[2015.11.11-03.52.02:423][  0]MapCheck: Info Map check complete: 0 Error(s), 0 Warning(s), took 82.018ms to complete.
[2015.11.11-03.52.02:423][  0]LogFileHelpers: Loading map 'Minimal_Default' took 4.285
[2015.11.11-03.52.02:546][  0]LogCollectionManager: Loaded 0 collections in 0.001999 seconds
[2015.11.11-03.52.02:553][  0]LogContentBrowser: Native class hierarchy populated in 0.0075 seconds. Added 1792 classes and 301 folders.
[2015.11.11-03.52.02:604][  0]LogContentBrowser: Native class hierarchy updated for 'WidgetCarousel' in 0.0003 seconds. Added 0 classes and 0 folders.
[2015.11.11-03.52.02:631][  0]LogContentBrowser: Native class hierarchy updated for 'AddContentDialog' in 0.0004 seconds. Added 0 classes and 0 folders.
[2015.11.11-03.52.02:647][  0]LogContentBrowser: Native class hierarchy updated for 'SceneOutliner' in 0.0003 seconds. Added 1 classes and 2 folders.
[2015.11.11-03.52.02:698][  0]LogCrashTracker: Crashtracker disabled due to settings.
[2015.11.11-03.52.02:700][  0]LogD3D11RHI: InitD3DDevice
[2015.11.11-03.52.02:705][  0]LogUObjectGlobals:Warning: Failed to find object 'Class None.'
[2015.11.11-03.52.02:727][  0]LogLoad: Full Startup: 13.01 seconds (BP compile: 1.90 seconds)
[2015.11.11-03.52.02:800][  0]LogContentStreaming: Texture pool size is 0.000000MB
[2015.11.11-03.52.02:947][  0]LogContentStreaming: Texture pool size now 400 MB
[2015.11.11-03.52.02:951][  0]LogD3D11RHI: InitD3DDevice
[2015.11.11-03.52.03:223][  0]LogRenderer: Reallocating scene render targets to support 1008x456 (Frame:2).
[2015.11.11-03.52.04:538][ 21]LogAssetRegistry: Asset discovery search completed in 7.5541 seconds
[2015.11.11-03.52.11:208][256]LogD3D11RHI: InitD3DDevice
[2015.11.11-03.53.17:071][711]LogD3D11RHI: InitD3DDevice
[2015.11.11-03.53.17:163][711]LogFactory: FactoryCreateBinary: Texture with TextureFactory (0 0 C:\Users\Christopher\Desktop\iPhone-2015-11-10\iPhone/BackCamera_iPhone_Materialc_Base_Color.png)
[2015.11.11-03.53.17:316][711]LogTexture:Display: Building textures: BackCamera_iPhone_Materialc_Base_Color (AutoDXT)
[2015.11.11-03.53.17:623][711]LogFactory: FactoryCreateBinary: Texture with TextureFactory (0 0 C:\Users\Christopher\Desktop\iPhone-2015-11-10\iPhone/BackCamera_iPhone_Materialc_Height.png)
[2015.11.11-03.53.17:738][711]LogTexture:Display: Building textures: BackCamera_iPhone_Materialc_Height (AutoDXT)
[2015.11.11-03.53.17:934][711]LogFactory: FactoryCreateBinary: Texture with TextureFactory (0 0 C:\Users\Christopher\Desktop\iPhone-2015-11-10\iPhone/BackCamera_iPhone_Materialc_Metallic.png)
[2015.11.11-03.53.17:992][711]LogTexture:Display: Building textures: BackCamera_iPhone_Materialc_Metallic (AutoDXT)
[2015.11.11-03.53.18:344][711]LogFactory: FactoryCreateBinary: Texture with TextureFactory (0 0 C:\Users\Christopher\Desktop\iPhone-2015-11-10\iPhone/BackCamera_iPhone_Materialc_Normal_DirectX.png)
[2015.11.11-03.53.18:461][711]LogTexture:Display: Building textures: BackCamera_iPhone_Materialc_Normal_DirectX (AutoDXT)
[2015.11.11-03.53.18:644][711]LogFactory: FactoryCreateBinary: Texture with TextureFactory (0 0 C:\Users\Christopher\Desktop\iPhone-2015-11-10\iPhone/BackCamera_iPhone_Materialc_Roughness.png)
[2015.11.11-03.53.18:687][711]LogTexture:Display: Building textures: BackCamera_iPhone_Materialc_Roughness (AutoDXT)
[2015.11.11-03.53.18:944][711]LogFactory: FactoryCreateBinary: Texture with TextureFactory (0 0 C:\Users\Christopher\Desktop\iPhone-2015-11-10\iPhone/CameraFlashLight_iPhone_Material_Base_Color.png)
[2015.11.11-03.53.19:028][711]LogTexture:Display: Building textures: CameraFlashLight_iPhone_Material_Base_Color (AutoDXT)
[2015.11.11-03.53.19:311][711]LogFactory: FactoryCreateBinary: Texture with TextureFactory (0 0 C:\Users\Christopher\Desktop\iPhone-2015-11-10\iPhone/CameraFlashLight_iPhone_Material_Height.png)
[2015.11.11-03.53.19:433][711]LogTexture:Display: Building textures: CameraFlashLight_iPhone_Material_Height (AutoDXT)
[2015.11.11-03.53.19:618][711]LogFactory: FactoryCreateBinary: Texture with TextureFactory (0 0 C:\Users\Christopher\Desktop\iPhone-2015-11-10\iPhone/CameraFlashLight_iPhone_Material_Metallic.png)
[2015.11.11-03.53.19:641][711]LogTexture:Display: Building textures: CameraFlashLight_iPhone_Material_Metallic (AutoDXT)
[2015.11.11-03.53.19:749][711]LogFactory: FactoryCreateBinary: Texture with TextureFactory (0 0 C:\Users\Christopher\Desktop\iPhone-2015-11-10\iPhone/CameraFlashLight_iPhone_Material_Normal_DirectX.png)
[2015.11.11-03.53.20:036][711]LogTexture:Display: Building textures: CameraFlashLight_iPhone_Material_Normal_DirectX (AutoDXT)
[2015.11.11-03.53.20:222][711]LogFactory: FactoryCreateBinary: Texture with TextureFactory (0 0 C:\Users\Christopher\Desktop\iPhone-2015-11-10\iPhone/CameraFlashLight_iPhone_Material_Roughness.png)
[2015.11.11-03.53.20:278][711]LogTexture:Display: Building textures: CameraFlashLight_iPhone_Material_Roughness (AutoDXT)
[2015.11.11-03.53.20:536][711]LogFactory: FactoryCreateBinary: Texture with TextureFactory (0 0 C:\Users\Christopher\Desktop\iPhone-2015-11-10\iPhone/chargerPort_iPhone_Material_Base_Color.png)
[2015.11.11-03.53.20:635][711]LogTexture:Display: Building textures: chargerPort_iPhone_Material_Base_Color (AutoDXT)
[2015.11.11-03.53.20:747][711]LogFactory: FactoryCreateBinary: Texture with TextureFactory (0 0 C:\Users\Christopher\Desktop\iPhone-2015-11-10\iPhone/chargerPort_iPhone_Material_Height.png)
[2015.11.11-03.53.20:798][711]LogTexture:Display: Building textures: chargerPort_iPhone_Material_Height (AutoDXT)
[2015.11.11-03.53.20:961][711]LogFactory: FactoryCreateBinary: Texture with TextureFactory (0 0 C:\Users\Christopher\Desktop\iPhone-2015-11-10\iPhone/chargerPort_iPhone_Material_Metallic.png)
[2015.11.11-03.53.21:019][711]LogTexture:Display: Building textures: chargerPort_iPhone_Material_Metallic (AutoDXT)
[2015.11.11-03.53.21:127][711]LogFactory: FactoryCreateBinary: Texture with TextureFactory (0 0 C:\Users\Christopher\Desktop\iPhone-2015-11-10\iPhone/chargerPort_iPhone_Material_Normal_DirectX.png)
[2015.11.11-03.53.21:173][711]LogD3D11RHI: InitD3DDevice
[2015.11.11-03.53.21:177][711]LogTexture:Display: Building textures: chargerPort_iPhone_Material_Normal_DirectX (BC5)
[2015.11.11-03.53.21:322][711]LogFactory: FactoryCreateBinary: Texture with TextureFactory (0 0 C:\Users\Christopher\Desktop\iPhone-2015-11-10\iPhone/chargerPort_iPhone_Material_Roughness.png)
[2015.11.11-03.53.21:396][711]LogTexture:Display: Building textures: chargerPort_iPhone_Material_Roughness (AutoDXT)
[2015.11.11-03.53.21:667][711]LogFactory: FactoryCreateBinary: Texture with TextureFactory (0 0 C:\Users\Christopher\Desktop\iPhone-2015-11-10\iPhone/HomeButton_iPhone_Material_Base_Color.png)
[2015.11.11-03.53.21:740][711]LogTexture:Display: Building textures: HomeButton_iPhone_Material_Base_Color (AutoDXT)
[2015.11.11-03.53.21:854][711]LogFactory: FactoryCreateBinary: Texture with TextureFactory (0 0 C:\Users\Christopher\Desktop\iPhone-2015-11-10\iPhone/HomeButton_iPhone_Material_Height.png)
[2015.11.11-03.53.21:943][711]LogTexture:Display: Building textures: HomeButton_iPhone_Material_Height (AutoDXT)
[2015.11.11-03.53.22:157][711]LogFactory: FactoryCreateBinary: Texture with TextureFactory (0 0 C:\Users\Christopher\Desktop\iPhone-2015-11-10\iPhone/HomeButton_iPhone_Material_Metallic.png)
[2015.11.11-03.53.22:185][711]LogTexture:Display: Building textures: HomeButton_iPhone_Material_Metallic (AutoDXT)
[2015.11.11-03.53.22:294][711]LogFactory: FactoryCreateBinary: Texture with TextureFactory (0 0 C:\Users\Christopher\Desktop\iPhone-2015-11-10\iPhone/HomeButton_iPhone_Material_Normal_DirectX.png)
[2015.11.11-03.53.22:411][711]LogTexture:Display: Building textures: HomeButton_iPhone_Material_Normal_DirectX (AutoDXT)
[2015.11.11-03.53.22:603][711]LogFactory: FactoryCreateBinary: Texture with TextureFactory (0 0 C:\Users\Christopher\Desktop\iPhone-2015-11-10\iPhone/HomeButton_iPhone_Material_Roughness.png)
[2015.11.11-03.53.22:649][711]LogTexture:Display: Building textures: HomeButton_iPhone_Material_Roughness (AutoDXT)
[2015.11.11-03.53.22:927][711]LogLinker:Warning: Can't find file '/Game/Art/AlphaModels/AlphaModels/GeneralMuseumItems/iPhone/iPhone'
[2015.11.11-03.53.22:936][711]LogWindows:Error: Windows GetLastError: The operation completed successfully. (0)
[2015.11.11-03.53.23:253][711]LogCrashTracker: 


[2015.11.11-03.54.15:593][711]LogCrashTracker: 


[2015.11.11-03.54.15:593][711]LogWindows: === Critical error: ===
Assertion failed: GetOuter()==NULL [File:D:\BuildFarm\buildmachine_++depot+UE4-Releases+4.8\Engine\Source\Runtime\CoreUObject\Private\UObject\Package.cpp] [Line: 139] 



Unhandled Exception: EXCEPTION_ACCESS_VIOLATION reading address 0xffffffff

UE4Editor-Core.dll!FTextHistory::Rebuild() {0x00007ffdab08a2f6} + 3 bytes [d:\buildfarm\buildmachine_++depot+ue4-releases+4.8\engine\sou
UE4Editor-Core.dll!FText::Rebuild() {0x00007ffdab08a2c2} + 0 bytes [d:\buildfarm\buildmachine_++depot+ue4-releases+4.8\engine\sou
UE4Editor-Core.dll!FText::ToString() {0x00007ffdab099c8e} + 0 bytes [d:\buildfarm\buildmachine_++depot+ue4-releases+4.8\engine\sou
UE4Editor-SlateCore.dll!FSlateFontMeasure::Measure() {0x00007ffda7f57fe1} + 9 bytes [d:\buildfarm\buildmachine_++depot+ue4-releases+4.8\engine\sou
UE4Editor-UnrealEd.dll!SSlowTaskWidget::GetMainTextFont() {0x00007ffda6a25ea6} + 58 bytes [d:\buildfarm\buildmachine_++depot+ue4-releases+4.8\engine\sou
UE4Editor-UnrealEd.dll!TMemberFunctionCaller<SSlowTaskWidget,FSlateFontInfo (__cdecl SSlowTaskWidget::*)(void)const __ptr64>::operator()<>() {0x00007ffda69e9420} + 15 bytes [d:\buildfarm\buildmachine_++depot+ue4-releases+4.8\engine\sou
UE4Editor-UnrealEd.dll!TTupleImpl<TIntegerSequence<> >::ApplyAfter_ExplicitReturnType<FSlateFontInfo,TMemberFunctionCaller<SSlowTaskWidget,FSlateFontInfo (__cdecl SSlowTaskWidget::*)(void)const __ptr64> >() {0x00007ffda69ea189} + 19 bytes [d:\buildfarm\buildmachine_++depot+ue4-releases+4.8\engine\sou
UE4Editor-UnrealEd.dll!TBaseSPMethodDelegateInstance<1,SSlowTaskWidget,0,FSlateFontInfo __cdecl(void)>::Execute() {0x00007ffda6a1dbc9} + 36 bytes [d:\buildfarm\buildmachine_++depot+ue4-releases+4.8\engine\sou
UE4Editor-Slate.dll!TBaseDelegate<FSlateFontInfo>::Execute() {0x00007ffdb6b70afa} + 6 bytes [d:\buildfarm\buildmachine_++depot+ue4-releases+4.8\engine\sou
UE4Editor-Slate.dll!TAttribute<FSlateFontInfo>::Get() {0x00007ffdb6b77788} + 14 bytes [d:\buildfarm\buildmachine_++depot+ue4-releases+4.8\engine\sou
UE4Editor-Slate.dll!STextBlock::GetFont() {0x00007ffdb6be98c6} + 32 bytes [d:\buildfarm\buildmachine_++depot+ue4-releases+4.8\engine\sou
UE4Editor-Slate.dll!STextBlock::GetComputedTextStyle() {0x00007ffdb6be8bd1} + 13 bytes [d:\buildfarm\buildmachine_++depot+ue4-releases+4.8\engine\sou
UE4Editor-Slate.dll!STextBlock::ComputeDesiredSize() {0x00007ffdb6bd6fc3} + 10 bytes [d:\buildfarm\buildmachine_++depot+ue4-releases+4.8\engine\sou
UE4Editor-SlateCore.dll!SWidget::CacheDesiredSize() {0x00007ffda7f0cd8a} + 20 bytes [d:\buildfarm\buildmachine_++depot+ue4-releases+4.8\engine\sou
UE4Editor-SlateCore.dll!SWidget::SlatePrepass() {0x00007ffda7f7133d} + 16 bytes [d:\buildfarm\buildmachine_++depot+ue4-releases+4.8\engine\sou
UE4Editor-SlateCore.dll!SWidget::SlatePrepass() {0x00007ffda7f712fa} + 17 bytes [d:\buildfarm\buildmachine_++depot+ue4-releases+4.8\engine\sou
UE4Editor-SlateCore.dll!SWidget::SlatePrepass() {0x00007ffda7f712fa} + 17 bytes [d:\buildfarm\buildmachine_++depot+ue4-releases+4.8\engine\sou
UE4Editor-SlateCore.dll!SWidget::SlatePrepass() {0x00007ffda7f712fa} + 17 bytes [d:\buildfarm\buildmachine_++depot+ue4-releases+4.8\engine\sou
UE4Editor-SlateCore.dll!SWidget::SlatePrepass() {0x00007ffda7f712fa} + 17 bytes [d:\buildfarm\buildmachine_++depot+ue4-releases+4.8\engine\sou
UE4Editor-SlateCore.dll!SWidget::SlatePrepass() {0x00007ffda7f712fa} + 17 bytes [d:\buildfarm\buildmachine_++depot+ue4-releases+4.8\engine\sou
UE4Editor-SlateCore.dll!SWidget::SlatePrepass() {0x00007ffda7f712fa} + 17 bytes [d:\buildfarm\buildmachine_++depot+ue4-releases+4.8\engine\sou
UE4Editor-SlateCore.dll!SWidget::SlatePrepass() {0x00007ffda7f712fa} + 17 bytes [d:\buildfarm\buildmachine_++depot+ue4-releases+4.8\engine\sou
UE4Editor-Slate.dll!PrepassWindowAndChildren() {0x00007ffdb6a131df} + 33 bytes [d:\buildfarm\buildmachine_++depot+ue4-releases+4.8\engine\sou
UE4Editor-Slate.dll!FSlateApplication::DrawPrepass() {0x00007ffdb69cdc69} + 0 bytes [d:\buildfarm\buildmachine_++depot+ue4-releases+4.8\engine\sou
UE4Editor-Slate.dll!FSlateApplication::PrivateDrawWindows() {0x00007ffdb6a15a61} + 0 bytes [d:\buildfarm\buildmachine_++depot+ue4-releases+4.8\engine\sou
UE4Editor-Slate.dll!FSlateApplication::DrawWindows() {0x00007ffdb69ced40} + 13 bytes [d:\buildfarm\buildmachine_++depot+ue4-releases+4.8\engine\sou
UE4Editor-Slate.dll!FSlateApplication::Tick() {0x00007ffdb6a3727f} + 8 bytes [d:\buildfarm\buildmachine_++depot+ue4-releases+4.8\engine\sou
UE4Editor.exe!FEngineLoop::Tick() {0x00007ff63c454bf6} + 15 bytes [d:\buildfarm\buildmachine_++depot+ue4-releases+4.8\engine\sou
UE4Editor.exe!GuardedMain() {0x00007ff63c4449cc} + 0 bytes [d:\buildfarm\buildmachine_++depot+ue4-releases+4.8\engine\sou
UE4Editor.exe!GuardedMainWrapper() {0x00007ff63c444a4a} + 5 bytes [d:\buildfarm\buildmachine_++depot+ue4-releases+4.8\engine\sou
UE4Editor.exe!WinMain() {0x00007ff63c4565c9} + 17 bytes [d:\buildfarm\buildmachine_++depot+ue4-releases+4.8\engine\sou
UE4Editor.exe!__tmainCRTStartup() {0x00007ff63c4575d9} + 21 bytes [f:\dd\vctools\crt\crtw32\dllstuff\crtexe.c:618]
KERNEL32.DLL {0x00007ffddb562d92} + 0 bytes
ntdll.dll {0x00007ffddb609f64} + 0 bytes
ntdll.dll {0x00007ffddb609f64} + 0 bytes

