[2015.11.23-07.32.37:544][  0]Log file open, 11/23/15 02:32:37
[2015.11.23-07.32.37:544][  0]LogInit:Display: Running engine for game: MyProject
[2015.11.23-07.32.37:544][  0]LogInit:Display: RandInit(-1170670773) SRandInit(-1170670773).
[2015.11.23-07.32.37:544][  0]LogTaskGraph: Started task graph with 4 named threads and 7 total threads.
[2015.11.23-07.32.37:544][  0]LogStats: Stats thread started
[2015.11.23-07.32.37:544][  0]LogInit: Version: 4.8.3-2634408+++depot+UE4-Releases+4.8
[2015.11.23-07.32.37:544][  0]LogInit: API Version: 2579680
[2015.11.23-07.32.37:544][  0]LogInit: Compiled (64-bit): Jul 27 2015 16:24:33
[2015.11.23-07.32.37:544][  0]LogInit: Compiled with Visual C++: 18.00.21005.01
[2015.11.23-07.32.37:544][  0]LogInit: Build Configuration: Development
[2015.11.23-07.32.37:544][  0]LogInit: Branch Name: ++depot+UE4-Releases+4.8
[2015.11.23-07.32.37:544][  0]LogInit: Command line:  
[2015.11.23-07.32.37:544][  0]LogInit: Base directory: C:/Program Files/Unreal Engine/4.8/Engine/Binaries/Win64/
[2015.11.23-07.32.37:544][  0]LogInit: Rocket: 1
[2015.11.23-07.32.37:579][  0]LogInit: Using libcurl 7.41.0
[2015.11.23-07.32.37:579][  0]LogInit:  - built for x86_64-pc-win32
[2015.11.23-07.32.37:579][  0]LogInit:  - supports SSL with WinSSL
[2015.11.23-07.32.37:579][  0]LogInit:  - other features:
[2015.11.23-07.32.37:579][  0]LogInit:      CURL_VERSION_SSL
[2015.11.23-07.32.37:579][  0]LogInit:      CURL_VERSION_IPV6
[2015.11.23-07.32.37:579][  0]LogInit:      CURL_VERSION_ASYNCHDNS
[2015.11.23-07.32.37:579][  0]LogInit:      CURL_VERSION_LARGEFILE
[2015.11.23-07.32.37:579][  0]LogInit:      CURL_VERSION_IDN
[2015.11.23-07.32.37:579][  0]LogInit:  CurlRequestOptions (configurable via config and command line):
[2015.11.23-07.32.37:579][  0]LogInit:  - bVerifyPeer = true  - Libcurl will verify peer certificate
[2015.11.23-07.32.37:579][  0]LogInit:  - bUseHttpProxy = false  - Libcurl will NOT use HTTP proxy
[2015.11.23-07.32.37:579][  0]LogInit:  - bDontReuseConnections = false  - Libcurl will reuse connections
[2015.11.23-07.32.37:579][  0]LogInit:  - CertBundlePath = nullptr  - Libcurl will use whatever was configured at build time.
[2015.11.23-07.32.37:607][  0]LogOnline:Warning: No default platform service specified for OnlineSubsystem
[2015.11.23-07.32.37:640][  0]LogInit: Presizing for 0 objects not considered by GC, pre-allocating 0 bytes.
[2015.11.23-07.32.37:649][  0]LogInit: Object subsystem initialized
[2015.11.23-07.32.37:650][  0]LogConsoleResponse:Warning: Skipping Unknown console variable: 'TranslucentSortAxis = (X=0.000000,Y=-1.000000,Z=0.000000)'
[2015.11.23-07.32.37:650][  0]LogConsoleResponse:Warning:   Found in ini file 'C:/f/The-Curators/AlexPrototype/Saved/Config/Windows/Engine.ini', in section '[/Script/Engine.RendererSettings]'
[2015.11.23-07.32.37:650][  0]LogConsoleResponse:Warning: Skipping Unknown console variable: 'UIScaleRule = ShortestSide'
[2015.11.23-07.32.37:650][  0]LogConsoleResponse:Warning:   Found in ini file 'C:/f/The-Curators/AlexPrototype/Saved/Config/Windows/Engine.ini', in section '[/Script/Engine.RendererSettings]'
[2015.11.23-07.32.37:650][  0]LogConsoleResponse:Warning: Skipping Unknown console variable: 'UIScaleCurve = (EditorCurveData=(Keys=),ExternalCurve=None)'
[2015.11.23-07.32.37:650][  0]LogConsoleResponse:Warning:   Found in ini file 'C:/f/The-Curators/AlexPrototype/Saved/Config/Windows/Engine.ini', in section '[/Script/Engine.RendererSettings]'
[2015.11.23-07.32.37:650][  0]LogInit: Selected Device Profile: [Windows]
[2015.11.23-07.32.37:650][  0]LogInit: Applying CVar settings loaded from the selected device profile: [Windows]
[2015.11.23-07.32.37:663][  0]LogInit: Computer: STEPHENMANGOLD1
[2015.11.23-07.32.37:663][  0]LogInit: User: StephenPaulMangold
[2015.11.23-07.32.37:663][  0]LogInit: CPU Page size=4096, Cores=4
[2015.11.23-07.32.37:663][  0]LogInit: High frequency timer resolution =3.312780 MHz
[2015.11.23-07.32.37:664][  0]LogMemory: Memory total: Physical=16.0GB (16GB approx)
[2015.11.23-07.32.37:664][  0]LogMemory: Platform Memory Stats for Windows
[2015.11.23-07.32.37:664][  0]LogMemory: Process Physical Memory: 56.29 MB used, 56.66 MB peak
[2015.11.23-07.32.37:664][  0]LogMemory: Process Virtual Memory: 28.79 MB used, 32.71 MB peak
[2015.11.23-07.32.37:664][  0]LogMemory: Physical Memory: 10763.42 MB used, 16337.60 MB total
[2015.11.23-07.32.37:664][  0]LogMemory: Virtual Memory: 298.81 MB used, 134217728.00 MB total
[2015.11.23-07.32.37:760][  0]LogTextLocalizationManager: The requested culture ('en_US') has no localization data; parent culture's ('en') localization data will be used.
[2015.11.23-07.32.37:998][  0]LogTextLocalizationManager:Warning: Loaded localization resources contain conflicting entries for (Namespace:ContentBrowser, Key:ImportAssetToolTip):
Localization Resource: (C:/Program Files/Unreal Engine/4.8/Engine/Content/Localization/Editor/en/Editor.locres) Source String Hash: (-630476809) Localized String: (Import to {0}...)
Localization Resource: (C:/Program Files/Unreal Engine/4.8/Engine/Content/Localization/Editor/en/Editor.locres) Source String Hash: (1271782899) Localized String: (Imports an asset from file to this folder.)
[2015.11.23-07.32.38:483][  0]LogD3D11RHI: Found D3D11 adapter 0: AMD Radeon HD 7700 Series (Feature Level 11_0)
[2015.11.23-07.32.38:483][  0]LogD3D11RHI: Adapter has 2006MB of dedicated video memory, 0MB of dedicated system memory, and 3840MB of shared system memory, 1 output[s]
[2015.11.23-07.32.38:485][  0]LogD3D11RHI: Found D3D11 adapter 1: Microsoft Basic Render Driver (Feature Level 11_0)
[2015.11.23-07.32.38:485][  0]LogD3D11RHI: Adapter has 0MB of dedicated video memory, 0MB of dedicated system memory, and 256MB of shared system memory, 0 output[s]
[2015.11.23-07.32.38:485][  0]LogD3D11RHI: Chosen D3D11 Adapter Id = 0
[2015.11.23-07.32.38:492][  0]LogD3D11RHI: InitD3DDevice
[2015.11.23-07.32.38:492][  0]LogD3D11RHI: !Direct3DDevice
[2015.11.23-07.32.38:492][  0]LogRHI: Texture pool is 1361 MB (70% of 1945 MB)
[2015.11.23-07.32.38:503][  0]LogD3D11RHI: Async texture creation disabled: no driver support
[2015.11.23-07.32.38:513][  0]LogShaderCompilers:Display: Using Local Shader Compiler.
[2015.11.23-07.32.39:780][  0]LogTemp:Display: Loaded TP DesktopTargetPlatform
[2015.11.23-07.32.39:814][  0]LogTemp:Display: Loaded TP WindowsClientTargetPlatform
[2015.11.23-07.32.39:840][  0]LogTemp:Display: Loaded TP WindowsNoEditorTargetPlatform
[2015.11.23-07.32.39:866][  0]LogTemp:Display: Loaded TP WindowsServerTargetPlatform
[2015.11.23-07.32.39:896][  0]LogTemp:Display: Loaded TP WindowsTargetPlatform
[2015.11.23-07.32.39:920][  0]LogTemp:Display: Loaded TP AndroidTargetPlatform
[2015.11.23-07.32.39:945][  0]LogTemp:Display: Loaded TP Android_ASTCTargetPlatform
[2015.11.23-07.32.39:967][  0]LogTemp:Display: Loaded TP Android_ATCTargetPlatform
[2015.11.23-07.32.39:990][  0]LogTemp:Display: Loaded TP Android_DXTTargetPlatform
[2015.11.23-07.32.40:016][  0]LogTemp:Display: Loaded TP Android_ETC1TargetPlatform
[2015.11.23-07.32.40:045][  0]LogTemp:Display: Loaded TP Android_ETC2TargetPlatform
[2015.11.23-07.32.40:069][  0]LogTemp:Display: Loaded TP Android_PVRTCTargetPlatform
[2015.11.23-07.32.40:154][  0]LogTemp:Display: Loaded TP IOSTargetPlatform
[2015.11.23-07.32.40:179][  0]LogTemp:Display: Loaded TP LinuxNoEditorTargetPlatform
[2015.11.23-07.32.40:207][  0]LogTemp:Display: Loaded TP LinuxServerTargetPlatform
[2015.11.23-07.32.40:233][  0]LogTemp:Display: Loaded TP LinuxTargetPlatform
[2015.11.23-07.32.40:233][  0]LogTargetPlatformManager:Display: Building Assets For Windows
[2015.11.23-07.32.40:671][  0]LogDerivedDataCache:Display: Max Cache Size: 512 MB
[2015.11.23-07.32.41:400][  0]LogDerivedDataCache: Loaded boot cache 0.73s 53MB C:/Users/Stephen Paul Mangold/AppData/Local/UnrealEngine/4.8/DerivedDataCache/Boot.ddc.
[2015.11.23-07.32.41:400][  0]LogDerivedDataCache:Display: Loaded Boot cache: C:/Users/Stephen Paul Mangold/AppData/Local/UnrealEngine/4.8/DerivedDataCache/Boot.ddc
[2015.11.23-07.32.41:400][  0]LogDerivedDataCache: FDerivedDataBackendGraph:  Pak pak cache file ../../../../../../f/The-Curators/AlexPrototype/DerivedDataCache/DDC.ddp not found, will not use a pak cache.
[2015.11.23-07.32.41:400][  0]LogDerivedDataCache: Unable to find inner node Pak for hierarchical cache Hierarchy.
[2015.11.23-07.32.41:400][  0]LogDerivedDataCache: FDerivedDataBackendGraph:  CompressedPak pak cache file ../../../../../../f/The-Curators/AlexPrototype/DerivedDataCache/Compressed.ddp not found, will not use a pak cache.
[2015.11.23-07.32.41:400][  0]LogDerivedDataCache: Unable to find inner node CompressedPak for hierarchical cache Hierarchy.
[2015.11.23-07.32.41:551][  0]LogDerivedDataCache:Display: Pak cache opened for reading ../../../Engine/DerivedDataCache/Compressed.ddp.
[2015.11.23-07.32.41:564][  0]LogDerivedDataCache: Using Local data cache path C:/Users/Stephen Paul Mangold/AppData/Local/UnrealEngine/Common/DerivedDataCache: Writable
[2015.11.23-07.32.41:897][  0]LogInit: Selected Device Profile: [Windows]
[2015.11.23-07.32.41:999][  0]ImportText (ComponentSweepMultiTests): Missing closing parenthesis: (RootShapeAsset="/Engine/BasicShapes/Cube.Cube",ShapeType="TriggerCapsule",HitResult=(Time=0.50,Location=(X=-100.000015,Y=0.0,Z=100.000015),ImpactPoint=(X=-50.0,Y=0.0,Z=50.0),Normal=(X=-1.0,Y=-0.0,Z=0.0),ImpactNormal=(X=0.0,Y=0.0,Z=1.0),TraceStart=(X=-200.0,Y=0.0,Z=200.0),TraceEnd=(X=0.0,Y=0.0,Z=0.0))
[2015.11.23-07.32.42:000][  0]ImportText (LineTraceSingleByChannelTests): Missing closing parenthesis: (RootShapeAsset="/Engine/BasicShapes/Cube.Cube",HitResult=(Time=0.50,Location=(X=-100.000015,Y=0.0,Z=100.000015),ImpactPoint=(X=-50.0,Y=0.0,Z=50.0),Normal=(X=-1.0,Y=-0.0,Z=0.0),ImpactNormal=(X=0.0,Y=0.0,Z=1.0),TraceStart=(X=-200.0,Y=0.0,Z=200.0),TraceEnd=(X=0.0,Y=0.0,Z=0.0))
[2015.11.23-07.32.42:045][  0]LogMeshUtilities: No automatic mesh reduction module available
[2015.11.23-07.32.42:045][  0]LogMeshUtilities: No automatic mesh merging module available
[2015.11.23-07.32.42:524][  0]LogInit: WinSock: version 1.1 (2.2), MaxSocks=32767, MaxUdp=65467
[2015.11.23-07.32.44:043][  0]UdpMessaging: Initializing bridge on interface 0.0.0.0:0 to multicast group 230.0.0.1:6666.
[2015.11.23-07.32.44:579][  0]SourceControl: Info Source control is disabled
[2015.11.23-07.32.44:654][  0]SourceControl: Info Source control is disabled
[2015.11.23-07.32.44:676][  0]SourceControl: Info Source control is disabled
[2015.11.23-07.32.44:699][  0]SourceControl: Info Source control is disabled
[2015.11.23-07.32.45:167][  0]LogObj: 26277 objects as part of root set at end of initial load.
[2015.11.23-07.32.45:167][  0]LogUObjectAllocator: 5410024 out of 0 bytes used by permanent object pool.
[2015.11.23-07.32.45:265][  0]LogEngine: Initializing Engine...
[2015.11.23-07.32.45:276][  0]LogHMD: Can't find Oculus library dev build: is proper Runtime installed? Version: 0.6.0.0
[2015.11.23-07.32.45:285][  0]LogHMD:Warning: SteamVR failed to initialize.  Error: 108
[2015.11.23-07.32.45:509][  0]LogAIModule: Creating AISystem for world NewWorld
[2015.11.23-07.32.45:527][  0]LogInit: XAudio2 using 'Speakers (Realtek High Definition Audio)' : 2 channels at 48 kHz using 32 bits per sample (channel mask 0x3)
[2015.11.23-07.32.45:544][  0]LogInit: FAudioDevice initialized.
[2015.11.23-07.32.45:577][  0]LogDerivedDataCache: Saved boot cache 0.03s 53MB C:/Users/Stephen Paul Mangold/AppData/Local/UnrealEngine/4.8/DerivedDataCache/Boot.ddc.
[2015.11.23-07.32.45:583][  0]LogInit: Texture streaming: Disabled
[2015.11.23-07.32.45:635][  0]LogAnalytics: Creating configured Analytics provider AnalyticsET
[2015.11.23-07.32.45:635][  0]LogAnalytics: [UEEditor.Rocket.Release] APIServer = http://et2.epicgames.com/ET2/. AppVersion = 4.8.3-2634408+++depot+UE4-Releases+4.8
[2015.11.23-07.32.45:636][  0]LogAnalytics: [UEEditor.Rocket.Release] SetUserId 670f7a51498aab90fa6f01ae8ba6e645|ae3c06c927b140e595cd14047ca553a4|817dc969-a56b-4d5a-b6d5-4cf8a1016322
[2015.11.23-07.32.45:636][  0]LogAnalytics: [UEEditor.Rocket.Release] AnalyticsET::StartSession
[2015.11.23-07.32.45:708][  0]LogInit: Transaction tracking system initialized
[2015.11.23-07.32.46:001][  0]BlueprintLog: New page: Editor Load
[2015.11.23-07.32.46:068][  0]LogAssetRegistry: FAssetRegistry took 0.0111 seconds to start up
[2015.11.23-07.32.46:069][  0]LogDirectoryWatcher:Warning: Failed to begin reading directory changes for ../../../Engine/Plugins/Experimental/CharacterAI/Content/. Error: 0
[2015.11.23-07.32.47:515][  0]LogConsoleManager:Warning: Console variable 'r.VSync' wasn't set ('GameSetting' has a lower priority than 'SystemSettingsIni')
[2015.11.23-07.32.47:517][  0]LogConsoleResponse:Display: 
[2015.11.23-07.32.47:703][  0]LogCook:Display: Done creating registry. It took  0.00s.
[2015.11.23-07.32.48:103][  0]SourceControl: Info Source control is disabled
[2015.11.23-07.32.48:103][  0]Cmd: MAP LOAD FILE="../../../../../../f/The-Curators/AlexPrototype/Content/Levels/MainMenu.umap" TEMPLATE=0 SHOWPROGRESS=1 FEATURELEVEL=3
[2015.11.23-07.32.48:104][  0]LightingResults: New page: Lighting Build
[2015.11.23-07.32.48:130][  0]MapCheck: New page: Map Check
[2015.11.23-07.32.48:130][  0]LightingResults: New page: Lighting Build
[2015.11.23-07.32.48:143][  0]LogParticles: Destroying 0 GPU particle simulations for FXSystem 0x000000A2F0614B80
[2015.11.23-07.32.50:295][  0]LogBlueprint:Warning: [compiler ThirdPersonCharacter] Warning Input Axis Event references unknown Axis 'LookUp' for  InputAxis LookUp 
[2015.11.23-07.32.50:337][  0]LogBlueprint:Warning: [compiler ThirdPersonCharacter] Warning [0014.90] Compile of ThirdPersonCharacter successful, but with 1 Warning(s) [in 260 ms]
[2015.11.23-07.32.50:337][  0]LogBlueprint:Warning: [compiler ThirdPersonCharacter] Warning [0014.90] Compile of ThirdPersonCharacter successful, but with 2 Warning(s) [in 0 ms]
[2015.11.23-07.32.50:337][  0]LogBlueprint:Warning: [compiler ThirdPersonCharacter] Warning [0014.90] Compile of ThirdPersonCharacter successful, but with 3 Warning(s) [in 0 ms]
[2015.11.23-07.32.50:558][  0]LogLinker:Warning: Can't find file '/Game/Tech/UIElements/NMNYD_Health_Symbol'
[2015.11.23-07.32.50:558][  0]LoadErrors: Info Failed to load /Game/Assets/InventoryArrows.InventoryArrows_C Referenced by CharacterMesh0
[2015.11.23-07.32.50:559][  0]LogLinker:Warning: Can't find file for asset '/Game/Tech/UIElements/NMNYD_Health_Symbol' while loading ../../../../../../f/The-Curators/AlexPrototype/Content/Assets/InventoryArrows.uasset.
[2015.11.23-07.32.50:559][  0]LoadErrors: Info Failed to load /Game/Assets/InventoryArrows.InventoryArrows_C Referenced by CharacterMesh0
[2015.11.23-07.32.50:559][  0]LoadErrors:Error: Error /Game/Assets/InventoryArrows : Can't find file for asset. /Game/Tech/UIElements/NMNYD_Health_Symbol
[2015.11.23-07.32.50:564][  0]LogLinker:Warning: Can't find file '/Game/Tech/UIElements/NMNYD_Health_Symbol'
[2015.11.23-07.32.50:564][  0]LoadErrors: Info Failed to load /Game/Assets/InventoryArrows.InventoryArrows_C Referenced by CharacterMesh0
[2015.11.23-07.32.50:564][  0]LogLinker:Warning: Can't find file for asset '/Game/Tech/UIElements/NMNYD_Health_Symbol' while loading ../../../../../../f/The-Curators/AlexPrototype/Content/Assets/InventoryArrows.uasset.
[2015.11.23-07.32.50:564][  0]LoadErrors: Info Failed to load /Game/Assets/InventoryArrows.InventoryArrows_C Referenced by CharacterMesh0
[2015.11.23-07.32.50:564][  0]LoadErrors:Error: Error /Game/Assets/InventoryArrows : Can't find file for asset. /Game/Tech/UIElements/NMNYD_Health_Symbol
[2015.11.23-07.32.50:566][  0]LogLinker:Warning: Can't find file '/Game/Tech/UIElements/NMNYD_Health_Symbol'
[2015.11.23-07.32.50:566][  0]LoadErrors: Info Failed to load /Game/Assets/InventoryArrows.InventoryArrows_C Referenced by HealthPickUp
[2015.11.23-07.32.50:566][  0]LogLinker:Warning: Can't find file for asset '/Game/Tech/UIElements/NMNYD_Health_Symbol' while loading ../../../../../../f/The-Curators/AlexPrototype/Content/Assets/InventoryArrows.uasset.
[2015.11.23-07.32.50:566][  0]LoadErrors: Info Failed to load /Game/Assets/InventoryArrows.InventoryArrows_C Referenced by HealthPickUp
[2015.11.23-07.32.50:567][  0]LoadErrors:Error: Error /Game/Assets/InventoryArrows : Can't find file for asset. /Game/Tech/UIElements/NMNYD_Health_Symbol
[2015.11.23-07.32.50:568][  0]LogLinker:Warning: Can't find file '/Game/Tech/UIElements/NMNYD_Health_Symbol'
[2015.11.23-07.32.50:568][  0]LoadErrors: Info Failed to load /Game/Assets/InventoryArrows.InventoryArrows_C Referenced by HealthPickUp
[2015.11.23-07.32.50:568][  0]LogLinker:Warning: Can't find file for asset '/Game/Tech/UIElements/NMNYD_Health_Symbol' while loading ../../../../../../f/The-Curators/AlexPrototype/Content/Assets/InventoryArrows.uasset.
[2015.11.23-07.32.50:568][  0]LoadErrors: Info Failed to load /Game/Assets/InventoryArrows.InventoryArrows_C Referenced by HealthPickUp
[2015.11.23-07.32.50:568][  0]LoadErrors:Error: Error /Game/Assets/InventoryArrows : Can't find file for asset. /Game/Tech/UIElements/NMNYD_Health_Symbol
[2015.11.23-07.32.51:407][  0]LogLinker:Warning: Can't find file '/Game/Tech/UIElements/NMNYD_Health_Symbol'
[2015.11.23-07.32.51:407][  0]LogLinker:Warning: Can't find file for asset '/Game/Tech/UIElements/NMNYD_Health_Symbol' while loading ../../../../../../f/The-Curators/AlexPrototype/Content/Assets/InventoryArrows.uasset.
[2015.11.23-07.32.51:407][  0]LoadErrors:Error: Error /Game/Assets/InventoryArrows : Can't find file for asset. /Game/Tech/UIElements/NMNYD_Health_Symbol
[2015.11.23-07.32.51:409][  0]LogLinker:Warning: Can't find file '/Game/Tech/UIElements/NMNYD_Health_Symbol'
[2015.11.23-07.32.51:409][  0]LogLinker:Warning: Can't find file for asset '/Game/Tech/UIElements/NMNYD_Health_Symbol' while loading ../../../../../../f/The-Curators/AlexPrototype/Content/Assets/InventoryArrows.uasset.
[2015.11.23-07.32.51:409][  0]LoadErrors:Error: Error /Game/Assets/InventoryArrows : Can't find file for asset. /Game/Tech/UIElements/NMNYD_Health_Symbol
[2015.11.23-07.32.52:133][  0]LogBlueprint:Warning: [compiler ErichFinalCharCombined] Warning Input Axis Event references unknown Axis 'LookUp' for  InputAxis LookUp 
[2015.11.23-07.32.52:180][  0]LogBlueprint:Warning: [compiler ErichFinalCharCombined] Warning [0016.74] Compile of ErichFinalCharCombined successful, but with 1 Warning(s) [in 343 ms]
[2015.11.23-07.32.52:182][  0]LogBlueprint:Warning: [compiler ErichFinalCharCombined] Warning [0016.74] Compile of ErichFinalCharCombined successful, but with 2 Warning(s) [in 1 ms]
[2015.11.23-07.32.52:182][  0]LogBlueprint:Warning: [compiler ErichFinalCharCombined] Warning [0016.74] Compile of ErichFinalCharCombined successful, but with 3 Warning(s) [in 0 ms]
[2015.11.23-07.32.53:053][  0]LogBlueprint:Warning: [compiler ThirdPersonCharacter] Warning Input Axis Event references unknown Axis 'LookUp' for  InputAxis LookUp 
[2015.11.23-07.32.53:083][  0]LogBlueprint:Warning: [compiler ThirdPersonCharacter] Warning [0017.64] Compile of ThirdPersonCharacter successful, but with 1 Warning(s) [in 217 ms]
[2015.11.23-07.32.53:084][  0]LogBlueprint:Warning: [compiler ThirdPersonCharacter] Warning [0017.64] Compile of ThirdPersonCharacter successful, but with 2 Warning(s) [in 0 ms]
[2015.11.23-07.32.53:453][  0]LogBlueprint:Warning: [compiler ErichFinalCharCombined] Warning Input Axis Event references unknown Axis 'LookUp' for  InputAxis LookUp 
[2015.11.23-07.32.53:505][  0]LogBlueprint:Warning: [compiler ErichFinalCharCombined] Warning [0018.06] Compile of ErichFinalCharCombined successful, but with 1 Warning(s) [in 292 ms]
[2015.11.23-07.32.53:506][  0]LogBlueprint:Warning: [compiler ErichFinalCharCombined] Warning [0018.06] Compile of ErichFinalCharCombined successful, but with 2 Warning(s) [in 1 ms]
[2015.11.23-07.33.00:407][  0]LogWmfMedia:Error: Failed to create source object from URL for C:/Users/Justin's/Pictures/Curators/NewMenuAssets/Output/maxresdefault (1).mp4
[2015.11.23-07.33.01:096][  0]LogAIModule: Creating AISystem for world MainMenu
[2015.11.23-07.33.01:107][  0]LogEditorServer: Finished looking for orphan Actors (0.000 secs)
[2015.11.23-07.33.01:152][  0]Cmd: MAP CHECKDEP NOCLEARLOG
[2015.11.23-07.33.01:403][  0]MapCheck: Info Map check complete: 0 Error(s), 0 Warning(s), took 251.497ms to complete.
[2015.11.23-07.33.01:404][  0]LogFileHelpers: Loading map 'MainMenu' took 13.301
[2015.11.23-07.33.01:556][  0]LogCollectionManager: Loaded 0 collections in 0.002365 seconds
[2015.11.23-07.33.01:565][  0]LogContentBrowser: Native class hierarchy populated in 0.0083 seconds. Added 1792 classes and 301 folders.
[2015.11.23-07.33.01:642][  0]LogContentBrowser: Native class hierarchy updated for 'WidgetCarousel' in 0.0006 seconds. Added 0 classes and 0 folders.
[2015.11.23-07.33.01:700][  0]LogContentBrowser: Native class hierarchy updated for 'AddContentDialog' in 0.0006 seconds. Added 0 classes and 0 folders.
[2015.11.23-07.33.01:728][  0]LogContentBrowser: Native class hierarchy updated for 'SceneOutliner' in 0.0010 seconds. Added 1 classes and 2 folders.
[2015.11.23-07.33.01:810][  0]LogD3D11RHI: InitD3DDevice
[2015.11.23-07.33.01:840][  0]LogCrashTracker: Crashtracker disabled due to settings.
[2015.11.23-07.33.01:848][  0]LogD3D11RHI: InitD3DDevice
[2015.11.23-07.33.01:852][  0]LogD3D11RHI: InitD3DDevice
[2015.11.23-07.33.01:857][  0]LogUObjectGlobals:Warning: Failed to find object 'Class None.'
[2015.11.23-07.33.01:880][  0]LogLoad: Full Startup: 26.44 seconds (BP compile: 4.21 seconds)
[2015.11.23-07.33.02:303][  0]LogContentStreaming: Texture pool size is 0.000000MB
[2015.11.23-07.33.02:393][  0]LogContentStreaming: Texture pool size now 400 MB
[2015.11.23-07.33.02:537][  0]LogRenderer: Reallocating scene render targets to support 1528x384 (Frame:2).
[2015.11.23-07.33.11:759][ 28]LogAssetRegistry: Asset discovery search completed in 25.7013 seconds
[2015.11.23-07.33.35:527][102]LogD3D11RHI: InitD3DDevice
[2015.11.23-07.33.43:740][713]LogD3D11RHI: InitD3DDevice
[2015.11.23-07.33.43:848][713]LogLinker:Warning: Asset '../../../Engine/Content/ArtTools/RenderToTexture/Macros/RenderToTextureMacros.uasset' has been saved with empty engine version. The asset will be loaded but may be incompatible.
[2015.11.23-07.33.43:924][713]LogLinker:Warning: Asset '../../../Engine/Content/ArtTools/RenderToTexture/Enums/RenderToTexture_Enum.uasset' has been saved with empty engine version. The asset will be loaded but may be incompatible.
[2015.11.23-07.33.45:064][713]LogD3D11RHI: InitD3DDevice
[2015.11.23-07.34.01:953][287]LogD3D11RHI: InitD3DDevice
[2015.11.23-07.34.53:155][687]LogD3D11RHI: InitD3DDevice
[2015.11.23-07.34.53:497][718]LogD3D11RHI: InitD3DDevice
[2015.11.23-07.34.54:630][838]LogD3D11RHI: InitD3DDevice
[2015.11.23-07.35.00:686][357]LogActorComponent: UnregisterComponent: (/Engine/Transient.CharMoveComp) Not registered. Aborting.
[2015.11.23-07.35.00:686][357]LogActorComponent: UnregisterComponent: (/Engine/Transient.PawnSensingF99FF2CD473747C5584260AF2A86F55E) Not registered. Aborting.
[2015.11.23-07.35.00:688][357]LogActorComponent: UnregisterComponent: (/Engine/Transient.PawnNoiseEmitterA7A8A77441AB5BE36363A18AD33052F6) Not registered. Aborting.
[2015.11.23-07.35.08:316][996]LogD3D11RHI: InitD3DDevice
[2015.11.23-07.35.08:355][996]LogD3D11RHI: InitD3DDevice
[2015.11.23-07.35.08:589][996]LogD3D11RHI: InitD3DDevice
[2015.11.23-07.35.15:935][613]LogD3D11RHI: InitD3DDevice
[2015.11.23-07.35.16:511][654]LogD3D11RHI: InitD3DDevice
[2015.11.23-07.35.58:046][530]LogD3D11RHI: InitD3DDevice
[2015.11.23-07.35.58:778][590]LogD3D11RHI: InitD3DDevice
[2015.11.23-07.36.05:598][139]LogD3D11RHI: InitD3DDevice
[2015.11.23-07.36.07:813][337]BlueprintLog: New page: Compile AIGuardCont
[2015.11.23-07.36.07:934][337]LogActorComponent: UnregisterComponent: (/Engine/Transient.CharacterMovementComponent_0) Not registered. Aborting.
[2015.11.23-07.36.07:934][337]LogActorComponent: UnregisterComponent: (/Engine/Transient.PawnSensingComponent_0) Not registered. Aborting.
[2015.11.23-07.36.07:935][337]LogActorComponent: UnregisterComponent: (/Engine/Transient.PawnNoiseEmitterComponent_0) Not registered. Aborting.
[2015.11.23-07.36.08:342][337]BlueprintEditorCompileResults: Info [0212.90] Compile of AIGua