[2015.11.16-10.26.56:712][  0]Log file open, 11/16/15 05:26:56
[2015.11.16-10.26.56:712][  0]LogInit:Display: Running engine for game: MyProject
[2015.11.16-10.26.56:712][  0]LogInit:Display: RandInit(-817104970) SRandInit(-817104969).
[2015.11.16-10.26.56:712][  0]LogTaskGraph: Started task graph with 4 named threads and 7 total threads.
[2015.11.16-10.26.56:712][  0]LogStats: Stats thread started
[2015.11.16-10.26.56:712][  0]LogInit: Version: 4.8.3-2634408+++depot+UE4-Releases+4.8
[2015.11.16-10.26.56:712][  0]LogInit: API Version: 2579680
[2015.11.16-10.26.56:712][  0]LogInit: Compiled (64-bit): Jul 27 2015 16:24:33
[2015.11.16-10.26.56:712][  0]LogInit: Compiled with Visual C++: 18.00.21005.01
[2015.11.16-10.26.56:712][  0]LogInit: Build Configuration: Development
[2015.11.16-10.26.56:712][  0]LogInit: Branch Name: ++depot+UE4-Releases+4.8
[2015.11.16-10.26.56:712][  0]LogInit: Command line:  
[2015.11.16-10.26.56:712][  0]LogInit: Base directory: C:/Program Files/Epic Games/4.8/Engine/Binaries/Win64/
[2015.11.16-10.26.56:712][  0]LogInit: Rocket: 1
[2015.11.16-10.26.56:725][  0]LogInit: Using libcurl 7.41.0
[2015.11.16-10.26.56:725][  0]LogInit:  - built for x86_64-pc-win32
[2015.11.16-10.26.56:725][  0]LogInit:  - supports SSL with WinSSL
[2015.11.16-10.26.56:725][  0]LogInit:  - other features:
[2015.11.16-10.26.56:725][  0]LogInit:      CURL_VERSION_SSL
[2015.11.16-10.26.56:725][  0]LogInit:      CURL_VERSION_IPV6
[2015.11.16-10.26.56:725][  0]LogInit:      CURL_VERSION_ASYNCHDNS
[2015.11.16-10.26.56:725][  0]LogInit:      CURL_VERSION_LARGEFILE
[2015.11.16-10.26.56:725][  0]LogInit:      CURL_VERSION_IDN
[2015.11.16-10.26.56:725][  0]LogInit:  CurlRequestOptions (configurable via config and command line):
[2015.11.16-10.26.56:725][  0]LogInit:  - bVerifyPeer = true  - Libcurl will verify peer certificate
[2015.11.16-10.26.56:725][  0]LogInit:  - bUseHttpProxy = false  - Libcurl will NOT use HTTP proxy
[2015.11.16-10.26.56:725][  0]LogInit:  - bDontReuseConnections = false  - Libcurl will reuse connections
[2015.11.16-10.26.56:725][  0]LogInit:  - CertBundlePath = nullptr  - Libcurl will use whatever was configured at build time.
[2015.11.16-10.26.56:735][  0]LogOnline:Warning: No default platform service specified for OnlineSubsystem
[2015.11.16-10.26.56:747][  0]LogInit: Presizing for 0 objects not considered by GC, pre-allocating 0 bytes.
[2015.11.16-10.26.56:756][  0]LogInit: Object subsystem initialized
[2015.11.16-10.26.56:757][  0]LogConsoleResponse:Warning: Skipping Unknown console variable: 'TranslucentSortAxis = (X=0.000000,Y=-1.000000,Z=0.000000)'
[2015.11.16-10.26.56:757][  0]LogConsoleResponse:Warning:   Found in ini file 'C:/Users/kesto_000/Desktop/The-Curators/AlexPrototype/Saved/Config/Windows/Engine.ini', in section '[/Script/Engine.RendererSettings]'
[2015.11.16-10.26.56:757][  0]LogConsoleResponse:Warning: Skipping Unknown console variable: 'UIScaleRule = ShortestSide'
[2015.11.16-10.26.56:757][  0]LogConsoleResponse:Warning:   Found in ini file 'C:/Users/kesto_000/Desktop/The-Curators/AlexPrototype/Saved/Config/Windows/Engine.ini', in section '[/Script/Engine.RendererSettings]'
[2015.11.16-10.26.56:757][  0]LogConsoleResponse:Warning: Skipping Unknown console variable: 'UIScaleCurve = (EditorCurveData=(Keys=),ExternalCurve=None)'
[2015.11.16-10.26.56:757][  0]LogConsoleResponse:Warning:   Found in ini file 'C:/Users/kesto_000/Desktop/The-Curators/AlexPrototype/Saved/Config/Windows/Engine.ini', in section '[/Script/Engine.RendererSettings]'
[2015.11.16-10.26.56:757][  0]LogInit: Selected Device Profile: [Windows]
[2015.11.16-10.26.56:757][  0]LogInit: Applying CVar settings loaded from the selected device profile: [Windows]
[2015.11.16-10.26.56:770][  0]LogInit: Computer: KESTON
[2015.11.16-10.26.56:770][  0]LogInit: User: kesto000
[2015.11.16-10.26.56:770][  0]LogInit: CPU Page size=4096, Cores=4
[2015.11.16-10.26.56:770][  0]LogInit: High frequency timer resolution =3.337726 MHz
[2015.11.16-10.26.56:770][  0]LogMemory: Memory total: Physical=8.0GB (8GB approx)
[2015.11.16-10.26.56:770][  0]LogMemory: Platform Memory Stats for Windows
[2015.11.16-10.26.56:770][  0]LogMemory: Process Physical Memory: 54.70 MB used, 54.70 MB peak
[2015.11.16-10.26.56:770][  0]LogMemory: Process Virtual Memory: 27.66 MB used, 27.66 MB peak
[2015.11.16-10.26.56:770][  0]LogMemory: Physical Memory: 3744.71 MB used, 8141.30 MB total
[2015.11.16-10.26.56:770][  0]LogMemory: Virtual Memory: 296.73 MB used, 134217728.00 MB total
[2015.11.16-10.26.56:796][  0]LogTextLocalizationManager: The requested culture ('en_US') has no localization data; parent culture's ('en') localization data will be used.
[2015.11.16-10.26.56:984][  0]LogTextLocalizationManager:Warning: Loaded localization resources contain conflicting entries for (Namespace:ContentBrowser, Key:ImportAssetToolTip):
Localization Resource: (C:/Program Files/Epic Games/4.8/Engine/Content/Localization/Editor/en/Editor.locres) Source String Hash: (-630476809) Localized String: (Import to {0}...)
Localization Resource: (C:/Program Files/Epic Games/4.8/Engine/Content/Localization/Editor/en/Editor.locres) Source String Hash: (1271782899) Localized String: (Imports an asset from file to this folder.)
[2015.11.16-10.26.57:382][  0]LogD3D11RHI: Found D3D11 adapter 0: AMD Radeon HD 7900 Series (Feature Level 11_0)
[2015.11.16-10.26.57:382][  0]LogD3D11RHI: Adapter has 3054MB of dedicated video memory, 0MB of dedicated system memory, and 3840MB of shared system memory, 2 output[s]
[2015.11.16-10.26.57:383][  0]LogD3D11RHI: Found D3D11 adapter 1: Microsoft Basic Render Driver (Feature Level 11_0)
[2015.11.16-10.26.57:383][  0]LogD3D11RHI: Adapter has 0MB of dedicated video memory, 0MB of dedicated system memory, and 256MB of shared system memory, 0 output[s]
[2015.11.16-10.26.57:383][  0]LogD3D11RHI: Chosen D3D11 Adapter Id = 0
[2015.11.16-10.26.57:386][  0]LogD3D11RHI: InitD3DDevice
[2015.11.16-10.26.57:386][  0]LogD3D11RHI: !Direct3DDevice
[2015.11.16-10.26.57:386][  0]LogRHI: Texture pool is 1361 MB (70% of 1945 MB)
[2015.11.16-10.26.57:389][  0]LogD3D11RHI: Async texture creation disabled: no driver support
[2015.11.16-10.26.57:399][  0]LogShaderCompilers:Display: Using Local Shader Compiler.
[2015.11.16-10.26.59:106][  0]LogTemp:Display: Loaded TP DesktopTargetPlatform
[2015.11.16-10.26.59:119][  0]LogTemp:Display: Loaded TP WindowsClientTargetPlatform
[2015.11.16-10.26.59:132][  0]LogTemp:Display: Loaded TP WindowsNoEditorTargetPlatform
[2015.11.16-10.26.59:145][  0]LogTemp:Display: Loaded TP WindowsServerTargetPlatform
[2015.11.16-10.26.59:160][  0]LogTemp:Display: Loaded TP WindowsTargetPlatform
[2015.11.16-10.26.59:174][  0]LogTemp:Display: Loaded TP AndroidTargetPlatform
[2015.11.16-10.26.59:185][  0]LogTemp:Display: Loaded TP Android_ASTCTargetPlatform
[2015.11.16-10.26.59:197][  0]LogTemp:Display: Loaded TP Android_ATCTargetPlatform
[2015.11.16-10.26.59:208][  0]LogTemp:Display: Loaded TP Android_DXTTargetPlatform
[2015.11.16-10.26.59:219][  0]LogTemp:Display: Loaded TP Android_ETC1TargetPlatform
[2015.11.16-10.26.59:231][  0]LogTemp:Display: Loaded TP Android_ETC2TargetPlatform
[2015.11.16-10.26.59:242][  0]LogTemp:Display: Loaded TP Android_PVRTCTargetPlatform
[2015.11.16-10.26.59:288][  0]LogTemp:Display: Loaded TP IOSTargetPlatform
[2015.11.16-10.26.59:299][  0]LogTemp:Display: Loaded TP LinuxNoEditorTargetPlatform
[2015.11.16-10.26.59:310][  0]LogTemp:Display: Loaded TP LinuxServerTargetPlatform
[2015.11.16-10.26.59:325][  0]LogTemp:Display: Loaded TP LinuxTargetPlatform
[2015.11.16-10.26.59:325][  0]LogTargetPlatformManager:Display: Building Assets For Windows
[2015.11.16-10.26.59:506][  0]LogDerivedDataCache:Display: Max Cache Size: 512 MB
[2015.11.16-10.27.00:202][  0]LogDerivedDataCache: Loaded boot cache 0.70s 53MB C:/Users/kesto_000/AppData/Local/UnrealEngine/4.8/DerivedDataCache/Boot.ddc.
[2015.11.16-10.27.00:202][  0]LogDerivedDataCache:Display: Loaded Boot cache: C:/Users/kesto_000/AppData/Local/UnrealEngine/4.8/DerivedDataCache/Boot.ddc
[2015.11.16-10.27.00:202][  0]LogDerivedDataCache: FDerivedDataBackendGraph:  Pak pak cache file ../../../../../../Users/kesto_000/Desktop/The-Curators/AlexPrototype/DerivedDataCache/DDC.ddp not found, will not use a pak cache.
[2015.11.16-10.27.00:202][  0]LogDerivedDataCache: Unable to find inner node Pak for hierarchical cache Hierarchy.
[2015.11.16-10.27.00:203][  0]LogDerivedDataCache: FDerivedDataBackendGraph:  CompressedPak pak cache file ../../../../../../Users/kesto_000/Desktop/The-Curators/AlexPrototype/DerivedDataCache/Compressed.ddp not found, will not use a pak cache.
[2015.11.16-10.27.00:203][  0]LogDerivedDataCache: Unable to find inner node CompressedPak for hierarchical cache Hierarchy.
[2015.11.16-10.27.00:357][  0]LogDerivedDataCache:Display: Pak cache opened for reading ../../../Engine/DerivedDataCache/Compressed.ddp.
[2015.11.16-10.27.00:369][  0]LogDerivedDataCache: Using Local data cache path C:/Users/kesto_000/AppData/Local/UnrealEngine/Common/DerivedDataCache: Writable
[2015.11.16-10.27.05:731][  0]LogInit: Selected Device Profile: [Windows]
[2015.11.16-10.27.05:802][  0]ImportText (ComponentSweepMultiTests): Missing closing parenthesis: (RootShapeAsset="/Engine/BasicShapes/Cube.Cube",ShapeType="TriggerCapsule",HitResult=(Time=0.50,Location=(X=-100.000015,Y=0.0,Z=100.000015),ImpactPoint=(X=-50.0,Y=0.0,Z=50.0),Normal=(X=-1.0,Y=-0.0,Z=0.0),ImpactNormal=(X=0.0,Y=0.0,Z=1.0),TraceStart=(X=-200.0,Y=0.0,Z=200.0),TraceEnd=(X=0.0,Y=0.0,Z=0.0))
[2015.11.16-10.27.05:802][  0]ImportText (LineTraceSingleByChannelTests): Missing closing parenthesis: (RootShapeAsset="/Engine/BasicShapes/Cube.Cube",HitResult=(Time=0.50,Location=(X=-100.000015,Y=0.0,Z=100.000015),ImpactPoint=(X=-50.0,Y=0.0,Z=50.0),Normal=(X=-1.0,Y=-0.0,Z=0.0),ImpactNormal=(X=0.0,Y=0.0,Z=1.0),TraceStart=(X=-200.0,Y=0.0,Z=200.0),TraceEnd=(X=0.0,Y=0.0,Z=0.0))
[2015.11.16-10.27.05:861][  0]LogMeshUtilities: No automatic mesh reduction module available
[2015.11.16-10.27.05:861][  0]LogMeshUtilities: No automatic mesh merging module available
[2015.11.16-10.27.06:387][  0]LogInit: WinSock: version 1.1 (2.2), MaxSocks=32767, MaxUdp=65467
[2015.11.16-10.27.28:848][  0]UdpMessaging: Initializing bridge on interface 0.0.0.0:0 to multicast group 230.0.0.1:6666.
[2015.11.16-10.27.29:872][  0]SourceControl: Info Source control is disabled
[2015.11.16-10.27.29:878][  0]SourceControl: Info Source control is disabled
[2015.11.16-10.27.29:898][  0]SourceControl: Info Source control is disabled
[2015.11.16-10.27.29:950][  0]SourceControl: Info Source control is disabled
[2015.11.16-10.27.30:853][  0]LogObj: 26273 objects as part of root set at end of initial load.
[2015.11.16-10.27.30:853][  0]LogUObjectAllocator: 5409256 out of 0 bytes used by permanent object pool.
[2015.11.16-10.27.31:007][  0]LogEngine: Initializing Engine...
[2015.11.16-10.27.31:009][  0]LogHMD: Can't find Oculus library dev build: is proper Runtime installed? Version: 0.6.0.0
[2015.11.16-10.27.31:156][  0]LogHMD:Warning: SteamVR failed to initialize.  Error: 110
[2015.11.16-10.27.31:332][  0]LogAIModule: Creating AISystem for world NewWorld
[2015.11.16-10.27.31:369][  0]LogInit: XAudio2 using 'Speakers (C-Media USB Headphone Set  )' : 2 channels at 44.1 kHz using 16 bits per sample (channel mask 0x3)
[2015.11.16-10.27.31:376][  0]LogInit: FAudioDevice initialized.
[2015.11.16-10.27.31:397][  0]LogDerivedDataCache: Saved boot cache 0.02s 53MB C:/Users/kesto_000/AppData/Local/UnrealEngine/4.8/DerivedDataCache/Boot.ddc.
[2015.11.16-10.27.31:402][  0]LogInit: Texture streaming: Disabled
[2015.11.16-10.27.31:448][  0]LogAnalytics: Creating configured Analytics provider AnalyticsET
[2015.11.16-10.27.31:448][  0]LogAnalytics: [UEEditor.Rocket.Release] APIServer = http://et2.epicgames.com/ET2/. AppVersion = 4.8.3-2634408+++depot+UE4-Releases+4.8
[2015.11.16-10.27.31:448][  0]LogAnalytics: [UEEditor.Rocket.Release] SetUserId ec326fdb42ab1d0c8225d899522ea86f|a8b84f9669474814a24661e666a5fcb8|0bcdfcdd-19a1-46d2-9415-495dfd88cfd7
[2015.11.16-10.27.31:448][  0]LogAnalytics: [UEEditor.Rocket.Release] AnalyticsET::StartSession
[2015.11.16-10.27.31:538][  0]LogInit: Transaction tracking system initialized
[2015.11.16-10.27.31:931][  0]BlueprintLog: New page: Editor Load
[2015.11.16-10.27.32:004][  0]LogAssetRegistry: FAssetRegistry took 0.0112 seconds to start up
[2015.11.16-10.27.32:004][  0]LogDirectoryWatcher:Warning: Failed to begin reading directory changes for ../../../Engine/Plugins/Experimental/CharacterAI/Content/. Error: 0
[2015.11.16-10.27.36:375][  0]LogLinker:Warning: Can't find file '/Game/PuzzleBP/PuzzleOverview'
[2015.11.16-10.27.36:375][  0]LogLinker:Warning: Can't find file '/Game/PuzzleBP/PuzzleOverview'
[2015.11.16-10.27.36:375][  0]LogLinker:Warning: Can't find file '/Game/PuzzleBP/PuzzleOverview'
[2015.11.16-10.27.36:375][  0]LogUObjectGlobals:Warning: Failed to find object 'Class /Game/PuzzleBP/PuzzleOverview.PuzzleOverview_C'
[2015.11.16-10.27.36:685][  0]LogConsoleManager:Warning: Console variable 'r.VSync' wasn't set ('GameSetting' has a lower priority than 'SystemSettingsIni')
[2015.11.16-10.27.36:686][  0]LogConsoleResponse:Display: 
[2015.11.16-10.27.38:472][  0]LogCook:Display: Done creating registry. It took  0.00s.
[2015.11.16-10.27.39:737][  0]SourceControl: Info Source control is disabled
[2015.11.16-10.27.39:738][  0]Cmd: MAP LOAD FILE="../../../../../../Users/kesto_000/Desktop/The-Curators/AlexPrototype/Content/StarterContent/Maps/Minimal_Default.umap" TEMPLATE=0 SHOWPROGRESS=1 FEATURELEVEL=3
[2015.11.16-10.27.39:852][  0]LightingResults: New page: Lighting Build
[2015.11.16-10.27.39:863][  0]MapCheck: New page: Map Check
[2015.11.16-10.27.39:863][  0]LightingResults: New page: Lighting Build
[2015.11.16-10.27.39:871][  0]LogParticles: Destroying 0 GPU particle simulations for FXSystem 0x0000001087CC4F40
[2015.11.16-10.27.40:498][  0]LogLinker:Warning: Can't find file '/Game/Art/Assets/VerticalSliceAssets/characterAssets/gun/gun'
[2015.11.16-10.27.40:498][  0]LoadErrors: Info Failed to load /Game/Tech/AIGuard/GameHud.GameHud_C Referenced by gun8C1B0D41B94BE5FEA7D9F08DA0F2B523
[2015.11.16-10.27.40:498][  0]LogLinker:Warning: Can't find file for asset '/Game/Art/Assets/VerticalSliceAssets/characterAssets/gun/gun' while loading ../../../../../../Users/kesto_000/Desktop/The-Curators/AlexPrototype/Content/Tech/AIGuard/GameHud.uasset.
[2015.11.16-10.27.40:498][  0]LoadErrors: Info Failed to load /Game/Tech/AIGuard/GameHud.GameHud_C Referenced by gun8C1B0D41B94BE5FEA7D9F08DA0F2B523
[2015.11.16-10.27.40:498][  0]LoadErrors:Error: Error /Game/Tech/AIGuard/GameHud : Can't find file for asset. /Game/Art/Assets/VerticalSliceAssets/characterAssets/gun/gun
[2015.11.16-10.27.40:678][  0]LogLinker:Warning: Can't find file '/Game/Art/Assets/VerticalSliceAssets/characterAssets/gun/gun'
[2015.11.16-10.27.40:678][  0]LogLinker:Warning: Can't find file for asset '/Game/Art/Assets/VerticalSliceAssets/characterAssets/gun/gun' while loading ../../../../../../Users/kesto_000/Desktop/The-Curators/AlexPrototype/Content/Tech/AIGuard/GameHud.uasset.
[2015.11.16-10.27.40:678][  0]LoadErrors:Error: Error /Game/Tech/AIGuard/GameHud : Can't find file for asset. /Game/Art/Assets/VerticalSliceAssets/characterAssets/gun/gun
[2015.11.16-10.27.40:679][  0]LogLinker:Warning: Can't find file '/Game/Art/Assets/VerticalSliceAssets/characterAssets/gun/gun'
[2015.11.16-10.27.40:679][  0]LogLinker:Warning: Can't find file for asset '/Game/Art/Assets/VerticalSliceAssets/characterAssets/gun/gun' while loading ../../../../../../Users/kesto_000/Desktop/The-Curators/AlexPrototype/Content/Tech/AIGuard/GameHud.uasset.
[2015.11.16-10.27.40:679][  0]LoadErrors:Error: Error /Game/Tech/AIGuard/GameHud : Can't find file for asset. /Game/Art/Assets/VerticalSliceAssets/characterAssets/gun/gun
[2015.11.16-10.27.40:898][  0]LogBlueprint:Warning: [compiler ThirdPersonCharacter] Warning Input Axis Event references unknown Axis 'LookUp' for  InputAxis LookUp 
[2015.11.16-10.27.40:919][  0]LogBlueprint:Warning: [compiler ThirdPersonCharacter] Warning [0046.01] Compile of ThirdPersonCharacter successful, but with 1 Warning(s) [in 99 ms]
[2015.11.16-10.27.40:919][  0]LogBlueprint:Warning: [compiler ThirdPersonCharacter] Warning [0046.01] Compile of ThirdPersonCharacter successful, but with 2 Warning(s) [in 0 ms]
[2015.11.16-10.27.40:919][  0]LogBlueprint:Warning: [compiler ThirdPersonCharacter] Warning [0046.01] Compile of ThirdPersonCharacter successful, but with 3 Warning(s) [in 0 ms]
[2015.11.16-10.27.41:139][  0]LogBlueprint:Warning: [compiler ThirdPersonCharacter] Warning Input Axis Event references unknown Axis 'LookUp' for  InputAxis LookUp 
[2015.11.16-10.27.41:165][  0]LogBlueprint:Warning: [compiler ThirdPersonCharacter] Warning [0046.26] Compile of ThirdPersonCharacter successful, but with 1 Warning(s) [in 107 ms]
[2015.11.16-10.27.41:165][  0]LogBlueprint:Warning: [compiler ThirdPersonCharacter] Warning [0046.26] Compile of ThirdPersonCharacter successful, but with 2 Warning(s) [in 0 ms]
[2015.11.16-10.27.41:174][  0]LogLinker:Warning: Can't find file '/Game/Art/Assets/VerticalSliceAssets/characterAssets/gun/gun'
[2015.11.16-10.27.41:174][  0]LogLinker:Warning: Can't find file for asset '/Game/Art/Assets/VerticalSliceAssets/characterAssets/gun/gun' while loading ../../../../../../Users/kesto_000/Desktop/The-Curators/AlexPrototype/Content/Tech/ThirdPersonBP/Blueprints/ThirdPersonCharacter.uasset.
[2015.11.16-10.27.41:174][  0]LoadErrors:Error: Error /Game/Tech/ThirdPersonBP/Blueprints/ThirdPersonCharacter : Can't find file for asset. /Game/Art/Assets/VerticalSliceAssets/characterAssets/gun/gun
[2015.11.16-10.27.41:175][  0]LogLinker:Warning: Can't find file '/Game/Art/Assets/VerticalSliceAssets/characterAssets/gun/gun'
[2015.11.16-10.27.41:175][  0]LogLinker:Warning: Can't find file for asset '/Game/Art/Assets/VerticalSliceAssets/characterAssets/gun/gun' while loading ../../../../../../Users/kesto_000/Desktop/The-Curators/AlexPrototype/Content/Tech/ThirdPersonBP/Blueprints/ThirdPersonCharacter.uasset.
[2015.11.16-10.27.41:175][  0]LoadErrors:Error: Error /Game/Tech/ThirdPersonBP/Blueprints/ThirdPersonCharacter : Can't find file for asset. /Game/Art/Assets/VerticalSliceAssets/characterAssets/gun/gun
[2015.11.16-10.27.42:686][  0]LogBlueprint:Warning: [compiler ErichCharBlueRyan] Warning Input Axis Event references unknown Axis 'LookUp' for  InputAxis LookUp 
[2015.11.16-10.27.42:688][  0]LogBlueprint:Warning: [compiler ErichCharBlueRyan] Warning InputAction Event references unknown Action 'Walk' for  InputAction Walk 
[2015.11.16-10.27.42:713][  0]LogBlueprint:Warning: [compiler ErichCharBlueRyan] Warning [0047.81] Compile of ErichCharBlueRyan successful, but with 2 Warning(s) [in 110 ms]
[2015.11.16-10.27.42:714][  0]LogBlueprint:Warning: [compiler ErichCharBlueRyan] Warning [0047.81] Compile of ErichCharBlueRyan successful, but with 3 Warning(s) [in 0 ms]
[2015.11.16-10.27.42:714][  0]LogBlueprint:Warning: [compiler ErichCharBlueRyan] Warning [0047.81] Compile of ErichCharBlueRyan successful, but with 4 Warning(s) [in 0 ms]
[2015.11.16-10.27.42:918][  0]LogBlueprint:Warning: [compiler ErichCharBlueRyan] Warning Input Axis Event references unknown Axis 'LookUp' for  InputAxis LookUp 
[2015.11.16-10.27.42:919][  0]LogBlueprint:Warning: [compiler ErichCharBlueRyan] Warning InputAction Event references unknown Action 'Walk' for  InputAction Walk 
[2015.11.16-10.27.42:949][  0]LogBlueprint:Warning: [compiler ErichCharBlueRyan] Warning [0048.04] Compile of ErichCharBlueRyan successful, but with 2 Warning(s) [in 113 ms]
[2015.11.16-10.27.42:949][  0]LogBlueprint:Warning: [compiler ErichCharBlueRyan] Warning [0048.04] Compile of ErichCharBlueRyan successful, but with 3 Warning(s) [in 0 ms]
[2015.11.16-10.28.03:571][  0]LogAIModule: Creating AISystem for world Minimal_Default
[2015.11.16-10.28.03:580][  0]LogEditorServer: Finished looking for orphan Actors (0.000 secs)
[2015.11.16-10.28.03:699][  0]Cmd: MAP CHECKDEP NOCLEARLOG
[2015.11.16-10.28.03:777][  0]MapCheck: Info Map check complete: 0 Error(s), 0 Warning(s), took 77.243ms to complete.
[2015.11.16-10.28.03:777][  0]LogFileHelpers: Loading map 'Minimal_Default' took 24.040
[2015.11.16-10.28.03:893][  0]LogCollectionManager: Loaded 0 collections in 0.002062 seconds
[2015.11.16-10.28.03:899][  0]LogContentBrowser: Native class hierarchy populated in 0.0062 seconds. Added 1792 classes and 301 folders.
[2015.11.16-10.28.04:098][  0]LogContentBrowser: Native class hierarchy updated for 'WidgetCarousel' in 0.0003 seconds. Added 0 classes and 0 folders.
[2015.11.16-10.28.05:259][  0]LogContentBrowser: Native class hierarchy updated for 'AddContentDialog' in 0.0003 seconds. Added 0 classes and 0 folders.
[2015.11.16-10.28.05:298][  0]LogContentBrowser: Native class hierarchy updated for 'SceneOutliner' in 0.0003 seconds. Added 1 classes and 2 folders.
[2015.11.16-10.28.05:688][  0]LogCrashTracker: Crashtracker disabled due to settings.
[2015.11.16-10.28.05:689][  0]LogD3D11RHI: InitD3DDevice
[2015.11.16-10.28.05:691][  0]LogUObjectGlobals:Warning: Failed to find object 'Class None.'
[2015.11.16-10.28.05:714][  0]LogLoad: Full Startup: 70.81 seconds (BP compile: 1.96 seconds)
[2015.11.16-10.28.06:026][  0]LogContentStreaming: Texture pool size is 0.000000MB
[2015.11.16-10.28.06:155][  0]LogContentStreaming: Texture pool size now 1000 MB
[2015.11.16-10.28.06:258][  0]LogRenderer: Reallocating scene render targets to support 1376x928 (Frame:2).
[2015.11.16-10.28.06:754][ 14]LogD3D11RHI: InitD3DDevice
[2015.11.16-10.28.07:394][ 61]LogD3D11RHI: InitD3DDevice
[2015.11.16-10.28.08:099][145]LogD3D11RHI: InitD3DDevice
[2015.11.16-10.28.08:970][246]LogD3D11RHI: InitD3DDevice
[2015.11.16-10.28.11:962][602]LogActorComponent: UnregisterComponent: (/Engine/Transient.CharMoveComp) Not registered. Aborting.
[2015.11.16-10.28.12:241][602]Cmd: MAP LOAD FILE="../../../../../../Users/kesto_000/Desktop/The-Curators/AlexPrototype/Content/Levels/kestonLevel.umap" TEMPLATE=0 SHOWPROGRESS=1 FEATURELEVEL=3
[2015.11.16-10.28.12:247][602]LogD3D11RHI: InitD3DDevice
[2015.11.16-10.28.12:256][602]LightingResults: New page: Lighting Build
[2015.11.16-10.28.12:285][602]LoadErrors: New page: Loading map: kestonLevel.umap
[2015.11.16-10.28.12:285][602]MapCheck: New page: Map Check
[2015.11.16-10.28.12:285][602]LightingResults: New page: Lighting Build
[2015.11.16-10.28.12:296][602]LogParticles: Destroying 0 GPU particle simulations for FXSystem 0x0000001093585440
[2015.11.16-10.28.28:616][602]LogAIModule: Creating AISystem for world kestonLevel
[2015.11.16-10.28.28:716][602]LogMaterial:Warning: Material /Game/Art/AlphaModels/bottomBarSteelRailing.bottomBarSteelRailing needed to have new flag set bUsedWithStaticLighting !
[2015.11.16-10.28.28:758][602]LogMaterial: Missing cached shader map for material bottomBarSteelRailing, compiling. 
[2015.11.16-10.28.28:803][602]LogMaterial: 0.000090 seconds spent updating 1 materials, 1 interfaces, 0 instances, 0 with static permutations.
[2015.11.16-10.28.28:803][602]LogMaterial:Warning: Material /Game/Art/AlphaModels/sideBarSteelRailing.sideBarSteelRailing needed to have new flag set bUsedWithStaticLighting !
[2015.11.16-10.28.28:804][602]LogMaterial: Missing cached shader map for material sideBarSteelRailing, compiling. 
[2015.11.16-10.28.28:812][602]LogMaterial: 0.000084 seconds spent updating 1 materials, 1 interfaces, 0 instances, 0 with static permutations.
[2015.11.16-10.28.28:812][602]LogMaterial:Warning: Material /Game/Art/AlphaModels/smallBarsSteelRailing.smallBarsSteelRailing needed to have new flag set bUsedWithStaticLighting !
[2015.11.16-10.28.28:826][602]LogMaterial: Missing cached shader map for material smallBarsSteelRailing, compiling. 
[2015.11.16-10.28.28:835][602]LogMaterial: 0.000085 seconds spent updating 1 materials, 1 interfaces, 0 instances, 0 with static permutations.
[2015.11.16-10.28.28:838][602]LogMaterial:Warning: Material /Game/Art/AlphaModels/AlphaModels/GeneralMuseumItems/ceilingLampParts/ceilingLampStringSmall/metalCeilingLamp.metalCeilingLamp needed to have new flag set bUsedWithStaticLighting !
[2015.11.16-10.28.28:860][602]LogMaterial: Missing cached shader map for material metalCeilingLamp, compiling. 
[2015.11.16-10.28.28:869][602]LogMaterial: 0.000085 seconds spent updating 1 materials, 1 interfaces, 0 instances, 0 with static permutations.
[2015.11.16-10.28.28:869][602]LogMaterial:Warning: Material /Game/Art/AlphaModels/AlphaModels/GeneralMuseumItems/ceilingLampParts/ceilingLampStringSmall/matteCeilingLamp.matteCeilingLamp needed to have new flag set bUsedWithStaticLighting !
[2015.11.16-10.28.28:897][602]LogMaterial: Missing cached shader map for material matteCeilingLamp, compiling. 
[2015.11.16-10.28.28:905][602]LogMaterial: 0.000084 seconds spent updating 1 materials, 1 interfaces, 0 instances, 0 with static permutations.
[2015.11.16-10.28.28:919][602]LogMaterial:Warning: Material /Game/Art/AlphaModels/AlphaModels/GeneralMuseumItems/door2a/lambert2.lambert2 needed to have new flag set bUsedWithStaticLighting !
[2015.11.16-10.28.28:932][602]LogMaterial: Missing cached shader map for material lambert2, compiling. 
[2015.11.16-10.28.28:941][602]LogMaterial: 0.000083 seconds spent updating 1 materials, 1 interfaces, 0 instances, 0 with static permutations.
[2015.11.16-10.28.28:941][602]LogMaterial:Warning: Material /Game/Art/AlphaModels/AlphaModels/GeneralMuseumItems/door2a/windowpane3.windowpane3 needed to have new flag set bUsedWithStaticLighting !
[2015.11.16-10.28.28:954][602]LogMaterial: Missing cached shader map for material windowpane3, compiling. 
[2015.11.16-10.28.28:975][602]LogMaterial: 0.000068 seconds spent updating 1 materials, 1 interfaces, 0 instances, 0 with static permutations.
[2015.11.16-10.28.28:989][602]LogChildActorComponent:Error: Found cycle in child actor component '/Game/Levels/kestonLevel.kestonLevel:PersistentLevel.CyGuardChar_C_0.CyGuardChar'.  Not spawning Actor of class 'CyGuardChar_C' to break.
[2015.11.16-10.28.28:989][602]LogChildActorComponent:Error: Found cycle in child actor component '/Game/Levels/kestonLevel.kestonLevel:PersistentLevel.CyGuardChar_C_0.CyGuardChar1'.  Not spawning Actor of class 'CyGuardChar_C' to break.
[2015.11.16-10.28.28:990][602]LogChildActorComponent:Error: Found cycle in child actor component '/Game/Levels/kestonLevel.kestonLevel:PersistentLevel.CyGuardChar_C_18.CyGuardChar'.  Not spawning Actor of class 'CyGuardChar_C' to break.
[2015.11.16-10.28.28:990][602]LogChildActorComponent:Error: Found cycle in child actor component '/Game/Levels/kestonLevel.kestonLevel:PersistentLevel.CyGuardChar_C_18.CyGuardChar1'.  Not spawning Actor of class 'CyGuardChar_C' to break.
[2015.11.16-10.28.28:991][602]LogChildActorComponent:Error: Found cycle in child actor component '/Game/Levels/kestonLevel.kestonLevel:PersistentLevel.CyGuardChar_C_42.CyGuardChar'.  Not spawning Actor of class 'CyGuardChar_C' to break.
[2015.11.16-10.28.28:991][602]LogChildActorComponent:Error: Found cycle in child actor component '/Game/Levels/kestonLevel.kestonLevel:PersistentLevel.CyGuardChar_C_42.CyGuardChar1'.  Not spawning Actor of class 'CyGuardChar_C' to break.
[2015.11.16-10.28.28:993][602]LogChildActorComponent:Error: Found cycle in child actor component '/Game/Levels/kestonLevel.kestonLevel:PersistentLevel.CyGuardChar_C_48.CyGuardChar'.  Not spawning Actor of class 'CyGuardChar_C' to break.
[2015.11.16-10.28.28:993][602]LogChildActorComponent:Error: Found cycle in child actor component '/Game/Levels/kestonLevel.kestonLevel:PersistentLevel.CyGuardChar_C_48.CyGuardChar1'.  Not spawning Actor of class 'CyGuardChar_C' to break.
[2015.11.16-10.28.28:994][602]LogChildActorComponent:Error: Found cycle in child actor component '/Game/Levels/kestonLevel.kestonLevel:PersistentLevel.CyGuardChar_C_50.CyGuardChar'.  Not spawning Actor of class 'CyGuardChar_C' to break.
[2015.11.16-10.28.28:994][602]LogChildActorComponent:Error: Found cycle in child actor component '/Game/Levels/kestonLevel.kestonLevel:PersistentLevel.CyGuardChar_C_50.CyGuardChar1'.  Not spawning Actor of class 'CyGuardChar_C' to break.
[2015.11.16-10.28.28:995][602]LogChildActorComponent:Error: Found cycle in child actor component '/Game/Levels/kestonLevel.kestonLevel:PersistentLevel.CyGuardChar_C_51.CyGuardChar'.  Not spawning Actor of class 'CyGuardChar_C' to break.
[2015.11.16-10.28.28:995][602]LogChildActorComponent:Error: Found cycle in child actor component '/Game/Levels/kestonLevel.kestonLevel:PersistentLevel.CyGuardChar_C_51.CyGuardChar1'.  Not spawning Actor of class 'CyGuardChar_C' to break.
[2015.11.16-10.28.28:996][602]LogChildActorComponent:Error: Found cycle in child actor component '/Game/Levels/kestonLevel.kestonLevel:PersistentLevel.CyGuardChar_C_76.CyGuardChar'.  Not spawning Actor of class 'CyGuardChar_C' to break.
[2015.11.16-10.28.28:996][602]LogChildActorComponent:Error: Found cycle in child actor component '/Game/Levels/kestonLevel.kestonLevel:PersistentLevel.CyGuardChar_C_76.CyGuardChar1'.  Not spawning Actor of class 'CyGuardChar_C' to break.
[2015.11.16-10.28.28:997][602]LogChildActorComponent:Error: Found cycle in child actor component '/Game/Levels/kestonLevel.kestonLevel:PersistentLevel.CyGuardChar_C_79.CyGuardChar'.  Not spawning Actor of class 'CyGuardChar_C' to break.
[2015.11.16-10.28.28:997][602]LogChildActorComponent:Error: Found cycle in child actor component '/Game/Levels/kestonLevel.kestonLevel:PersistentLevel.CyGuardChar_C_79.CyGuardChar1'.  Not spawning Actor of class 'CyGuardChar_C' to break.
[2015.11.16-10.28.28:998][602]LogChildActorComponent:Error: Found cycle in child actor component '/Game/Levels/kestonLevel.kestonLevel:PersistentLevel.CyGuardChar_C_81.CyGuardChar'.  Not spawning Actor of class 'CyGuardChar_C' to break.
[2015.11.16-10.28.28:998][602]LogChildActorComponent:Error: Found cycle in child actor component '/Game/Levels/kestonLevel.kestonLevel:PersistentLevel.CyGuardChar_C_81.CyGuardChar1'.  Not spawning Actor of class 'CyGuardChar_C' to break.
[2015.11.16-10.28.29:000][602]LogChildActorComponent:Error: Found cycle in child actor component '/Game/Levels/kestonLevel.kestonLevel:PersistentLevel.CyGuardChar_C_83.CyGuardChar'.  Not spawning Actor of class 'CyGuardChar_C' to break.
[2015.11.16-10.28.29:000][602]LogChildActorComponent:Error: Found cycle in child actor component '/Game/Levels/kestonLevel.kestonLevel:PersistentLevel.CyGuardChar_C_83.CyGuardChar1'.  Not spawning Actor of class 'CyGuardChar_C' to break.
[2015.11.16-10.28.29:000][602]LogChildActorComponent:Error: Found cycle in child actor component '/Game/Levels/kestonLevel.kestonLevel:PersistentLevel.CyGuardChar_C_88.CyGuardChar'.  Not spawning Actor of class 'CyGuardChar_C' to break.
[2015.11.16-10.28.29:001][602]LogChildActorComponent:Error: Found cycle in child actor component '/Game/Levels/kestonLevel.kestonLevel:PersistentLevel.CyGuardChar_C_88.CyGuardChar1'.  Not spawning Actor of class 'CyGuardChar_C' to break.
[2015.11.16-10.28.29:001][602]LogChildActorComponent:Error: Found cycle in child actor component '/Game/Levels/kestonLevel.kestonLevel:PersistentLevel.CyGuardChar_C_93.CyGuardChar'.  Not spawning Actor of class 'CyGuardChar_C' to break.
[2015.11.16-10.28.29:001][602]LogChildActorComponent:Error: Found cycle in child actor component '/Game/Levels/kestonLevel.kestonLevel:PersistentLevel.CyGuardChar_C_93.CyGuardChar1'.  Not spawning Actor of class 'CyGuardChar_C' to break.
[2015.11.16-10.28.29:002][602]LogChildActorComponent:Error: Found cycle in child actor component '/Game/Levels/kestonLevel.kestonLevel:PersistentLevel.CyGuardChar_C_95.CyGuardChar'.  Not spawning Actor of class 'CyGuardChar_C' to break.
[2015.11.16-10.28.29:002][602]LogChildActorComponent:Error: Found cycle in child actor component '/Game/Levels/kestonLevel.kestonLevel:PersistentLevel.CyGuardChar_C_95.CyGuardChar1'.  Not spawning Actor of class 'CyGuardChar_C' to break.
[2015.11.16-10.28.29:070][602]LogChildActorComponent:Error: Found cycle in child actor component '/Game/Levels/kestonLevel.kestonLevel:PersistentLevel.CyGuardChar_C_0.CyGuardChar'.  Not spawning Actor of class 'CyGuardChar_C' to break.
[2015.11.16-10.28.29:070][602]LogChildActorComponent:Error: Found cycle in child actor component '/Game/Levels/kestonLevel.kestonLevel:PersistentLevel.CyGuardChar_C_0.CyGuardChar1'.  Not spawning Actor of class 'CyGuardChar_C' to break.
[2015.11.16-10.28.29:070][602]LogChildActorComponent:Error: Found cycle in child actor component '/Game/Levels/kestonLevel.kestonLevel:PersistentLevel.CyGuardChar_C_0.CyGuardChar1'.  Not spawning Actor of class 'CyGuardChar_C' to break.
[2015.11.16-10.28.29:070][602]LogChildActorComponent:Error: Found cycle in child actor component '/Game/Levels/kestonLevel.kestonLevel:PersistentLevel.CyGuardChar_C_0.CyGuardChar'.  Not spawning Actor of class 'CyGuardChar_C' to break.
[2015.11.16-10.28.29:070][602]LogChildActorComponent:Error: Found cycle in child actor component '/Game/Levels/kestonLevel.kestonLevel:PersistentLevel.CyGuardChar_C_0.CyGuardChar'.  Not spawning Actor of class 'CyGuardChar_C' to break.
[2015.11.16-10.28.29:070][602]LogChildActorComponent:Error: Found cycle in child actor component '/Game/Levels/kestonLevel.kestonLevel:PersistentLevel.CyGuardChar_C_0.CyGuardChar1'.  Not spawning Actor of class 'CyGuardChar_C' to break.
[2015.11.16-10.28.29:071][602]LogChildActorComponent:Error: Found cycle in child actor component '/Game/Levels/kestonLevel.kestonLevel:PersistentLevel.CyGuardChar_C_18.CyGuardChar'.  Not spawning Actor of class 'CyGuardChar_C' to break.
[2015.11.16-10.28.29:071][602]LogChildActorComponent:Error: Found cycle in child actor component '/Game/Levels/kestonLevel.kestonLevel:PersistentLevel.CyGuardChar_C_18.CyGuardChar1'.  Not spawning Actor of class 'CyGuardChar_C' to break.
[2015.11.16-10.28.29:071][602]LogChildActorComponent:Error: Found cycle in child actor component '/Game/Levels/kestonLevel.kestonLevel:PersistentLevel.CyGuardChar_C_18.CyGuardChar1'.  Not spawning Actor of class 'CyGuardChar_C' to break.
[2015.11.16-10.28.29:071][602]LogChildActorComponent:Error: Found cycle in child actor component '/Game/Levels/kestonLevel.kestonLevel:PersistentLevel.CyGuardChar_C_18.CyGuardChar'.  Not spawning Actor of class 'CyGuardChar_C' to break.
[2015.11.16-10.28.29:071][602]LogChildActorComponent:Error: Found cycle in child actor component '/Game/Levels/kestonLevel.kestonLevel:PersistentLevel.CyGuardChar_C_18.CyGuardChar'.  Not spawning Actor of class 'CyGuardChar_C' to break.
[2015.11.16-10.28.29:071][602]LogChildActorComponent:Error: Found cycle in child actor component '/Game/Levels/kestonLevel.kestonLevel:PersistentLevel.CyGuardChar_C_18.CyGuardChar1'.  Not spawning Actor of class 'CyGuardChar_C' to break.
[2015.11.16-10.28.29:072][602]LogChildActorComponent:Error: Found cycle in child actor component '/Game/Levels/kestonLevel.kestonLevel:PersistentLevel.CyGuardChar_C_42.CyGuardChar'.  Not spawning Actor of class 'CyGuardChar_C' to break.
[2015.11.16-10.28.29:072][602]LogChildActorComponent:Error: Found cycle in child actor component '/Game/Levels/kestonLevel.kestonLevel:PersistentLevel.CyGuardChar_C_42.CyGuardChar1'.  Not spawning Actor of class 'CyGuardChar_C' to break.
[2015.11.16-10.28.29:072][602]LogChildActorComponent:Error: Found cycle in child actor component '/Game/Levels/kestonLevel.kestonLevel:PersistentLevel.CyGuardChar_C_42.CyGuardChar1'.  Not spawning Actor of class 'CyGuardChar_C' to break.
[2015.11.16-10.28.29:072][602]LogChildActorComponent:Error: Found cycle in child actor component '/Game/Levels/kestonLevel.kestonLevel:PersistentLevel.CyGuardChar_C_42.CyGuardChar'.  Not spawning Actor of class 'CyGuardChar_C' to break.
[2015.11.16-10.28.29:072][602]LogChildActorComponent:Error: Found cycle in child actor component '/Game/Levels/kestonLevel.kestonLevel:PersistentLevel.CyGuardChar_C_42.CyGuardChar'.  Not spawning Actor of class 'CyGuardChar_C' to break.
[2015.11.16-10.28.29:072][602]LogChildActorComponent:Error: Found cycle in child actor component '/Game/Levels/kestonLevel.kestonLevel:PersistentLevel.CyGuardChar_C_42.CyGuardChar1'.  Not spawning Actor of class 'CyGuardChar_C' to break.
[2015.11.16-10.28.29:073][602]LogChildActorComponent:Error: Found cycle in child actor component '/Game/Levels/kestonLevel.kestonLevel:PersistentLevel.CyGuardChar_C_48.CyGuardChar'.  Not spawning Actor of class 'CyGuardChar_C' to break.
[2015.11.16-10.28.29:073][602]LogChildActorComponent:Error: Found cycle in child actor component '/Game/Levels/kestonLevel.kestonLevel:PersistentLevel.CyGuardChar_C_48.CyGuardChar1'.  Not spawning Actor of class 'CyGuardChar_C' to break.
[2015.11.16-10.28.29:073][602]LogChildActorComponent:Error: Found cycle in child actor component '/Game/Levels/kestonLevel.kestonLevel:PersistentLevel.CyGuardChar_C_48.CyGuardChar1'.  Not spawning Actor of class 'CyGuardChar_C' to break.
[2015.11.16-10.28.29:073][602]LogChildActorComponent:Error: Found cycle in child actor component '/Game/Levels/kestonLevel.kestonLevel:PersistentLevel.CyGuardChar_C_48.CyGuardChar'.  Not spawning Actor of class 'CyGuardChar_C' to break.
[2015.11.16-10.28.29:074][602]LogChildActorComponent:Error: Found cycle in child actor component '/Game/Levels/kestonLevel.kestonLevel:PersistentLevel.CyGuardChar_C_48.CyGuardChar'.  Not spawning Actor of class 'CyGuardChar_C' to break.
[2015.11.16-10.28.29:074][602]LogChildActorComponent:Error: Found cycle in child actor component '/Game/Levels/kestonLevel.kestonLevel:PersistentLevel.CyGuardChar_C_48.CyGuardChar1'.  Not spawning Actor of class 'CyGuardChar_C' to break.
[2015.11.16-10.28.29:075][602]LogChildActorComponent:Error: Found cycle in child actor component '/Game/Levels/kestonLevel.kestonLevel:PersistentLevel.CyGuardChar_C_50.CyGuardChar'.  Not spawning Actor of class 'CyGuardChar_C' to break.
[2015.11.16-10.28.29:075][602]LogChildActorComponent:Error: Found cycle in child actor component '/Game/Levels/kestonLevel.kestonLevel:PersistentLevel.CyGuardChar_C_50.CyGuardChar1'.  Not spawning Actor of class 'CyGuardChar_C' to break.
[2015.11.16-10.28.29:075][602]LogChildActorComponent:Error: Found cycle in child actor component '/Game/Levels/kestonLevel.kestonLevel:PersistentLevel.CyGuardChar_C_50.CyGuardChar1'.  Not spawning Actor of class 'CyGuardChar_C' to break.
[2015.11.16-10.28.29:075][602]LogChildActorComponent:Error: Found cycle in child actor component '/Game/Levels/kestonLevel.kestonLevel:PersistentLevel.CyGuardChar_C_50.CyGuardChar'.  Not spawning Actor of class 'CyGuardChar_C' to break.
[2015.11.16-10.28.29:075][602]LogChildActorComponent:Error: Found cycle in child actor component '/Game/Levels/kestonLevel.kestonLevel:PersistentLevel.CyGuardChar_C_50.CyGuardChar'.  Not spawning Actor of class 'CyGuardChar_C' to break.
[2015.11.16-10.28.29:075][602]LogChildActorComponent:Error: Found cycle in child actor component '/Game/Levels/kestonLevel.kestonLevel:PersistentLevel.CyGuardChar_C_50.CyGuardChar1'.  Not spawning Actor of class 'CyGuardChar_C' to break.
[2015.11.16-10.28.29:076][602]LogChildActorComponent:Error: Found cycle in child actor component '/Game/Levels/kestonLevel.kestonLevel:PersistentLevel.CyGuardChar_C_51.CyGuardChar'.  Not spawning Actor of class 'CyGuardChar_C' to break.
[2015.11.16-10.28.29:076][602]LogChildActorComponent:Error: Found cycle in child actor component '/Game/Levels/kestonLevel.kestonLevel:PersistentLevel.CyGuardChar_C_51.CyGuardChar1'.  Not spawning Actor of class 'CyGuardChar_C' to break.
[2015.11.16-10.28.29:076][602]LogChildActorComponent:Error: Found cycle in child actor component '/Game/Levels/kestonLevel.kestonLevel:PersistentLevel.CyGuardChar_C_51.CyGuardChar1'.  Not spawning Actor of class 'CyGuardChar_C' to break.
[2015.11.16-10.28.29:076][602]LogChildActorComponent:Error: Found cycle in child actor component '/Game/Levels/kestonLevel.kestonLevel:PersistentLevel.CyGuardChar_C_51.CyGuardChar'.  Not spawning Actor of class 'CyGuardChar_C' to break.
[2015.11.16-10.28.29:076][602]LogChildActorComponent:Error: Found cycle in child actor component '/Game/Levels/kestonLevel.kestonLevel:PersistentLevel.CyGuardChar_C_51.CyGuardChar'.  Not spawning Actor of class 'CyGuardChar_C' to break.
[2015.11.16-10.28.29:076][602]LogChildActorComponent:Error: Found cycle in child actor component '/Game/Levels/kestonLevel.kestonLevel:PersistentLevel.CyGuardChar_C_51.CyGuardChar1'.  Not spawning Actor of class 'CyGuardChar_C' to break.
[2015.11.16-10.28.29:077][602]LogChildActorComponent:Error: Found cycle in child actor component '/Game/Levels/kestonLevel.kestonLevel:PersistentLevel.CyGuardChar_C_76.CyGuardChar'.  Not spawning Actor of class 'CyGuardChar_C' to break.
[2015.11.16-10.28.29:077][602]LogChildActorComponent:Error: Found cycle in child actor component '/Game/Levels/kestonLevel.kestonLevel:PersistentLevel.CyGuardChar_C_76.CyGuardChar1'.  Not spawning Actor of class 'CyGuardChar_C' to break.
[2015.11.16-10.28.29:077][602]LogChildActorComponent:Error: Found cycle in child actor component '/Game/Levels/kestonLevel.kestonLevel:PersistentLevel.CyGuardChar_C_76.CyGuardChar1'.  Not spawning Actor of class 'CyGuardChar_C' to break.
[2015.11.16-10.28.29:077][602]LogChildActorComponent:Error: Found cycle in child actor component '/Game/Levels/kestonLevel.kestonLevel:PersistentLevel.CyGuardChar_C_76.CyGuardChar'.  Not spawning Actor of class 'CyGuardChar_C' to break.
[2015.11.16-10.28.29:078][602]LogChildActorComponent:Error: Found cycle in child actor component '/Game/Levels/kestonLevel.kestonLevel:PersistentLevel.CyGuardChar_C_76.CyGuardChar'.  Not spawning Actor of class 'CyGuardChar_C' to break.
[2015.11.16-10.28.29:078][602]LogChildActorComponent:Error: Found cycle in child actor component '/Game/Levels/kestonLevel.kestonLevel:PersistentLevel.CyGuardChar_C_76.CyGuardChar1'.  Not spawning Actor of class 'CyGuardChar_C' to break.
[2015.11.16-10.28.29:078][602]LogChildActorComponent:Error: Found cycle in child actor component '/Game/Levels/kestonLevel.kestonLevel:PersistentLevel.CyGuardChar_C_79.CyGuardChar'.  Not spawning Actor of class 'CyGuardChar_C' to break.
[2015.11.16-10.28.29:079][602]LogChildActorComponent:Error: Found cycle in child actor component '/Game/Levels/kestonLevel.kestonLevel:PersistentLevel.CyGuardChar_C_79.CyGuardChar1'.  Not spawning Actor of class 'CyGuardChar_C' to break.
[2015.11.16-10.28.29:079][602]LogChildActorComponent:Error: Found cycle in child actor component '/Game/Levels/kestonLevel.kestonLevel:PersistentLevel.CyGuardChar_C_79.CyGuardChar1'.  Not spawning Actor of class 'CyGuardChar_C' to break.
[2015.11.16-10.28.29:079][602]LogChildActorComponent:Error: Found cycle in child actor component '/Game/Levels/kestonLevel.kestonLevel:PersistentLevel.CyGuardChar_C_79.CyGuardChar'.  Not spawning Actor of class 'CyGuardChar_C' to break.
[2015.11.16-10.28.29:079][602]LogChildActorComponent:Error: Found cycle in child actor component '/Game/Levels/kestonLevel.kestonLevel:PersistentLevel.CyGuardChar_C_79.CyGuardChar'.  Not spawning Actor of class 'CyGuardChar_C' to break.
[2015.11.16-10.28.29:079][602]LogChildActorComponent:Error: Found cycle in child actor component '/Game/Levels/kestonLevel.kestonLevel:PersistentLevel.CyGuardChar_C_79.CyGuardChar1'.  Not spawning Actor of class 'CyGuardChar_C' to break.
[2015.11.16-10.28.29:080][602]LogChildActorComponent:Error: Found cycle in child actor component '/Game/Levels/kestonLevel.kestonLevel:PersistentLevel.CyGuardChar_C_81.CyGuardChar'.  Not spawning Actor of class 'CyGuardChar_C' to break.
[2015.11.16-10.28.29:080][602]LogChildActorComponent:Error: Found cycle in child actor component '/Game/Levels/kestonLevel.kestonLevel:PersistentLevel.CyGuardChar_C_81.CyGuardChar1'.  Not spawning Actor of class 'CyGuardChar_C' to break.
[2015.11.16-10.28.29:080][602]LogChildActorComponent:Error: Found cycle in child actor component '/Game/Levels/kestonLevel.kestonLevel:PersistentLevel.CyGuardChar_C_81.CyGuardChar1'.  Not spawning Actor of class 'CyGuardChar_C' to break.
[2015.11.16-10.28.29:080][602]LogChildActorComponent:Error: Found cycle in child actor component '/Game/Levels/kestonLevel.kestonLevel:PersistentLevel.CyGuardChar_C_81.CyGuardChar'.  Not spawning Actor of class 'CyGuardChar_C' to break.
[2015.11.16-10.28.29:080][602]LogChildActorComponent:Error: Found cycle in child actor component '/Game/Levels/kestonLevel.kestonLevel:PersistentLevel.CyGuardChar_C_81.CyGuardChar'.  Not spawning Actor of class 'CyGuardChar_C' to break.
[2015.11.16-10.28.29:080][602]LogChildActorComponent:Error: Found cycle in child actor component '/Game/Levels/kestonLevel.kestonLevel:PersistentLevel.CyGuardChar_C_81.CyGuardChar1'.  Not spawning Actor of class 'CyGuardChar_C' to break.
[2015.11.16-10.28.29:081][602]LogChildActorComponent:Error: Found cycle in child actor component '/Game/Levels/kestonLevel.kestonLevel:PersistentLevel.CyGuardChar_C_83.CyGuardChar'.  Not spawning Actor of class 'CyGuardChar_C' to break.
[2015.11.16-10.28.29:081][602]LogChildActorComponent:Error: Found cycle in child actor component '/Game/Levels/kestonLevel.kestonLevel:PersistentLevel.CyGuardChar_C_83.CyGuardChar1'.  Not spawning Actor of class 'CyGuardChar_C' to break.
[2015.11.16-10.28.29:081][602]LogChildActorComponent:Error: Found cycle in child actor component '/Game/Levels/kestonLevel.kestonLevel:PersistentLevel.CyGuardChar_C_83.CyGuardChar1'.  Not spawning Actor of class 'CyGuardChar_C' to break.
[2015.11.16-10.28.29:081][602]LogChildActorComponent:Error: Found cycle in child actor component '/Game/Levels/kestonLevel.kestonLevel:PersistentLevel.CyGuardChar_C_83.CyGuardChar'.  Not spawning Actor of class 'CyGuardChar_C' to break.
[2015.11.16-10.28.29:081][602]LogChildActorComponent:Error: Found cycle in child actor component '/Game/Levels/kestonLevel.kestonLevel:PersistentLevel.CyGuardChar_C_83.CyGuardChar'.  Not spawning Actor of class 'CyGuardChar_C' to break.
[2015.11.16-10.28.29:081][602]LogChildActorComponent:Error: Found cycle in child actor component '/Game/Levels/kestonLevel.kestonLevel:PersistentLevel.CyGuardChar_C_83.CyGuardChar1'.  Not spawning Actor of class 'CyGuardChar_C' to break.
[2015.11.16-10.28.29:082][602]LogChildActorComponent:Error: Found cycle in child actor component '/Game/Levels/kestonLevel.kestonLevel:PersistentLevel.CyGuardChar_C_88.CyGuardChar'.  Not spawning Actor of class 'CyGuardChar_C' to break.
[2015.11.16-10.28.29:082][602]LogChildActorComponent:Error: Found cycle in child actor component '/Game/Levels/kestonLevel.kestonLevel:PersistentLevel.CyGuardChar_C_88.CyGuardChar1'.  Not spawning Actor of class 'CyGuardChar_C' to break.
[2015.11.16-10.28.29:082][602]LogChildActorComponent:Error: Found cycle in child actor component '/Game/Levels/kestonLevel.kestonLevel:PersistentLevel.CyGuardChar_C_88.CyGuardChar1'.  Not spawning Actor of class 'CyGuardChar_C' to break.
[2015.11.16-10.28.29:082][602]LogChildActorComponent:Error: Found cycle in child actor component '/Game/Levels/kestonLevel.kestonLevel:PersistentLevel.CyGuardChar_C_88.CyGuardChar'.  Not spawning Actor of class 'CyGuardChar_C' to break.
[2015.11.16-10.28.29:082][602]LogChildActorComponent:Error: Found cycle in child actor component '/Game/Levels/kestonLevel.kestonLevel:PersistentLevel.CyGuardChar_C_88.CyGuardChar'.  Not spawning Actor of class 'CyGuardChar_C' to break.
[2015.11.16-10.28.29:082][602]LogChildActorComponent:Error: Found cycle in child actor component '/Game/Levels/kestonLevel.kestonLevel:PersistentLevel.CyGuardChar_C_88.CyGuardChar1'.  Not spawning Actor of class 'CyGuardChar_C' to break.
[2015.11.16-10.28.29:083][602]LogChildActorComponent:Error: Found cycle in child actor component '/Game/Levels/kestonLevel.kestonLevel:PersistentLevel.CyGuardChar_C_93.CyGuardChar'.  Not spawning Actor of class 'CyGuardChar_C' to break.
[2015.11.16-10.28.29:083][602]LogChildActorComponent:Error: Found cycle in child actor component '/Game/Levels/kestonLevel.kestonLevel:PersistentLevel.CyGuardChar_C_93.CyGuardChar1'.  Not spawning Actor of class 'CyGuardChar_C' to break.
[2015.11.16-10.28.29:083][602]LogChildActorComponent:Error: Found cycle in child actor component '/Game/Levels/kestonLevel.kestonLevel:PersistentLevel.CyGuardChar_C_93.CyGuardChar1'.  Not spawning Actor of class 'CyGuardChar_C' to break.
[2015.11.16-10.28.29:083][602]LogChildActorComponent:Error: Found cycle in child actor component '/Game/Levels/kestonLevel.kestonLevel:PersistentLevel.CyGuardChar_C_93.CyGuardChar'.  Not spawning Actor of class 'CyGuardChar_C' to break.
[2015.11.16-10.28.29:084][602]LogChildActorComponent:Error: Found cycle in child actor component '/Game/Levels/kestonLevel.kestonLevel:PersistentLevel.CyGuardChar_C_93.CyGuardChar'.  Not spawning Actor of class 'CyGuardChar_C' to break.
[2015.11.16-10.28.29:084][602]LogChildActorComponent:Error: Found cycle in child actor component '/Game/Levels/kestonLevel.kestonLevel:PersistentLevel.CyGuardChar_C_93.CyGuardChar1'.  Not spawning Actor of class 'CyGuardChar_C' to break.
[2015.11.16-10.28.29:085][602]LogChildActorComponent:Error: Found cycle in child actor component '/Game/Levels/kestonLevel.kestonLevel:PersistentLevel.CyGuardChar_C_95.CyGuardChar'.  Not spawning Actor of class 'CyGuardChar_C' to break.
[2015.11.16-10.28.29:085][602]LogChildActorComponent:Error: Found cycle in child actor component '/Game/Levels/kestonLevel.kestonLevel:PersistentLevel.CyGuardChar_C_95.CyGuardChar1'.  Not spawning Actor of class 'CyGuardChar_C' to break.
[2015.11.16-10.28.29:085][602]LogChildActorComponent:Error: Found cycle in child actor component '/Game/Levels/kestonLevel.kestonLevel:PersistentLevel.CyGuardChar_C_95.CyGuardChar1'.  Not spawning Actor of class 'CyGuardChar_C' to break.
[2015.11.16-10.28.29:085][602]LogChildActorComponent:Error: Found cycle in child actor component '/Game/Levels/kestonLevel.kestonLevel:PersistentLevel.CyGuardChar_C_95.CyGuardChar'.  Not spawning Actor of class 'CyGuardChar_C' to break.
[2015.11.16-10.28.29:085][602]LogChildActorComponent:Error: Found cycle in child actor component '/Game/Levels/kestonLevel.kestonLevel:PersistentLevel.CyGuardChar_C_95.CyGuardChar'.  Not spawning Actor of class 'CyGuardChar_C' to break.
[2015.11.16-10.28.29:085][602]LogChildActorComponent:Error: Found cycle in child actor component '/Game/Levels/kestonLevel.kestonLevel:PersistentLevel.CyGuardChar_C_95.CyGuardChar1'.  Not spawning Actor of class 'CyGuardChar_C' to break.
[2015.11.16-10.28.29:093][602]LogEditorServer: Finished looking for orphan Actors (0.000 secs)
[2015.11.16-10.28.29:154][602]Cmd: MAP CHECKDEP NOCLEARLOG
[2015.11.16-10.28.29:289][602]MapCheck: Info Map check complete: 0 Error(s), 0 Warning(s), took 134.388ms to complete.
[2015.11.16-10.28.29:289][602]LogFileHelpers: Loading map 'kestonLevel' took 17.049
[2015.11.16-10.28.30:332][693]LogD3D11RHI: InitD3DDevice
[2015.11.16-10.28.56:003][127]LogAssetRegistry: Asset discovery search completed in 84.0105 seconds
[2015.11.16-10.28.57:310][259]LogActorComponent: UnregisterComponent: (/Engine/Transient.CharMoveComp) Not registered. Aborting.
[2015.11.16-10.28.57:836][259]LogWindowsTextInputMethodSystem:Display: IME system now deactivated.
[2015.11.16-10.28.58:105][260]Cmd: QUIT_EDITOR
[2015.11.16-10.28.58:323][260]LogExit: Preparing to exit.
[2015.11.16-10.28.59:145][260]LogExit: Editor shut down
[2015.11.16-10.28.59:146][260]LogExit: Transaction tracking system shut down
[2015.11.16-10.28.59:189][260]LogParticles: Destroying 0 GPU particle simulations for FXSystem 0x000000108E95E2A0
[2015.11.16-10.28.59:200][260]LogParticles: Destroying 0 GPU particle simulations for FXSystem 0x00000010996985E0
[2015.11.16-10.28.59:200][260]LogParticles: Destroying 0 GPU particle simulations for FXSystem 0x00000010997E1BC0
[2015.11.16-10.28.59:200][260]LogParticles: Destroying 0 GPU particle simulations for FXSystem 0x00000010998E18A0
[2015.11.16-10.28.59:349][260]LogExit: Object subsystem successfully closed.
[2015.11.16-10.28.59:359][260]LogD3D11RHI: Shutdown
[2015.11.16-10.28.59:359][260]LogD3D11RHI: CleanupD3DDevice
[2015.11.16-10.28.59:414][260]LogD3D11RHI: ~FD3D11DynamicRHI
[2015.11.16-10.28.59:429][260]LogModuleManager: Shutting down and abandoning module CrashTracker (188)
[2015.11.16-10.28.59:429][260]LogModuleManager: Shutting down and abandoning module SceneOutliner (187)
[2015.11.16-10.28.59:429][260]LogModuleManager: Shutting down and abandoning module SuperSearch (186)
[2015.11.16-10.28.59:429][260]LogModuleManager: Shutting down and abandoning module WidgetCarousel (185)
[2015.11.16-10.28.59:430][260]LogModuleManager: Shutting down and abandoning module AddContentDialog (184)
[2015.11.16-10.28.59:430][260]LogModuleManager: Shutting down and abandoning module EditorWidgets (183)
[2015.11.16-10.28.59:430][260]LogModuleManager: Shutting down and abandoning module CollectionManager (182)
[2015.11.16-10.28.59:430][260]LogModuleManager: Shutting down and abandoning module StatsViewer (181)
[2015.11.16-10.28.59:430][260]LogModuleManager: Shutting down and abandoning module FoliageEdit (180)
[2015.11.16-10.28.59:430][260]LogModuleManager: Shutting down and abandoning module LandscapeEditor (179)
[2015.11.16-10.28.59:430][260]LogModuleManager: Shutting down and abandoning module ActorPickerMode (178)
[2015.11.16-10.28.59:430][260]LogModuleManager: Shutting down and abandoning module GeometryMode (177)
[2015.11.16-10.28.59:430][260]LogModuleManager: Shutting down and abandoning module TextureAlignMode (176)
[2015.11.16-10.28.59:430][260]LogModuleManager: Shutting down and abandoning module BspMode (175)
[2015.11.16-10.28.59:430][260]LogModuleManager: Shutting down and abandoning module PlacementMode (174)
[2015.11.16-10.28.59:430][260]LogModuleManager: Shutting down and abandoning module AutomationWorker (173)
[2015.11.16-10.28.59:430][260]LogModuleManager: Shutting down and abandoning module CharacterAI (172)
[2015.11.16-10.28.59:430][260]LogModuleManager: Shutting down and abandoning module SmartSnapping (171)
[2015.11.16-10.28.59:430][260]LogModuleManager: Shutting down and abandoning module ViewportSnapping (170)
[2015.11.16-10.28.59:430][260]LogModuleManager: Shutting down and abandoning module LogVisualizer (169)
[2015.11.16-10.28.59:430][260]LogModuleManager: Shutting down and abandoning module GameProjectGeneration (168)
[2015.11.16-10.28.59:430][260]LogModuleManager: Shutting down and abandoning module IntroTutorials (167)
[2015.11.16-10.28.59:431][260]LogModuleManager: Shutting down and abandoning module EditorLiveStreaming (166)
[2015.11.16-10.28.59:431][260]LogModuleManager: Shutting down and abandoning module IOSPlatformEditor (165)
[2015.11.16-10.28.59:431][260]LogModuleManager: Shutting down and abandoning module HTML5PlatformEditor (164)
[2015.11.16-10.28.59:431][260]LogModuleManager: Shutting down and abandoning module AndroidDeviceDetection (163)
[2015.11.16-10.29.00:166][260]LogModuleManager: Shutting down and abandoning module AndroidPlatformEditor (162)
[2015.11.16-10.29.00:166][260]LogModuleManager: Shutting down and abandoning module IOSRuntimeSettings (161)
[2015.11.16-10.29.00:166][260]LogModuleManager: Shutting down and abandoning module AndroidRuntimeSettings (160)
[2015.11.16-10.29.00:166][260]LogModuleManager: Shutting down and abandoning module MergeActors (159)
[2015.11.16-10.29.00:166][260]LogModuleManager: Shutting down and abandoning module SizeMap (158)
[2015.11.16-10.29.00:166][260]LogModuleManager: Shutting down and abandoning module TreeMap (157)
[2015.11.16-10.29.00:166][260]LogModuleManager: Shutting down and abandoning module ReferenceViewer (156)
[2015.11.16-10.29.00:166][260]LogModuleManager: Shutting down and abandoning module LocalizationDashboard (155)
[2015.11.16-10.29.00:166][260]LogModuleManager: Shutting down and abandoning module HardwareTargeting (154)
[2015.11.16-10.29.00:166][260]LogModuleManager: Shutting down and abandoning module DeviceProfileEditor (153)
[2015.11.16-10.29.00:166][260]LogModuleManager: Shutting down and abandoning module UndoHistory (152)
[2015.11.16-10.29.00:166][260]LogModuleManager: Shutting down and abandoning module GameplayTagsEditor (151)
[2015.11.16-10.29.00:166][260]LogModuleManager: Shutting down and abandoning module UserFeedback (150)
[2015.11.16-10.29.00:166][260]LogModuleManager: Shutting down and abandoning module XmlParser (149)
[2015.11.16-10.29.00:166][260]LogModuleManager: Shutting down and abandoning module Blutility (148)
[2015.11.16-10.29.00:166][260]LogModuleManager: Shutting down and abandoning module ProjectTargetPlatformEditor (147)
[2015.11.16-10.29.00:166][260]LogModuleManager: Shutting down and abandoning module ProjectSettingsViewer (146)
[2015.11.16-10.29.00:166][260]LogModuleManager: Shutting down and abandoning module InputBindingEditor (145)
[2015.11.16-10.29.00:166][260]LogModuleManager: Shutting down and abandoning module EditorSettingsViewer (144)
[2015.11.16-10.29.00:166][260]LogModuleManager: Shutting down and abandoning module SettingsEditor (143)
[2015.11.16-10.29.00:166][260]LogModuleManager: Shutting down and abandoning module ProjectLauncher (142)
[2015.11.16-10.29.00:166][260]LogModuleManager: Shutting down and abandoning module SessionFrontend (141)
[2015.11.16-10.29.00:166][260]LogModuleManager: Shutting down and abandoning module ProfilerClient (140)
[2015.11.16-10.29.00:166][260]LogModuleManager: Shutting down and abandoning module TargetDeviceServices (139)
[2015.11.16-10.29.00:166][260]LogModuleManager: Shutting down and abandoning module DeviceManager (138)
[2015.11.16-10.29.00:166][260]LogModuleManager: Shutting down and abandoning module AutomationController (137)
[2015.11.16-10.29.00:166][260]LogModuleManager: Shutting down and abandoning module AutomationWindow (136)
[2015.11.16-10.29.00:166][260]LogModuleManager: Shutting down and abandoning module Layers (135)
[2015.11.16-10.29.00:166][260]LogModuleManager: Shutting down and abandoning module ComponentVisualizers (134)
[2015.11.16-10.29.00:166][260]LogModuleManager: Shutting down and abandoning module DetailCustomizations (133)
[2015.11.16-10.29.00:166][260]LogModuleManager: Shutting down and abandoning module PackagesDialog (132)
[2015.11.16-10.29.00:166][260]LogModuleManager: Shutting down and abandoning module AssetRegistry (131)
[2015.11.16-10.29.00:434][260]LogModuleManager: Shutting down and abandoning module Persona (130)
[2015.11.16-10.29.00:435][260]LogModuleManager: Shutting down and abandoning module Kismet (129)
[2015.11.16-10.29.00:435][260]LogModuleManager: Shutting down and abandoning module GraphEditor (128)
[2015.11.16-10.29.00:435][260]LogModuleManager: Shutting down and abandoning module ClassViewer (127)
[2015.11.16-10.29.00:435][260]LogModuleManager: Shutting down and abandoning module Toolbox (126)
[2015.11.16-10.29.00:435][260]LogModuleManager: Shutting down and abandoning module ModuleUI (125)
[2015.11.16-10.29.00:435][260]LogModuleManager: Shutting down and abandoning module MovieSceneTools (124)
[2015.11.16-10.29.00:435][260]LogModuleManager: Shutting down and abandoning module OutputLog (123)
[2015.11.16-10.29.00:435][260]LogModuleManager: Shutting down and abandoning module GammaUI (122)
[2015.11.16-10.29.00:435][260]LogModuleManager: Shutting down and abandoning module Documentation (121)
[2015.11.16-10.29.00:435][260]LogModuleManager: Shutting down and abandoning module GameLiveStreaming (120)
[2015.11.16-10.29.00:435][260]LogModuleManager: Shutting down and abandoning module StreamingPauseRendering (119)
[2015.11.16-10.29.00:435][260]LogModuleManager: Shutting down and abandoning module AnalyticsET (118)
[2015.11.16-10.29.00:435][260]LogModuleManager: Shutting down and abandoning module Analytics (117)
[2015.11.16-10.29.00:435][260]LogModuleManager: Shutting down and abandoning module AITestSuite (116)
[2015.11.16-10.29.00:435][260]LogModuleManager: Shutting down and abandoning module GameplayDebugger (115)
[2015.11.16-10.29.00:435][260]LogModuleManager: Shutting down and abandoning module AIModule (114)
[2015.11.16-10.29.00:435][260]LogModuleManager: Shutting down and abandoning module ProfilerService (113)
[2015.11.16-10.29.00:544][260]LogModuleManager: Shutting down and abandoning module TaskGraph (112)
[2015.11.16-10.29.00:544][260]LogModuleManager: Shutting down and abandoning module SlateRemote (111)
[2015.11.16-10.29.00:544][260]LogModuleManager: Shutting down and abandoning module SteamVRController (110)
[2015.11.16-10.29.00:544][260]LogModuleManager: Shutting down and abandoning module SteamVR (109)
[2015.11.16-10.29.00:544][260]LogModuleManager: Shutting down and abandoning module ProceduralMeshComponent (108)
[2015.11.16-10.29.00:544][260]LogModuleManager: Shutting down and abandoning module OculusRift (107)
[2015.11.16-10.29.00:544][260]LogModuleManager: Shutting down and abandoning module LeapMotionController (106)
[2015.11.16-10.29.00:551][260]LogModuleManager: Shutting down and abandoning module CustomMeshComponent (105)
[2015.11.16-10.29.00:552][260]LogModuleManager: Shutting down and abandoning module CableComponent (104)
[2015.11.16-10.29.00:552][260]LogModuleManager: Shutting down and abandoning module MessagingDebugger (103)
[2015.11.16-10.29.00:552][260]LogModuleManager: Shutting down and abandoning module MediaPlayerEditor (102)
[2015.11.16-10.29.00:552][260]LogModuleManager: Shutting down and abandoning module SpeedTreeImporter (101)
[2015.11.16-10.29.00:552][260]LogModuleManager: Shutting down and abandoning module PluginBrowser (100)
[2015.11.16-10.29.00:552][260]LogModuleManager: Shutting down and abandoning module EpicSurvey (99)
[2015.11.16-10.29.00:552][260]LogModuleManager: Shutting down and abandoning module DesktopPlatform (98)
[2015.11.16-10.29.00:552][260]LogModuleManager: Shutting down and abandoning module VisualStudioSourceCodeAccess (97)
[2015.11.16-10.29.00:552][260]LogModuleManager: Shutting down and abandoning module UObjectPlugin (96)
[2015.11.16-10.29.00:552][260]LogModuleManager: Shutting down and abandoning module SubversionSourceControl (95)
[2015.11.16-10.29.00:552][260]LogModuleManager: Shutting down and abandoning module PerforceSourceControl (94)
[2015.11.16-10.29.00:552][260]LogModuleManager: Shutting down and abandoning module SourceControl (93)
[2015.11.16-10.29.00:552][260]LogModuleManager: Shutting down and abandoning module GitSourceControl (92)
[2015.11.16-10.29.00:552][260]LogModuleManager: Shutting down and abandoning module BlankPlugin (91)
[2015.11.16-10.29.00:552][260]LogModuleManager: Shutting down and abandoning module PaperTiledImporter (90)
[2015.11.16-10.29.00:552][260]LogModuleManager: Shutting down and abandoning module PaperSpriteSheetImporter (89)
[2015.11.16-10.29.00:552][260]LogModuleManager: Shutting down and abandoning module MeshPaint (88)
[2015.11.16-10.29.00:552][260]LogModuleManager: Shutting down and abandoning module SlateReflector (87)
[2015.11.16-10.29.00:552][260]LogModuleManager: Shutting down and abandoning module DirectoryWatcher (86)
[2015.11.16-10.29.00:552][260]LogModuleManager: Shutting down and abandoning module HotReload (85)
[2015.11.16-10.29.00:552][260]LogModuleManager: Shutting down and abandoning module MainFrame (84)
[2015.11.16-10.29.00:552][260]LogModuleManager: Shutting down and abandoning module LevelEditor (83)
[2015.11.16-10.29.00:553][260]LogModuleManager: Shutting down and abandoning module ContentBrowser (82)
[2015.11.16-10.29.00:553][260]LogModuleManager: Shutting down and abandoning module Paper2DEditor (81)
[2015.11.16-10.29.00:554][260]LogModuleManager: Shutting down and abandoning module UdpMessaging (80)
[2015.11.16-10.29.00:654][260]LogModuleManager: Shutting down and abandoning module Paper2D (79)
[2015.11.16-10.29.00:654][260]LogModuleManager: Shutting down and abandoning module WindowsMoviePlayer (78)
[2015.11.16-10.29.00:659][260]LogModuleManager: Shutting down and abandoning module Media (77)
[2015.11.16-10.29.00:659][260]LogModuleManager: Shutting down and abandoning module WmfMedia (76)
[2015.11.16-10.29.00:659][260]LogModuleManager: Shutting down and abandoning module OnlineBlueprintSupport (75)
[2015.11.16-10.29.00:659][260]LogModuleManager: Shutting down and abandoning module PropertyEditor (74)
[2015.11.16-10.29.00:659][260]LogModuleManager: Shutting down and abandoning module BehaviorTreeEditor (73)
[2015.11.16-10.29.00:659][260]LogModuleManager: Shutting down and abandoning module FunctionalTesting (72)
[2015.11.16-10.29.00:659][260]LogModuleManager: Shutting down and abandoning module CollisionAnalyzer (71)
[2015.11.16-10.29.00:659][260]LogModuleManager: Shutting down and abandoning module WorkspaceMenuStructure (70)
[2015.11.16-10.29.00:659][260]LogModuleManager: Shutting down and abandoning module MessageLog (69)
[2015.11.16-10.29.00:659][260]LogModuleManager: Shutting down and abandoning module Sequencer (68)
[2015.11.16-10.29.00:659][260]LogModuleManager: Shutting down and abandoning module AssetTools (67)
[2015.11.16-10.29.00:659][260]LogModuleManager: Shutting down and abandoning module UMGEditor (66)
[2015.11.16-10.29.00:659][260]LogModuleManager: Shutting down and abandoning module UMG (65)
[2015.11.16-10.29.00:659][260]LogModuleManager: Shutting down and abandoning module Slate (64)
[2015.11.16-10.29.00:659][260]LogModuleManager: Shutting down and abandoning module EditorStyle (63)
[2015.11.16-10.29.00:661][260]LogModuleManager: Shutting down and abandoning module SessionServices (62)
[2015.11.16-10.29.00:661][260]LogModuleManager: Shutting down and abandoning module SourceCodeAccess (61)
[2015.11.16-10.29.00:661][260]LogModuleManager: Shutting down and abandoning module HeadMountedDisplay (60)
[2015.11.16-10.29.00:661][260]LogModuleManager: Shutting down and abandoning module XAudio2 (59)
[2015.11.16-10.29.00:661][260]LogModuleManager: Shutting down and abandoning module Networking (57)
[2015.11.16-10.29.00:661][260]LogModuleManager: Shutting down and abandoning module Core (56)
[2015.11.16-10.29.00:661][260]LogModuleManager: Shutting down and abandoning module KismetCompiler (55)
[2015.11.16-10.29.00:661][260]LogModuleManager: Shutting down and abandoning module PhysXFormats (54)
[2015.11.16-10.29.00:661][260]LogModuleManager: Shutting down and abandoning module MeshUtilities (53)
[2015.11.16-10.29.00:661][260]LogModuleManager: Shutting down and abandoning module DerivedDataCache (52)
[2015.11.16-10.29.03:089][260]LogDerivedDataCache: Shutdown
[2015.11.16-10.29.03:089][260]LogModuleManager: Shutting down and abandoning module ShaderFormatOpenGL (51)
[2015.11.16-10.29.03:089][260]LogModuleManager: Shutting down and abandoning module ShaderFormatD3D (50)
[2015.11.16-10.29.03:089][260]LogModuleManager: Shutting down and abandoning module MetalShaderFormat (49)
[2015.11.16-10.29.03:089][260]LogModuleManager: Shutting down and abandoning module TextureFormatUncompressed (48)
[2015.11.16-10.29.03:089][260]LogModuleManager: Shutting down and abandoning module TextureFormatPVR (47)
[2015.11.16-10.29.03:089][260]LogModuleManager: Shutting down and abandoning module TextureFormatIntelISPCTexComp (46)
[2015.11.16-10.29.03:089][260]LogModuleManager: Shutting down and abandoning module TextureFormatDXT (45)
[2015.11.16-10.29.03:089][260]LogModuleManager: Shutting down and abandoning module ImageWrapper (44)
[2015.11.16-10.29.03:089][260]LogModuleManager: Shutting down and abandoning module TextureFormatASTC (43)
[2015.11.16-10.29.03:089][260]LogModuleManager: Shutting down and abandoning module TextureFormatAndroid (42)
[2015.11.16-10.29.03:089][260]LogModuleManager: Shutting down and abandoning module AudioFormatOpus (41)
[2015.11.16-10.29.03:089][260]LogModuleManager: Shutting down and abandoning module AudioFormatOgg (40)
[2015.11.16-10.29.03:089][260]LogModuleManager: Shutting down and abandoning module AudioFormatADPCM (39)
[2015.11.16-10.29.03:089][260]LogModuleManager: Shutting down and abandoning module LinuxTargetPlatform (38)
[2015.11.16-10.29.03:089][260]LogModuleManager: Shutting down and abandoning module LinuxServerTargetPlatform (37)
[2015.11.16-10.29.03:089][260]LogModuleManager: Shutting down and abandoning module LinuxNoEditorTargetPlatform (36)
[2015.11.16-10.29.03:089][260]LogModuleManager: Shutting down and abandoning module Messaging (35)
[2015.11.16-10.29.03:089][260]LogModuleManager: Shutting down and abandoning module IOSTargetPlatform (34)
[2015.11.16-10.29.03:089][260]LogModuleManager: Shutting down and abandoning module HTML5TargetPlatform (33)
[2015.11.16-10.29.03:089][260]LogModuleManager: Shutting down and abandoning module Android_PVRTCTargetPlatform (32)
[2015.11.16-10.29.03:089][260]LogModuleManager: Shutting down and abandoning module Android_ETC2TargetPlatform (31)
[2015.11.16-10.29.03:089][260]LogModuleManager: Shutting down and abandoning module Android_ETC1TargetPlatform (30)
[2015.11.16-10.29.03:089][260]LogModuleManager: Shutting down and abandoning module Android_DXTTargetPlatform (29)
[2015.11.16-10.29.03:089][260]LogModuleManager: Shutting down and abandoning module Android_ATCTargetPlatform (28)
[2015.11.16-10.29.03:089][260]LogModuleManager: Shutting down and abandoning module Android_ASTCTargetPlatform (27)
[2015.11.16-10.29.03:089][260]LogModuleManager: Shutting down and abandoning module AndroidTargetPlatform (26)
[2015.11.16-10.29.03:089][260]LogModuleManager: Shutting down and abandoning module WindowsTargetPlatform (25)
[2015.11.16-10.29.03:089][260]LogModuleManager: Shutting down and abandoning module WindowsServerTargetPlatform (24)
[2015.11.16-10.29.03:089][260]LogModuleManager: Shutting down and abandoning module WindowsNoEditorTargetPlatform (23)
[2015.11.16-10.29.03:089][260]LogModuleManager: Shutting down and abandoning module WindowsClientTargetPlatform (22)
[2015.11.16-10.29.03:089][260]LogModuleManager: Shutting down and abandoning module DesktopTargetPlatform (21)
[2015.11.16-10.29.03:089][260]LogModuleManager: Shutting down and abandoning module TargetPlatform (20)
[2015.11.16-10.29.03:089][260]LogModuleManager: Shutting down and abandoning module InputCore (19)
[2015.11.16-10.29.03:089][260]LogModuleManager: Shutting down and abandoning module Settings (18)
[2015.11.16-10.29.03:089][260]LogModuleManager: Shutting down and abandoning module OnlineSubsystem (16)
[2015.11.16-10.29.03:089][260]LogModuleManager: Shutting down and abandoning module HTTP (15)
[2015.11.16-10.29.03:089][260]LogModuleManager: Shutting down and abandoning module ExampleDeviceProfileSelector (14)
[2015.11.16-10.29.03:089][260]LogModuleManager: Shutting down and abandoning module TextureCompressor (13)
[2015.11.16-10.29.03:089][260]LogModuleManager: Shutting down and abandoning module ShaderCore (12)
[2015.11.16-10.29.03:089][260]LogModuleManager: Shutting down and abandoning module Landscape (11)
[2015.11.16-10.29.03:089][260]LogModuleManager: Shutting down and abandoning module SlateRHIRenderer (10)
[2015.11.16-10.29.03:090][260]LogModuleManager: Shutting down and abandoning module OpenGLDrv (9)
[2015.11.16-10.29.03:090][260]LogModuleManager: Shutting down and abandoning module D3D11RHI (8)
[2015.11.16-10.29.03:090][260]LogModuleManager: Shutting down and abandoning module Renderer (7)
[2015.11.16-10.29.03:090][260]LogModuleManager: Shutting down and abandoning module Engine (6)
[2015.11.16-10.29.03:090][260]LogModuleManager: Shutting down and abandoning module CoreUObject (5)
[2015.11.16-10.29.03:090][260]LogModuleManager: Shutting down and abandoning module NetworkFile (4)
[2015.11.16-10.29.03:090][260]LogModuleManager: Shutting down and abandoning module StreamingFile (3)
[2015.11.16-10.29.03:090][260]LogModuleManager: Shutting down and abandoning module SandboxFile (2)
[2015.11.16-10.29.03:090][260]LogModuleManager: Shutting down and abandoning module PakFile (1)
[2015.11.16-10.29.03:091][260]LogExit: Exiting.
[2015.11.16-10.29.03:118][260]Log file closed, 11/16/15 05:29:03
