[2015.09.12-07.07.38:884][  0]Log file open, 09/12/15 03:07:38
[2015.09.12-07.07.38:884][  0]LogInit:Display: Running engine for game: MyProject
[2015.09.12-07.07.38:884][  0]LogInit:Display: RandInit(-12290984) SRandInit(-12290984).
[2015.09.12-07.07.38:884][  0]LogTaskGraph: Started task graph with 4 named threads and 6 total threads.
[2015.09.12-07.07.38:884][  0]LogStats: Stats thread started
[2015.09.12-07.07.38:884][  0]LogInit: Version: 4.8.3-2634408+++depot+UE4-Releases+4.8
[2015.09.12-07.07.38:884][  0]LogInit: API Version: 2579680
[2015.09.12-07.07.38:884][  0]LogInit: Compiled (64-bit): Jul 27 2015 16:24:33
[2015.09.12-07.07.38:884][  0]LogInit: Compiled with Visual C++: 18.00.21005.01
[2015.09.12-07.07.38:884][  0]LogInit: Build Configuration: Development
[2015.09.12-07.07.38:884][  0]LogInit: Branch Name: ++depot+UE4-Releases+4.8
[2015.09.12-07.07.38:884][  0]LogInit: Command line: 
[2015.09.12-07.07.38:884][  0]LogInit: Base directory: C:/Program Files/Epic Games/4.8/Engine/Binaries/Win64/
[2015.09.12-07.07.38:884][  0]LogInit: Rocket: 1
[2015.09.12-07.07.38:995][  0]LogInit: Using libcurl 7.41.0
[2015.09.12-07.07.38:995][  0]LogInit:  - built for x86_64-pc-win32
[2015.09.12-07.07.38:995][  0]LogInit:  - supports SSL with WinSSL
[2015.09.12-07.07.38:995][  0]LogInit:  - other features:
[2015.09.12-07.07.38:995][  0]LogInit:      CURL_VERSION_SSL
[2015.09.12-07.07.38:995][  0]LogInit:      CURL_VERSION_IPV6
[2015.09.12-07.07.38:995][  0]LogInit:      CURL_VERSION_ASYNCHDNS
[2015.09.12-07.07.38:995][  0]LogInit:      CURL_VERSION_LARGEFILE
[2015.09.12-07.07.38:995][  0]LogInit:      CURL_VERSION_IDN
[2015.09.12-07.07.38:995][  0]LogInit:  CurlRequestOptions (configurable via config and command line):
[2015.09.12-07.07.38:995][  0]LogInit:  - bVerifyPeer = true  - Libcurl will verify peer certificate
[2015.09.12-07.07.38:995][  0]LogInit:  - bUseHttpProxy = false  - Libcurl will NOT use HTTP proxy
[2015.09.12-07.07.38:995][  0]LogInit:  - bDontReuseConnections = false  - Libcurl will reuse connections
[2015.09.12-07.07.38:995][  0]LogInit:  - CertBundlePath = nullptr  - Libcurl will use whatever was configured at build time.
[2015.09.12-07.07.39:022][  0]LogOnline:Warning: No default platform service specified for OnlineSubsystem
[2015.09.12-07.07.39:052][  0]LogInit: Presizing for 0 objects not considered by GC, pre-allocating 0 bytes.
[2015.09.12-07.07.39:061][  0]LogInit: Object subsystem initialized
[2015.09.12-07.07.39:062][  0]LogConsoleResponse:Warning: Skipping Unknown console variable: 'TranslucentSortAxis = (X=0.000000,Y=-1.000000,Z=0.000000)'
[2015.09.12-07.07.39:062][  0]LogConsoleResponse:Warning:   Found in ini file 'C:/Users/Kido/Documents/Unreal Projects/MyProject/Saved/Config/Windows/Engine.ini', in section '[/Script/Engine.RendererSettings]'
[2015.09.12-07.07.39:062][  0]LogConsoleResponse:Warning: Skipping Unknown console variable: 'UIScaleRule = ShortestSide'
[2015.09.12-07.07.39:062][  0]LogConsoleResponse:Warning:   Found in ini file 'C:/Users/Kido/Documents/Unreal Projects/MyProject/Saved/Config/Windows/Engine.ini', in section '[/Script/Engine.RendererSettings]'
[2015.09.12-07.07.39:063][  0]LogConsoleResponse:Warning: Skipping Unknown console variable: 'UIScaleCurve = (EditorCurveData=(Keys=),ExternalCurve=None)'
[2015.09.12-07.07.39:063][  0]LogConsoleResponse:Warning:   Found in ini file 'C:/Users/Kido/Documents/Unreal Projects/MyProject/Saved/Config/Windows/Engine.ini', in section '[/Script/Engine.RendererSettings]'
[2015.09.12-07.07.39:063][  0]LogInit: Selected Device Profile: [Windows]
[2015.09.12-07.07.39:063][  0]LogInit: Applying CVar settings loaded from the selected device profile: [Windows]
[2015.09.12-07.07.39:177][  0]LogInit: Computer: KIDO-PC
[2015.09.12-07.07.39:177][  0]LogInit: User: Kido
[2015.09.12-07.07.39:177][  0]LogInit: CPU Page size=4096, Cores=3
[2015.09.12-07.07.39:177][  0]LogInit: High frequency timer resolution =3.429511 MHz
[2015.09.12-07.07.39:177][  0]LogMemory: Memory total: Physical=7.9GB (8GB approx)
[2015.09.12-07.07.39:178][  0]LogMemory: Platform Memory Stats for Windows
[2015.09.12-07.07.39:178][  0]LogMemory: Process Physical Memory: 50.40 MB used, 50.40 MB peak
[2015.09.12-07.07.39:178][  0]LogMemory: Process Virtual Memory: 24.01 MB used, 24.01 MB peak
[2015.09.12-07.07.39:178][  0]LogMemory: Physical Memory: 5272.73 MB used, 8088.61 MB total
[2015.09.12-07.07.39:178][  0]LogMemory: Virtual Memory: 284.27 MB used, 8388608.00 MB total
[2015.09.12-07.07.39:259][  0]LogTextLocalizationManager: The requested culture ('en_US') has no localization data; parent culture's ('en') localization data will be used.
[2015.09.12-07.07.39:510][  0]LogTextLocalizationManager:Warning: Loaded localization resources contain conflicting entries for (Namespace:ContentBrowser, Key:ImportAssetToolTip):
Localization Resource: (C:/Program Files/Epic Games/4.8/Engine/Content/Localization/Editor/en/Editor.locres) Source String Hash: (-630476809) Localized String: (Import to {0}...)
Localization Resource: (C:/Program Files/Epic Games/4.8/Engine/Content/Localization/Editor/en/Editor.locres) Source String Hash: (1271782899) Localized String: (Imports an asset from file to this folder.)
[2015.09.12-07.07.40:050][  0]LogD3D11RHI: Found D3D11 adapter 0: AMD Radeon R9 200 Series (Feature Level 11_0)
[2015.09.12-07.07.40:050][  0]LogD3D11RHI: Adapter has 2027MB of dedicated video memory, 0MB of dedicated system memory, and 3788MB of shared system memory, 1 output[s]
[2015.09.12-07.07.40:050][  0]LogD3D11RHI: Chosen D3D11 Adapter Id = 0
[2015.09.12-07.07.40:058][  0]LogD3D11RHI: InitD3DDevice
[2015.09.12-07.07.40:058][  0]LogD3D11RHI: !Direct3DDevice
[2015.09.12-07.07.40:058][  0]LogRHI: Texture pool is 1361 MB (70% of 1945 MB)
[2015.09.12-07.07.40:069][  0]LogD3D11RHI: Async texture creation disabled: no driver support
[2015.09.12-07.07.40:082][  0]LogShaderCompilers:Display: Using Local Shader Compiler.
[2015.09.12-07.07.41:556][  0]LogTemp:Display: Loaded TP DesktopTargetPlatform
[2015.09.12-07.07.41:587][  0]LogTemp:Display: Loaded TP WindowsClientTargetPlatform
[2015.09.12-07.07.41:617][  0]LogTemp:Display: Loaded TP WindowsNoEditorTargetPlatform
[2015.09.12-07.07.41:647][  0]LogTemp:Display: Loaded TP WindowsServerTargetPlatform
[2015.09.12-07.07.41:680][  0]LogTemp:Display: Loaded TP WindowsTargetPlatform
[2015.09.12-07.07.41:708][  0]LogTemp:Display: Loaded TP AndroidTargetPlatform
[2015.09.12-07.07.41:736][  0]LogTemp:Display: Loaded TP Android_ASTCTargetPlatform
[2015.09.12-07.07.41:764][  0]LogTemp:Display: Loaded TP Android_ATCTargetPlatform
[2015.09.12-07.07.41:793][  0]LogTemp:Display: Loaded TP Android_DXTTargetPlatform
[2015.09.12-07.07.41:821][  0]LogTemp:Display: Loaded TP Android_ETC1TargetPlatform
[2015.09.12-07.07.41:850][  0]LogTemp:Display: Loaded TP Android_ETC2TargetPlatform
[2015.09.12-07.07.41:878][  0]LogTemp:Display: Loaded TP Android_PVRTCTargetPlatform
[2015.09.12-07.07.41:973][  0]LogTemp:Display: Loaded TP IOSTargetPlatform
[2015.09.12-07.07.42:000][  0]LogTemp:Display: Loaded TP LinuxNoEditorTargetPlatform
[2015.09.12-07.07.42:028][  0]LogTemp:Display: Loaded TP LinuxServerTargetPlatform
[2015.09.12-07.07.42:060][  0]LogTemp:Display: Loaded TP LinuxTargetPlatform
[2015.09.12-07.07.42:060][  0]LogTargetPlatformManager:Display: Building Assets For Windows
[2015.09.12-07.07.42:518][  0]LogDerivedDataCache:Display: Max Cache Size: 512 MB
[2015.09.12-07.07.42:613][  0]LogDerivedDataCache: Loaded boot cache 0.09s 53MB C:/Users/Kido/AppData/Local/UnrealEngine/4.8/DerivedDataCache/Boot.ddc.
[2015.09.12-07.07.42:613][  0]LogDerivedDataCache:Display: Loaded Boot cache: C:/Users/Kido/AppData/Local/UnrealEngine/4.8/DerivedDataCache/Boot.ddc
[2015.09.12-07.07.42:613][  0]LogDerivedDataCache: FDerivedDataBackendGraph:  Pak pak cache file ../../../../../../Users/Kido/Documents/Unreal Projects/MyProject/DerivedDataCache/DDC.ddp not found, will not use a pak cache.
[2015.09.12-07.07.42:613][  0]LogDerivedDataCache: Unable to find inner node Pak for hierarchical cache Hierarchy.
[2015.09.12-07.07.42:613][  0]LogDerivedDataCache: FDerivedDataBackendGraph:  CompressedPak pak cache file ../../../../../../Users/Kido/Documents/Unreal Projects/MyProject/DerivedDataCache/Compressed.ddp not found, will not use a pak cache.
[2015.09.12-07.07.42:613][  0]LogDerivedDataCache: Unable to find inner node CompressedPak for hierarchical cache Hierarchy.
[2015.09.12-07.07.42:775][  0]LogDerivedDataCache:Display: Pak cache opened for reading ../../../Engine/DerivedDataCache/Compressed.ddp.
[2015.09.12-07.07.42:787][  0]LogDerivedDataCache: Using Local data cache path C:/Users/Kido/AppData/Local/UnrealEngine/Common/DerivedDataCache: Writable
[2015.09.12-07.07.43:142][  0]LogInit: Selected Device Profile: [Windows]
[2015.09.12-07.07.43:151][  0]ImportText (ComponentSweepMultiTests): Missing closing parenthesis: (RootShapeAsset="/Engine/BasicShapes/Cube.Cube",ShapeType="TriggerCapsule",HitResult=(Time=0.50,Location=(X=-100.000015,Y=0.0,Z=100.000015),ImpactPoint=(X=-50.0,Y=0.0,Z=50.0),Normal=(X=-1.0,Y=-0.0,Z=0.0),ImpactNormal=(X=0.0,Y=0.0,Z=1.0),TraceStart=(X=-200.0,Y=0.0,Z=200.0),TraceEnd=(X=0.0,Y=0.0,Z=0.0))
[2015.09.12-07.07.43:152][  0]ImportText (LineTraceSingleByChannelTests): Missing closing parenthesis: (RootShapeAsset="/Engine/BasicShapes/Cube.Cube",HitResult=(Time=0.50,Location=(X=-100.000015,Y=0.0,Z=100.000015),ImpactPoint=(X=-50.0,Y=0.0,Z=50.0),Normal=(X=-1.0,Y=-0.0,Z=0.0),ImpactNormal=(X=0.0,Y=0.0,Z=1.0),TraceStart=(X=-200.0,Y=0.0,Z=200.0),TraceEnd=(X=0.0,Y=0.0,Z=0.0))
[2015.09.12-07.07.43:209][  0]LogMeshUtilities: No automatic mesh reduction module available
[2015.09.12-07.07.43:209][  0]LogMeshUtilities: No automatic mesh merging module available
[2015.09.12-07.07.43:857][  0]LogInit: WinSock: version 1.1 (2.2), MaxSocks=32767, MaxUdp=65467
[2015.09.12-07.07.45:527][  0]UdpMessaging: Initializing bridge on interface 0.0.0.0:0 to multicast group 230.0.0.1:6666.
[2015.09.12-07.07.46:185][  0]SourceControl: Info Source control is disabled
[2015.09.12-07.07.46:278][  0]SourceControl: Info Source control is disabled
[2015.09.12-07.07.46:302][  0]SourceControl: Info Source control is disabled
[2015.09.12-07.07.46:325][  0]SourceControl: Info Source control is disabled
[2015.09.12-07.07.46:841][  0]LogObj: 26273 objects as part of root set at end of initial load.
[2015.09.12-07.07.46:841][  0]LogUObjectAllocator: 5409248 out of 0 bytes used by permanent object pool.
[2015.09.12-07.07.46:954][  0]LogEngine: Initializing Engine...
[2015.09.12-07.07.46:966][  0]LogHMD: Can't find Oculus library dev build: is proper Runtime installed? Version: 0.6.0.0
[2015.09.12-07.07.46:969][  0]LogHMD:Warning: SteamVR failed to initialize.  Error: 100
[2015.09.12-07.07.47:222][  0]LogAIModule: Creating AISystem for world NewWorld
[2015.09.12-07.07.47:228][  0]LogInit: XAudio2 using 'Speakers (Realtek High Definition Audio)' : 2 channels at 48 kHz using 32 bits per sample (channel mask 0x3)
[2015.09.12-07.07.47:243][  0]LogInit: FAudioDevice initialized.
[2015.09.12-07.07.47:296][  0]LogDerivedDataCache: Saved boot cache 0.05s 53MB C:/Users/Kido/AppData/Local/UnrealEngine/4.8/DerivedDataCache/Boot.ddc.
[2015.09.12-07.07.47:311][  0]LogInit: Texture streaming: Disabled
[2015.09.12-07.07.47:367][  0]LogAnalytics: Creating configured Analytics provider AnalyticsET
[2015.09.12-07.07.47:367][  0]LogAnalytics: [UEEditor.Rocket.Release] APIServer = http://et2.epicgames.com/ET2/. AppVersion = 4.8.3-2634408+++depot+UE4-Releases+4.8
[2015.09.12-07.07.47:367][  0]LogAnalytics: [UEEditor.Rocket.Release] SetUserId 43320ea4426e19879c0674aa75267495|ac704d33c08e461d905fa8a004e85986|70feb17f-f50f-4812-9d0e-586ab78027fa
[2015.09.12-07.07.47:368][  0]LogAnalytics: [UEEditor.Rocket.Release] AnalyticsET::StartSession
[2015.09.12-07.07.47:431][  0]LogInit: Transaction tracking system initialized
[2015.09.12-07.07.47:760][  0]BlueprintLog: New page: Editor Load
[2015.09.12-07.07.47:835][  0]LogAssetRegistry: FAssetRegistry took 0.0099 seconds to start up
[2015.09.12-07.07.47:836][  0]LogDirectoryWatcher:Warning: Failed to begin reading directory changes for ../../../Engine/Plugins/Experimental/CharacterAI/Content/. Error: 0
[2015.09.12-07.07.49:493][  0]LogConsoleManager:Warning: Console variable 'r.VSync' wasn't set ('GameSetting' has a lower priority than 'SystemSettingsIni')
[2015.09.12-07.07.49:494][  0]LogConsoleResponse:Display: 
[2015.09.12-07.07.49:741][  0]LogCook:Display: Done creating registry. It took  0.00s.
[2015.09.12-07.07.50:182][  0]SourceControl: Info Source control is disabled
[2015.09.12-07.07.50:182][  0]Cmd: MAP LOAD FILE="../../../../../../Users/Kido/Documents/Unreal Projects/MyProject/Content/StarterContent/Maps/Minimal_Default.umap" TEMPLATE=0 SHOWPROGRESS=1 FEATURELEVEL=3
[2015.09.12-07.07.50:214][  0]LightingResults: New page: Lighting Build
[2015.09.12-07.07.50:244][  0]MapCheck: New page: Map Check
[2015.09.12-07.07.50:244][  0]LightingResults: New page: Lighting Build
[2015.09.12-07.07.50:258][  0]LogParticles: Destroying 0 GPU particle simulations for FXSystem 0x000000001AFD6F20
[2015.09.12-07.07.52:843][  0]LogAIModule: Creating AISystem for world Minimal_Default
[2015.09.12-07.07.53:013][  0]LogEditorServer: Finished looking for orphan Actors (0.000 secs)
[2015.09.12-07.07.53:034][  0]Cmd: MAP CHECKDEP NOCLEARLOG
[2015.09.12-07.07.53:133][  0]MapCheck: Info Map check complete: 0 Error(s), 0 Warning(s), took 98.841ms to complete.
[2015.09.12-07.07.53:133][  0]LogFileHelpers: Loading map 'Minimal_Default' took 2.952
[2015.09.12-07.07.54:427][  0]LogCollectionManager: Loaded 0 collections in 0.002644 seconds
[2015.09.12-07.07.54:455][  0]LogContentBrowser: Native class hierarchy populated in 0.0275 seconds. Added 1792 classes and 301 folders.
[2015.09.12-07.07.54:844][  0]LogContentBrowser: Native class hierarchy updated for 'WidgetCarousel' in 0.0016 seconds. Added 0 classes and 0 folders.
[2015.09.12-07.07.55:235][  0]LogContentBrowser: Native class hierarchy updated for 'AddContentDialog' in 0.0012 seconds. Added 0 classes and 0 folders.
[2015.09.12-07.07.55:311][  0]LogContentBrowser: Native class hierarchy updated for 'SceneOutliner' in 0.0007 seconds. Added 1 classes and 2 folders.
[2015.09.12-07.07.56:271][  0]LogCrashTracker: Crashtracker disabled due to settings.
[2015.09.12-07.07.56:381][  0]LogD3D11RHI: InitD3DDevice
[2015.09.12-07.07.56:447][  0]LogD3D11RHI: InitD3DDevice
[2015.09.12-07.07.56:679][  0]LogLoad: Full Startup: 21.74 seconds (BP compile: 0.30 seconds)
[2015.09.12-07.07.57:274][  0]LogContentStreaming: Texture pool size is 0.000000MB
[2015.09.12-07.07.57:330][  0]LogContentStreaming: Texture pool size now 1000 MB
[2015.09.12-07.07.57:806][  0]LogRenderer: Reallocating scene render targets to support 1208x576 (Frame:2).
[2015.09.12-07.07.58:637][  6]LogD3D11RHI: InitD3DDevice
[2015.09.12-07.07.58:836][  8]LogAssetRegistry: Asset discovery search completed in 11.0108 seconds
[2015.09.12-07.19.45:991][296]LogD3D11RHI: InitD3DDevice
[2015.09.12-07.19.47:227][430]LogD3D11RHI: InitD3DDevice
[2015.09.12-07.20.06:234][605]Cmd: MAP LOAD FILE="../../../../../../Users/Kido/Documents/Unreal Projects/MyProject/Content/StarterContent/Maps/prototypeprototype.umap" TEMPLATE=0 SHOWPROGRESS=1 FEATURELEVEL=3
[2015.09.12-07.20.06:241][605]LogD3D11RHI: InitD3DDevice
[2015.09.12-07.20.06:261][605]LightingResults: New page: Lighting Build
[2015.09.12-07.20.06:321][605]LoadErrors: New page: Loading map: prototypeprototype.umap
[2015.09.12-07.20.06:322][605]MapCheck: New page: Map Check
[2015.09.12-07.20.06:322][605]LightingResults: New page: Lighting Build
[2015.09.12-07.20.06:336][605]LogParticles: Destroying 0 GPU particle simulations for FXSystem 0x000000001EB239C0
[2015.09.12-07.20.06:820][605]LogAIModule: Creating AISystem for world prototypeprototype
[2015.09.12-07.20.06:980][605]LogEditorServer: Finished looking for orphan Actors (0.000 secs)
[2015.09.12-07.20.07:026][605]Cmd: MAP CHECKDEP NOCLEARLOG
[2015.09.12-07.20.07:153][605]MapCheck: Info Map check complete: 0 Error(s), 0 Warning(s), took 126.798ms to complete.
[2015.09.12-07.20.07:153][605]LogFileHelpers: Loading map 'prototypeprototype' took 0.920
[2015.09.12-07.20.54:493][123]LogD3D11RHI: InitD3DDevice
[2015.09.12-07.20.54:689][125]LogD3D11RHI: InitD3DDevice
[2015.09.12-07.20.59:030][545]LogD3D11RHI: InitD3DDevice
[2015.09.12-07.20.59:437][586]LogD3D11RHI: InitD3DDevice
[2015.09.12-07.21.02:665][922]LogEditorViewport: Clicking on Actor (LMB): BP_Sky_Sphere_C (Sky Sphere)
[2015.09.12-07.21.03:624][  7]LogEditorViewport: Clicking on Actor (LMB): BP_Sky_Sphere_C (Sky Sphere)
[2015.09.12-07.21.05:614][187]LogEditorViewport: Clicking on Actor (LMB): BP_Sky_Sphere_C (Sky Sphere)
[2015.09.12-07.21.06:090][230]LogEditorViewport: Clicking on Actor (LMB): BP_Sky_Sphere_C (Sky Sphere)
[2015.09.12-07.21.09:413][538]LogEditorViewport: Clicking on Actor (LMB): StaticMeshActor (Floor)
[2015.09.12-07.21.12:443][812]LogD3D11RHI: InitD3DDevice
[2015.09.12-07.21.12:468][813]LogD3D11RHI: InitD3DDevice
[2015.09.12-07.21.17:159][277]LogD3D11RHI: InitD3DDevice
[2015.09.12-07.21.25:548][134]LogD3D11RHI: InitD3DDevice
[2015.09.12-07.21.26:245][213]LogD3D11RHI: InitD3DDevice
[2015.09.12-07.21.35:514][179]LogD3D11RHI: InitD3DDevice
[2015.09.12-07.23.30:089][807]LogEditorViewport: Clicking on Actor (LMB): StaticMeshActor (Cube4)
[2015.09.12-07.23.31:577][938]Cmd: DUPLICATE
[2015.09.12-07.23.31:577][938]Cmd: ACTOR DUPLICATE
[2015.09.12-07.23.44:501][ 92]LogEditorViewport: Clicking on Actor (LMB): StaticMeshActor (Cube14)
[2015.09.12-07.23.45:374][168]Cmd: DUPLICATE
[2015.09.12-07.23.45:374][168]Cmd: ACTOR DUPLICATE
[2015.09.12-07.24.08:552][273]LogEditorViewport: Clicking on Actor (LMB): StaticMeshActor (Cube14)
[2015.09.12-07.24.10:185][414]LogEditorViewport: Clicking on Actor (LMB): StaticMeshActor (Cube15)
[2015.09.12-07.24.11:809][556]LogEditorViewport: Clicking on Actor (LMB): StaticMeshActor (Cube16)
[2015.09.12-07.24.15:360][871]Cmd: CAMERA ALIGN ACTIVEVIEWPORTONLY
[2015.09.12-07.24.27:929][953]LogD3D11RHI: InitD3DDevice
[2015.09.12-07.24.29:815][134]LogD3D11RHI: InitD3DDevice
[2015.09.12-07.24.36:971][865]LogEditorViewport: Clicking on Actor (LMB): StaticMeshActor (Cube20)
[2015.09.12-07.24.39:468][121]LogD3D11RHI: InitD3DDevice
[2015.09.12-07.24.44:660][696]LogD3D11RHI: InitD3DDevice
[2015.09.12-07.24.47:799][ 45]LogD3D11RHI: InitD3DDevice
[2015.09.12-07.24.52:340][520]LogEditorViewport: Clicking on Actor (context menu): StaticMeshActor (Floor)
[2015.09.12-07.24.52:383][520]LogD3D11RHI: InitD3DDevice
[2015.09.12-07.24.53:167][598]LogEditorViewport: Clicking on Actor (LMB): StaticMeshActor (Floor)
[2015.09.12-07.25.01:551][452]LogD3D11RHI: InitD3DDevice
[2015.09.12-07.25.01:594][453]LogD3D11RHI: InitD3DDevice
[2015.09.12-07.25.03:184][617]LogEditorViewport: Clicking Background
[2015.09.12-07.25.05:083][842]LogD3D11RHI: InitD3DDevice
[2015.09.12-07.25.05:748][920]LogEditorViewport: Clicking Background
[2015.09.12-07.25.16:831][177]LogD3D11RHI: InitD3DDevice
[2015.09.12-07.25.17:927][288]LogD3D11RHI: InitD3DDevice
[2015.09.12-07.25.27:492][324]LogEditorViewport: Clicking on Actor (LMB): StaticMeshActor (Cube20)
[2015.09.12-07.25.35:718][189]Cmd: DUPLICATE
[2015.09.12-07.25.35:718][189]Cmd: ACTOR DUPLICATE
[2015.09.12-07.25.47:058][370]LogEditorViewport: Clicking on Actor (LMB): StaticMeshActor (Cube7)
[2015.09.12-07.25.47:911][456]Cmd: DUPLICATE
[2015.09.12-07.25.47:911][456]Cmd: ACTOR DUPLICATE
[2015.09.12-07.26.09:163][639]LogEditorViewport: Clicking on Actor (context menu): StaticMeshActor (Floor)
[2015.09.12-07.26.09:193][639]LogD3D11RHI: InitD3DDevice
[2015.09.12-07.26.09:568][668]LogD3D11RHI: InitD3DDevice
[2015.09.12-07.26.10:269][736]LogEditorViewport: Clicking on Actor (LMB): StaticMeshActor (Floor)
[2015.09.12-07.26.14:046][116]LogEditorViewport: Clicking on Actor (context menu): StaticMeshActor (Floor)
[2015.09.12-07.26.14:056][116]LogD3D11RHI: InitD3DDevice
[2015.09.12-07.26.20:777][798]LogEditorViewport: Clicking on Actor (LMB): StaticMeshActor (Cube20)
[2015.09.12-07.26.21:813][902]LogEditorViewport: Clicking on Actor (LMB): StaticMeshActor (Cube21)
[2015.09.12-07.26.23:020][ 25]Cmd: DUPLICATE
[2015.09.12-07.26.23:020][ 25]Cmd: ACTOR DUPLICATE
[2015.09.12-07.26.29:586][704]Cmd: TRANSACTION UNDO
[2015.09.12-07.26.29:586][704]LogEditorTransaction: Undo Move Actors
[2015.09.12-07.26.29:592][704]LogD3D11RHI: InitD3DDevice
[2015.09.12-07.26.30:145][744]Cmd: TRANSACTION UNDO
[2015.09.12-07.26.30:145][744]LogEditorTransaction: Undo Move Actors
[2015.09.12-07.26.30:593][790]Cmd: TRANSACTION UNDO
[2015.09.12-07.26.30:593][790]LogEditorTransaction: Undo Move Actors
[2015.09.12-07.26.35:740][319]LogEditorViewport: Clicking on Actor (LMB): StaticMeshActor (Cube20)
[2015.09.12-07.26.40:386][799]LogEditorViewport: Clicking on Actor (LMB): StaticMeshActor (Cube21)
[2015.09.12-07.26.51:795][951]LogEditorViewport: Clicking on Actor (LMB): StaticMeshActor (Floor)
[2015.09.12-07.26.56:365][404]LogEditorViewport: Clicking on Actor (context menu): StaticMeshActor (Floor)
[2015.09.12-07.26.56:376][404]LogD3D11RHI: InitD3DDevice
[2015.09.12-07.26.59:888][757]LogEditorViewport: Clicking on Actor (LMB): StaticMeshActor (Cube3)
[2015.09.12-07.27.00:866][853]Cmd: DUPLICATE
[2015.09.12-07.27.00:866][853]Cmd: ACTOR DUPLICATE
[2015.09.12-07.27.12:959][ 97]LogEditorViewport: Clicking on Actor (context menu): StaticMeshActor (Floor)
[2015.09.12-07.27.12:989][ 97]LogD3D11RHI: InitD3DDevice
[2015.09.12-07.27.13:917][188]LogEditorViewport: Clicking on Actor (LMB): StaticMeshActor (Cube24)
[2015.09.12-07.27.16:891][490]LogEditorViewport: Clicking on Actor (LMB): StaticMeshActor (Floor)
[2015.09.12-07.27.19:648][762]LogEditorViewport: Clicking on Actor (LMB): StaticMeshActor (Cube24)
[2015.09.12-07.27.22:335][ 34]LogEditorViewport: Clicking on Actor (LMB): StaticMeshActor (Floor)
[2015.09.12-07.27.26:605][448]LogEditorViewport: Clicking on Actor (context menu): StaticMeshActor (Floor)
[2015.09.12-07.27.26:615][448]LogD3D11RHI: InitD3DDevice
[2015.09.12-07.27.30:662][847]LogEditorViewport: Clicking on Actor (context menu): StaticMeshActor (Floor)
[2015.09.12-07.27.30:674][847]LogD3D11RHI: InitD3DDevice
[2015.09.12-07.27.41:785][973]LogEditorViewport: Clicking on Actor (LMB): StaticMeshActor (Cube7)
[2015.09.12-07.27.42:845][ 80]Cmd: DUPLICATE
[2015.09.12-07.27.42:845][ 80]Cmd: ACTOR DUPLICATE
[2015.09.12-07.27.55:188][145]LogUnrealMath: Expression Error : No value recognized
[2015.09.12-07.27.55:188][145]LogUnrealMath: Expression Error : Error in expression
[2015.09.12-07.27.55:266][152]LogEditorViewport: Clicking on Actor (LMB): StaticMeshActor (Floor)
[2015.09.12-07.27.55:876][207]LogEditorViewport: Clicking on Actor (LMB): StaticMeshActor (Cube25)
[2015.09.12-07.28.00:601][684]LogEditorViewport: Clicking on Actor (context menu): StaticMeshActor (Floor)
[2015.09.12-07.28.00:631][684]LogD3D11RHI: InitD3DDevice
[2015.09.12-07.28.01:652][785]LogEditorViewport: Clicking on Actor (LMB): StaticMeshActor (Cube25)
[2015.09.12-07.28.19:448][639]Cmd: DUPLICATE
[2015.09.12-07.28.19:448][639]Cmd: ACTOR DUPLICATE
[2015.09.12-07.28.40:016][340]LogEditorViewport: Clicking on Actor (LMB): StaticMeshActor (Floor)
[2015.09.12-07.28.54:356][804]LogEditorViewport: Clicking on Actor (context menu): StaticMeshActor (Floor)
[2015.09.12-07.28.54:367][804]LogD3D11RHI: InitD3DDevice
[2015.09.12-07.28.55:433][913]LogEditorViewport: Clicking on Actor (context menu): StaticMeshActor (Cube25)
[2015.09.12-07.28.55:462][913]LogD3D11RHI: InitD3DDevice
[2015.09.12-07.28.56:344][  3]LogEditorViewport: Clicking on Actor (LMB): StaticMeshActor (Floor)
[2015.09.12-07.28.56:864][ 51]LogEditorViewport: Clicking Background
[2015.09.12-07.28.58:023][187]LogEditorViewport: Clicking on Actor (context menu): StaticMeshActor (Floor)
[2015.09.12-07.28.58:054][187]LogD3D11RHI: InitD3DDevice
[2015.09.12-07.29.01:655][539]LogEditorViewport: Clicking Background
[2015.09.12-07.29.12:944][879]LogEditorViewport: Clicking on Actor (LMB): StaticMeshActor (Cube24)
[2015.09.12-07.29.19:964][602]LogEditorViewport: Clicking on Actor (LMB): StaticMeshActor (Floor)
[2015.09.12-07.29.38:825][474]LogEditorViewport: Clicking on Actor (context menu): StaticMeshActor (Floor)
[2015.09.12-07.29.38:836][474]LogD3D11RHI: InitD3DDevice
[2015.09.12-07.29.41:000][693]LogEditorViewport: Clicking on Actor (context menu): StaticMeshActor (Floor)
[2015.09.12-07.29.41:010][693]LogD3D11RHI: InitD3DDevice
[2015.09.12-07.29.47:208][292]LogEditorViewport: Clicking on Actor (LMB): StaticMeshActor (Cube14)
[2015.09.12-07.29.52:215][796]LogEditorViewport: Clicking on Actor (LMB): StaticMeshActor (Cube16)
[2015.09.12-07.29.54:827][ 53]LogEditorViewport: Clicking on Actor (LMB): StaticMeshActor (Cube15)
[2015.09.12-07.29.59:656][537]LogEditorViewport: Clicking on Actor (context menu): StaticMeshActor (Floor)
[2015.09.12-07.29.59:686][537]LogD3D11RHI: InitD3DDevice
[2015.09.12-07.30.02:348][802]LogD3D11RHI: InitD3DDevice
[2015.09.12-07.30.08:337][413]LogEditorViewport: Clicking on Actor (LMB): StaticMeshActor (Cube24)
[2015.09.12-07.30.09:620][544]Cmd: DUPLICATE
[2015.09.12-07.30.09:620][544]Cmd: ACTOR DUPLICATE
[2015.09.12-07.30.14:822][ 85]Cmd: DELETE
[2015.09.12-07.30.14:822][ 85]Cmd: ACTOR DELETE
[2015.09.12-07.30.14:822][ 85]LogEditorActor: Deleted Actor: StaticMeshActor
[2015.09.12-07.30.14:864][ 85]LogEditorActor: Deleted 1 Actors (0.043 secs)
[2015.09.12-07.30.16:761][311]LogEditorViewport: Clicking on Actor (LMB): StaticMeshActor (Cube8)
[2015.09.12-07.30.18:708][510]Cmd: DUPLICATE
[2015.09.12-07.30.18:708][510]Cmd: ACTOR DUPLICATE
[2015.09.12-07.30.26:406][297]LogEditorViewport: Clicking on Actor (context menu): StaticMeshActor (Floor)
[2015.09.12-07.30.26:435][297]LogD3D11RHI: InitD3DDevice
[2015.09.12-07.30.27:272][381]LogEditorViewport: Clicking on Actor (LMB): StaticMeshActor (Cube27)
[2015.09.12-07.30.27:387][389]Cmd: CAMERA ALIGN ACTIVEVIEWPORTONLY
[2015.09.12-07.30.33:795][ 45]LogEditorViewport: Clicking on Actor (LMB): StaticMeshActor (Cube24)
[2015.09.12-07.30.39:091][583]LogEditorViewport: Clicking on Actor (context menu): StaticMeshActor (Floor)
[2015.09.12-07.30.39:120][583]LogD3D11RHI: InitD3DDevice
[2015.09.12-07.30.39:486][615]LogD3D11RHI: InitD3DDevice
[2015.09.12-07.30.40:294][694]LogEditorViewport: Clicking on Actor (LMB): StaticMeshActor (Floor)
[2015.09.12-07.30.41:096][774]LogEditorViewport: Clicking on Actor (LMB): StaticMeshActor (Cube17)
[2015.09.12-07.30.57:245][ 16]LogUnrealMath: Expression Error : Unrecognized Operator
[2015.09.12-07.30.57:245][ 16]LogUnrealMath: Expression Error : Unrecognized Operator
[2015.09.12-07.31.13:213][321]Cmd: TRANSACTION UNDO
[2015.09.12-07.31.13:213][321]LogEditorTransaction: Undo Set actor rotation
[2015.09.12-07.31.13:236][321]LogD3D11RHI: InitD3DDevice
[2015.09.12-07.31.13:844][356]Cmd: TRANSACTION UNDO
[2015.09.12-07.31.13:844][356]LogEditorTransaction: Undo Set actor rotation
[2015.09.12-07.31.14:403][400]Cmd: TRANSACTION UNDO
[2015.09.12-07.31.14:403][400]LogEditorTransaction: Undo Set actor rotation
[2015.09.12-07.31.14:912][458]Cmd: TRANSACTION UNDO
[2015.09.12-07.31.14:912][458]LogEditorTransaction: Undo Set actor rotation
[2015.09.12-07.31.18:824][908]LogEditorViewport: Clicking on Actor (context menu): StaticMeshActor (Floor)
[2015.09.12-07.31.18:854][908]LogD3D11RHI: InitD3DDevice
[2015.09.12-07.31.19:585][989]LogEditorViewport: Clicking on Actor (LMB): StaticMeshActor (Cube17)
[2015.09.12-07.31.27:028][849]Cmd: TRANSACTION UNDO
[2015.09.12-07.31.27:028][849]LogEditorTransaction: Undo Marquee Select
[2015.09.12-07.31.27:058][849]LogD3D11RHI: InitD3DDevice
[2015.09.12-07.31.38:673][177]LogEditorViewport: Clicking on Actor (LMB): StaticMeshActor (Cube24)
[2015.09.12-07.32.17:865][745]LogEditorViewport: Clicking on Actor (context menu): StaticMeshActor (Cube27)
[2015.09.12-07.32.17:895][745]LogD3D11RHI: InitD3DDevice
[2015.09.12-07.32.19:538][932]LogEditorViewport: Clicking on Actor (LMB): StaticMeshActor (Cube24)
[2015.09.12-07.32.22:093][224]LogD3D11RHI: InitD3DDevice
[2015.09.12-07.32.32:891][380]LogEditorViewport: Clicking on Actor (context menu): StaticMeshActor (Cube27)
[2015.09.12-07.32.32:922][380]LogD3D11RHI: InitD3DDevice
[2015.09.12-07.32.34:025][504]LogEditorViewport: Clicking on Actor (LMB): StaticMeshActor (Cube24)
[2015.09.12-07.32.43:675][500]LogEditorViewport: Clicking on Actor (LMB): StaticMeshActor (Cube27)
[2015.09.12-07.32.52:948][504]LogEditorViewport: Clicking on Actor (LMB): StaticMeshActor (Cube11)
[2015.09.12-07.32.53:980][612]Cmd: DUPLICATE
[2015.09.12-07.32.53:980][612]Cmd: ACTOR DUPLICATE
[2015.09.12-07.33.13:246][670]Cmd: CAMERA ALIGN ACTIVEVIEWPORTONLY
[2015.09.12-07.33.34:372][960]LogD3D11RHI: InitD3DDevice
[2015.09.12-07.33.51:961][ 11]LogEditorViewport: Clicking on Actor (LMB): StaticMeshActor (Cube2)
[2015.09.12-07.33.54:755][327]LogEditorViewport: Clicking on Actor (LMB): StaticMeshActor (Cube28)
[2015.09.12-07.33.57:974][694]Cmd: DUPLICATE
[2015.09.12-07.33.57:974][694]Cmd: ACTOR DUPLICATE
[2015.09.12-07.34.44:094][ 56]LogEditorViewport: Clicking on Actor (LMB): StaticMeshActor (Cube17)
[2015.09.12-07.34.45:384][202]Cmd: DUPLICATE
[2015.09.12-07.34.45:384][202]Cmd: ACTOR DUPLICATE
[2015.09.12-07.34.55:190][336]Cmd: TRANSACTION UNDO
[2015.09.12-07.34.55:190][336]LogEditorTransaction: Undo Marquee Select
[2015.09.12-07.34.55:219][336]LogD3D11RHI: InitD3DDevice
[2015.09.12-07.35.15:977][726]LogD3D11RHI: InitD3DDevice
[2015.09.12-07.35.22:475][415]LogEditorViewport: Clicking on Actor (LMB): StaticMeshActor (Cube9)
[2015.09.12-07.35.23:381][510]Cmd: DUPLICATE
[2015.09.12-07.35.23:381][510]Cmd: ACTOR DUPLICATE
[2015.09.12-07.35.26:804][868]Cmd: CAMERA ALIGN ACTIVEVIEWPORTONLY
[2015.09.12-07.35.31:580][382]LogEditorViewport: Clicking on Actor (context menu): StaticMeshActor (Cube27)
[2015.09.12-07.35.31:612][382]LogD3D11RHI: InitD3DDevice
[2015.09.12-07.35.32:775][512]LogEditorViewport: Clicking on Actor (LMB): StaticMeshActor (Cube31)
[2015.09.12-07.35.47:809][133]LogEditorViewport: Clicking on Actor (context menu): StaticMeshActor (Floor)
[2015.09.12-07.35.47:841][133]LogD3D11RHI: InitD3DDevice
[2015.09.12-07.35.48:587][215]LogEditorViewport: Clicking on Actor (context menu): StaticMeshActor (Floor)
[2015.09.12-07.35.48:597][215]LogD3D11RHI: InitD3DDevice
[2015.09.12-07.35.49:470][313]LogEditorViewport: Clicking on Actor (LMB): StaticMeshActor (Cube31)
[2015.09.12-07.36.08:564][352]LogD3D11RHI: InitD3DDevice
[2015.09.12-07.36.10:401][569]LogEditorViewport: Clicking on Actor (LMB): StaticMeshActor (Cube24)
[2015.09.12-07.36.12:163][763]Cmd: DELETE
[2015.09.12-07.36.12:163][763]Cmd: ACTOR DELETE
[2015.09.12-07.36.12:164][763]LogEditorActor: Deleted Actor: StaticMeshActor
[2015.09.12-07.36.12:192][763]LogEditorActor: Deleted 1 Actors (0.029 secs)
[2015.09.12-07.36.12:844][841]LogEditorViewport: Clicking on Actor (LMB): StaticMeshActor (Cube28)
[2015.09.12-07.36.13:918][956]Cmd: DUPLICATE
[2015.09.12-07.36.13:918][956]Cmd: ACTOR DUPLICATE
[2015.09.12-07.36.16:761][260]LogD3D11RHI: InitD3DDevice
[2015.09.12-07.36.32:837][137]LogEditorViewport: Clicking on Actor (LMB): StaticMeshActor (Cube32)
[2015.09.12-07.36.33:680][231]LogEditorViewport: Clicking on Actor (LMB): StaticMeshActor (Cube31)
[2015.09.12-07.36.36:712][579]LogEditorViewport: Clicking on Actor (LMB): StaticMeshActor (Cube32)
[2015.09.12-07.36.49:071][ 22]LogEditorViewport: Clicking on Actor (LMB): StaticMeshActor (Cube32)
[2015.09.12-07.36.50:434][173]LogEditorViewport: Clicking on Actor (LMB): StaticMeshActor (Cube31)
[2015.09.12-07.37.06:039][993]LogEditorViewport: Clicking on Actor (LMB): StaticMeshActor (Cube28)
[2015.09.12-07.37.13:408][850]LogEditorViewport: Clicking on Actor (LMB): StaticMeshActor (Cube31)
[2015.09.12-07.37.26:565][393]LogEditorViewport: Clicking on Actor (LMB): StaticMeshActor (Floor)
[2015.09.12-07.37.27:518][498]LogD3D11RHI: InitD3DDevice
[2015.09.12-07.37.36:692][503]LogEditorViewport: Clicking on Actor (context menu): StaticMeshActor (Cube27)
[2015.09.12-07.37.36:725][503]LogD3D11RHI: InitD3DDevice
[2015.09.12-07.37.36:787][504]LogEditorViewport: Clicking on Actor (context menu): StaticMeshActor (Cube27)
[2015.09.12-07.37.36:799][504]LogD3D11RHI: InitD3DDevice
[2015.09.12-07.37.37:874][628]LogEditorViewport: Clicking on Actor (LMB): StaticMeshActor (Floor)
[2015.09.12-07.37.54:934][834]LogD3D11RHI: InitD3DDevice
[2015.09.12-07.38.09:520][848]LogRenderer: Reallocating scene render targets to support 1208x640 (Frame:116496).
[2015.09.12-07.38.21:991][217]LogEditorViewport: Clicking on Actor (context menu): StaticMeshActor (Floor)
[2015.09.12-07.38.22:002][217]LogD3D11RHI: InitD3DDevice
[2015.09.12-07.38.22:936][321]LogEditorViewport: Clicking on Actor (LMB): StaticMeshActor (Cube20)
[2015.09.12-07.38.23:820][379]Cmd: DUPLICATE
[2015.09.12-07.38.23:820][379]Cmd: ACTOR DUPLICATE
[2015.09.12-07.38.25:479][549]Cmd: CAMERA ALIGN ACTIVEVIEWPORTONLY
[2015.09.12-07.38.41:400][312]Cmd: CAMERA ALIGN ACTIVEVIEWPORTONLY
[2015.09.12-07.39.08:757][362]Cmd: DUPLICATE
[2015.09.12-07.39.08:757][362]Cmd: ACTOR DUPLICATE
[2015.09.12-07.39.22:033][830]LogEditorViewport: Clicking on Actor (LMB): StaticMeshActor (Cube24)
[2015.09.12-07.39.25:062][163]LogEditorViewport: Clicking on Actor (LMB): StaticMeshActor (Cube33)
[2015.09.12-07.39.30:484][771]Cmd: DUPLICATE
[2015.09.12-07.39.30:484][771]Cmd: ACTOR DUPLICATE
[2015.09.12-07.39.38:366][650]LogD3D11RHI: InitD3DDevice
[2015.09.12-07.39.42:751][163]LogEditorViewport: Clicking on Actor (LMB): StaticMeshActor (Cube33)
[2015.09.12-07.39.48:277][802]LogEditorViewport: Clicking on Actor (LMB): StaticMeshActor (Cube24)
[2015.09.12-07.40.04:808][ 53]LogD3D11RHI: InitD3DDevice
[2015.09.12-07.40.05:236][ 53]LogSavePackage: Save=96.980301ms
[2015.09.12-07.40.05:236][ 53]LogSavePackage: Moving '../../../../../../Users/Kido/Documents/Unreal Projects/MyProject/Saved/prototypeprototype_Auto11D09426C441A6D7B9B606CBF1FAFE5F6.tmp' to '../../../../../../Users/Kido/Documents/Unreal Projects/MyProject/Saved/Autosaves/Game/StarterContent/Maps/prototypeprototype_Auto1.umap'
[2015.09.12-07.40.05:242][ 53]LogFileHelpers: Editor autosave (incl. sublevels) for '/Game/StarterContent/Maps/prototypeprototype' took 0.287
[2015.09.12-07.40.05:242][ 53]LogFileHelpers: Editor autosave (incl. sublevels) for all levels took 0.287
[2015.09.12-07.40.19:428][414]Cmd: DELETE
[2015.09.12-07.40.19:428][414]Cmd: ACTOR DELETE
[2015.09.12-07.40.19:429][414]LogEditorActor: Deleted Actor: StaticMeshActor
[2015.09.12-07.40.19:456][414]LogEditorActor: Deleted 1 Actors (0.028 secs)
[2015.09.12-07.40.20:107][491]LogEditorViewport: Clicking on Actor (LMB): StaticMeshActor (Cube34)
[2015.09.12-07.40.21:639][663]LogEditorViewport: Clicking on Actor (LMB): StaticMeshActor (Cube33)
[2015.09.12-07.40.26:216][188]LogEditorViewport: Clicking on Actor (LMB): StaticMeshActor (Cube33)
[2015.09.12-07.40.30:038][632]Cmd: DUPLICATE
[2015.09.12-07.40.30:038][632]Cmd: ACTOR DUPLICATE
[2015.09.12-07.40.39:606][735]LogEditorViewport: Clicking on Actor (LMB): StaticMeshActor (Cube34)
[2015.09.12-07.43.02:229][ 69]LogD3D11RHI: InitD3DDevice
[2015.09.12-07.43.02:517][ 69]LogSavePackage: Save=44.511009ms
[2015.09.12-07.43.02:517][ 69]LogSavePackage: Moving '../../../../../../Users/Kido/Documents/Unreal Projects/MyProject/Saved/prototypeprototypeB96FED0B42F296B3C2C0DC9274B86744.tmp' to '../../../../../../Users/Kido/Documents/Unreal Projects/MyProject/Content/StarterContent/Maps/prototypeprototype.umap'
[2015.09.12-07.43.02:561][ 69]LogFileHelpers: Saving map 'prototypeprototype' took 0.318
[2015.09.12-07.43.05:026][351]LogEditorViewport: Clicking on Actor (context menu): StaticMeshActor (Floor)
[2015.09.12-07.43.05:056][351]LogD3D11RHI: InitD3DDevice
[2015.09.12-07.43.10:217][935]LogEditorViewport: Clicking on Actor (context menu): StaticMeshActor (Floor)
[2015.09.12-07.43.10:227][935]LogD3D11RHI: InitD3DDevice
[2015.09.12-07.43.14:504][424]LogEditorViewport: Clicking on Actor (context menu): StaticMeshActor (Floor)
[2015.09.12-07.43.14:514][424]LogD3D11RHI: InitD3DDevice
[2015.09.12-07.43.15:536][538]LogEditorViewport: Clicking Background
[2015.09.12-07.43.24:714][631]LogEditorViewport: Clicking on Actor (LMB): StaticMeshActor (Cube7)
[2015.09.12-07.43.32:225][512]LogEditorViewport: Clicking on Actor (LMB): StaticMeshActor (Cube18)
[2015.09.12-07.43.33:299][629]Cmd: DUPLICATE
[2015.09.12-07.43.33:299][629]Cmd: ACTOR DUPLICATE
[2015.09.12-07.43.35:463][872]LogEditorViewport: Clicking on Actor (context menu): StaticMeshActor (Floor)
[2015.09.12-07.43.35:493][872]LogD3D11RHI: InitD3DDevice
[2015.09.12-07.43.36:932][ 34]Cmd: TRANSACTION UNDO
[2015.09.12-07.43.36:932][ 34]LogEditorTransaction: Undo Clicking on Actors (context menu)
[2015.09.12-07.43.36:954][ 34]LogD3D11RHI: InitD3DDevice
[2015.09.12-07.43.44:450][884]LogEditorViewport: Clicking on Actor (context menu): StaticMeshActor (Cube8)
[2015.09.12-07.43.44:479][884]LogD3D11RHI: InitD3DDevice
[2015.09.12-07.43.45:266][970]LogEditorViewport: Clicking on Actor (LMB): StaticMeshActor (Cube24)
[2015.09.12-07.43.50:146][536]LogEditorViewport: Clicking on Actor (context menu): StaticMeshActor (Floor)
[2015.09.12-07.43.50:175][536]LogD3D11RHI: InitD3DDevice
[2015.09.12-07.43.52:034][744]LogEditorViewport: Clicking Background
[2015.09.12-07.45.54:761][184]LogEditorViewport: Clicking Background
[2015.09.12-07.45.57:438][500]LogD3D11RHI: InitD3DDevice
[2015.09.12-07.45.58:934][676]LogEditorViewport: Clicking on Actor (LMB): StaticMeshActor (Floor)
[2015.09.12-07.45.59:382][722]LogEditorViewport: Clicking on Actor (context menu): StaticMeshActor (Floor)
[2015.09.12-07.45.59:392][722]LogD3D11RHI: InitD3DDevice
[2015.09.12-07.46.00:254][821]LogEditorViewport: Clicking Background
[2015.09.12-07.46.03:335][187]LogD3D11RHI: InitD3DDevice
[2015.09.12-07.46.03:756][236]LogD3D11RHI: InitD3DDevice
[2015.09.12-07.46.04:371][309]LogD3D11RHI: InitD3DDevice
[2015.09.12-07.47.04:196][677]LogEditorViewport: Clicking on Actor (LMB): StaticMeshActor (Cube7)
[2015.09.12-07.47.05:710][850]Cmd: DUPLICATE
[2015.09.12-07.47.05:710][850]Cmd: ACTOR DUPLICATE
[2015.09.12-07.47.22:710][840]LogEditorViewport: Clicking on Actor (LMB): StaticMeshActor (Cube6)
[2015.09.12-07.47.24:458][ 39]LogEditorViewport: Clicking on Actor (LMB): StaticMeshActor (Cube36)
[2015.09.12-07.47.57:886][913]LogEditorViewport: Clicking on Actor (LMB): StaticMeshActor (Cube19)
[2015.09.12-07.47.59:336][ 77]Cmd: DUPLICATE
[2015.09.12-07.47.59:336][ 77]Cmd: ACTOR DUPLICATE
[2015.09.12-07.48.32:205][918]LogEditorViewport: Clicking on Actor (LMB): StaticMeshActor (Cube36)
[2015.09.12-07.48.33:959][114]LogEditorViewport: Clicking on Actor (LMB): StaticMeshActor (Cube36)
[2015.09.12-07.48.42:993][169]Cmd: DUPLICATE
[2015.09.12-07.48.42:994][169]Cmd: ACTOR DUPLICATE
[2015.09.12-07.48.47:315][660]LogEditorViewport: Clicking on Actor (LMB): StaticMeshActor (Cube38)
[2015.09.12-07.49.17:749][238]LogEditorViewport: Clicking on Actor (context menu): StaticMeshActor (Floor)
[2015.09.12-07.49.17:778][238]LogD3D11RHI: InitD3DDevice
[2015.09.12-07.49.18:621][332]LogEditorViewport: Clicking on Actor (LMB): StaticMeshActor (Cube38)
[2015.09.12-07.49.30:599][730]LogEditorViewport: Clicking on Actor (context menu): StaticMeshActor (Floor)
[2015.09.12-07.49.30:628][730]LogD3D11RHI: InitD3DDevice
[2015.09.12-07.49.31:204][792]LogEditorViewport: Clicking on Actor (LMB): StaticMeshActor (Cube36)
[2015.09.12-07.49.35:018][240]Cmd: DUPLICATE
[2015.09.12-07.49.35:018][240]Cmd: ACTOR DUPLICATE
[2015.09.12-07.49.42:078][ 65]LogEditorViewport: Clicking on Actor (LMB): StaticMeshActor (Cube22)
[2015.09.12-07.49.48:875][862]LogEditorViewport: Clicking on Actor (LMB): StaticMeshActor (Cube25)
[2015.09.12-07.49.55:666][654]LogEditorViewport: Clicking on Actor (LMB): StaticMeshActor (Cube26)
[2015.09.12-07.50.05:703][824]LogEditorViewport: Clicking on Actor (LMB): StaticMeshActor (Cube38)
[2015.09.12-07.50.12:410][602]LogEditorViewport: Clicking on Actor (LMB): StaticMeshActor (Cube39)
[2015.09.12-07.50.23:154][861]LogEditorViewport: Clicking on Actor (LMB): StaticMeshActor (Cube36)
[2015.09.12-07.50.32:090][904]LogD3D11RHI: InitD3DDevice
[2015.09.12-07.50.32:304][928]LogD3D11RHI: InitD3DDevice
[2015.09.12-07.50.32:666][970]LogD3D11RHI: InitD3DDevice
[2015.09.12-07.50.49:637][878]LogD3D11RHI: InitD3DDevice
[2015.09.12-07.50.52:209][182]LogEditorViewport: Clicking on Actor (LMB): StaticMeshActor (Cube39)
[2015.09.12-07.51.00:778][185]Cmd: DUPLICATE
[2015.09.12-07.51.00:778][185]Cmd: ACTOR DUPLICATE
[2015.09.12-07.51.08:231][ 57]Cmd: TRANSACTION UNDO
[2015.09.12-07.51.08:231][ 57]LogEditorTransaction: Undo Move Actors
[2015.09.12-07.51.08:237][ 57]LogD3D11RHI: InitD3DDevice
[2015.09.12-07.51.09:059][133]Cmd: TRANSACTION UNDO
[2015.09.12-07.51.09:059][133]LogEditorTransaction: Undo Move Actors
[2015.09.12-07.51.11:739][444]LogEditorViewport: Clicking on Actor (LMB): StaticMeshActor (Cube39)
[2015.09.12-07.51.13:808][680]LogEditorViewport: Clicking on Actor (LMB): StaticMeshActor (Cube40)
[2015.09.12-07.51.19:397][337]LogEditorViewport: Clicking on Actor (LMB): StaticMeshActor (Cube36)
[2015.09.12-07.51.21:748][610]Cmd: DUPLICATE
[2015.09.12-07.51.21:748][610]Cmd: ACTOR DUPLICATE
[2015.09.12-07.51.39:668][719]LogEditorViewport: Clicking on Actor (LMB): StaticMeshActor (Cube25)
[2015.09.12-07.51.40:712][836]LogEditorViewport: Clicking on Actor (LMB): StaticMeshActor (Cube26)
[2015.09.12-07.51.41:402][911]Cmd: DUPLICATE
[2015.09.12-07.51.41:402][911]Cmd: ACTOR DUPLICATE
[2015.09.12-07.51.56:176][643]LogEditorViewport: Clicking on Actor (LMB): StaticMeshActor (Cube42)
[2015.09.12-07.51.57:814][827]LogEditorViewport: Clicking on Actor (LMB): StaticMeshActor (Cube42)
[2015.09.12-07.51.59:358][998]LogEditorViewport: Clicking on Actor (LMB): StaticMeshActor (Cube42)
[2015.09.12-07.52.05:634][733]LogEditorViewport: Clicking on Actor (LMB): StaticMeshActor (Floor)
[2015.09.12-07.52.18:558][257]LogEditorViewport: Clicking on Actor (LMB): StaticMeshActor (Cube25)
[2015.09.12-07.52.30:433][644]LogEditorViewport: Clicking on Actor (LMB): StaticMeshActor (Cube41)
[2015.09.12-07.52.46:050][460]LogEditorViewport: Clicking on Actor (context menu): StaticMeshActor (Cube25)
[2015.09.12-07.52.46:080][460]LogD3D11RHI: InitD3DDevice
[2015.09.12-07.52.46:620][516]LogSlate:Warning: Prevented a slow task dialog from being summoned while a context menu was open
[2015.09.12-07.52.46:827][516]LogSavePackage: Save=50.311546ms
[2015.09.12-07.52.46:827][516]LogSavePackage: Moving '../../../../../../Users/Kido/Documents/Unreal Projects/MyProject/Saved/prototypeprototype43A139174462141987451F9DB8813938.tmp' to '../../../../../../Users/Kido/Documents/Unreal Projects/MyProject/Content/StarterContent/Maps/prototypeprototype.umap'
[2015.09.12-07.52.46:871][516]LogFileHelpers: Saving map 'prototypeprototype' took 0.250
[2015.09.12-07.52.47:808][625]LogEditorViewport: Clicking on Actor (LMB): StaticMeshActor (Floor)
[2015.09.12-07.52.50:571][934]LogD3D11RHI: InitD3DDevice
[2015.09.12-07.52.50:674][934]LogSavePackage: Save=46.003353ms
[2015.09.12-07.52.50:674][934]LogSavePackage: Moving '../../../../../../Users/Kido/Documents/Unreal Projects/MyProject/Saved/prototypeprototype88F3698F400A3E9E288F8AB267E4409F.tmp' to '../../../../../../Users/Kido/Documents/Unreal Projects/MyProject/Content/StarterContent/Maps/prototypeprototype.umap'
[2015.09.12-07.52.52:498][141]LogD3D11RHI: InitD3DDevice
[2015.09.12-07.52.54:117][312]LogPlayLevel: PIE:  No blueprints needed recompiling
[2015.09.12-07.52.54:290][312]PIE: New page: PIE session: prototypeprototype (Sep 11, 2015, 11:52:54 PM)
[2015.09.12-07.52.54:291][312]LogPlayLevel: Creating play world package: /Game/StarterContent/Maps/UEDPIE_0_prototypeprototype
[2015.09.12-07.52.54:301][312]LogPlayLevel: PIE: StaticDuplicateObject took: (0.009688s)
[2015.09.12-07.52.54:315][312]LogAIModule: Creating AISystem for world prototypeprototype
[2015.09.12-07.52.54:317][312]LogPlayLevel: PIE: World Init took: (0.002976s)
[2015.09.12-07.52.54:317][312]LogPlayLevel: PIE: Created PIE world by copying editor world from /Game/StarterContent/Maps/prototypeprototype.prototypeprototype to /Game/StarterContent/Maps/UEDPIE_0_prototypeprototype.prototypeprototype (0.025970s)
[2015.09.12-07.52.54:363][312]LogInit: XAudio2 using 'Speakers (Realtek High Definition Audio)' : 2 channels at 48 kHz using 32 bits per sample (channel mask 0x3)
[2015.09.12-07.52.54:375][312]LogInit: FAudioDevice initialized.
[2015.09.12-07.52.54:502][312]LogWorld: Game class is 'GameMode'
[2015.09.12-07.52.54:556][312]LogWorld: Bringing World /Game/StarterContent/Maps/UEDPIE_0_prototypeprototype.prototypeprototype up for play (max tick rate 0) at 2015.09.12-03.52.54
[2015.09.12-07.52.54:556][312]LogActor:Warning: GameSession /Game/StarterContent/Maps/UEDPIE_0_prototypeprototype.prototypeprototype:PersistentLevel.GameSession_0 has natively added scene component(s), but none of them were set as the actor's RootComponent - picking one arbitrarily
[2015.09.12-07.52.54:563][312]LogActor:Warning: GameNetworkManager /Game/StarterContent/Maps/UEDPIE_0_prototypeprototype.prototypeprototype:PersistentLevel.GameNetworkManager_0 has natively added scene component(s), but none of them were set as the actor's RootComponent - picking one arbitrarily
[2015.09.12-07.52.54:649][312]LogWorld: Bringing up level for play took: 0.107834
[2015.09.12-07.52.54:694][312]PIE: Info Play in editor start time for /Game/StarterContent/Maps/UEDPIE_0_prototypeprototype 1.391
[2015.09.12-07.53.27:191][167]LogParticles: Destroying 0 GPU particle simulations for FXSystem 0x000000000E81E980
[2015.09.12-07.53.27:820][235]LogEditorViewport: Clicking on Actor (LMB): StaticMeshActor (Cube36)
[2015.09.12-07.53.35:256][ 62]LogEditorViewport: Clicking on Actor (context menu): StaticMeshActor (Cube36)
[2015.09.12-07.53.35:267][ 62]LogD3D11RHI: InitD3DDevice
[2015.09.12-07.54.14:685][168]LogD3D11RHI: InitD3DDevice
[2015.09.12-07.54.21:886][966]LogD3D11RHI: InitD3DDevice
[2015.09.12-07.59.04:180][307]LogPlayLevel: PIE:  No blueprints needed recompiling
[2015.09.12-07.59.04:180][307]PIE: New page: PIE session: prototypeprototype (Sep 11, 2015, 11:59:04 PM)
[2015.09.12-07.59.04:181][307]LogPlayLevel: Creating play world package: /Game/StarterContent/Maps/UEDPIE_0_prototypeprototype
[2015.09.12-07.59.04:185][307]LogPlayLevel: PIE: StaticDuplicateObject took: (0.004640s)
[2015.09.12-07.59.04:186][307]LogAIModule: Creating AISystem for world prototypeprototype
[2015.09.12-07.59.04:187][307]LogPlayLevel: PIE: World Init took: (0.001715s)
[2015.09.12-07.59.04:187][307]LogPlayLevel: PIE: Created PIE world by copying editor world from /Game/StarterContent/Maps/prototypeprototype.prototypeprototype to /Game/StarterContent/Maps/UEDPIE_0_prototypeprototype.prototypeprototype (0.006569s)
[2015.09.12-07.59.04:224][307]LogInit: XAudio2 using 'Speakers (Realtek High Definition Audio)' : 2 channels at 48 kHz using 32 bits per sample (channel mask 0x3)
[2015.09.12-07.59.04:237][307]LogInit: FAudioDevice initialized.
[2015.09.12-07.59.04:272][307]LogWorld: Game class is 'GameMode'
[2015.09.12-07.59.04:306][307]LogWorld: Bringing World /Game/StarterContent/Maps/UEDPIE_0_prototypeprototype.prototypeprototype up for play (max tick rate 0) at 2015.09.12-03.59.04
[2015.09.12-07.59.04:306][307]LogActor:Warning: GameSession /Game/StarterContent/Maps/UEDPIE_0_prototypeprototype.prototypeprototype:PersistentLevel.GameSession_1 has natively added scene component(s), but none of them were set as the actor's RootComponent - picking one arbitrarily
[2015.09.12-07.59.04:307][307]LogActor:Warning: GameNetworkManager /Game/StarterContent/Maps/UEDPIE_0_prototypeprototype.prototypeprototype:PersistentLevel.GameNetworkManager_1 has natively added scene component(s), but none of them were set as the actor's RootComponent - picking one arbitrarily
[2015.09.12-07.59.04:309][307]LogWorld: Bringing up level for play took: 0.033478
[2015.09.12-07.59.04:315][307]PIE: Info Play in editor start time for /Game/StarterContent/Maps/UEDPIE_0_prototypeprototype 1.009
[2015.09.12-07.59.12:785][306]LogParticles: Destroying 0 GPU particle simulations for FXSystem 0x0000000023A85E40
[2015.09.12-07.59.35:163][955]LogD3D11RHI: InitD3DDevice
[2015.09.12-07.59.35:391][955]LogSavePackage: Save=55.734768ms
[2015.09.12-07.59.35:391][955]LogSavePackage: Moving '../../../../../../Users/Kido/Documents/Unreal Projects/MyProject/Saved/prototypeprototype6600F40C44F5FAE8D9F2EE976545E43E.tmp' to '../../../../../../Users/Kido/Documents/Unreal Projects/MyProject/Content/StarterContent/Maps/prototypeprototype.umap'
[2015.09.12-07.59.35:424][955]LogFileHelpers: Saving map 'prototypeprototype' took 0.243
[2015.09.12-07.59.36:272][  2]Cmd: QUIT_EDITOR
[2015.09.12-07.59.36:549][  2]LogExit: Preparing to exit.
[2015.09.12-07.59.36:826][  2]LogExit: Editor shut down
[2015.09.12-07.59.36:827][  2]LogExit: Transaction tracking system shut down
[2015.09.12-07.59.36:828][  2]LogParticles: Destroying 0 GPU particle simulations for FXSystem 0x000000001B5642C0
[2015.09.12-07.59.36:829][  2]LogParticles: Destroying 0 GPU particle simulations for FXSystem 0x000000000E81D940
[2015.09.12-07.59.36:829][  2]LogParticles: Destroying 0 GPU particle simulations for FXSystem 0x000000001F075D00
[2015.09.12-07.59.36:998][  2]LogParticles: Destroying 0 GPU particle simulations for FXSystem 0x000000000E424360
[2015.09.12-07.59.36:998][  2]LogExit: Object subsystem successfully closed.
[2015.09.12-07.59.37:013][  2]LogD3D11RHI: Shutdown
[2015.09.12-07.59.37:013][  2]LogD3D11RHI: CleanupD3DDevice
[2015.09.12-07.59.37:069][  2]LogD3D11RHI: ~FD3D11DynamicRHI
[2015.09.12-07.59.37:121][  2]LogModuleManager: Shutting down and abandoning module CrashTracker (188)
[2015.09.12-07.59.37:121][  2]LogModuleManager: Shutting down and abandoning module SceneOutliner (187)
[2015.09.12-07.59.37:121][  2]LogModuleManager: Shutting down and abandoning module SuperSearch (186)
[2015.09.12-07.59.37:121][  2]LogModuleManager: Shutting down and abandoning module WidgetCarousel (185)
[2015.09.12-07.59.37:121][  2]LogModuleManager: Shutting down and abandoning module AddContentDialog (184)
[2015.09.12-07.59.37:141][  2]LogModuleManager: Shutting down and abandoning module EditorWidgets (183)
[2015.09.12-07.59.37:141][  2]LogModuleManager: Shutting down and abandoning module CollectionManager (182)
[2015.09.12-07.59.37:141][  2]LogModuleManager: Shutting down and abandoning module StatsViewer (181)
[2015.09.12-07.59.37:141][  2]LogModuleManager: Shutting down and abandoning module FoliageEdit (180)
[2015.09.12-07.59.37:141][  2]LogModuleManager: Shutting down and abandoning module LandscapeEditor (179)
[2015.09.12-07.59.37:141][  2]LogModuleManager: Shutting down and abandoning module ActorPickerMode (178)
[2015.09.12-07.59.37:141][  2]LogModuleManager: Shutting down and abandoning module GeometryMode (177)
[2015.09.12-07.59.37:141][  2]LogModuleManager: Shutting down and abandoning module TextureAlignMode (176)
[2015.09.12-07.59.37:141][  2]LogModuleManager: Shutting down and abandoning module BspMode (175)
[2015.09.12-07.59.37:141][  2]LogModuleManager: Shutting down and abandoning module PlacementMode (174)
[2015.09.12-07.59.37:141][  2]LogModuleManager: Shutting down and abandoning module AutomationWorker (173)
[2015.09.12-07.59.37:141][  2]LogModuleManager: Shutting down and abandoning module CharacterAI (172)
[2015.09.12-07.59.37:141][  2]LogModuleManager: Shutting down and abandoning module SmartSnapping (171)
[2015.09.12-07.59.37:141][  2]LogModuleManager: Shutting down and abandoning module ViewportSnapping (170)
[2015.09.12-07.59.37:141][  2]LogModuleManager: Shutting down and abandoning module LogVisualizer (169)
[2015.09.12-07.59.37:142][  2]LogModuleManager: Shutting down and abandoning module GameProjectGeneration (168)
[2015.09.12-07.59.37:142][  2]LogModuleManager: Shutting down and abandoning module IntroTutorials (167)
[2015.09.12-07.59.37:142][  2]LogModuleManager: Shutting down and abandoning module EditorLiveStreaming (166)
[2015.09.12-07.59.37:142][  2]LogModuleManager: Shutting down and abandoning module IOSPlatformEditor (165)
[2015.09.12-07.59.37:142][  2]LogModuleManager: Shutting down and abandoning module HTML5PlatformEditor (164)
[2015.09.12-07.59.37:142][  2]LogModuleManager: Shutting down and abandoning module AndroidDeviceDetection (163)
[2015.09.12-07.59.37:237][  2]LogModuleManager: Shutting down and abandoning module AndroidPlatformEditor (162)
[2015.09.12-07.59.37:237][  2]LogModuleManager: Shutting down and abandoning module IOSRuntimeSettings (161)
[2015.09.12-07.59.37:237][  2]LogModuleManager: Shutting down and abandoning module AndroidRuntimeSettings (160)
[2015.09.12-07.59.37:237][  2]LogModuleManager: Shutting down and abandoning module MergeActors (159)
[2015.09.12-07.59.37:237][  2]LogModuleManager: Shutting down and abandoning module SizeMap (158)
[2015.09.12-07.59.37:237][  2]LogModuleManager: Shutting down and abandoning module TreeMap (157)
[2015.09.12-07.59.37:237][  2]LogModuleManager: Shutting down and abandoning module ReferenceViewer (156)
[2015.09.12-07.59.37:237][  2]LogModuleManager: Shutting down and abandoning module LocalizationDashboard (155)
[2015.09.12-07.59.37:237][  2]LogModuleManager: Shutting down and abandoning module HardwareTargeting (154)
[2015.09.12-07.59.37:237][  2]LogModuleManager: Shutting down and abandoning module DeviceProfileEditor (153)
[2015.09.12-07.59.37:237][  2]LogModuleManager: Shutting down and abandoning module UndoHistory (152)
[2015.09.12-07.59.37:237][  2]LogModuleManager: Shutting down and abandoning module GameplayTagsEditor (151)
[2015.09.12-07.59.37:237][  2]LogModuleManager: Shutting down and abandoning module UserFeedback (150)
[2015.09.12-07.59.37:237][  2]LogModuleManager: Shutting down and abandoning module XmlParser (149)
[2015.09.12-07.59.37:237][  2]LogModuleManager: Shutting down and abandoning module Blutility (148)
[2015.09.12-07.59.37:237][  2]LogModuleManager: Shutting down and abandoning module ProjectTargetPlatformEditor (147)
[2015.09.12-07.59.37:237][  2]LogModuleManager: Shutting down and abandoning module ProjectSettingsViewer (146)
[2015.09.12-07.59.37:237][  2]LogModuleManager: Shutting down and abandoning module InputBindingEditor (145)
[2015.09.12-07.59.37:237][  2]LogModuleManager: Shutting down and abandoning module EditorSettingsViewer (144)
[2015.09.12-07.59.37:238][  2]LogModuleManager: Shutting down and abandoning module SettingsEditor (143)
[2015.09.12-07.59.37:238][  2]LogModuleManager: Shutting down and abandoning module ProjectLauncher (142)
[2015.09.12-07.59.37:238][  2]LogModuleManager: Shutting down and abandoning module SessionFrontend (141)
[2015.09.12-07.59.37:238][  2]LogModuleManager: Shutting down and abandoning module ProfilerClient (140)
[2015.09.12-07.59.37:238][  2]LogModuleManager: Shutting down and abandoning module TargetDeviceServices (139)
[2015.09.12-07.59.37:238][  2]LogModuleManager: Shutting down and abandoning module DeviceManager (138)
[2015.09.12-07.59.37:238][  2]LogModuleManager: Shutting down and abandoning module AutomationController (137)
[2015.09.12-07.59.37:238][  2]LogModuleManager: Shutting down and abandoning module AutomationWindow (136)
[2015.09.12-07.59.37:238][  2]LogModuleManager: Shutting down and abandoning module Layers (135)
[2015.09.12-07.59.37:238][  2]LogModuleManager: Shutting down and abandoning module ComponentVisualizers (134)
[2015.09.12-07.59.37:238][  2]LogModuleManager: Shutting down and abandoning module DetailCustomizations (133)
[2015.09.12-07.59.37:238][  2]LogModuleManager: Shutting down and abandoning module PackagesDialog (132)
[2015.09.12-07.59.37:238][  2]LogModuleManager: Shutting down and abandoning module AssetRegistry (131)
[2015.09.12-07.59.37:313][  2]LogModuleManager: Shutting down and abandoning module Persona (130)
[2015.09.12-07.59.37:313][  2]LogModuleManager: Shutting down and abandoning module Kismet (129)
[2015.09.12-07.59.37:313][  2]LogModuleManager: Shutting down and abandoning module GraphEditor (128)
[2015.09.12-07.59.37:314][  2]LogModuleManager: Shutting down and abandoning module ClassViewer (127)
[2015.09.12-07.59.37:314][  2]LogModuleManager: Shutting down and abandoning module Toolbox (126)
[2015.09.12-07.59.37:314][  2]LogModuleManager: Shutting down and abandoning module ModuleUI (125)
[2015.09.12-07.59.37:314][  2]LogModuleManager: Shutting down and abandoning module MovieSceneTools (124)
[2015.09.12-07.59.37:314][  2]LogModuleManager: Shutting down and abandoning module OutputLog (123)
[2015.09.12-07.59.37:314][  2]LogModuleManager: Shutting down and abandoning module GammaUI (122)
[2015.09.12-07.59.37:314][  2]LogModuleManager: Shutting down and abandoning module Documentation (121)
[2015.09.12-07.59.37:314][  2]LogModuleManager: Shutting down and abandoning module GameLiveStreaming (120)
[2015.09.12-07.59.37:314][  2]LogModuleManager: Shutting down and abandoning module StreamingPauseRendering (119)
[2015.09.12-07.59.37:314][  2]LogModuleManager: Shutting down and abandoning module AnalyticsET (118)
[2015.09.12-07.59.37:314][  2]LogModuleManager: Shutting down and abandoning module Analytics (117)
[2015.09.12-07.59.37:314][  2]LogModuleManager: Shutting down and abandoning module AITestSuite (116)
[2015.09.12-07.59.37:314][  2]LogModuleManager: Shutting down and abandoning module GameplayDebugger (115)
[2015.09.12-07.59.37:314][  2]LogModuleManager: Shutting down and abandoning module AIModule (114)
[2015.09.12-07.59.37:314][  2]LogModuleManager: Shutting down and abandoning module ProfilerService (113)
[2015.09.12-07.59.37:433][  2]LogModuleManager: Shutting down and abandoning module TaskGraph (112)
[2015.09.12-07.59.37:433][  2]LogModuleManager: Shutting down and abandoning module SlateRemote (111)
[2015.09.12-07.59.37:433][  2]LogModuleManager: Shutting down and abandoning module SteamVRController (110)
[2015.09.12-07.59.37:433][  2]LogModuleManager: Shutting down and abandoning module SteamVR (109)
[2015.09.12-07.59.37:433][  2]LogModuleManager: Shutting down and abandoning module ProceduralMeshComponent (108)
[2015.09.12-07.59.37:433][  2]LogModuleManager: Shutting down and abandoning module OculusRift (107)
[2015.09.12-07.59.37:433][  2]LogModuleManager: Shutting down and abandoning module LeapMotionController (106)
[2015.09.12-07.59.37:460][  2]LogModuleManager: Shutting down and abandoning module CustomMeshComponent (105)
[2015.09.12-07.59.37:460][  2]LogModuleManager: Shutting down and abandoning module CableComponent (104)
[2015.09.12-07.59.37:460][  2]LogModuleManager: Shutting down and abandoning module MessagingDebugger (103)
[2015.09.12-07.59.37:460][  2]LogModuleManager: Shutting down and abandoning module MediaPlayerEditor (102)
[2015.09.12-07.59.37:460][  2]LogModuleManager: Shutting down and abandoning module SpeedTreeImporter (101)
[2015.09.12-07.59.37:460][  2]LogModuleManager: Shutting down and abandoning module PluginBrowser (100)
[2015.09.12-07.59.37:460][  2]LogModuleManager: Shutting down and abandoning module EpicSurvey (99)
[2015.09.12-07.59.37:460][  2]LogModuleManager: Shutting down and abandoning module DesktopPlatform (98)
[2015.09.12-07.59.37:460][  2]LogModuleManager: Shutting down and abandoning module VisualStudioSourceCodeAccess (97)
[2015.09.12-07.59.37:460][  2]LogModuleManager: Shutting down and abandoning module UObjectPlugin (96)
[2015.09.12-07.59.37:460][  2]LogModuleManager: Shutting down and abandoning module SubversionSourceControl (95)
[2015.09.12-07.59.37:460][  2]LogModuleManager: Shutting down and abandoning module PerforceSourceControl (94)
[2015.09.12-07.59.37:460][  2]LogModuleManager: Shutting down and abandoning module SourceControl (93)
[2015.09.12-07.59.37:460][  2]LogModuleManager: Shutting down and abandoning module GitSourceControl (92)
[2015.09.12-07.59.37:461][  2]LogModuleManager: Shutting down and abandoning module BlankPlugin (91)
[2015.09.12-07.59.37:461][  2]LogModuleManager: Shutting down and abandoning module PaperTiledImporter (90)
[2015.09.12-07.59.37:461][  2]LogModuleManager: Shutting down and abandoning module PaperSpriteSheetImporter (89)
[2015.09.12-07.59.37:461][  2]LogModuleManager: Shutting down and abandoning module MeshPaint (88)
[2015.09.12-07.59.37:461][  2]LogModuleManager: Shutting down and abandoning module SlateReflector (87)
[2015.09.12-07.59.37:461][  2]LogModuleManager: Shutting down and abandoning module DirectoryWatcher (86)
[2015.09.12-07.59.37:461][  2]LogModuleManager: Shutting down and abandoning module HotReload (85)
[2015.09.12-07.59.37:461][  2]LogModuleManager: Shutting down and abandoning module MainFrame (84)
[2015.09.12-07.59.37:461][  2]LogModuleManager: Shutting down and abandoning module LevelEditor (83)
[2015.09.12-07.59.37:462][  2]LogModuleManager: Shutting down and abandoning module ContentBrowser (82)
[2015.09.12-07.59.37:463][  2]LogModuleManager: Shutting down and abandoning module Paper2DEditor (81)
[2015.09.12-07.59.37:463][  2]LogModuleManager: Shutting down and abandoning module UdpMessaging (80)
[2015.09.12-07.59.37:563][  2]LogModuleManager: Shutting down and abandoning module Paper2D (79)
[2015.09.12-07.59.37:563][  2]LogModuleManager: Shutting down and abandoning module WindowsMoviePlayer (78)
[2015.09.12-07.59.37:567][  2]LogModuleManager: Shutting down and abandoning module Media (77)
[2015.09.12-07.59.37:567][  2]LogModuleManager: Shutting down and abandoning module WmfMedia (76)
[2015.09.12-07.59.37:568][  2]LogModuleManager: Shutting down and abandoning module OnlineBlueprintSupport (75)
[2015.09.12-07.59.37:568][  2]LogModuleManager: Shutting down and abandoning module PropertyEditor (74)
[2015.09.12-07.59.37:568][  2]LogModuleManager: Shutting down and abandoning module BehaviorTreeEditor (73)
[2015.09.12-07.59.37:568][  2]LogModuleManager: Shutting down and abandoning module FunctionalTesting (72)
[2015.09.12-07.59.37:568][  2]LogModuleManager: Shutting down and abandoning module CollisionAnalyzer (71)
[2015.09.12-07.59.37:568][  2]LogModuleManager: Shutting down and abandoning module WorkspaceMenuStructure (70)
[2015.09.12-07.59.37:568][  2]LogModuleManager: Shutting down and abandoning module MessageLog (69)
[2015.09.12-07.59.37:568][  2]LogModuleManager: Shutting down and abandoning module Sequencer (68)
[2015.09.12-07.59.37:568][  2]LogModuleManager: Shutting down and abandoning module AssetTools (67)
[2015.09.12-07.59.37:568][  2]LogModuleManager: Shutting down and abandoning module UMGEditor (66)
[2015.09.12-07.59.37:568][  2]LogModuleManager: Shutting down and abandoning module UMG (65)
[2015.09.12-07.59.37:568][  2]LogModuleManager: Shutting down and abandoning module Slate (64)
[2015.09.12-07.59.37:568][  2]LogModuleManager: Shutting down and abandoning module EditorStyle (63)
[2015.09.12-07.59.37:573][  2]LogModuleManager: Shutting down and abandoning module SessionServices (62)
[2015.09.12-07.59.37:574][  2]LogModuleManager: Shutting down and abandoning module SourceCodeAccess (61)
[2015.09.12-07.59.37:574][  2]LogModuleManager: Shutting down and abandoning module HeadMountedDisplay (60)
[2015.09.12-07.59.37:574][  2]LogModuleManager: Shutting down and abandoning module XAudio2 (59)
[2015.09.12-07.59.37:574][  2]LogModuleManager: Shutting down and abandoning module Networking (57)
[2015.09.12-07.59.37:574][  2]LogModuleManager: Shutting down and abandoning module Core (56)
[2015.09.12-07.59.37:574][  2]LogModuleManager: Shutting down and abandoning module KismetCompiler (55)
[2015.09.12-07.59.37:574][  2]LogModuleManager: Shutting down and abandoning module PhysXFormats (54)
[2015.09.12-07.59.37:574][  2]LogModuleManager: Shutting down and abandoning module MeshUtilities (53)
[2015.09.12-07.59.37:574][  2]LogModuleManager: Shutting down and abandoning module DerivedDataCache (52)
[2015.09.12-07.59.37:601][  2]LogDerivedDataCache: Shutdown
[2015.09.12-07.59.37:601][  2]LogModuleManager: Shutting down and abandoning module ShaderFormatOpenGL (51)
[2015.09.12-07.59.37:601][  2]LogModuleManager: Shutting down and abandoning module ShaderFormatD3D (50)
[2015.09.12-07.59.37:601][  2]LogModuleManager: Shutting down and abandoning module MetalShaderFormat (49)
[2015.09.12-07.59.37:601][  2]LogModuleManager: Shutting down and abandoning module TextureFormatUncompressed (48)
[2015.09.12-07.59.37:601][  2]LogModuleManager: Shutting down and abandoning module TextureFormatPVR (47)
[2015.09.12-07.59.37:601][  2]LogModuleManager: Shutting down and abandoning module TextureFormatIntelISPCTexComp (46)
[2015.09.12-07.59.37:601][  2]LogModuleManager: Shutting down and abandoning module TextureFormatDXT (45)
[2015.09.12-07.59.37:601][  2]LogModuleManager: Shutting down and abandoning module ImageWrapper (44)
[2015.09.12-07.59.37:601][  2]LogModuleManager: Shutting down and abandoning module TextureFormatASTC (43)
[2015.09.12-07.59.37:601][  2]LogModuleManager: Shutting down and abandoning module TextureFormatAndroid (42)
[2015.09.12-07.59.37:601][  2]LogModuleManager: Shutting down and abandoning module AudioFormatOpus (41)
[2015.09.12-07.59.37:601][  2]LogModuleManager: Shutting down and abandoning module AudioFormatOgg (40)
[2015.09.12-07.59.37:601][  2]LogModuleManager: Shutting down and abandoning module AudioFormatADPCM (39)
[2015.09.12-07.59.37:601][  2]LogModuleManager: Shutting down and abandoning module LinuxTargetPlatform (38)
[2015.09.12-07.59.37:601][  2]LogModuleManager: Shutting down and abandoning module LinuxServerTargetPlatform (37)
[2015.09.12-07.59.37:601][  2]LogModuleManager: Shutting down and abandoning module LinuxNoEditorTargetPlatform (36)
[2015.09.12-07.59.37:601][  2]LogModuleManager: Shutting down and abandoning module Messaging (35)
[2015.09.12-07.59.37:601][  2]LogModuleManager: Shutting down and abandoning module IOSTargetPlatform (34)
[2015.09.12-07.59.37:601][  2]LogModuleManager: Shutting down and abandoning module HTML5TargetPlatform (33)
[2015.09.12-07.59.37:601][  2]LogModuleManager: Shutting down and abandoning module Android_PVRTCTargetPlatform (32)
[2015.09.12-07.59.37:601][  2]LogModuleManager: Shutting down and abandoning module Android_ETC2TargetPlatform (31)
[2015.09.12-07.59.37:601][  2]LogModuleManager: Shutting down and abandoning module Android_ETC1TargetPlatform (30)
[2015.09.12-07.59.37:601][  2]LogModuleManager: Shutting down and abandoning module Android_DXTTargetPlatform (29)
[2015.09.12-07.59.37:601][  2]LogModuleManager: Shutting down and abandoning module Android_ATCTargetPlatform (28)
[2015.09.12-07.59.37:601][  2]LogModuleManager: Shutting down and abandoning module Android_ASTCTargetPlatform (27)
[2015.09.12-07.59.37:601][  2]LogModuleManager: Shutting down and abandoning module AndroidTargetPlatform (26)
[2015.09.12-07.59.37:601][  2]LogModuleManager: Shutting down and abandoning module WindowsTargetPlatform (25)
[2015.09.12-07.59.37:601][  2]LogModuleManager: Shutting down and abandoning module WindowsServerTargetPlatform (24)
[2015.09.12-07.59.37:601][  2]LogModuleManager: Shutting down and abandoning module WindowsNoEditorTargetPlatform (23)
[2015.09.12-07.59.37:601][  2]LogModuleManager: Shutting down and abandoning module WindowsClientTargetPlatform (22)
[2015.09.12-07.59.37:601][  2]LogModuleManager: Shutting down and abandoning module DesktopTargetPlatform (21)
[2015.09.12-07.59.37:601][  2]LogModuleManager: Shutting down and abandoning module TargetPlatform (20)
[2015.09.12-07.59.37:601][  2]LogModuleManager: Shutting down and abandoning module InputCore (19)
[2015.09.12-07.59.37:601][  2]LogModuleManager: Shutting down and abandoning module Settings (18)
[2015.09.12-07.59.37:601][  2]LogModuleManager: Shutting down and abandoning module OnlineSubsystem (16)
[2015.09.12-07.59.37:601][  2]LogModuleManager: Shutting down and abandoning module HTTP (15)
[2015.09.12-07.59.37:601][  2]LogModuleManager: Shutting down and abandoning module ExampleDeviceProfileSelector (14)
[2015.09.12-07.59.37:602][  2]LogModuleManager: Shutting down and abandoning module TextureCompressor (13)
[2015.09.12-07.59.37:602][  2]LogModuleManager: Shutting down and abandoning module ShaderCore (12)
[2015.09.12-07.59.37:602][  2]LogModuleManager: Shutting down and abandoning module Landscape (11)
[2015.09.12-07.59.37:602][  2]LogModuleManager: Shutting down and abandoning module SlateRHIRenderer (10)
[2015.09.12-07.59.37:606][  2]LogModuleManager: Shutting down and abandoning module OpenGLDrv (9)
[2015.09.12-07.59.37:607][  2]LogModuleManager: Shutting down and abandoning module D3D11RHI (8)
[2015.09.12-07.59.37:607][  2]LogModuleManager: Shutting down and abandoning module Renderer (7)
[2015.09.12-07.59.37:607][  2]LogModuleManager: Shutting down and abandoning module Engine (6)
[2015.09.12-07.59.37:607][  2]LogModuleManager: Shutting down and abandoning module CoreUObject (5)
[2015.09.12-07.59.37:607][  2]LogModuleManager: Shutting down and abandoning module NetworkFile (4)
[2015.09.12-07.59.37:607][  2]LogModuleManager: Shutting down and abandoning module StreamingFile (3)
[2015.09.12-07.59.37:607][  2]LogModuleManager: Shutting down and abandoning module SandboxFile (2)
[2015.09.12-07.59.37:607][  2]LogModuleManager: Shutting down and abandoning module PakFile (1)
[2015.09.12-07.59.37:607][  2]LogExit: Exiting.
[2015.09.12-07.59.37:623][  2]Log file closed, 09/12/15 03:59:37
