[2015.12.14-09.03.21:602][  0]Log file open, 12/14/15 04:03:21
[2015.12.14-09.03.21:602][  0]LogInit:Display: Running engine for game: MyProject
[2015.12.14-09.03.21:602][  0]LogInit:Display: RandInit(-1855072858) SRandInit(-1855072858).
[2015.12.14-09.03.21:602][  0]LogTaskGraph: Started task graph with 4 named threads and 7 total threads.
[2015.12.14-09.03.21:602][  0]LogStats: Stats thread started
[2015.12.14-09.03.21:602][  0]LogInit: Version: 4.8.3-2634408+++depot+UE4-Releases+4.8
[2015.12.14-09.03.21:602][  0]LogInit: API Version: 2579680
[2015.12.14-09.03.21:602][  0]LogInit: Compiled (64-bit): Jul 27 2015 16:24:33
[2015.12.14-09.03.21:602][  0]LogInit: Compiled with Visual C++: 18.00.21005.01
[2015.12.14-09.03.21:602][  0]LogInit: Build Configuration: Development
[2015.12.14-09.03.21:602][  0]LogInit: Branch Name: ++depot+UE4-Releases+4.8
[2015.12.14-09.03.21:602][  0]LogInit: Command line: 
[2015.12.14-09.03.21:602][  0]LogInit: Base directory: C:/Program Files/Epic Games/4.8/Engine/Binaries/Win64/
[2015.12.14-09.03.21:602][  0]LogInit: Rocket: 1
[2015.12.14-09.03.21:621][  0]LogInit: Using libcurl 7.41.0
[2015.12.14-09.03.21:621][  0]LogInit:  - built for x86_64-pc-win32
[2015.12.14-09.03.21:621][  0]LogInit:  - supports SSL with WinSSL
[2015.12.14-09.03.21:621][  0]LogInit:  - other features:
[2015.12.14-09.03.21:621][  0]LogInit:      CURL_VERSION_SSL
[2015.12.14-09.03.21:621][  0]LogInit:      CURL_VERSION_IPV6
[2015.12.14-09.03.21:621][  0]LogInit:      CURL_VERSION_ASYNCHDNS
[2015.12.14-09.03.21:621][  0]LogInit:      CURL_VERSION_LARGEFILE
[2015.12.14-09.03.21:621][  0]LogInit:      CURL_VERSION_IDN
[2015.12.14-09.03.21:621][  0]LogInit:  CurlRequestOptions (configurable via config and command line):
[2015.12.14-09.03.21:621][  0]LogInit:  - bVerifyPeer = true  - Libcurl will verify peer certificate
[2015.12.14-09.03.21:621][  0]LogInit:  - bUseHttpProxy = false  - Libcurl will NOT use HTTP proxy
[2015.12.14-09.03.21:621][  0]LogInit:  - bDontReuseConnections = false  - Libcurl will reuse connections
[2015.12.14-09.03.21:621][  0]LogInit:  - CertBundlePath = nullptr  - Libcurl will use whatever was configured at build time.
[2015.12.14-09.03.21:637][  0]LogOnline:Warning: No default platform service specified for OnlineSubsystem
[2015.12.14-09.03.21:656][  0]LogInit: Presizing for 0 objects not considered by GC, pre-allocating 0 bytes.
[2015.12.14-09.03.21:667][  0]LogInit: Object subsystem initialized
[2015.12.14-09.03.21:668][  0]LogConsoleResponse:Warning: Skipping Unknown console variable: 'TranslucentSortAxis = (X=0.000000,Y=-1.000000,Z=0.000000)'
[2015.12.14-09.03.21:668][  0]LogConsoleResponse:Warning:   Found in ini file 'C:/Users/Christopher/Documents/GitHub/The-Curators/AlexPrototype/Saved/Config/Windows/Engine.ini', in section '[/Script/Engine.RendererSettings]'
[2015.12.14-09.03.21:668][  0]LogConsoleResponse:Warning: Skipping Unknown console variable: 'UIScaleRule = ShortestSide'
[2015.12.14-09.03.21:668][  0]LogConsoleResponse:Warning:   Found in ini file 'C:/Users/Christopher/Documents/GitHub/The-Curators/AlexPrototype/Saved/Config/Windows/Engine.ini', in section '[/Script/Engine.RendererSettings]'
[2015.12.14-09.03.21:669][  0]LogConsoleResponse:Warning: Skipping Unknown console variable: 'UIScaleCurve = (EditorCurveData=(Keys=),ExternalCurve=None)'
[2015.12.14-09.03.21:669][  0]LogConsoleResponse:Warning:   Found in ini file 'C:/Users/Christopher/Documents/GitHub/The-Curators/AlexPrototype/Saved/Config/Windows/Engine.ini', in section '[/Script/Engine.RendererSettings]'
[2015.12.14-09.03.21:669][  0]LogInit: Selected Device Profile: [Windows]
[2015.12.14-09.03.21:669][  0]LogInit: Applying CVar settings loaded from the selected device profile: [Windows]
[2015.12.14-09.03.21:686][  0]LogInit: Computer: CHRISTOPHER-S70
[2015.12.14-09.03.21:686][  0]LogInit: User: Christopher
[2015.12.14-09.03.21:686][  0]LogInit: CPU Page size=4096, Cores=4
[2015.12.14-09.03.21:686][  0]LogInit: High frequency timer resolution =2.435779 MHz
[2015.12.14-09.03.21:686][  0]LogMemory: Memory total: Physical=11.9GB (12GB approx)
[2015.12.14-09.03.21:686][  0]LogMemory: Platform Memory Stats for Windows
[2015.12.14-09.03.21:686][  0]LogMemory: Process Physical Memory: 50.66 MB used, 50.66 MB peak
[2015.12.14-09.03.21:686][  0]LogMemory: Process Virtual Memory: 24.57 MB used, 24.57 MB peak
[2015.12.14-09.03.21:686][  0]LogMemory: Physical Memory: 3534.05 MB used, 12200.09 MB total
[2015.12.14-09.03.21:687][  0]LogMemory: Virtual Memory: 316.88 MB used, 134217728.00 MB total
[2015.12.14-09.03.21:719][  0]LogTextLocalizationManager: The requested culture ('en_US') has no localization data; parent culture's ('en') localization data will be used.
[2015.12.14-09.03.21:981][  0]LogTextLocalizationManager:Warning: Loaded localization resources contain conflicting entries for (Namespace:ContentBrowser, Key:ImportAssetToolTip):
Localization Resource: (C:/Program Files/Epic Games/4.8/Engine/Content/Localization/Editor/en/Editor.locres) Source String Hash: (-630476809) Localized String: (Import to {0}...)
Localization Resource: (C:/Program Files/Epic Games/4.8/Engine/Content/Localization/Editor/en/Editor.locres) Source String Hash: (1271782899) Localized String: (Imports an asset from file to this folder.)
[2015.12.14-09.03.22:530][  0]LogD3D11RHI: Found D3D11 adapter 0: Intel(R) HD Graphics 4600 (Feature Level 11_0)
[2015.12.14-09.03.22:530][  0]LogD3D11RHI: Adapter has 112MB of dedicated video memory, 0MB of dedicated system memory, and 6100MB of shared system memory, 1 output[s]
[2015.12.14-09.03.23:024][  0]LogD3D11RHI: Found D3D11 adapter 1: AMD Radeon R9 M200X Series (Feature Level 11_0)
[2015.12.14-09.03.23:024][  0]LogD3D11RHI: Adapter has 2030MB of dedicated video memory, 0MB of dedicated system memory, and 6100MB of shared system memory, 0 output[s]
[2015.12.14-09.03.23:026][  0]LogD3D11RHI: Found D3D11 adapter 2: Microsoft Basic Render Driver (Feature Level 11_0)
[2015.12.14-09.03.23:026][  0]LogD3D11RHI: Adapter has 0MB of dedicated video memory, 0MB of dedicated system memory, and 6100MB of shared system memory, 0 output[s]
[2015.12.14-09.03.23:026][  0]LogD3D11RHI: Chosen D3D11 Adapter Id = 0
[2015.12.14-09.03.23:030][  0]LogD3D11RHI: InitD3DDevice
[2015.12.14-09.03.23:030][  0]LogD3D11RHI: !Direct3DDevice
[2015.12.14-09.03.23:030][  0]LogRHI: Texture pool is 1361 MB (70% of 1945 MB)
[2015.12.14-09.03.23:035][  0]LogD3D11RHI: Async texture creation enabled
[2015.12.14-09.03.23:039][  0]LogShaderCompilers:Display: Using Local Shader Compiler.
[2015.12.14-09.03.23:895][  0]LogTemp:Display: Loaded TP DesktopTargetPlatform
[2015.12.14-09.03.23:913][  0]LogTemp:Display: Loaded TP WindowsClientTargetPlatform
[2015.12.14-09.03.23:931][  0]LogTemp:Display: Loaded TP WindowsNoEditorTargetPlatform
[2015.12.14-09.03.23:949][  0]LogTemp:Display: Loaded TP WindowsServerTargetPlatform
[2015.12.14-09.03.23:971][  0]LogTemp:Display: Loaded TP WindowsTargetPlatform
[2015.12.14-09.03.23:992][  0]LogTemp:Display: Loaded TP AndroidTargetPlatform
[2015.12.14-09.03.24:008][  0]LogTemp:Display: Loaded TP Android_ASTCTargetPlatform
[2015.12.14-09.03.24:024][  0]LogTemp:Display: Loaded TP Android_ATCTargetPlatform
[2015.12.14-09.03.24:039][  0]LogTemp:Display: Loaded TP Android_DXTTargetPlatform
[2015.12.14-09.03.24:056][  0]LogTemp:Display: Loaded TP Android_ETC1TargetPlatform
[2015.12.14-09.03.24:076][  0]LogTemp:Display: Loaded TP Android_ETC2TargetPlatform
[2015.12.14-09.03.24:096][  0]LogTemp:Display: Loaded TP Android_PVRTCTargetPlatform
[2015.12.14-09.03.24:154][  0]LogTemp:Display: Loaded TP IOSTargetPlatform
[2015.12.14-09.03.24:174][  0]LogTemp:Display: Loaded TP LinuxNoEditorTargetPlatform
[2015.12.14-09.03.24:199][  0]LogTemp:Display: Loaded TP LinuxServerTargetPlatform
[2015.12.14-09.03.24:216][  0]LogTemp:Display: Loaded TP LinuxTargetPlatform
[2015.12.14-09.03.24:216][  0]LogTargetPlatformManager:Display: Building Assets For Windows
[2015.12.14-09.03.24:505][  0]LogDerivedDataCache:Display: Max Cache Size: 512 MB
[2015.12.14-09.03.24:578][  0]LogDerivedDataCache: Loaded boot cache 0.07s 53MB C:/Users/Christopher/AppData/Local/UnrealEngine/4.8/DerivedDataCache/Boot.ddc.
[2015.12.14-09.03.24:578][  0]LogDerivedDataCache:Display: Loaded Boot cache: C:/Users/Christopher/AppData/Local/UnrealEngine/4.8/DerivedDataCache/Boot.ddc
[2015.12.14-09.03.24:578][  0]LogDerivedDataCache: FDerivedDataBackendGraph:  Pak pak cache file ../../../../../../Users/Christopher/Documents/GitHub/The-Curators/AlexPrototype/DerivedDataCache/DDC.ddp not found, will not use a pak cache.
[2015.12.14-09.03.24:578][  0]LogDerivedDataCache: Unable to find inner node Pak for hierarchical cache Hierarchy.
[2015.12.14-09.03.24:578][  0]LogDerivedDataCache: FDerivedDataBackendGraph:  CompressedPak pak cache file ../../../../../../Users/Christopher/Documents/GitHub/The-Curators/AlexPrototype/DerivedDataCache/Compressed.ddp not found, will not use a pak cache.
[2015.12.14-09.03.24:578][  0]LogDerivedDataCache: Unable to find inner node CompressedPak for hierarchical cache Hierarchy.
[2015.12.14-09.03.24:747][  0]LogDerivedDataCache:Display: Pak cache opened for reading ../../../Engine/DerivedDataCache/Compressed.ddp.
[2015.12.14-09.03.24:759][  0]LogDerivedDataCache: Using Local data cache path C:/Users/Christopher/AppData/Local/UnrealEngine/Common/DerivedDataCache: Writable
[2015.12.14-09.03.25:025][  0]LogInit: Selected Device Profile: [Windows]
[2015.12.14-09.03.25:126][  0]ImportText (ComponentSweepMultiTests): Missing closing parenthesis: (RootShapeAsset="/Engine/BasicShapes/Cube.Cube",ShapeType="TriggerCapsule",HitResult=(Time=0.50,Location=(X=-100.000015,Y=0.0,Z=100.000015),ImpactPoint=(X=-50.0,Y=0.0,Z=50.0),Normal=(X=-1.0,Y=-0.0,Z=0.0),ImpactNormal=(X=0.0,Y=0.0,Z=1.0),TraceStart=(X=-200.0,Y=0.0,Z=200.0),TraceEnd=(X=0.0,Y=0.0,Z=0.0))
[2015.12.14-09.03.25:127][  0]ImportText (LineTraceSingleByChannelTests): Missing closing parenthesis: (RootShapeAsset="/Engine/BasicShapes/Cube.Cube",HitResult=(Time=0.50,Location=(X=-100.000015,Y=0.0,Z=100.000015),ImpactPoint=(X=-50.0,Y=0.0,Z=50.0),Normal=(X=-1.0,Y=-0.0,Z=0.0),ImpactNormal=(X=0.0,Y=0.0,Z=1.0),TraceStart=(X=-200.0,Y=0.0,Z=200.0),TraceEnd=(X=0.0,Y=0.0,Z=0.0))
[2015.12.14-09.03.25:162][  0]LogMeshUtilities: No automatic mesh reduction module available
[2015.12.14-09.03.25:162][  0]LogMeshUtilities: No automatic mesh merging module available
[2015.12.14-09.03.25:579][  0]LogInit: WinSock: version 1.1 (2.2), MaxSocks=32767, MaxUdp=65467
[2015.12.14-09.03.26:701][  0]UdpMessaging: Initializing bridge on interface 0.0.0.0:0 to multicast group 230.0.0.1:6666.
[2015.12.14-09.03.27:120][  0]SourceControl: Info Source control is disabled
[2015.12.14-09.03.27:129][  0]SourceControl: Info Source control is disabled
[2015.12.14-09.03.27:142][  0]SourceControl: Info Source control is disabled
[2015.12.14-09.03.27:154][  0]SourceControl: Info Source control is disabled
[2015.12.14-09.03.27:446][  0]LogObj: 26273 objects as part of root set at end of initial load.
[2015.12.14-09.03.27:446][  0]LogUObjectAllocator: 5409248 out of 0 bytes used by permanent object pool.
[2015.12.14-09.03.27:533][  0]LogEngine: Initializing Engine...
[2015.12.14-09.03.27:536][  0]LogHMD: Can't find Oculus library dev build: is proper Runtime installed? Version: 0.6.0.0
[2015.12.14-09.03.27:537][  0]LogHMD:Warning: SteamVR failed to initialize.  Error: 110
[2015.12.14-09.03.27:733][  0]LogAIModule: Creating AISystem for world NewWorld
[2015.12.14-09.03.27:738][  0]LogInit: XAudio2 using 'Speakers (Realtek High Definition Audio)' : 2 channels at 48 kHz using 32 bits per sample (channel mask 0x3)
[2015.12.14-09.03.27:748][  0]LogInit: FAudioDevice initialized.
[2015.12.14-09.03.27:798][  0]LogDerivedDataCache: Saved boot cache 0.05s 53MB C:/Users/Christopher/AppData/Local/UnrealEngine/4.8/DerivedDataCache/Boot.ddc.
[2015.12.14-09.03.27:807][  0]LogInit: Texture streaming: Disabled
[2015.12.14-09.03.27:839][  0]LogAnalytics: Creating configured Analytics provider AnalyticsET
[2015.12.14-09.03.27:839][  0]LogAnalytics: [UEEditor.Rocket.Release] APIServer = http://et2.epicgames.com/ET2/. AppVersion = 4.8.3-2634408+++depot+UE4-Releases+4.8
[2015.12.14-09.03.27:839][  0]LogAnalytics: [UEEditor.Rocket.Release] SetUserId ee8c485444fe82b8e773c5ac08d91953|2c1976e1aa9b48b0b119ac4e9eb64ec6|e685999b-cf46-4ff8-9f2e-f2a1072524f0
[2015.12.14-09.03.27:839][  0]LogAnalytics: [UEEditor.Rocket.Release] AnalyticsET::StartSession
[2015.12.14-09.03.27:884][  0]LogInit: Transaction tracking system initialized
[2015.12.14-09.03.28:061][  0]BlueprintLog: New page: Editor Load
[2015.12.14-09.03.28:115][  0]LogAssetRegistry: FAssetRegistry took 0.0107 seconds to start up
[2015.12.14-09.03.28:116][  0]LogDirectoryWatcher:Warning: Failed to begin reading directory changes for ../../../Engine/Plugins/Experimental/CharacterAI/Content/. Error: 0
[2015.12.14-09.03.29:179][  0]LogConsoleManager:Warning: Console variable 'r.VSync' wasn't set ('GameSetting' has a lower priority than 'SystemSettingsIni')
[2015.12.14-09.03.29:180][  0]LogConsoleResponse:Display: 
[2015.12.14-09.03.29:321][  0]LogCook:Display: Done creating registry. It took  0.00s.
[2015.12.14-09.03.29:604][  0]SourceControl: Info Source control is disabled
[2015.12.14-09.03.29:604][  0]Cmd: MAP LOAD FILE="../../../../../../Users/Christopher/Documents/GitHub/The-Curators/AlexPrototype/Content/Levels/MainMenu.umap" TEMPLATE=0 SHOWPROGRESS=1 FEATURELEVEL=3
[2015.12.14-09.03.29:604][  0]LightingResults: New page: Lighting Build
[2015.12.14-09.03.29:620][  0]MapCheck: New page: Map Check
[2015.12.14-09.03.29:620][  0]LightingResults: New page: Lighting Build
[2015.12.14-09.03.29:630][  0]LogParticles: Destroying 0 GPU particle simulations for FXSystem 0x0000021E804F89A0
[2015.12.14-09.03.29:884][  0]LogWmfMedia:Error: Failed to create source object from URL for C:/Users/Justin's/Pictures/Curators/NewMenuAssets/Output/maxresdefault (1).mp4
[2015.12.14-09.03.29:901][  0]LogAIModule: Creating AISystem for world MainMenu
[2015.12.14-09.03.29:907][  0]LogEditorServer: Finished looking for orphan Actors (0.000 secs)
[2015.12.14-09.03.29:913][  0]Cmd: MAP CHECKDEP NOCLEARLOG
[2015.12.14-09.03.29:958][  0]MapCheck: Info Map check complete: 0 Error(s), 0 Warning(s), took 44.787ms to complete.
[2015.12.14-09.03.29:958][  0]LogFileHelpers: Loading map 'MainMenu' took 0.354
[2015.12.14-09.03.30:086][  0]LogCollectionManager: Loaded 0 collections in 0.003481 seconds
[2015.12.14-09.03.30:094][  0]LogContentBrowser: Native class hierarchy populated in 0.0078 seconds. Added 1792 classes and 301 folders.
[2015.12.14-09.03.30:148][  0]LogContentBrowser: Native class hierarchy updated for 'WidgetCarousel' in 0.0005 seconds. Added 0 classes and 0 folders.
[2015.12.14-09.03.30:196][  0]LogContentBrowser: Native class hierarchy updated for 'AddContentDialog' in 0.0004 seconds. Added 0 classes and 0 folders.
[2015.12.14-09.03.30:215][  0]LogContentBrowser: Native class hierarchy updated for 'SceneOutliner' in 0.0004 seconds. Added 1 classes and 2 folders.
[2015.12.14-09.03.30:253][  0]LogCrashTracker: Crashtracker disabled due to settings.
[2015.12.14-09.03.30:254][  0]LogD3D11RHI: InitD3DDevice
[2015.12.14-09.03.30:258][  0]LogUObjectGlobals:Warning: Failed to find object 'Class None.'
[2015.12.14-09.03.30:281][  0]LogLoad: Full Startup: 10.29 seconds (BP compile: 0.14 seconds)
[2015.12.14-09.03.30:676][  0]LogContentStreaming: Texture pool size is 0.000000MB
[2015.12.14-09.03.30:729][  0]LogContentStreaming: Texture pool size now 400 MB
[2015.12.14-09.03.31:006][  0]LogRenderer: Reallocating scene render targets to support 1008x456 (Frame:2).
[2015.12.14-09.03.40:399][ 29]LogAssetRegistry: Asset discovery search completed in 12.2944 seconds
[2015.12.14-09.03.47:722][ 51]LogD3D11RHI: InitD3DDevice
[2015.12.14-09.03.52:719][274]LogD3D11RHI: InitD3DDevice
[2015.12.14-09.03.52:773][274]LogD3D11RHI: InitD3DDevice
[2015.12.14-09.03.53:037][274]LogLinker:Warning: Asset '../../../Engine/Content/ArtTools/RenderToTexture/Macros/RenderToTextureMacros.uasset' has been saved with empty engine version. The asset will be loaded but may be incompatible.
[2015.12.14-09.03.53:104][274]LogLinker:Warning: Asset '../../../Engine/Content/ArtTools/RenderToTexture/Enums/RenderToTexture_Enum.uasset' has been saved with empty engine version. The asset will be loaded but may be incompatible.
[2015.12.14-09.04.05:723][681]LogD3D11RHI: InitD3DDevice
[2015.12.14-09.04.42:551][781]LogD3D11RHI: InitD3DDevice
[2015.12.14-09.04.49:292][ 19]LogD3D11RHI: InitD3DDevice
[2015.12.14-09.04.54:520][200]LogD3D11RHI: InitD3DDevice
[2015.12.14-09.05.06:021][575]LogD3D11RHI: InitD3DDevice
[2015.12.14-09.05.20:286][ 23]LogD3D11RHI: InitD3DDevice
[2015.12.14-09.06.02:674][156]LogD3D11RHI: InitD3DDevice
[2015.12.14-09.06.56:701][777]BlueprintLog: New page: Compile MainMenu
[2015.12.14-09.06.56:990][777]BlueprintEditorCompileResults: Info [0217.00] Compile of MainMenu successful! [in 289 ms]
[2015.12.14-09.06.58:289][815]LogD3D11RHI: InitD3DDevice
[2015.12.14-09.06.58:310][815]Cmd: OBJ SAVEPACKAGE PACKAGE="/Game/MainMenu/MainMenu" FILE="../../../../../../Users/Christopher/Documents/GitHub/The-Curators/AlexPrototype/Content/MainMenu/MainMenu.uasset" SILENT=true
[2015.12.14-09.06.58:367][815]LogSavePackage: Save=48.668209ms
[2015.12.14-09.06.58:367][815]LogSavePackage: Moving '../../../../../../Users/Christopher/Documents/GitHub/The-Curators/AlexPrototype/Saved/MainMenuB810FE51433058C0FC75A5BE97CBE951.tmp' to '../../../../../../Users/Christopher/Documents/GitHub/The-Curators/AlexPrototype/Content/MainMenu/MainMenu.uasset'
[2015.12.14-09.06.59:356][845]LogD3D11RHI: InitD3DDevice
[2015.12.14-09.06.59:396][845]Cmd: OBJ SAVEPACKAGE PACKAGE="/Game/MainMenu/MainMenu" FILE="../../../../../../Users/Christopher/Documents/GitHub/The-Curators/AlexPrototype/Content/MainMenu/MainMenu.uasset" SILENT=true
[2015.12.14-09.06.59:446][845]LogSavePackage: Save=45.151878ms
[2015.12.14-09.06.59:446][845]LogSavePackage: Moving '../../../../../../Users/Christopher/Documents/GitHub/The-Curators/AlexPrototype/Saved/MainMenu145BC8064472B985C0FD69B2DCDA9670.tmp' to '../../../../../../Users/Christopher/Documents/GitHub/The-Curators/AlexPrototype/Content/MainMenu/MainMenu.uasset'
[2015.12.14-09.06.59:850][857]LogD3D11RHI: InitD3DDevice
[2015.12.14-09.06.59:879][857]Cmd: OBJ SAVEPACKAGE PACKAGE="/Game/MainMenu/MainMenu" FILE="../../../../../../Users/Christopher/Documents/GitHub/The-Curators/AlexPrototype/Content/MainMenu/MainMenu.uasset" SILENT=true
[2015.12.14-09.06.59:927][857]LogSavePackage: Save=43.835258ms
[2015.12.14-09.06.59:927][857]LogSavePackage: Moving '../../../../../../Users/Christopher/Documents/GitHub/The-Curators/AlexPrototype/Saved/MainMenuB32419724F71341DEF3B4098ECE29413.tmp' to '../../../../../../Users/Christopher/Documents/GitHub/The-Curators/AlexPrototype/Content/MainMenu/MainMenu.uasset'
[2015.12.14-09.07.03:171][  8]LogD3D11RHI: InitD3DDevice
[2015.12.14-09.07.04:379][ 78]LogD3D11RHI: InitD3DDevice
[2015.12.14-09.07.04:432][ 78]LogParticles: Destroying 0 GPU particle simulations for FXSystem 0x0000021E893C2C00
[2015.12.14-09.07.04:587][ 78]LogSavePackage: Save=109.105545ms
[2015.12.14-09.07.04:587][ 78]LogSavePackage: Moving '../../../../../../Users/Christopher/Documents/GitHub/The-Curators/AlexPrototype/Saved/MainMenu5A9B148C42B7AE608598829173D9375A.tmp' to '../../../../../../Users/Christopher/Documents/GitHub/The-Curators/AlexPrototype/Content/Levels/MainMenu.umap'
[2015.12.14-09.07.05:350][115]LogD3D11RHI: InitD3DDevice
[2015.12.14-09.07.06:799][198]LogParticles: Destroying 0 GPU particle simulations for FXSystem 0x0000021E893C27A0
[2015.12.14-09.07.07:757][247]BlueprintLog: New page: Pre-PIE auto-recompile
[2015.12.14-09.07.07:775][247]LogPlayLevel: [PIE] Compiling MainMenu before PIE...
[2015.12.14-09.07.07:901][247]LogPlayLevel: PIE:  Blueprint regeneration took 143 ms (1 blueprints)
[2015.12.14-09.07.07:903][247]PIE: New page: SIE session: MainMenu (Dec 13, 2015, 11:07:07 PM)
[2015.12.14-09.07.07:903][247]LogPlayLevel: Creating play world package: /Game/Levels/UEDPIE_0_MainMenu
[2015.12.14-09.07.07:908][247]LogPlayLevel: PIE: StaticDuplicateObject took: (0.004637s)
[2015.12.14-09.07.07:909][247]LogAIModule: Creating AISystem for world MainMenu
[2015.12.14-09.07.07:909][247]LogPlayLevel: PIE: World Init took: (0.001360s)
[2015.12.14-09.07.07:909][247]LogPlayLevel: PIE: Created PIE world by copying editor world from /Game/Levels/MainMenu.MainMenu to /Game/Levels/UEDPIE_0_MainMenu.MainMenu (0.006198s)
[2015.12.14-09.07.07:954][247]LogInit: XAudio2 using 'Speakers (Realtek High Definition Audio)' : 2 channels at 48 kHz using 32 bits per sample (channel mask 0x3)
[2015.12.14-09.07.07:966][247]LogInit: FAudioDevice initialized.
[2015.12.14-09.07.08:042][247]LogWorld: Game class is 'GameMode'
[2015.12.14-09.07.08:045][247]LogWorld: Bringing World /Game/Levels/UEDPIE_0_MainMenu.MainMenu up for play (max tick rate 60) at 2015.12.14-04.07.08
[2015.12.14-09.07.08:045][247]LogActor:Warning: GameSession /Game/Levels/UEDPIE_0_MainMenu.MainMenu:PersistentLevel.GameSession_0 has natively added scene component(s), but none of them were set as the actor's RootComponent - picking one arbitrarily
[2015.12.14-09.07.08:046][247]LogActor:Warning: GameNetworkManager /Game/Levels/UEDPIE_0_MainMenu.MainMenu:PersistentLevel.GameNetworkManager_0 has natively added scene component(s), but none of them were set as the actor's RootComponent - picking one arbitrarily
[2015.12.14-09.07.08:047][247]LogWorld: Bringing up level for play took: 0.002151
[2015.12.14-09.07.08:047][247]LogGameMode: Warning - PATHS NOT DEFINED or NO PLAYERSTART with positive rating
[2015.12.14-09.07.08:049][247]PIE: Info Play in editor start time for /Game/Levels/UEDPIE_0_MainMenu -0.634
[2015.12.14-09.07.08:092][247]LogAudio:Warning: Detected orphaned looping sound 'MainMenuBackgroundNoiseMFixed'.
[2015.12.14-09.07.20:975][887]LogParticles: Destroying 0 GPU particle simulations for FXSystem 0x0000021E881EAAC0
[2015.12.14-09.07.29:367][358]LogD3D11RHI: InitD3DDevice
[2015.12.14-09.07.29:403][358]LogD3D11RHI: InitD3DDevice
[2015.12.14-09.10.17:108][848]BlueprintLog: New page: Pre-PIE auto-recompile
[2015.12.14-09.10.17:120][848]LogPlayLevel: [PIE] Compiling MainMenu before PIE...
[2015.12.14-09.10.17:258][848]LogPlayLevel: PIE:  Blueprint regeneration took 150 ms (1 blueprints)
[2015.12.14-09.10.17:258][848]PIE: New page: SIE session: MainMenu (Dec 13, 2015, 11:10:17 PM)
[2015.12.14-09.10.17:259][848]LogPlayLevel: Creating play world package: /Game/Levels/UEDPIE_0_MainMenu
[2015.12.14-09.10.17:264][848]LogPlayLevel: PIE: StaticDuplicateObject took: (0.004768s)
[2015.12.14-09.10.17:265][848]LogAIModule: Creating AISystem for world MainMenu
[2015.12.14-09.10.17:266][848]LogPlayLevel: PIE: World Init took: (0.001902s)
[2015.12.14-09.10.17:266][848]LogPlayLevel: PIE: Created PIE world by copying editor world from /Game/Levels/MainMenu.MainMenu to /Game/Levels/UEDPIE_0_MainMenu.MainMenu (0.007092s)
[2015.12.14-09.10.17:322][848]LogInit: XAudio2 using 'Speakers (Realtek High Definition Audio)' : 2 channels at 48 kHz using 32 bits per sample (channel mask 0x3)
[2015.12.14-09.10.17:330][848]LogInit: FAudioDevice initialized.
[2015.12.14-09.10.17:377][848]LogWorld: Game class is 'GameMode'
[2015.12.14-09.10.17:383][848]LogWorld: Bringing World /Game/Levels/UEDPIE_0_MainMenu.MainMenu up for play (max tick rate 60) at 2015.12.14-04.10.17
[2015.12.14-09.10.17:383][848]LogActor:Warning: GameSession /Game/Levels/UEDPIE_0_MainMenu.MainMenu:PersistentLevel.GameSession_1 has natively added scene component(s), but none of them were set as the actor's RootComponent - picking one arbitrarily
[2015.12.14-09.10.17:385][848]LogActor:Warning: GameNetworkManager /Game/Levels/UEDPIE_0_MainMenu.MainMenu:PersistentLevel.GameNetworkManager_1 has natively added scene component(s), but none of them were set as the actor's RootComponent - picking one arbitrarily
[2015.12.14-09.10.17:385][848]LogWorld: Bringing up level for play took: 0.004364
[2015.12.14-09.10.17:387][848]LogGameMode: Warning - PATHS NOT DEFINED or NO PLAYERSTART with positive rating
[2015.12.14-09.10.17:389][848]PIE: Info Play in editor start time for /Game/Levels/UEDPIE_0_MainMenu 0.706
[2015.12.14-09.10.17:394][848]LogAudio:Warning: Detected orphaned looping sound 'MainMenuBackgroundNoiseMFixed'.
[2015.12.14-09.10.20:238][952]LogParticles: Destroying 0 GPU particle simulations for FXSystem 0x0000021E92DEC4A0
[2015.12.14-09.10.37:287][629]LogEditorTransaction: Undo Move Nodes
[2015.12.14-09.10.37:337][629]LogD3D11RHI: InitD3DDevice
[2015.12.14-09.12.55:844][237]LogD3D11RHI: InitD3DDevice
[2015.12.14-09.13.09:891][786]LogD3D11RHI: InitD3DDevice
[2015.12.14-09.13.21:441][249]LogEditorTransaction: Undo Move Node
[2015.12.14-09.13.21:491][249]LogD3D11RHI: InitD3DDevice
[2015.12.14-09.13.22:634][288]LogEditorTransaction: Undo Paste clipboard contents
[2015.12.14-09.13.22:643][288]LogBlueprint:Warning: Loaded invalid component bound event in node /Engine/Transient.EdGraph_86:K2Node_ComponentBoundEvent_24.
[2015.12.14-09.13.22:643][288]LogBlueprint:Warning: Loaded invalid component bound event in node /Engine/Transient.EdGraph_86:K2Node_ComponentBoundEvent_361.
[2015.12.14-09.13.22:643][288]LogBlueprint:Warning: Loaded invalid component bound event in node /Engine/Transient.EdGraph_86:K2Node_ComponentBoundEvent_353.
[2015.12.14-09.13.22:643][288]LogBlueprint:Warning: Loaded invalid component bound event in node /Engine/Transient.EdGraph_86:K2Node_ComponentBoundEvent_346.
[2015.12.14-09.13.22:643][288]LogBlueprint:Warning: Loaded invalid component bound event in node /Engine/Transient.EdGraph_86:K2Node_ComponentBoundEvent_322.
[2015.12.14-09.13.22:643][288]LogBlueprint:Warning: Loaded invalid component bound event in node /Engine/Transient.EdGraph_86:K2Node_ComponentBoundEvent_103.
[2015.12.14-09.13.22:643][288]LogBlueprint:Warning: Loaded invalid component bound event in node /Engine/Transient.EdGraph_86:K2Node_ComponentBoundEvent_20.
[2015.12.14-09.13.22:643][288]LogBlueprint:Warning: Loaded invalid component bound event in node /Engine/Transient.EdGraph_86:K2Node_ComponentBoundEvent_359.
[2015.12.14-09.13.22:643][288]LogBlueprint:Warning: Loaded invalid component bound event in node /Game/MainMenu/MainMenu.MainMenu:EventGraph.K2Node_ComponentBoundEvent_24.
[2015.12.14-09.13.24:534][354]LogD3D11RHI: InitD3DDevice
[2015.12.14-09.15.17:648][911]LogEditorTransaction: Undo Add Node
[2015.12.14-09.15.17:708][911]LogD3D11RHI: InitD3DDevice
[2015.12.14-09.16.37:528][229]LogD3D11RHI: InitD3DDevice
[2015.12.14-09.17.05:662][574]LogD3D11RHI: InitD3DDevice
[2015.12.14-09.17.19:488][224]LogD3D11RHI: InitD3DDevice
[2015.12.14-09.18.00:207][137]LogD3D11RHI: InitD3DDevice
[2015.12.14-09.18.59:504][455]LogD3D11RHI: InitD3DDevice
[2015.12.14-09.19.46:045][693]LogD3D11RHI: InitD3DDevice
[2015.12.14-09.20.19:320][727]LogD3D11RHI: InitD3DDevice
[2015.12.14-09.20.19:320][727]LogD3D11RHI: bDeviceRemoved
[2015.12.14-09.20.19:320][727]LogD3D11RHI: CleanupD3DDevice
[2015.12.14-09.20.19:387][727]LogD3D11RHI:Error: D3DRHI->GetDevice()->CreateTexture2D(&StagingTextureDesc,NULL,StagingTexture.GetInitReference()) failed 
 at D:\BuildFarm\buildmachine_++depot+UE4-Releases+4.8\Engine\Source\Runtime\Windows\D3D11RHI\Private\D3D11Texture.cpp:1360 
 with error DXGI_ERROR_DEVICE_REMOVED
[2015.12.14-09.20.25:268][727]LogWindows: FPlatformMisc::RequestExit(1)
[2015.12.14-09.20.25:268][727]Log file closed, 12/14/15 04:20:25
