[2015.12.14-09.20.42:333][  0]Log file open, 12/14/15 04:20:42
[2015.12.14-09.20.42:333][  0]LogInit:Display: Running engine for game: MyProject
[2015.12.14-09.20.42:333][  0]LogInit:Display: RandInit(679841877) SRandInit(679841877).
[2015.12.14-09.20.42:333][  0]LogTaskGraph: Started task graph with 4 named threads and 7 total threads.
[2015.12.14-09.20.42:333][  0]LogStats: Stats thread started
[2015.12.14-09.20.42:333][  0]LogInit: Version: 4.8.3-2634408+++depot+UE4-Releases+4.8
[2015.12.14-09.20.42:333][  0]LogInit: API Version: 2579680
[2015.12.14-09.20.42:333][  0]LogInit: Compiled (64-bit): Jul 27 2015 16:24:33
[2015.12.14-09.20.42:333][  0]LogInit: Compiled with Visual C++: 18.00.21005.01
[2015.12.14-09.20.42:333][  0]LogInit: Build Configuration: Development
[2015.12.14-09.20.42:334][  0]LogInit: Branch Name: ++depot+UE4-Releases+4.8
[2015.12.14-09.20.42:334][  0]LogInit: Command line: 
[2015.12.14-09.20.42:334][  0]LogInit: Base directory: C:/Program Files/Epic Games/4.8/Engine/Binaries/Win64/
[2015.12.14-09.20.42:334][  0]LogInit: Rocket: 1
[2015.12.14-09.20.42:353][  0]LogInit: Using libcurl 7.41.0
[2015.12.14-09.20.42:353][  0]LogInit:  - built for x86_64-pc-win32
[2015.12.14-09.20.42:353][  0]LogInit:  - supports SSL with WinSSL
[2015.12.14-09.20.42:353][  0]LogInit:  - other features:
[2015.12.14-09.20.42:353][  0]LogInit:      CURL_VERSION_SSL
[2015.12.14-09.20.42:353][  0]LogInit:      CURL_VERSION_IPV6
[2015.12.14-09.20.42:353][  0]LogInit:      CURL_VERSION_ASYNCHDNS
[2015.12.14-09.20.42:353][  0]LogInit:      CURL_VERSION_LARGEFILE
[2015.12.14-09.20.42:353][  0]LogInit:      CURL_VERSION_IDN
[2015.12.14-09.20.42:354][  0]LogInit:  CurlRequestOptions (configurable via config and command line):
[2015.12.14-09.20.42:354][  0]LogInit:  - bVerifyPeer = true  - Libcurl will verify peer certificate
[2015.12.14-09.20.42:354][  0]LogInit:  - bUseHttpProxy = false  - Libcurl will NOT use HTTP proxy
[2015.12.14-09.20.42:354][  0]LogInit:  - bDontReuseConnections = false  - Libcurl will reuse connections
[2015.12.14-09.20.42:354][  0]LogInit:  - CertBundlePath = nullptr  - Libcurl will use whatever was configured at build time.
[2015.12.14-09.20.42:373][  0]LogOnline:Warning: No default platform service specified for OnlineSubsystem
[2015.12.14-09.20.42:398][  0]LogInit: Presizing for 0 objects not considered by GC, pre-allocating 0 bytes.
[2015.12.14-09.20.42:406][  0]LogInit: Object subsystem initialized
[2015.12.14-09.20.42:407][  0]LogConsoleResponse:Warning: Skipping Unknown console variable: 'TranslucentSortAxis = (X=0.000000,Y=-1.000000,Z=0.000000)'
[2015.12.14-09.20.42:407][  0]LogConsoleResponse:Warning:   Found in ini file 'C:/Users/Christopher/Documents/GitHub/The-Curators/AlexPrototype/Saved/Config/Windows/Engine.ini', in section '[/Script/Engine.RendererSettings]'
[2015.12.14-09.20.42:407][  0]LogConsoleResponse:Warning: Skipping Unknown console variable: 'UIScaleRule = ShortestSide'
[2015.12.14-09.20.42:407][  0]LogConsoleResponse:Warning:   Found in ini file 'C:/Users/Christopher/Documents/GitHub/The-Curators/AlexPrototype/Saved/Config/Windows/Engine.ini', in section '[/Script/Engine.RendererSettings]'
[2015.12.14-09.20.42:407][  0]LogConsoleResponse:Warning: Skipping Unknown console variable: 'UIScaleCurve = (EditorCurveData=(Keys=),ExternalCurve=None)'
[2015.12.14-09.20.42:407][  0]LogConsoleResponse:Warning:   Found in ini file 'C:/Users/Christopher/Documents/GitHub/The-Curators/AlexPrototype/Saved/Config/Windows/Engine.ini', in section '[/Script/Engine.RendererSettings]'
[2015.12.14-09.20.42:408][  0]LogInit: Selected Device Profile: [Windows]
[2015.12.14-09.20.42:408][  0]LogInit: Applying CVar settings loaded from the selected device profile: [Windows]
[2015.12.14-09.20.42:419][  0]LogInit: Computer: CHRISTOPHER-S70
[2015.12.14-09.20.42:419][  0]LogInit: User: Christopher
[2015.12.14-09.20.42:419][  0]LogInit: CPU Page size=4096, Cores=4
[2015.12.14-09.20.42:419][  0]LogInit: High frequency timer resolution =2.435779 MHz
[2015.12.14-09.20.42:419][  0]LogMemory: Memory total: Physical=11.9GB (12GB approx)
[2015.12.14-09.20.42:419][  0]LogMemory: Platform Memory Stats for Windows
[2015.12.14-09.20.42:419][  0]LogMemory: Process Physical Memory: 50.80 MB used, 50.80 MB peak
[2015.12.14-09.20.42:419][  0]LogMemory: Process Virtual Memory: 24.75 MB used, 24.75 MB peak
[2015.12.14-09.20.42:419][  0]LogMemory: Physical Memory: 3768.14 MB used, 12200.09 MB total
[2015.12.14-09.20.42:419][  0]LogMemory: Virtual Memory: 316.88 MB used, 134217728.00 MB total
[2015.12.14-09.20.42:446][  0]LogTextLocalizationManager: The requested culture ('en_US') has no localization data; parent culture's ('en') localization data will be used.
[2015.12.14-09.20.42:669][  0]LogTextLocalizationManager:Warning: Loaded localization resources contain conflicting entries for (Namespace:ContentBrowser, Key:ImportAssetToolTip):
Localization Resource: (C:/Program Files/Epic Games/4.8/Engine/Content/Localization/Editor/en/Editor.locres) Source String Hash: (-630476809) Localized String: (Import to {0}...)
Localization Resource: (C:/Program Files/Epic Games/4.8/Engine/Content/Localization/Editor/en/Editor.locres) Source String Hash: (1271782899) Localized String: (Imports an asset from file to this folder.)
[2015.12.14-09.20.43:098][  0]LogD3D11RHI: Found D3D11 adapter 0: Intel(R) HD Graphics 4600 (Feature Level 11_0)
[2015.12.14-09.20.43:098][  0]LogD3D11RHI: Adapter has 112MB of dedicated video memory, 0MB of dedicated system memory, and 6100MB of shared system memory, 1 output[s]
[2015.12.14-09.20.43:594][  0]LogD3D11RHI: Found D3D11 adapter 1: AMD Radeon R9 M200X Series (Feature Level 11_0)
[2015.12.14-09.20.43:594][  0]LogD3D11RHI: Adapter has 2030MB of dedicated video memory, 0MB of dedicated system memory, and 6100MB of shared system memory, 0 output[s]
[2015.12.14-09.20.43:596][  0]LogD3D11RHI: Found D3D11 adapter 2: Microsoft Basic Render Driver (Feature Level 11_0)
[2015.12.14-09.20.43:596][  0]LogD3D11RHI: Adapter has 0MB of dedicated video memory, 0MB of dedicated system memory, and 6100MB of shared system memory, 0 output[s]
[2015.12.14-09.20.43:596][  0]LogD3D11RHI: Chosen D3D11 Adapter Id = 0
[2015.12.14-09.20.43:601][  0]LogD3D11RHI: InitD3DDevice
[2015.12.14-09.20.43:601][  0]LogD3D11RHI: !Direct3DDevice
[2015.12.14-09.20.43:601][  0]LogRHI: Texture pool is 1361 MB (70% of 1945 MB)
[2015.12.14-09.20.43:606][  0]LogD3D11RHI: Async texture creation enabled
[2015.12.14-09.20.43:610][  0]LogShaderCompilers:Display: Using Local Shader Compiler.
[2015.12.14-09.20.44:482][  0]LogTemp:Display: Loaded TP DesktopTargetPlatform
[2015.12.14-09.20.44:501][  0]LogTemp:Display: Loaded TP WindowsClientTargetPlatform
[2015.12.14-09.20.44:520][  0]LogTemp:Display: Loaded TP WindowsNoEditorTargetPlatform
[2015.12.14-09.20.44:538][  0]LogTemp:Display: Loaded TP WindowsServerTargetPlatform
[2015.12.14-09.20.44:557][  0]LogTemp:Display: Loaded TP WindowsTargetPlatform
[2015.12.14-09.20.44:573][  0]LogTemp:Display: Loaded TP AndroidTargetPlatform
[2015.12.14-09.20.44:595][  0]LogTemp:Display: Loaded TP Android_ASTCTargetPlatform
[2015.12.14-09.20.44:612][  0]LogTemp:Display: Loaded TP Android_ATCTargetPlatform
[2015.12.14-09.20.44:627][  0]LogTemp:Display: Loaded TP Android_DXTTargetPlatform
[2015.12.14-09.20.44:642][  0]LogTemp:Display: Loaded TP Android_ETC1TargetPlatform
[2015.12.14-09.20.44:658][  0]LogTemp:Display: Loaded TP Android_ETC2TargetPlatform
[2015.12.14-09.20.44:676][  0]LogTemp:Display: Loaded TP Android_PVRTCTargetPlatform
[2015.12.14-09.20.44:740][  0]LogTemp:Display: Loaded TP IOSTargetPlatform
[2015.12.14-09.20.44:756][  0]LogTemp:Display: Loaded TP LinuxNoEditorTargetPlatform
[2015.12.14-09.20.44:773][  0]LogTemp:Display: Loaded TP LinuxServerTargetPlatform
[2015.12.14-09.20.44:797][  0]LogTemp:Display: Loaded TP LinuxTargetPlatform
[2015.12.14-09.20.44:797][  0]LogTargetPlatformManager:Display: Building Assets For Windows
[2015.12.14-09.20.45:082][  0]LogDerivedDataCache:Display: Max Cache Size: 512 MB
[2015.12.14-09.20.45:157][  0]LogDerivedDataCache: Loaded boot cache 0.07s 53MB C:/Users/Christopher/AppData/Local/UnrealEngine/4.8/DerivedDataCache/Boot.ddc.
[2015.12.14-09.20.45:158][  0]LogDerivedDataCache:Display: Loaded Boot cache: C:/Users/Christopher/AppData/Local/UnrealEngine/4.8/DerivedDataCache/Boot.ddc
[2015.12.14-09.20.45:158][  0]LogDerivedDataCache: FDerivedDataBackendGraph:  Pak pak cache file ../../../../../../Users/Christopher/Documents/GitHub/The-Curators/AlexPrototype/DerivedDataCache/DDC.ddp not found, will not use a pak cache.
[2015.12.14-09.20.45:158][  0]LogDerivedDataCache: Unable to find inner node Pak for hierarchical cache Hierarchy.
[2015.12.14-09.20.45:158][  0]LogDerivedDataCache: FDerivedDataBackendGraph:  CompressedPak pak cache file ../../../../../../Users/Christopher/Documents/GitHub/The-Curators/AlexPrototype/DerivedDataCache/Compressed.ddp not found, will not use a pak cache.
[2015.12.14-09.20.45:158][  0]LogDerivedDataCache: Unable to find inner node CompressedPak for hierarchical cache Hierarchy.
[2015.12.14-09.20.45:334][  0]LogDerivedDataCache:Display: Pak cache opened for reading ../../../Engine/DerivedDataCache/Compressed.ddp.
[2015.12.14-09.20.45:346][  0]LogDerivedDataCache: Using Local data cache path C:/Users/Christopher/AppData/Local/UnrealEngine/Common/DerivedDataCache: Writable
[2015.12.14-09.20.45:614][  0]LogInit: Selected Device Profile: [Windows]
[2015.12.14-09.20.45:719][  0]ImportText (ComponentSweepMultiTests): Missing closing parenthesis: (RootShapeAsset="/Engine/BasicShapes/Cube.Cube",ShapeType="TriggerCapsule",HitResult=(Time=0.50,Location=(X=-100.000015,Y=0.0,Z=100.000015),ImpactPoint=(X=-50.0,Y=0.0,Z=50.0),Normal=(X=-1.0,Y=-0.0,Z=0.0),ImpactNormal=(X=0.0,Y=0.0,Z=1.0),TraceStart=(X=-200.0,Y=0.0,Z=200.0),TraceEnd=(X=0.0,Y=0.0,Z=0.0))
[2015.12.14-09.20.45:720][  0]ImportText (LineTraceSingleByChannelTests): Missing closing parenthesis: (RootShapeAsset="/Engine/BasicShapes/Cube.Cube",HitResult=(Time=0.50,Location=(X=-100.000015,Y=0.0,Z=100.000015),ImpactPoint=(X=-50.0,Y=0.0,Z=50.0),Normal=(X=-1.0,Y=-0.0,Z=0.0),ImpactNormal=(X=0.0,Y=0.0,Z=1.0),TraceStart=(X=-200.0,Y=0.0,Z=200.0),TraceEnd=(X=0.0,Y=0.0,Z=0.0))
[2015.12.14-09.20.45:755][  0]LogMeshUtilities: No automatic mesh reduction module available
[2015.12.14-09.20.45:755][  0]LogMeshUtilities: No automatic mesh merging module available
[2015.12.14-09.20.46:189][  0]LogInit: WinSock: version 1.1 (2.2), MaxSocks=32767, MaxUdp=65467
[2015.12.14-09.20.47:320][  0]UdpMessaging: Initializing bridge on interface 0.0.0.0:0 to multicast group 230.0.0.1:6666.
[2015.12.14-09.20.47:752][  0]SourceControl: Info Source control is disabled
[2015.12.14-09.20.47:762][  0]SourceControl: Info Source control is disabled
[2015.12.14-09.20.47:781][  0]SourceControl: Info Source control is disabled
[2015.12.14-09.20.47:799][  0]SourceControl: Info Source control is disabled
[2015.12.14-09.20.48:096][  0]LogObj: 26273 objects as part of root set at end of initial load.
[2015.12.14-09.20.48:096][  0]LogUObjectAllocator: 5409248 out of 0 bytes used by permanent object pool.
[2015.12.14-09.20.48:180][  0]LogEngine: Initializing Engine...
[2015.12.14-09.20.48:184][  0]LogHMD: Can't find Oculus library dev build: is proper Runtime installed? Version: 0.6.0.0
[2015.12.14-09.20.48:187][  0]LogHMD:Warning: SteamVR failed to initialize.  Error: 110
[2015.12.14-09.20.48:396][  0]LogAIModule: Creating AISystem for world NewWorld
[2015.12.14-09.20.48:402][  0]LogInit: XAudio2 using 'Speakers (Realtek High Definition Audio)' : 2 channels at 48 kHz using 32 bits per sample (channel mask 0x3)
[2015.12.14-09.20.48:412][  0]LogInit: FAudioDevice initialized.
[2015.12.14-09.20.48:446][  0]LogDerivedDataCache: Saved boot cache 0.03s 53MB C:/Users/Christopher/AppData/Local/UnrealEngine/4.8/DerivedDataCache/Boot.ddc.
[2015.12.14-09.20.48:460][  0]LogInit: Texture streaming: Disabled
[2015.12.14-09.20.48:499][  0]LogAnalytics: Creating configured Analytics provider AnalyticsET
[2015.12.14-09.20.48:499][  0]LogAnalytics: [UEEditor.Rocket.Release] APIServer = http://et2.epicgames.com/ET2/. AppVersion = 4.8.3-2634408+++depot+UE4-Releases+4.8
[2015.12.14-09.20.48:499][  0]LogAnalytics: [UEEditor.Rocket.Release] SetUserId ee8c485444fe82b8e773c5ac08d91953|2c1976e1aa9b48b0b119ac4e9eb64ec6|e685999b-cf46-4ff8-9f2e-f2a1072524f0
[2015.12.14-09.20.48:500][  0]LogAnalytics: [UEEditor.Rocket.Release] AnalyticsET::StartSession
[2015.12.14-09.20.48:534][  0]LogInit: Transaction tracking system initialized
[2015.12.14-09.20.48:747][  0]BlueprintLog: New page: Editor Load
[2015.12.14-09.20.48:800][  0]LogAssetRegistry: FAssetRegistry took 0.0106 seconds to start up
[2015.12.14-09.20.48:801][  0]LogDirectoryWatcher:Warning: Failed to begin reading directory changes for ../../../Engine/Plugins/Experimental/CharacterAI/Content/. Error: 0
[2015.12.14-09.20.49:861][  0]LogConsoleManager:Warning: Console variable 'r.VSync' wasn't set ('GameSetting' has a lower priority than 'SystemSettingsIni')
[2015.12.14-09.20.49:861][  0]LogConsoleResponse:Display: 
[2015.12.14-09.20.50:017][  0]LogCook:Display: Done creating registry. It took  0.00s.
[2015.12.14-09.20.50:304][  0]SourceControl: Info Source control is disabled
[2015.12.14-09.20.50:304][  0]Cmd: MAP LOAD FILE="../../../../../../Users/Christopher/Documents/GitHub/The-Curators/AlexPrototype/Content/Levels/MainMenu.umap" TEMPLATE=0 SHOWPROGRESS=1 FEATURELEVEL=3
[2015.12.14-09.20.50:305][  0]LightingResults: New page: Lighting Build
[2015.12.14-09.20.50:322][  0]MapCheck: New page: Map Check
[2015.12.14-09.20.50:322][  0]LightingResults: New page: Lighting Build
[2015.12.14-09.20.50:335][  0]LogParticles: Destroying 0 GPU particle simulations for FXSystem 0x0000022B6F8309A0
[2015.12.14-09.20.50:603][  0]LogWmfMedia:Error: Failed to create source object from URL for C:/Users/Justin's/Pictures/Curators/NewMenuAssets/Output/maxresdefault (1).mp4
[2015.12.14-09.20.50:624][  0]LogAIModule: Creating AISystem for world MainMenu
[2015.12.14-09.20.50:629][  0]LogEditorServer: Finished looking for orphan Actors (0.000 secs)
[2015.12.14-09.20.50:636][  0]Cmd: MAP CHECKDEP NOCLEARLOG
[2015.12.14-09.20.50:690][  0]MapCheck: Info Map check complete: 0 Error(s), 0 Warning(s), took 53.566ms to complete.
[2015.12.14-09.20.50:690][  0]LogFileHelpers: Loading map 'MainMenu' took 0.385
[2015.12.14-09.20.50:826][  0]LogCollectionManager: Loaded 0 collections in 0.002711 seconds
[2015.12.14-09.20.50:834][  0]LogContentBrowser: Native class hierarchy populated in 0.0075 seconds. Added 1792 classes and 301 folders.
[2015.12.14-09.20.50:901][  0]LogContentBrowser: Native class hierarchy updated for 'WidgetCarousel' in 0.0004 seconds. Added 0 classes and 0 folders.
[2015.12.14-09.20.50:935][  0]LogContentBrowser: Native class hierarchy updated for 'AddContentDialog' in 0.0004 seconds. Added 0 classes and 0 folders.
[2015.12.14-09.20.50:956][  0]LogContentBrowser: Native class hierarchy updated for 'SceneOutliner' in 0.0006 seconds. Added 1 classes and 2 folders.
[2015.12.14-09.20.51:004][  0]LogCrashTracker: Crashtracker disabled due to settings.
[2015.12.14-09.20.51:005][  0]LogD3D11RHI: InitD3DDevice
[2015.12.14-09.20.51:008][  0]LogUObjectGlobals:Warning: Failed to find object 'Class None.'
[2015.12.14-09.20.51:030][  0]LogLoad: Full Startup: 10.35 seconds (BP compile: 0.14 seconds)
[2015.12.14-09.20.51:112][  0]LogContentStreaming: Texture pool size is 0.000000MB
[2015.12.14-09.20.51:158][  0]LogContentStreaming: Texture pool size now 400 MB
[2015.12.14-09.20.51:423][  0]LogRenderer: Reallocating scene render targets to support 1008x456 (Frame:2).
[2015.12.14-09.20.52:109][ 17]LogD3D11RHI: InitD3DDevice
[2015.12.14-09.20.52:595][ 30]LogAssetRegistry: Asset discovery search completed in 3.8046 seconds
[2015.12.14-09.20.52:700][ 32]LogD3D11RHI: InitD3DDevice
[2015.12.14-09.20.53:726][ 89]LogD3D11RHI: InitD3DDevice
[2015.12.14-09.20.53:807][ 89]LogD3D11RHI: InitD3DDevice
[2015.12.14-09.20.54:050][ 89]LogLinker:Warning: Asset '../../../Engine/Content/ArtTools/RenderToTexture/Macros/RenderToTextureMacros.uasset' has been saved with empty engine version. The asset will be loaded but may be incompatible.
[2015.12.14-09.20.54:120][ 89]LogLinker:Warning: Asset '../../../Engine/Content/ArtTools/RenderToTexture/Enums/RenderToTexture_Enum.uasset' has been saved with empty engine version. The asset will be loaded but may be incompatible.
[2015.12.14-09.21.07:554][563]LogD3D11RHI: InitD3DDevice
[2015.12.14-09.21.16:993][979]LogD3D11RHI: InitD3DDevice
[2015.12.14-09.21.46:090][198]LogEditorTransaction: Undo Move Node
[2015.12.14-09.21.46:137][198]LogD3D11RHI: InitD3DDevice
[2015.12.14-09.21.47:258][239]LogEditorTransaction: Undo Paste clipboard contents
[2015.12.14-09.21.47:266][239]LogBlueprint:Warning: Loaded invalid component bound event in node /Engine/Transient.EdGraph_30:K2Node_ComponentBoundEvent_24.
[2015.12.14-09.21.47:266][239]LogBlueprint:Warning: Loaded invalid component bound event in node /Engine/Transient.EdGraph_30:K2Node_ComponentBoundEvent_361.
[2015.12.14-09.21.47:266][239]LogBlueprint:Warning: Loaded invalid component bound event in node /Engine/Transient.EdGraph_30:K2Node_ComponentBoundEvent_353.
[2015.12.14-09.21.47:266][239]LogBlueprint:Warning: Loaded invalid component bound event in node /Engine/Transient.EdGraph_30:K2Node_ComponentBoundEvent_346.
[2015.12.14-09.21.47:266][239]LogBlueprint:Warning: Loaded invalid component bound event in node /Engine/Transient.EdGraph_30:K2Node_ComponentBoundEvent_322.
[2015.12.14-09.21.47:266][239]LogBlueprint:Warning: Loaded invalid component bound event in node /Engine/Transient.EdGraph_30:K2Node_ComponentBoundEvent_42.
[2015.12.14-09.21.47:266][239]LogBlueprint:Warning: Loaded invalid component bound event in node /Engine/Transient.EdGraph_30:K2Node_ComponentBoundEvent_20.
[2015.12.14-09.21.47:266][239]LogBlueprint:Warning: Loaded invalid component bound event in node /Engine/Transient.EdGraph_30:K2Node_ComponentBoundEvent_359.
[2015.12.14-09.21.47:266][239]LogBlueprint:Warning: Loaded invalid component bound event in node /Game/MainMenu/MainMenu.MainMenu:EventGraph.K2Node_ComponentBoundEvent_24.
[2015.12.14-09.22.54:975][926]LogD3D11RHI: InitD3DDevice
[2015.12.14-09.24.01:823][255]LogD3D11RHI: InitD3DDevice
[2015.12.14-09.24.29:346][188]LogD3D11RHI: InitD3DDevice
[2015.12.14-09.26.02:697][225]BlueprintLog: New page: Compile MainMenu
[2015.12.14-09.26.02:914][225]BlueprintEditorCompileResults: Info [0322.23] Compile of MainMenu successful! [in 216 ms]
[2015.12.14-09.26.03:941][277]LogD3D11RHI: InitD3DDevice
[2015.12.14-09.26.03:970][277]Cmd: OBJ SAVEPACKAGE PACKAGE="/Game/MainMenu/MainMenu" FILE="../../../../../../Users/Christopher/Documents/GitHub/The-Curators/AlexPrototype/Content/MainMenu/MainMenu.uasset" SILENT=true
[2015.12.14-09.26.04:025][277]LogSavePackage: Save=46.065346ms
[2015.12.14-09.26.04:025][277]LogSavePackage: Moving '../../../../../../Users/Christopher/Documents/GitHub/The-Curators/AlexPrototype/Saved/MainMenuF29AC9824AA4AF5373CBCCB0DA372172.tmp' to '../../../../../../Users/Christopher/Documents/GitHub/The-Curators/AlexPrototype/Content/MainMenu/MainMenu.uasset'
[2015.12.14-09.27.06:830][  4]LogD3D11RHI: InitD3DDevice
[2015.12.14-09.27.39:687][761]LogEditorTransaction: Undo Add New Function
[2015.12.14-09.27.39:694][761]LogBlueprint:Warning: Loaded invalid component bound event in node /Engine/Transient.EdGraph_107:K2Node_ComponentBoundEvent_361.
[2015.12.14-09.27.39:694][761]LogBlueprint:Warning: Loaded invalid component bound event in node /Engine/Transient.EdGraph_107:K2Node_ComponentBoundEvent_353.
[2015.12.14-09.27.39:694][761]LogBlueprint:Warning: Loaded invalid component bound event in node /Engine/Transient.EdGraph_107:K2Node_ComponentBoundEvent_346.
[2015.12.14-09.27.39:694][761]LogBlueprint:Warning: Loaded invalid component bound event in node /Engine/Transient.EdGraph_107:K2Node_ComponentBoundEvent_322.
[2015.12.14-09.27.39:694][761]LogBlueprint:Warning: Loaded invalid component bound event in node /Engine/Transient.EdGraph_107:K2Node_ComponentBoundEvent_24.
[2015.12.14-09.27.39:694][761]LogBlueprint:Warning: Loaded invalid component bound event in node /En