[2015.10.14-04.30.16:795][  0]Log file open, 10/14/15 00:30:16
[2015.10.14-04.30.16:795][  0]LogInit:Display: Running engine for game: MyProject
[2015.10.14-04.30.16:795][  0]LogInit:Display: RandInit(838553271) SRandInit(838553272).
[2015.10.14-04.30.16:795][  0]LogTaskGraph: Started task graph with 4 named threads and 7 total threads.
[2015.10.14-04.30.16:795][  0]LogStats: Stats thread started
[2015.10.14-04.30.16:795][  0]LogInit: Version: 4.8.3-2634408+++depot+UE4-Releases+4.8
[2015.10.14-04.30.16:795][  0]LogInit: API Version: 2579680
[2015.10.14-04.30.16:795][  0]LogInit: Compiled (64-bit): Jul 27 2015 16:24:33
[2015.10.14-04.30.16:795][  0]LogInit: Compiled with Visual C++: 18.00.21005.01
[2015.10.14-04.30.16:795][  0]LogInit: Build Configuration: Development
[2015.10.14-04.30.16:795][  0]LogInit: Branch Name: ++depot+UE4-Releases+4.8
[2015.10.14-04.30.16:795][  0]LogInit: Command line:  
[2015.10.14-04.30.16:795][  0]LogInit: Base directory: C:/Program Files/Unreal Engine/4.8/Engine/Binaries/Win64/
[2015.10.14-04.30.16:795][  0]LogInit: Rocket: 1
[2015.10.14-04.30.16:812][  0]LogInit: Using libcurl 7.41.0
[2015.10.14-04.30.16:812][  0]LogInit:  - built for x86_64-pc-win32
[2015.10.14-04.30.16:812][  0]LogInit:  - supports SSL with WinSSL
[2015.10.14-04.30.16:812][  0]LogInit:  - other features:
[2015.10.14-04.30.16:812][  0]LogInit:      CURL_VERSION_SSL
[2015.10.14-04.30.16:812][  0]LogInit:      CURL_VERSION_IPV6
[2015.10.14-04.30.16:812][  0]LogInit:      CURL_VERSION_ASYNCHDNS
[2015.10.14-04.30.16:812][  0]LogInit:      CURL_VERSION_LARGEFILE
[2015.10.14-04.30.16:812][  0]LogInit:      CURL_VERSION_IDN
[2015.10.14-04.30.16:813][  0]LogInit:  CurlRequestOptions (configurable via config and command line):
[2015.10.14-04.30.16:813][  0]LogInit:  - bVerifyPeer = true  - Libcurl will verify peer certificate
[2015.10.14-04.30.16:813][  0]LogInit:  - bUseHttpProxy = false  - Libcurl will NOT use HTTP proxy
[2015.10.14-04.30.16:813][  0]LogInit:  - bDontReuseConnections = false  - Libcurl will reuse connections
[2015.10.14-04.30.16:813][  0]LogInit:  - CertBundlePath = nullptr  - Libcurl will use whatever was configured at build time.
[2015.10.14-04.30.16:827][  0]LogOnline:Warning: No default platform service specified for OnlineSubsystem
[2015.10.14-04.30.16:844][  0]LogInit: Presizing for 0 objects not considered by GC, pre-allocating 0 bytes.
[2015.10.14-04.30.16:851][  0]LogInit: Object subsystem initialized
[2015.10.14-04.30.16:852][  0]LogConsoleResponse:Warning: Skipping Unknown console variable: 'TranslucentSortAxis = (X=0.000000,Y=-1.000000,Z=0.000000)'
[2015.10.14-04.30.16:852][  0]LogConsoleResponse:Warning:   Found in ini file 'C:/Users/Stephen Paul Mangold/Pictures/The-Curators/AlexPrototype/Saved/Config/Windows/Engine.ini', in section '[/Script/Engine.RendererSettings]'
[2015.10.14-04.30.16:852][  0]LogConsoleResponse:Warning: Skipping Unknown console variable: 'UIScaleRule = ShortestSide'
[2015.10.14-04.30.16:852][  0]LogConsoleResponse:Warning:   Found in ini file 'C:/Users/Stephen Paul Mangold/Pictures/The-Curators/AlexPrototype/Saved/Config/Windows/Engine.ini', in section '[/Script/Engine.RendererSettings]'
[2015.10.14-04.30.16:852][  0]LogConsoleResponse:Warning: Skipping Unknown console variable: 'UIScaleCurve = (EditorCurveData=(Keys=),ExternalCurve=None)'
[2015.10.14-04.30.16:852][  0]LogConsoleResponse:Warning:   Found in ini file 'C:/Users/Stephen Paul Mangold/Pictures/The-Curators/AlexPrototype/Saved/Config/Windows/Engine.ini', in section '[/Script/Engine.RendererSettings]'
[2015.10.14-04.30.16:852][  0]LogInit: Selected Device Profile: [Windows]
[2015.10.14-04.30.16:852][  0]LogInit: Applying CVar settings loaded from the selected device profile: [Windows]
[2015.10.14-04.30.16:860][  0]LogInit: Computer: STEPHENMANGOLD1
[2015.10.14-04.30.16:860][  0]LogInit: User: StephenPaulMangold
[2015.10.14-04.30.16:860][  0]LogInit: CPU Page size=4096, Cores=4
[2015.10.14-04.30.16:860][  0]LogInit: High frequency timer resolution =3.312788 MHz
[2015.10.14-04.30.16:860][  0]LogMemory: Memory total: Physical=16.0GB (16GB approx)
[2015.10.14-04.30.16:860][  0]LogMemory: Platform Memory Stats for Windows
[2015.10.14-04.30.16:860][  0]LogMemory: Process Physical Memory: 52.95 MB used, 52.95 MB peak
[2015.10.14-04.30.16:860][  0]LogMemory: Process Virtual Memory: 26.53 MB used, 28.32 MB peak
[2015.10.14-04.30.16:860][  0]LogMemory: Physical Memory: 9739.79 MB used, 16337.59 MB total
[2015.10.14-04.30.16:860][  0]LogMemory: Virtual Memory: 296.13 MB used, 134217728.00 MB total
[2015.10.14-04.30.16:929][  0]LogTextLocalizationManager: The requested culture ('en_US') has no localization data; parent culture's ('en') localization data will be used.
[2015.10.14-04.30.17:195][  0]LogTextLocalizationManager:Warning: Loaded localization resources contain conflicting entries for (Namespace:ContentBrowser, Key:ImportAssetToolTip):
Localization Resource: (C:/Program Files/Unreal Engine/4.8/Engine/Content/Localization/Editor/en/Editor.locres) Source String Hash: (-630476809) Localized String: (Import to {0}...)
Localization Resource: (C:/Program Files/Unreal Engine/4.8/Engine/Content/Localization/Editor/en/Editor.locres) Source String Hash: (1271782899) Localized String: (Imports an asset from file to this folder.)
[2015.10.14-04.30.17:742][  0]LogD3D11RHI: Found D3D11 adapter 0: AMD Radeon HD 7700 Series (Feature Level 11_0)
[2015.10.14-04.30.17:742][  0]LogD3D11RHI: Adapter has 2006MB of dedicated video memory, 0MB of dedicated system memory, and 3840MB of shared system memory, 1 output[s]
[2015.10.14-04.30.17:744][  0]LogD3D11RHI: Found D3D11 adapter 1: Microsoft Basic Render Driver (Feature Level 11_0)
[2015.10.14-04.30.17:744][  0]LogD3D11RHI: Adapter has 0MB of dedicated video memory, 0MB of dedicated system memory, and 256MB of shared system memory, 0 output[s]
[2015.10.14-04.30.17:745][  0]LogD3D11RHI: Chosen D3D11 Adapter Id = 0
[2015.10.14-04.30.17:752][  0]LogD3D11RHI: InitD3DDevice
[2015.10.14-04.30.17:752][  0]LogD3D11RHI: !Direct3DDevice
[2015.10.14-04.30.17:752][  0]LogRHI: Texture pool is 1361 MB (70% of 1945 MB)
[2015.10.14-04.30.17:764][  0]LogD3D11RHI: Async texture creation disabled: no driver support
[2015.10.14-04.30.17:775][  0]LogShaderCompilers:Display: Using Local Shader Compiler.
[2015.10.14-04.30.18:876][  0]LogTemp:Display: Loaded TP DesktopTargetPlatform
[2015.10.14-04.30.18:909][  0]LogTemp:Display: Loaded TP WindowsClientTargetPlatform
[2015.10.14-04.30.18:939][  0]LogTemp:Display: Loaded TP WindowsNoEditorTargetPlatform
[2015.10.14-04.30.18:979][  0]LogTemp:Display: Loaded TP WindowsServerTargetPlatform
[2015.10.14-04.30.19:010][  0]LogTemp:Display: Loaded TP WindowsTargetPlatform
[2015.10.14-04.30.19:026][  0]LogTemp:Display: Loaded TP AndroidTargetPlatform
[2015.10.14-04.30.19:042][  0]LogTemp:Display: Loaded TP Android_ASTCTargetPlatform
[2015.10.14-04.30.19:057][  0]LogTemp:Display: Loaded TP Android_ATCTargetPlatform
[2015.10.14-04.30.19:074][  0]LogTemp:Display: Loaded TP Android_DXTTargetPlatform
[2015.10.14-04.30.19:094][  0]LogTemp:Display: Loaded TP Android_ETC1TargetPlatform
[2015.10.14-04.30.19:112][  0]LogTemp:Display: Loaded TP Android_ETC2TargetPlatform
[2015.10.14-04.30.19:135][  0]LogTemp:Display: Loaded TP Android_PVRTCTargetPlatform
[2015.10.14-04.30.19:204][  0]LogTemp:Display: Loaded TP IOSTargetPlatform
[2015.10.14-04.30.19:219][  0]LogTemp:Display: Loaded TP LinuxNoEditorTargetPlatform
[2015.10.14-04.30.19:246][  0]LogTemp:Display: Loaded TP LinuxServerTargetPlatform
[2015.10.14-04.30.19:287][  0]LogTemp:Display: Loaded TP LinuxTargetPlatform
[2015.10.14-04.30.19:287][  0]LogTargetPlatformManager:Display: Building Assets For Windows
[2015.10.14-04.30.19:658][  0]LogDerivedDataCache:Display: Max Cache Size: 512 MB
[2015.10.14-04.30.19:724][  0]LogDerivedDataCache: Loaded boot cache 0.07s 53MB C:/Users/Stephen Paul Mangold/AppData/Local/UnrealEngine/4.8/DerivedDataCache/Boot.ddc.
[2015.10.14-04.30.19:724][  0]LogDerivedDataCache:Display: Loaded Boot cache: C:/Users/Stephen Paul Mangold/AppData/Local/UnrealEngine/4.8/DerivedDataCache/Boot.ddc
[2015.10.14-04.30.19:724][  0]LogDerivedDataCache: FDerivedDataBackendGraph:  Pak pak cache file ../../../../../../Users/Stephen Paul Mangold/Pictures/The-Curators/AlexPrototype/DerivedDataCache/DDC.ddp not found, will not use a pak cache.
[2015.10.14-04.30.19:724][  0]LogDerivedDataCache: Unable to find inner node Pak for hierarchical cache Hierarchy.
[2015.10.14-04.30.19:724][  0]LogDerivedDataCache: FDerivedDataBackendGraph:  CompressedPak pak cache file ../../../../../../Users/Stephen Paul Mangold/Pictures/The-Curators/AlexPrototype/DerivedDataCache/Compressed.ddp not found, will not use a pak cache.
[2015.10.14-04.30.19:724][  0]LogDerivedDataCache: Unable to find inner node CompressedPak for hierarchical cache Hierarchy.
[2015.10.14-04.30.19:878][  0]LogDerivedDataCache:Display: Pak cache opened for reading ../../../Engine/DerivedDataCache/Compressed.ddp.
[2015.10.14-04.30.19:890][  0]LogDerivedDataCache: Using Local data cache path C:/Users/Stephen Paul Mangold/AppData/Local/UnrealEngine/Common/DerivedDataCache: Writable
[2015.10.14-04.30.20:263][  0]LogInit: Selected Device Profile: [Windows]
[2015.10.14-04.30.20:353][  0]ImportText (ComponentSweepMultiTests): Missing closing parenthesis: (RootShapeAsset="/Engine/BasicShapes/Cube.Cube",ShapeType="TriggerCapsule",HitResult=(Time=0.50,Location=(X=-100.000015,Y=0.0,Z=100.000015),ImpactPoint=(X=-50.0,Y=0.0,Z=50.0),Normal=(X=-1.0,Y=-0.0,Z=0.0),ImpactNormal=(X=0.0,Y=0.0,Z=1.0),TraceStart=(X=-200.0,Y=0.0,Z=200.0),TraceEnd=(X=0.0,Y=0.0,Z=0.0))
[2015.10.14-04.30.20:354][  0]ImportText (LineTraceSingleByChannelTests): Missing closing parenthesis: (RootShapeAsset="/Engine/BasicShapes/Cube.Cube",HitResult=(Time=0.50,Location=(X=-100.000015,Y=0.0,Z=100.000015),ImpactPoint=(X=-50.0,Y=0.0,Z=50.0),Normal=(X=-1.0,Y=-0.0,Z=0.0),ImpactNormal=(X=0.0,Y=0.0,Z=1.0),TraceStart=(X=-200.0,Y=0.0,Z=200.0),TraceEnd=(X=0.0,Y=0.0,Z=0.0))
[2015.10.14-04.30.20:403][  0]LogMeshUtilities: No automatic mesh reduction module available
[2015.10.14-04.30.20:403][  0]LogMeshUtilities: No automatic mesh merging module available
[2015.10.14-04.30.20:861][  0]LogInit: WinSock: version 1.1 (2.2), MaxSocks=32767, MaxUdp=65467
[2015.10.14-04.30.22:525][  0]UdpMessaging: Initializing bridge on interface 0.0.0.0:0 to multicast group 230.0.0.1:6666.
[2015.10.14-04.30.23:088][  0]SourceControl: Info Source control is disabled
[2015.10.14-04.30.23:101][  0]SourceControl: Info Source control is disabled
[2015.10.14-04.30.23:115][  0]SourceControl: Info Source control is disabled
[2015.10.14-04.30.23:130][  0]SourceControl: Info Source control is disabled
[2015.10.14-04.30.23:490][  0]LogObj: 26277 objects as part of root set at end of initial load.
[2015.10.14-04.30.23:490][  0]LogUObjectAllocator: 5410024 out of 0 bytes used by permanent object pool.
[2015.10.14-04.30.23:600][  0]LogEngine: Initializing Engine...
[2015.10.14-04.30.23:613][  0]LogHMD: Can't find Oculus library dev build: is proper Runtime installed? Version: 0.6.0.0
[2015.10.14-04.30.23:626][  0]LogHMD:Warning: SteamVR failed to initialize.  Error: 108
[2015.10.14-04.30.23:880][  0]LogAIModule: Creating AISystem for world NewWorld
[2015.10.14-04.30.23:892][  0]LogInit: XAudio2 using 'Speakers (Realtek High Definition Audio)' : 8 channels at 48 kHz using 32 bits per sample (channel mask 0x63f)
[2015.10.14-04.30.23:912][  0]LogInit: FAudioDevice initialized.
[2015.10.14-04.30.23:938][  0]LogDerivedDataCache: Saved boot cache 0.03s 53MB C:/Users/Stephen Paul Mangold/AppData/Local/UnrealEngine/4.8/DerivedDataCache/Boot.ddc.
[2015.10.14-04.30.23:941][  0]LogInit: Texture streaming: Disabled
[2015.10.14-04.30.23:976][  0]LogAnalytics: Creating configured Analytics provider AnalyticsET
[2015.10.14-04.30.23:976][  0]LogAnalytics: [UEEditor.Rocket.Release] APIServer = http://et2.epicgames.com/ET2/. AppVersion = 4.8.3-2634408+++depot+UE4-Releases+4.8
[2015.10.14-04.30.23:976][  0]LogAnalytics: [UEEditor.Rocket.Release] SetUserId 670f7a51498aab90fa6f01ae8ba6e645|ae3c06c927b140e595cd14047ca553a4|817dc969-a56b-4d5a-b6d5-4cf8a1016322
[2015.10.14-04.30.23:976][  0]LogAnalytics: [UEEditor.Rocket.Release] AnalyticsET::StartSession
[2015.10.14-04.30.24:027][  0]LogInit: Transaction tracking system initialized
[2015.10.14-04.30.24:272][  0]BlueprintLog: New page: Editor Load
[2015.10.14-04.30.24:339][  0]LogAssetRegistry: FAssetRegistry took 0.0127 seconds to start up
[2015.10.14-04.30.24:340][  0]LogDirectoryWatcher:Warning: Failed to begin reading directory changes for ../../../Engine/Plugins/Experimental/CharacterAI/Content/. Error: 0
[2015.10.14-04.30.25:476][  0]LogConsoleManager:Warning: Console variable 'r.VSync' wasn't set ('GameSetting' has a lower priority than 'SystemSettingsIni')
[2015.10.14-04.30.25:476][  0]LogConsoleResponse:Display: 
[2015.10.14-04.30.25:625][  0]LogCook:Display: Done creating registry. It took  0.00s.
[2015.10.14-04.30.25:931][  0]SourceControl: Info Source control is disabled
[2015.10.14-04.30.25:931][  0]Cmd: MAP LOAD FILE="../../../../../../Users/Stephen Paul Mangold/Pictures/The-Curators/AlexPrototype/Content/StarterContent/Maps/Minimal_Default.umap" TEMPLATE=0 SHOWPROGRESS=1 FEATURELEVEL=3
[2015.10.14-04.30.25:931][  0]LightingResults: New page: Lighting Build
[2015.10.14-04.30.25:948][  0]MapCheck: New page: Map Check
[2015.10.14-04.30.25:949][  0]LightingResults: New page: Lighting Build
[2015.10.14-04.30.25:959][  0]LogParticles: Destroying 0 GPU particle simulations for FXSystem 0x00000023D4778F40
[2015.10.14-04.30.26:848][  0]LogAIModule: Creating AISystem for world Minimal_Default
[2015.10.14-04.30.26:855][  0]LogEditorServer: Finished looking for orphan Actors (0.000 secs)
[2015.10.14-04.30.26:884][  0]Cmd: MAP CHECKDEP NOCLEARLOG
[2015.10.14-04.30.26:982][  0]MapCheck: Info Map check complete: 0 Error(s), 0 Warning(s), took 97.833ms to complete.
[2015.10.14-04.30.26:982][  0]LogFileHelpers: Loading map 'Minimal_Default' took 1.052
[2015.10.14-04.30.27:113][  0]LogCollectionManager: Loaded 0 collections in 0.002912 seconds
[2015.10.14-04.30.27:123][  0]LogContentBrowser: Native class hierarchy populated in 0.0098 seconds. Added 1792 classes and 301 folders.
[2015.10.14-04.30.27:176][  0]LogContentBrowser: Native class hierarchy updated for 'WidgetCarousel' in 0.0003 seconds. Added 0 classes and 0 folders.
[2015.10.14-04.30.27:219][  0]LogContentBrowser: Native class hierarchy updated for 'AddContentDialog' in 0.0005 seconds. Added 0 classes and 0 folders.
[2015.10.14-04.30.27:244][  0]LogContentBrowser: Native class hierarchy updated for 'SceneOutliner' in 0.0005 seconds. Added 1 classes and 2 folders.
[2015.10.14-04.30.27:337][  0]LogCrashTracker: Crashtracker disabled due to settings.
[2015.10.14-04.30.27:338][  0]LogD3D11RHI: InitD3DDevice
[2015.10.14-04.30.27:341][  0]LogUObjectGlobals:Warning: Failed to find object 'Class None.'
[2015.10.14-04.30.27:364][  0]LogLoad: Full Startup: 12.68 seconds (BP compile: 0.38 seconds)
[2015.10.14-04.30.27:809][  0]LogContentStreaming: Texture pool size is 0.000000MB
[2015.10.14-04.30.27:861][  0]LogContentStreaming: Texture pool size now 400 MB
[2015.10.14-04.30.28:013][  0]LogRenderer: Reallocating scene render targets to support 1528x440 (Frame:2).
[2015.10.14-04.30.32:877][ 15]LogAssetRegistry: Asset discovery search completed in 8.5500 seconds
[2015.10.14-04.30.51:444][209]LogD3D11RHI: InitD3DDevice
[2015.10.14-04.30.56:315][732]LogD3D11RHI: InitD3DDevice
[2015.10.14-04.30.56:385][732]LogD3D11RHI: InitD3DDevice
[2015.10.14-04.30.57:535][858]LogSlate:Warning: Prevented a slow task dialog from being summoned while a context menu was open
[2015.10.14-04.30.57:953][858]LogLinker:Warning: Can't find file '/Game/Art/Assets/VerticalSliceAssets/characterAssets/characterv2/ErichCharBlue'
[2015.10.14-04.30.57:954][858]LogLinker:Warning: Can't find file for asset '/Game/Art/Assets/VerticalSliceAssets/characterAssets/characterv2/ErichCharBlue' while loading ../../../../../../Users/Stephen Paul Mangold/Pictures/The-Curators/AlexPrototype/Content/Tech/ThirdPersonBP/Blueprints/ThirdPersonGameMode.uasset.
[2015.10.14-04.30.57:954][858]LoadErrors:Error: Error /Game/Tech/ThirdPersonBP/Blueprints/ThirdPersonGameMode : Can't find file for asset. /Game/Art/Assets/VerticalSliceAssets/characterAssets/characterv2/ErichCharBlue
[2015.10.14-04.30.57:955][858]LogLinker:Warning: Can't find file '/Game/Art/Assets/VerticalSliceAssets/characterAssets/characterv2/ErichCharBlue'
[2015.10.14-04.30.57:955][858]LogLinker:Warning: Can't find file for asset '/Game/Art/Assets/VerticalSliceAssets/characterAssets/characterv2/ErichCharBlue' while loading ../../../../../../Users/Stephen Paul Mangold/Pictures/The-Curators/AlexPrototype/Content/Tech/ThirdPersonBP/Blueprints/ThirdPersonGameMode.uasset.
[2015.10.14-04.30.57:960][858]LogLinker:Warning: Can't find file '/Game/Art/Assets/VerticalSliceAssets/characterAssets/characterv2/ErichCharBlue'
[2015.10.14-04.30.57:960][858]LogLinker:Warning: Can't find file for asset '/Game/Art/Assets/VerticalSliceAssets/characterAssets/characterv2/ErichCharBlue' while loading NULL.
[2015.10.14-04.30.57:960][858]LogLinker:Warning: Can't find file '/Game/Art/Assets/VerticalSliceAssets/characterAssets/characterv2/ErichCharBlue'
[2015.10.14-04.30.57:960][858]LogLinker:Warning: Can't find file for asset '/Game/Art/Assets/VerticalSliceAssets/characterAssets/characterv2/ErichCharBlue' while loading NULL.
[2015.10.14-04.30.57:961][858]LogLinker:Warning: Can't find file '/Game/Art/Assets/VerticalSliceAssets/characterAssets/characterv2/ErichCharBlue'
[2015.10.14-04.30.57:961][858]LogLinker:Warning: Can't find file for asset '/Game/Art/Assets/VerticalSliceAssets/characterAssets/characterv2/ErichCharBlue' while loading NULL.
[2015.10.14-04.30.58:142][859]Cmd: UpdateLandscapeSetup
[2015.10.14-04.30.59:363][988]LogD3D11RHI: InitD3DDevice
[2015.10.14-04.30.59:371][988]LogSlate:Warning: Prevented a slow task dialog from being summoned while a context menu was open
[2015.10.14-04.31.03:889][452]LogSlate:Warning: Prevented a slow task dialog from being summoned while a context menu was open
[2015.10.14-04.31.05:978][452]LogBlueprint:Warning: [compiler ErichCharBlue] Warning InputAction Event references unknown Action 'Walk' for  InputAction Walk 
[2015.10.14-04.31.05:982][452]LogBlueprint:Warning: [compiler ErichCharBlue] Warning [0051.29] Compile of ErichCharBlue successful, but with 1 Warning(s) [in 29 ms]
[2015.10.14-04.31.05:982][452]LogBlueprint:Warning: [compiler ErichCharBlue] Warning [0051.29] Compile of ErichCharBlue successful, but with 2 Warning(s) [in 0 ms]
[2015.10.14-04.31.05:982][452]LogBlueprint:Warning: [compiler ErichCharBlue] Warning [0051.29] Compile of ErichCharBlue successful, but with 3 Warning(s) [in 0 ms]
[2015.10.14-04.31.06:015][452]LogBlueprint:Warning: [compiler ErichCharBlue] Warning InputAction Event references unknown Action 'Walk' for  InputAction Walk 
[2015.10.14-04.31.06:021][452]LogBlueprint:Warning: [compiler ErichCharBlue] Warning [0051.33] Compile of ErichCharBlue successful, but with 1 Warning(s) [in 32 ms]
[2015.10.14-04.31.06:021][452]LogBlueprint:Warning: [compiler ErichCharBlue] Warning [0051.33] Compile of ErichCharBlue successful, but with 2 Warning(s) [in 0 ms]
[2015.10.14-04.31.07:909][602]LogD3D11RHI: InitD3DDevice
[2015.10.14-04.31.07:917][602]LogSlate:Warning: Prevented a slow task dialog from being summoned while a context menu was open
[2015.10.14-04.33.53:911][225]BlueprintLog: New page: Pre-PIE auto-recompile
[2015.10.14-04.33.53:911][225]LogPlayLevel: [PIE] Compiling Minimal_Default before PIE...
[2015.10.14-04.33.54:091][225]LogPlayLevel: PIE:  Blueprint regeneration took 180 ms (1 blueprints)
[2015.10.14-04.33.54:094][225]PIE: New page: SIE session: Minimal_Default (Oct 13, 2015, 8:33:54 PM)
[2015.10.14-04.33.54:094][225]LogPlayLevel: Creating play world package: /Game/StarterContent/Maps/UEDPIE_0_Minimal_Default
[2015.10.14-04.33.54:123][225]LogPlayLevel: PIE: StaticDuplicateObject took: (0.028479s)
[2015.10.14-04.33.54:123][225]LogAIModule: Creating AISystem for world Minimal_Default
[2015.10.14-04.33.54:124][225]LogPlayLevel: PIE: World Init took: (0.001084s)
[2015.10.14-04.33.54:124][225]LogPlayLevel: PIE: Created PIE world by copying editor world from /Game/StarterContent/Maps/Minimal_Default.Minimal_Default to /Game/StarterContent/Maps/UEDPIE_0_Minimal_Default.Minimal_Default (0.029843s)
[2015.10.14-04.33.54:149][225]LogInit: XAudio2 using 'Speakers (Realtek High Definition Audio)' : 8 channels at 48 kHz using 32 bits per sample (channel mask 0x63f)
[2015.10.14-04.33.54:163][225]LogInit: FAudioDevice initialized.
[2015.10.14-04.33.54:207][225]LogWorld: Game class is 'ThirdPersonGameMode_C'
[2015.10.14-04.33.54:212][225]LogWorld: Bringing World /Game/StarterContent/Maps/UEDPIE_0_Minimal_Default.Minimal_Default up for play (max tick rate 0) at 2015.10.14-00.33.54
[2015.10.14-04.33.54:212][225]LogActor:Warning: GameSession /Game/StarterContent/Maps/UEDPIE_0_Minimal_Default.Minimal_Default:PersistentLevel.GameSession_0 has natively added scene component(s), but none of them were set as the actor's RootComponent - picking one arbitrarily
[2015.10.14-04.33.54:213][225]LogActor:Warning: GameNetworkManager /Game/StarterContent/Maps/UEDPIE_0_Minimal_Default.Minimal_Default:PersistentLevel.GameNetworkManager_0 has natively added scene component(s), but none of them were set as the actor's RootComponent - picking one arbitrarily
[2015.10.14-04.33.54:213][225]LogWorld: Bringing up level for play took: 0.003890
[2015.10.14-04.33.54:555][225]PIE: Info Play in editor start time for /Game/StarterContent/Maps/UEDPIE_0_Minimal_Default 0.901
[2015.10.14-04.33.56:013][336]LogPackageName: SearchForPackageOnDisk took   0.109s to resolve VerticalSlice.umap
[2015.10.14-04.33.56:190][336]LogPackageName: SearchForPackageOnDisk took   0.102s to resolve VerticalSlice.umap
[2015.10.14-04.33.56:190][336]LogNet: Browse: /Game/Levels/VerticalSlice
[2015.10.14-04.33.56:208][336]LogLoad: LoadMap: /Game/Levels/VerticalSlice
[2015.10.14-04.33.56:258][336]LogParticles: Destroying 0 GPU particle simulations for FXSystem 0x00000023E4236B60
[2015.10.14-04.33.56:259][336]Cmd: MEM
[2015.10.14-04.33.56:278][336]LogMemory: Platform Memory Stats for Windows
[2015.10.14-04.33.56:278][336]LogMemory: Process Physical Memory: 549.89 MB used, 552.05 MB peak
[2015.10.14-04.33.56:278][336]LogMemory: Process Virtual Memory: 434.51 MB used, 439.94 MB peak
[2015.10.14-04.33.56:278][336]LogMemory: Physical Memory: 10429.39 MB used, 16337.59 MB total
[2015.10.14-04.33.56:278][336]LogMemory: Virtual Memory: 1030.53 MB used, 134217728.00 MB total
[2015.10.14-04.33.56:278][336]LogMemory: 
[2015.10.14-04.33.56:278][336]Allocator Stats for TBB: (not implemented)
[2015.10.14-04.33.58:310][336]LogLinker:Warning: Can't find file '/Game/Art/Assets/VerticalSliceAssets/characterAssets/gun/gun'
[2015.10.14-04.33.58:310][336]LoadErrors: Info Failed to load /Game/Tech/AIGuard/GameHud.GameHud_C Referenced by gun8C1B0D41B94BE5FEA7D9F08DA0F2B523
[2015.10.14-04.33.58:310][336]LogLinker:Warning: Can't find file for asset '/Game/Art/Assets/VerticalSliceAssets/characterAssets/gun/gun' while loading ../../../../../../Users/Stephen Paul Mangold/Pictures/The-Curators/AlexPrototype/Content/Tech/AIGuard/GameHud.uasset.
[2015.10.14-04.33.58:311][336]LoadErrors:Error: Error /Game/Tech/AIGuard/GameHud : Can't find file for asset. /Game/Art/Assets/VerticalSliceAssets/characterAssets/gun/gun
[2015.10.14-04.33.58:717][336]LogLinker:Warning: Can't find file '/Game/Art/Assets/VerticalSliceAssets/characterAssets/gun/gun'
[2015.10.14-04.33.58:717][336]LogLinker:Warning: Can't find file for asset '/Game/Art/Assets/VerticalSliceAssets/characterAssets/gun/gun' while loading ../../../../../../Users/Stephen Paul Mangold/Pictures/The-Curators/AlexPrototype/Content/Tech/AIGuard/GameHud.uasset.
[2015.10.14-04.33.58:718][336]LogLinker:Warning: Can't find file '/Game/Art/Assets/VerticalSliceAssets/characterAssets/gun/gun'
[2015.10.14-04.33.58:718][336]LogLinker:Warning: Can't find file for asset '/Game/Art/Assets/VerticalSliceAssets/characterAssets/gun/gun' while loading ../../../../../../Users/Stephen Paul Mangold/Pictures/The-Curators/AlexPrototype/Content/Tech/AIGuard/GameHud.uasset.
[2015.10.14-04.33.59:410][336]LogLinker:Warning: Can't find file '/Game/Art/Assets/VerticalSliceAssets/characterAssets/gun/gun'
[2015.10.14-04.33.59:410][336]LogLinker:Warning: Can't find file for asset '/Game/Art/Assets/VerticalSliceAssets/characterAssets/gun/gun' while loading ../../../../../../Users/Stephen Paul Mangold/Pictures/The-Curators/AlexPrototype/Content/Tech/ThirdPersonBP/Blueprints/ThirdPersonCharacter.uasset.
[2015.10.14-04.33.59:410][336]LoadErrors:Error: Error /Game/Tech/ThirdPersonBP/Blueprints/ThirdPersonCharacter : Can't find file for asset. /Game/Art/Assets/VerticalSliceAssets/characterAssets/gun/gun
[2015.10.14-04.33.59:411][336]LogLinker:Warning: Can't find file '/Game/Art/Assets/VerticalSliceAssets/characterAssets/gun/gun'
[2015.10.14-04.33.59:411][336]LogLinker:Warning: Can't find file for asset '/Game/Art/Assets/VerticalSliceAssets/characterAssets/gun/gun' while loading ../../../../../../Users/Stephen Paul Mangold/Pictures/The-Curators/AlexPrototype/Content/Tech/ThirdPersonBP/Blueprints/ThirdPersonCharacter.uasset.
[2015.10.14-04.34.00:057][336]LogLinker:Warning: Can't find file '/Game/Art/Assets/VerticalSliceAssets/characterAssets/HoverBotV1/HoverBotV1'
[2015.10.14-04.34.00:057][336]LogLinker:Warning: Can't find file for asset '/Game/Art/Assets/VerticalSliceAssets/characterAssets/HoverBotV1/HoverBotV1' while loading ../../../../../../Users/Stephen Paul Mangold/Pictures/The-Curators/AlexPrototype/Content/Tech/AIGuard/AIGuardChar.uasset.
[2015.10.14-04.34.00:057][336]LoadErrors:Error: Error /Game/Tech/AIGuard/AIGuardChar : Can't find file for asset. /Game/Art/Assets/VerticalSliceAssets/characterAssets/HoverBotV1/HoverBotV1
[2015.10.14-04.34.00:058][336]LogLinker:Warning: Can't find file '/Game/Art/Assets/VerticalSliceAssets/characterAssets/HoverBotV1/HoverBotV1'
[2015.10.14-04.34.00:058][336]LogLinker:Warning: Can't find file for asset '/Game/Art/Assets/VerticalSliceAssets/characterAssets/HoverBotV1/HoverBotV1' while loading ../../../../../../Users/Stephen Paul Mangold/Pictures/The-Curators/AlexPrototype/Content/Tech/AIGuard/AIGuardChar.uasset.
[2015.10.14-04.34.00:122][336]LogLinker:Warning: Can't find file '/Game/Art/Assets/VerticalSliceAssets/characterAssets/HoverBotV1/HoverBotV1'
[2015.10.14-04.34.00:122][336]LogLinker:Warning: Can't find file for asset '/Game/Art/Assets/VerticalSliceAssets/characterAssets/HoverBotV1/HoverBotV1' while loading ../../../../../../Users/Stephen Paul Mangold/Pictures/The-Curators/AlexPrototype/Content/Levels/VerticalSlice.umap.
[2015.10.14-04.34.00:122][336]LoadErrors:Error: Error /Game/Levels/VerticalSlice : Can't find file for asset. /Game/Art/Assets/VerticalSliceAssets/characterAssets/HoverBotV1/HoverBotV1
[2015.10.14-04.34.00:122][336]LogLinker:Warning: Can't find file '/Game/Art/Assets/VerticalSliceAssets/characterAssets/HoverBotV1/HoverBotV1'
[2015.10.14-04.34.00:123][336]LogLinker:Warning: Can't find file for asset '/Game/Art/Assets/VerticalSliceAssets/characterAssets/HoverBotV1/HoverBotV1' while loading ../../../../../../Users/Stephen Paul Mangold/Pictures/The-Curators/AlexPrototype/Content/Levels/VerticalSlice.umap.
[2015.10.14-04.34.00:135][336]LogLinker:Warning: Can't find file '/Game/Art/Assets/VerticalSliceAssets/characterAssets/HoverBotV1/HoverBotV1'
[2015.10.14-04.34.00:135][336]LoadErrors: Info Failed to load /Game/Art/Assets/VerticalSliceAssets/characterAssets/HoverBotV1/HoverBotV1.HoverBotV1 Referenced by HoverBotV17BF6FD542D4C9E9DEE6A649B679463D7
[2015.10.14-04.34.00:135][336]LogLinker:Warning: Can't find file for asset '/Game/Art/Assets/VerticalSliceAssets/characterAssets/HoverBotV1/HoverBotV1' while loading ../../../../../../Users/Stephen Paul Mangold/Pictures/The-Curators/AlexPrototype/Content/Levels/VerticalSlice.umap.
[2015.10.14-04.34.00:559][336]LogBlueprint:Warning: Timeline Alarm Delay Track Delay Duration in /Engine/Transient.REINST_SecurityCameraTracker_C_196 has an invalid curve.  Please fix!
[2015.10.14-04.34.00:637][336]LogBlueprint:Warning: Timeline Alarm Delay Track Delay Duration in /Engine/Transient.REINST_SecurityCameraTracker_C_200 has an invalid curve.  Please fix!
[2015.10.14-04.34.01:077][336]LogLinker:Warning: Can't find file '/Game/Art/Assets/VerticalSliceAssets/egyptianAssets/displayCase/displayCase'
[2015.10.14-04.34.01:078][336]LogLinker:Warning: Can't find file for asset '/Game/Art/Assets/VerticalSliceAssets/egyptianAssets/displayCase/displayCase' while loading ../../../../../../Users/Stephen Paul Mangold/Pictures/The-Curators/AlexPrototype/Content/Art/Assets/Blueprints/displayCaseBP.uasset.
[2015.10.14-04.34.01:078][336]LoadErrors:Error: Error /Game/Art/Assets/Blueprints/displayCaseBP : Can't find file for asset. /Game/Art/Assets/VerticalSliceAssets/egyptianAssets/displayCase/displayCase
[2015.10.14-04.34.01:078][336]LogLinker:Warning: Can't find file '/Game/Art/Assets/VerticalSliceAssets/egyptianAssets/displayCase/displayCase'
[2015.10.14-04.34.01:078][336]LogLinker:Warning: Can't find file for asset '/Game/Art/Assets/VerticalSliceAssets/egyptianAssets/displayCase/displayCase' while loading ../../../../../../Users/Stephen Paul Mangold/Pictures/The-Curators/AlexPrototype/Content/Art/Assets/Blueprints/displayCaseBP.uasset.
[2015.10.14-04.34.01:084][336]LogLinker:Warning: Can't find file '/Game/Art/Assets/VerticalSliceAssets/egyptianAssets/displayCase/displayCase'
[2015.10.14-04.34.01:084][336]LogLinker:Warning: Can't find file for asset '/Game/Art/Assets/VerticalSliceAssets/egyptianAssets/displayCase/displayCase' while loading ../../../../../../Users/Stephen Paul Mangold/Pictures/The-Curators/AlexPrototype/Content/Levels/VerticalSlice.umap.
[2015.10.14-04.34.01:084][336]LoadErrors:Error: Error /Game/Levels/VerticalSlice : Can't find file for asset. /Game/Art/Assets/VerticalSliceAssets/egyptianAssets/displayCase/displayCase
[2015.10.14-04.34.01:084][336]LogLinker:Warning: Can't find file '/Game/Art/Assets/VerticalSliceAssets/egyptianAssets/displayCase/displayCase'
[2015.10.14-04.34.01:084][336]LogLinker:Warning: Can't find file for asset '/Game/Art/Assets/VerticalSliceAssets/egyptianAssets/displayCase/displayCase' while loading ../../../../../../Users/Stephen Paul Mangold/Pictures/The-Curators/AlexPrototype/Content/Levels/VerticalSlice.umap.
[2015.10.14-04.34.01:086][336]LogLinker:Warning: Can't find file '/Game/Art/Assets/VerticalSliceAssets/egyptianAssets/displayCase/displayCase'
[2015.10.14-04.34.01:086][336]LoadErrors: Info Failed to load /Game/Art/Assets/VerticalSliceAssets/egyptianAssets/displayCase/displayCase.displayCase Referenced by StaticMesh76895419432859FE5DDAF391BF97801B
[2015.10.14-04.34.01:086][336]LogLinker:Warning: Can't find file for asset '/Game/Art/Assets/VerticalSliceAssets/egyptianAssets/displayCase/displayCase' while loading ../../../../../../Users/Stephen Paul Mangold/Pictures/The-Curators/AlexPrototype/Content/Levels/VerticalSlice.umap.
[2015.10.14-04.34.01:229][336]LogLinker:Warning: Can't find file '/Game/Art/Assets/VerticalSliceAssets/egyptianAssets/displayCaseLong/displayCaseLong'
[2015.10.14-04.34.01:229][336]LogLinker:Warning: Can't find file for asset '/Game/Art/Assets/VerticalSliceAssets/egyptianAssets/displayCaseLong/displayCaseLong' while loading ../../../../../../Users/Stephen Paul Mangold/Pictures/The-Curators/AlexPrototype/Content/Art/Assets/Blueprints/displayCaseLongBP.uasset.
[2015.10.14-04.34.01:229][336]LoadErrors:Error: Error /Game/Art/Assets/Blueprints/displayCaseLongBP : Can't find file for asset. /Game/Art/Assets/VerticalSliceAssets/egyptianAssets/displayCaseLong/displayCaseLong
[2015.10.14-04.34.01:230][336]LogLinker:Warning: Can't find file '/Game/Art/Assets/VerticalSliceAssets/egyptianAssets/displayCaseLong/displayCaseLong'
[2015.10.14-04.34.01:230][336]LogLinker:Warning: Can't find file for asset '/Game/Art/Assets/VerticalSliceAssets/egyptianAssets/displayCaseLong/displayCaseLong' while loading ../../../../../../Users/Stephen Paul Mangold/Pictures/The-Curators/AlexPrototype/Content/Art/Assets/Blueprints/displayCaseLongBP.uasset.
[2015.10.14-04.34.01:235][336]LogLinker:Warning: Can't find file '/Game/Art/Assets/VerticalSliceAssets/egyptianAssets/displayCaseLong/displayCaseLong'
[2015.10.14-04.34.01:236][336]LogLinker:Warning: Can't find file for asset '/Game/Art/Assets/VerticalSliceAssets/egyptianAssets/displayCaseLong/displayCaseLong' while loading ../../../../../../Users/Stephen Paul Mangold/Pictures/The-Curators/AlexPrototype/Content/Levels/VerticalSlice.umap.
[2015.10.14-04.34.01:236][336]LoadErrors:Error: Error /Game/Levels/VerticalSlice : Can't find file for asset. /Game/Art/Assets/VerticalSliceAssets/egyptianAssets/displayCaseLong/displayCaseLong
[2015.10.14-04.34.01:236][336]LogLinker:Warning: Can't find file '/Game/Art/Assets/VerticalSliceAssets/egyptianAssets/displayCaseLong/displayCaseLong'
[2015.10.14-04.34.01:236][336]LogLinker:Warning: Can't find file for asset '/Game/Art/Assets/VerticalSliceAssets/egyptianAssets/displayCaseLong/displayCaseLong' while loading ../../../../../../Users/Stephen Paul Mangold/Pictures/The-Curators/AlexPrototype/Content/Levels/VerticalSlice.umap.
[2015.10.14-04.34.01:237][336]LogLinker:Warning: Can't find file '/Game/Art/Assets/VerticalSliceAssets/egyptianAssets/displayCaseLong/displayCaseLong'
[2015.10.14-04.34.01:237][336]LoadErrors: Info Failed to load /Game/Art/Assets/VerticalSliceAssets/egyptianAssets/displayCaseLong/displayCaseLong.displayCaseLong Referenced by Default__displayCaseLongBP_C
[2015.10.14-04.34.01:237][336]LogLinker:Warning: Can't find file for asset '/Game/Art/Assets/VerticalSliceAssets/egyptianAssets/displayCaseLong/displayCaseLong' while loading ../../../../../../Users/Stephen Paul Mangold/Pictures/The-Curators/AlexPrototype/Content/Levels/VerticalSlice.umap.
[2015.10.14-04.34.01:413][336]LogLinker:Warning: Can't find file '/Game/Art/Assets/VerticalSliceAssets/egyptianAssets/displayCaseShort/displayCaseShort'
[2015.10.14-04.34.01:413][336]LogLinker:Warning: Can't find file for asset '/Game/Art/Assets/VerticalSliceAssets/egyptianAssets/displayCaseShort/displayCaseShort' while loading ../../../../../../Users/Stephen Paul Mangold/Pictures/The-Curators/AlexPrototype/Content/Art/Assets/Blueprints/displayCaseShort_Blueprint.uasset.
[2015.10.14-04.34.01:413][336]LoadErrors:Error: Error /Game/Art/Assets/Blueprints/displayCaseShort_Blueprint : Can't find file for asset. /Game/Art/Assets/VerticalSliceAssets/egyptianAssets/displayCaseShort/displayCaseShort
[2015.10.14-04.34.01:414][336]LogLinker:Warning: Can't find file '/Game/Art/Assets/VerticalSliceAssets/egyptianAssets/displayCaseShort/displayCaseShort'
[2015.10.14-04.34.01:414][336]LogLinker:Warning: Can't find file for asset '/Game/Art/Assets/VerticalSliceAssets/egyptianAssets/displayCaseShort/displayCaseShort' while loading ../../../../../../Users/Stephen Paul Mangold/Pictures/The-Curators/AlexPrototype/Content/Art/Assets/Blueprints/displayCaseShort_Blueprint.uasset.
[2015.10.14-04.34.01:419][336]LogLinker:Warning: Can't find file '/Game/Art/Assets/VerticalSliceAssets/egyptianAssets/displayCaseShort/displayCaseShort'
[2015.10.14-04.34.01:419][336]LogLinker:Warning: Can't find file for asset '/Game/Art/Assets/VerticalSliceAssets/egyptianAssets/displayCaseShort/displayCaseShort' while loading ../../../../../../Users/Stephen Paul Mangold/Pictures/The-Curators/AlexPrototype/Content/Levels/VerticalSlice.umap.
[2015.10.14-04.34.01:419][336]LoadErrors:Error: Error /Game/Levels/VerticalSlice : Can't find file for asset. /Game/Art/Assets/VerticalSliceAssets/egyptianAssets/displayCaseShort/displayCaseShort
[2015.10.14-04.34.01:420][336]LogLinker:Warning: Can't find file '/Game/Art/Assets/VerticalSliceAssets/egyptianAssets/displayCaseShort/displayCaseShort'
[2015.10.14-04.34.01:420][336]LogLinker:Warning: Can't find file for asset '/Game/Art/Assets/VerticalSliceAssets/egyptianAssets/displayCaseShort/displayCaseShort' while loading ../../../../../../Users/Stephen Paul Mangold/Pictures/The-Curators/AlexPrototype/Content/Levels/VerticalSlice.umap.
[2015.10.14-04.34.01:421][336]LogLinker:Warning: Can't find file '/Game/Art/Assets/VerticalSliceAssets/egyptianAssets/displayCaseShort/displayCaseShort'
[2015.10.14-04.34.01:421][336]LoadErrors: Info Failed to load /Game/Art/Assets/VerticalSliceAssets/egyptianAssets/displayCaseShort/displayCaseShort.displayCaseShort Referenced by Default__displayCaseShort_Blueprint_C
[2015.10.14-04.34.01:421][336]LogLinker:Warning: Can't find file for asset '/Game/Art/Assets/VerticalSliceAssets/egyptianAssets/displayCaseShort/displayCaseShort' while loading ../../../../../../Users/Stephen Paul Mangold/Pictures/The-Curators/AlexPrototype/Content/Levels/VerticalSlice.umap.
[2015.10.14-04.34.02:039][336]LogLinker:Warning: Can't find file '/Game/Art/Assets/VerticalSliceAssets/egyptianAssets/keyCard/keyCard'
[2015.10.14-04.34.02:039][336]LogLinker:Warning: Can't find file for asset '/Game/Art/Assets/VerticalSliceAssets/egyptianAssets/keyCard/keyCard' while loading ../../../../../../Users/Stephen Paul Mangold/Pictures/The-Curators/AlexPrototype/Content/Art/Assets/Blueprints/KeyCard.uasset.
[2015.10.14-04.34.02:039][336]LoadErrors:Error: Error /Game/Art/Assets/Blueprints/KeyCard : Can't find file for asset. /Game/Art/Assets/VerticalSliceAssets/egyptianAssets/keyCard/keyCard
[2015.10.14-04.34.02:040][336]LogLinker:Warning: Can't find file '/Game/Art/Assets/VerticalSliceAssets/egyptianAssets/keyCard/keyCard'
[2015.10.14-04.34.02:040][336]LogLinker:Warning: Can't find file for asset '/Game/Art/Assets/VerticalSliceAssets/egyptianAssets/keyCard/keyCard' while loading ../../../../../../Users/Stephen Paul Mangold/Pictures/The-Curators/AlexPrototype/Content/Art/Assets/Blueprints/KeyCard.uasset.
[2015.10.14-04.34.02:048][336]LogLinker:Warning: Can't find file '/Game/Art/Assets/VerticalSliceAssets/egyptianAssets/keyCard/keyCard'
[2015.10.14-04.34.02:048][336]LogLinker:Warning: Can't find file for asset '/Game/Art/Assets/VerticalSliceAssets/egyptianAssets/keyCard/keyCard' while loading ../../../../../../Users/Stephen Paul Mangold/Pictures/The-Curators/AlexPrototype/Content/Levels/VerticalSlice.umap.
[2015.10.14-04.34.02:048][336]LoadErrors:Error: Error /Game/Levels/VerticalSlice : Can't find file for asset. /Game/Art/Assets/VerticalSliceAssets/egyptianAssets/keyCard/keyCard
[2015.10.14-04.34.02:048][336]LogLinker:Warning: Can't find file '/Game/Art/Assets/VerticalSliceAssets/egyptianAssets/keyCard/keyCard'
[2015.10.14-04.34.02:048][336]LogLinker:Warning: Can't find file for asset '/Game/Art/Assets/VerticalSliceAssets/egyptianAssets/keyCard/keyCard' while loading ../../../../../../Users/Stephen Paul Mangold/Pictures/The-Curators/AlexPrototype/Content/Levels/VerticalSlice.umap.
[2015.10.14-04.34.02:053][336]LogLinker:Warning: Can't find file '/Game/Art/Assets/VerticalSliceAssets/egyptianAssets/keyCard/keyCard'
[2015.10.14-04.34.02:054][336]LoadErrors: Info Failed to load /Game/Art/Assets/VerticalSliceAssets/egyptianAssets/keyCard/keyCard.keyCard Referenced by keyCard95696365A24F6B30A1372F9F73306FC5
[2015.10.14-04.34.02:054][336]LogLinker:Warning: Can't find file for asset '/Game/Art/Assets/VerticalSliceAssets/egyptianAssets/keyCard/keyCard' while loading ../../../../../../Users/Stephen Paul Mangold/Pictures/The-Curators/AlexPrototype/Content/Levels/VerticalSlice.umap.
[2015.10.14-04.34.19:047][336]LogAIModule: Creating AISystem for world VerticalSlice
[2015.10.14-04.34.19:050][336]LogWorld: Game class is 'ThirdPersonGameMode_C'
[2015.10.14-04.34.19:177][336]LogWorld:Warning: *** WARNING - PATHS MAY NOT BE VALID ***
[2015.10.14-04.34.19:177][336]LogWorld: Bringing World /Game/Levels/UEDPIE_0_VerticalSlice.VerticalSlice up for play (max tick rate 3) at 2015.10.14-00.34.19
[2015.10.14-04.34.19:177][336]LogActor:Warning: GameSession /Game/Levels/UEDPIE_0_VerticalSlice.VerticalSlice:PersistentLevel.GameSession_1 has natively added scene component(s), but none of them were set as the actor's RootComponent - picking one arbitrarily
[2015.10.14-04.34.19:178][336]LogActor:Warning: GameNetworkManager /Game/Levels/UEDPIE_0_VerticalSlice.VerticalSlice:PersistentLevel.GameNetworkManager_1 has natively added scene component(s), but none of them were set as the actor's RootComponent - picking one arbitrarily
[2015.10.14-04.34.19:180][336]LogScript:Warning: Accessed None 'K2Node_ComponentBoundEvent_OtherActor'
	AIGuardChar_C /Game/Levels/UEDPIE_0_VerticalSlice.VerticalSlice:PersistentLevel.AIGuardChar_C_3
	Function /Game/Tech/AIGuard/AIGuardChar.AIGuardChar_C:ExecuteUbergraph_AIGuardChar:039D
[2015.10.14-04.34.19:180][336]PIE:Error: Error Accessed None 'K2Node_ComponentBoundEvent_OtherActor' from node Branch in graph 'EventGraph' in blueprint AIGuardChar
[2015.10.14-04.34.19:180][336]LogScript:Warning: Accessed None 'K2Node_ComponentBoundEvent_OtherActor'
	AIGuardChar_C /Game/Levels/UEDPIE_0_VerticalSlice.VerticalSlice:PersistentLevel.AIGuardChar_C_3
	Function /Game/Tech/AIGuard/AIGuardChar.AIGuardChar_C:ExecuteUbergraph_AIGuardChar:032B
[2015.10.14-04.34.19:180][336]PIE:Error: Error Accessed None 'K2Node_ComponentBoundEvent_OtherActor' from node Branch in graph 'EventGraph' in blueprint AIGuardChar
[2015.10.14-04.34.19:180][336]LogScript:Warning: Accessed None 'K2Node_ComponentBoundEvent_OtherActor'
	AIGuardChar_C /Game/Levels/UEDPIE_0_VerticalSlice.VerticalSlice:PersistentLevel.AIGuardChar_C_3
	Function /Game/Tech/AIGuard/AIGuardChar.AIGuardChar_C:ExecuteUbergraph_AIGuardChar:039D
[2015.10.14-04.34.19:180][336]PIE:Error: Error Accessed None 'K2Node_ComponentBoundEvent_OtherActor' from node Branch in graph 'EventGraph' in blueprint AIGuardChar
[2015.10.14-04.34.19:180][336]LogScript:Warning: Accessed None 'K2Node_ComponentBoundEvent_OtherActor'
	AIGuardChar_C /Game/Levels/UEDPIE_0_VerticalSlice.VerticalSlice:PersistentLevel.AIGuardChar_C_3
	Function /Game/Tech/AIGuard/AIGuardChar.AIGuardChar_C:ExecuteUbergraph_AIGuardChar:032B
[2015.10.14-04.34.19:180][336]PIE:Error: Error Accessed None 'K2Node_ComponentBoundEvent_OtherActor' from node Branch in graph 'EventGraph' in blueprint AIGuardChar
[2015.10.14-04.34.19:189][336]LogWorld: Bringing up level for play took: 0.137343
[2015.10.14-04.34.19:195][336]LogBlueprintUserMessages: Hello
[2015.10.14-04.34.19:195][336]LogBlueprintUserMessages: Hello
[2015.10.14-04.34.19:195][336]LogBlueprintUserMessages: Hello
[2015.10.14-04.34.19:195][336]LogBlueprintUserMessages: Hello
[2015.10.14-04.34.19:195][336]LogBlueprintUserMessages: Hello
[2015.10.14-04.34.19:195][336]LogBlueprintUserMessages: Hello
[2015.10.14-04.34.19:267][337]LogBlueprintUserMessages: I can see you
[2015.10.14-04.34.19:267][337]LogBlueprintUserMessages: I can see you
[2015.10.14-04.34.19:934][339]LogBlueprintUserMessages: I can see you
[2015.10.14-04.34.19:934][339]LogBlueprintUserMessages: I can see you
[2015.10.14-04.34.20:600][341]LogBlueprintUserMessages: I can see you
[2015.10.14-04.34.20:600][341]LogBlueprintUserMessages: I can see you
[2015.10.14-04.34.21:265][343]LogBlueprintUserMessages: I can see you
[2015.10.14-04.34.21:265][343]LogBlueprintUserMessages: I can see you
[2015.10.14-04.34.21:933][345]LogBlueprintUserMessages: I can see you
[2015.10.14-04.34.21:933][345]LogBlueprintUserMessages: I can see you
[2015.10.14-04.34.22:599][347]LogBlueprintUserMessages: I can see you
[2015.10.14-04.34.22:599][347]LogBlueprintUserMessages: I can see you
[2015.10.14-04.34.23:266][349]LogBlueprintUserMessages: I can see you
[2015.10.14-04.34.23:266][349]LogBlueprintUserMessages: I can see you
[2015.10.14-04.34.23:933][351]LogBlueprintUserMessages: I can see you
[2015.10.14-04.34.23:933][351]LogBlueprintUserMessages: I can see you
[2015.10.14-04.34.24:599][353]LogBlueprintUserMessages: I can see you
[2015.10.14-04.34.24:599][353]LogBlueprintUserMessages: I can see you
[2015.10.14-04.34.25:265][355]LogBlueprintUserMessages: I can see you
[2015.10.14-04.34.25:266][355]LogBlueprintUserMessages: I can see you
[2015.10.14-04.34.25:932][357]LogBlueprintUserMessages: I can see you
[2015.10.14-04.34.25:932][357]LogBlueprintUserMessages: I can see you
[2015.10.14-04.34.26:427][376]LogBlueprintUserMessages: I can see you
[2015.10.14-04.34.26:427][376]LogBlueprintUserMessages: I can see you
[2015.10.14-04.34.26:934][431]LogBlueprintUserMessages: I can see you
[2015.10.14-04.34.26:934][431]LogBlueprintUserMessages: I can see you
[2015.10.14-04.34.27:446][473]LogBlueprintUserMessages: I can see you
[2015.10.14-04.34.27:446][473]LogBlueprintUserMessages: I can see you
[2015.10.14-04.34.28:245][538]LogBlueprintUserMessages: I can see you
[2015.10.14-04.34.28:245][538]LogBlueprintUserMessages: I can see you
[2015.10.14-04.34.28:751][560]LogBlueprintUserMessages: I can see you
[2015.10.14-04.34.28:751][560]LogBlueprintUserMessages: I can see you
[2015.10.14-04.34.29:255][591]LogBlueprintUserMessages: I can see you
[2015.10.14-04.34.29:255][591]LogBlueprintUserMessages: I can see you
[2015.10.14-04.34.29:764][624]LogBlueprintUserMessages: I can see you
[2015.10.14-04.34.29:764][624]LogBlueprintUserMessages: I can see you
[2015.10.14-04.34.30:271][658]LogBlueprintUserMessages: I can see you
[2015.10.14-04.34.30:271][658]LogBlueprintUserMessages: I can see you
[2015.10.14-04.34.30:783][690]LogBlueprintUserMessages: I can see you
[2015.10.14-04.34.30:783][690]LogBlueprintUserMessages: I can see you
[2015.10.14-04.34.31:266][722]LogBlueprintUserMessages: alarm works
[2015.10.14-04.34.31:298][724]LogBlueprintUserMessages: I can see you
[2015.10.14-04.34.31:298][724]LogBlueprintUserMessages: I can see you
[2015.10.14-04.34.31:814][756]LogBlueprintUserMessages: I can see you
[2015.10.14-04.34.31:814][756]LogBlueprintUserMessages: I can see you
[2015.10.14-04.34.32:317][788]LogBlueprintUserMessages: I can see you
[2015.10.14-04.34.32:317][788]LogBlueprintUserMessages: I can see you
[2015.10.14-04.34.32:820][819]LogBlueprintUserMessages: I can see you
[2015.10.14-04.34.32:820][819]LogBlueprintUserMessages: I can see you
[2015.10.14-04.34.33:340][850]LogBlueprintUserMessages: I can see you
[2015.10.14-04.34.33:340][850]LogBlueprintUserMessages: I can see you
[2015.10.14-04.34.33:845][881]LogBlueprintUserMessages: I can see you
[2015.10.14-04.34.33:845][881]LogBlueprintUserMessages: I can see you
[2015.10.14-04.34.34:339][905]LogParticles: Destroying 0 GPU particle simulations for FXSystem 0x00000023E0C4FD80
[2015.10.14-04.34.34:602][905]LogD3D11RHI: InitD3DDevice
[2015.10.14-04.34.37:301][205]LogD3D11RHI: InitD3DDevice
[2015.10.14-04.34.37:310][205]LogSlate:Warning: Prevented a slow task dialog from being summoned while a context menu was open
[2015.10.14-04.34.40:902][615]LogSlate:Warning: Prevented a slow task dialog from being summoned while a context menu was open
[2015.10.14-04.34.41:159][615]LogBlueprint:Warning: [compiler ErichCharBlue] Warning InputAction Event references unknown Action 'Walk' for  InputAction Walk 
[2015.10.14-04.34.41:164][615]LogBlueprint:Warning: [compiler ErichCharBlue] Warning [0266.48] Compile of ErichCharBlue successful, but with 1 Warning(s) [in 30 ms]
[2015.10.14-04.34.41:164][615]LogBlueprint:Warning: [compiler ErichCharBlue] Warning [0266.48] Compile of ErichCharBlue successful, but with 2 Warning(s) [in 0 ms]
[2015.10.14-04.34.41:164][615]LogBlueprint:Warning: [compiler ErichCharBlue] Warning [0266.48] Compile of ErichCharBlue successful, but with 3 Warning(s) [in 0 ms]
[2015.10.14-04.34.41:201][615]LogBlueprint:Warning: [compiler ErichCharBlue] Warning InputAction Event references unknown Action 'Walk' for  InputAction Walk 
[2015.10.14-04.34.41:206][615]LogBlueprint:Warning: [compiler ErichCharBlue] Warning [0266.52] Compile of ErichCharBlue successful, but with 1 Warning(s) [in 33 ms]
[2015.10.14-04.34.41:206][615]LogBlueprint:Warning: [compiler ErichCharBlue] Warning [0266.52] Compile of ErichCharBlue successful, but with 2 Warning(s) [in 0 ms]
[2015.10.14-04.34.43:037][822]BlueprintLog: New page: Pre-PIE auto-recompile
[2015.10.14-04.34.43:037][822]LogPlayLevel: [PIE] Compiling Minimal_Default before PIE...
[2015.10.14-04.34.43:148][822]LogPlayLevel: PIE:  Blueprint regeneration took 111 ms (1 blueprints)
[2015.10.14-04.34.43:148][822]PIE: New page: SIE session: Minimal_Default (Oct 13, 2015, 8:34:43 PM)
[2015.10.14-04.34.43:149][822]LogPlayLevel: Creating play world package: /Game/StarterContent/Maps/UEDPIE_0_Minimal_Default
[2015.10.14-04.34.43:155][822]LogPlayLevel: PIE: StaticDuplicateObject took: (0.006137s)
[2015.10.14-04.34.43:155][822]LogAIModule: Creating AISystem for world Minimal_Default
[2015.10.14-04.34.43:156][822]LogPlayLevel: PIE: World Init took: (0.001020s)
[2015.10.14-04.34.43:156][822]LogPlayLevel: PIE: Created PIE world by copying editor world from /Game/StarterContent/Maps/Minimal_Default.Minimal_Default to /Game/StarterContent/Maps/UEDPIE_0_Minimal_Default.Minimal_Default (0.007370s)
[2015.10.14-04.34.43:189][822]LogInit: XAudio2 using 'Speakers (Realtek High Definition Audio)' : 8 channels at 48 kHz using 32 bits per sample (channel mask 0x63f)
[2015.10.14-04.34.43:204][822]LogInit: FAudioDevice initialized.
[2015.10.14-04.34.43:238][822]LogWorld: Game class is 'ThirdPersonGameMode_C'
[2015.10.14-04.34.43:244][822]LogWorld: Bringing World /Game/StarterContent/Maps/UEDPIE_0_Minimal_Default.Minimal_Default up for play (max tick rate 0) at 2015.10.14-00.34.43
[2015.10.14-04.34.43:244][822]LogActor:Warning: GameSession /Game/StarterContent/Maps/UEDPIE_0_Minimal_Default.Minimal_Default:PersistentLevel.GameSession_2 has natively added scene component(s), but none of them were set as the actor's RootComponent - picking one arbitrarily
[2015.10.14-04.34.43:244][822]LogActor:Warning: GameNetworkManager /Game/StarterContent/Maps/UEDPIE_0_Minimal_Default.Minimal_Default:PersistentLevel.GameNetworkManager_2 has natively added scene component(s), but none of them were set as the actor's RootComponent - picking one arbitrarily
[2015.10.14-04.34.43:244][822]LogWorld: Bringing up level for play took: 0.003773
[2015.10.14-04.34.43:247][822]PIE: Info Play in editor start time for /Game/StarterContent/Maps/UEDPIE_0_Minimal_Default -0.406
[2015.10.14-04.34.47:446][221]LogPackageName: SearchForPackageOnDisk took   0.105s to resolve VerticalSlice.umap
[2015.10.14-04.34.47:552][221]LogPackageName: SearchForPackageOnDisk took   0.106s to resolve VerticalSlice.umap
[2015.10.14-04.34.47:552][221]LogNet: Browse: /Game/Levels/VerticalSlice
[2015.10.14-04.34.47:552][221]LogLoad: LoadMap: /Game/Levels/VerticalSlice
[2015.10.14-04.34.47:581][221]LogParticles: Destroying 0 GPU particle simulations for FXSystem 0x00000023DC122840
[2015.10.14-04.34.47:581][221]Cmd: MEM
[2015.10.14-04.34.47:601][221]LogMemory: Platform Memory Stats for Windows
[2015.10.14-04.34.47:601][221]LogMemory: Process Physical Memory: 796.35 MB used, 831.24 MB peak
[2015.10.14-04.34.47:601][221]LogMemory: Process Virtual Memory: 678.46 MB used, 714.14 MB peak
[2015.10.14-04.34.47:601][221]LogMemory: Physical Memory: 10771.46 MB used, 16337.59 MB total
[2015.10.14-04.34.47:601][221]LogMemory: Virtual Memory: 1260.62 MB used, 134217728.00 MB total
[2015.10.14-04.34.47:601][221]LogMemory: 
[2015.10.14-04.34.47:601][221]Allocator Stats for TBB: (not implemented)
[2015.10.14-04.34.47:668][221]LogLinker:Warning: Can't find file '/Game/Art/Assets/VerticalSliceAssets/characterAssets/gun/gun'
[2015.10.14-04.34.47:668][221]LogLinker:Warning: Can't find file for asset '/Game/Art/Assets/VerticalSliceAssets/characterAssets/gun/gun' while loading ../../../../../../Users/Stephen Paul Mangold/Pictures/The-Curators/AlexPrototype/Content/Tech/ThirdPersonBP/Blueprints/ThirdPersonCharacter.uasset.
[2015.10.14-04.34.47:694][221]LogLinker:Warning: Can't find file '/Game/Art/Assets/VerticalSliceAssets/characterAssets/gun/gun'
[2015.10.14-04.34.47:694][221]LogLinker:Warning: Can't find file for asset '/Game/Art/Assets/VerticalSliceAssets/characterAssets/gun/gun' while loading ../../../../../../Users/Stephen Paul Mangold/Pictures/The-Curators/AlexPrototype/Content/Tech/ThirdPersonBP/Blueprints/ThirdPersonCharacter.uasset.
[2015.10.14-04.34.47:711][221]LogLinker:Warning: Can't find file '/Game/Art/Assets/VerticalSliceAssets/characterAssets/HoverBotV1/HoverBotV1'
[2015.10.14-04.34.47:711][221]LogLinker:Warning: Can't find file for asset '/Game/Art/Assets/VerticalSliceAssets/characterAssets/HoverBotV1/HoverBotV1' while loading ../../../../../../Users/Stephen Paul Mangold/Pictures/The-Curators/AlexPrototype/Content/Tech/AIGuard/AIGuardChar.uasset.
[2015.10.14-04.34.47:713][221]LogLinker:Warning: Can't find file '/Game/Art/Assets/VerticalSliceAssets/characterAssets/HoverBotV1/HoverBotV1'
[2015.10.14-04.34.47:713][221]LogLinker:Warning: Can't find file for asset '/Game/Art/Assets/VerticalSliceAssets/characterAssets/HoverBotV1/HoverBotV1' while loading ../../../../../../Users/Stephen Paul Mangold/Pictures/The-Curators/AlexPrototype/Content/Tech/AIGuard/AIGuardChar.uasset.
[2015.10.14-04.34.47:749][221]LogLinker:Warning: Can't find file '/Game/Art/Assets/VerticalSliceAssets/egyptianAssets/displayCase/displayCase'
[2015.10.14-04.34.47:749][221]LogLinker:Warning: Can't find file for asset '/Game/Art/Assets/VerticalSliceAssets/egyptianAssets/displayCase/displayCase' while loading ../../../../../../Users/Stephen Paul Mangold/Pictures/The-Curators/AlexPrototype/Content/Art/Assets/Blueprints/displayCaseBP.uasset.
[2015.10.14-04.34.47:750][221]LogLinker:Warning: Can't find file '/Game/Art/Assets/VerticalSliceAssets/egyptianAssets/displayCase/displayCase'
[2015.10.14-04.34.47:750][221]LogLinker:Warning: Can't find file for asset '/Game/Art/Assets/VerticalSliceAssets/egyptianAssets/displayCase/displayCase' while loading ../../../../../../Users/Stephen Paul Mangold/Pictures/The-Curators/AlexPrototype/Content/Art/Assets/Blueprints/displayCaseBP.uasset.
[2015.10.14-04.34.47:753][221]LogLinker:Warning: Can't find file '/Game/Art/Assets/VerticalSliceAssets/egyptianAssets/displayCaseLong/displayCaseLong'
[2015.10.14-04.34.47:753][221]LogLinker:Warning: Can't find file for asset '/Game/Art/Assets/VerticalSliceAssets/egyptianAssets/displayCaseLong/displayCaseLong' while loading ../../../../../../Users/Stephen Paul Mangold/Pictures/The-Curators/AlexPrototype/Content/Art/Assets/Blueprints/displayCaseLongBP.uasset.
[2015.10.14-04.34.47:754][221]LogLinker:Warning: Can't find file '/Game/Art/Assets/VerticalSliceAssets/egyptianAssets/displayCaseLong/displayCaseLong'
[2015.10.14-04.34.47:754][221]LogLinker:Warning: Can't find file for asset '/Game/Art/Assets/VerticalSliceAssets/egyptianAssets/displayCaseLong/displayCaseLong' while loading ../../../../../../Users/Stephen Paul Mangold/Pictures/The-Curators/AlexPrototype/Content/Art/Assets/Blueprints/displayCaseLongBP.uasset.
[2015.10.14-04.34.47:757][221]LogLinker:Warning: Can't find file '/Game/Art/Assets/VerticalSliceAssets/egyptianAssets/displayCaseShort/displayCaseShort'
[2015.10.14-04.34.47:757][221]LogLinker:Warning: Can't find file for asset '/Game/Art/Assets/VerticalSliceAssets/egyptianAssets/displayCaseShort/displayCaseShort' while loading ../../../../../../Users/Stephen Paul Mangold/Pictures/The-Curators/AlexPrototype/Content/Art/Assets/Blueprints/displayCaseShort_Blueprint.uasset.
[2015.10.14-04.34.47:758][221]LogLinker:Warning: Can't find file '/Game/Art/Assets/VerticalSliceAssets/egyptianAssets/displayCaseShort/displayCaseShort'
[2015.10.14-04.34.47:758][221]LogLinker:Warning: Can't find file for asset '/Game/Art/Assets/VerticalSliceAssets/egyptianAssets/displayCaseShort/displayCaseShort' while loading ../../../../../../Users/Stephen Paul Mangold/Pictures/The-Curators/AlexPrototype/Content/Art/Assets/Blueprints/displayCaseShort_Blueprint.uasset.
[2015.10.14-04.34.47:787][221]LogLinker:Warning: Can't find file '/Game/Art/Assets/VerticalSliceAssets/egyptianAssets/keyCard/keyCard'
[2015.10.14-04.34.47:787][221]LogLinker:Warning: Can't find file for asset '/Game/Art/Assets/VerticalSliceAssets/egyptianAssets/keyCard/keyCard' while loading ../../../../../../Users/Stephen Paul Mangold/Pictures/The-Curators/AlexPrototype/Content/Art/Assets/Blueprints/KeyCard.uasset.
[2015.10.14-04.34.47:788][221]LogLinker:Warning: Can't find file '/Game/Art/Assets/VerticalSliceAssets/egyptianAssets/keyCard/keyCard'
[2015.10.14-04.34.47:788][221]LogLinker:Warning: Can't find file for asset '/Game/Art/Assets/VerticalSliceAssets/egyptianAssets/keyCard/keyCard' while loading ../../../../../../Users/Stephen Paul Mangold/Pictures/The-Curators/AlexPrototype/Content/Art/Assets/Blueprints/KeyCard.uasset.
[2015.10.14-04.34.47:795][221]LogLinker:Warning: Can't find file '/Game/Art/Assets/VerticalSliceAssets/characterAssets/characterv2/ErichCharBlue'
[2015.10.14-04.34.47:795][221]LogLinker:Warning: Can't find file for asset '/Game/Art/Assets/VerticalSliceAssets/characterAssets/characterv2/ErichCharBlue' while loading ../../../../../../Users/Stephen Paul Mangold/Pictures/The-Curators/AlexPrototype/Content/Tech/ThirdPersonBP/Blueprints/ThirdPersonGameMode.uasset.
[2015.10.14-04.34.47:796][221]LogLinker:Warning: Can't find file '/Game/Art/Assets/VerticalSliceAssets/characterAssets/characterv2/ErichCharBlue'
[2015.10.14-04.34.47:796][221]LogLinker:Warning: Can't find file for asset '/Game/Art/Assets/VerticalSliceAssets/characterAssets/characterv2/ErichCharBlue' while loading ../../../../../../Users/Stephen Paul Mangold/Pictures/The-Curators/AlexPrototype/Content/Tech/ThirdPersonBP/Blueprints/ThirdPersonGameMode.uasset.
[2015.10.14-04.34.48:422][221]LogAIModule: Creating AISystem for world VerticalSlice
[2015.10.14-04.34.48:423][221]LogWorld: Game class is 'ThirdPersonGameMode_C'
[2015.10.14-04.34.48:517][221]LogWorld:Warning: *** WARNING - PATHS MAY NOT BE VALID ***
[2015.10.14-04.34.48:517][221]LogWorld: Bringing World /Game/Levels/UEDPIE_0_VerticalSlice.VerticalSlice up for play (max tick rate 0) at 2015.10.14-00.34.48
[2015.10.14-04.34.48:517][221]LogActor:Warning: GameSession /Game/Levels/UEDPIE_0_VerticalSlice.VerticalSlice:PersistentLevel.GameSession_3 has natively added scene component(s), but none of them were set as the actor's RootComponent - picking one arbitrarily
[2015.10.14-04.34.48:518][221]LogActor:Warning: GameNetworkManager /Game/Levels/UEDPIE_0_VerticalSlice.VerticalSlice:PersistentLevel.GameNetworkManager_3 has natively added scene component(s), but none of them were set as the actor's RootComponent - picking one arbitrarily
[2015.10.14-04.34.48:519][221]LogScript:Warning: Accessed None 'K2Node_ComponentBoundEvent_OtherActor'
	AIGuardChar_C /Game/Levels/UEDPIE_0_VerticalSlice.VerticalSlice:PersistentLevel.AIGuardChar_C_3
	Function /Game/Tech/AIGuard/AIGuardChar.AIGuardChar_C:ExecuteUbergraph_AIGuardChar:039D
[2015.10.14-04.34.48:519][221]PIE:Error: Error Accessed None 'K2Node_ComponentBoundEvent_OtherActor' from node Branch in graph 'EventGraph' in blueprint AIGuardChar
[2015.10.14-04.34.48:519][221]LogScript:Warning: Accessed None 'K2Node_ComponentBoundEvent_OtherActor'
	AIGuardChar_C /Game/Levels/UEDPIE_0_VerticalSlice.VerticalSlice:PersistentLevel.AIGuardChar_C_3
	Function /Game/Tech/AIGuard/AIGuardChar.AIGuardChar_C:ExecuteUbergraph_AIGuardChar:032B
[2015.10.14-04.34.48:520][221]PIE:Error: Error Accessed None 'K2Node_ComponentBoundEvent_OtherActor' from node Branch in graph 'EventGraph' in blueprint AIGuardChar
[2015.10.14-04.34.48:520][221]LogScript:Warning: Accessed None 'K2Node_ComponentBoundEvent_OtherActor'
	AIGuardChar_C /Game/Levels/UEDPIE_0_VerticalSlice.VerticalSlice:PersistentLevel.AIGuardChar_C_3
	Function /Game/Tech/AIGuard/AIGuardChar.AIGuardChar_C:ExecuteUbergraph_AIGuardChar:039D
[2015.10.14-04.34.48:520][221]PIE:Error: Error Accessed None 'K2Node_ComponentBoundEvent_OtherActor' from node Branch in graph 'EventGraph' in blueprint AIGuardChar
[2015.10.14-04.34.48:520][221]LogScript:Warning: Accessed None 'K2Node_ComponentBoundEvent_OtherActor'
	AIGuardChar_C /Game/Levels/UEDPIE_0_VerticalSlice.VerticalSlice:PersistentLevel.AIGuardChar_C_3
	Function /Game/Tech/AIGuard/AIGuardChar.AIGuardChar_C:ExecuteUbergraph_AIGuardChar:032B
[2015.10.14-04.34.48:520][221]PIE:Error: Error Accessed None 'K2Node_ComponentBoundEvent_OtherActor' from node Branch in graph 'EventGraph' in blueprint AIGuardChar
[2015.10.14-04.34.48:527][221]LogWorld: Bringing up level for play took: 0.101844
[2015.10.14-04.34.48:532][221]LogBlueprintUserMessages: Hello
[2015.10.14-04.34.48:532][221]LogBlueprintUserMessages: Hello
[2015.10.14-04.34.48:532][221]LogBlueprintUserMessages: Hello
[2015.10.14-04.34.48:532][221]LogBlueprintUserMessages: Hello
[2015.10.14-04.34.48:532][221]LogBlueprintUserMessages: Hello
[2015.10.14-04.34.48:533][221]LogBlueprintUserMessages: Hello
[2015.10.14-04.34.48:555][222]LogBlueprintUserMessages: I can see you
[2015.10.14-04.34.48:555][222]LogBlueprintUserMessages: I can see you
[2015.10.14-04.34.49:058][252]LogBlueprintUserMessages: I can see you
[2015.10.14-04.34.49:058][252]LogBlueprintUserMessages: I can see you
[2015.10.14-04.34.49:569][283]LogBlueprintUserMessages: I can see you
[2015.10.14-04.34.49:569][283]LogBlueprintUserMessages: I can see you
[2015.10.14-04.34.50:078][313]LogBlueprintUserMessages: I can see you
[2015.10.14-04.34.50:078][313]LogBlueprintUserMessages: I can see you
[2015.10.14-04.34.50:591][344]LogBlueprintUserMessages: I can see you
[2015.10.14-04.34.50:591][344]LogBlueprintUserMessages: I can see you
[2015.10.14-04.34.51:104][377]LogBlueprintUserMessages: I can see you
[2015.10.14-04.34.51:104][377]LogBlueprintUserMessages: I can see you
[2015.10.14-04.34.51:609][409]LogBlueprintUserMessages: I can see you
[2015.10.14-04.34.51:609][409]LogBlueprintUserMessages: I can see you
[2015.10.14-04.34.52:119][439]LogBlueprintUserMessages: I can see you
[2015.10.14-04.34.52:119][439]LogBlueprintUserMessages: I can see you
[2015.10.14-04.34.52:621][469]LogBlueprintUserMessages: I can see you
[2015.10.14-04.34.52:621][469]LogBlueprintUserMessages: I can see you
[2015.10.14-04.34.53:122][499]LogBlueprintUserMessages: I can see you
[2015.10.14-04.34.53:122][499]LogBlueprintUserMessages: I can see you
[2015.10.14-04.34.53:627][530]LogBlueprintUserMessages: I can see you
[2015.10.14-04.34.53:627][530]LogBlueprintUserMessages: I can see you
[2015.10.14-04.34.54:127][560]LogBlueprintUserMessages: I can see you
[2015.10.14-04.34.54:127][560]LogBlueprintUserMessages: I can see you
[2015.10.14-04.34.54:508][578]LogParticles: Destroying 0 GPU particle simulations for FXSystem 0x00000023DBEF3240
[2015.10.14-04.34.54:512][578]LogD3D11RHI: InitD3DDevice
[2015.10.14-04.34.56:879][836]LogD3D11RHI: InitD3DDevice
[2015.10.14-04.34.58:501][836]LogD3D11RHI: InitD3DDevice
[2015.10.14-04.34.58:788][836]LogSavePackage: Save=77.523224ms
[2015.10.14-04.34.58:788][836]LogSavePackage: Moving '../../../../../../Users/Stephen Paul Mangold/Pictures/The-Curators/AlexPrototype/Saved/Minimal_DefaultA6EF346A4A0D7DEC9AAE7ABD567CE6D5.tmp' to '../../../../../../Users/Stephen Paul Mangold/Pictures/The-Curators/AlexPrototype/Content/StarterContent/Maps/Minimal_Default.umap'
[2015.10.14-04.34.58:878][836]LogFileHelpers: Saving map 'Minimal_Default' took 0.361
[2015.10.14-04.34.58:909][836]LogSavePackage: Save=6.380728ms
[2015.10.14-04.34.58:909][836]LogSavePackage: Moving '../../../../../../Users/Stephen Paul Mangold/Pictures/The-Curators/AlexPrototype/Saved/ThirdPersonGameMode74D71CD343DE164F3FAB1A92E9051FEC.tmp' to '../../../../../../Users/Stephen Paul Mangold/Pictures/The-Curators/AlexPrototype/Content/Tech/ThirdPersonBP/Blueprints/ThirdPersonGameMode.uasset'
[2015.10.14-04.34.59:059][836]LogWindowsTextInputMethodSystem:Display: IME system now deactivated.
[2015.10.14-04.34.59:318][837]Cmd: QUIT_EDITOR
[2015.10.14-04.35.00:482][837]LogExit: Preparing to exit.
[2015.10.14-04.35.01:691][837]LogExit: Editor shut down
[2015.10.14-04.35.01:691][837]LogExit: Transaction tracking system shut down
[2015.10.14-04.35.01:692][837]LogParticles: Destroying 0 GPU particle simulations for FXSystem 0x00000023DCAEA160
[2015.10.14-04.35.01:692][837]LogParticles: Destroying 0 GPU particle simulations for FXSystem 0x00000023DCA06FC0
[2015.10.14-04.35.01:692][837]LogParticles: Destroying 0 GPU particle simulations for FXSystem 0x00000023DA5B0900
[2015.10.14-04.35.01:825][837]LogExit: Object subsystem successfully closed.
[2015.10.14-04.35.01:832][837]LogD3D11RHI: Shutdown
[2015.10.14-04.35.01:832][837]LogD3D11RHI: CleanupD3DDevice
[2015.10.14-04.35.01:879][837]LogD3D11RHI: ~FD3D11DynamicRHI
[2015.10.14-04.35.01:905][837]LogModuleManager: Shutting down and abandoning module CrashTracker (188)
[2015.10.14-04.35.01:905][837]LogModuleManager: Shutting down and abandoning module SceneOutliner (187)
[2015.10.14-04.35.01:905][837]LogModuleManager: Shutting down and abandoning module SuperSearch (186)
[2015.10.14-04.35.01:905][837]LogModuleManager: Shutting down and abandoning module WidgetCarousel (185)
[2015.10.14-04.35.01:905][837]LogModuleManager: Shutting down and abandoning module AddContentDialog (184)
[2015.10.14-04.35.01:905][837]LogModuleManager: Shutting down and abandoning module EditorWidgets (183)
[2015.10.14-04.35.01:905][837]LogModuleManager: Shutting down and abandoning module CollectionManager (182)
[2015.10.14-04.35.01:906][837]LogModuleManager: Shutting down and abandoning module StatsViewer (181)
[2015.10.14-04.35.01:906][837]LogModuleManager: Shutting down and abandoning module FoliageEdit (180)
[2015.10.14-04.35.01:906][837]LogModuleManager: Shutting down and abandoning module LandscapeEditor (179)
[2015.10.14-04.35.01:906][837]LogModuleManager: Shutting down and abandoning module ActorPickerMode (178)
[2015.10.14-04.35.01:906][837]LogModuleManager: Shutting down and abandoning module GeometryMode (177)
[2015.10.14-04.35.01:906][837]LogModuleManager: Shutting down and abandoning module TextureAlignMode (176)
[2015.10.14-04.35.01:906][837]LogModuleManager: Shutting down and abandoning module BspMode (175)
[2015.10.14-04.35.01:906][837]LogModuleManager: Shutting down and abandoning module PlacementMode (174)
[2015.10.14-04.35.01:906][837]LogModuleManager: Shutting down and abandoning module AutomationWorker (173)
[2015.10.14-04.35.01:906][837]LogModuleManager: Shutting down and abandoning module CharacterAI (172)
[2015.10.14-04.35.01:906][837]LogModuleManager: Shutting down and abandoning module SmartSnapping (171)
[2015.10.14-04.35.01:906][837]LogModuleManager: Shutting down and abandoning module ViewportSnapping (170)
[2015.10.14-04.35.01:906][837]LogModuleManager: Shutting down and abandoning module LogVisualizer (169)
[2015.10.14-04.35.01:906][837]LogModuleManager: Shutting down and abandoning module GameProjectGeneration (168)
[2015.10.14-04.35.01:906][837]LogModuleManager: Shutting down and abandoning module IntroTutorials (167)
[2015.10.14-04.35.01:906][837]LogModuleManager: Shutting down and abandoning module EditorLiveStreaming (166)
[2015.10.14-04.35.01:906][837]LogModuleManager: Shutting down and abandoning module IOSPlatformEditor (165)
[2015.10.14-04.35.01:906][837]LogModuleManager: Shutting down and abandoning module HTML5PlatformEditor (164)
[2015.10.14-04.35.01:906][837]LogModuleManager: Shutting down and abandoning module AndroidDeviceDetection (163)
[2015.10.14-04.35.02:254][837]LogModuleManager: Shutting down and abandoning module AndroidPlatformEditor (162)
[2015.10.14-04.35.02:254][837]LogModuleManager: Shutting down and abandoning module IOSRuntimeSettings (161)
[2015.10.14-04.35.02:254][837]LogModuleManager: Shutting down and abandoning module AndroidRuntimeSettings (160)
[2015.10.14-04.35.02:254][837]LogModuleManager: Shutting down and abandoning module MergeActors (159)
[2015.10.14-04.35.02:254][837]LogModuleManager: Shutting down and abandoning module SizeMap (158)
[2015.10.14-04.35.02:254][837]LogModuleManager: Shutting down and abandoning module TreeMap (157)
[2015.10.14-04.35.02:254][837]LogModuleManager: Shutting down and abandoning module ReferenceViewer (156)
[2015.10.14-04.35.02:254][837]LogModuleManager: Shutting down and abandoning module LocalizationDashboard (155)
[2015.10.14-04.35.02:254][837]LogModuleManager: Shutting down and abandoning module HardwareTargeting (154)
[2015.10.14-04.35.02:254][837]LogModuleManager: Shutting down and abandoning module DeviceProfileEditor (153)
[2015.10.14-04.35.02:254][837]LogModuleManager: Shutting down and abandoning module UndoHistory (152)
[2015.10.14-04.35.02:254][837]LogModuleManager: Shutting down and abandoning module GameplayTagsEditor (151)
[2015.10.14-04.35.02:254][837]LogModuleManager: Shutting down and abandoning module UserFeedback (150)
[2015.10.14-04.35.02:254][837]LogModuleManager: Shutting down and abandoning module XmlParser (149)
[2015.10.14-04.35.02:254][837]LogModuleManager: Shutting down and abandoning module Blutility (148)
[2015.10.14-04.35.02:254][837]LogModuleManager: Shutting down and abandoning module ProjectTargetPlatformEditor (147)
[2015.10.14-04.35.02:255][837]LogModuleManager: Shutting down and abandoning module ProjectSettingsViewer (146)
[2015.10.14-04.35.02:255][837]LogModuleManager: Shutting down and abandoning module InputBindingEditor (145)
[2015.10.14-04.35.02:255][837]LogModuleManager: Shutting down and abandoning module EditorSettingsViewer (144)
[2015.10.14-04.35.02:255][837]LogModuleManager: Shutting down and abandoning module SettingsEditor (143)
[2015.10.14-04.35.02:255][837]LogModuleManager: Shutting down and abandoning module ProjectLauncher (142)
[2015.10.14-04.35.02:255][837]LogModuleManager: Shutting down and abandoning module SessionFrontend (141)
[2015.10.14-04.35.02:255][837]LogModuleManager: Shutting down and abandoning module ProfilerClient (140)
[2015.10.14-04.35.02:255][837]LogModuleManager: Shutting down and abandoning module TargetDeviceServices (139)
[2015.10.14-04.35.02:255][837]LogModuleManager: Shutting down and abandoning module DeviceManager (138)
[2015.10.14-04.35.02:255][837]LogModuleManager: Shutting down and abandoning module AutomationController (137)
[2015.10.14-04.35.02:255][837]LogModuleManager: Shutting down and abandoning module AutomationWindow (136)
[2015.10.14-04.35.02:255][837]LogModuleManager: Shutting down and abandoning module Layers (135)
[2015.10.14-04.35.02:255][837]LogModuleManager: Shutting down and abandoning module ComponentVisualizers (134)
[2015.10.14-04.35.02:255][837]LogModuleManager: Shutting down and abandoning module DetailCustomizations (133)
[2015.10.14-04.35.02:256][837]LogModuleManager: Shutting down and abandoning module PackagesDialog (132)
[2015.10.14-04.35.02:256][837]LogModuleManager: Shutting down and abandoning module AssetRegistry (131)
[2015.10.14-04.35.02:368][837]LogModuleManager: Shutting down and abandoning module Persona (130)
[2015.10.14-04.35.02:369][837]LogModuleManager: Shutting down and abandoning module Kismet (129)
[2015.10.14-04.35.02:369][837]LogModuleManager: Shutting down and abandoning module GraphEditor (128)
[2015.10.14-04.35.02:369][837]LogModuleManager: Shutting down and abandoning module ClassViewer (127)
[2015.10.14-04.35.02:371][837]LogModuleManager: Shutting down and abandoning module Toolbox (126)
[2015.10.14-04.35.02:371][837]LogModuleManager: Shutting down and abandoning module ModuleUI (125)
[2015.10.14-04.35.02:371][837]LogModuleManager: Shutting down and abandoning module MovieSceneTools (124)
[2015.10.14-04.35.02:371][837]LogModuleManager: Shutting down and abandoning module OutputLog (123)
[2015.10.14-04.35.02:371][837]LogModuleManager: Shutting down and abandoning module GammaUI (122)
[2015.10.14-04.35.02:371][837]LogModuleManager: Shutting down and abandoning module Documentation (121)
[2015.10.14-04.35.02:371][837]LogModuleManager: Shutting down and abandoning module GameLiveStreaming (120)
[2015.10.14-04.35.02:371][837]LogModuleManager: Shutting down and abandoning module StreamingPauseRendering (119)
[2015.10.14-04.35.02:371][837]LogModuleManager: Shutting down and abandoning module AnalyticsET (118)
[2015.10.14-04.35.02:371][837]LogModuleManager: Shutting down and abandoning module Analytics (117)
[2015.10.14-04.35.02:371][837]LogModuleManager: Shutting down and abandoning module AITestSuite (116)
[2015.10.14-04.35.02:371][837]LogModuleManager: Shutting down and abandoning module GameplayDebugger (115)
[2015.10.14-04.35.02:371][837]LogModuleManager: Shutting down and abandoning module AIModule (114)
[2015.10.14-04.35.02:371][837]LogModuleManager: Shutting down and abandoning module ProfilerService (113)
[2015.10.14-04.35.02:551][837]LogModuleManager: Shutting down and abandoning module TaskGraph (112)
[2015.10.14-04.35.02:551][837]LogModuleManager: Shutting down and abandoning module SlateRemote (111)
[2015.10.14-04.35.02:551][837]LogModuleManager: Shutting down and abandoning module SteamVRController (110)
[2015.10.14-04.35.02:551][837]LogModuleManager: Shutting down and abandoning module SteamVR (109)
[2015.10.14-04.35.02:551][837]LogModuleManager: Shutting down and abandoning module ProceduralMeshComponent (108)
[2015.10.14-04.35.02:551][837]LogModuleManager: Shutting down and abandoning module OculusRift (107)
[2015.10.14-04.35.02:551][837]LogModuleManager: Shutting down and abandoning module LeapMotionController (106)
[2015.10.14-04.35.02:611][837]LogModuleManager: Shutting down and abandoning module CustomMeshComponent (105)
[2015.10.14-04.35.02:611][837]LogModuleManager: Shutting down and abandoning module CableComponent (104)
[2015.10.14-04.35.02:611][837]LogModuleManager: Shutting down and abandoning module MessagingDebugger (103)
[2015.10.14-04.35.02:611][837]LogModuleManager: Shutting down and abandoning module MediaPlayerEditor (102)
[2015.10.14-04.35.02:611][837]LogModuleManager: Shutting down and abandoning module SpeedTreeImporter (101)
[2015.10.14-04.35.02:611][837]LogModuleManager: Shutting down and abandoning module PluginBrowser (100)
[2015.10.14-04.35.02:611][837]LogModuleManager: Shutting down and abandoning module EpicSurvey (99)
[2015.10.14-04.35.02:611][837]LogModuleManager: Shutting down and abandoning module DesktopPlatform (98)
[2015.10.14-04.35.02:611][837]LogModuleManager: Shutting down and abandoning module VisualStudioSourceCodeAccess (97)
[2015.10.14-04.35.02:611][837]LogModuleManager: Shutting down and abandoning module UObjectPlugin (96)
[2015.10.14-04.35.02:611][837]LogModuleManager: Shutting down and abandoning module SubversionSourceControl (95)
[2015.10.14-04.35.02:611][837]LogModuleManager: Shutting down and abandoning module PerforceSourceControl (94)
[2015.10.14-04.35.02:611][837]LogModuleManager: Shutting down and abandoning module SourceControl (93)
[2015.10.14-04.35.02:611][837]LogModuleManager: Shutting down and abandoning module GitSourceControl (92)
[2015.10.14-04.35.02:611][837]LogModuleManager: Shutting down and abandoning module BlankPlugin (91)
[2015.10.14-04.35.02:611][837]LogModuleManager: Shutting down and abandoning module PaperTiledImporter (90)
[2015.10.14-04.35.02:611][837]LogModuleManager: Shutting down and abandoning module PaperSpriteSheetImporter (89)
[2015.10.14-04.35.02:611][837]LogModuleManager: Shutting down and abandoning module MeshPaint (88)
[2015.10.14-04.35.02:611][837]LogModuleManager: Shutting down and abandoning module SlateReflector (87)
[2015.10.14-04.35.02:611][837]LogModuleManager: Shutting down and abandoning module DirectoryWatcher (86)
[2015.10.14-04.35.02:612][837]LogModuleManager: Shutting down and abandoning module HotReload (85)
[2015.10.14-04.35.02:612][837]LogModuleManager: Shutting down and abandoning module MainFrame (84)
[2015.10.14-04.35.02:612][837]LogModuleManager: Shutting down and abandoning module LevelEditor (83)
[2015.10.14-04.35.02:614][837]LogModuleManager: Shutting down and abandoning module ContentBrowser (82)
[2015.10.14-04.35.02:615][837]LogModuleManager: Shutting down and abandoning module Paper2DEditor (81)
[2015.10.14-04.35.02:615][837]LogModuleManager: Shutting down and abandoning module UdpMessaging (80)
[2015.10.14-04.35.02:716][837]LogModuleManager: Shutting down and abandoning module Paper2D (79)
[2015.10.14-04.35.02:716][837]LogModuleManager: Shutting down and abandoning module WindowsMoviePlayer (78)
[2015.10.14-04.35.02:725][837]LogModuleManager: Shutting down and abandoning module Media (77)
[2015.10.14-04.35.02:725][837]LogModuleManager: Shutting down and abandoning module WmfMedia (76)
[2015.10.14-04.35.02:726][837]LogModuleManager: Shutting down and abandoning module OnlineBlueprintSupport (75)
[2015.10.14-04.35.02:726][837]LogModuleManager: Shutting down and abandoning module PropertyEditor (74)
[2015.10.14-04.35.02:726][837]LogModuleManager: Shutting down and abandoning module BehaviorTreeEditor (73)
[2015.10.14-04.35.02:726][837]LogModuleManager: Shutting down and abandoning module FunctionalTesting (72)
[2015.10.14-04.35.02:726][837]LogModuleManager: Shutting down and abandoning module CollisionAnalyzer (71)
[2015.10.14-04.35.02:726][837]LogModuleManager: Shutting down and abandoning module WorkspaceMenuStructure (70)
[2015.10.14-04.35.02:726][837]LogModuleManager: Shutting down and abandoning module MessageLog (69)
[2015.10.14-04.35.02:726][837]LogModuleManager: Shutting down and abandoning module Sequencer (68)
[2015.10.14-04.35.02:726][837]LogModuleManager: Shutting down and abandoning module AssetTools (67)
[2015.10.14-04.35.02:726][837]LogModuleManager: Shutting down and abandoning module UMGEditor (66)
[2015.10.14-04.35.02:727][837]LogModuleManager: Shutting down and abandoning module UMG (65)
[2015.10.14-04.35.02:727][837]LogModuleManager: Shutting down and abandoning module Slate (64)
[2015.10.14-04.35.02:727][837]LogModuleManager: Shutting down and abandoning module EditorStyle (63)
[2015.10.14-04.35.02:736][837]LogModuleManager: Shutting down and abandoning module SessionServices (62)
[2015.10.14-04.35.02:736][837]LogModuleManager: Shutting down and abandoning module SourceCodeAccess (61)
[2015.10.14-04.35.02:736][837]LogModuleManager: Shutting down and abandoning module HeadMountedDisplay (60)
[2015.10.14-04.35.02:736][837]LogModuleManager: Shutting down and abandoning module XAudio2 (59)
[2015.10.14-04.35.02:736][837]LogModuleManager: Shutting down and abandoning module Networking (57)
[2015.10.14-04.35.02:736][837]LogModuleManager: Shutting down and abandoning module Core (56)
[2015.10.14-04.35.02:736][837]LogModuleManager: Shutting down and abandoning module KismetCompiler (55)
[2015.10.14-04.35.02:736][837]LogModuleManager: Shutting down and abandoning module PhysXFormats (54)
[2015.10.14-04.35.02:736][837]LogModuleManager: Shutting down and abandoning module MeshUtilities (53)
[2015.10.14-04.35.02:736][837]LogModuleManager: Shutting down and abandoning module DerivedDataCache (52)
[2015.10.14-04.35.02:781][837]LogDerivedDataCache: Shutdown
[2015.10.14-04.35.02:781][837]LogModuleManager: Shutting down and abandoning module ShaderFormatOpenGL (51)
[2015.10.14-04.35.02:781][837]LogModuleManager: Shutting down and abandoning module ShaderFormatD3D (50)
[2015.10.14-04.35.02:781][837]LogModuleManager: Shutting down and abandoning module MetalShaderFormat (49)
[2015.10.14-04.35.02:781][837]LogModuleManager: Shutting down and abandoning module TextureFormatUncompressed (48)
[2015.10.14-04.35.02:781][837]LogModuleManager: Shutting down and abandoning module TextureFormatPVR (47)
[2015.10.14-04.35.02:781][837]LogModuleManager: Shutting down and abandoning module TextureFormatIntelISPCTexComp (46)
[2015.10.14-04.35.02:781][837]LogModuleManager: Shutting down and abandoning module TextureFormatDXT (45)
[2015.10.14-04.35.02:781][837]LogModuleManager: Shutting down and abandoning module ImageWrapper (44)
[2015.10.14-04.35.02:781][837]LogModuleManager: Shutting down and abandoning module TextureFormatASTC (43)
[2015.10.14-04.35.02:781][837]LogModuleManager: Shutting down and abandoning module TextureFormatAndroid (42)
[2015.10.14-04.35.02:781][837]LogModuleManager: Shutting down and abandoning module AudioFormatOpus (41)
[2015.10.14-04.35.02:781][837]LogModuleManager: Shutting down and abandoning module AudioFormatOgg (40)
[2015.10.14-04.35.02:781][837]LogModuleManager: Shutting down and abandoning module AudioFormatADPCM (39)
[2015.10.14-04.35.02:781][837]LogModuleManager: Shutting down and abandoning module LinuxTargetPlatform (38)
[2015.10.14-04.35.02:781][837]LogModuleManager: Shutting down and abandoning module LinuxServerTargetPlatform (37)
[2015.10.14-04.35.02:782][837]LogModuleManager: Shutting down and abandoning module LinuxNoEditorTargetPlatform (36)
[2015.10.14-04.35.02:782][837]LogModuleManager: Shutting down and abandoning module Messaging (35)
[2015.10.14-04.35.02:782][837]LogModuleManager: Shutting down and abandoning module IOSTargetPlatform (34)
[2015.10.14-04.35.02:782][837]LogModuleManager: Shutting down and abandoning module HTML5TargetPlatform (33)
[2015.10.14-04.35.02:782][837]LogModuleManager: Shutting down and abandoning module Android_PVRTCTargetPlatform (32)
[2015.10.14-04.35.02:782][837]LogModuleManager: Shutting down and abandoning module Android_ETC2TargetPlatform (31)
[2015.10.14-04.35.02:782][837]LogModuleManager: Shutting down and abandoning module Android_ETC1TargetPlatform (30)
[2015.10.14-04.35.02:782][837]LogModuleManager: Shutting down and abandoning module Android_DXTTargetPlatform (29)
[2015.10.14-04.35.02:782][837]LogModuleManager: Shutting down and abandoning module Android_ATCTargetPlatform (28)
[2015.10.14-04.35.02:782][837]LogModuleManager: Shutting down and abandoning module Android_ASTCTargetPlatform (27)
[2015.10.14-04.35.02:782][837]LogModuleManager: Shutting down and abandoning module AndroidTargetPlatform (26)
[2015.10.14-04.35.02:782][837]LogModuleManager: Shutting down and abandoning module WindowsTargetPlatform (25)
[2015.10.14-04.35.02:782][837]LogModuleManager: Shutting down and abandoning module WindowsServerTargetPlatform (24)
[2015.10.14-04.35.02:782][837]LogModuleManager: Shutting down and abandoning module WindowsNoEditorTargetPlatform (23)
[2015.10.14-04.35.02:782][837]LogModuleManager: Shutting down and abandoning module WindowsClientTargetPlatform (22)
[2015.10.14-04.35.02:782][837]LogModuleManager: Shutting down and abandoning module DesktopTargetPlatform (21)
[2015.10.14-04.35.02:782][837]LogModuleManager: Shutting down and abandoning module TargetPlatform (20)
[2015.10.14-04.35.02:782][837]LogModuleManager: Shutting down and abandoning module InputCore (19)
[2015.10.14-04.35.02:782][837]LogModuleManager: Shutting down and abandoning module Settings (18)
[2015.10.14-04.35.02:782][837]LogModuleManager: Shutting down and abandoning module OnlineSubsystem (16)
[2015.10.14-04.35.02:782][837]LogModuleManager: Shutting down and abandoning module HTTP (15)
[2015.10.14-04.35.02:783][837]LogModuleManager: Shutting down and abandoning module ExampleDeviceProfileSelector (14)
[2015.10.14-04.35.02:783][837]LogModuleManager: Shutting down and abandoning module TextureCompressor (13)
[2015.10.14-04.35.02:783][837]LogModuleManager: Shutting down and abandoning module ShaderCore (12)
[2015.10.14-04.35.02:783][837]LogModuleManager: Shutting down and abandoning module Landscape (11)
[2015.10.14-04.35.02:783][837]LogModuleManager: Shutting down and abandoning module SlateRHIRenderer (10)
[2015.10.14-04.35.02:786][837]LogModuleManager: Shutting down and abandoning module OpenGLDrv (9)
[2015.10.14-04.35.02:786][837]LogModuleManager: Shutting down and abandoning module D3D11RHI (8)
[2015.10.14-04.35.02:786][837]LogModuleManager: Shutting down and abandoning module Renderer (7)
[2015.10.14-04.35.02:786][837]LogModuleManager: Shutting down and abandoning module Engine (6)
[2015.10.14-04.35.02:786][837]LogModuleManager: Shutting down and abandoning module CoreUObject (5)
[2015.10.14-04.35.02:786][837]LogModuleManager: Shutting down and abandoning module NetworkFile (4)
[2015.10.14-04.35.02:786][837]LogModuleManager: Shutting down and abandoning module StreamingFile (3)
[2015.10.14-04.35.02:786][837]LogModuleManager: Shutting down and abandoning module SandboxFile (2)
[2015.10.14-04.35.02:786][837]LogModuleManager: Shutting down and abandoning module PakFile (1)
[2015.10.14-04.35.02:788][837]LogExit: Exiting.
[2015.10.14-04.35.02:792][837]Log file closed, 10/14/15 00:35:02
