[2015.12.05-22.52.19:787][  0]Log file open, 12/05/15 17:52:19
[2015.12.05-22.52.19:787][  0]LogInit:Display: Running engine for game: MyProject
[2015.12.05-22.52.19:787][  0]LogInit:Display: RandInit(1381795574) SRandInit(1381795575).
[2015.12.05-22.52.19:787][  0]LogTaskGraph: Started task graph with 4 named threads and 7 total threads.
[2015.12.05-22.52.19:787][  0]LogStats: Stats thread started
[2015.12.05-22.52.19:787][  0]LogInit: Version: 4.8.3-2634408+++depot+UE4-Releases+4.8
[2015.12.05-22.52.19:787][  0]LogInit: API Version: 2579680
[2015.12.05-22.52.19:787][  0]LogInit: Compiled (64-bit): Jul 27 2015 16:24:33
[2015.12.05-22.52.19:787][  0]LogInit: Compiled with Visual C++: 18.00.21005.01
[2015.12.05-22.52.19:787][  0]LogInit: Build Configuration: Development
[2015.12.05-22.52.19:787][  0]LogInit: Branch Name: ++depot+UE4-Releases+4.8
[2015.12.05-22.52.19:787][  0]LogInit: Command line:  
[2015.12.05-22.52.19:787][  0]LogInit: Base directory: C:/Program Files/Unreal Engine/4.8/Engine/Binaries/Win64/
[2015.12.05-22.52.19:787][  0]LogInit: Rocket: 1
[2015.12.05-22.52.19:814][  0]LogInit: Using libcurl 7.41.0
[2015.12.05-22.52.19:814][  0]LogInit:  - built for x86_64-pc-win32
[2015.12.05-22.52.19:814][  0]LogInit:  - supports SSL with WinSSL
[2015.12.05-22.52.19:814][  0]LogInit:  - other features:
[2015.12.05-22.52.19:814][  0]LogInit:      CURL_VERSION_SSL
[2015.12.05-22.52.19:814][  0]LogInit:      CURL_VERSION_IPV6
[2015.12.05-22.52.19:814][  0]LogInit:      CURL_VERSION_ASYNCHDNS
[2015.12.05-22.52.19:814][  0]LogInit:      CURL_VERSION_LARGEFILE
[2015.12.05-22.52.19:814][  0]LogInit:      CURL_VERSION_IDN
[2015.12.05-22.52.19:814][  0]LogInit:  CurlRequestOptions (configurable via config and command line):
[2015.12.05-22.52.19:814][  0]LogInit:  - bVerifyPeer = true  - Libcurl will verify peer certificate
[2015.12.05-22.52.19:814][  0]LogInit:  - bUseHttpProxy = false  - Libcurl will NOT use HTTP proxy
[2015.12.05-22.52.19:814][  0]LogInit:  - bDontReuseConnections = false  - Libcurl will reuse connections
[2015.12.05-22.52.19:814][  0]LogInit:  - CertBundlePath = nullptr  - Libcurl will use whatever was configured at build time.
[2015.12.05-22.52.19:834][  0]LogOnline:Warning: No default platform service specified for OnlineSubsystem
[2015.12.05-22.52.19:861][  0]LogInit: Presizing for 0 objects not considered by GC, pre-allocating 0 bytes.
[2015.12.05-22.52.19:869][  0]LogInit: Object subsystem initialized
[2015.12.05-22.52.19:870][  0]LogConsoleResponse:Warning: Skipping Unknown console variable: 'TranslucentSortAxis = (X=0.000000,Y=-1.000000,Z=0.000000)'
[2015.12.05-22.52.19:870][  0]LogConsoleResponse:Warning:   Found in ini file 'C:/d/The-Curators/AlexPrototype/Saved/Config/Windows/Engine.ini', in section '[/Script/Engine.RendererSettings]'
[2015.12.05-22.52.19:870][  0]LogConsoleResponse:Warning: Skipping Unknown console variable: 'UIScaleRule = ShortestSide'
[2015.12.05-22.52.19:870][  0]LogConsoleResponse:Warning:   Found in ini file 'C:/d/The-Curators/AlexPrototype/Saved/Config/Windows/Engine.ini', in section '[/Script/Engine.RendererSettings]'
[2015.12.05-22.52.19:870][  0]LogConsoleResponse:Warning: Skipping Unknown console variable: 'UIScaleCurve = (EditorCurveData=(Keys=),ExternalCurve=None)'
[2015.12.05-22.52.19:870][  0]LogConsoleResponse:Warning:   Found in ini file 'C:/d/The-Curators/AlexPrototype/Saved/Config/Windows/Engine.ini', in section '[/Script/Engine.RendererSettings]'
[2015.12.05-22.52.19:870][  0]LogInit: Selected Device Profile: [Windows]
[2015.12.05-22.52.19:870][  0]LogInit: Applying CVar settings loaded from the selected device profile: [Windows]
[2015.12.05-22.52.19:881][  0]LogInit: Computer: STEPHENMANGOLD1
[2015.12.05-22.52.19:881][  0]LogInit: User: StephenPaulMangold
[2015.12.05-22.52.19:881][  0]LogInit: CPU Page size=4096, Cores=4
[2015.12.05-22.52.19:881][  0]LogInit: High frequency timer resolution =3.312785 MHz
[2015.12.05-22.52.19:881][  0]LogMemory: Memory total: Physical=16.0GB (16GB approx)
[2015.12.05-22.52.19:881][  0]LogMemory: Platform Memory Stats for Windows
[2015.12.05-22.52.19:881][  0]LogMemory: Process Physical Memory: 52.97 MB used, 52.97 MB peak
[2015.12.05-22.52.19:881][  0]LogMemory: Process Virtual Memory: 25.47 MB used, 25.47 MB peak
[2015.12.05-22.52.19:881][  0]LogMemory: Physical Memory: 8160.33 MB used, 16337.60 MB total
[2015.12.05-22.52.19:881][  0]LogMemory: Virtual Memory: 295.58 MB used, 134217728.00 MB total
[2015.12.05-22.52.19:963][  0]LogTextLocalizationManager: The requested culture ('en_US') has no localization data; parent culture's ('en') localization data will be used.
[2015.12.05-22.52.20:168][  0]LogTextLocalizationManager:Warning: Loaded localization resources contain conflicting entries for (Namespace:ContentBrowser, Key:ImportAssetToolTip):
Localization Resource: (C:/Program Files/Unreal Engine/4.8/Engine/Content/Localization/Editor/en/Editor.locres) Source String Hash: (-630476809) Localized String: (Import to {0}...)
Localization Resource: (C:/Program Files/Unreal Engine/4.8/Engine/Content/Localization/Editor/en/Editor.locres) Source String Hash: (1271782899) Localized String: (Imports an asset from file to this folder.)
[2015.12.05-22.52.20:621][  0]LogD3D11RHI: Found D3D11 adapter 0: AMD Radeon HD 7700 Series (Feature Level 11_0)
[2015.12.05-22.52.20:621][  0]LogD3D11RHI: Adapter has 2006MB of dedicated video memory, 0MB of dedicated system memory, and 3840MB of shared system memory, 1 output[s]
[2015.12.05-22.52.20:623][  0]LogD3D11RHI: Found D3D11 adapter 1: Microsoft Basic Render Driver (Feature Level 11_0)
[2015.12.05-22.52.20:623][  0]LogD3D11RHI: Adapter has 0MB of dedicated video memory, 0MB of dedicated system memory, and 256MB of shared system memory, 0 output[s]
[2015.12.05-22.52.20:623][  0]LogD3D11RHI: Chosen D3D11 Adapter Id = 0
[2015.12.05-22.52.20:629][  0]LogD3D11RHI: InitD3DDevice
[2015.12.05-22.52.20:629][  0]LogD3D11RHI: !Direct3DDevice
[2015.12.05-22.52.20:629][  0]LogRHI: Texture pool is 1361 MB (70% of 1945 MB)
[2015.12.05-22.52.20:643][  0]LogD3D11RHI: Async texture creation disabled: no driver support
[2015.12.05-22.52.20:655][  0]LogShaderCompilers:Display: Using Local Shader Compiler.
[2015.12.05-22.52.21:710][  0]LogTemp:Display: Loaded TP DesktopTargetPlatform
[2015.12.05-22.52.21:737][  0]LogTemp:Display: Loaded TP WindowsClientTargetPlatform
[2015.12.05-22.52.21:762][  0]LogTemp:Display: Loaded TP WindowsNoEditorTargetPlatform
[2015.12.05-22.52.21:790][  0]LogTemp:Display: Loaded TP WindowsServerTargetPlatform
[2015.12.05-22.52.21:819][  0]LogTemp:Display: Loaded TP WindowsTargetPlatform
[2015.12.05-22.52.21:843][  0]LogTemp:Display: Loaded TP AndroidTargetPlatform
[2015.12.05-22.52.21:865][  0]LogTemp:Display: Loaded TP Android_ASTCTargetPlatform
[2015.12.05-22.52.21:890][  0]LogTemp:Display: Loaded TP Android_ATCTargetPlatform
[2015.12.05-22.52.21:922][  0]LogTemp:Display: Loaded TP Android_DXTTargetPlatform
[2015.12.05-22.52.21:945][  0]LogTemp:Display: Loaded TP Android_ETC1TargetPlatform
[2015.12.05-22.52.21:974][  0]LogTemp:Display: Loaded TP Android_ETC2TargetPlatform
[2015.12.05-22.52.21:998][  0]LogTemp:Display: Loaded TP Android_PVRTCTargetPlatform
[2015.12.05-22.52.22:081][  0]LogTemp:Display: Loaded TP IOSTargetPlatform
[2015.12.05-22.52.22:107][  0]LogTemp:Display: Loaded TP LinuxNoEditorTargetPlatform
[2015.12.05-22.52.22:128][  0]LogTemp:Display: Loaded TP LinuxServerTargetPlatform
[2015.12.05-22.52.22:154][  0]LogTemp:Display: Loaded TP LinuxTargetPlatform
[2015.12.05-22.52.22:154][  0]LogTargetPlatformManager:Display: Building Assets For Windows
[2015.12.05-22.52.22:542][  0]LogDerivedDataCache:Display: Max Cache Size: 512 MB
[2015.12.05-22.52.22:590][  0]LogDerivedDataCache: Loaded boot cache 0.05s 53MB C:/Users/Stephen Paul Mangold/AppData/Local/UnrealEngine/4.8/DerivedDataCache/Boot.ddc.
[2015.12.05-22.52.22:590][  0]LogDerivedDataCache:Display: Loaded Boot cache: C:/Users/Stephen Paul Mangold/AppData/Local/UnrealEngine/4.8/DerivedDataCache/Boot.ddc
[2015.12.05-22.52.22:590][  0]LogDerivedDataCache: FDerivedDataBackendGraph:  Pak pak cache file ../../../../../../d/The-Curators/AlexPrototype/DerivedDataCache/DDC.ddp not found, will not use a pak cache.
[2015.12.05-22.52.22:590][  0]LogDerivedDataCache: Unable to find inner node Pak for hierarchical cache Hierarchy.
[2015.12.05-22.52.22:590][  0]LogDerivedDataCache: FDerivedDataBackendGraph:  CompressedPak pak cache file ../../../../../../d/The-Curators/AlexPrototype/DerivedDataCache/Compressed.ddp not found, will not use a pak cache.
[2015.12.05-22.52.22:590][  0]LogDerivedDataCache: Unable to find inner node CompressedPak for hierarchical cache Hierarchy.
[2015.12.05-22.52.22:747][  0]LogDerivedDataCache:Display: Pak cache opened for reading ../../../Engine/DerivedDataCache/Compressed.ddp.
[2015.12.05-22.52.22:760][  0]LogDerivedDataCache: Using Local data cache path C:/Users/Stephen Paul Mangold/AppData/Local/UnrealEngine/Common/DerivedDataCache: Writable
[2015.12.05-22.52.23:069][  0]LogInit: Selected Device Profile: [Windows]
[2015.12.05-22.52.23:160][  0]ImportText (ComponentSweepMultiTests): Missing closing parenthesis: (RootShapeAsset="/Engine/BasicShapes/Cube.Cube",ShapeType="TriggerCapsule",HitResult=(Time=0.50,Location=(X=-100.000015,Y=0.0,Z=100.000015),ImpactPoint=(X=-50.0,Y=0.0,Z=50.0),Normal=(X=-1.0,Y=-0.0,Z=0.0),ImpactNormal=(X=0.0,Y=0.0,Z=1.0),TraceStart=(X=-200.0,Y=0.0,Z=200.0),TraceEnd=(X=0.0,Y=0.0,Z=0.0))
[2015.12.05-22.52.23:160][  0]ImportText (LineTraceSingleByChannelTests): Missing closing parenthesis: (RootShapeAsset="/Engine/BasicShapes/Cube.Cube",HitResult=(Time=0.50,Location=(X=-100.000015,Y=0.0,Z=100.000015),ImpactPoint=(X=-50.0,Y=0.0,Z=50.0),Normal=(X=-1.0,Y=-0.0,Z=0.0),ImpactNormal=(X=0.0,Y=0.0,Z=1.0),TraceStart=(X=-200.0,Y=0.0,Z=200.0),TraceEnd=(X=0.0,Y=0.0,Z=0.0))
[2015.12.05-22.52.23:208][  0]LogMeshUtilities: No automatic mesh reduction module available
[2015.12.05-22.52.23:208][  0]LogMeshUtilities: No automatic mesh merging module available
[2015.12.05-22.52.23:653][  0]LogInit: WinSock: version 1.1 (2.2), MaxSocks=32767, MaxUdp=65467
[2015.12.05-22.52.25:364][  0]UdpMessaging: Initializing bridge on interface 0.0.0.0:0 to multicast group 230.0.0.1:6666.
[2015.12.05-22.52.25:957][  0]SourceControl: Info Source control is disabled
[2015.12.05-22.52.25:996][  0]SourceControl: Info Source control is disabled
[2015.12.05-22.52.26:023][  0]SourceControl: Info Source control is disabled
[2015.12.05-22.52.26:050][  0]SourceControl: Info Source control is disabled
[2015.12.05-22.52.26:503][  0]LogObj: 26277 objects as part of root set at end of initial load.
[2015.12.05-22.52.26:503][  0]LogUObjectAllocator: 5410024 out of 0 bytes used by permanent object pool.
[2015.12.05-22.52.26:609][  0]LogEngine: Initializing Engine...
[2015.12.05-22.52.26:623][  0]LogHMD: Can't find Oculus library dev build: is proper Runtime installed? Version: 0.6.0.0
[2015.12.05-22.52.26:631][  0]LogHMD:Warning: SteamVR failed to initialize.  Error: 108
[2015.12.05-22.52.26:853][  0]LogAIModule: Creating AISystem for world NewWorld
[2015.12.05-22.52.26:872][  0]LogInit: XAudio2 using 'Speakers (Realtek High Definition Audio)' : 2 channels at 48 kHz using 32 bits per sample (channel mask 0x3)
[2015.12.05-22.52.26:890][  0]LogInit: FAudioDevice initialized.
[2015.12.05-22.52.26:926][  0]LogDerivedDataCache: Saved boot cache 0.04s 53MB C:/Users/Stephen Paul Mangold/AppData/Local/UnrealEngine/4.8/DerivedDataCache/Boot.ddc.
[2015.12.05-22.52.26:929][  0]LogInit: Texture streaming: Disabled
[2015.12.05-22.52.26:981][  0]LogAnalytics: Creating configured Analytics provider AnalyticsET
[2015.12.05-22.52.26:981][  0]LogAnalytics: [UEEditor.Rocket.Release] APIServer = http://et2.epicgames.com/ET2/. AppVersion = 4.8.3-2634408+++depot+UE4-Releases+4.8
[2015.12.05-22.52.26:981][  0]LogAnalytics: [UEEditor.Rocket.Release] SetUserId 670f7a51498aab90fa6f01ae8ba6e645|ae3c06c927b140e595cd14047ca553a4|817dc969-a56b-4d5a-b6d5-4cf8a1016322
[2015.12.05-22.52.26:981][  0]LogAnalytics: [UEEditor.Rocket.Release] AnalyticsET::StartSession
[2015.12.05-22.52.27:032][  0]LogInit: Transaction tracking system initialized
[2015.12.05-22.52.27:304][  0]BlueprintLog: New page: Editor Load
[2015.12.05-22.52.27:356][  0]LogAssetRegistry: FAssetRegistry took 0.0115 seconds to start up
[2015.12.05-22.52.27:356][  0]LogDirectoryWatcher:Warning: Failed to begin reading directory changes for ../../../Engine/Plugins/Experimental/CharacterAI/Content/. Error: 0
[2015.12.05-22.52.28:693][  0]LogConsoleManager:Warning: Console variable 'r.VSync' wasn't set ('GameSetting' has a lower priority than 'SystemSettingsIni')
[2015.12.05-22.52.28:693][  0]LogConsoleResponse:Display: 
[2015.12.05-22.52.28:864][  0]LogCook:Display: Done creating registry. It took  0.00s.
[2015.12.05-22.52.29:206][  0]SourceControl: Info Source control is disabled
[2015.12.05-22.52.29:206][  0]Cmd: MAP LOAD FILE="../../../../../../d/The-Curators/AlexPrototype/Content/Levels/MainMenu.umap" TEMPLATE=0 SHOWPROGRESS=1 FEATURELEVEL=3
[2015.12.05-22.52.29:206][  0]LightingResults: New page: Lighting Build
[2015.12.05-22.52.29:231][  0]MapCheck: New page: Map Check
[2015.12.05-22.52.29:231][  0]LightingResults: New page: Lighting Build
[2015.12.05-22.52.29:241][  0]LogParticles: Destroying 0 GPU particle simulations for FXSystem 0x000000D8FE35CB80
[2015.12.05-22.52.31:006][  0]LogBlueprint:Warning: [compiler ThirdPersonCharacter] Warning Input Axis Event references unknown Axis 'LookUp' for  InputAxis LookUp 
[2015.12.05-22.52.31:031][  0]LogBlueprint:Warning: [compiler ThirdPersonCharacter] Warning [0013.18] Compile of ThirdPersonCharacter successful, but with 1 Warning(s) [in 211 ms]
[2015.12.05-22.52.31:031][  0]LogBlueprint:Warning: [compiler ThirdPersonCharacter] Warning [0013.18] Compile of ThirdPersonCharacter successful, but with 2 Warning(s) [in 0 ms]
[2015.12.05-22.52.31:031][  0]LogBlueprint:Warning: [compiler ThirdPersonCharacter] Warning [0013.18] Compile of ThirdPersonCharacter successful, but with 3 Warning(s) [in 0 ms]
[2015.12.05-22.52.32:531][  0]LogBlueprint:Warning: [compiler ErichFinalCharCombined] Warning Input Axis Event references unknown Axis 'LookUp' for  InputAxis LookUp 
[2015.12.05-22.52.32:572][  0]LogBlueprint:Warning: [compiler ErichFinalCharCombined] Warning [0014.72] Compile of ErichFinalCharCombined successful, but with 1 Warning(s) [in 285 ms]
[2015.12.05-22.52.32:573][  0]LogBlueprint:Warning: [compiler ErichFinalCharCombined] Warning [0014.72] Compile of ErichFinalCharCombined successful, but with 2 Warning(s) [in 1 ms]
[2015.12.05-22.52.32:573][  0]LogBlueprint:Warning: [compiler ErichFinalCharCombined] Warning [0014.72] Compile of ErichFinalCharCombined successful, but with 3 Warning(s) [in 0 ms]
[2015.12.05-22.52.33:361][  0]LogBlueprint:Warning: [compiler ThirdPersonCharacter] Warning Input Axis Event references unknown Axis 'LookUp' for  InputAxis LookUp 
[2015.12.05-22.52.33:400][  0]LogBlueprint:Warning: [compiler ThirdPersonCharacter] Warning [0015.55] Compile of ThirdPersonCharacter successful, but with 1 Warning(s) [in 213 ms]
[2015.12.05-22.52.33:401][  0]LogBlueprint:Warning: [compiler ThirdPersonCharacter] Warning [0015.55] Compile of ThirdPersonCharacter successful, but with 2 Warning(s) [in 0 ms]
[2015.12.05-22.52.33:760][  0]LogBlueprint:Warning: [compiler ErichFinalCharCombined] Warning Input Axis Event references unknown Axis 'LookUp' for  InputAxis LookUp 
[2015.12.05-22.52.33:803][  0]LogBlueprint:Warning: [compiler ErichFinalCharCombined] Warning [0015.95] Compile of ErichFinalCharCombined successful, but with 1 Warning(s) [in 278 ms]
[2015.12.05-22.52.33:804][  0]LogBlueprint:Warning: [compiler ErichFinalCharCombined] Warning [0015.95] Compile of ErichFinalCharCombined successful, but with 2 Warning(s) [in 1 ms]
[2015.12.05-22.52.35:026][  0]LogWmfMedia:Error: Failed to create source object from URL for C:/Users/Justin's/Pictures/Curators/NewMenuAssets/Output/maxresdefault (1).mp4
[2015.12.05-22.52.35:453][  0]LogAIModule: Creating AISystem for world MainMenu
[2015.12.05-22.52.35:462][  0]LogEditorServer: Finished looking for orphan Actors (0.000 secs)
[2015.12.05-22.52.35:496][  0]Cmd: MAP CHECKDEP NOCLEARLOG
[2015.12.05-22.52.35:727][  0]MapCheck: Info Map check complete: 0 Error(s), 0 Warning(s), took 230.916ms to complete.
[2015.12.05-22.52.35:728][  0]LogFileHelpers: Loading map 'MainMenu' took 6.522
[2015.12.05-22.52.35:864][  0]LogCollectionManager: Loaded 0 collections in 0.002232 seconds
[2015.12.05-22.52.35:874][  0]LogContentBrowser: Native class hierarchy populated in 0.0096 seconds. Added 1792 classes and 301 folders.
[2015.12.05-22.52.35:943][  0]LogContentBrowser: Native class hierarchy updated for 'WidgetCarousel' in 0.0006 seconds. Added 0 classes and 0 folders.
[2015.12.05-22.52.35:998][  0]LogContentBrowser: Native class hierarchy updated for 'AddContentDialog' in 0.0006 seconds. Added 0 classes and 0 folders.
[2015.12.05-22.52.36:027][  0]LogContentBrowser: Native class hierarchy updated for 'SceneOutliner' in 0.0006 seconds. Added 1 classes and 2 folders.
[2015.12.05-22.52.36:145][  0]LogCrashTracker: Crashtracker disabled due to settings.
[2015.12.05-22.52.36:146][  0]LogD3D11RHI: InitD3DDevice
[2015.12.05-22.52.36:149][  0]LogUObjectGlobals:Warning: Failed to find object 'Class None.'
[2015.12.05-22.52.36:171][  0]LogLoad: Full Startup: 18.32 seconds (BP compile: 3.67 seconds)
[2015.12.05-22.52.36:581][  0]LogContentStreaming: Texture pool size is 0.000000MB
[2015.12.05-22.52.36:682][  0]LogContentStreaming: Texture pool size now 400 MB
[2015.12.05-22.52.36:839][  0]LogRenderer: Reallocating scene render targets to support 1528x560 (Frame:2).
[2015.12.05-22.52.37:604][  3]LogD3D11RHI: InitD3DDevice
[2015.12.05-22.52.47:808][ 33]LogAssetRegistry: Asset discovery search completed in 20.4638 seconds
[2015.12.05-22.54.21:258][348]LogD3D11RHI: InitD3DDevice
[2015.12.05-22.54.22:654][453]LogD3D11RHI: InitD3DDevice
[2015.12.05-22.54.23:414][453]LogBlueprint:Warning: [compiler RobotGuardChar] Warning Can't connect pins  Target  and  As Erich Final Char Combined : Third Person Character Reference is not compatible with Erich Final Char Combined Reference.
[2015.12.05-22.54.23:414][453]LogBlueprint:Warning: [compiler RobotGuardChar] Warning Can't connect pins  Target  and  As Erich Final Char Combined : Third Person Character Reference is not compatible with Erich Final Char Combined Reference.
[2015.12.05-22.54.23:414][453]LogBlueprint:Warning: [compiler RobotGuardChar] Warning Can't connect pins  Target  and  As Erich Final Char Combined : Third Person Character Reference is not compatible with Erich Final Char Combined Reference.
[2015.12.05-22.54.23:415][453]LogBlueprint:Warning: [compiler RobotGuardChar] Warning Can't connect pins  As Erich Final Char Combined  and  Target : Erich Final Char Combined Reference is not compatible with Third Person Character Reference.
[2015.12.05-22.54.23:415][453]LogBlueprint:Warning: [compiler RobotGuardChar] Warning Can't connect pins  As Erich Final Char Combined  and  Target : Erich Final Char Combined Reference is not compatible with Third Person Character Reference.
[2015.12.05-22.54.23:415][453]LogBlueprint:Warning: [compiler RobotGuardChar] Warning Can't connect pins  As Erich Final Char Combined  and  Target : Erich Final Char Combined Reference is not compatible with Third Person Character Reference.
[2015.12.05-22.54.23:423][453]LogBlueprint:Warning: [compiler RobotGuardChar] Warning [0125.57] Compile of RobotGuardChar successful, but with 6 Warning(s) [in 63 ms]
[2015.12.05-22.54.23:423][453]LogBlueprint:Warning: [compiler RobotGuardChar] Warning [0125.57] Compile of RobotGuardChar successful, but with 7 Warning(s) [in 0 ms]
[2015.12.05-22.54.23:423][453]LogBlueprint:Warning: [compiler RobotGuardChar] Warning [0125.57] Compile of RobotGuardChar successful, but with 8 Warning(s) [in 0 ms]
[2015.12.05-22.54.23:496][453]LogBlueprint:Warning: [compiler RobotGuardChar] Warning Can't connect pins  Target  and  As Erich Final Char Combined : Third Person Character Reference is not compatible with Erich Final Char Combined Reference.
[2015.12.05-22.54.23:496][453]LogBlueprint:Warning: [compiler RobotGuardChar] Warning Can't connect pins  Target  and  As Erich Final Char Combined : Third Person Character Reference is not compatible with Erich Final Char Combined Reference.
[2015.12.05-22.54.23:496][453]LogBlueprint:Warning: [compiler RobotGuardChar] Warning Can't connect pins  Target  and  As Erich Final Char Combined : Third Person Character Reference is not compatible with Erich Final Char Combined Reference.
[2015.12.05-22.54.23:496][453]LogBlueprint:Warning: [compiler RobotGuardChar] Warning Can't connect pins  As Erich Final Char Combined  and  Target : Erich Final Char Combined Reference is not compatible with Third Person Character Reference.
[2015.12.05-22.54.23:496][453]LogBlueprint:Warning: [compiler RobotGuardChar] Warning Can't connect pins  As Erich Final Char Combined  and  Target : Erich Final Char Combined Reference is not compatible with Third Person Character Reference.
[2015.12.05-22.54.23:497][453]LogBlueprint:Warning: [compiler RobotGuardChar] Warning Can't connect pins  As Erich Final Char Combined  and  Target : Erich Final Char Combined Reference is not compatible with Third Person Character Reference.
[2015.12.05-22.54.23:505][453]LogBlueprint:Warning: [compiler RobotGuardChar] Warning [0125.65] Compile of RobotGuardChar successful, but with 6 Warning(s) [in 63 ms]
[2015.12.05-22.54.23:505][453]LogBlueprint:Warning: [compiler RobotGuardChar] Warning [0125.65] Compile of RobotGuardChar successful, but with 7 Warning(s) [in 0 ms]
[2015.12.05-22.54.46:311][453]LogAIModule: Creating AISystem for world Level4
[2015.12.05-22.54.46:354][453]LogParticles:Warning: InitializeSystem called on an unregistered component. Template=/Game/Art/Assets/Particles/p_displayParticleLong.p_displayParticleLong Component=/Game/Levels/Level4.Level4:PersistentLevel.displayCaseLongBP_86.ParticleSystem
[2015.12.05-22.54.46:354][453]LogParticles:Warning: InitializeSystem called on an unregistered component. Template=/Game/Art/Assets/Particles/p_displayParticleLong.p_displayParticleLong Component=/Game/Levels/Level4.Level4:PersistentLevel.displayCaseLongBP2.ParticleSystem
[2015.12.05-22.54.46:355][453]LogParticles:Warning: InitializeSystem called on an unregistered component. Template=/Game/Art/Assets/Particles/p_displayParticle.p_displayParticle Component=/Game/Levels/Level4.Level4:PersistentLevel.displayCaseBP2.displayCase
[2015.12.05-22.54.46:355][453]LogParticles:Warning: InitializeSystem called on an unregistered component. Template=/Game/Art/Assets/Particles/p_displayParticle.p_displayParticle Component=/Game/Levels/Level4.Level4:PersistentLevel.displayCaseBP3.displayCase
[2015.12.05-22.54.46:355][453]LogParticles:Warning: InitializeSystem called on an unregistered component. Template=/Game/Art/Assets/Particles/p_displayParticle.p_displayParticle Component=/Game/Levels/Level4.Level4:PersistentLevel.displayCaseBP4.displayCase
[2015.12.05-22.54.46:355][453]LogParticles:Warning: InitializeSystem called on an unregistered component. Template=/Game/Art/Assets/Particles/p_displayParticle.p_displayParticle Component=/Game/Levels/Level4.Level4:PersistentLevel.displayCaseBP5.displayCase
[2015.12.05-22.54.46:355][453]LogParticles:Warning: InitializeSystem called on an unregistered component. Template=/Game/Art/Assets/Particles/p_displayParticle.p_displayParticle Component=/Game/Levels/Level4.Level4:PersistentLevel.displayCaseBP6.displayCase
[2015.12.05-22.54.46:355][453]LogParticles:Warning: InitializeSystem called on an unregistered component. Template=/Game/Art/Assets/Particles/p_displayParticle.p_displayParticle Component=/Game/Levels/Level4.Level4:PersistentLevel.displayCaseBP7.displayCase
[2015.12.05-22.54.46:355][453]LogParticles:Warning: InitializeSystem called on an unregistered component. Template=/Game/Art/Assets/Particles/p_displayParticle.p_displayParticle Component=/Game/Levels/Level4.Level4:PersistentLevel.displayCaseBP8.displayCase
[2015.12.05-22.54.46:355][453]LogParticles:Warning: InitializeSystem called on an unregistered component. Template=/Game/Art/Assets/Particles/p_displayParticle.p_displayParticle Component=/Game/Levels/Level4.Level4:PersistentLevel.displayCaseBP9.displayCase
[2015.12.05-22.54.46:355][453]LogParticles:Warning: InitializeSystem called on an unregistered component. Template=/Game/Art/Assets/Particles/p_displayParticle.p_displayParticle Component=/Game/Levels/Level4.Level4:PersistentLevel.displayCaseBP10.displayCase
[2015.12.05-22.54.46:355][453]LogParticles:Warning: InitializeSystem called on an unregistered component. Template=/Game/Art/Assets/Particles/p_displayParticle.p_displayParticle Component=/Game/Levels/Level4.Level4:PersistentLevel.displayCaseBP11.displayCase
[2015.12.05-22.54.46:355][453]LogParticles:Warning: InitializeSystem called on an unregistered component. Template=/Game/Art/Assets/Particles/p_displayParticle.p_displayParticle Component=/Game/Levels/Level4.Level4:PersistentLevel.displayCaseBP12.displayCase
[2015.12.05-22.54.46:355][453]LogParticles:Warning: InitializeSystem called on an unregistered component. Template=/Game/Art/Assets/Particles/p_displayParticle.p_displayParticle Component=/Game/Levels/Level4.Level4:PersistentLevel.displayCaseBP13.displayCase
[2015.12.05-22.54.46:355][453]LogParticles:Warning: InitializeSystem called on an unregistered component. Template=/Game/Art/Assets/Particles/p_displayParticle.p_displayParticle Component=/Game/Levels/Level4.Level4:PersistentLevel.displayCaseBP14.displayCase
[2015.12.05-22.54.46:356][453]LogParticles:Warning: InitializeSystem called on an unregistered component. Template=/Game/Art/Assets/Particles/p_displayParticle.p_displayParticle Component=/Game/Levels/Level4.Level4:PersistentLevel.displayCaseBP16.displayCase
[2015.12.05-22.54.46:356][453]LogParticles:Warning: InitializeSystem called on an unregistered component. Template=/Game/Art/Assets/Particles/p_displayParticle.p_displayParticle Component=/Game/Levels/Level4.Level4:PersistentLevel.displayCaseBP18.displayCase
[2015.12.05-22.54.46:356][453]LogParticles:Warning: InitializeSystem called on an unregistered component. Template=/Game/Art/Assets/Particles/p_displayParticle.p_displayParticle Component=/Game/Levels/Level4.Level4:PersistentLevel.displayCaseBP21.displayCase
[2015.12.05-22.54.46:356][453]LogParticles:Warning: InitializeSystem called on an unregistered component. Template=/Game/Art/Assets/Particles/p_displayParticleLong.p_displayParticleLong Component=/Game/Levels/Level4.Level4:PersistentLevel.displayCaseLongBP3.ParticleSystem
[2015.12.05-22.54.46:356][453]LogParticles:Warning: InitializeSystem called on an unregistered component. Template=/Game/Art/Assets/Particles/p_displayParticleLong.p_displayParticleLong Component=/Game/Levels/Level4.Level4:PersistentLevel.displayCaseLongBP4.ParticleSystem
[2015.12.05-22.54.46:356][453]LogParticles:Warning: InitializeSystem called on an unregistered component. Template=/Game/Art/Assets/Particles/p_displayParticle.p_displayParticle Component=/Game/Levels/Level4.Level4:PersistentLevel.displayCaseBP23.displayCase
[2015.12.05-22.54.46:356][453]LogParticles:Warning: InitializeSystem called on an unregistered component. Template=/Game/Art/Assets/Particles/p_displayParticle.p_displayParticle Component=/Game/Levels/Level4.Level4:PersistentLevel.displayCaseBP24.displayCase
[2015.12.05-22.54.46:356][453]LogParticles:Warning: InitializeSystem called on an unregistered component. Template=/Game/Art/Assets/Particles/p_displayParticle.p_displayParticle Component=/Game/Levels/Level4.Level4:PersistentLevel.displayCaseBP25.displayCase
[2015.12.05-22.54.46:356][453]LogParticles:Warning: InitializeSystem called on an unregistered component. Template=/Game/Art/Assets/Particles/p_displayParticle.p_displayParticle Component=/Game/Levels/Level4.Level4:PersistentLevel.displayCaseBP26.displayCase
[2015.12.05-22.54.46:356][453]LogParticles:Warning: InitializeSystem called on an unregistered component. Template=/Game/Art/Assets/Particles/p_displayParticle.p_displayParticle Component=/Game/Levels/Level4.Level4:PersistentLevel.displayCaseBP27.displayCase
[2015.12.05-22.54.46:356][453]LogParticles:Warning: InitializeSystem called on an unregistered component. Template=/Game/Art/Assets/Particles/p_displayParticle.p_displayParticle Component=/Game/Levels/Level4.Level4:PersistentLevel.displayCaseBP28.displayCase
[2015.12.05-22.54.46:356][453]LogParticles:Warning: InitializeSystem called on an unregistered component. Template=/Game/Art/Assets/Particles/p_displayParticleShort.p_displayParticleShort Component=/Game/Levels/Level4.Level4:PersistentLevel.displayCaseShort_Blueprint5.p_displayParticleShort
[2015.12.05-22.54.46:357][453]LogParticles:Warning: InitializeSystem called on an unregistered component. Template=/Game/Art/Assets/Particles/p_displayParticleLong.p_displayParticleLong Component=/Game/Levels/Level4.Level4:PersistentLevel.displayCaseLongBP7.ParticleSystem
[2015.12.05-22.54.46:357][453]LogParticles:Warning: InitializeSystem called on an unregistered component. Template=/Game/Art/Assets/Particles/p_displayParticleLong.p_displayParticleLong Component=/Game/Levels/Level4.Level4:PersistentLevel.displayCaseLongBP8.ParticleSystem
[2015.12.05-22.54.46:357][453]LogParticles:Warning: InitializeSystem called on an unregistered component. Template=/Game/Art/Assets/Particles/p_displayParticleLong.p_displayParticleLong Component=/Game/Levels/Level4.Level4:PersistentLevel.displayCaseLongBP9.ParticleSystem
[2015.12.05-22.54.46:357][453]LogParticles:Warning: InitializeSystem called on an unregistered component. Template=/Game/Art/Assets/Particles/p_displayParticleLong.p_displayParticleLong Component=/Game/Levels/Level4.Level4:PersistentLevel.displayCaseLongBP10.ParticleSystem
[2015.12.05-22.54.46:357][453]LogParticles:Warning: InitializeSystem called on an unregistered component. Template=/Game/Art/Assets/Particles/p_displayParticleLong.p_displayParticleLong Component=/Game/Levels/Level4.Level4:PersistentLevel.displayCaseLongBP11.ParticleSystem
[2015.12.05-22.54.46:357][453]LogParticles:Warning: InitializeSystem called on an unregistered component. Template=/Game/Art/Assets/Particles/p_displayParticle.p_displayParticle Component=/Game/Levels/Level4.Level4:PersistentLevel.displayCaseBP29.displayCase
[2015.12.05-22.54.46:357][453]LogParticles:Warning: InitializeSystem called on an unregistered component. Template=/Game/Art/Assets/Particles/p_displayParticle.p_displayParticle Component=/Game/Levels/Level4.Level4:PersistentLevel.displayCaseBP30.displayCase
[2015.12.05-22.54.46:357][453]LogParticles:Warning: InitializeSystem called on an unregistered component. Template=/Game/Art/Assets/Particles/p_displayParticleLong.p_displayParticleLong Component=/Game/Levels/Level4.Level4:PersistentLevel.displayCaseLongBP12.ParticleSystem
[2015.12.05-22.54.46:357][453]LogParticles:Warning: InitializeSystem called on an unregistered component. Template=/Game/Art/Assets/Particles/p_displayParticle.p_displayParticle Component=/Game/Levels/Level4.Level4:PersistentLevel.displayCaseBP31.displayCase
[2015.12.05-22.54.46:357][453]LogParticles:Warning: InitializeSystem called on an unregistered component. Template=/Game/Art/Assets/Particles/p_displayParticle.p_displayParticle Component=/Game/Levels/Level4.Level4:PersistentLevel.displayCaseBP32.displayCase
[2015.12.05-22.54.46:357][453]LogParticles:Warning: InitializeSystem called on an unregistered component. Template=/Game/Art/Assets/Particles/p_displayParticle.p_displayParticle Component=/Game/Levels/Level4.Level4:PersistentLevel.displayCaseBP33.displayCase
[2015.12.05-22.54.46:358][453]LogParticles:Warning: InitializeSystem called on an unregistered component. Template=/Game/Art/Assets/Particles/p_displayParticle.p_displayParticle Component=/Game/Levels/Level4.Level4:PersistentLevel.displayCaseBP34.displayCase
[2015.12.05-22.54.46:358][453]LogParticles:Warning: InitializeSystem called on an unregistered component. Template=/Game/Art/Assets/Particles/p_displayParticleLong.p_displayParticleLong Component=/Game/Levels/Level4.Level4:PersistentLevel.displayCaseLongBP13.ParticleSystem
[2015.12.05-22.54.46:358][453]LogParticles:Warning: InitializeSystem called on an unregistered component. Template=/Game/Art/Assets/Particles/p_displayParticle.p_displayParticle Component=/Game/Levels/Level4.Level4:PersistentLevel.displayCaseBP35.displayCase
[2015.12.05-22.54.46:358][453]LogParticles:Warning: InitializeSystem called on an unregistered component. Template=/Game/Art/Assets/Particles/p_displayParticle.p_displayParticle Component=/Game/Levels/Level4.Level4:PersistentLevel.displayCaseBP36.displayCase
[2015.12.05-22.54.46:425][453]LogParticles:Warning: InitializeSystem called on an unregistered component. Template=/Game/Art/Assets/Particles/p_displayParticleShort.p_displayParticleShort Component=/Game/Levels/Level4.Level4:PersistentLevel.displayCaseShort_Blueprint6.p_displayParticleShort
[2015.12.05-22.54.46:593][453]LogParticles:Warning: InitializeSystem called on an unregistered component. Template=/Game/Art/Assets/Particles/p_displayParticleLong.p_displayParticleLong Component=/Game/Levels/Level4.Level4:PersistentLevel.displayCaseLongBP5.ParticleSystem
[2015.12.05-22.54.46:594][453]LogParticles:Warning: InitializeSystem called on an unregistered component. Template=/Game/Art/Assets/Particles/p_displayParticleLong.p_displayParticleLong Component=/Game/Levels/Level4.Level4:PersistentLevel.displayCaseLongBP6.ParticleSystem
[2015.12.05-22.54.46:637][453]LogParticles:Warning: InitializeSystem called on an unregistered component. Template=/Game/p_newFire.p_newFire Component=/Game/Levels/Level4.Level4:PersistentLevel.p_newFire_2.ParticleSystemComponent0
[2015.12.05-22.54.46:808][453]LogParticles:Warning: InitializeSystem called on an unregistered component. Template=/Game/Art/Assets/Particles/p_displayParticleLong.p_displayParticleLong Component=/Game/Levels/Level4.Level4:PersistentLevel.displayCaseLongBP_86.ParticleSystem
[2015.12.05-22.54.46:808][453]LogParticles:Warning: InitializeSystem called on an unregistered component. Template=/Game/Art/Assets/Particles/p_displayParticleLong.p_displayParticleLong Component=/Game/Levels/Level4.Level4:PersistentLevel.displayCaseLongBP_86.ParticleSystem
[2015.12.05-22.54.46:808][453]LogParticles:Warning: InitializeSystem called on an unregistered component. Template=/Game/Art/Assets/Particles/p_displayParticleLong.p_displayParticleLong Component=/Game/Levels/Level4.Level4:PersistentLevel.displayCaseLongBP2.ParticleSystem
[2015.12.05-22.54.46:809][453]LogParticles:Warning: InitializeSystem called on an unregistered component. Template=/Game/Art/Assets/Particles/p_displayParticleLong.p_displayParticleLong Component=/Game/Levels/Level4.Level4:PersistentLevel.displayCaseLongBP2.ParticleSystem
[2015.12.05-22.54.46:809][453]LogParticles:Warning: InitializeSystem called on an unregistered component. Template=/Game/Art/Assets/Particles/p_displayParticle.p_displayParticle Component=/Game/Levels/Level4.Level4:PersistentLevel.displayCaseBP2.displayCase
[2015.12.05-22.54.46:809][453]LogParticles:Warning: InitializeSystem called on an unregistered component. Template=/Game/Art/Assets/Particles/p_displayParticle.p_displayParticle Component=/Game/Levels/Level4.Level4:PersistentLevel.displayCaseBP2.displayCase
[2015.12.05-22.54.46:809][453]LogParticles:Warning: InitializeSystem called on an unregistered component. Template=/Game/Art/Assets/Particles/p_displayParticle.p_displayParticle Component=/Game/Levels/Level4.Level4:PersistentLevel.displayCaseBP3.displayCase
[2015.12.05-22.54.46:809][453]LogParticles:Warning: InitializeSystem called on an unregistered component. Template=/Game/Art/Assets/Particles/p_displayParticle.p_displayParticle Component=/Game/Levels/Level4.Level4:PersistentLevel.displayCaseBP3.displayCase
[2015.12.05-22.54.46:810][453]LogParticles:Warning: InitializeSystem called on an unregistered component. Template=/Game/Art/Assets/Particles/p_displayParticle.p_displayParticle Component=/Game/Levels/Level4.Level4:PersistentLevel.displayCaseBP4.displayCase
[2015.12.05-22.54.46:810][453]LogParticles:Warning: InitializeSystem called on an unregistered component. Template=/Game/Art/Assets/Particles/p_displayParticle.p_displayParticle Component=/Game/Levels/Level4.Level4:PersistentLevel.displayCaseBP4.displayCase
[2015.12.05-22.54.46:810][453]LogParticles:Warning: InitializeSystem called on an unregistered component. Template=/Game/Art/Assets/Particles/p_displayParticle.p_displayParticle Component=/Game/Levels/Level4.Level4:PersistentLevel.displayCaseBP5.displayCase
[2015.12.05-22.54.46:810][453]LogParticles:Warning: InitializeSystem called on an unregistered component. Template=/Game/Art/Assets/Particles/p_displayParticle.p_displayParticle Component=/Game/Levels/Level4.Level4:PersistentLevel.displayCaseBP5.displayCase
[2015.12.05-22.54.46:810][453]LogParticles:Warning: InitializeSystem called on an unregistered component. Template=/Game/Art/Assets/Particles/p_displayParticle.p_displayParticle Component=/Game/Levels/Level4.Level4:PersistentLevel.displayCaseBP6.displayCase
[2015.12.05-22.54.46:810][453]LogParticles:Warning: InitializeSystem called on an unregistered component. Template=/Game/Art/Assets/Particles/p_displayParticle.p_displayParticle Component=/Game/Levels/Level4.Level4:PersistentLevel.displayCaseBP6.displayCase
[2015.12.05-22.54.46:811][453]LogParticles:Warning: InitializeSystem called on an unregistered component. Template=/Game/Art/Assets/Particles/p_displayParticle.p_displayParticle Component=/Game/Levels/Level4.Level4:PersistentLevel.displayCaseBP7.displayCase
[2015.12.05-22.54.46:811][453]LogParticles:Warning: InitializeSystem called on an unregistered component. Template=/Game/Art/Assets/Particles/p_displayParticle.p_displayParticle Component=/Game/Levels/Level4.Level4:PersistentLevel.displayCaseBP7.displayCase
[2015.12.05-22.54.46:811][453]LogParticles:Warning: InitializeSystem called on an unregistered component. Template=/Game/Art/Assets/Particles/p_displayParticle.p_displayParticle Component=/Game/Levels/Level4.Level4:PersistentLevel.displayCaseBP8.displayCase
[2015.12.05-22.54.46:811][453]LogParticles:Warning: InitializeSystem called on an unregistered component. Template=/Game/Art/Assets/Particles/p_displayParticle.p_displayParticle Component=/Game/Levels/Level4.Level4:PersistentLevel.displayCaseBP8.displayCase
[2015.12.05-22.54.46:811][453]LogParticles:Warning: InitializeSystem called on an unregistered component. Template=/Game/Art/Assets/Particles/p_displayParticle.p_displayParticle Component=/Game/Levels/Level4.Level4:PersistentLevel.displayCaseBP9.displayCase
[2015.12.05-22.54.46:812][453]LogParticles:Warning: InitializeSystem called on an unregistered component. Template=/Game/Art/Assets/Particles/p_displayParticle.p_displayParticle Component=/Game/Levels/Level4.Level4:PersistentLevel.displayCaseBP9.displayCase
[2015.12.05-22.54.46:812][453]LogParticles:Warning: InitializeSystem called on an unregistered component. Template=/Game/Art/Assets/Particles/p_displayParticle.p_displayParticle Component=/Game/Levels/Level4.Level4:PersistentLevel.displayCaseBP10.displayCase
[2015.12.05-22.54.46:812][453]LogParticles:Warning: InitializeSystem called on an unregistered component. Template=/Game/Art/Assets/Particles/p_displayParticle.p_displayParticle Component=/Game/Levels/Level4.Level4:PersistentLevel.displayCaseBP10.displayCase
[2015.12.05-22.54.46:812][453]LogParticles:Warning: InitializeSystem called on an unregistered component. Template=/Game/Art/Assets/Particles/p_displayParticle.p_displayParticle Component=/Game/Levels/Level4.Level4:PersistentLevel.displayCaseBP11.displayCase
[2015.12.05-22.54.46:812][453]LogParticles:Warning: InitializeSystem called on an unregistered component. Template=/Game/Art/Assets/Particles/p_displayParticle.p_displayParticle Component=/Game/Levels/Level4.Level4:PersistentLevel.displayCaseBP11.displayCase
[2015.12.05-22.54.46:813][453]LogParticles:Warning: InitializeSystem called on an unregistered component. Template=/Game/Art/Assets/Particles/p_displayParticle.p_displayParticle Component=/Game/Levels/Level4.Level4:PersistentLevel.displayCaseBP12.displayCase
[2015.12.05-22.54.46:813][453]LogParticles:Warning: InitializeSystem called on an unregistered component. Template=/Game/Art/Assets/Particles/p_displayParticle.p_displayParticle Component=/Game/Levels/Level4.Level4:PersistentLevel.displayCaseBP12.displayCase
[2015.12.05-22.54.46:813][453]LogParticles:Warning: InitializeSystem called on an unregistered component. Template=/Game/Art/Assets/Particles/p_displayParticle.p_displayParticle Component=/Game/Levels/Level4.Level4:PersistentLevel.displayCaseBP13.displayCase
[2015.12.05-22.54.46:813][453]LogParticles:Warning: InitializeSystem called on an unregistered component. Template=/Game/Art/Assets/Particles/p_displayParticle.p_displayParticle Component=/Game/Levels/Level4.Level4:PersistentLevel.displayCaseBP13.displayCase
[2015.12.05-22.54.46:813][453]LogParticles:Warning: InitializeSystem called on an unregistered component. Template=/Game/Art/Assets/Particles/p_displayParticle.p_displayParticle Component=/Game/Levels/Level4.Level4:PersistentLevel.displayCaseBP14.displayCase
[2015.12.05-22.54.46:813][453]LogParticles:Warning: InitializeSystem called on an unregistered component. Template=/Game/Art/Assets/Particles/p_displayParticle.p_displayParticle Component=/Game/Levels/Level4.Level4:PersistentLevel.displayCaseBP14.displayCase
[2015.12.05-22.54.46:814][453]LogParticles:Warning: InitializeSystem called on an unregistered component. Template=/Game/Art/Assets/Particles/p_displayParticle.p_displayParticle Component=/Game/Levels/Level4.Level4:PersistentLevel.displayCaseBP16.displayCase
[2015.12.05-22.54.46:814][453]LogParticles:Warning: InitializeSystem called on an unregistered component. Template=/Game/Art/Assets/Particles/p_displayParticle.p_displayParticle Component=/Game/Levels/Level4.Level4:PersistentLevel.displayCaseBP16.displayCase
[2015.12.05-22.54.46:814][453]LogParticles:Warning: InitializeSystem called on an unregistered component. Template=/Game/Art/Assets/Particles/p_displayParticle.p_displayParticle Component=/Game/Levels/Level4.Level4:PersistentLevel.displayCaseBP18.displayCase
[2015.12.05-22.54.46:814][453]LogParticles:Warning: InitializeSystem called on an unregistered component. Template=/Game/Art/Assets/Particles/p_displayParticle.p_displayParticle Component=/Game/Levels/Level4.Level4:PersistentLevel.displayCaseBP18.displayCase
[2015.12.05-22.54.46:814][453]LogParticles:Warning: InitializeSystem called on an unregistered component. Template=/Game/Art/Assets/Particles/p_displayParticle.p_displayParticle Component=/Game/Levels/Level4.Level4:PersistentLevel.displayCaseBP21.displayCase
[2015.12.05-22.54.46:815][453]LogParticles:Warning: InitializeSystem called on an unregistered component. Template=/Game/Art/Assets/Particles/p_displayParticle.p_displayParticle Component=/Game/Levels/Level4.Level4:PersistentLevel.displayCaseBP21.displayCase
[2015.12.05-22.54.46:815][453]LogParticles:Warning: InitializeSystem called on an unregistered component. Template=/Game/Art/Assets/Particles/p_displayParticleLong.p_displayParticleLong Component=/Game/Levels/Level4.Level4:PersistentLevel.displayCaseLongBP3.ParticleSystem
[2015.12.05-22.54.46:815][453]LogParticles:Warning: InitializeSystem called on an unregistered component. Template=/Game/Art/Assets/Particles/p_displayParticleLong.p_displayParticleLong Component=/Game/Levels/Level4.Level4:PersistentLevel.displayCaseLongBP3.ParticleSystem
[2015.12.05-22.54.46:815][453]LogParticles:Warning: InitializeSystem called on an unregistered component. Template=/Game/Art/Assets/Particles/p_displayParticleLong.p_displayParticleLong Component=/Game/Levels/Level4.Level4:PersistentLevel.displayCaseLongBP4.ParticleSystem
[2015.12.05-22.54.46:815][453]LogParticles:Warning: InitializeSystem called on an unregistered component. Template=/Game/Art/Assets/Particles/p_displayParticleLong.p_displayParticleLong Component=/Game/Levels/Level4.Level4:PersistentLevel.displayCaseLongBP4.ParticleSystem
[2015.12.05-22.54.46:815][453]LogParticles:Warning: InitializeSystem called on an unregistered component. Template=/Game/Art/Assets/Particles/p_displayParticle.p_displayParticle Component=/Game/Levels/Level4.Level4:PersistentLevel.displayCaseBP23.displayCase
[2015.12.05-22.54.46:815][453]LogParticles:Warning: InitializeSystem called on an unregistered component. Template=/Game/Art/Assets/Particles/p_displayParticle.p_displayParticle Component=/Game/Levels/Level4.Level4:PersistentLevel.displayCaseBP23.displayCase
[2015.12.05-22.54.46:816][453]LogParticles:Warning: InitializeSystem called on an unregistered component. Template=/Game/Art/Assets/Particles/p_displayParticle.p_displayParticle Component=/Game/Levels/Level4.Level4:PersistentLevel.displayCaseBP24.displayCase
[2015.12.05-22.54.46:816][453]LogParticles:Warning: InitializeSystem called on an unregistered component. Template=/Game/Art/Assets/Particles/p_displayParticle.p_displayParticle Component=/Game/Levels/Level4.Level4:PersistentLevel.displayCaseBP24.displayCase
[2015.12.05-22.54.46:816][453]LogParticles:Warning: InitializeSystem called on an unregistered component. Template=/Game/Art/Assets/Particles/p_displayParticle.p_displayParticle Component=/Game/Levels/Level4.Level4:PersistentLevel.displayCaseBP25.displayCase
[2015.12.05-22.54.46:816][453]LogParticles:Warning: InitializeSystem called on an unregistered component. Template=/Game/Art/Assets/Particles/p_displayParticle.p_displayParticle Component=/Game/Levels/Level4.Level4:PersistentLevel.displayCaseBP25.displayCase
[2015.12.05-22.54.46:816][453]LogParticles:Warning: InitializeSystem called on an unregistered component. Template=/Game/Art/Assets/Particles/p_displayParticle.p_displayParticle Component=/Game/Levels/Level4.Level4:PersistentLevel.displayCaseBP26.displayCase
[2015.12.05-22.54.46:817][453]LogParticles:Warning: InitializeSystem called on an unregistered component. Template=/Game/Art/Assets/Particles/p_displayParticle.p_displayParticle Component=/Game/Levels/Level4.Level4:PersistentLevel.displayCaseBP26.displayCase
[2015.12.05-22.54.46:817][453]LogParticles:Warning: InitializeSystem called on an unregistered component. Template=/Game/Art/Assets/Particles/p_displayParticle.p_displayParticle Component=/Game/Levels/Level4.Level4:PersistentLevel.displayCaseBP27.displayCase
[2015.12.05-22.54.46:817][453]LogParticles:Warning: InitializeSystem called on an unregistered component. Template=/Game/Art/Assets/Particles/p_displayParticle.p_displayParticle Component=/Game/Levels/Level4.Level4:PersistentLevel.displayCaseBP27.displayCase
[2015.12.05-22.54.46:817][453]LogParticles:Warning: InitializeSystem called on an unregistered component. Template=/Game/Art/Assets/Particles/p_displayParticle.p_displayParticle Component=/Game/Levels/Level4.Level4:PersistentLevel.displayCaseBP28.displayCase
[2015.12.05-22.54.46:818][453]LogParticles:Warning: InitializeSystem called on an unregistered component. Template=/Game/Art/Assets/Particles/p_displayParticle.p_displayParticle Component=/Game/Levels/Level4.Level4:PersistentLevel.displayCaseBP28.displayCase
[2015.12.05-22.54.46:818][453]LogParticles:Warning: InitializeSystem called on an unregistered component. Template=/Game/Art/Assets/Particles/p_displayParticleShort.p_displayParticleShort Component=/Game/Levels/Level4.Level4:PersistentLevel.displayCaseShort_Blueprint5.p_displayParticleShort
[2015.12.05-22.54.46:818][453]LogParticles:Warning: InitializeSystem called on an unregistered component. Template=/Game/Art/Assets/Particles/p_displayParticleShort.p_displayParticleShort Component=/Game/Levels/Level4.Level4:PersistentLevel.displayCaseShort_Blueprint5.p_displayParticleShort
[2015.12.05-22.54.46:818][453]LogParticles:Warning: InitializeSystem called on an unregistered component. Template=/Game/Art/Assets/Particles/p_displayParticleLong.p_displayParticleLong Component=/Game/Levels/Level4.Level4:PersistentLevel.displayCaseLongBP7.ParticleSystem
[2015.12.05-22.54.46:818][453]LogParticles:Warning: InitializeSystem called on an unregistered component. Template=/Game/Art/Assets/Particles/p_displayParticleLong.p_displayParticleLong Component=/Game/Levels/Level4.Level4:PersistentLevel.displayCaseLongBP7.ParticleSystem
[2015.12.05-22.54.46:818][453]LogParticles:Warning: InitializeSystem called on an unregistered component. Template=/Game/Art/Assets/Particles/p_displayParticleLong.p_displayParticleLong Component=/Game/Levels/Level4.Level4:PersistentLevel.displayCaseLongBP8.ParticleSystem
[2015.12.05-22.54.46:818][453]LogParticles:Warning: InitializeSystem called on an unregistered component. Template=/Game/Art/Assets/Particles/p_displayParticleLong.p_displayParticleLong Component=/Game/Levels/Level4.Level4:PersistentLevel.displayCaseLongBP8.ParticleSystem
[2015.12.05-22.54.46:819][453]LogParticles:Warning: InitializeSystem called on an unregistered component. Template=/Game/Art/Assets/Particles/p_displayParticleLong.p_displayParticleLong Component=/Game/Levels/Level4.Level4:PersistentLevel.displayCaseLongBP9.ParticleSystem
[2015.12.05-22.54.46:819][453]LogParticles:Warning: InitializeSystem called on an unregistered component. Template=/Game/Art/Assets/Particles/p_displayParticleLong.p_displayParticleLong Component=/Game/Levels/Level4.Level4:PersistentLevel.displayCaseLongBP9.ParticleSystem
[2015.12.05-22.54.46:819][453]LogParticles:Warning: InitializeSystem called on an unregistered component. Template=/Game/Art/Assets/Particles/p_displayParticleLong.p_displayParticleLong Component=/Game/Levels/Level4.Level4:PersistentLevel.displayCaseLongBP10.ParticleSystem
[2015.12.05-22.54.46:819][453]LogParticles:Warning: InitializeSystem called on an unregistered component. Template=/Game/Art/Assets/Particles/p_displayParticleLong.p_displayParticleLong Component=/Game/Levels/Level4.Level4:PersistentLevel.displayCaseLongBP10.ParticleSystem
[2015.12.05-22.54.46:819][453]LogParticles:Warning: InitializeSystem called on an unregistered component. Template=/Game/Art/Assets/Particles/p_displayParticleLong.p_displayParticleLong Component=/Game/Levels/Level4.Level4:PersistentLevel.displayCaseLongBP11.ParticleSystem
[2015.12.05-22.54.46:819][453]LogParticles:Warning: InitializeSystem called on an unregistered component. Template=/Game/Art/Assets/Particles/p_displayParticleLong.p_displayParticleLong Component=/Game/Levels/Level4.Level4:PersistentLevel.displayCaseLongBP11.ParticleSystem
[2015.12.05-22.54.46:819][453]LogParticles:Warning: InitializeSystem called on an unregistered component. Template=/Game/Art/Assets/Particles/p_displayParticle.p_displayParticle Component=/Game/Levels/Level4.Level4:PersistentLevel.displayCaseBP29.displayCase
[2015.12.05-22.54.46:820][453]LogParticles:Warning: InitializeSystem called on an unregistered component. Template=/Game/Art/Assets/Particles/p_displayParticle.p_displayParticle Component=/Game/Levels/Level4.Level4:PersistentLevel.displayCaseBP29.displayCase
[2015.12.05-22.54.46:820][453]LogParticles:Warning: InitializeSystem called on an unregistered component. Template=/Game/Art/Assets/Particles/p_displayParticle.p_displayParticle Component=/Game/Levels/Level4.Level4:PersistentLevel.displayCaseBP30.displayCase
[2015.12.05-22.54.46:820][453]LogParticles:Warning: InitializeSystem called on an unregistered component. Template=/Game/Art/Assets/Particles/p_displayParticle.p_displayParticle Component=/Game/Levels/Level4.Level4:PersistentLevel.displayCaseBP30.displayCase
[2015.12.05-22.54.46:820][453]LogParticles:Warning: InitializeSystem called on an unregistered component. Template=/Game/Art/Assets/Particles/p_displayParticleLong.p_displayParticleLong Component=/Game/Levels/Level4.Level4:PersistentLevel.displayCaseLongBP12.ParticleSystem
[2015.12.05-22.54.46:820][453]LogParticles:Warning: InitializeSystem called on an unregistered component. Template=/Game/Art/Assets/Particles/p_displayParticleLong.p_displayParticleLong Component=/Game/Levels/Level4.Level4:PersistentLevel.displayCaseLongBP12.ParticleSystem
[2015.12.05-22.54.46:820][453]LogParticles:Warning: InitializeSystem called on an unregistered component. Template=/Game/Art/Assets/Particles/p_displayParticle.p_displayParticle Component=/Game/Levels/Level4.Level4:PersistentLevel.displayCaseBP31.displayCase
[2015.12.05-22.54.46:820][453]LogParticles:Warning: InitializeSystem called on an unregistered component. Template=/Game/Art/Assets/Particles/p_displayParticle.p_displayParticle Component=/Game/Levels/Level4.Level4:PersistentLevel.displayCaseBP31.displayCase
[2015.12.05-22.54.46:821][453]LogParticles:Warning: InitializeSystem called on an unregistered component. Template=/Game/Art/Assets/Particles/p_displayParticle.p_displayParticle Component=/Game/Levels/Level4.Level4:PersistentLevel.displayCaseBP32.displayCase
[2015.12.05-22.54.46:821][453]LogParticles:Warning: InitializeSystem called on an unregistered component. Template=/Game/Art/Assets/Particles/p_displayParticle.p_displayParticle Component=/Game/Levels/Level4.Level4:PersistentLevel.displayCaseBP32.displayCase
[2015.12.05-22.54.46:821][453]LogParticles:Warning: InitializeSystem called on an unregistered component. Template=/Game/Art/Assets/Particles/p_displayParticle.p_displayParticle Component=/Game/Levels/Level4.Level4:PersistentLevel.displayCaseBP33.displayCase
[2015.12.05-22.54.46:821][453]LogParticles:Warning: InitializeSystem called on an unregistered component. Template=/Game/Art/Assets/Particles/p_displayParticle.p_displayParticle Component=/Game/Levels/Level4.Level4:PersistentLevel.displayCaseBP33.displayCase
[2015.12.05-22.54.46:822][453]LogParticles:Warning: InitializeSystem called on an unregistered component. Template=/Game/Art/Assets/Particles/p_displayParticle.p_displayParticle Component=/Game/Levels/Level4.Level4:PersistentLevel.displayCaseBP34.displayCase
[2015.12.05-22.54.46:822][453]LogParticles:Warning: InitializeSystem called on an unregistered component. Template=/Game/Art/Assets/Particles/p_displayParticle.p_displayParticle Component=/Game/Levels/Level4.Level4:PersistentLevel.displayCaseBP34.displayCase
[2015.12.05-22.54.46:822][453]LogParticles:Warning: InitializeSystem called on an unregistered component. Template=/Game/Art/Assets/Particles/p_displayParticleLong.p_displayParticleLong Component=/Game/Levels/Level4.Level4:PersistentLevel.displayCaseLongBP13.ParticleSystem
[2015.12.05-22.54.46:822][453]LogParticles:Warning: InitializeSystem called on an unregistered component. Template=/Game/Art/Assets/Particles/p_displayParticleLong.p_displayParticleLong Component=/Game/Levels/Level4.Level4:PersistentLevel.displayCaseLongBP13.ParticleSystem
[2015.12.05-22.54.46:822][453]LogParticles:Warning: InitializeSystem called on an unregistered component. Template=/Game/Art/Assets/Particles/p_displayParticle.p_displayParticle Component=/Game/Levels/Level4.Level4:PersistentLevel.displayCaseBP35.displayCase
[2015.12.05-22.54.46:822][453]LogParticles:Warning: InitializeSystem called on an unregistered component. Template=/Game/Art/Assets/Particles/p_displayParticle.p_displayParticle Component=/Game/Levels/Level4.Level4:PersistentLevel.displayCaseBP35.displayCase
[2015.12.05-22.54.46:823][453]LogParticles:Warning: InitializeSystem called on an unregistered component. Template=/Game/Art/Assets/Particles/p_displayParticle.p_displayParticle Component=/Game/Levels/Level4.Level4:PersistentLevel.displayCaseBP36.displayCase
[2015.12.05-22.54.46:823][453]LogParticles:Warning: InitializeSystem called on an unregistered component. Template=/Game/Art/Assets/Particles/p_displayParticle.p_displayParticle Component=/Game/Levels/Level4.Level4:PersistentLevel.displayCaseBP36.displayCase
[2015.12.05-22.54.46:825][453]LogParticles:Warning: InitializeSystem called on an unregistered component. Template=/Game/Art/Assets/Particles/p_displayParticleShort.p_displayParticleShort Component=/Game/Levels/Level4.Level4:PersistentLevel.displayCaseShort_Blueprint6.p_displayParticleShort
[2015.12.05-22.54.46:825][453]LogParticles:Warning: InitializeSystem called on an unregistered component. Template=/Game/Art/Assets/Particles/p_displayParticleShort.p_displayParticleShort Component=/Game/Levels/Level4.Level4:PersistentLevel.displayCaseShort_Blueprint6.p_displayParticleShort
[2015.12.05-22.54.47:074][453]LogParticles:Warning: InitializeSystem called on an unregistered component. Template=/Game/Art/Assets/Particles/p_displayParticleLong.p_displayParticleLong Component=/Game/Levels/Level4.Level4:PersistentLevel.displayCaseLongBP5.ParticleSystem
[2015.12.05-22.54.47:075][453]LogParticles:Warning: InitializeSystem called on an unregistered component. Template=/Game/Art/Assets/Particles/p_displayParticleLong.p_displayParticleLong Component=/Game/Levels/Level4.Level4:PersistentLevel.displayCaseLongBP5.ParticleSystem
[2015.12.05-22.54.47:075][453]LogParticles:Warning: InitializeSystem called on an unregistered component. Template=/Game/Art/Assets/Particles/p_displayParticleLong.p_displayParticleLong Component=/Game/Levels/Level4.Level4:PersistentLevel.displayCaseLongBP6.ParticleSystem
[2015.12.05-22.54.47:075][453]LogParticles:Warning: InitializeSystem called on an unregistered component. Template=/Game/Art/Assets/Particles/p_displayParticleLong.p_displayParticleLong Component=/Game/Levels/Level4.Level4:PersistentLevel.displayCaseLongBP6.ParticleSystem
[2015.12.05-22.54.47:437][453]LogD3D11RHI: InitD3DDevice
[2015.12.05-22.54.58:967][692]LogD3D11RHI: InitD3DDevice
[2015.12.05-22.55.02:521][  4]LogD3D11RHI: InitD3DDevice
[2015.12.05-22.55.02:541][  4]LogD3D11RHI: InitD3DDevice
[2015.12.05-22.55.04:160][  4]LogMetaData: Removing '/Game/Levels/Level3.SKEL_Level3_C' ref from Metadata '/Game/Levels/Level4.PackageMetaData'
[2015.12.05-22.55.04:160][  4]LogMetaData: Removing '/Game/Levels/Level3.Level3_C' ref from Metadata '/Game/Levels/Level4.PackageMetaData'
[2015.12.05-22.55.04:222][  4]LogD3D11RHI: InitD3DDevice
[2015.12.05-22.55.04:836][  4]Cmd: OBJ SAVEPACKAGE PACKAGE="/Game/Levels/Level3" FILE="../../../../../../d/The-Curators/AlexPrototype/Content/Levels/Level3.umap" SILENT=true AUTOSAVING=false KEEPDIRTY=false
[2015.12.05-22.55.08:793][  4]LogSavePackage: Save=3911.574951ms
[2015.12.05-22.55.08:794][  4]LogSavePackage: Moving '../../../../../../d/The-Curators/AlexPrototype/Saved/Level33B34D11F4BEA04DE1FFA0583AF08D6AC.tmp' to '../../../../../../d/The-Curators/AlexPrototype/Content/Levels/Level3.umap'
[2015.12.05-22.55.08:800][  4]LogFileHelpers: Saving map 'Level3' took 4.566
[2015.12.05-22.55.08:805][  4]LogD3D11RHI: InitD3DDevice
[2015.12.05-22.55.08:886][  4]LogD3D11RHI: InitD3DDevice
[2015.12.05-22.55.11:166][137]LogD3D11RHI: InitD3DDevice
[2015.12.05-22.55.27:348][137]LogMaterial: Missing cached shader map for material m_glowWall, compiling. 
[2015.12.05-22.55.34:062][137]LogAIModule: Creating AISystem for world kestonLevel
[2015.12.05-22.55.34:212][137]LogParticles:Warning: InitializeSystem called on an unregistered component. Template=/Game/Art/Assets/Particles/p_displayParticleShort.p_displayParticleShort Component=/Game/Levels/kestonLevel.kestonLevel:PersistentLevel.displayCaseShort_Blueprint_87.p_displayParticleShort
[2015.12.05-22.55.34:212][137]LogParticles:Warning: InitializeSystem called on an unregistered component. Template=/Game/Art/Assets/Particles/p_displayParticleShort.p_displayParticleShort Component=/Game/Levels/kestonLevel.kestonLevel:PersistentLevel.displayCaseShort_Blueprint2.p_displayParticleShort
[2015.12.05-22.55.34:264][137]LogParticles:Warning: InitializeSystem called on an unregistered component. Template=/Game/Art/Assets/Particles/p_teleporter.p_teleporter Component=/Game/Levels/kestonLevel.kestonLevel:PersistentLevel.p_teleporter_BP_C_0.ParticleSystem
[2015.12.05-22.55.34:265][137]LogParticles:Warning: InitializeSystem called on an unregistered component. Template=/Game/Art/Assets/Particles/p_teleporter.p_teleporter Component=/Game/Levels/kestonLevel.kestonLevel:PersistentLevel.p_teleporter_BP_C_1.ParticleSystem
[2015.12.05-22.55.34:265][137]LogParticles:Warning: InitializeSystem called on an unregistered component. Template=/Game/Art/Assets/Particles/p_teleporter.p_teleporter Component=/Game/Levels/kestonLevel.kestonLevel:PersistentLevel.p_teleporter_BP_C_3.ParticleSystem
[2015.12.05-22.55.34:266][137]LogParticles:Warning: InitializeSystem called on an unregistered component. Template=/Game/Art/Assets/Particles/p_teleporter.p_teleporter Component=/Game/Levels/kestonLevel.kestonLevel:PersistentLevel.p_teleporter_BP_C_4.ParticleSystem
[2015.12.05-22.55.34:414][137]LogParticles:Warning: InitializeSystem called on an unregistered component. Template=/Game/Art/Assets/Particles/p_displayParticleLong.p_displayParticleLong Component=/Game/Levels/kestonLevel.kestonLevel:PersistentLevel.displayCaseLongBP_C_0.ParticleSystem
[2015.12.05-22.55.34:414][137]LogParticles:Warning: InitializeSystem called on an unregistered component. Template=/Game/Art/Assets/Particles/p_displayParticleLong.p_displayParticleLong Component=/Game/Levels/kestonLevel.kestonLevel:PersistentLevel.displayCaseLongBP_C_1.ParticleSystem
[2015.12.05-22.55.34:414][137]LogParticles:Warning: InitializeSystem called on an unregistered component. Template=/Game/Art/Assets/Particles/p_displayParticleLong.p_displayParticleLong Component=/Game/Levels/kestonLevel.kestonLevel:PersistentLevel.displayCaseLongBP_C_4.ParticleSystem
[2015.12.05-22.55.34:415][137]LogParticles:Warning: InitializeSystem called on an unregistered component. Template=/Game/Art/Assets/Particles/p_displayParticleLong.p_displayParticleLong Component=/Game/Levels/kestonLevel.kestonLevel:PersistentLevel.displayCaseLongBP_C_5.ParticleSystem
[2015.12.05-22.55.34:415][137]LogParticles:Warning: InitializeSystem called on an unregistered component. Template=/Game/Art/Assets/Particles/p_displayParticleLong.p_displayParticleLong Component=/Game/Levels/kestonLevel.kestonLevel:PersistentLevel.displayCaseLongBP_C_6.ParticleSystem
[2015.12.05-22.55.34:415][137]LogParticles:Warning: InitializeSystem called on an unregistered component. Template=/Game/Art/Assets/Particles/p_displayParticleLong.p_displayParticleLong Component=/Game/Levels/kestonLevel.kestonLevel:PersistentLevel.displayCaseLongBP_C_7.ParticleSystem
[2015.12.05-22.55.34:415][137]LogParticles:Warning: InitializeSystem called on an unregistered component. Template=/Game/Art/Assets/Particles/p_displayParticleLong.p_displayParticleLong Component=/Game/Levels/kestonLevel.kestonLevel:PersistentLevel.displayCaseLongBP_C_8.ParticleSystem
[2015.12.05-22.55.34:415][137]LogParticles:Warning: InitializeSystem called on an unregistered component. Template=/Game/Art/Assets/Particles/p_displayParticleLong.p_displayParticleLong Component=/Game/Levels/kestonLevel.kestonLevel:PersistentLevel.displayCaseLongBP_C_9.ParticleSystem
[2015.12.05-22.55.34:415][137]LogParticles:Warning: InitializeSystem called on an unregistered component. Template=/Game/Art/Assets/Particles/p_displayParticleLong.p_displayParticleLong Component=/Game/Levels/kestonLevel.kestonLevel:PersistentLevel.displayCaseLongBP_C_10.ParticleSystem
[2015.12.05-22.55.34:415][137]LogParticles:Warning: InitializeSystem called on an unregistered component. Template=/Game/Art/Assets/Particles/p_displayParticleLong.p_displayParticleLong Component=/Game/Levels/kestonLevel.kestonLevel:PersistentLevel.displayCaseLongBP_C_11.ParticleSystem
[2015.12.05-22.55.34:415][137]LogParticles:Warning: InitializeSystem called on an unregistered component. Template=/Game/Art/Assets/Particles/p_displayParticleLong.p_displayParticleLong Component=/Game/Levels/kestonLevel.kestonLevel:PersistentLevel.displayCaseLongBP_C_12.ParticleSystem
[2015.12.05-22.55.34:415][137]LogParticles:Warning: InitializeSystem called on an unregistered component. Template=/Game/Art/Assets/Particles/p_displayParticleLong.p_displayParticleLong Component=/Game/Levels/kestonLevel.kestonLevel:PersistentLevel.displayCaseLongBP_C_13.ParticleSystem
[2015.12.05-22.55.34:415][137]LogParticles:Warning: InitializeSystem called on an unregistered component. Template=/Game/Art/Assets/Particles/p_displayParticle.p_displayParticle Component=/Game/Levels/kestonLevel.kestonLevel:PersistentLevel.displayCaseBP_C_0.displayCase
[2015.12.05-22.55.34:415][137]LogParticles:Warning: InitializeSystem called on an unregistered component. Template=/Game/Art/Assets/Particles/p_displayParticle.p_displayParticle Component=/Game/Levels/kestonLevel.kestonLevel:PersistentLevel.displayCaseBP_C_1.displayCase
[2015.12.05-22.55.34:415][137]LogParticles:Warning: InitializeSystem called on an unregistered component. Template=/Game/Art/Assets/Particles/p_displayParticle.p_displayParticle Component=/Game/Levels/kestonLevel.kestonLevel:PersistentLevel.displayCaseBP_C_2.displayCase
[2015.12.05-22.55.34:415][137]LogParticles:Warning: InitializeSystem called on an unregistered component. Template=/Game/Art/Assets/Particles/p_displayParticle.p_displayParticle Component=/Game/Levels/kestonLevel.kestonLevel:PersistentLevel.displayCaseBP_C_3.displayCase
[2015.12.05-22.55.34:415][137]LogParticles:Warning: InitializeSystem called on an unregistered component. Template=/Game/Art/Assets/Particles/p_displayParticle.p_displayParticle Component=/Game/Levels/kestonLevel.kestonLevel:PersistentLevel.displayCaseBP_C_4.displayCase
[2015.12.05-22.55.34:415][137]LogParticles:Warning: InitializeSystem called on an unregistered component. Template=/Game/Art/Assets/Particles/p_displayParticle.p_displayParticle Component=/Game/Levels/kestonLevel.kestonLevel:PersistentLevel.displayCaseBP_C_5.displayCase
[2015.12.05-22.55.34:415][137]LogParticles:Warning: InitializeSystem called on an unregistered component. Template=/Game/Art/Assets/Particles/p_displayParticle.p_displayParticle Component=/Game/Levels/kestonLevel.kestonLevel:PersistentLevel.displayCaseBP_C_6.displayCase
[2015.12.05-22.55.34:415][137]LogParticles:Warning: InitializeSystem called on an unregistered component. Template=/Game/Art/Assets/Particles/p_displayParticle.p_displayParticle Component=/Game/Levels/kestonLevel.kestonLevel:PersistentLevel.displayCaseBP_C_7.displayCase
[2015.12.05-22.55.34:415][137]LogParticles:Warning: InitializeSystem called on an unregistered component. Template=/Game/Art/Assets/Particles/p_displayParticle.p_displayParticle Component=/Game/Levels/kestonLevel.kestonLevel:PersistentLevel.displayCaseBP_C_8.displayCase
[2015.12.05-22.55.34:416][137]LogParticles:Warning: InitializeSystem called on an unregistered component. Template=/Game/Art/Assets/Particles/p_displayParticle.p_displayParticle Component=/Game/Levels/kestonLevel.kestonLevel:PersistentLevel.displayCaseBP_C_9.displayCase
[2015.12.05-22.55.34:416][137]LogParticles:Warning: InitializeSystem called on an unregistered component. Template=/Game/Art/Assets/Particles/p_displayParticle.p_displayParticle Component=/Game/Levels/kestonLevel.kestonLevel:PersistentLevel.displayCaseBP_C_10.displayCase
[2015.12.05-22.55.34:522][137]LogParticles:Warning: InitializeSystem called on an unregistered component. Template=/Game/Art/Assets/Particles/p_displayParticleShort.p_displayParticleShort Component=/Game/Levels/kestonLevel.kestonLevel:PersistentLevel.displayCaseShort_Blueprint_87.p_displayParticleShort
[2015.12.05-22.55.34:522][137]LogParticles:Warning: InitializeSystem called on an unregistered component. Template=/Game/Art/Assets/Particles/p_displayParticleShort.p_displayParticleShort Component=/Game/Levels/kestonLevel.kestonLevel:PersistentLevel.displayCaseShort_Blueprint_87.p_displayParticleShort
[2015.12.05-22.55.34:522][137]LogParticles:Warning: InitializeSystem called on an unregistered component. Template=/Game/Art/Assets/Particles/p_displayParticleShort.p_displayParticleShort Component=/Game/Levels/kestonLevel.kestonLevel:PersistentLevel.displayCaseShort_Blueprint2.p_displayParticleShort
[2015.12.05-22.55.34:522][137]LogParticles:Warning: InitializeSystem called on an unregistered component. Template=/Game/Art/Assets/Particles/p_displayParticleShort.p_displayParticleShort Component=/Game/Levels/kestonLevel.kestonLevel:PersistentLevel.displayCaseShort_Blueprint2.p_displayParticleShort
[2015.12.05-22.55.34:530][137]LogParticles:Warning: InitializeSystem called on an unregistered component. Template=/Game/Art/Assets/Particles/p_teleporter.p_teleporter Component=/Game/Levels/kestonLevel.kestonLevel:PersistentLevel.p_teleporter_BP_C_0.ParticleSystem
[2015.12.05-22.55.34:530][137]LogParticles:Warning: InitializeSystem called on an unregistered component. Template=/Game/Art/Assets/Particles/p_teleporter.p_teleporter Component=/Game/Levels/kestonLevel.kestonLevel:PersistentLevel.p_teleporter_BP_C_0.ParticleSystem
[2015.12.05-22.55.34:531][137]LogParticles:Warning: InitializeSystem called on an unregistered component. Template=/Game/Art/Assets/Particles/p_teleporter.p_teleporter Component=/Game/Levels/kestonLevel.kestonLevel:PersistentLevel.p_teleporter_BP_C_1.ParticleSystem
[2015.12.05-22.55.34:531][137]LogParticles:Warning: InitializeSystem called on an unregistered component. Template=/Game/Art/Assets/Particles/p_teleporter.p_teleporter Component=/Game/Levels/kestonLevel.kestonLevel:PersistentLevel.p_teleporter_BP_C_1.ParticleSystem
[2015.12.05-22.55.34:532][137]LogParticles:Warning: InitializeSystem called on an unregistered component. Template=/Game/Art/Assets/Particles/p_teleporter.p_teleporter Component=/Game/Levels/kestonLevel.kestonLevel:PersistentLevel.p_teleporter_BP_C_3.ParticleSystem
[2015.12.05-22.55.34:533][137]LogParticles:Warning: InitializeSystem called on an unregistered component. Template=/Game/Art/Assets/Particles/p_teleporter.p_teleporter Component=/Game/Levels/kestonLevel.kestonLevel:PersistentLevel.p_teleporter_BP_C_3.ParticleSystem
[2015.12.05-22.55.34:533][137]LogParticles:Warning: InitializeSystem called on an unregistered component. Template=/Game/Art/Assets/Particles/p_teleporter.p_teleporter Component=/Game/Levels/kestonLevel.kestonLevel:PersistentLevel.p_teleporter_BP_C_4.ParticleSystem
[2015.12.05-22.55.34:534][137]LogParticles:Warning: InitializeSystem called on an unregistered component. Template=/Game/Art/Assets/Particles/p_teleporter.p_teleporter Component=/Game/Levels/kestonLevel.kestonLevel:PersistentLevel.p_teleporter_BP_C_4.ParticleSystem
[2015.12.05-22.55.34:728][137]LogParticles:Warning: InitializeSystem called on an unregistered component. Template=/Game/Art/Assets/Particles/p_displayParticleLong.p_displayParticleLong Component=/Game/Levels/kestonLevel.kestonLevel:PersistentLevel.displayCaseLongBP_C_0.ParticleSystem
[2015.12.05-22.55.34:728][137]LogParticles:Warning: InitializeSystem called on an unregistered component. Template=/Game/Art/Assets/Particles/p_displayParticleLong.p_displayParticleLong Component=/Game/Levels/kestonLevel.kestonLevel:PersistentLevel.displayCaseLongBP_C_0.ParticleSystem
[2015.12.05-22.55.34:729][137]LogParticles:Warning: InitializeSystem called on an unregistered component. Template=/Game/Art/Assets/Particles/p_displayParticleLong.p_displayParticleLong Component=/Game/Levels/kestonLevel.kestonLevel:PersistentLevel.displayCaseLongBP_C_1.ParticleSystem
[2015.12.05-22.55.34:729][137]LogParticles:Warning: InitializeSystem called on an unregistered component. Template=/Game/Art/Assets/Particles/p_displayParticleLong.p_displayParticleLong Component=/Game/Levels/kestonLevel.kestonLevel:PersistentLevel.displayCaseLongBP_C_1.ParticleSystem
[2015.12.05-22.55.34:729][137]LogParticles:Warning: InitializeSystem called on an unregistered component. Template=/Game/Art/Assets/Particles/p_displayParticleLong.p_displayParticleLong Component=/Game/Levels/kestonLevel.kestonLevel:PersistentLevel.displayCaseLongBP_C_4.ParticleSystem
[2015.12.05-22.55.34:729][137]LogParticles:Warning: InitializeSystem called on an unregistered component. Template=/Game/Art/Assets/Particles/p_displayParticleLong.p_displayParticleLong Component=/Game/Levels/kestonLevel.kestonLevel:PersistentLevel.displayCaseLongBP_C_4.ParticleSystem
[2015.12.05-22.55.34:729][137]LogParticles:Warning: InitializeSystem called on an unregistered component. Template=/Game/Art/Assets/Particles/p_displayParticleLong.p_displayParticleLong Component=/Game/Levels/kestonLevel.kestonLevel:PersistentLevel.displayCaseLongBP_C_5.ParticleSystem
[2015.12.05-22.55.34:729][137]LogParticles:Warning: InitializeSystem called on an unregistered component. Template=/Game/Art/Assets/Particles/p_displayParticleLong.p_displayParticleLong Component=/Game/Levels/kestonLevel.kestonLevel:PersistentLevel.displayCaseLongBP_C_5.ParticleSystem
[2015.12.05-22.55.34:730][137]LogParticles:Warning: InitializeSystem called on an unregistered component. Template=/Game/Art/Assets/Particles/p_displayParticleLong.p_displayParticleLong Component=/Game/Levels/kestonLevel.kestonLevel:PersistentLevel.displayCaseLongBP_C_6.ParticleSystem
[2015.12.05-22.55.34:730][137]LogParticles:Warning: InitializeSystem called on an unregistered component. Template=/Game/Art/Assets/Particles/p_displayParticleLong.p_displayParticleLong Component=/Game/Levels/kestonLevel.kestonLevel:PersistentLevel.displayCaseLongBP_C_6.ParticleSystem
[2015.12.05-22.55.34:730][137]LogParticles:Warning: InitializeSystem called on an unregistered component. Template=/Game/Art/Assets/Particles/p_displayParticleLong.p_displayParticleLong Component=/Game/Levels/kestonLevel.kestonLevel:PersistentLevel.displayCaseLongBP_C_7.ParticleSystem
[2015.12.05-22.55.34:730][137]LogParticles:Warning: InitializeSystem called on an unregistered component. Template=/Game/Art/Assets/Particles/p_displayParticleLong.p_displayParticleLong Component=/Game/Levels/kestonLevel.kestonLevel:PersistentLevel.displayCaseLongBP_C_7.ParticleSystem
[2015.12.05-22.55.34:730][137]LogParticles:Warning: InitializeSystem called on an unregistered component. Template=/Game/Art/Assets/Particles/p_displayParticleLong.p_displayParticleLong Component=/Game/Levels/kestonLevel.kestonLevel:PersistentLevel.displayCaseLongBP_C_8.ParticleSystem
[2015.12.05-22.55.34:730][137]LogParticles:Warning: InitializeSystem called on an unregistered component. Template=/Game/Art/Assets/Particles/p_displayParticleLong.p_displayParticleLong Component=/Game/Levels/kestonLevel.kestonLevel:PersistentLevel.displayCaseLongBP_C_8.ParticleSystem
[2015.12.05-22.55.34:730][137]LogParticles:Warning: InitializeSystem called on an unregistered component. Template=/Game/Art/Assets/Particles/p_displayParticleLong.p_displayParticleLong Component=/Game/Levels/kestonLevel.kestonLevel:PersistentLevel.displayCaseLongBP_C_9.ParticleSystem
[2015.12.05-22.55.34:731][137]LogParticles:Warning: InitializeSystem called on an unregistered component. Template=/Game/Art/Assets/Particles/p_displayParticleLong.p_displayParticleLong Component=/Game/Levels/kestonLevel.kestonLevel:PersistentLevel.displayCaseLongBP_C_9.ParticleSystem
[2015.12.05-22.55.34:731][137]LogParticles:Warning: InitializeSystem called on an unregistered component. Template=/Game/Art/Assets/Particles/p_displayParticleLong.p_displayParticleLong Component=/Game/Levels/kestonLevel.kestonLevel:PersistentLevel.displayCaseLongBP_C_10.ParticleSystem
[2015.12.05-22.55.34:731][137]LogParticles:Warning: InitializeSystem called on an unregistered component. Template=/Game/Art/Assets/Particles/p_displayParticleLong.p_displayParticleLong Component=/Game/Levels/kestonLevel.kestonLevel:PersistentLevel.displayCaseLongBP_C_10.ParticleSystem
[2015.12.05-22.55.34:731][137]LogParticles:Warning: InitializeSystem called on an unregistered component. Template=/Game/Art/Assets/Particles/p_displayParticleLong.p_displayParticleLong Component=/Game/Levels/kestonLevel.kestonLevel:PersistentLevel.displayCaseLongBP_C_11.ParticleSystem
[2015.12.05-22.55.34:731][137]LogParticles:Warning: InitializeSystem called on an unregistered component. Template=/Game/Art/Assets/Particles/p_displayParticleLong.p_displayParticleLong Component=/Game/Levels/kestonLevel.kestonLevel:PersistentLevel.displayCaseLongBP_C_11.ParticleSystem
[2015.12.05-22.55.34:731][137]LogParticles:Warning: InitializeSystem called on an unregistered component. Template=/Game/Art/Assets/Particles/p_displayParticleLong.p_displayParticleLong Component=/Game/Levels/kestonLevel.kestonLevel:PersistentLevel.displayCaseLongBP_C_12.ParticleSystem
[2015.12.05-22.55.34:731][137]LogParticles:Warning: InitializeSystem called on an unregistered component. Template=/Game/Art/Assets/Particles/p_displayParticleLong.p_displayParticleLong Component=/Game/Levels/kestonLevel.kestonLevel:PersistentLevel.displayCaseLongBP_C_12.ParticleSystem
[2015.12.05-22.55.34:731][137]LogParticles:Warning: InitializeSystem called on an unregistered component. Template=/Game/Art/Assets/Particles/p_displayParticleLong.p_displayParticleLong Component=/Game/Levels/kestonLevel.kestonLevel:PersistentLevel.displayCaseLongBP_C_13.ParticleSystem
[2015.12.05-22.55.34:732][137]LogParticles:Warning: InitializeSystem called on an unregistered component. Template=/Game/Art/Assets/Particles/p_displayParticleLong.p_displayParticleLong Component=/Game/Levels/kestonLevel.kestonLevel:PersistentLevel.displayCaseLongBP_C_13.ParticleSystem
[2015.12.05-22.55.34:732][137]LogParticles:Warning: InitializeSystem called on an unregistered component. Template=/Game/Art/Assets/Particles/p_displayParticle.p_displayParticle Component=/Game/Levels/kestonLevel.kestonLevel:PersistentLevel.displayCaseBP_C_0.displayCase
[2015.12.05-22.55.34:732][137]LogParticles:Warning: InitializeSystem called on an unregistered component. Template=/Game/Art/Assets/Particles/p_displayParticle.p_displayParticle Component=/Game/Levels/kestonLevel.kestonLevel:PersistentLevel.displayCaseBP_C_0.displayCase
[2015.12.05-22.55.34:732][137]LogParticles:Warning: InitializeSystem called on an unregistered component. Template=/Game/Art/Assets/Particles/p_displayParticle.p_displayParticle Component=/Game/Levels/kestonLevel.kestonLevel:PersistentLevel.displayCaseBP_C_1.displayCase
[2015.12.05-22.55.34:733][137]LogParticles:Warning: InitializeSystem called on an unregistered component. Template=/Game/Art/Assets/Particles/p_displayParticle.p_displayParticle Component=/Game/Levels/kestonLevel.kestonLevel:PersistentLevel.displayCaseBP_C_1.displayCase
[2015.12.05-22.55.34:733][137]LogParticles:Warning: InitializeSystem called on an unregistered component. Template=/Game/Art/Assets/Particles/p_displayParticle.p_displayParticle Component=/Game/Levels/kestonLevel.kestonLevel:PersistentLevel.displayCaseBP_C_2.displayCase
[2015.12.05-22.55.34:733][137]LogParticles:Warning: InitializeSystem called on an unregistered component. Template=/Game/Art/Assets/Particles/p_displayParticle.p_displayParticle Component=/Game/Levels/kestonLevel.kestonLevel:PersistentLevel.displayCaseBP_C_2.displayCase
[2015.12.05-22.55.34:733][137]LogParticles:Warning: InitializeSystem called on an unregistered component. Template=/Game/Art/Assets/Particles/p_displayParticle.p_displayParticle Component=/Game/Levels/kestonLevel.kestonLevel:PersistentLevel.displayCaseBP_C_3.displayCase
[2015.12.05-22.55.34:733][137]LogParticles:Warning: InitializeSystem called on an unregistered component. Template=/Game/Art/Assets/Particles/p_displayParticle.p_displayParticle Component=/Game/Levels/kestonLevel.kestonLevel:PersistentLevel.displayCaseBP_C_3.displayCase
[2015.12.05-22.55.34:734][137]LogParticles:Warning: InitializeSystem called on an unregistered component. Template=/Game/Art/Assets/Particles/p_displayParticle.p_displayParticle Component=/Game/Levels/kestonLevel.kestonLevel:PersistentLevel.displayCaseBP_C_4.displayCase
[2015.12.05-22.55.34:734][137]LogParticles:Warning: InitializeSystem called on an unregistered component. Template=/Game/Art/Assets/Particles/p_displayParticle.p_displayParticle Component=/Game/Levels/kestonLevel.kestonLevel:PersistentLevel.displayCaseBP_C_4.displayCase
[2015.12.05-22.55.34:734][137]LogParticles:Warning: InitializeSystem called on an unregistered component. Template=/Game/Art/Assets/Particles/p_displayParticle.p_displayParticle Component=/Game/Levels/kestonLevel.kestonLevel:PersistentLevel.displayCaseBP_C_5.displayCase
[2015.12.05-22.55.34:734][137]LogParticles:Warning: InitializeSystem called on an unregistered component. Template=/Game/Art/Assets/Particles/p_displayParticle.p_displayParticle Component=/Game/Levels/kestonLevel.kestonLevel:PersistentLevel.displayCaseBP_C_5.displayCase
[2015.12.05-22.55.34:734][137]LogParticles:Warning: InitializeSystem called on an unregistered component. Template=/Game/Art/Assets/Particles/p_displayParticle.p_displayParticle Component=/Game/Levels/kestonLevel.kestonLevel:PersistentLevel.displayCaseBP_C_6.displayCase
[2015.12.05-22.55.34:735][137]LogParticles:Warning: InitializeSystem called on an unregistered component. Template=/Game/Art/Assets/Particles/p_displayParticle.p_displayParticle Component=/Game/Levels/kestonLevel.kestonLevel:PersistentLevel.displayCaseBP_C_6.displayCase
[2015.12.05-22.55.34:735][137]LogParticles:Warning: InitializeSystem called on an unregistered component. Template=/Game/Art/Assets/Particles/p_displayParticle.p_displayParticle Component=/Game/Levels/kestonLevel.kestonLevel:PersistentLevel.displayCaseBP_C_7.displayCase
[2015.12.05-22.55.34:735][137]LogParticles:Warning: InitializeSystem called on an unregistered component. Template=/Game/Art/Assets/Particles/p_displayParticle.p_displayParticle Component=/Game/Levels/kestonLevel.kestonLevel:PersistentLevel.displayCaseBP_C_7.displayCase
[2015.12.05-22.55.34:735][137]LogParticles:Warning: InitializeSystem called on an unregistered component. Template=/Game/Art/Assets/Particles/p_displayParticle.p_displayParticle Component=/Game/Levels/kestonLevel.kestonLevel:PersistentLevel.displayCaseBP_C_8.displayCase
[2015.12.05-22.55.34:735][137]LogParticles:Warning: InitializeSystem called on an unregistered component. Template=/Game/Art/Assets/Particles/p_displayParticle.p_displayParticle Component=/Game/Levels/kestonLevel.kestonLevel:PersistentLevel.displayCaseBP_C_8.displayCase
[2015.12.05-22.55.34:735][137]LogParticles:Warning: InitializeSystem called on an unregistered component. Template=/Game/Art/Assets/Particles/p_displayParticle.p_displayParticle Component=/Game/Levels/kestonLevel.kestonLevel:PersistentLevel.displayCaseBP_C_9.displayCase
[2015.12.05-22.55.34:736][137]LogParticles:Warning: InitializeSystem called on an unregistered component. Template=/Game/Art/Assets/Particles/p_displayParticle.p_displayParticle Component=/Game/Levels/kestonLevel.kestonLevel:PersistentLevel.displayCaseBP_C_9.displayCase
[2015.12.05-22.55.34:736][137]LogParticles:Warning: InitializeSystem called on an unregistered component. Template=/Game/Art/Assets/Particles/p_displayParticle.p_displayParticle Component=/Game/Levels/kestonLevel.kestonLevel:PersistentLevel.displayCaseBP_C_10.displayCase
[2015.12.05-22.55.34:736][137]LogParticles:Warning: InitializeSystem called on an unregistered component. Template=/Game/Art/Assets/Particles/p_displayParticle.p_displayParticle Component=/Game/Levels/kestonLevel.kestonLevel:PersistentLevel.displayCaseBP_C_10.displayCase
[2015.12.05-22.55.34:782][137]LogD3D11RHI: InitD3DDevice
[2015.12.05-22.55.38:379][363]LogD3D11RHI: InitD3DDevice
[2015.12.05-22.55.42:802][775]LogD3D11RHI: InitD3DDevice
[2015.12.05-22.55.42:825][775]LogD3D11RHI: InitD3DDevice
[2015.12.05-22.55.43:168][775]LogActorComponent: UnregisterComponent: (/Engine/Transient.RotatingMovement45AB32CF41265BE9A49ED6B6B959A9C8) Not registered. Aborting.
[2015.12.05-22.55.43:168][775]LogActorComponent: UnregisterComponent: (/Engine/Transient.RotatingMovement82F2D63D2A4C247969B9ADBDBA59CF74) Not registered. Aborting.
[2015.12.05-22.55.43:366][775]LogMetaData: Removing '/Game/Levels/Level4.SKEL_Level4_C' ref from Metadata '/Game/Levels/kestonLevel.PackageMetaData'
[2015.12.05-22.55.43:366][775]LogMetaData: Removing '/Game/Levels/Level4.Level4_C' ref from Metadata '/Game/Levels/kestonLevel.PackageMetaData'
[2015.12.05-22.55.43:388][775]LogD3D11RHI: InitD3DDevice
[2015.12.05-22.55.44:305][775]Cmd: OBJ SAVEPACKAGE PACKAGE="/Game/Levels/Level4" FILE="../../../../../../d/The-Curators/AlexPrototype/Content/Levels/Level4.umap" SILENT=true AUTOSAVING=false KEEPDIRTY=false
[2015.12.05-22.55.46:180][775]LogSavePackage: Save=1810.186890ms
[2015.12.05-22.55.46:180][775]LogSavePackage: Moving '../../../../../../d/The-Curators/AlexPrototype/Saved/Level4EDE6034A43100A50528C2B92E60A07F1.tmp' to '../../../../../../d/The-Curators/AlexPrototype/Content/Levels/Level4.umap'
[2015.12.05-22.55.46:187][775]LogFileHelpers: Saving map 'Level4' took 2.788
[2015.12.05-22.55.46:191][775]LogD3D11RHI: InitD3DDevice
[2015.12.05-22.55.46:266][775]LogD3D11RHI: InitD3DDevice
[2015.12.05-22.55.56:342][949]LogD3D11RHI: InitD3DDevice
[2015.12.05-22.55.56:371][949]Cmd: OBJ SAVEPACKAGE PACKAGE="/Game/Levels/MainMenu" FILE="../../../../../../d/The-Curators/AlexPrototype/Content/Levels/MainMenu.umap" SILENT=true AUTOSAVING=false KEEPDIRTY=false
[2015.12.05-22.55.56:373][949]LogActorComponent: UnregisterComponent: (/Engine/Transient.RotatingMovement45AB32CF41265B