[2015.12.06-02.15.40:428][  0]Log file open, 12/05/15 21:15:40
[2015.12.06-02.15.40:428][  0]LogInit:Display: Running engine for game: MyProject
[2015.12.06-02.15.40:428][  0]LogInit:Display: RandInit(-1896093580) SRandInit(-1896093579).
[2015.12.06-02.15.40:428][  0]LogTaskGraph: Started task graph with 4 named threads and 7 total threads.
[2015.12.06-02.15.40:428][  0]LogStats: Stats thread started
[2015.12.06-02.15.40:428][  0]LogInit: Version: 4.8.3-2634408+++depot+UE4-Releases+4.8
[2015.12.06-02.15.40:428][  0]LogInit: API Version: 2579680
[2015.12.06-02.15.40:428][  0]LogInit: Compiled (64-bit): Jul 27 2015 16:24:33
[2015.12.06-02.15.40:428][  0]LogInit: Compiled with Visual C++: 18.00.21005.01
[2015.12.06-02.15.40:428][  0]LogInit: Build Configuration: Development
[2015.12.06-02.15.40:428][  0]LogInit: Branch Name: ++depot+UE4-Releases+4.8
[2015.12.06-02.15.40:428][  0]LogInit: Command line: 
[2015.12.06-02.15.40:428][  0]LogInit: Base directory: C:/Program Files/Epic Games/4.8/Engine/Binaries/Win64/
[2015.12.06-02.15.40:428][  0]LogInit: Rocket: 1
[2015.12.06-02.15.40:447][  0]LogInit: Using libcurl 7.41.0
[2015.12.06-02.15.40:447][  0]LogInit:  - built for x86_64-pc-win32
[2015.12.06-02.15.40:447][  0]LogInit:  - supports SSL with WinSSL
[2015.12.06-02.15.40:447][  0]LogInit:  - other features:
[2015.12.06-02.15.40:447][  0]LogInit:      CURL_VERSION_SSL
[2015.12.06-02.15.40:447][  0]LogInit:      CURL_VERSION_IPV6
[2015.12.06-02.15.40:447][  0]LogInit:      CURL_VERSION_ASYNCHDNS
[2015.12.06-02.15.40:447][  0]LogInit:      CURL_VERSION_LARGEFILE
[2015.12.06-02.15.40:447][  0]LogInit:      CURL_VERSION_IDN
[2015.12.06-02.15.40:447][  0]LogInit:  CurlRequestOptions (configurable via config and command line):
[2015.12.06-02.15.40:447][  0]LogInit:  - bVerifyPeer = true  - Libcurl will verify peer certificate
[2015.12.06-02.15.40:447][  0]LogInit:  - bUseHttpProxy = false  - Libcurl will NOT use HTTP proxy
[2015.12.06-02.15.40:447][  0]LogInit:  - bDontReuseConnections = false  - Libcurl will reuse connections
[2015.12.06-02.15.40:447][  0]LogInit:  - CertBundlePath = nullptr  - Libcurl will use whatever was configured at build time.
[2015.12.06-02.15.40:465][  0]LogOnline:Warning: No default platform service specified for OnlineSubsystem
[2015.12.06-02.15.40:490][  0]LogInit: Presizing for 0 objects not considered by GC, pre-allocating 0 bytes.
[2015.12.06-02.15.40:505][  0]LogInit: Object subsystem initialized
[2015.12.06-02.15.40:506][  0]LogConsoleResponse:Warning: Skipping Unknown console variable: 'TranslucentSortAxis = (X=0.000000,Y=-1.000000,Z=0.000000)'
[2015.12.06-02.15.40:506][  0]LogConsoleResponse:Warning:   Found in ini file 'C:/Users/Christopher/Documents/GitHub/The-Curators/AlexPrototype/Saved/Config/Windows/Engine.ini', in section '[/Script/Engine.RendererSettings]'
[2015.12.06-02.15.40:506][  0]LogConsoleResponse:Warning: Skipping Unknown console variable: 'UIScaleRule = ShortestSide'
[2015.12.06-02.15.40:506][  0]LogConsoleResponse:Warning:   Found in ini file 'C:/Users/Christopher/Documents/GitHub/The-Curators/AlexPrototype/Saved/Config/Windows/Engine.ini', in section '[/Script/Engine.RendererSettings]'
[2015.12.06-02.15.40:506][  0]LogConsoleResponse:Warning: Skipping Unknown console variable: 'UIScaleCurve = (EditorCurveData=(Keys=),ExternalCurve=None)'
[2015.12.06-02.15.40:506][  0]LogConsoleResponse:Warning:   Found in ini file 'C:/Users/Christopher/Documents/GitHub/The-Curators/AlexPrototype/Saved/Config/Windows/Engine.ini', in section '[/Script/Engine.RendererSettings]'
[2015.12.06-02.15.40:507][  0]LogInit: Selected Device Profile: [Windows]
[2015.12.06-02.15.40:507][  0]LogInit: Applying CVar settings loaded from the selected device profile: [Windows]
[2015.12.06-02.15.40:522][  0]LogInit: Computer: CHRISTOPHER-S70
[2015.12.06-02.15.40:522][  0]LogInit: User: Christopher
[2015.12.06-02.15.40:522][  0]LogInit: CPU Page size=4096, Cores=4
[2015.12.06-02.15.40:522][  0]LogInit: High frequency timer resolution =2.435778 MHz
[2015.12.06-02.15.40:522][  0]LogMemory: Memory total: Physical=11.9GB (12GB approx)
[2015.12.06-02.15.40:522][  0]LogMemory: Platform Memory Stats for Windows
[2015.12.06-02.15.40:522][  0]LogMemory: Process Physical Memory: 51.81 MB used, 51.81 MB peak
[2015.12.06-02.15.40:522][  0]LogMemory: Process Virtual Memory: 23.54 MB used, 23.54 MB peak
[2015.12.06-02.15.40:522][  0]LogMemory: Physical Memory: 4711.30 MB used, 12200.09 MB total
[2015.12.06-02.15.40:522][  0]LogMemory: Virtual Memory: 315.88 MB used, 134217728.00 MB total
[2015.12.06-02.15.40:551][  0]LogTextLocalizationManager: The requested culture ('en_US') has no localization data; parent culture's ('en') localization data will be used.
[2015.12.06-02.15.40:781][  0]LogTextLocalizationManager:Warning: Loaded localization resources contain conflicting entries for (Namespace:ContentBrowser, Key:ImportAssetToolTip):
Localization Resource: (C:/Program Files/Epic Games/4.8/Engine/Content/Localization/Editor/en/Editor.locres) Source String Hash: (-630476809) Localized String: (Import to {0}...)
Localization Resource: (C:/Program Files/Epic Games/4.8/Engine/Content/Localization/Editor/en/Editor.locres) Source String Hash: (1271782899) Localized String: (Imports an asset from file to this folder.)
[2015.12.06-02.15.41:239][  0]LogD3D11RHI: Found D3D11 adapter 0: Intel(R) HD Graphics 4600 (Feature Level 11_0)
[2015.12.06-02.15.41:239][  0]LogD3D11RHI: Adapter has 112MB of dedicated video memory, 0MB of dedicated system memory, and 6100MB of shared system memory, 1 output[s]
[2015.12.06-02.15.41:251][  0]LogD3D11RHI: Found D3D11 adapter 1: AMD Radeon R9 M265X (Feature Level 11_0)
[2015.12.06-02.15.41:251][  0]LogD3D11RHI: Adapter has 2026MB of dedicated video memory, 0MB of dedicated system memory, and 6100MB of shared system memory, 0 output[s]
[2015.12.06-02.15.41:253][  0]LogD3D11RHI: Found D3D11 adapter 2: Microsoft Basic Render Driver (Feature Level 11_0)
[2015.12.06-02.15.41:253][  0]LogD3D11RHI: Adapter has 0MB of dedicated video memory, 0MB of dedicated system memory, and 6100MB of shared system memory, 0 output[s]
[2015.12.06-02.15.41:253][  0]LogD3D11RHI: Chosen D3D11 Adapter Id = 0
[2015.12.06-02.15.41:258][  0]LogD3D11RHI: InitD3DDevice
[2015.12.06-02.15.41:258][  0]LogD3D11RHI: !Direct3DDevice
[2015.12.06-02.15.41:258][  0]LogRHI: Texture pool is 1361 MB (70% of 1945 MB)
[2015.12.06-02.15.41:263][  0]LogD3D11RHI: Async texture creation enabled
[2015.12.06-02.15.41:268][  0]LogShaderCompilers:Display: Using Local Shader Compiler.
[2015.12.06-02.15.42:128][  0]LogTemp:Display: Loaded TP DesktopTargetPlatform
[2015.12.06-02.15.42:147][  0]LogTemp:Display: Loaded TP WindowsClientTargetPlatform
[2015.12.06-02.15.42:165][  0]LogTemp:Display: Loaded TP WindowsNoEditorTargetPlatform
[2015.12.06-02.15.42:184][  0]LogTemp:Display: Loaded TP WindowsServerTargetPlatform
[2015.12.06-02.15.42:210][  0]LogTemp:Display: Loaded TP WindowsTargetPlatform
[2015.12.06-02.15.42:228][  0]LogTemp:Display: Loaded TP AndroidTargetPlatform
[2015.12.06-02.15.42:244][  0]LogTemp:Display: Loaded TP Android_ASTCTargetPlatform
[2015.12.06-02.15.42:261][  0]LogTemp:Display: Loaded TP Android_ATCTargetPlatform
[2015.12.06-02.15.42:276][  0]LogTemp:Display: Loaded TP Android_DXTTargetPlatform
[2015.12.06-02.15.42:294][  0]LogTemp:Display: Loaded TP Android_ETC1TargetPlatform
[2015.12.06-02.15.42:316][  0]LogTemp:Display: Loaded TP Android_ETC2TargetPlatform
[2015.12.06-02.15.42:334][  0]LogTemp:Display: Loaded TP Android_PVRTCTargetPlatform
[2015.12.06-02.15.42:395][  0]LogTemp:Display: Loaded TP IOSTargetPlatform
[2015.12.06-02.15.42:414][  0]LogTemp:Display: Loaded TP LinuxNoEditorTargetPlatform
[2015.12.06-02.15.42:431][  0]LogTemp:Display: Loaded TP LinuxServerTargetPlatform
[2015.12.06-02.15.42:448][  0]LogTemp:Display: Loaded TP LinuxTargetPlatform
[2015.12.06-02.15.42:448][  0]LogTargetPlatformManager:Display: Building Assets For Windows
[2015.12.06-02.15.42:751][  0]LogDerivedDataCache:Display: Max Cache Size: 512 MB
[2015.12.06-02.15.42:834][  0]LogDerivedDataCache: Loaded boot cache 0.08s 53MB C:/Users/Christopher/AppData/Local/UnrealEngine/4.8/DerivedDataCache/Boot.ddc.
[2015.12.06-02.15.42:834][  0]LogDerivedDataCache:Display: Loaded Boot cache: C:/Users/Christopher/AppData/Local/UnrealEngine/4.8/DerivedDataCache/Boot.ddc
[2015.12.06-02.15.42:834][  0]LogDerivedDataCache: FDerivedDataBackendGraph:  Pak pak cache file ../../../../../../Users/Christopher/Documents/GitHub/The-Curators/AlexPrototype/DerivedDataCache/DDC.ddp not found, will not use a pak cache.
[2015.12.06-02.15.42:835][  0]LogDerivedDataCache: Unable to find inner node Pak for hierarchical cache Hierarchy.
[2015.12.06-02.15.42:835][  0]LogDerivedDataCache: FDerivedDataBackendGraph:  CompressedPak pak cache file ../../../../../../Users/Christopher/Documents/GitHub/The-Curators/AlexPrototype/DerivedDataCache/Compressed.ddp not found, will not use a pak cache.
[2015.12.06-02.15.42:835][  0]LogDerivedDataCache: Unable to find inner node CompressedPak for hierarchical cache Hierarchy.
[2015.12.06-02.15.43:003][  0]LogDerivedDataCache:Display: Pak cache opened for reading ../../../Engine/DerivedDataCache/Compressed.ddp.
[2015.12.06-02.15.43:016][  0]LogDerivedDataCache: Using Local data cache path C:/Users/Christopher/AppData/Local/UnrealEngine/Common/DerivedDataCache: Writable
[2015.12.06-02.15.43:255][  0]LogInit: Selected Device Profile: [Windows]
[2015.12.06-02.15.43:355][  0]ImportText (ComponentSweepMultiTests): Missing closing parenthesis: (RootShapeAsset="/Engine/BasicShapes/Cube.Cube",ShapeType="TriggerCapsule",HitResult=(Time=0.50,Location=(X=-100.000015,Y=0.0,Z=100.000015),ImpactPoint=(X=-50.0,Y=0.0,Z=50.0),Normal=(X=-1.0,Y=-0.0,Z=0.0),ImpactNormal=(X=0.0,Y=0.0,Z=1.0),TraceStart=(X=-200.0,Y=0.0,Z=200.0),TraceEnd=(X=0.0,Y=0.0,Z=0.0))
[2015.12.06-02.15.43:355][  0]ImportText (LineTraceSingleByChannelTests): Missing closing parenthesis: (RootShapeAsset="/Engine/BasicShapes/Cube.Cube",HitResult=(Time=0.50,Location=(X=-100.000015,Y=0.0,Z=100.000015),ImpactPoint=(X=-50.0,Y=0.0,Z=50.0),Normal=(X=-1.0,Y=-0.0,Z=0.0),ImpactNormal=(X=0.0,Y=0.0,Z=1.0),TraceStart=(X=-200.0,Y=0.0,Z=200.0),TraceEnd=(X=0.0,Y=0.0,Z=0.0))
[2015.12.06-02.15.43:393][  0]LogMeshUtilities: No automatic mesh reduction module available
[2015.12.06-02.15.43:393][  0]LogMeshUtilities: No automatic mesh merging module available
[2015.12.06-02.15.43:836][  0]LogInit: WinSock: version 1.1 (2.2), MaxSocks=32767, MaxUdp=65467
[2015.12.06-02.15.45:011][  0]UdpMessaging: Initializing bridge on interface 0.0.0.0:0 to multicast group 230.0.0.1:6666.
[2015.12.06-02.15.45:431][  0]SourceControl: Info Source control is disabled
[2015.12.06-02.15.45:442][  0]SourceControl: Info Source control is disabled
[2015.12.06-02.15.45:455][  0]SourceControl: Info Source control is disabled
[2015.12.06-02.15.45:468][  0]SourceControl: Info Source control is disabled
[2015.12.06-02.15.45:773][  0]LogObj: 26273 objects as part of root set at end of initial load.
[2015.12.06-02.15.45:773][  0]LogUObjectAllocator: 5409256 out of 0 bytes used by permanent object pool.
[2015.12.06-02.15.45:867][  0]LogEngine: Initializing Engine...
[2015.12.06-02.15.45:869][  0]LogHMD: Can't find Oculus library dev build: is proper Runtime installed? Version: 0.6.0.0
[2015.12.06-02.15.45:870][  0]LogHMD:Warning: SteamVR failed to initialize.  Error: 110
[2015.12.06-02.15.46:069][  0]LogAIModule: Creating AISystem for world NewWorld
[2015.12.06-02.15.46:073][  0]LogInit: XAudio2 using 'Speakers (Realtek High Definition Audio)' : 2 channels at 48 kHz using 32 bits per sample (channel mask 0x3)
[2015.12.06-02.15.46:083][  0]LogInit: FAudioDevice initialized.
[2015.12.06-02.15.46:131][  0]LogDerivedDataCache: Saved boot cache 0.05s 53MB C:/Users/Christopher/AppData/Local/UnrealEngine/4.8/DerivedDataCache/Boot.ddc.
[2015.12.06-02.15.46:140][  0]LogInit: Texture streaming: Disabled
[2015.12.06-02.15.46:172][  0]LogAnalytics: Creating configured Analytics provider AnalyticsET
[2015.12.06-02.15.46:172][  0]LogAnalytics: [UEEditor.Rocket.Release] APIServer = http://et2.epicgames.com/ET2/. AppVersion = 4.8.3-2634408+++depot+UE4-Releases+4.8
[2015.12.06-02.15.46:172][  0]LogAnalytics: [UEEditor.Rocket.Release] SetUserId ee8c485444fe82b8e773c5ac08d91953|2c1976e1aa9b48b0b119ac4e9eb64ec6|e685999b-cf46-4ff8-9f2e-f2a1072524f0
[2015.12.06-02.15.46:172][  0]LogAnalytics: [UEEditor.Rocket.Release] AnalyticsET::StartSession
[2015.12.06-02.15.46:220][  0]LogInit: Transaction tracking system initialized
[2015.12.06-02.15.46:400][  0]BlueprintLog: New page: Editor Load
[2015.12.06-02.15.46:457][  0]LogAssetRegistry: FAssetRegistry took 0.0105 seconds to start up
[2015.12.06-02.15.46:457][  0]LogDirectoryWatcher:Warning: Failed to begin reading directory changes for ../../../Engine/Plugins/Experimental/CharacterAI/Content/. Error: 0
[2015.12.06-02.15.47:525][  0]LogConsoleManager:Warning: Console variable 'r.VSync' wasn't set ('GameSetting' has a lower priority than 'SystemSettingsIni')
[2015.12.06-02.15.47:526][  0]LogConsoleResponse:Display: 
[2015.12.06-02.15.47:661][  0]LogCook:Display: Done creating registry. It took  0.00s.
[2015.12.06-02.15.47:958][  0]SourceControl: Info Source control is disabled
[2015.12.06-02.15.47:958][  0]Cmd: MAP LOAD FILE="../../../../../../Users/Christopher/Documents/GitHub/The-Curators/AlexPrototype/Content/Levels/MainMenu.umap" TEMPLATE=0 SHOWPROGRESS=1 FEATURELEVEL=3
[2015.12.06-02.15.47:958][  0]LightingResults: New page: Lighting Build
[2015.12.06-02.15.47:980][  0]MapCheck: New page: Map Check
[2015.12.06-02.15.47:980][  0]LightingResults: New page: Lighting Build
[2015.12.06-02.15.47:993][  0]LogParticles: Destroying 0 GPU particle simulations for FXSystem 0x0000028142A709A0
[2015.12.06-02.15.49:375][  0]LogBlueprint:Warning: [compiler ThirdPersonCharacter] Warning Input Axis Event references unknown Axis 'LookUp' for  InputAxis LookUp 
[2015.12.06-02.15.49:409][  0]LogBlueprint:Warning: [compiler ThirdPersonCharacter] Warning [0010.68] Compile of ThirdPersonCharacter successful, but with 1 Warning(s) [in 128 ms]
[2015.12.06-02.15.49:409][  0]LogBlueprint:Warning: [compiler ThirdPersonCharacter] Warning [0010.68] Compile of ThirdPersonCharacter successful, but with 2 Warning(s) [in 0 ms]
[2015.12.06-02.15.49:409][  0]LogBlueprint:Warning: [compiler ThirdPersonCharacter] Warning [0010.68] Compile of ThirdPersonCharacter successful, but with 3 Warning(s) [in 0 ms]
[2015.12.06-02.15.50:336][  0]LogBlueprint:Warning: [compiler ErichFinalCharCombined] Warning Input Axis Event references unknown Axis 'LookUp' for  InputAxis LookUp 
[2015.12.06-02.15.50:375][  0]LogBlueprint:Warning: [compiler ErichFinalCharCombined] Warning [0011.65] Compile of ErichFinalCharCombined successful, but with 1 Warning(s) [in 169 ms]
[2015.12.06-02.15.50:376][  0]LogBlueprint:Warning: [compiler ErichFinalCharCombined] Warning [0011.65] Compile of ErichFinalCharCombined successful, but with 2 Warning(s) [in 1 ms]
[2015.12.06-02.15.50:376][  0]LogBlueprint:Warning: [compiler ErichFinalCharCombined] Warning [0011.65] Compile of ErichFinalCharCombined successful, but with 3 Warning(s) [in 0 ms]
[2015.12.06-02.15.50:887][  0]LogBlueprint:Warning: [compiler ThirdPersonCharacter] Warning Input Axis Event references unknown Axis 'LookUp' for  InputAxis LookUp 
[2015.12.06-02.15.50:926][  0]LogBlueprint:Warning: [compiler ThirdPersonCharacter] Warning [0012.20] Compile of ThirdPersonCharacter successful, but with 1 Warning(s) [in 137 ms]
[2015.12.06-02.15.50:927][  0]LogBlueprint:Warning: [compiler ThirdPersonCharacter] Warning [0012.20] Compile of ThirdPersonCharacter successful, but with 2 Warning(s) [in 0 ms]
[2015.12.06-02.15.51:166][  0]LogBlueprint:Warning: [compiler ErichFinalCharCombined] Warning Input Axis Event references unknown Axis 'LookUp' for  InputAxis LookUp 
[2015.12.06-02.15.51:226][  0]LogBlueprint:Warning: [compiler ErichFinalCharCombined] Warning [0012.50] Compile of ErichFinalCharCombined successful, but with 1 Warning(s) [in 196 ms]
[2015.12.06-02.15.51:227][  0]LogBlueprint:Warning: [compiler ErichFinalCharCombined] Warning [0012.50] Compile of ErichFinalCharCombined successful, but with 2 Warning(s) [in 1 ms]
[2015.12.06-02.15.52:914][  0]LogWmfMedia:Error: Failed to create source object from URL for C:/Users/Justin's/Pictures/Curators/NewMenuAssets/Output/maxresdefault (1).mp4
[2015.12.06-02.15.52:937][  0]LogAIModule: Creating AISystem for world MainMenu
[2015.12.06-02.15.52:953][  0]LogEditorServer: Finished looking for orphan Actors (0.000 secs)
[2015.12.06-02.15.52:959][  0]Cmd: MAP CHECKDEP NOCLEARLOG
[2015.12.06-02.15.53:067][  0]MapCheck: Info Map check complete: 0 Error(s), 0 Warning(s), took 108.492ms to complete.
[2015.12.06-02.15.53:067][  0]LogFileHelpers: Loading map 'MainMenu' took 5.109
[2015.12.06-02.15.53:212][  0]LogCollectionManager: Loaded 0 collections in 0.003892 seconds
[2015.12.06-02.15.53:221][  0]LogContentBrowser: Native class hierarchy populated in 0.0089 seconds. Added 1792 classes and 301 folders.
[2015.12.06-02.15.53:272][  0]LogContentBrowser: Native class hierarchy updated for 'WidgetCarousel' in 0.0003 seconds. Added 0 classes and 0 folders.
[2015.12.06-02.15.53:314][  0]LogContentBrowser: Native class hierarchy updated for 'AddContentDialog' in 0.0006 seconds. Added 0 classes and 0 folders.
[2015.12.06-02.15.53:336][  0]LogContentBrowser: Native class hierarchy updated for 'SceneOutliner' in 0.0005 seconds. Added 1 classes and 2 folders.
[2015.12.06-02.15.53:386][  0]LogCrashTracker: Crashtracker disabled due to settings.
[2015.12.06-02.15.53:388][  0]LogD3D11RHI: InitD3DDevice
[2015.12.06-02.15.53:393][  0]LogUObjectGlobals:Warning: Failed to find object 'Class None.'
[2015.12.06-02.15.53:415][  0]LogLoad: Full Startup: 14.69 seconds (BP compile: 2.32 seconds)
[2015.12.06-02.15.53:498][  0]LogContentStreaming: Texture pool size is 0.000000MB
[2015.12.06-02.15.53:693][  0]LogContentStreaming: Texture pool size now 400 MB
[2015.12.06-02.15.53:933][  0]LogRenderer: Reallocating scene render targets to support 1008x456 (Frame:2).
[2015.12.06-02.15.54:510][  9]LogD3D11RHI: InitD3DDevice
[2015.12.06-02.15.55:570][ 37]LogAssetRegistry: Asset discovery search completed in 9.1242 seconds
[2015.12.06-02.15.55:710][ 40]LogD3D11RHI: InitD3DDevice
[2015.12.06-02.15.59:449][194]LogD3D11RHI: InitD3DDevice
[2015.12.06-02.15.59:987][194]LogSkeletalMesh: InitArticulated: Bodies already created (/Engine/Transient.DebugSkelMeshComponent_0) - call TermArticulated first.
[2015.12.06-02.16.00:110][194]LogActorComponent: RegisterComponentWithWorld: (/Engine/Transient.DebugSkelMeshComponent_0) Already registered. Aborting.
[2015.12.06-02.16.00:114][194]LogD3D11RHI: InitD3DDevice
[2015.12.06-02.16.00:336][194]LogLinker:Warning: Asset '../../../Engine/Content/Tutorial/SubEditors/PersonaAnimEditorTutorial.uasset' has been saved with empty engine version. The asset will be loaded but may be incompatible.
[2015.12.06-02.16.00:412][194]LogContentBrowser:Verbose: The majority of assets in the view are of type: AnimSequence
[2015.12.06-02.16.21:993][334]LogD3D11RHI: InitD3DDevice
[2015.12.06-02.16.22:104][334]LogD3D11RHI: InitD3DDevice
[2015.12.06-02.40.34:637][ 74]LogD3D11RHI: InitD3DDevice
[2015.12.06-02.40.34:681][ 74]LogContentBrowser: Native class hierarchy updated for 'DestructibleMeshEditor' in 0.0005 seconds. Added 1 classes and 2 folders.
[2015.12.06-02.40.34:741][ 74]LogD3D11RHI: InitD3DDevice
[2015.12.06-02.40.34:931][ 74]LogRenderer: Reallocating scene render targets to support 1008x744 (Frame:6371).
[2015.12.06-02.44.03:148][652]LogStaticMesh: Building static mesh ScaledMainCharacter_180cm...
[2015.12.06-02.44.03:150][652]LogD3D11RHI: InitD3DDevice
[2015.12.06-02.44.03:616][652]LogStaticMesh: Built static mesh [0.467447.2s] /Game/Art/VerticalSliceAssets/characterAssets/character/ScaledMainCharacter_180cm.ScaledMainCharacter_180cm
[2015.12.06-02.44.03:852][652]LogD3D11RHI: InitD3DDevice
[2015.12.06-02.44.03:906][652]LogD3D11RHI: InitD3DDevice
[2015.12.06-02.44.04:086][652]LogRenderer: Reallocating scene render targets to support 1192x744 (Frame:24001).
[2015.12.06-02.47.08:581][362]LogD3D11RHI: InitD3DDevice
[2