[2015.11.10-07.28.36:042][  0]Log file open, 11/10/15 02:28:36
[2015.11.10-07.28.36:042][  0]LogInit:Display: Running engine for game: MyProject
[2015.11.10-07.28.36:042][  0]LogInit:Display: RandInit(436280174) SRandInit(436280174).
[2015.11.10-07.28.36:042][  0]LogTaskGraph: Started task graph with 4 named threads and 7 total threads.
[2015.11.10-07.28.36:042][  0]LogStats: Stats thread started
[2015.11.10-07.28.36:042][  0]LogInit: Version: 4.8.3-2634408+++depot+UE4-Releases+4.8
[2015.11.10-07.28.36:042][  0]LogInit: API Version: 2579680
[2015.11.10-07.28.36:042][  0]LogInit: Compiled (64-bit): Jul 27 2015 16:24:33
[2015.11.10-07.28.36:042][  0]LogInit: Compiled with Visual C++: 18.00.21005.01
[2015.11.10-07.28.36:042][  0]LogInit: Build Configuration: Development
[2015.11.10-07.28.36:042][  0]LogInit: Branch Name: ++depot+UE4-Releases+4.8
[2015.11.10-07.28.36:042][  0]LogInit: Command line: 
[2015.11.10-07.28.36:042][  0]LogInit: Base directory: C:/Program Files/Epic Games/4.8/Engine/Binaries/Win64/
[2015.11.10-07.28.36:042][  0]LogInit: Rocket: 1
[2015.11.10-07.28.36:063][  0]LogInit: Using libcurl 7.41.0
[2015.11.10-07.28.36:063][  0]LogInit:  - built for x86_64-pc-win32
[2015.11.10-07.28.36:063][  0]LogInit:  - supports SSL with WinSSL
[2015.11.10-07.28.36:063][  0]LogInit:  - other features:
[2015.11.10-07.28.36:063][  0]LogInit:      CURL_VERSION_SSL
[2015.11.10-07.28.36:063][  0]LogInit:      CURL_VERSION_IPV6
[2015.11.10-07.28.36:063][  0]LogInit:      CURL_VERSION_ASYNCHDNS
[2015.11.10-07.28.36:063][  0]LogInit:      CURL_VERSION_LARGEFILE
[2015.11.10-07.28.36:063][  0]LogInit:      CURL_VERSION_IDN
[2015.11.10-07.28.36:063][  0]LogInit:  CurlRequestOptions (configurable via config and command line):
[2015.11.10-07.28.36:063][  0]LogInit:  - bVerifyPeer = true  - Libcurl will verify peer certificate
[2015.11.10-07.28.36:063][  0]LogInit:  - bUseHttpProxy = false  - Libcurl will NOT use HTTP proxy
[2015.11.10-07.28.36:063][  0]LogInit:  - bDontReuseConnections = false  - Libcurl will reuse connections
[2015.11.10-07.28.36:063][  0]LogInit:  - CertBundlePath = nullptr  - Libcurl will use whatever was configured at build time.
[2015.11.10-07.28.36:081][  0]LogOnline:Warning: No default platform service specified for OnlineSubsystem
[2015.11.10-07.28.36:096][  0]LogInit: Presizing for 0 objects not considered by GC, pre-allocating 0 bytes.
[2015.11.10-07.28.36:102][  0]LogInit: Object subsystem initialized
[2015.11.10-07.28.36:103][  0]LogConsoleResponse:Warning: Skipping Unknown console variable: 'TranslucentSortAxis = (X=0.000000,Y=-1.000000,Z=0.000000)'
[2015.11.10-07.28.36:103][  0]LogConsoleResponse:Warning:   Found in ini file 'C:/Users/Christopher/Documents/GitHub/The-Curators/AlexPrototype/Saved/Config/Windows/Engine.ini', in section '[/Script/Engine.RendererSettings]'
[2015.11.10-07.28.36:103][  0]LogConsoleResponse:Warning: Skipping Unknown console variable: 'UIScaleRule = ShortestSide'
[2015.11.10-07.28.36:103][  0]LogConsoleResponse:Warning:   Found in ini file 'C:/Users/Christopher/Documents/GitHub/The-Curators/AlexPrototype/Saved/Config/Windows/Engine.ini', in section '[/Script/Engine.RendererSettings]'
[2015.11.10-07.28.36:103][  0]LogConsoleResponse:Warning: Skipping Unknown console variable: 'UIScaleCurve = (EditorCurveData=(Keys=),ExternalCurve=None)'
[2015.11.10-07.28.36:103][  0]LogConsoleResponse:Warning:   Found in ini file 'C:/Users/Christopher/Documents/GitHub/The-Curators/AlexPrototype/Saved/Config/Windows/Engine.ini', in section '[/Script/Engine.RendererSettings]'
[2015.11.10-07.28.36:104][  0]LogInit: Selected Device Profile: [Windows]
[2015.11.10-07.28.36:104][  0]LogInit: Applying CVar settings loaded from the selected device profile: [Windows]
[2015.11.10-07.28.36:113][  0]LogInit: Computer: CHRISTOPHER-S70
[2015.11.10-07.28.36:113][  0]LogInit: User: Christopher
[2015.11.10-07.28.36:113][  0]LogInit: CPU Page size=4096, Cores=4
[2015.11.10-07.28.36:113][  0]LogInit: High frequency timer resolution =2.435774 MHz
[2015.11.10-07.28.36:113][  0]LogMemory: Memory total: Physical=11.9GB (12GB approx)
[2015.11.10-07.28.36:113][  0]LogMemory: Platform Memory Stats for Windows
[2015.11.10-07.28.36:113][  0]LogMemory: Process Physical Memory: 50.30 MB used, 50.30 MB peak
[2015.11.10-07.28.36:113][  0]LogMemory: Process Virtual Memory: 24.73 MB used, 24.73 MB peak
[2015.11.10-07.28.36:113][  0]LogMemory: Physical Memory: 3841.17 MB used, 12200.09 MB total
[2015.11.10-07.28.36:113][  0]LogMemory: Virtual Memory: 312.93 MB used, 134217728.00 MB total
[2015.11.10-07.28.36:143][  0]LogTextLocalizationManager: The requested culture ('en_US') has no localization data; parent culture's ('en') localization data will be used.
[2015.11.10-07.28.36:416][  0]LogTextLocalizationManager:Warning: Loaded localization resources contain conflicting entries for (Namespace:ContentBrowser, Key:ImportAssetToolTip):
Localization Resource: (C:/Program Files/Epic Games/4.8/Engine/Content/Localization/Editor/en/Editor.locres) Source String Hash: (-630476809) Localized String: (Import to {0}...)
Localization Resource: (C:/Program Files/Epic Games/4.8/Engine/Content/Localization/Editor/en/Editor.locres) Source String Hash: (1271782899) Localized String: (Imports an asset from file to this folder.)
[2015.11.10-07.28.36:908][  0]LogD3D11RHI: Found D3D11 adapter 0: Intel(R) HD Graphics 4600 (Feature Level 11_0)
[2015.11.10-07.28.36:908][  0]LogD3D11RHI: Adapter has 112MB of dedicated video memory, 0MB of dedicated system memory, and 6100MB of shared system memory, 1 output[s]
[2015.11.10-07.28.37:413][  0]LogD3D11RHI: Found D3D11 adapter 1: AMD Radeon R9 M265X (Feature Level 11_0)
[2015.11.10-07.28.37:413][  0]LogD3D11RHI: Adapter has 2026MB of dedicated video memory, 0MB of dedicated system memory, and 6100MB of shared system memory, 0 output[s]
[2015.11.10-07.28.37:415][  0]LogD3D11RHI: Found D3D11 adapter 2: Microsoft Basic Render Driver (Feature Level 11_0)
[2015.11.10-07.28.37:415][  0]LogD3D11RHI: Adapter has 0MB of dedicated video memory, 0MB of dedicated system memory, and 6100MB of shared system memory, 0 output[s]
[2015.11.10-07.28.37:415][  0]LogD3D11RHI: Chosen D3D11 Adapter Id = 0
[2015.11.10-07.28.37:421][  0]LogD3D11RHI: InitD3DDevice
[2015.11.10-07.28.37:421][  0]LogD3D11RHI: !Direct3DDevice
[2015.11.10-07.28.37:421][  0]LogRHI: Texture pool is 1361 MB (70% of 1945 MB)
[2015.11.10-07.28.37:427][  0]LogD3D11RHI: Async texture creation enabled
[2015.11.10-07.28.37:432][  0]LogShaderCompilers:Display: Using Local Shader Compiler.
[2015.11.10-07.28.38:254][  0]LogTemp:Display: Loaded TP DesktopTargetPlatform
[2015.11.10-07.28.38:278][  0]LogTemp:Display: Loaded TP WindowsClientTargetPlatform
[2015.11.10-07.28.38:295][  0]LogTemp:Display: Loaded TP WindowsNoEditorTargetPlatform
[2015.11.10-07.28.38:310][  0]LogTemp:Display: Loaded TP WindowsServerTargetPlatform
[2015.11.10-07.28.38:326][  0]LogTemp:Display: Loaded TP WindowsTargetPlatform
[2015.11.10-07.28.38:339][  0]LogTemp:Display: Loaded TP AndroidTargetPlatform
[2015.11.10-07.28.38:353][  0]LogTemp:Display: Loaded TP Android_ASTCTargetPlatform
[2015.11.10-07.28.38:371][  0]LogTemp:Display: Loaded TP Android_ATCTargetPlatform
[2015.11.10-07.28.38:384][  0]LogTemp:Display: Loaded TP Android_DXTTargetPlatform
[2015.11.10-07.28.38:398][  0]LogTemp:Display: Loaded TP Android_ETC1TargetPlatform
[2015.11.10-07.28.38:411][  0]LogTemp:Display: Loaded TP Android_ETC2TargetPlatform
[2015.11.10-07.28.38:424][  0]LogTemp:Display: Loaded TP Android_PVRTCTargetPlatform
[2015.11.10-07.28.38:483][  0]LogTemp:Display: Loaded TP IOSTargetPlatform
[2015.11.10-07.28.38:497][  0]LogTemp:Display: Loaded TP LinuxNoEditorTargetPlatform
[2015.11.10-07.28.38:510][  0]LogTemp:Display: Loaded TP LinuxServerTargetPlatform
[2015.11.10-07.28.38:523][  0]LogTemp:Display: Loaded TP LinuxTargetPlatform
[2015.11.10-07.28.38:524][  0]LogTargetPlatformManager:Display: Building Assets For Windows
[2015.11.10-07.28.38:758][  0]LogDerivedDataCache:Display: Max Cache Size: 512 MB
[2015.11.10-07.28.38:831][  0]LogDerivedDataCache: Loaded boot cache 0.07s 53MB C:/Users/Christopher/AppData/Local/UnrealEngine/4.8/DerivedDataCache/Boot.ddc.
[2015.11.10-07.28.38:832][  0]LogDerivedDataCache:Display: Loaded Boot cache: C:/Users/Christopher/AppData/Local/UnrealEngine/4.8/DerivedDataCache/Boot.ddc
[2015.11.10-07.28.38:832][  0]LogDerivedDataCache: FDerivedDataBackendGraph:  Pak pak cache file ../../../../../../Users/Christopher/Documents/GitHub/The-Curators/AlexPrototype/DerivedDataCache/DDC.ddp not found, will not use a pak cache.
[2015.11.10-07.28.38:832][  0]LogDerivedDataCache: Unable to find inner node Pak for hierarchical cache Hierarchy.
[2015.11.10-07.28.38:832][  0]LogDerivedDataCache: FDerivedDataBackendGraph:  CompressedPak pak cache file ../../../../../../Users/Christopher/Documents/GitHub/The-Curators/AlexPrototype/DerivedDataCache/Compressed.ddp not found, will not use a pak cache.
[2015.11.10-07.28.38:832][  0]LogDerivedDataCache: Unable to find inner node CompressedPak for hierarchical cache Hierarchy.
[2015.11.10-07.28.38:995][  0]LogDerivedDataCache:Display: Pak cache opened for reading ../../../Engine/DerivedDataCache/Compressed.ddp.
[2015.11.10-07.28.39:007][  0]LogDerivedDataCache: Using Local data cache path C:/Users/Christopher/AppData/Local/UnrealEngine/Common/DerivedDataCache: Writable
[2015.11.10-07.28.39:234][  0]LogInit: Selected Device Profile: [Windows]
[2015.11.10-07.28.39:330][  0]ImportText (ComponentSweepMultiTests): Missing closing parenthesis: (RootShapeAsset="/Engine/BasicShapes/Cube.Cube",ShapeType="TriggerCapsule",HitResult=(Time=0.50,Location=(X=-100.000015,Y=0.0,Z=100.000015),ImpactPoint=(X=-50.0,Y=0.0,Z=50.0),Normal=(X=-1.0,Y=-0.0,Z=0.0),ImpactNormal=(X=0.0,Y=0.0,Z=1.0),TraceStart=(X=-200.0,Y=0.0,Z=200.0),TraceEnd=(X=0.0,Y=0.0,Z=0.0))
[2015.11.10-07.28.39:330][  0]ImportText (LineTraceSingleByChannelTests): Missing closing parenthesis: (RootShapeAsset="/Engine/BasicShapes/Cube.Cube",HitResult=(Time=0.50,Location=(X=-100.000015,Y=0.0,Z=100.000015),ImpactPoint=(X=-50.0,Y=0.0,Z=50.0),Normal=(X=-1.0,Y=-0.0,Z=0.0),ImpactNormal=(X=0.0,Y=0.0,Z=1.0),TraceStart=(X=-200.0,Y=0.0,Z=200.0),TraceEnd=(X=0.0,Y=0.0,Z=0.0))
[2015.11.10-07.28.39:362][  0]LogMeshUtilities: No automatic mesh reduction module available
[2015.11.10-07.28.39:362][  0]LogMeshUtilities: No automatic mesh merging module available
[2015.11.10-07.28.39:759][  0]LogInit: WinSock: version 1.1 (2.2), MaxSocks=32767, MaxUdp=65467
[2015.11.10-07.28.40:772][  0]UdpMessaging: Initializing bridge on interface 0.0.0.0:0 to multicast group 230.0.0.1:6666.
[2015.11.10-07.28.41:133][  0]SourceControl: Info Source control is disabled
[2015.11.10-07.28.41:142][  0]SourceControl: Info Source control is disabled
[2015.11.10-07.28.41:153][  0]SourceControl: Info Source control is disabled
[2015.11.10-07.28.41:168][  0]SourceControl: Info Source control is disabled
[2015.11.10-07.28.41:413][  0]LogObj: 26273 objects as part of root set at end of initial load.
[2015.11.10-07.28.41:413][  0]LogUObjectAllocator: 5409248 out of 0 bytes used by permanent object pool.
[2015.11.10-07.28.41:493][  0]LogEngine: Initializing Engine...
[2015.11.10-07.28.41:495][  0]LogHMD: Can't find Oculus library dev build: is proper Runtime installed? Version: 0.6.0.0
[2015.11.10-07.28.41:497][  0]LogHMD:Warning: SteamVR failed to initialize.  Error: 110
[2015.11.10-07.28.41:674][  0]LogAIModule: Creating AISystem for world NewWorld
[2015.11.10-07.28.41:678][  0]LogInit: XAudio2 using 'Speakers (Realtek High Definition Audio)' : 2 channels at 48 kHz using 32 bits per sample (channel mask 0x3)
[2015.11.10-07.28.41:686][  0]LogInit: FAudioDevice initialized.
[2015.11.10-07.28.41:721][  0]LogDerivedDataCache: Saved boot cache 0.03s 53MB C:/Users/Christopher/AppData/Local/UnrealEngine/4.8/DerivedDataCache/Boot.ddc.
[2015.11.10-07.28.41:729][  0]LogInit: Texture streaming: Disabled
[2015.11.10-07.28.41:757][  0]LogAnalytics: Creating configured Analytics provider AnalyticsET
[2015.11.10-07.28.41:757][  0]LogAnalytics: [UEEditor.Rocket.Release] APIServer = http://et2.epicgames.com/ET2/. AppVersion = 4.8.3-2634408+++depot+UE4-Releases+4.8
[2015.11.10-07.28.41:757][  0]LogAnalytics: [UEEditor.Rocket.Release] SetUserId ee8c485444fe82b8e773c5ac08d91953|2c1976e1aa9b48b0b119ac4e9eb64ec6|e685999b-cf46-4ff8-9f2e-f2a1072524f0
[2015.11.10-07.28.41:757][  0]LogAnalytics: [UEEditor.Rocket.Release] AnalyticsET::StartSession
[2015.11.10-07.28.41:794][  0]LogInit: Transaction tracking system initialized
[2015.11.10-07.28.41:943][  0]BlueprintLog: New page: Editor Load
[2015.11.10-07.28.41:987][  0]LogAssetRegistry: FAssetRegistry took 0.0106 seconds to start up
[2015.11.10-07.28.41:987][  0]LogDirectoryWatcher:Warning: Failed to begin reading directory changes for ../../../Engine/Plugins/Experimental/CharacterAI/Content/. Error: 0
[2015.11.10-07.28.42:810][  0]LogConsoleManager:Warning: Console variable 'r.VSync' wasn't set ('GameSetting' has a lower priority than 'SystemSettingsIni')
[2015.11.10-07.28.42:811][  0]LogConsoleResponse:Display: 
[2015.11.10-07.28.42:947][  0]LogCook:Display: Done creating registry. It took  0.00s.
[2015.11.10-07.28.43:205][  0]SourceControl: Info Source control is disabled
[2015.11.10-07.28.43:205][  0]Cmd: MAP LOAD FILE="../../../../../../Users/Christopher/Documents/GitHub/The-Curators/AlexPrototype/Content/StarterContent/Maps/Minimal_Default.umap" TEMPLATE=0 SHOWPROGRESS=1 FEATURELEVEL=3
[2015.11.10-07.28.43:206][  0]LightingResults: New page: Lighting Build
[2015.11.10-07.28.43:226][  0]MapCheck: New page: Map Check
[2015.11.10-07.28.43:226][  0]LightingResults: New page: Lighting Build
[2015.11.10-07.28.43:238][  0]LogParticles: Destroying 0 GPU particle simulations for FXSystem 0x000000D3968509A0
[2015.11.10-07.28.43:856][  0]LogLinker:Warning: Can't find file '/Game/Art/Assets/VerticalSliceAssets/characterAssets/gun/gun'
[2015.11.10-07.28.43:856][  0]LoadErrors: Info Failed to load /Game/Tech/AIGuard/GameHud.GameHud_C Referenced by gun8C1B0D41B94BE5FEA7D9F08DA0F2B523
[2015.11.10-07.28.43:857][  0]LogLinker:Warning: Can't find file for asset '/Game/Art/Assets/VerticalSliceAssets/characterAssets/gun/gun' while loading ../../../../../../Users/Christopher/Documents/GitHub/The-Curators/AlexPrototype/Content/Tech/AIGuard/GameHud.uasset.
[2015.11.10-07.28.43:857][  0]LoadErrors: Info Failed to load /Game/Tech/AIGuard/GameHud.GameHud_C Referenced by gun8C1B0D41B94BE5FEA7D9F08DA0F2B523
[2015.11.10-07.28.43:857][  0]LoadErrors:Error: Error /Game/Tech/AIGuard/GameHud : Can't find file for asset. /Game/Art/Assets/VerticalSliceAssets/characterAssets/gun/gun
[2015.11.10-07.28.44:097][  0]LogLinker:Warning: Can't find file '/Game/Art/Assets/VerticalSliceAssets/characterAssets/gun/gun'
[2015.11.10-07.28.44:097][  0]LogLinker:Warning: Can't find file for asset '/Game/Art/Assets/VerticalSliceAssets/characterAssets/gun/gun' while loading ../../../../../../Users/Christopher/Documents/GitHub/The-Curators/AlexPrototype/Content/Tech/AIGuard/GameHud.uasset.
[2015.11.10-07.28.44:098][  0]LoadErrors:Error: Error /Game/Tech/AIGuard/GameHud : Can't find file for asset. /Game/Art/Assets/VerticalSliceAssets/characterAssets/gun/gun
[2015.11.10-07.28.44:099][  0]LogLinker:Warning: Can't find file '/Game/Art/Assets/VerticalSliceAssets/characterAssets/gun/gun'
[2015.11.10-07.28.44:099][  0]LogLinker:Warning: Can't find file for asset '/Game/Art/Assets/VerticalSliceAssets/characterAssets/gun/gun' while loading ../../../../../../Users/Christopher/Documents/GitHub/The-Curators/AlexPrototype/Content/Tech/AIGuard/GameHud.uasset.
[2015.11.10-07.28.44:099][  0]LoadErrors:Error: Error /Game/Tech/AIGuard/GameHud : Can't find file for asset. /Game/Art/Assets/VerticalSliceAssets/characterAssets/gun/gun
[2015.11.10-07.28.44:412][  0]LogBlueprint:Warning: [compiler ThirdPersonCharacter] Warning Input Axis Event references unknown Axis 'LookUp' for  InputAxis LookUp 
[2015.11.10-07.28.44:438][  0]LogBlueprint:Warning: [compiler ThirdPersonCharacter] Warning [0009.92] Compile of ThirdPersonCharacter successful, but with 1 Warning(s) [in 156 ms]
[2015.11.10-07.28.44:439][  0]LogBlueprint:Warning: [compiler ThirdPersonCharacter] Warning [0009.92] Compile of ThirdPersonCharacter successful, but with 2 Warning(s) [in 0 ms]
[2015.11.10-07.28.44:439][  0]LogBlueprint:Warning: [compiler ThirdPersonCharacter] Warning [0009.92] Compile of ThirdPersonCharacter successful, but with 3 Warning(s) [in 0 ms]
[2015.11.10-07.28.44:721][  0]LogBlueprint:Warning: [compiler ThirdPersonCharacter] Warning Input Axis Event references unknown Axis 'LookUp' for  InputAxis LookUp 
[2015.11.10-07.28.44:753][  0]LogBlueprint:Warning: [compiler ThirdPersonCharacter] Warning [0010.24] Compile of ThirdPersonCharacter successful, but with 1 Warning(s) [in 134 ms]
[2015.11.10-07.28.44:754][  0]LogBlueprint:Warning: [compiler ThirdPersonCharacter] Warning [0010.24] Compile of ThirdPersonCharacter successful, but with 2 Warning(s) [in 0 ms]
[2015.11.10-07.28.44:768][  0]LogLinker:Warning: Can't find file '/Game/Art/Assets/VerticalSliceAssets/characterAssets/gun/gun'
[2015.11.10-07.28.44:768][  0]LogLinker:Warning: Can't find file for asset '/Game/Art/Assets/VerticalSliceAssets/characterAssets/gun/gun' while loading ../../../../../../Users/Christopher/Documents/GitHub/The-Curators/AlexPrototype/Content/Tech/ThirdPersonBP/Blueprints/ThirdPersonCharacter.uasset.
[2015.11.10-07.28.44:768][  0]LoadErrors:Error: Error /Game/Tech/ThirdPersonBP/Blueprints/ThirdPersonCharacter : Can't find file for asset. /Game/Art/Assets/VerticalSliceAssets/characterAssets/gun/gun
[2015.11.10-07.28.44:770][  0]LogLinker:Warning: Can't find file '/Game/Art/Assets/VerticalSliceAssets/characterAssets/gun/gun'
[2015.11.10-07.28.44:770][  0]LogLinker:Warning: Can't find file for asset '/Game/Art/Assets/VerticalSliceAssets/characterAssets/gun/gun' while loading ../../../../../../Users/Christopher/Documents/GitHub/The-Curators/AlexPrototype/Content/Tech/ThirdPersonBP/Blueprints/ThirdPersonCharacter.uasset.
[2015.11.10-07.28.44:770][  0]LoadErrors:Error: Error /Game/Tech/ThirdPersonBP/Blueprints/ThirdPersonCharacter : Can't find file for asset. /Game/Art/Assets/VerticalSliceAssets/characterAssets/gun/gun
[2015.11.10-07.28.46:227][  0]LogBlueprint:Warning: [compiler ErichCharBlueRyan] Warning Input Axis Event references unknown Axis 'LookUp' for  InputAxis LookUp 
[2015.11.10-07.28.46:229][  0]LogBlueprint:Warning: [compiler ErichCharBlueRyan] Warning InputAction Event references unknown Action 'Walk' for  InputAction Walk 
[2015.11.10-07.28.46:260][  0]LogBlueprint:Warning: [compiler ErichCharBlueRyan] Warning [0011.74] Compile of ErichCharBlueRyan successful, but with 2 Warning(s) [in 130 ms]
[2015.11.10-07.28.46:262][  0]LogBlueprint:Warning: [compiler ErichCharBlueRyan] Warning [0011.75] Compile of ErichCharBlueRyan successful, but with 3 Warning(s) [in 0 ms]
[2015.11.10-07.28.46:262][  0]LogBlueprint:Warning: [compiler ErichCharBlueRyan] Warning [0011.75] Compile of ErichCharBlueRyan successful, but with 4 Warning(s) [in 0 ms]
[2015.11.10-07.28.46:500][  0]LogBlueprint:Warning: [compiler ErichCharBlueRyan] Warning Input Axis Event references unknown Axis 'LookUp' for  InputAxis LookUp 
[2015.11.10-07.28.46:502][  0]LogBlueprint:Warning: [compiler ErichCharBlueRyan] Warning InputAction Event references unknown Action 'Walk' for  InputAction Walk 
[2015.11.10-07.28.46:536][  0]LogBlueprint:Warning: [compiler ErichCharBlueRyan] Warning [0012.02] Compile of ErichCharBlueRyan successful, but with 2 Warning(s) [in 131 ms]
[2015.11.10-07.28.46:536][  0]LogBlueprint:Warning: [compiler ErichCharBlueRyan] Warning [0012.02] Compile of ErichCharBlueRyan successful, but with 3 Warning(s) [in 0 ms]
[2015.11.10-07.28.47:780][  0]LogAIModule: Creating AISystem for world Minimal_Default
[2015.11.10-07.28.47:792][  0]LogEditorServer: Finished looking for orphan Actors (0.000 secs)
[2015.11.10-07.28.47:800][  0]Cmd: MAP CHECKDEP NOCLEARLOG
[2015.11.10-07.28.47:891][  0]MapCheck: Info Map check complete: 0 Error(s), 0 Warning(s), took 91.411ms to complete.
[2015.11.10-07.28.47:892][  0]LogFileHelpers: Loading map 'Minimal_Default' took 4.687
[2015.11.10-07.28.48:022][  0]LogCollectionManager: Loaded 0 collections in 0.002302 seconds
[2015.11.10-07.28.48:031][  0]LogContentBrowser: Native class hierarchy populated in 0.0090 seconds. Added 1792 classes and 301 folders.
[2015.11.10-07.28.48:084][  0]LogContentBrowser: Native class hierarchy updated for 'WidgetCarousel' in 0.0004 seconds. Added 0 classes and 0 folders.
[2015.11.10-07.28.48:113][  0]LogContentBrowser: Native class hierarchy updated for 'AddContentDialog' in 0.0007 seconds. Added 0 classes and 0 folders.
[2015.11.10-07.28.48:130][  0]LogContentBrowser: Native class hierarchy updated for 'SceneOutliner' in 0.0006 seconds. Added 1 classes and 2 folders.
[2015.11.10-07.28.48:188][  0]LogCrashTracker: Crashtracker disabled due to settings.
[2015.11.10-07.28.48:190][  0]LogD3D11RHI: InitD3DDevice
[2015.11.10-07.28.48:192][  0]LogUObjectGlobals:Warning: Failed to find object 'Class None.'
[2015.11.10-07.28.48:214][  0]LogLoad: Full Startup: 13.70 seconds (BP compile: 2.07 seconds)
[2015.11.10-07.28.48:311][  0]LogContentStreaming: Texture pool size is 0.000000MB
[2015.11.10-07.28.48:466][  0]LogContentStreaming: Texture pool size now 400 MB
[2015.11.10-07.28.48:474][  0]LogD3D11RHI: InitD3DDevice
[2015.11.10-07.28.48:818][  0]LogRenderer: Reallocating scene render targets to support 1008x456 (Frame:2).
[2015.11.10-07.28.49:319][  7]LogD3D11RHI: InitD3DDevice
[2015.11.10-07.28.50:052][ 21]LogAssetRegistry: Asset discovery search completed in 8.0761 seconds
[2015.11.10-07.28.50:677][ 46]LogD3D11RHI: InitD3DDevice
[2015.11.10-07.29.18:351][166]LogD3D11RHI: InitD3DDevice
[2015.11.10-07.29.18:385][166]LogMaterial: Missing cached shader map for material HeadLightRim_Material, compiling. 
[2015.11.10-07.29.18:448][166]LogD3D11RHI: InitD3DDevice
[2015.11.10-07.29.18:542][166]LogMaterial: Missing cached shader map for material HeadLightRim_Material, compiling. 
[2015.11.10-07.29.18:551][166]LogMaterial: 0.000089 seconds spent updating 1 materials, 1 interfaces, 0 instances, 0 with static permutations.
[2015.11.10-07.29.18:579][166]LogMaterial: Missing cached shader map for material FMatExpressionPreview MaterialExpressionTextureSample_80, compiling. 
[2015.11.10-07.29.18:586][166]LogMaterial: Missing cached shader map for material FMatExpressionPreview MaterialExpressionTextureSample_82, compiling. 
[2015.11.10-07.29.18:591][166]LogMaterial: Missing cached shader map for material FMatExpressionPreview MaterialExpressionTextureSample_84, compiling. 
[2015.11.10-07.29.18:595][166]LogMaterial: Missing cached shader map for material FMatExpressionPreview MaterialExpressionTextureSample_83, compiling. 
[2015.11.10-07.29.21:276][221]MaterialEditorStats: Info Base pass shader with only dynamic lighting: 52 instructions
[2015.11.10-07.29.21:276][221]MaterialEditorStats: Info Vertex shader: 33 instructions
[2015.11.10-07.29.21:276][221]MaterialEditorStats: Info Texture samplers: 4/16
[2015.11.10-07.29.26:261][397]LogD3D11RHI: InitD3DDevice
[2015.11.10-07.29.26:321][397]LogD3D11RHI: InitD3DDevice
[2015.11.10-07.29.26:502][397]LogRenderer: Reallocating scene render targets to support 1192x744 (Frame:1485).
[2015.11.10-07.44.38:072][443]LogParticles: Destroying 0 GPU particle simulations for FXSystem 0x000000D3BB6F8AE0
[2015.11.10-07.44.38:072][443]LogParticles: Destroying 0 GPU particle simulations for FXSystem 0x000000D3BB45EA20
[2015.11.10-07.44.38:463][443]LogWindowsTextInputMethodSystem:Display: IME system now deactivated.
[2015.11.10-07.44.38:753][444]Cmd: QUIT_EDITOR
[2015.11.10-07.44.39:034][444]LogExit: Preparing to exit.
[2015.11.10-07.44.40:138][444]LogExit: Editor shut down
[2015.11.10-07.44.40:138][444]LogExit: Transaction tracking system shut down
[2015.11.10-07.44.40:145][444]LogParticles: Destroying 0 GPU particle simulations for FXSystem 0x000000D39F19BB00
[2015.11.10-07.44.40:145][444]LogParticles: Destroying 0 GPU particle simulations for FXSystem 0x000000D3B81F3BA0
[2015.11.10-07.44.40:145][444]LogParticles: Destroying 0 GPU particle simulations for FXSystem 0x000000D392993E20
[2015.11.10-07.44.40:146][444]LogParticles: Destroying 0 GPU particle simulations for FXSystem 0x000000D38ED34EA0
[2015.11.10-07.44.40:272][444]LogExit: Object subsystem successfully closed.
[2015.11.10-07.44.40:282][444]LogD3D11RHI: Shutdown
[2015.11.10-07.44.40:282][444]LogD3D11RHI: CleanupD3DDevice
[2015.11.10-07.44.40:391][444]LogD3D11RHI: ~FD3D11DynamicRHI
[2015.11.10-07.44.40:408][444]LogModuleManager: Shutting down and abandoning module StaticMeshEditor (190)
[2015.11.10-07.44.40:408][444]LogModuleManager: Shutting down and abandoning module MaterialEditor (189)
[2015.11.10-07.44.40:408][444]LogModuleManager: Shutting down and abandoning module CrashTracker (188)
[2015.11.10-07.44.40:408][444]LogModuleManager: Shutting down and abandoning module SceneOutliner (187)
[2015.11.10-07.44.40:408][444]LogModuleManager: Shutting down and abandoning module SuperSearch (186)
[2015.11.10-07.44.40:408][444]LogModuleManager: Shutting down and abandoning module WidgetCarousel (185)
[2015.11.10-07.44.40:408][444]LogModuleManager: Shutting down and abandoning module AddContentDialog (184)
[2015.11.10-07.44.40:409][444]LogModuleManager: Shutting down and abandoning module EditorWidgets (183)
[2015.11.10-07.44.40:409][444]LogModuleManager: Shutting down and abandoning module CollectionManager (182)
[2015.11.10-07.44.40:409][444]LogModuleManager: Shutting down and abandoning module StatsViewer (181)
[2015.11.10-07.44.40:409][444]LogModuleManager: Shutting down and abandoning module FoliageEdit (180)
[2015.11.10-07.44.40:409][444]LogModuleManager: Shutting down and abandoning module LandscapeEditor (179)
[2015.11.10-07.44.40:409][444]LogModuleManager: Shutting down and abandoning module ActorPickerMode (178)
[2015.11.10-07.44.40:409][444]LogModuleManager: Shutting down and abandoning module GeometryMode (177)
[2015.11.10-07.44.40:409][444]LogModuleManager: Shutting down and abandoning module TextureAlignMode (176)
[2015.11.10-07.44.40:409][444]LogModuleManager: Shutting down and abandoning module BspMode (175)
[2015.11.10-07.44.40:409][444]LogModuleManager: Shutting down and abandoning module PlacementMode (174)
[2015.11.10-07.44.40:409][444]LogModuleManager: Shutting down and abandoning module AutomationWorker (173)
[2015.11.10-07.44.40:409][444]LogModuleManager: Shutting down and abandoning module CharacterAI (172)
[2015.11.10-07.44.40:409][444]LogModuleManager: Shutting down and abandoning module SmartSnapping (171)
[2015.11.10-07.44.40:409][444]LogModuleManager: Shutting down and abandoning module ViewportSnapping (170)
[2015.11.10-07.44.40:409][444]LogModuleManager: Shutting down and abandoning module LogVisualizer (169)
[2015.11.10-07.44.40:409][444]LogModuleManager: Shutting down and abandoning module GameProjectGeneration (168)
[2015.11.10-07.44.40:409][444]LogModuleManager: Shutting down and abandoning module IntroTutorials (167)
[2015.11.10-07.44.40:409][444]LogModuleManager: Shutting down and abandoning module EditorLiveStreaming (166)
[2015.11.10-07.44.40:409][444]LogModuleManager: Shutting down and abandoning module IOSPlatformEditor (165)
[2015.11.10-07.44.40:409][444]LogModuleManager: Shutting down and abandoning module HTML5PlatformEditor (164)
[2015.11.10-07.44.40:409][444]LogModuleManager: Shutting down and abandoning module AndroidDeviceDetection (163)
[2015.11.10-07.44.40:858][444]LogModuleManager: Shutting down and abandoning module AndroidPlatformEditor (162)
[2015.11.10-07.44.40:858][444]LogModuleManager: Shutting down and abandoning module IOSRuntimeSettings (161)
[2015.11.10-07.44.40:858][444]LogModuleManager: Shutting down and abandoning module AndroidRuntimeSettings (160)
[2015.11.10-07.44.40:858][444]LogModuleManager: Shutting down and abandoning module MergeActors (159)
[2015.11.10-07.44.40:858][444]LogModuleManager: Shutting down and abandoning module SizeMap (158)
[2015.11.10-07.44.40:858][444]LogModuleManager: Shutting down and abandoning module TreeMap (157)
[2015.11.10-07.44.40:858][444]LogModuleManager: Shutting down and abandoning module ReferenceViewer (156)
[2015.11.10-07.44.40:858][444]LogModuleManager: Shutting down and abandoning module LocalizationDashboard (155)
[2015.11.10-07.44.40:859][444]LogModuleManager: Shutting down and abandoning module HardwareTargeting (154)
[2015.11.10-07.44.40:859][444]LogModuleManager: Shutting down and abandoning module DeviceProfileEditor (153)
[2015.11.10-07.44.40:859][444]LogModuleManager: Shutting down and abandoning module UndoHistory (152)
[2015.11.10-07.44.40:859][444]LogModuleManager: Shutting down and abandoning module GameplayTagsEditor (151)
[2015.11.10-07.44.40:859][444]LogModuleManager: Shutting down and abandoning module UserFeedback (150)
[2015.11.10-07.44.40:859][444]LogModuleManager: Shutting down and abandoning module XmlParser (149)
[2015.11.10-07.44.40:859][444]LogModuleManager: Shutting down and abandoning module Blutility (148)
[2015.11.10-07.44.40:859][444]LogModuleManager: Shutting down and abandoning module ProjectTargetPlatformEditor (147)
[2015.11.10-07.44.40:859][444]LogModuleManager: Shutting down and abandoning module ProjectSettingsViewer (146)
[2015.11.10-07.44.40:859][444]LogModuleManager: Shutting down and abandoning module InputBindingEditor (145)
[2015.11.10-07.44.40:860][444]LogModuleManager: Shutting down and abandoning module EditorSettingsViewer (144)
[2015.11.10-07.44.40:860][444]LogModuleManager: Shutting down and abandoning module SettingsEditor (143)
[2015.11.10-07.44.40:860][444]LogModuleManager: Shutting down and abandoning module ProjectLauncher (142)
[2015.11.10-07.44.40:860][444]LogModuleManager: Shutting down and abandoning module SessionFrontend (141)
[2015.11.10-07.44.40:860][444]LogModuleManager: Shutting down and abandoning module ProfilerClient (140)
[2015.11.10-07.44.40:860][444]LogModuleManager: Shutting down and abandoning module TargetDeviceServices (139)
[2015.11.10-07.44.40:860][444]LogModuleManager: Shutting down and abandoning module DeviceManager (138)
[2015.11.10-07.44.40:860][444]LogModuleManager: Shutting down and abandoning module AutomationController (137)
[2015.11.10-07.44.40:860][444]LogModuleManager: Shutting down and abandoning module AutomationWindow (136)
[2015.11.10-07.44.40:860][444]LogModuleManager: Shutting down and abandoning module Layers (135)
[2015.11.10-07.44.40:860][444]LogModuleManager: Shutting down and abandoning module ComponentVisualizers (134)
[2015.11.10-07.44.40:861][444]LogModuleManager: Shutting down and abandoning module DetailCustomizations (133)
[2015.11.10-07.44.40:861][444]LogModuleManager: Shutting down and abandoning module PackagesDialog (132)
[2015.11.10-07.44.40:861][444]LogModuleManager: Shutting down and abandoning module AssetRegistry (131)
[2015.11.10-07.44.41:037][444]LogModuleManager: Shutting down and abandoning module Persona (130)
[2015.11.10-07.44.41:037][444]LogModuleManager: Shutting down and abandoning module Kismet (129)
[2015.11.10-07.44.41:037][444]LogModuleManager: Shutting down and abandoning module GraphEditor (128)
[2015.11.10-07.44.41:037][444]LogModuleManager: Shutting down and abandoning module ClassViewer (127)
[2015.11.10-07.44.41:037][444]LogModuleManager: Shutting down and abandoning module Toolbox (126)
[2015.11.10-07.44.41:037][444]LogModuleManager: Shutting down and abandoning module ModuleUI (125)
[2015.11.10-07.44.41:037][444]LogModuleManager: Shutting down and abandoning module MovieSceneTools (124)
[2015.11.10-07.44.41:037][444]LogModuleManager: Shutting down and abandoning module OutputLog (123)
[2015.11.10-07.44.41:037][444]LogModuleManager: Shutting down and abandoning module GammaUI (122)
[2015.11.10-07.44.41:037][444]LogModuleManager: Shutting down and abandoning module Documentation (121)
[2015.11.10-07.44.41:037][444]LogModuleManager: Shutting down and abandoning module GameLiveStreaming (120)
[2015.11.10-07.44.41:037][444]LogModuleManager: Shutting down and abandoning module StreamingPauseRendering (119)
[2015.11.10-07.44.41:037][444]LogModuleManager: Shutting down and abandoning module AnalyticsET (118)
[2015.11.10-07.44.41:037][444]LogModuleManager: Shutting down and abandoning module Analytics (117)
[2015.11.10-07.44.41:037][444]LogModuleManager: Shutting down and abandoning module AITestSuite (116)
[2015.11.10-07.44.41:037][444]LogModuleManager: Shutting down and abandoning module GameplayDebugger (115)
[2015.11.10-07.44.41:037][444]LogModuleManager: Shutting down and abandoning module AIModule (114)
[2015.11.10-07.44.41:037][444]LogModuleManager: Shutting down and abandoning module ProfilerService (113)
[2015.11.10-07.44.41:143][444]LogModuleManager: Shutting down and abandoning module TaskGraph (112)
[2015.11.10-07.44.41:143][444]LogModuleManager: Shutting down and abandoning module SlateRemote (111)
[2015.11.10-07.44.41:144][444]LogModuleManager: Shutting down and abandoning module SteamVRController (110)
[2015.11.10-07.44.41:144][444]LogModuleManager: Shutting down and abandoning module SteamVR (109)
[2015.11.10-07.44.41:144][444]LogModuleManager: Shutting down and abandoning module ProceduralMeshComponent (108)
[2015.11.10-07.44.41:144][444]LogModuleManager: Shutting down and abandoning module OculusRift (107)
[2015.11.10-07.44.41:144][444]LogModuleManager: Shutting down and abandoning module LeapMotionController (106)
[2015.11.10-07.44.41:176][444]LogModuleManager: Shutting down and abandoning module CustomMeshComponent (105)
[2015.11.10-07.44.41:176][444]LogModuleManager: Shutting down and abandoning module CableComponent (104)
[2015.11.10-07.44.41:176][444]LogModuleManager: Shutting down and abandoning module MessagingDebugger (103)
[2015.11.10-07.44.41:177][444]LogModuleManager: Shutting down and abandoning module MediaPlayerEditor (102)
[2015.11.10-07.44.41:177][444]LogModuleManager: Shutting down and abandoning module SpeedTreeImporter (101)
[2015.11.10-07.44.41:177][444]LogModuleManager: Shutting down and abandoning module PluginBrowser (100)
[2015.11.10-07.44.41:177][444]LogModuleManager: Shutting down and abandoning module EpicSurvey (99)
[2015.11.10-07.44.41:177][444]LogModuleManager: Shutting down and abandoning module DesktopPlatform (98)
[2015.11.10-07.44.41:177][444]LogModuleManager: Shutting down and abandoning module VisualStudioSourceCodeAccess (97)
[2015.11.10-07.44.41:177][444]LogModuleManager: Shutting down and abandoning module UObjectPlugin (96)
[2015.11.10-07.44.41:177][444]LogModuleManager: Shutting down and abandoning module SubversionSourceControl (95)
[2015.11.10-07.44.41:178][444]LogModuleManager: Shutting down and abandoning module PerforceSourceControl (94)
[2015.11.10-07.44.41:178][444]LogModuleManager: Shutting down and abandoning module SourceControl (93)
[2015.11.10-07.44.41:178][444]LogModuleManager: Shutting down and abandoning module GitSourceControl (92)
[2015.11.10-07.44.41:178][444]LogModuleManager: Shutting down and abandoning module BlankPlugin (91)
[2015.11.10-07.44.41:178][444]LogModuleManager: Shutting down and abandoning module PaperTiledImporter (90)
[2015.11.10-07.44.41:178][444]LogModuleManager: Shutting down and abandoning module PaperSpriteSheetImporter (89)
[2015.11.10-07.44.41:178][444]LogModuleManager: Shutting down and abandoning module MeshPaint (88)
[2015.11.10-07.44.41:178][444]LogModuleManager: Shutting down and abandoning module SlateReflector (87)
[2015.11.10-07.44.41:178][444]LogModuleManager: Shutting down and abandoning module DirectoryWatcher (86)
[2015.11.10-07.44.41:179][444]LogModuleManager: Shutting down and abandoning module HotReload (85)
[2015.11.10-07.44.41:180][444]LogModuleManager: Shutting down and abandoning module MainFrame (84)
[2015.11.10-07.44.41:180][444]LogModuleManager: Shutting down and abandoning module LevelEditor (83)
[2015.11.10-07.44.41:181][444]LogModuleManager: Shutting down and abandoning module ContentBrowser (82)
[2015.11.10-07.44.41:183][444]LogModuleManager: Shutting down and abandoning module Paper2DEditor (81)
[2015.11.10-07.44.41:183][444]LogModuleManager: Shutting down and abandoning module UdpMessaging (80)
[2015.11.10-07.44.41:283][444]LogModuleManager: Shutting down and abandoning module Paper2D (79)
[2015.11.10-07.44.41:283][444]LogModuleManager: Shutting down and abandoning module WindowsMoviePlayer (78)
[2015.11.10-07.44.41:287][444]LogModuleManager: Shutting down and abandoning module Media (77)
[2015.11.10-07.44.41:287][444]LogModuleManager: Shutting down and abandoning module WmfMedia (76)
[2015.11.10-07.44.41:287][444]LogModuleManager: Shutting down and abandoning module OnlineBlueprintSupport (75)
[2015.11.10-07.44.41:287][444]LogModuleManager: Shutting down and abandoning module PropertyEditor (74)
[2015.11.10-07.44.41:287][444]LogModuleManager: Shutting down and abandoning module BehaviorTreeEditor (73)
[2015.11.10-07.44.41:287][444]LogModuleManager: Shutting down and abandoning module FunctionalTesting (72)
[2015.11.10-07.44.41:287][444]LogModuleManager: Shutting down and abandoning module CollisionAnalyzer (71)
[2015.11.10-07.44.41:287][444]LogModuleManager: Shutting down and abandoning module WorkspaceMenuStructure (70)
[2015.11.10-07.44.41:287][444]LogModuleManager: Shutting down and abandoning module MessageLog (69)
[2015.11.10-07.44.41:287][444]LogModuleManager: Shutting down and abandoning module Sequencer (68)
[2015.11.10-07.44.41:287][444]LogModuleManager: Shutting down and abandoning module AssetTools (67)
[2015.11.10-07.44.41:287][444]LogModuleManager: Shutting down and abandoning module UMGEditor (66)
[2015.11.10-07.44.41:287][444]LogModuleManager: Shutting down and abandoning module UMG (65)
[2015.11.10-07.44.41:287][444]LogModuleManager: Shutting down and abandoning module Slate (64)
[2015.11.10-07.44.41:287][444]LogModuleManager: Shutting down and abandoning module EditorStyle (63)
[2015.11.10-07.44.41:292][444]LogModuleManager: Shutting down and abandoning module SessionServices (62)
[2015.11.10-07.44.41:292][444]LogModuleManager: Shutting down and abandoning module SourceCodeAccess (61)
[2015.11.10-07.44.41:292][444]LogModuleManager: Shutting down and abandoning module HeadMountedDisplay (60)
[2015.11.10-07.44.41:292][444]LogModuleManager: Shutting down and abandoning module XAudio2 (59)
[2015.11.10-07.44.41:292][444]LogModuleManager: Shutting down and abandoning module Networking (57)
[2015.11.10-07.44.41:292][444]LogModuleManager: Shutting down and abandoning module Core (56)
[2015.11.10-07.44.41:292][444]LogModuleManager: Shutting down and abandoning module KismetCompiler (55)
[2015.11.10-07.44.41:292][444]LogModuleManager: Shutting down and abandoning module PhysXFormats (54)
[2015.11.10-07.44.41:292][444]LogModuleManager: Shutting down and abandoning module MeshUtilities (53)
[2015.11.10-07.44.41:292][444]LogModuleManager: Shutting down and abandoning module DerivedDataCache (52)
[2015.11.10-07.44.41:361][444]LogDerivedDataCache: Shutdown
[2015.11.10-07.44.41:361][444]LogModuleManager: Shutting down and abandoning module ShaderFormatOpenGL (51)
[2015.11.10-07.44.41:361][444]LogModuleManager: Shutting down and abandoning module ShaderFormatD3D (50)
[2015.11.10-07.44.41:361][444]LogModuleManager: Shutting down and abandoning module MetalShaderFormat (49)
[2015.11.10-07.44.41:361][444]LogModuleManager: Shutting down and abandoning module TextureFormatUncompressed (48)
[2015.11.10-07.44.41:361][444]LogModuleManager: Shutting down and abandoning module TextureFormatPVR (47)
[2015.11.10-07.44.41:361][444]LogModuleManager: Shutting down and abandoning module TextureFormatIntelISPCTexComp (46)
[2015.11.10-07.44.41:361][444]LogModuleManager: Shutting down and abandoning module TextureFormatDXT (45)
[2015.11.10-07.44.41:361][444]LogModuleManager: Shutting down and abandoning module ImageWrapper (44)
[2015.11.10-07.44.41:361][444]LogModuleManager: Shutting down and abandoning module TextureFormatASTC (43)
[2015.11.10-07.44.41:361][444]LogModuleManager: Shutting down and abandoning module TextureFormatAndroid (42)
[2015.11.10-07.44.41:361][444]LogModuleManager: Shutting down and abandoning module AudioFormatOpus (41)
[2015.11.10-07.44.41:361][444]LogModuleManager: Shutting down and abandoning module AudioFormatOgg (40)
[2015.11.10-07.44.41:361][444]LogModuleManager: Shutting down and abandoning module AudioFormatADPCM (39)
[2015.11.10-07.44.41:361][444]LogModuleManager: Shutting down and abandoning module LinuxTargetPlatform (38)
[2015.11.10-07.44.41:361][444]LogModuleManager: Shutting down and abandoning module LinuxServerTargetPlatform (37)
[2015.11.10-07.44.41:361][444]LogModuleManager: Shutting down and abandoning module LinuxNoEditorTargetPlatform (36)
[2015.11.10-07.44.41:361][444]LogModuleManager: Shutting down and abandoning module Messaging (35)
[2015.11.10-07.44.41:361][444]LogModuleManager: Shutting down and abandoning module IOSTargetPlatform (34)
[2015.11.10-07.44.41:361][444]LogModuleManager: Shutting down and abandoning module HTML5TargetPlatform (33)
[2015.11.10-07.44.41:361][444]LogModuleManager: Shutting down and abandoning module Android_PVRTCTargetPlatform (32)
[2015.11.10-07.44.41:361][444]LogModuleManager: Shutting down and abandoning module Android_ETC2TargetPlatform (31)
[2015.11.10-07.44.41:361][444]LogModuleManager: Shutting down and abandoning module Android_ETC1TargetPlatform (30)
[2015.11.10-07.44.41:361][444]LogModuleManager: Shutting down and abandoning module Android_DXTTargetPlatform (29)
[2015.11.10-07.44.41:361][444]LogModuleManager: Shutting down and abandoning module Android_ATCTargetPlatform (28)
[2015.11.10-07.44.41:361][444]LogModuleManager: Shutting down and abandoning module Android_ASTCTargetPlatform (27)
[2015.11.10-07.44.41:361][444]LogModuleManager: Shutting down and abandoning module AndroidTargetPlatform (26)
[2015.11.10-07.44.41:361][444]LogModuleManager: Shutting down and abandoning module WindowsTargetPlatform (25)
[2015.11.10-07.44.41:361][444]LogModuleManager: Shutting down and abandoning module WindowsServerTargetPlatform (24)
[2015.11.10-07.44.41:361][444]LogModuleManager: Shutting down and abandoning module WindowsNoEditorTargetPlatform (23)
[2015.11.10-07.44.41:361][444]LogModuleManager: Shutting down and abandoning module WindowsClientTargetPlatform (22)
[2015.11.10-07.44.41:361][444]LogModuleManager: Shutting down and abandoning module DesktopTargetPlatform (21)
[2015.11.10-07.44.41:361][444]LogModuleManager: Shutting down and abandoning module TargetPlatform (20)
[2015.11.10-07.44.41:361][444]LogModuleManager: Shutting down and abandoning module InputCore (19)
[2015.11.10-07.44.41:361][444]LogModuleManager: Shutting down and abandoning module Settings (18)
[2015.11.10-07.44.41:361][444]LogModuleManager: Shutting down and abandoning module OnlineSubsystem (16)
[2015.11.10-07.44.41:361][444]LogModuleManager: Shutting down and abandoning module HTTP (15)
[2015.11.10-07.44.41:362][444]LogModuleManager: Shutting down and abandoning module ExampleDeviceProfileSelector (14)
[2015.11.10-07.44.41:362][444]LogModuleManager: Shutting down and abandoning module TextureCompressor (13)
[2015.11.10-07.44.41:362][444]LogModuleManager: Shutting down and abandoning module ShaderCore (12)
[2015.11.10-07.44.41:362][444]LogModuleManager: Shutting down and abandoning module Landscape (11)
[2015.11.10-07.44.41:362][444]LogModuleManager: Shutting down and abandoning module SlateRHIRenderer (10)
[2015.11.10-07.44.41:364][444]LogModuleManager: Shutting down and abandoning module OpenGLDrv (9)
[2015.11.10-07.44.41:364][444]LogModuleManager: Shutting down and abandoning module D3D11RHI (8)
[2015.11.10-07.44.41:364][444]LogModuleManager: Shutting down and abandoning module Renderer (7)
[2015.11.10-07.44.41:364][444]LogModuleManager: Shutting down and abandoning module Engine (6)
[2015.11.10-07.44.41:364][444]LogModuleManager: Shutting down and abandoning module CoreUObject (5)
[2015.11.10-07.44.41:364][444]LogModuleManager: Shutting down and abandoning module NetworkFile (4)
[2015.11.10-07.44.41:364][444]LogModuleManager: Shutting down and abandoning module StreamingFile (3)
[2015.11.10-07.44.41:364][444]LogModuleManager: Shutting down and abandoning module SandboxFile (2)
[2015.11.10-07.44.41:364][444]LogModuleManager: Shutting down and abandoning module PakFile (1)
[2015.11.10-07.44.41:365][444]LogExit: Exiting.
[2015.11.10-07.44.41:406][444]Log file closed, 11/10/15 02:44:41
