[2015.12.13-03.43.06:248][  0]Log file open, 12/12/15 22:43:06
[2015.12.13-03.43.06:248][  0]LogInit:Display: Running engine for game: MyProject
[2015.12.13-03.43.06:248][  0]LogInit:Display: RandInit(1200949929) SRandInit(1200949929).
[2015.12.13-03.43.06:248][  0]LogTaskGraph: Started task graph with 4 named threads and 7 total threads.
[2015.12.13-03.43.06:248][  0]LogStats: Stats thread started
[2015.12.13-03.43.06:248][  0]LogInit: Version: 4.8.3-2634408+++depot+UE4-Releases+4.8
[2015.12.13-03.43.06:248][  0]LogInit: API Version: 2579680
[2015.12.13-03.43.06:248][  0]LogInit: Compiled (64-bit): Jul 27 2015 16:24:33
[2015.12.13-03.43.06:248][  0]LogInit: Compiled with Visual C++: 18.00.21005.01
[2015.12.13-03.43.06:248][  0]LogInit: Build Configuration: Development
[2015.12.13-03.43.06:248][  0]LogInit: Branch Name: ++depot+UE4-Releases+4.8
[2015.12.13-03.43.06:248][  0]LogInit: Command line:  
[2015.12.13-03.43.06:248][  0]LogInit: Base directory: C:/Program Files/Unreal Engine/4.8/Engine/Binaries/Win64/
[2015.12.13-03.43.06:248][  0]LogInit: Rocket: 1
[2015.12.13-03.43.06:277][  0]LogInit: Using libcurl 7.41.0
[2015.12.13-03.43.06:277][  0]LogInit:  - built for x86_64-pc-win32
[2015.12.13-03.43.06:277][  0]LogInit:  - supports SSL with WinSSL
[2015.12.13-03.43.06:277][  0]LogInit:  - other features:
[2015.12.13-03.43.06:277][  0]LogInit:      CURL_VERSION_SSL
[2015.12.13-03.43.06:277][  0]LogInit:      CURL_VERSION_IPV6
[2015.12.13-03.43.06:277][  0]LogInit:      CURL_VERSION_ASYNCHDNS
[2015.12.13-03.43.06:277][  0]LogInit:      CURL_VERSION_LARGEFILE
[2015.12.13-03.43.06:277][  0]LogInit:      CURL_VERSION_IDN
[2015.12.13-03.43.06:277][  0]LogInit:  CurlRequestOptions (configurable via config and command line):
[2015.12.13-03.43.06:277][  0]LogInit:  - bVerifyPeer = true  - Libcurl will verify peer certificate
[2015.12.13-03.43.06:277][  0]LogInit:  - bUseHttpProxy = false  - Libcurl will NOT use HTTP proxy
[2015.12.13-03.43.06:277][  0]LogInit:  - bDontReuseConnections = false  - Libcurl will reuse connections
[2015.12.13-03.43.06:277][  0]LogInit:  - CertBundlePath = nullptr  - Libcurl will use whatever was configured at build time.
[2015.12.13-03.43.06:303][  0]LogOnline:Warning: No default platform service specified for OnlineSubsystem
[2015.12.13-03.43.06:329][  0]LogInit: Presizing for 0 objects not considered by GC, pre-allocating 0 bytes.
[2015.12.13-03.43.06:337][  0]LogInit: Object subsystem initialized
[2015.12.13-03.43.06:338][  0]LogConsoleResponse:Warning: Skipping Unknown console variable: 'TranslucentSortAxis = (X=0.000000,Y=-1.000000,Z=0.000000)'
[2015.12.13-03.43.06:338][  0]LogConsoleResponse:Warning:   Found in ini file 'C:/a/The-Curators/AlexPrototype/Saved/Config/Windows/Engine.ini', in section '[/Script/Engine.RendererSettings]'
[2015.12.13-03.43.06:338][  0]LogConsoleResponse:Warning: Skipping Unknown console variable: 'UIScaleRule = ShortestSide'
[2015.12.13-03.43.06:338][  0]LogConsoleResponse:Warning:   Found in ini file 'C:/a/The-Curators/AlexPrototype/Saved/Config/Windows/Engine.ini', in section '[/Script/Engine.RendererSettings]'
[2015.12.13-03.43.06:338][  0]LogConsoleResponse:Warning: Skipping Unknown console variable: 'UIScaleCurve = (EditorCurveData=(Keys=),ExternalCurve=None)'
[2015.12.13-03.43.06:338][  0]LogConsoleResponse:Warning:   Found in ini file 'C:/a/The-Curators/AlexPrototype/Saved/Config/Windows/Engine.ini', in section '[/Script/Engine.RendererSettings]'
[2015.12.13-03.43.06:339][  0]LogInit: Selected Device Profile: [Windows]
[2015.12.13-03.43.06:339][  0]LogInit: Applying CVar settings loaded from the selected device profile: [Windows]
[2015.12.13-03.43.06:351][  0]LogInit: Computer: STEPHENMANGOLD1
[2015.12.13-03.43.06:351][  0]LogInit: User: StephenPaulMangold
[2015.12.13-03.43.06:351][  0]LogInit: CPU Page size=4096, Cores=4
[2015.12.13-03.43.06:351][  0]LogInit: High frequency timer resolution =3.312788 MHz
[2015.12.13-03.43.06:351][  0]LogMemory: Memory total: Physical=16.0GB (16GB approx)
[2015.12.13-03.43.06:351][  0]LogMemory: Platform Memory Stats for Windows
[2015.12.13-03.43.06:351][  0]LogMemory: Process Physical Memory: 54.29 MB used, 54.29 MB peak
[2015.12.13-03.43.06:351][  0]LogMemory: Process Virtual Memory: 27.08 MB used, 27.08 MB peak
[2015.12.13-03.43.06:351][  0]LogMemory: Physical Memory: 13154.58 MB used, 16337.60 MB total
[2015.12.13-03.43.06:351][  0]LogMemory: Virtual Memory: 296.85 MB used, 134217728.00 MB total
[2015.12.13-03.43.06:441][  0]LogTextLocalizationManager: The requested culture ('en_US') has no localization data; parent culture's ('en') localization data will be used.
[2015.12.13-03.43.06:718][  0]LogTextLocalizationManager:Warning: Loaded localization resources contain conflicting entries for (Namespace:ContentBrowser, Key:ImportAssetToolTip):
Localization Resource: (C:/Program Files/Unreal Engine/4.8/Engine/Content/Localization/Editor/en/Editor.locres) Source String Hash: (-630476809) Localized String: (Import to {0}...)
Localization Resource: (C:/Program Files/Unreal Engine/4.8/Engine/Content/Localization/Editor/en/Editor.locres) Source String Hash: (1271782899) Localized String: (Imports an asset from file to this folder.)
[2015.12.13-03.43.07:104][  0]LogD3D11RHI: Found D3D11 adapter 0: AMD Radeon HD 7700 Series (Feature Level 11_0)
[2015.12.13-03.43.07:104][  0]LogD3D11RHI: Adapter has 2006MB of dedicated video memory, 0MB of dedicated system memory, and 3840MB of shared system memory, 1 output[s]
[2015.12.13-03.43.07:106][  0]LogD3D11RHI: Found D3D11 adapter 1: Microsoft Basic Render Driver (Feature Level 11_0)
[2015.12.13-03.43.07:106][  0]LogD3D11RHI: Adapter has 0MB of dedicated video memory, 0MB of dedicated system memory, and 256MB of shared system memory, 0 output[s]
[2015.12.13-03.43.07:106][  0]LogD3D11RHI: Chosen D3D11 Adapter Id = 0
[2015.12.13-03.43.07:113][  0]LogD3D11RHI: InitD3DDevice
[2015.12.13-03.43.07:113][  0]LogD3D11RHI: !Direct3DDevice
[2015.12.13-03.43.07:113][  0]LogRHI: Texture pool is 1361 MB (70% of 1945 MB)
[2015.12.13-03.43.07:125][  0]LogD3D11RHI: Async texture creation disabled: no driver support
[2015.12.13-03.43.07:136][  0]LogShaderCompilers:Display: Using Local Shader Compiler.
[2015.12.13-03.43.08:766][  0]LogTemp:Display: Loaded TP DesktopTargetPlatform
[2015.12.13-03.43.08:795][  0]LogTemp:Display: Loaded TP WindowsClientTargetPlatform
[2015.12.13-03.43.08:830][  0]LogTemp:Display: Loaded TP WindowsNoEditorTargetPlatform
[2015.12.13-03.43.08:858][  0]LogTemp:Display: Loaded TP WindowsServerTargetPlatform
[2015.12.13-03.43.08:889][  0]LogTemp:Display: Loaded TP WindowsTargetPlatform
[2015.12.13-03.43.08:914][  0]LogTemp:Display: Loaded TP AndroidTargetPlatform
[2015.12.13-03.43.08:943][  0]LogTemp:Display: Loaded TP Android_ASTCTargetPlatform
[2015.12.13-03.43.08:973][  0]LogTemp:Display: Loaded TP Android_ATCTargetPlatform
[2015.12.13-03.43.09:002][  0]LogTemp:Display: Loaded TP Android_DXTTargetPlatform
[2015.12.13-03.43.09:033][  0]LogTemp:Display: Loaded TP Android_ETC1TargetPlatform
[2015.12.13-03.43.09:062][  0]LogTemp:Display: Loaded TP Android_ETC2TargetPlatform
[2015.12.13-03.43.09:101][  0]LogTemp:Display: Loaded TP Android_PVRTCTargetPlatform
[2015.12.13-03.43.09:202][  0]LogTemp:Display: Loaded TP IOSTargetPlatform
[2015.12.13-03.43.09:227][  0]LogTemp:Display: Loaded TP LinuxNoEditorTargetPlatform
[2015.12.13-03.43.09:254][  0]LogTemp:Display: Loaded TP LinuxServerTargetPlatform
[2015.12.13-03.43.09:282][  0]LogTemp:Display: Loaded TP LinuxTargetPlatform
[2015.12.13-03.43.09:282][  0]LogTargetPlatformManager:Display: Building Assets For Windows
[2015.12.13-03.43.09:924][  0]LogDerivedDataCache:Display: Max Cache Size: 512 MB
[2015.12.13-03.43.09:990][  0]LogDerivedDataCache: Loaded boot cache 0.07s 53MB C:/Users/Stephen Paul Mangold/AppData/Local/UnrealEngine/4.8/DerivedDataCache/Boot.ddc.
[2015.12.13-03.43.09:990][  0]LogDerivedDataCache:Display: Loaded Boot cache: C:/Users/Stephen Paul Mangold/AppData/Local/UnrealEngine/4.8/DerivedDataCache/Boot.ddc
[2015.12.13-03.43.09:991][  0]LogDerivedDataCache: FDerivedDataBackendGraph:  Pak pak cache file ../../../../../../a/The-Curators/AlexPrototype/DerivedDataCache/DDC.ddp not found, will not use a pak cache.
[2015.12.13-03.43.09:991][  0]LogDerivedDataCache: Unable to find inner node Pak for hierarchical cache Hierarchy.
[2015.12.13-03.43.09:991][  0]LogDerivedDataCache: FDerivedDataBackendGraph:  CompressedPak pak cache file ../../../../../../a/The-Curators/AlexPrototype/DerivedDataCache/Compressed.ddp not found, will not use a pak cache.
[2015.12.13-03.43.09:991][  0]LogDerivedDataCache: Unable to find inner node CompressedPak for hierarchical cache Hierarchy.
[2015.12.13-03.43.10:138][  0]LogDerivedDataCache:Display: Pak cache opened for reading ../../../Engine/DerivedDataCache/Compressed.ddp.
[2015.12.13-03.43.10:151][  0]LogDerivedDataCache: Using Local data cache path C:/Users/Stephen Paul Mangold/AppData/Local/UnrealEngine/Common/DerivedDataCache: Writable
[2015.12.13-03.43.41:615][  0]LogInit: Selected Device Profile: [Windows]
[2015.12.13-03.43.44:858][  0]ImportText (ComponentSweepMultiTests): Missing closing parenthesis: (RootShapeAsset="/Engine/BasicShapes/Cube.Cube",ShapeType="TriggerCapsule",HitResult=(Time=0.50,Location=(X=-100.000015,Y=0.0,Z=100.000015),ImpactPoint=(X=-50.0,Y=0.0,Z=50.0),Normal=(X=-1.0,Y=-0.0,Z=0.0),ImpactNormal=(X=0.0,Y=0.0,Z=1.0),TraceStart=(X=-200.0,Y=0.0,Z=200.0),TraceEnd=(X=0.0,Y=0.0,Z=0.0))
[2015.12.13-03.43.44:859][  0]ImportText (LineTraceSingleByChannelTests): Missing closing parenthesis: (RootShapeAsset="/Engine/BasicShapes/Cube.Cube",HitResult=(Time=0.50,Location=(X=-100.000015,Y=0.0,Z=100.000015),ImpactPoint=(X=-50.0,Y=0.0,Z=50.0),Normal=(X=-1.0,Y=-0.0,Z=0.0),ImpactNormal=(X=0.0,Y=0.0,Z=1.0),TraceStart=(X=-200.0,Y=0.0,Z=200.0),TraceEnd=(X=0.0,Y=0.0,Z=0.0))
[2015.12.13-03.43.45:620][  0]LogMeshUtilities: No automatic mesh reduction module available
[2015.12.13-03.43.45:620][  0]LogMeshUtilities: No automatic mesh merging module available
[2015.12.13-03.43.55:335][  0]LogInit: WinSock: version 1.1 (2.2), MaxSocks=32767, MaxUdp=65467
[2015.12.13-03.44.46:124][  0]UdpMessaging: Initializing bridge on interface 0.0.0.0:0 to multicast group 230.0.0.1:6666.
[2015.12.13-03.44.54:376][  0]SourceControl: Info Source control is disabled
[2015.12.13-03.44.54:934][  0]SourceControl: Info Source control is disabled
[2015.12.13-03.44.55:113][  0]SourceControl: Info Source control is disabled
[2015.12.13-03.44.55:384][  0]SourceControl: Info Source control is disabled
[2015.12.13-03.44.59:531][  0]LogObj: 26277 objects as part of root set at end of initial load.
[2015.12.13-03.44.59:531][  0]LogUObjectAllocator: 5410024 out of 0 bytes used by permanent object pool.
[2015.12.13-03.45.01:830][  0]LogAutomationTest:Warning: Smoke tests took > 1s to run: 1.30s
[2015.12.13-03.45.01:954][  0]LogEngine: Initializing Engine...
[2015.12.13-03.45.02:081][  0]LogHMD: Can't find Oculus library dev build: is proper Runtime installed? Version: 0.6.0.0
[2015.12.13-03.45.03:321][  0]LogHMD:Warning: SteamVR failed to initialize.  Error: 108
[2015.12.13-03.45.06:849][  0]LogAIModule: Creating AISystem for world NewWorld
[2015.12.13-03.45.08:028][  0]LogInit: XAudio2 using 'Speakers (Realtek High Definition Audio)' : 2 channels at 48 kHz using 32 bits per sample (channel mask 0x3)
[2015.12.13-03.45.08:143][  0]LogInit: FAudioDevice initialized.
[2015.12.13-03.45.08:190][  0]LogDerivedDataCache: Saved boot cache 0.05s 53MB C:/Users/Stephen Paul Mangold/AppData/Local/UnrealEngine/4.8/DerivedDataCache/Boot.ddc.
[2015.12.13-03.45.08:427][  0]LogInit: Texture streaming: Disabled
[2015.12.13-03.45.10:568][  0]LogAnalytics: Creating configured Analytics provider AnalyticsET
[2015.12.13-03.45.10:568][  0]LogAnalytics: [UEEditor.Rocket.Release] APIServer = http://et2.epicgames.com/ET2/. AppVersion = 4.8.3-2634408+++depot+UE4-Releases+4.8
[2015.12.13-03.45.10:569][  0]LogAnalytics: [UEEditor.Rocket.Release] SetUserId 670f7a51498aab90fa6f01ae8ba6e645|ae3c06c927b140e595cd14047ca553a4|817dc969-a56b-4d5a-b6d5-4cf8a1016322
[2015.12.13-03.45.11:124][  0]LogAnalytics: [UEEditor.Rocket.Release] AnalyticsET::StartSession
[2015.12.13-03.45.14:646][  0]LogInit: Transaction tracking system initialized
[2015.12.13-03.45.17:721][  0]BlueprintLog: New page: Editor Load
[2015.12.13-03.45.18:364][  0]LogAssetRegistry: FAssetRegistry took 0.0365 seconds to start up
[2015.12.13-03.45.18:862][  0]LogDirectoryWatcher:Warning: Failed to begin reading directory changes for ../../../Engine/Plugins/Experimental/CharacterAI/Content/. Error: 0
[2015.12.13-03.45.49:028][  0]LogConsoleManager:Warning: Console variable 'r.VSync' wasn't set ('GameSetting' has a lower priority than 'SystemSettingsIni')
[2015.12.13-03.45.49:035][  0]LogConsoleResponse:Display: 
[2015.12.13-03.45.58:456][  0]LogCook:Display: Done creating registry. It took  0.00s.
[2015.12.13-03.46.06:767][  0]SourceControl: Info Source control is disabled
[2015.12.13-03.46.06:866][  0]Cmd: MAP LOAD FILE="../../../../../../a/The-Curators/AlexPrototype/Content/Levels/MainMenu.umap" TEMPLATE=0 SHOWPROGRESS=1 FEATURELEVEL=3
[2015.12.13-03.46.07:036][  0]LightingResults: New page: Lighting Build
[2015.12.13-03.46.07:806][  0]MapCheck: New page: Map Check
[2015.12.13-03.46.07:806][  0]LightingResults: New page: Lighting Build
[2015.12.13-03.46.09:353][  0]LogParticles: Destroying 0 GPU particle simulations for FXSystem 0x000000F8629ECB80
[2015.12.13-03.46.33:222][  0]LogBlueprint:Warning: [compiler ThirdPersonCharacter] Warning Input Axis Event references unknown Axis 'LookUp' for  InputAxis LookUp 
[2015.12.13-03.46.33:260][  0]LogBlueprint:Warning: [compiler ThirdPersonCharacter] Warning [0209.11] Compile of ThirdPersonCharacter successful, but with 1 Warning(s) [in 336 ms]
[2015.12.13-03.46.33:260][  0]LogBlueprint:Warning: [compiler ThirdPersonCharacter] Warning [0209.11] Compile of ThirdPersonCharacter successful, but with 2 Warning(s) [in 0 ms]
[2015.12.13-03.46.33:260][  0]LogBlueprint:Warning: [compiler ThirdPersonCharacter] Warning [0209.11] Compile of ThirdPersonCharacter successful, but with 3 Warning(s) [in 0 ms]
[2015.12.13-03.46.39:684][  0]LogBlueprint:Warning: [compiler ErichFinalCharCombined] Warning Input Axis Event references unknown Axis 'LookUp' for  InputAxis LookUp 
[2015.12.13-03.46.39:759][  0]LogBlueprint:Warning: [compiler ErichFinalCharCombined] Warning [0215.61] Compile of ErichFinalCharCombined successful, but with 1 Warning(s) [in 468 ms]
[2015.12.13-03.46.39:762][  0]LogBlueprint:Warning: [compiler ErichFinalCharCombined] Warning [0215.61] Compile of ErichFinalCharCombined successful, but with 2 Warning(s) [in 2 ms]
[2015.12.13-03.46.39:762][  0]LogBlueprint:Warning: [compiler ErichFinalCharCombined] Warning [0215.61] Compile of ErichFinalCharCombined successful, but with 3 Warning(s) [in 0 ms]
[2015.12.13-03.46.40:942][  0]LogBlueprint:Warning: [compiler ThirdPersonCharacter] Warning Input Axis Event references unknown Axis 'LookUp' for  InputAxis LookUp 
[2015.12.13-03.46.40:980][  0]LogBlueprint:Warning: [compiler ThirdPersonCharacter] Warning [0216.83] Compile of ThirdPersonCharacter successful, but with 1 Warning(s) [in 254 ms]
[2015.12.13-03.46.40:980][  0]LogBlueprint:Warning: [compiler ThirdPersonCharacter] Warning [0216.83] Compile of ThirdPersonCharacter successful, but with 2 Warning(s) [in 0 ms]
[2015.12.13-03.46.41:559][  0]LogBlueprint:Warning: [compiler ErichFinalCharCombined] Warning Input Axis Event references unknown Axis 'LookUp' for  InputAxis LookUp 
[2015.12.13-03.46.41:631][  0]LogBlueprint:Warning: [compiler ErichFinalCharCombined] Warning [0217.48] Compile of ErichFinalCharCombined successful, but with 1 Warning(s) [in 442 ms]
[2015.12.13-03.46.41:633][  0]LogBlueprint:Warning: [compiler ErichFinalCharCombined] Warning [0217.48] Compile of ErichFinalCharCombined successful, but with 2 Warning(s) [in 1 ms]
[2015.12.13-03.47.17:932][  0]LogWmfMedia:Error: Failed to create source object from URL for C:/Users/Justin's/Pictures/Curators/NewMenuAssets/Output/maxresdefault (1).mp4
[2015.12.13-03.47.19:233][  0]LogTexture:Display: Building textures: NMNYD_Health_Symbol (BGRA8)
[2015.12.13-03.49.35:254][  0]LogAIModule: Creating AISystem for world MainMenu
[2015.12.13-03.49.35:259][  0]LogEditorServer: Finished looking for orphan Actors (0.000 secs)
[2015.12.13-03.49.35:296][  0]Cmd: MAP CHECKDEP NOCLEARLOG
[2015.12.13-03.49.35:601][  0]MapCheck: Info Map check complete: 0 Error(s), 0 Warning(s), took 304.435ms to complete.
[2015.12.13-03.49.35:601][  0]LogFileHelpers: Loading map 'MainMenu' took 208.796
[2015.12.13-03.49.52:199][  0]LogCollectionManager: Loaded 0 collections in 0.003128 seconds
[2015.12.13-03.49.52:872][  0]LogContentBrowser: Native class hierarchy populated in 0.5868 seconds. Added 1792 classes and 301 folders.
[2015.12.13-03.49.56:095][  0]LogContentBrowser: Native class hierarchy updated for 'WidgetCarousel' in 0.0009 seconds. Added 0 classes and 0 folders.
[2015.12.13-03.49.58:586][  0]LogContentBrowser: Native class hierarchy updated for 'AddContentDialog' in 0.0007 seconds. Added 0 classes and 0 folders.
[2015.12.13-03.49.59:599][  0]LogContentBrowser: Native class hierarchy updated for 'SceneOutliner' in 0.0011 seconds. Added 1 classes and 2 folders.
[2015.12.13-03.50.07:995][  0]LogCrashTracker: Crashtracker disabled due to settings.
[2015.12.13-03.50.08:876][  0]LogD3D11RHI: InitD3DDevice
[2015.12.13-03.50.12:387][  0]LogD3D11RHI: InitD3DDevice
[2015.12.13-03.50.13:645][  0]LogUObjectGlobals:Warning: Failed to find object 'Class None.'
[2015.12.13-03.50.14:685][  0]LogLoad: Full Startup: 430.53 seconds (BP compile: 9.67 seconds)
[2015.12.13-03.50.21:947][  0]LogContentStreaming: Texture pool size is 0.000000MB
[2015.12.13-03.50.22:784][  0]LogContentStreaming: Texture pool size now 1000 MB
[2015.12.13-03.50.32:538][  0]LogRenderer: Reallocating scene render targets to support 1208x568 (Frame:2).
[2015.12.13-03.50.35:140][  2]LogD3D11RHI: InitD3DDevice
[2015.12.13-03.51.29:692][163]LogAssetRegistry: Asset discovery search completed in 371.3579 seconds
[2015.12.13-03.52.24:472][353]LogD3D11RHI: InitD3DDevice
[2015.12.13-03.52.33:304][907]LogD3D11RHI: InitD3DDevice
[2015.12.13-03.52.44:090][759]LogD3D11RHI: InitD3DDevice
[2015.12.13-03.53.06:911][683]LogD3D11RHI: InitD3DDevice
[2015.12.13-03.53.13:409][282]LogD3D11RHI: InitD3DDevice
[2015.12.13-03.53.21:914][997]LogD3D11RHI: InitD3DDevice
[2015.12.13-03.53.32:613][984]LogD3D11RHI: InitD3DDevice
[2015.12.13-03.54.48:842][426]LogD3D11RHI: InitD3DDevice
[2015.12.13-03.54.49:020][426]Cmd: OBJ SAVEPACKAGE PACKAGE="/Game/Levels/MainMenu" FILE="../../../../../../a/The-Curators/AlexPrototype/Content/Levels/MainMenu.umap" SILENT=true AUTOSAVING=false KEEPDIRTY=false
[2015.12.13-03.54.50:873][426]LogSavePackage: Save=1230.953857ms
[2015.12.13-03.54.50:873][426]LogSavePackage: Moving '../../../../../../a/The-Curators/AlexPrototype/Saved/MainMenu2BCC6D4A4CBE27F3A54D9EBC17AF16E3.tmp' to '../../../../../../a/The-Curators/AlexPrototype/Content/Levels/MainMenu.umap'
[2015.12.13-03.55.27:110][185]LogD3D11RHI: InitD3DDevice
[2015.12.13-03.56.23:185][545]LogD3D11RHI: InitD3DDevice
[2015.12.13-03.56.23:806][545]LogLinker:Warning: Asset '../../../Engine/Content/ArtTools/RenderToTexture/Macros/RenderToTextureMacros.uasset' has been saved with empty engine version. The asset will be loaded but may be incompatible.
[2015.12.13-03.56.24:252][545]LogLinker:Warning: Asset '../../../Engine/Content/ArtTools/RenderToTexture/Enums/RenderToTexture_Enum.uasset' has been saved with empty engine version. The asset will be loaded but may be incompatible.
[2015.12.13-03.56.29:091][545]LogD3D11RHI: InitD3DDevice
[2015.12.13-03.57.00:776][241]LogD3D11RHI: InitD3DDevice
[2015.12.13-03.57.02:550][384]LogD3D11RHI: InitD3DDevice
[2015.12.13-03.57.21:662][889]LogD3D11RHI: InitD3DDevice
[2015.12.13-03.58.21:409][808]LogD3D11RHI: InitD3DDevice
[2015.12.13-03.58.33:881][903]BlueprintLog: New page: Compile ErichFinalCharCombined
[2015.12.13-03.58.34:251][903]LogBlueprint:Warning: [compiler ErichFinalCharCombined] Warning Input Axis Event references unknown Axis 'LookUp' for  InputAxis LookUp 
[2015.12.13-