[2015.12.14-02.58.11:507][  0]Log file open, 12/13/15 21:58:11
[2015.12.14-02.58.11:507][  0]LogInit:Display: Running engine for game: MyProject
[2015.12.14-02.58.11:507][  0]LogInit:Display: RandInit(611778049) SRandInit(611778049).
[2015.12.14-02.58.11:507][  0]LogTaskGraph: Started task graph with 4 named threads and 7 total threads.
[2015.12.14-02.58.11:507][  0]LogStats: Stats thread started
[2015.12.14-02.58.11:507][  0]LogInit: Version: 4.8.3-2634408+++depot+UE4-Releases+4.8
[2015.12.14-02.58.11:507][  0]LogInit: API Version: 2579680
[2015.12.14-02.58.11:507][  0]LogInit: Compiled (64-bit): Jul 27 2015 16:24:33
[2015.12.14-02.58.11:507][  0]LogInit: Compiled with Visual C++: 18.00.21005.01
[2015.12.14-02.58.11:507][  0]LogInit: Build Configuration: Development
[2015.12.14-02.58.11:507][  0]LogInit: Branch Name: ++depot+UE4-Releases+4.8
[2015.12.14-02.58.11:507][  0]LogInit: Command line: 
[2015.12.14-02.58.11:507][  0]LogInit: Base directory: C:/Program Files/Epic Games/4.8/Engine/Binaries/Win64/
[2015.12.14-02.58.11:507][  0]LogInit: Rocket: 1
[2015.12.14-02.58.11:523][  0]LogInit: Using libcurl 7.41.0
[2015.12.14-02.58.11:523][  0]LogInit:  - built for x86_64-pc-win32
[2015.12.14-02.58.11:523][  0]LogInit:  - supports SSL with WinSSL
[2015.12.14-02.58.11:523][  0]LogInit:  - other features:
[2015.12.14-02.58.11:523][  0]LogInit:      CURL_VERSION_SSL
[2015.12.14-02.58.11:523][  0]LogInit:      CURL_VERSION_IPV6
[2015.12.14-02.58.11:523][  0]LogInit:      CURL_VERSION_ASYNCHDNS
[2015.12.14-02.58.11:523][  0]LogInit:      CURL_VERSION_LARGEFILE
[2015.12.14-02.58.11:523][  0]LogInit:      CURL_VERSION_IDN
[2015.12.14-02.58.11:523][  0]LogInit:  CurlRequestOptions (configurable via config and command line):
[2015.12.14-02.58.11:523][  0]LogInit:  - bVerifyPeer = true  - Libcurl will verify peer certificate
[2015.12.14-02.58.11:523][  0]LogInit:  - bUseHttpProxy = false  - Libcurl will NOT use HTTP proxy
[2015.12.14-02.58.11:523][  0]LogInit:  - bDontReuseConnections = false  - Libcurl will reuse connections
[2015.12.14-02.58.11:523][  0]LogInit:  - CertBundlePath = nullptr  - Libcurl will use whatever was configured at build time.
[2015.12.14-02.58.11:537][  0]LogOnline:Warning: No default platform service specified for OnlineSubsystem
[2015.12.14-02.58.11:554][  0]LogInit: Presizing for 0 objects not considered by GC, pre-allocating 0 bytes.
[2015.12.14-02.58.11:560][  0]LogInit: Object subsystem initialized
[2015.12.14-02.58.11:561][  0]LogConsoleResponse:Warning: Skipping Unknown console variable: 'TranslucentSortAxis = (X=0.000000,Y=-1.000000,Z=0.000000)'
[2015.12.14-02.58.11:561][  0]LogConsoleResponse:Warning:   Found in ini file 'C:/Users/Christopher/Documents/GitHub/The-Curators/AlexPrototype/Saved/Config/Windows/Engine.ini', in section '[/Script/Engine.RendererSettings]'
[2015.12.14-02.58.11:561][  0]LogConsoleResponse:Warning: Skipping Unknown console variable: 'UIScaleRule = ShortestSide'
[2015.12.14-02.58.11:561][  0]LogConsoleResponse:Warning:   Found in ini file 'C:/Users/Christopher/Documents/GitHub/The-Curators/AlexPrototype/Saved/Config/Windows/Engine.ini', in section '[/Script/Engine.RendererSettings]'
[2015.12.14-02.58.11:561][  0]LogConsoleResponse:Warning: Skipping Unknown console variable: 'UIScaleCurve = (EditorCurveData=(Keys=),ExternalCurve=None)'
[2015.12.14-02.58.11:561][  0]LogConsoleResponse:Warning:   Found in ini file 'C:/Users/Christopher/Documents/GitHub/The-Curators/AlexPrototype/Saved/Config/Windows/Engine.ini', in section '[/Script/Engine.RendererSettings]'
[2015.12.14-02.58.11:562][  0]LogInit: Selected Device Profile: [Windows]
[2015.12.14-02.58.11:562][  0]LogInit: Applying CVar settings loaded from the selected device profile: [Windows]
[2015.12.14-02.58.11:570][  0]LogInit: Computer: CHRISTOPHER-S70
[2015.12.14-02.58.11:570][  0]LogInit: User: Christopher
[2015.12.14-02.58.11:570][  0]LogInit: CPU Page size=4096, Cores=4
[2015.12.14-02.58.11:570][  0]LogInit: High frequency timer resolution =2.435779 MHz
[2015.12.14-02.58.11:570][  0]LogMemory: Memory total: Physical=11.9GB (12GB approx)
[2015.12.14-02.58.11:570][  0]LogMemory: Platform Memory Stats for Windows
[2015.12.14-02.58.11:570][  0]LogMemory: Process Physical Memory: 53.00 MB used, 53.00 MB peak
[2015.12.14-02.58.11:570][  0]LogMemory: Process Virtual Memory: 24.68 MB used, 24.68 MB peak
[2015.12.14-02.58.11:570][  0]LogMemory: Physical Memory: 5307.88 MB used, 12200.09 MB total
[2015.12.14-02.58.11:570][  0]LogMemory: Virtual Memory: 316.88 MB used, 134217728.00 MB total
[2015.12.14-02.58.11:598][  0]LogTextLocalizationManager: The requested culture ('en_US') has no localization data; parent culture's ('en') localization data will be used.
[2015.12.14-02.58.11:801][  0]LogTextLocalizationManager:Warning: Loaded localization resources contain conflicting entries for (Namespace:ContentBrowser, Key:ImportAssetToolTip):
Localization Resource: (C:/Program Files/Epic Games/4.8/Engine/Content/Localization/Editor/en/Editor.locres) Source String Hash: (-630476809) Localized String: (Import to {0}...)
Localization Resource: (C:/Program Files/Epic Games/4.8/Engine/Content/Localization/Editor/en/Editor.locres) Source String Hash: (1271782899) Localized String: (Imports an asset from file to this folder.)
[2015.12.14-02.58.12:293][  0]LogD3D11RHI: Found D3D11 adapter 0: Intel(R) HD Graphics 4600 (Feature Level 11_0)
[2015.12.14-02.58.12:293][  0]LogD3D11RHI: Adapter has 112MB of dedicated video memory, 0MB of dedicated system memory, and 6100MB of shared system memory, 1 output[s]
[2015.12.14-02.58.12:798][  0]LogD3D11RHI: Found D3D11 adapter 1: AMD Radeon R9 M200X Series (Feature Level 11_0)
[2015.12.14-02.58.12:798][  0]LogD3D11RHI: Adapter has 2030MB of dedicated video memory, 0MB of dedicated system memory, and 6100MB of shared system memory, 0 output[s]
[2015.12.14-02.58.12:800][  0]LogD3D11RHI: Found D3D11 adapter 2: Microsoft Basic Render Driver (Feature Level 11_0)
[2015.12.14-02.58.12:800][  0]LogD3D11RHI: Adapter has 0MB of dedicated video memory, 0MB of dedicated system memory, and 6100MB of shared system memory, 0 output[s]
[2015.12.14-02.58.12:800][  0]LogD3D11RHI: Chosen D3D11 Adapter Id = 0
[2015.12.14-02.58.12:808][  0]LogD3D11RHI: InitD3DDevice
[2015.12.14-02.58.12:808][  0]LogD3D11RHI: !Direct3DDevice
[2015.12.14-02.58.12:808][  0]LogRHI: Texture pool is 1361 MB (70% of 1945 MB)
[2015.12.14-02.58.12:813][  0]LogD3D11RHI: Async texture creation enabled
[2015.12.14-02.58.12:817][  0]LogShaderCompilers:Display: Using Local Shader Compiler.
[2015.12.14-02.58.13:513][  0]LogTemp:Display: Loaded TP DesktopTargetPlatform
[2015.12.14-02.58.13:530][  0]LogTemp:Display: Loaded TP WindowsClientTargetPlatform
[2015.12.14-02.58.13:547][  0]LogTemp:Display: Loaded TP WindowsNoEditorTargetPlatform
[2015.12.14-02.58.13:564][  0]LogTemp:Display: Loaded TP WindowsServerTargetPlatform
[2015.12.14-02.58.13:581][  0]LogTemp:Display: Loaded TP WindowsTargetPlatform
[2015.12.14-02.58.13:596][  0]LogTemp:Display: Loaded TP AndroidTargetPlatform
[2015.12.14-02.58.13:611][  0]LogTemp:Display: Loaded TP Android_ASTCTargetPlatform
[2015.12.14-02.58.13:626][  0]LogTemp:Display: Loaded TP Android_ATCTargetPlatform
[2015.12.14-02.58.13:640][  0]LogTemp:Display: Loaded TP Android_DXTTargetPlatform
[2015.12.14-02.58.13:654][  0]LogTemp:Display: Loaded TP Android_ETC1TargetPlatform
[2015.12.14-02.58.13:669][  0]LogTemp:Display: Loaded TP Android_ETC2TargetPlatform
[2015.12.14-02.58.13:684][  0]LogTemp:Display: Loaded TP Android_PVRTCTargetPlatform
[2015.12.14-02.58.13:737][  0]LogTemp:Display: Loaded TP IOSTargetPlatform
[2015.12.14-02.58.13:751][  0]LogTemp:Display: Loaded TP LinuxNoEditorTargetPlatform
[2015.12.14-02.58.13:764][  0]LogTemp:Display: Loaded TP LinuxServerTargetPlatform
[2015.12.14-02.58.13:780][  0]LogTemp:Display: Loaded TP LinuxTargetPlatform
[2015.12.14-02.58.13:780][  0]LogTargetPlatformManager:Display: Building Assets For Windows
[2015.12.14-02.58.14:018][  0]LogDerivedDataCache:Display: Max Cache Size: 512 MB
[2015.12.14-02.58.14:070][  0]LogDerivedDataCache: Loaded boot cache 0.05s 53MB C:/Users/Christopher/AppData/Local/UnrealEngine/4.8/DerivedDataCache/Boot.ddc.
[2015.12.14-02.58.14:071][  0]LogDerivedDataCache:Display: Loaded Boot cache: C:/Users/Christopher/AppData/Local/UnrealEngine/4.8/DerivedDataCache/Boot.ddc
[2015.12.14-02.58.14:071][  0]LogDerivedDataCache: FDerivedDataBackendGraph:  Pak pak cache file ../../../../../../Users/Christopher/Documents/GitHub/The-Curators/AlexPrototype/DerivedDataCache/DDC.ddp not found, will not use a pak cache.
[2015.12.14-02.58.14:071][  0]LogDerivedDataCache: Unable to find inner node Pak for hierarchical cache Hierarchy.
[2015.12.14-02.58.14:071][  0]LogDerivedDataCache: FDerivedDataBackendGraph:  CompressedPak pak cache file ../../../../../../Users/Christopher/Documents/GitHub/The-Curators/AlexPrototype/DerivedDataCache/Compressed.ddp not found, will not use a pak cache.
[2015.12.14-02.58.14:071][  0]LogDerivedDataCache: Unable to find inner node CompressedPak for hierarchical cache Hierarchy.
[2015.12.14-02.58.14:220][  0]LogDerivedDataCache:Display: Pak cache opened for reading ../../../Engine/DerivedDataCache/Compressed.ddp.
[2015.12.14-02.58.14:232][  0]LogDerivedDataCache: Using Local data cache path C:/Users/Christopher/AppData/Local/UnrealEngine/Common/DerivedDataCache: Writable
[2015.12.14-02.58.14:428][  0]LogInit: Selected Device Profile: [Windows]
[2015.12.14-02.58.14:510][  0]ImportText (ComponentSweepMultiTests): Missing closing parenthesis: (RootShapeAsset="/Engine/BasicShapes/Cube.Cube",ShapeType="TriggerCapsule",HitResult=(Time=0.50,Location=(X=-100.000015,Y=0.0,Z=100.000015),ImpactPoint=(X=-50.0,Y=0.0,Z=50.0),Normal=(X=-1.0,Y=-0.0,Z=0.0),ImpactNormal=(X=0.0,Y=0.0,Z=1.0),TraceStart=(X=-200.0,Y=0.0,Z=200.0),TraceEnd=(X=0.0,Y=0.0,Z=0.0))
[2015.12.14-02.58.14:511][  0]ImportText (LineTraceSingleByChannelTests): Missing closing parenthesis: (RootShapeAsset="/Engine/BasicShapes/Cube.Cube",HitResult=(Time=0.50,Location=(X=-100.000015,Y=0.0,Z=100.000015),ImpactPoint=(X=-50.0,Y=0.0,Z=50.0),Normal=(X=-1.0,Y=-0.0,Z=0.0),ImpactNormal=(X=0.0,Y=0.0,Z=1.0),TraceStart=(X=-200.0,Y=0.0,Z=200.0),TraceEnd=(X=0.0,Y=0.0,Z=0.0))
[2015.12.14-02.58.14:542][  0]LogMeshUtilities: No automatic mesh reduction module available
[2015.12.14-02.58.14:542][  0]LogMeshUtilities: No automatic mesh merging module available
[2015.12.14-02.58.14:911][  0]LogInit: WinSock: version 1.1 (2.2), MaxSocks=32767, MaxUdp=65467
[2015.12.14-02.58.15:872][  0]UdpMessaging: Initializing bridge on interface 0.0.0.0:0 to multicast group 230.0.0.1:6666.
[2015.12.14-02.58.16:223][  0]SourceControl: Info Source control is disabled
[2015.12.14-02.58.16:231][  0]SourceControl: Info Source control is disabled
[2015.12.14-02.58.16:243][  0]SourceControl: Info Source control is disabled
[2015.12.14-02.58.16:255][  0]SourceControl: Info Source control is disabled
[2015.12.14-02.58.16:501][  0]LogObj: 26273 objects as part of root set at end of initial load.
[2015.12.14-02.58.16:501][  0]LogUObjectAllocator: 5409256 out of 0 bytes used by permanent object pool.
[2015.12.14-02.58.16:575][  0]LogEngine: Initializing Engine...
[2015.12.14-02.58.16:577][  0]LogHMD: Can't find Oculus library dev build: is proper Runtime installed? Version: 0.6.0.0
[2015.12.14-02.58.16:578][  0]LogHMD:Warning: SteamVR failed to initialize.  Error: 110
[2015.12.14-02.58.16:726][  0]LogAIModule: Creating AISystem for world NewWorld
[2015.12.14-02.58.16:730][  0]LogInit: XAudio2 using 'Speakers (Realtek High Definition Audio)' : 2 channels at 48 kHz using 32 bits per sample (channel mask 0x3)
[2015.12.14-02.58.16:738][  0]LogInit: FAudioDevice initialized.
[2015.12.14-02.58.16:765][  0]LogDerivedDataCache: Saved boot cache 0.03s 53MB C:/Users/Christopher/AppData/Local/UnrealEngine/4.8/DerivedDataCache/Boot.ddc.
[2015.12.14-02.58.16:770][  0]LogInit: Texture streaming: Disabled
[2015.12.14-02.58.16:798][  0]LogAnalytics: Creating configured Analytics provider AnalyticsET
[2015.12.14-02.58.16:798][  0]LogAnalytics: [UEEditor.Rocket.Release] APIServer = http://et2.epicgames.com/ET2/. AppVersion = 4.8.3-2634408+++depot+UE4-Releases+4.8
[2015.12.14-02.58.16:798][  0]LogAnalytics: [UEEditor.Rocket.Release] SetUserId ee8c485444fe82b8e773c5ac08d91953|2c1976e1aa9b48b0b119ac4e9eb64ec6|e685999b-cf46-4ff8-9f2e-f2a1072524f0
[2015.12.14-02.58.16:798][  0]LogAnalytics: [UEEditor.Rocket.Release] AnalyticsET::StartSession
[2015.12.14-02.58.16:858][  0]LogInit: Transaction tracking system initialized
[2015.12.14-02.58.17:011][  0]BlueprintLog: New page: Editor Load
[2015.12.14-02.58.17:049][  0]LogAssetRegistry: FAssetRegistry took 0.0106 seconds to start up
[2015.12.14-02.58.17:050][  0]LogDirectoryWatcher:Warning: Failed to begin reading directory changes for ../../../Engine/Plugins/Experimental/CharacterAI/Content/. Error: 0
[2015.12.14-02.58.17:992][  0]LogConsoleManager:Warning: Console variable 'r.VSync' wasn't set ('GameSetting' has a lower priority than 'SystemSettingsIni')
[2015.12.14-02.58.17:999][  0]LogConsoleResponse:Display: 
[2015.12.14-02.58.18:302][  0]LogCook:Display: Done creating registry. It took  0.00s.
[2015.12.14-02.58.18:548][  0]SourceControl: Info Source control is disabled
[2015.12.14-02.58.18:548][  0]Cmd: MAP LOAD FILE="../../../../../../Users/Christopher/Documents/GitHub/The-Curators/AlexPrototype/Content/Levels/MainMenu.umap" TEMPLATE=0 SHOWPROGRESS=1 FEATURELEVEL=3
[2015.12.14-02.58.18:548][  0]LightingResults: New page: Lighting Build
[2015.12.14-02.58.18:565][  0]MapCheck: New page: Map Check
[2015.12.14-02.58.18:565][  0]LightingResults: New page: Lighting Build
[2015.12.14-02.58.18:581][  0]LogParticles: Destroying 0 GPU particle simulations for FXSystem 0x0000027335ADC9A0
[2015.12.14-02.58.19:736][  0]LogWmfMedia:Error: Failed to create source object from URL for C:/Users/Justin's/Pictures/Curators/NewMenuAssets/Output/maxresdefault (1).mp4
[2015.12.14-02.58.22:062][  0]LogAIModule: Creating AISystem for world MainMenu
[2015.12.14-02.58.22:085][  0]LogEditorServer: Finished looking for orphan Actors (0.000 secs)
[2015.12.14-02.58.22:088][  0]Cmd: MAP CHECKDEP NOCLEARLOG
[2015.12.14-02.58.22:132][  0]MapCheck: Info Map check complete: 0 Error(s), 0 Warning(s), took 44.553ms to complete.
[2015.12.14-02.58.22:132][  0]LogFileHelpers: Loading map 'MainMenu' took 3.584
[2015.12.14-02.58.23:038][  0]LogCollectionManager: Loaded 0 collections in 0.003524 seconds
[2015.12.14-02.58.23:062][  0]LogContentBrowser: Native class hierarchy populated in 0.0108 seconds. Added 1792 classes and 301 folders.
[2015.12.14-02.58.23:517][  0]LogContentBrowser: Native class hierarchy updated for 'WidgetCarousel' in 0.0010 seconds. Added 0 classes and 0 folders.
[2015.12.14-02.58.24:256][  0]LogContentBrowser: Native class hierarchy updated for 'AddContentDialog' in 0.0007 seconds. Added 0 classes and 0 folders.
[2015.12.14-02.58.24:343][  0]LogContentBrowser: Native class hierarchy updated for 'SceneOutliner' in 0.0007 seconds. Added 1 classes and 2 folders.
[2015.12.14-02.58.25:029][  0]LogCrashTracker: Crashtracker disabled due to settings.
[2015.12.14-02.58.25:103][  0]LogD3D11RHI: InitD3DDevice
[2015.12.14-02.58.25:142][  0]LogUObjectGlobals:Warning: Failed to find object 'Class None.'
[2015.12.14-02.58.25:186][  0]LogLoad: Full Startup: 15.11 seconds (BP compile: 0.57 seconds)
[2015.12.14-02.58.25:810][  0]LogContentStreaming: Texture pool size is 0.000000MB
[2015.12.14-02.58.25:885][  0]LogContentStreaming: Texture pool size now 400 MB
[2015.12.14-02.58.26:626][  0]LogRenderer: Reallocating scene render targets to support 1008x456 (Frame:2).
[2015.12.14-02.58.26:846][  2]LogD3D11RHI: InitD3DDevice
[2015.12.14-02.58.28:283][ 23]LogAssetRegistry: Asset discovery search completed in 11.2443 seconds
[2015.12.14-02.58.30:067][108]LogD3D11RHI: InitD3DDevice
[2015.12.14-02.58.33:144][256]LogD3D11RHI: InitD3DDevice
[2015.12.14-02.58.33:220][256]LogD3D11RHI: InitD3DDevice
[2015.12.14-02.58.33:495][256]LogLinker:Warning: Asset '../../../Engine/Content/ArtTools/RenderToTexture/Macros/RenderToTextureMacros.uasset' has been saved with empty engine version. The asset will be loaded but may be incompatible.
[2015.12.14-02.58.33:720][256]LogLinker:Warning: Asset '../../../Engine/Content/ArtTools/RenderToTexture/Enums/RenderToTexture_Enum.uasset' has been saved with empty engine version. The asset will be loaded but may be incompatible.
[2015.12.14-03.00.34:899][  3]LogD3D11RHI: InitD3DDevice
[2015.12.14-03.00.46:695][  3]LogD3D11RHI: InitD3DDevice
[2015.12.14-03.00.51:945][  3]LogFactory: FactoryCreateBinary: StaticMesh with FbxFactory (0 0 C:\Users\Christopher\Desktop\FALL 2015\WORKSHOP 2\FixedRigged\erichV11.fbx)
[2015.12.14-03.00.52:117][  3]LogFbx: ItemName: GlobalSettings, ItemCount : 1
[2015.12.14-03.00.52:117][  3]LogFbx: ItemName: AnimationStack, ItemCount : 1
[2015.12.14-03.00.52:117][  3]LogFbx: ItemName: AnimationLayer, ItemCount : 1
[2015.12.14-03.00.52:117][  3]LogFbx: ItemName: Geometry, ItemCount : 1
[2015.12.14-03.00.52:117][  3]LogFbx: ItemName: Material, ItemCount : 18
[2015.12.14-03.00.52:117][  3]LogFbx: ItemName: Model, ItemCount : 55
[2015.12.14-03.00.52:117][  3]LogFbx: ItemName: NodeAttribute, ItemCount : 54
[2015.12.14-03.00.52:117][  3]LogFbx: ItemName: AnimationCurveNode, ItemCount : 108
[2015.12.14-03.00.52:117][  3]LogFbx: ItemName: Pose, ItemCount : 1
[2015.12.14-03.00.52:117][  3]LogFbx: ItemName: Deformer, ItemCount : 55
[2015.12.14-03.00.52:368][  3]LogD3D11RHI: InitD3DDevice
[2015.12.14-03.00.54:216][  3]LogFbx: Loading FBX Scene from C:\Users\Christopher\Desktop\FALL 2015\WORKSHOP 2\FixedRigged\erichV11.fbx
[2015.12.14-03.00.54:351][  3]LogFbx: FBX Scene Loaded Succesfully
[2015.12.14-03.00.54:367][  3]LogFbx: =================================================
[2015.12.14-03.00.54:367][  3]LogFbx: Dumping Node START [MainCharacter] 
[2015.12.14-03.00.54:367][  3]LogFbx: 	Total Deformer Count 960807296.
[2015.12.14-03.00.54:367][  3]LogFbx: 		[Node 1]  (Type Skin).
[2015.12.14-03.00.54:367][  3]LogFbx: =================================================
[2015.12.14-03.00.54:367][  3]LogFbx: 	Attribute () Type (4).
[2015.12.14-03.00.54:367][  3]LogFbx: 		[Node Attribute Child 1] MainCharacter (Type Mesh).
[2015.12.14-03.00.54:367][  3]LogFbx: Dumping Node END [MainCharacter]
[2015.12.14-03.00.54:367][  3]LogFbx: =================================================
[2015.12.14-03.00.54:367][  3]LogFbx: Dumping Node START [MainCharacter] 
[2015.12.14-03.00.54:367][  3]LogFbx: 	Total Deformer Count 960807296.
[2015.12.14-03.00.54:367][  3]LogFbx: 		[Node 1]  (Type Skin).
[2015.12.14-03.00.54:367][  3]LogFbx: =================================================
[2015.12.14-03.00.54:367][  3]LogFbx: 	Attribute () Type (4).
[2015.12.14-03.00.54:367][  3]LogFbx: 		[Node Attribute Child 1] MainCharacter (Type Mesh).
[2015.12.14-03.00.54:367][  3]LogFbx: Dumping Node END [MainCharacter]
[2015.12.14-03.00.54:385][  3]LogFbx:Warning: Not valid bind pose for Pose (skinCluster1) - Node MainCharacter : The relative matrices do not match
[2015.12.14-03.00.54:385][  3]LogFbx:Warning: Getting valid bind pose failed. Try to recreate bind pose
[2015.12.14-03.00.54:397][  3]LogFbx: Valid bind pose for Pose (FbxSDKBindPose) - MainCharacter
[2015.12.14-03.00.54:397][  3]LogFbx:Warning: Recreating bind pose succeeded.
[2015.12.14-03.00.54:465][  3]LogFbx: Triangulating skeletal mesh MainCharacter
[2015.12.14-03.00.57:772][  3]LogFbx:Warning: Bones digested - 54  Depth of hierarchy - 9
[2015.12.14-03.00.58:018][  3]LogSkeletalMesh: Chunk 0: 3 rigid vertices, 1001 soft vertices, 5 active bones
[2015.12.14-03.00.58:019][  3]LogSkeletalMesh: Chunk 1: 54 rigid vertices, 3571 soft vertices, 35 active bones
[2015.12.14-03.00.58:019][  3]LogSkeletalMesh: Chunk 2: 114 rigid vertices, 2250 soft vertices, 19 active bones
[2015.12.14-03.00.58:019][  3]LogSkeletalMesh: Chunk 3: 0 rigid vertices, 2197 soft vertices, 5 active bones
[2015.12.14-03.00.58:019][  3]LogSkeletalMesh: Chunk 4: 273 rigid vertices, 348 soft vertices, 5 active bones
[2015.12.14-03.00.58:019][  3]LogSkeletalMesh: Chunk 5: 97 rigid vertices, 592 soft vertices, 5 active bones
[2015.12.14-03.00.58:020][  3]LogSkeletalMesh: Chunk 6: 34 rigid vertices, 1489 soft vertices, 8 active bones
[2015.12.14-03.00.58:020][  3]LogSkeletalMesh: Chunk 7: 14 rigid vertices, 1220 soft vertices, 8 active bones
[2015.12.14-03.00.58:020][  3]LogSkeletalMesh: Chunk 8: 183 rigid vertices, 69 soft vertices, 6 active bones
[2015.12.14-03.00.58:020][  3]LogSkeletalMesh: Chunk 9: 321 rigid vertices, 386 soft vertices, 6 active bones
[2015.12.14-03.00.58:020][  3]LogSkeletalMesh: Chunk 10: 189 rigid vertices, 1169 soft vertices, 12 active bones
[2015.12.14-03.00.58:020][  3]LogSkeletalMesh: Chunk 11: 40 rigid vertices, 84 soft vertices, 5 active bones
[2015.12.14-03.00.58:021][  3]LogSkeletalMesh: Chunk 12: 10 rigid vertices, 1670 soft vertices, 12 active bones
[2015.12.14-03.00.58:021][  3]LogSkeletalMesh: Chunk 13: 0 rigid vertices, 140 soft vertices, 5 active bones
[2015.12.14-03.00.58:021][  3]LogSkeletalMesh: Chunk 14: 0 rigid vertices, 275 soft vertices, 6 active bones
[2015.12.14-03.00.58:021][  3]LogSkeletalMesh: Chunk 15: 0 rigid vertices, 31 soft vertices, 5 active bones
[2015.12.14-03.00.58:021][  3]LogSkeletalMesh: Chunk 16: 146 rigid vertices, 250 soft vertices, 5 active bones
[2015.12.14-03.00.58:021][  3]LogSkeletalMesh: Chunk 17: 6 rigid vertices, 72 soft vertices, 2 active bones
[2015.12.14-03.00.58:060][  3]LogSkeletalMesh: Section 0: Material=0, Chunk=0, 1080 triangles
[2015.12.14-03.00.58:060][  3]LogSkeletalMesh: Section 1: Material=1, Chunk=1, 3920 triangles
[2015.12.14-03.00.58:060][  3]LogSkeletalMesh: Section 2: Material=2, Chunk=2, 2759 triangles
[2015.12.14-03.00.58:060][  3]LogSkeletalMesh: Section 3: Material=3, Chunk=3, 2140 triangles
[2015.12.14-03.00.58:060][  3]LogSkeletalMesh: Section 4: Material=4, Chunk=4, 1020 triangles
[2015.12.14-03.00.58:060][  3]LogSkeletalMesh: Section 5: Material=5, Chunk=5, 606 triangles
[2015.12.14-03.00.58:060][  3]LogSkeletalMesh: Section 6: Material=6, Chunk=6, 1932 triangles
[2015.12.14-03.00.58:060][  3]LogSkeletalMesh: Section 7: Material=7, Chunk=7, 1600 triangles
[2015.12.14-03.00.58:060][  3]LogSkeletalMesh: Section 8: Material=8, Chunk=8, 320 triangles
[2015.12.14-03.00.58:060][  3]LogSkeletalMesh: Section 9: Material=9, Chunk=9, 1012 triangles
[2015.12.14-03.00.58:060][  3]LogSkeletalMesh: Section 10: Material=10, Chunk=10, 1114 triangles
[2015.12.14-03.00.58:060][  3]LogSkeletalMesh: Section 11: Material=11, Chunk=11, 162 triangles
[2015.12.14-03.00.58:060][  3]LogSkeletalMesh: Section 12: Material=12, Chunk=12, 1446 triangles
[2015.12.14-03.00.58:060][  3]LogSkeletalMesh: Section 13: Material=13, Chunk=13, 148 triangles
[2015.12.14-03.00.58:060][  3]LogSkeletalMesh: Section 14: Material=14, Chunk=14, 254 triangles
[2015.12.14-03.00.58:060][  3]LogSkeletalMesh: Section 15: Material=15, Chunk=15, 11 triangles
[2015.12.14-03.00.58:060][  3]LogSkeletalMesh: Section 16: Material=16, Chunk=16, 292 triangles
[2015.12.14-03.00.58:060][  3]LogSkeletalMesh: Section 17: Material=17, Chunk=17, 96 triangles
[2015.12.14-03.00.58:123][  3]LogFbx: =================================================
[2015.12.14-03.00.58:123][  3]LogFbx: Dumping Node START [MainCharacter] 
[2015.12.14-03.00.58:123][  3]LogFbx: 	Total Deformer Count 1052626752.
[2015.12.14-03.00.58:123][  3]LogFbx: 		[Node 1]  (Type Skin).
[2015.12.14-03.00.58:123][  3]LogFbx: =================================================
[2015.12.14-03.00.58:123][  3]LogFbx: 	Attribute () Type (4).
[2015.12.14-03.00.58:123][  3]LogFbx: 		[Node Attribute Child 1] MainCharacter (Type Mesh).
[2015.12.14-03.00.58:123][  3]LogFbx: Dumping Node END [MainCharacter]
[2015.12.14-03.00.58:124][  3]LogFbx: =================================================
[2015.12.14-03.00.58:124][  3]LogFbx: Dumping Node START [MainCharacter] 
[2015.12.14-03.00.58:124][  3]LogFbx: 	Total Deformer Count 1052626752.
[2015.12.14-03.00.58:124][  3]LogFbx: 		[Node 1]  (Type Skin).
[2015.12.14-03.00.58:124][  3]LogFbx: =================================================
[2015.12.14-03.00.58:124][  3]LogFbx: 	Attribute () Type (4).
[2015.12.14-03.00.58:124][  3]LogFbx: 		[Node Attribute Child 1] MainCharacter (Type Mesh).
[2015.12.14-03.00.58:124][  3]LogFbx: Dumping Node END [MainCharacter]
[2015.12.14-03.00.58:158][  3]LogFbx: SortedLinks :(0) Root_Hip_MainChar
[2015.12.14-03.00.58:158][  3]LogFbx: SortedLinks :(1) Back_MainChar
[2015.12.14-03.00.58:158][  3]LogFbx: SortedLinks :(2) MainShoulder_MainChar
[2015.12.14-03.00.58:158][  3]LogFbx: SortedLinks :(3) L_Shoulder_MainChar
[2015.12.14-03.00.58:158][  3]LogFbx: SortedLinks :(4) L_Elbow_MainChar
[2015.12.14-03.00.58:158][  3]LogFbx: SortedLinks :(5) L_Wrist_MainChar
[2015.12.14-03.00.58:158][  3]LogFbx: SortedLinks :(6) L_ThumbBase_MainChar
[2015.12.14-03.00.58:158][  3]LogFbx: SortedLinks :(7) L_ThumbMid_MainChar
[2015.12.14-03.00.58:158][  3]LogFbx: SortedLinks :(8) L_ThumbPoint_MainChar
[2015.12.14-03.00.58:158][  3]LogFbx: SortedLinks :(9) L_PointerBase_MainChar
[2015.12.14-03.00.58:158][  3]LogFbx: SortedLinks :(10) L_PointerMid_MainChar
[2015.12.14-03.00.58:158][  3]LogFbx: SortedLinks :(11) L_PointerPoint_MainChar
[2015.12.14-03.00.58:158][  3]LogFbx: SortedLinks :(12) L_MiddleBase_MainChar
[2015.12.14-03.00.58:158][  3]LogFbx: SortedLinks :(13) L_MiddleMid_MainChar
[2015.12.14-03.00.58:158][  3]LogFbx: SortedLinks :(14) L_MiddlePoint_MainChar
[2015.12.14-03.00.58:158][  3]LogFbx: SortedLinks :(15) L_RingBase_MainChar
[2015.12.14-03.00.58:158][  3]LogFbx: SortedLinks :(16) L_RingMid_MainChar
[2015.12.14-03.00.58:158][  3]LogFbx: SortedLinks :(17) L_RingPoint_MainChar
[2015.12.14-03.00.58:158][  3]LogFbx: SortedLinks :(18) L_PinkyBase_MainChar
[2015.12.14-03.00.58:159][  3]LogFbx: SortedLinks :(19) L_PinkyMid_MainChar
[2015.12.14-03.00.58:159][  3]LogFbx: SortedLinks :(20) L_PinkyPoint_MainChar
[2015.12.14-03.00.58:159][  3]LogFbx: SortedLinks :(21) R_Shoulder_MainChar
[2015.12.14-03.00.58:159][  3]LogFbx: SortedLinks :(22) R_Elbow_MainChar
[2015.12.14-03.00.58:159][  3]LogFbx: SortedLinks :(23) R_Wrist_MainChar
[2015.12.14-03.00.58:159][  3]LogFbx: SortedLinks :(24) R_ThumbBase_MainChar
[2015.12.14-03.00.58:159][  3]LogFbx: SortedLinks :(25) R_ThumbMid_MainChar
[2015.12.14-03.00.58:159][  3]LogFbx: SortedLinks :(26) R_ThumbPoint_MainChar
[2015.12.14-03.00.58:159][  3]LogFbx: SortedLinks :(27) R_PointerBase_MainChar
[2015.12.14-03.00.58:159][  3]LogFbx: SortedLinks :(28) R_PointerMid_MainChar
[2015.12.14-03.00.58:159][  3]LogFbx: SortedLinks :(29) R_PointerPoint_MainChar
[2015.12.14-03.00.58:159][  3]LogFbx: SortedLinks :(30) R_MiddleBase_MainChar
[2015.12.14-03.00.58:159][  3]LogFbx: SortedLinks :(31) R_MiddleMid_MainChar
[2015.12.14-03.00.58:159][  3]LogFbx: SortedLinks :(32) R_MiddlePoint_MainChar
[2015.12.14-03.00.58:159][  3]LogFbx: SortedLinks :(33) R_RingBase_MainChar
[2015.12.14-03.00.58:159][  3]LogFbx: SortedLinks :(34) R_RingMid_MainChar
[2015.12.14-03.00.58:159][  3]LogFbx: SortedLinks :(35) R_RingPoint_MainChar
[2015.12.14-03.00.58:159][  3]LogFbx: SortedLinks :(36) R_PinkyBase_MainChar
[2015.12.14-03.00.58:159][  3]LogFbx: SortedLinks :(37) R_PinkyMid_MainChar
[2015.12.14-03.00.58:159][  3]LogFbx: SortedLinks :(38) R_PinkyPoint_MainChar
[2015.12.14-03.00.58:159][  3]LogFbx: SortedLinks :(39) Neck_MainChar
[2015.12.14-03.00.58:159][  3]LogFbx: SortedLinks :(40) TopHead_MainChar
[2015.12.14-03.00.58:159][  3]LogFbx: SortedLinks :(41) HairBase_MainChar
[2015.12.14-03.00.58:159][  3]LogFbx: SortedLinks :(42) HairMid_MainChar
[2015.12.14-03.00.58:159][  3]LogFbx: SortedLinks :(43) HairPoint_MainChar
[2015.12.14-03.00.58:159][  3]LogFbx: SortedLinks :(44) L_TopLeg_MainChar
[2015.12.14-03.00.58:159][  3]LogFbx: SortedLinks :(45) L_Knee_MainChar
[2015.12.14-03.00.58:159][  3]LogFbx: SortedLinks :(46) L_Ankle_MainChar
[2015.12.14-03.00.58:159][  3]LogFbx: SortedLinks :(47) L_Heel_MainChar
[2015.12.14-03.00.58:159][  3]LogFbx: SortedLinks :(48) L_Foot_MainChar
[2015.12.14-03.00.58:159][  3]LogFbx: SortedLinks :(49) R_TopLeg_MainChar
[2015.12.14-03.00.58:159][  3]LogFbx: SortedLinks :(50) R_Knee_MainChar
[2015.12.14-03.00.58:159][  3]LogFbx: SortedLinks :(51) R_Ankle_MainChar
[2015.12.14-03.00.58:159][  3]LogFbx: SortedLinks :(52) R_Heel_MainChar
[2015.12.14-03.00.58:159][  3]LogFbx: SortedLinks :(53) R_Foot_MainChar
[2015.12.14-03.00.58:169][  3]LogFbx: Parsing AnimStack Take 001
[2015.12.14-03.01.18:505][916]LogD3D11RHI: InitD3DDevice
[2015.12.14-03.01.19:166][916]LogD3D11RHI: InitD3DDevice
[2015.12.14-03.01.19:911][916]LogSkeletalMesh: InitArticulated: Bodies already created (/Engine/Transient.DebugSkelMeshComponent_0) - call TermArticulated first.
[2015.12.14-03.01.20:547][916]LogLinker:Warning: Asset '../../../Engine/Content/Tutorial/SubEditors/PersonaAnimEditorTutorial.uasset' has been saved with empty engine version. The asset will be loaded but may be incompatible.
[2015.12.14-03.01.20:945][916]LogContentBrowser:Verbose: The majority of assets in the view are of type: AnimSequence
[2015.12.14-03.02.39:875][438]LogD3D11RHI: InitD3DDevice
[2015.12.14-03.02.39:898][438]LogD3D11RHI: InitD3DDevice
[2015.12.14-03.02.42:523][438]LogFactory: FactoryCreateBinary: StaticMesh with FbxFactory (0 0 C:\Users\Christopher\Desktop\FALL 2015\WORKSHOP 2\erichV11.fbx)
[2015.12.14-03.02.42:542][438]LogFbx: ItemName: GlobalSettings, ItemCount : 1
[2015.12.14-03.02.42:542][438]LogFbx: ItemName: AnimationStack, ItemCount : 1
[2015.12.14-03.02.42:542][438]LogFbx: ItemName: AnimationLayer, ItemCount : 1
[2015.12.14-03.02.42:542][438]LogFbx: ItemName: Geometry, ItemCount : 1
[2015.12.14-03.02.42:542][438]LogFbx: ItemName: Material, ItemCount : 18
[2015.12.14-03.02.42:542][438]LogFbx: ItemName: Model, ItemCount : 55
[2015.12.14-03.02.42:542][438]LogFbx: ItemName: NodeAttribute, ItemCount : 54
[2015.12.14-03.02.42:542][438]LogFbx: ItemName: AnimationCurveNode, ItemCount : 108
[2015.12.14-03.02.42:542][438]LogFbx: ItemName: Pose, ItemCount : 1
[2015.12.14-03.02.42:542][438]LogFbx: ItemName: Deformer, ItemCount : 55
[2015.12.14-03.02.42:554][438]LogD3D11RHI: InitD3DDevice
[2015.12.14-03.02.44:076][438]LogFbx: Loading FBX Scene from C:\Users\Christopher\Desktop\FALL 2015\WORKSHOP 2\erichV11.fbx
[2015.12.14-03.02.44:127][438]LogFbx: FBX Scene Loaded Succesfully
[2015.12.14-03.02.44:134][438]LogFbx: =================================================
[2015.12.14-03.02.44:134][438]LogFbx: Dumping Node START [MainCharacter] 
[2015.12.14-03.02.44:134][438]LogFbx: 	Total Deformer Count 1401082944.
[2015.12.14-03.02.44:134][438]LogFbx: 		[Node 1]  (Type Skin).
[2015.12.14-03.02.44:134][438]LogFbx: =================================================
[2015.12.14-03.02.44:134][438]LogFbx: 	Attribute () Type (4).
[2015.12.14-03.02.44:134][438]LogFbx: 		[Node Attribute Child 1] MainCharacter (Type Mesh).
[2015.12.14-03.02.44:134][438]LogFbx: Dumping Node END [MainCharacter]
[2015.12.14-03.02.44:135][438]LogFbx: =================================================
[2015.12.14-03.02.44:135][438]LogFbx: Dumping Node START [MainCharacter] 
[2015.12.14-03.02.44:135][438]LogFbx: 	Total Deformer Count 1401082944.
[2015.12.14-03.02.44:135][438]LogFbx: 		[Node 1]  (Type Skin).
[2015.12.14-03.02.44:135][438]LogFbx: =================================================
[2015.12.14-03.02.44:135][438]LogFbx: 	Attribute () Type (4).
[2015.12.14-03.02.44:135][438]LogFbx: 		[Node Attribute Child 1] MainCharacter (Type Mesh).
[2015.12.14-03.02.44:135][438]LogFbx: Dumping Node END [MainCharacter]
[2015.12.14-03.02.44:139][438]LogFbx:Warning: Not valid bind pose for Pose (skinCluster1) - Node MainCharacter : The relative matrices do not match
[2015.12.14-03.02.44:139][438]LogFbx:Warning: Getting valid bind pose failed. Try to recreate bind pose
[2015.12.14-03.02.44:139][438]LogFbx: Valid bind pose for Pose (FbxSDKBindPose) - MainCharacter
[2015.12.14-03.02.44:139][438]LogFbx:Warning: Recreating bind pose succeeded.
[2015.12.14-03.02.44:141][438]LogLinker:Warning: Can't find file '/Game/Art/AlphaModels/AlphaModels/Avator/erichV11/Glasses_RightGadget_Material1'
[2015.12.14-03.02.44:141][438]LogLinker:Warning: Can't find file '/Game/Art/AlphaModels/AlphaModels/Avator/erichV11/Glasses_RightGadget_Material1'
[2015.12.14-03.02.44:142][438]LogLinker:Warning: Can't find file '/Game/Art/AlphaModels/AlphaModels/Avator/erichV11/Glasses_RightGadget_Material1'
[2015.12.14-03.02.44:142][438]LogUObjectGlobals:Warning: Failed to find object 'MaterialInterface /Game/Art/AlphaModels/AlphaModels/Avator/erichV11/Glasses_RightGadget_Material1.Glasses_RightGadget_Material1'
[2015.12.14-03.02.44:331][438]LogMaterial: Missing cached shader map for material Glasses_RightGadget_Material1, compiling. 
[2015.12.14-03.02.44:441][438]LogLinker:Warning: Can't find file '/Game/Art/AlphaModels/AlphaModels/Avator/erichV11/HandSkin_Material1'
[2015.12.14-03.02.44:441][438]LogLinker:Warning: Can't find file '/Game/Art/AlphaModels/AlphaModels/Avator/erichV11/HandSkin_Material1'
[2015.12.14-03.02.44:441][438]LogLinker:Warning: Can't find file '/Game/Art/AlphaModels/AlphaModels/Avator/erichV11/HandSkin_Material1'
[2015.12.14-03.02.44:441][438]LogUObjectGlobals:Warning: Failed to find object 'MaterialInterface /Game/Art/AlphaModels/AlphaModels/Avator/erichV11/HandSkin_Material1.HandSkin_Material1'
[2015.12.14-03.02.44:482][438]LogMaterial: Missing cached shader map for material HandSkin_Material1, compiling. 
[2015.12.14-03.02.44:490][438]LogLinker:Warning: Can't find file '/Game/Art/AlphaModels/AlphaModels/Avator/erichV11/OuterShirt_Material1'
[2015.12.14-03.02.44:490][438]LogLinker:Warning: Can't find file '/Game/Art/AlphaModels/AlphaModels/Avator/erichV11/OuterShirt_Material1'
[2015.12.14-03.02.44:490][438]LogLinker:Warning: Can't find file '/Game/Art/AlphaModels/AlphaModels/Avator/erichV11/OuterShirt_Material1'
[2015.12.14-03.02.44:490][438]LogUObjectGlobals:Warning: Failed to find object 'MaterialInterface /Game/Art/AlphaModels/AlphaModels/Avator/erichV11/OuterShirt_Material1.OuterShirt_Material1'
[2015.12.14-03.02.44:534][438]LogMaterial: Missing cached shader map for material OuterShirt_Material1, compiling. 
[2015.12.14-03.02.44:547][438]LogLinker:Warning: Can't find file '/Game/Art/AlphaModels/AlphaModels/Avator/erichV11/ArmBraceRight_Material1'
[2015.12.14-03.02.44:547][438]LogLinker:Warning: Can't find file '/Game/Art/AlphaModels/AlphaModels/Avator/erichV11/ArmBraceRight_Material1'
[2015.12.14-03.02.44:547][438]LogLinker:Warning: Can't find file '/Game/Art/AlphaModels/AlphaModels/Avator/erichV11/ArmBraceRight_Material1'
[2015.12.14-03.02.44:548][438]LogUObjectGlobals:Warning: Failed to find object 'MaterialInterface /Game/Art/AlphaModels/AlphaModels/Avator/erichV11/ArmBraceRight_Material1.ArmBraceRight_Material1'
[2015.12.14-03.02.44:565][438]LogMaterial: Missing cached shader map for material ArmBraceRight_Material1, compiling. 
[2015.12.14-03.02.44:577][438]LogLinker:Warning: Can't find file '/Game/Art/AlphaModels/AlphaModels/Avator/erichV11/MouthMask_Material1'
[2015.12.14-03.02.44:578][438]LogLinker:Warning: Can't find file '/Game/Art/AlphaModels/AlphaModels/Avator/erichV11/MouthMask_Material1'
[2015.12.14-03.02.44:578][438]LogLinker:Warning: Can't find file '/Game/Art/AlphaModels/AlphaModels/Avator/erichV11/MouthMask_Material1'
[2015.12.14-03.02.44:578][438]LogUObjectGlobals:Warning: Failed to find object 'MaterialInterface /Game/Art/AlphaModels/AlphaModels/Avator/erichV11/MouthMask_Material1.MouthMask_Material1'
[2015.12.14-03.02.44:730][438]LogMaterial: Missing cached shader map for material MouthMask_Material1, compiling. 
[2015.12.14-03.02.44:746][438]LogLinker:Warning: Can't find file '/Game/Art/AlphaModels/AlphaModels/Avator/erichV11/GlassesRim_Material1'
[2015.12.14-03.02.44:746][438]LogLinker:Warning: Can't find file '/Game/Art/AlphaModels/AlphaModels/Avator/erichV11/GlassesRim_Material1'
[2015.12.14-03.02.44:747][438]LogLinker:Warning: Can't find file '/Game/Art/AlphaModels/AlphaModels/Avator/erichV11/GlassesRim_Material1'
[2015.12.14-03.02.44:747][438]LogUObjectGlobals:Warning: Failed to find object 'MaterialInterface /Game/Art/AlphaModels/AlphaModels/Avator/erichV11/GlassesRim_Material1.GlassesRim_Material1'
[2015.12.14-03.02.44:763][438]LogMaterial: Missing cached shader map for material GlassesRim_Material1, compiling. 
[2015.12.14-03.02.44:774][438]LogLinker:Warning: Can't find file '/Game/Art/AlphaModels/AlphaModels/Avator/erichV11/LongPants_Material1'
[2015.12.14-03.02.44:775][438]LogLinker:Warning: Can't find file '/Game/Art/AlphaModels/AlphaModels/Avator/erichV11/LongPants_Material1'
[2015.12.14-03.02.44:775][438]LogLinker:Warning: Can't find file '/Game/Art/AlphaModels/AlphaModels/Avator/erichV11/LongPants_Material1'
[2015.12.14-03.02.44:775][438]LogUObjectGlobals:Warning: Failed to find object 'MaterialInterface /Game/Art/AlphaModels/AlphaModels/Avator/erichV11/LongPants_Material1.LongPants_Material1'
[2015.12.14-03.02.44:858][438]LogMaterial: Missing cached shader map for material LongPants_Material1, compiling. 
[2015.12.14-03.02.44:866][438]LogLinker:Warning: Can't find file '/Game/Art/AlphaModels/AlphaModels/Avator/erichV11/Shoes_Material1'
[2015.12.14-03.02.44:866][438]LogLinker:Warning: Can't find file '/Game/Art/AlphaModels/AlphaModels/Avator/erichV11/Shoes_Material1'
[2015.12.14-03.02.44:867][438]LogLinker:Warning: Can't find file '/Game/Art/AlphaModels/AlphaModels/Avator/erichV11/Shoes_Material1'
[2015.12.14-03.02.44:867][438]LogUObjectGlobals:Warning: Failed to find object 'MaterialInterface /Game/Art/AlphaModels/AlphaModels/Avator/erichV11/Shoes_Material1.Shoes_Material1'
[2015.12.14-03.02.44:897][438]LogMaterial: Missing cached shader map for material Shoes_Material1, compiling. 
[2015.12.14-03.02.44:907][438]LogLinker:Warning: Can't find file '/Game/Art/AlphaModels/AlphaModels/Avator/erichV11/LegsSkin_Material1'
[2015.12.14-03.02.44:908][438]LogLinker:Warning: Can't find file '/Game/Art/AlphaModels/AlphaModels/Avator/erichV11/LegsSkin_Material1'
[2015.12.14-03.02.44:908][438]LogLinker:Warning: Can't find file '/Game/Art/AlphaModels/AlphaModels/Avator/erichV11/LegsSkin_Material1'
[2015.12.14-03.02.44:908][438]LogUObjectGlobals:Warning: Failed to find object 'MaterialInterface /Game/Art/AlphaModels/AlphaModels/Avator/erichV11/LegsSkin_Material1.LegsSkin_Material1'
[2015.12.14-03.02.44:934][438]LogMaterial: Missing cached shader map for material LegsSkin_Material1, compiling. 
[2015.12.14-03.02.44:953][438]LogLinker:Warning: Can't find file '/Game/Art/AlphaModels/AlphaModels/Avator/erichV11/Hat_Material1'
[2015.12.14-03.02.44:953][438]LogLinker:Warning: Can't find file '/Game/Art/AlphaModels/AlphaModels/Avator/erichV11/Hat_Material1'
[2015.12.14-03.02.44:954][438]LogLinker:Warning: Can't find file '/Game/Art/AlphaModels/AlphaModels/Avator/erichV11/Hat_Material1'
[2015.12.14-03.02.44:954][438]LogUObjectGlobals:Warning: Failed to find object 'MaterialInterface /Game/Art/AlphaModels/AlphaModels/Avator/erichV11/Hat_Material1.Hat_Material1'
[2015.12.14-03.02.45:001][438]LogMaterial: Missing cached shader map for material Hat_Material1, compiling. 
[2015.12.14-03.02.45:014][438]LogLinker:Warning: Can't find file '/Game/Art/AlphaModels/AlphaModels/Avator/erichV11/Hair_Material1'
[2015.12.14-03.02.45:015][438]LogLinker:Warning: Can't find file '/Game/Art/AlphaModels/AlphaModels/Avator/erichV11/Hair_Material1'
[2015.12.14-03.02.45:015][438]LogLinker:Warning: Can't find file '/Game/Art/AlphaModels/AlphaModels/Avator/erichV11/Hair_Material1'
[2015.12.14-03.02.45:015][438]LogUObjectGlobals:Warning: Failed to find object 'MaterialInterface /Game/Art/AlphaModels/AlphaModels/Avator/erichV11/Hair_Material1.Hair_Material1'
[2015.12.14-03.02.45:044][438]LogMaterial: Missing cached shader map for material Hair_Material1, compiling. 
[2015.12.14-03.02.45:055][438]LogLinker:Warning: Can't find file '/Game/Art/AlphaModels/AlphaModels/Avator/erichV11/VNeckInsideShirt_Material1'
[2015.12.14-03.02.45:055][438]LogLinker:Warning: Can't find file '/Game/Art/AlphaModels/AlphaModels/Avator/erichV11/VNeckInsideShirt_Material1'
[2015.12.14-03.02.45:055][438]LogLinker:Warning: Can't find file '/Game/Art/AlphaModels/AlphaModels/Avator/erichV11/VNeckInsideShirt_Material1'
[2015.12.14-03.02.45:055][438]LogUObjectGlobals:Warning: Failed to find object 'MaterialInterface /Game/Art/AlphaModels/AlphaModels/Avator/erichV11/VNeckInsideShirt_Material1.VNeckInsideShirt_Material1'
[2015.12.14-03.02.45:074][438]LogMaterial: Missing cached shader map for material VNeckInsideShirt_Material1, compiling. 
[2015.12.14-03.02.45:082][438]LogLinker:Warning: Can't find file '/Game/Art/AlphaModels/AlphaModels/Avator/erichV11/ShirtStraps_Material1'
[2015.12.14-03.02.45:082][438]LogLinker:Warning: Can't find file '/Game/Art/AlphaModels/AlphaModels/Avator/erichV11/ShirtStraps_Material1'
[2015.12.14-03.02.45:082][438]LogLinker:Warning: Can't find file '/Game/Art/AlphaModels/AlphaModels/Avator/erichV11/ShirtStraps_Material1'
[2015.12.14-03.02.45:082][438]LogUObjectGlobals:Warning: Failed to find object 'MaterialInterface /Game/Art/AlphaModels/AlphaModels/Avator/erichV11/ShirtStraps_Material1.ShirtStraps_Material1'
[2015.12.14-03.02.45:170][438]LogMaterial: Missing cached shader map for material ShirtStraps_Material1, compiling. 
[2015.12.14-03.02.45:182][438]LogLinker:Warning: Can't find file '/Game/Art/AlphaModels/AlphaModels/Avator/erichV11/ForheadSkin_Material1'
[2015.12.14-03.02.45:182][438]LogLinker:Warning: Can't find file '/Game/Art/AlphaModels/AlphaModels/Avator/erichV11/ForheadSkin_Material1'
[2015.12.14-03.02.45:182][438]LogLinker:Warning: Can't find file '/Game/Art/AlphaModels/AlphaModels/Avator/erichV11/ForheadSkin_Material1'
[2015.12.14-03.02.45:182][438]LogUObjectGlobals:Warning: Failed to find object 'MaterialInterface /Game/Art/AlphaModels/AlphaModels/Avator/erichV11/ForheadSkin_Material1.ForheadSkin_Material1'
[2015.12.14-03.02.45:203][438]LogMaterial: Missing cached shader map for material ForheadSkin_Material1, compiling. 
[2015.12.14-03.02.45:217][438]LogLinker:Warning: Can't find file '/Game/Art/AlphaModels/AlphaModels/Avator/erichV11/Belts_Material1'
[2015.12.14-03.02.45:217][438]LogLinker:Warning: Can't find file '/Game/Art/AlphaModels/AlphaModels/Avator/erichV11/Belts_Material1'
[2015.12.14-03.02.45:217][438]LogLinker:Warning: Can't find file '/Game/Art/AlphaModels/AlphaModels/Avator/erichV11/Belts_Material1'
[2015.12.14-03.02.45:217][438]LogUObjectGlobals:Warning: Failed to find object 'MaterialInterface /Game/Art/AlphaModels/AlphaModels/Avator/erichV11/Belts_Material1.Belts_Material1'
[2015.12.14-03.02.45:245][438]LogMaterial: Missing cached shader map for material Belts_Material1, compiling. 
[2015.12.14-03.02.45:255][438]LogLinker:Warning: Can't find file '/Game/Art/AlphaModels/AlphaModels/Avator/erichV11/lambert11'
[2015.12.14-03.02.45:255][438]LogLinker:Warning: Can't find file '/Game/Art/AlphaModels/AlphaModels/Avator/erichV11/lambert11'
[2015.12.14-03.02.45:255][438]LogLinker:Warning: Can't find file '/Game/Art/AlphaModels/AlphaModels/Avator/erichV11/lambert11'
[2015.12.14-03.02.45:255][438]LogUObjectGlobals:Warning: Failed to find object 'MaterialInterface /Game/Art/AlphaModels/AlphaModels/Avator/erichV11/lambert11.lambert11'
[2015.12.14-03.02.45:312][438]LogMaterial: Missing cached shader map for material lambert11, compiling. 
[2015.12.14-03.02.45:325][438]LogLinker:Warning: Can't find file '/Game/Art/AlphaModels/AlphaModels/Avator/erichV11/Glasses_LeftGadget_Material1'
[2015.12.14-03.02.45:326][438]LogLinker:Warning: Can't find file '/Game/Art/AlphaModels/AlphaModels/Avator/erichV11/Glasses_LeftGadget_Material1'
[2015.12.14-03.02.45:326][438]LogLinker:Warning: Can't find file '/Game/Art/AlphaModels/AlphaModels/Avator/erichV11/Glasses_LeftGadget_Material1'
[2015.12.14-03.02.45:326][438]LogUObjectGlobals:Warning: Failed to find object 'MaterialInterface /Game/Art/AlphaModels/AlphaModels/Avator/erichV11/Glasses_LeftGadget_Material1.Glasses_LeftGadget_Material1'
[2015.12.14-03.02.45:346][438]LogMaterial: Missing cached shader map for material Glasses_LeftGadget_Material1, compiling. 
[2015.12.14-03.02.45:355][438]LogLinker:Warning: Can't find file '/Game/Art/AlphaModels/AlphaModels/Avator/erichV11/GlassesLens_Material1'
[2015.12.14-03.02.45:355][438]LogLinker:Warning: Can't find file '/Game/Art/AlphaModels/AlphaModels/Avator/erichV11/GlassesLens_Material1'
[2015.12.14-03.02.45:356][438]LogLinker:Warning: Can't find file '/Game/Art/AlphaModels/AlphaModels/Avator/erichV11/GlassesLens_Material1'
[2015.12.14-03.02.45:356][438]LogUObjectGlobals:Warning: Failed to find object 'MaterialInterface /Game/Art/AlphaModels/AlphaModels/Avator/erichV11/GlassesLens_Material1.GlassesLens_Material1'
[2015.12.14-03.02.45:393][438]LogMaterial: Missing cached shader map for material GlassesLens_Material1, compiling. 
[2015.12.14-03.02.45:456][438]LogFbx: Triangulating skeletal mesh MainCharacter
[2015.12.14-03.02.52:845][438]LogFbx:Warning: Bones digested - 54  Depth of hierarchy - 9
[2015.12.14-03.02.53:215][438]LogSkeletalMesh: Chunk 0: 5 rigid vertices, 992 soft vertices, 5 active bones
[2015.12.14-03.02.53:217][438]LogSkeletalMesh: Chunk 1: 98 rigid vertices, 3688 soft vertices, 35 active bones
[2015.12.14-03.02.53:218][438]LogSkeletalMesh: Chunk 2: 114 rigid vertices, 2251 soft vertices, 19 active bones
[2015.12.14-03.02.53:218][438]LogSkeletalMesh: Chunk 3: 0 rigid vertices, 2193 soft vertices, 5 active bones
[2015.12.14-03.02.53:218][438]LogSkeletalMesh: Chunk 4: 274 rigid vertices, 347 soft vertices, 5 active bones
[2015.12.14-03.02.53:218][438]LogSkeletalMesh: Chunk 5: 96 rigid vertices, 591 soft vertices, 5 active bones
[2015.12.14-03.02.53:219][438]LogSkeletalMesh: Chunk 6: 34 rigid vertices, 1489 soft vertices, 8 active bones
[2015.12.14-03.02.53:219][438]LogSkeletalMesh: Chunk 7: 16 rigid vertices, 1218 soft vertices, 8 active bones
[2015.12.14-03.02.53:219][438]LogSkeletalMesh: Chunk 8: 184 rigid vertices, 68 soft vertices, 6 active bones
[2015.12.14-03.02.53:220][438]LogSkeletalMesh: Chunk 9: 322 rigid vertices, 357 soft vertices, 6 active bones
[2015.12.14-03.02.53:220][438]LogSkeletalMesh: Chunk 10: 203 rigid vertices, 1036 soft vertices, 12 active bones
[2015.12.14-03.02.53:220][438]LogSkeletalMesh: Chunk 11: 40 rigid vertices, 84 soft vertices, 5 active bones
[2015.12.14-03.02.53:220][438]LogSkeletalMesh: Chunk 12: 10 rigid vertices, 1671 soft vertices, 12 active bones
[2015.12.14-03.02.53:220][438]LogSkeletalMesh: Chunk 13: 0 rigid vertices, 140 soft vertices, 2 active bones
[2015.12.14-03.02.53:220][438]LogSkeletalMesh: Chunk 14: 0 rigid vertices, 275 soft vertices, 6 active bones
[2015.12.14-03.02.53:221][438]LogSkeletalMesh: Chunk 15: 0 rigid vertices, 31 soft vertices, 5 active bones
[2015.12.14-03.02.53:221][438]LogSkeletalMesh: Chunk 16: 142 rigid vertices, 252 soft vertices, 5 active bones
[2015.12.14-03.02.53:221][438]LogSkeletalMesh: Chunk 17: 5 rigid vertices, 73 soft vertices, 2 active bones
[2015.12.14-03.02.53:283][438]LogSkeletalMesh: Section 0: Material=0, Chunk=0, 1080 triangles
[2015.12.14-03.02.53:283][438]LogSkeletalMesh: Section 1: Material=1, Chunk=1, 3920 triangles
[2015.12.14-03.02.53:283][438]LogSkeletalMesh: Section 2: Material=2, Chunk=2, 2759 triangles
[2015.12.14-03.02.53:283][438]LogSkeletalMesh: Section 3: Material=3, Chunk=3, 2140 triangles
[2015.12.14-03.02.53:283][438]LogSkeletalMesh: Section 4: Material=4, Chunk=4, 1020 triangles
[2015.12.14-03.02.53:283][438]LogSkeletalMesh: Section 5: Material=5, Chunk=5, 606 triangles
[2015.12.14-03.02.53:283][438]LogSkeletalMesh: Section 6: Material=6, Chunk=6, 1932 triangles
[2015.12.14-03.02.53:283][438]LogSkeletalMesh: Section 7: Material=7, Chunk=7, 1600 triangles
[2015.12.14-03.02.53:283][438]LogSkeletalMesh: Section 8: Material=8, Chunk=8, 320 triangles
[2015.12.14-03.02.53:283][438]LogSkeletalMesh: Section 9: Material=9, Chunk=9, 1012 triangles
[2015.12.14-03.02.53:283][438]LogSkeletalMesh: Section 10: Material=10, Chunk=10, 1114 triangles
[2015.12.14-03.02.53:283][438]LogSkeletalMesh: Section 11: Material=11, Chunk=11, 162 triangles
[2015.12.14-03.02.53:283][438]LogSkeletalMesh: Section 12: Material=12, Chunk=12, 1446 triangles
[2015.12.14-03.02.53:283][438]LogSkeletalMesh: Section 13: Material=13, Chunk=13, 148 triangles
[2015.12.14-03.02.53:283][438]LogSkeletalMesh: Section 14: Material=14, Chunk=14, 254 triangles
[2015.12.14-03.02.53:283][438]LogSkeletalMesh: Section 15: Material=15, Chunk=15, 11 triangles
[2015.12.14-03.02.53:283][438]LogSkeletalMesh: Section 16: Material=16, Chunk=16, 292 triangles
[2015.12.14-03.02.53:283][438]LogSkeletalMesh: Section 17: Material=17, Chunk=17, 96 triangles
[2015.12.14-03.02.53:293][438]LogFbx: =================================================
[2015.12.14-03.02.53:293][438]LogFbx: Dumping Node START [MainCharacter] 
[2015.12.14-03.02.53:293][438]LogFbx: 	Total Deformer Count 1388838832.
[2015.12.14-03.02.53:293][438]LogFbx: 		[Node 1]  (Type Skin).
[2015.12.14-03.02.53:293][438]LogFbx: =================================================
[2015.12.14-03.02.53:293][438]LogFbx: 	Attribute () Type (4).
[2015.12.14-03.02.53:293][438]LogFbx: 		[Node Attribute Child 1] MainCharacter (Type Mesh).
[2015.12.14-03.02.53:293][438]LogFbx: Dumping Node END [MainCharacter]
[2015.12.14-03.02.53:293][438]LogFbx: =================================================
[2015.12.14-03.02.53:293][438]LogFbx: Dumping Node START [MainCharacter] 
[2015.12.14-03.02.53:293][438]LogFbx: 	Total Deformer Count 1388838832.
[2015.12.14-03.02.53:293][438]LogFbx: 		[Node 1]  (Type Skin).
[2015.12.14-03.02.53:293][438]LogFbx: =================================================
[2015.12.14-03.02.53:293][438]LogFbx: 	Attribute () Type (4).
[2015.12.14-03.02.53:293][438]LogFbx: 		[Node Attribute Child 1] MainCharacter (Type Mesh).
[2015.12.14-03.02.53:293][438]LogFbx: Dumping Node END [MainCharacter]
[2015.12.14-03.02.53:295][438]LogFbx: SortedLinks :(0) Root_Hip_MainChar
[2015.12.14-03.02.53:295][438]LogFbx: SortedLinks :(1) Back_MainChar
[2015.12.14-03.02.53:295][438]LogFbx: SortedLinks :(2) MainShoulder_MainChar
[2015.12.14-03.02.53:295][438]LogFbx: SortedLinks :(3) L_Shoulder_MainChar
[2015.12.14-03.02.53:295][438]LogFbx: SortedLinks :(4) L_Elbow_MainChar
[2015.12.14-03.02.53:295][438]LogFbx: SortedLinks :(5) L_Wrist_MainChar
[2015.12.14-03.02.53:295][438]LogFbx: SortedLinks :(6) L_ThumbBase_MainChar
[2015.12.14-03.02.53:295][438]LogFbx: SortedLinks :(7) L_ThumbMid_MainChar
[2015.12.14-03.02.53:295][438]LogFbx: SortedLinks :(8) L_ThumbPoint_MainChar
[2015.12.14-03.02.53:295][438]LogFbx: SortedLinks :(9) L_PointerBase_MainChar
[2015.12.14-03.02.53:295][438]LogFbx: SortedLinks :(10) L_PointerMid_MainChar
[2015.12.14-03.02.53:295][438]LogFbx: SortedLinks :(11) L_PointerPoint_MainChar
[2015.12.14-03.02.53:295][438]LogFbx: SortedLinks :(12) L_MiddleBase_MainChar
[2015.12.14-03.02.53:295][438]LogFbx: SortedLinks :(13) L_MiddleMid_MainChar
[2015.12.14-03.02.53:295][438]LogFbx: SortedLinks :(14) L_MiddlePoint_MainChar
[2015.12.14-03.02.53:295][438]LogFbx: SortedLinks :(15) L_RingBase_MainChar
[2015.12.14-03.02.53:295][438]LogFbx: SortedLinks :(16) L_RingMid_MainChar
[2015.12.14-03.02.53:295][438]LogFbx: SortedLinks :(17) L_RingPoint_MainChar
[2015.12.14-03.02.53:295][438]LogFbx: SortedLinks :(18) L_PinkyBase_MainChar
[2015.12.14-03.02.53:295][438]LogFbx: SortedLinks :(19) L_PinkyMid_MainChar
[2015.12.14-03.02.53:295][438]LogFbx: SortedLinks :(20) L_PinkyPoint_MainChar
[2015.12.14-03.02.53:295][438]LogFbx: SortedLinks :(21) R_Shoulder_MainChar
[2015.12.14-03.02.53:295][438]LogFbx: SortedLinks :(22) R_Elbow_MainChar
[2015.12.14-03.02.53:295][438]LogFbx: SortedLinks :(23) R_Wrist_MainChar
[2015.12.14-03.02.53:295][438]LogFbx: SortedLinks :(24) R_ThumbBase_MainChar
[2015.12.14-03.02.53:295][438]LogFbx: SortedLinks :(25) R_ThumbMid_MainChar
[2015.12.14-03.02.53:295][438]LogFbx: SortedLinks :(26) R_ThumbPoint_MainChar
[2015.12.14-03.02.53:295][438]LogFbx: SortedLinks :(27) R_PointerBase_MainChar
[2015.12.14-03.02.53:295][438]LogFbx: SortedLinks :(28) R_PointerMid_MainChar
[2015.12.14-03.02.53:295][438]LogFbx: SortedLinks :(29) R_PointerPoint_MainChar
[2015.12.14-03.02.53:295][438]LogFbx: SortedLinks :(30) R_MiddleBase_MainChar
[2015.12.14-03.02.53:295][438]LogFbx: SortedLinks :(31) R_MiddleMid_MainChar
[2015.12.14-03.02.53:295][438]LogFbx: SortedLinks :(32) R_MiddlePoint_MainChar
[2015.12.14-03.02.53:295][438]LogFbx: SortedLinks :(33) R_RingBase_MainChar
[2015.12.14-03.02.53:295][438]LogFbx: SortedLinks :(34) R_RingMid_MainChar
[2015.12.14-03.02.53:295][438]LogFbx: SortedLinks :(35) R_RingPoint_MainChar
[2015.12.14-03.02.53:295][438]LogFbx: SortedLinks :(36) R_PinkyBase_MainChar
[2015.12.14-03.02.53:295][438]LogFbx: SortedLinks :(37) R_PinkyMid_MainChar
[2015.12.14-03.02.53:295][438]LogFbx: SortedLinks :(38) R_PinkyPoint_MainChar
[2015.12.14-03.02.53:295][438]LogFbx: SortedLinks :(39) Neck_MainChar
[2015.12.14-03.02.53:295][438]LogFbx: SortedLinks :(40) TopHead_MainChar
[2015.12.14-03.02.53:295][438]LogFbx: SortedLinks :(41) HairBase_MainChar
[2015.12.14-03.02.53:295][438]LogFbx: SortedLinks :(42) HairMid_MainChar
[2015.12.14-03.02.53:295][438]LogFbx: SortedLinks :(43) HairPoint_MainChar
[2015.12.14-03.02.53:295][438]LogFbx: SortedLinks :(44) L_TopLeg_MainChar
[2015.12.14-03.02.53:295][438]LogFbx: SortedLinks :(45) L_Knee_MainChar
[2015.12.14-03.02.53:295][438]LogFbx: SortedLinks :(46) L_Ankle_MainChar
[2015.12.14-03.02.53:295][438]LogFbx: SortedLinks :(47) L_Heel_MainChar
[2015.12.14-03.02.53:295][438]LogFbx: SortedLinks :(48) L_Foot_MainChar
[2015.12.14-03.02.53:295][438]LogFbx: SortedLinks :(49) R_TopLeg_MainChar
[2015.12.14-03.02.53:296][438]LogFbx: SortedLinks :(50) R_Knee_MainChar
[2015.12.14-03.02.53:296][438]LogFbx: SortedLinks :(51) R_Ankle_MainChar
[2015.12.14-03.02.53:296][438]LogFbx: SortedLinks :(52) R_Heel_MainChar
[2015.12.14-03.02.53:296][438]LogFbx: SortedLinks :(53) R_Foot_MainChar
[2015.12.14-03.02.53:296][438]LogFbx: Parsing AnimStack Take 001
[2015.12.14-03.02.54:606][483]LogD3D11RHI: InitD3DDevice
[2015.12.14-03.03.26:763][772]LogD3D11RHI: InitD3DDevice
[2015.12.14-03.03.26:953][772]LogD3D11RHI: InitD3DDevice
[2015.12.14-03.03.27:132][772]LogSkeletalMesh: InitArticulated: Bodies already created (/Engine/Transient.DebugSkelMeshComponent_5) - call TermArticulated first.
[2015.12.14-03.03.27:329][772]LogContentBrowser:Verbose: The majority of assets in the view are of type: AnimSequence
[2015.12.14-03.04.16:409][165]LogD3D11RHI: InitD3DDevice
[2015.12.14-03.04.18:162][264]LogD3D11RHI: InitD3DDevice
[2015.12.14-03.04.21:075][430]LogParticles: Destroying 0 GPU particle simulations for FXSystem 0x000002733AC185E0
[2015.12.14-03.04.21:077][430]LogParticles: Destroying 0 GPU particle simulations for FXSystem 0x000002734F32CA40
[2015.12.14-03.04.21:077][430]LogParticles: Destroying 0 GPU particle simulations for FXSystem 0x000002734F32D580
[2015.12.14-03.04.21:077][430]LogParticles: Destroying 0 GPU particle simulations for FXSystem 0x000002735178DF80
[2015.12.14-03.04.21:077][430]LogParticles: Destroying 0 GPU particle simulations for FXSystem 0x00000273517D53A0
[2015.12.14-03.04.21:078][430]LogParticles: Destroying 0 GPU particle simulations for FXSystem 0x0000027353877EC0
[2015.12.14-03.04.21:079][430]LogParticles: Destroying 0 GPU particle simulations for FXSystem 0x0000027364766020
[2015.12.14-03.04.21:080][430]LogParticles: Destroying 0 GPU particle simulations for FXSystem 0x000002736AB11DA0
[2015.12.14-03.04.21:080][430]LogParticles: Destroying 0 GPU particle simulations for FXSystem 0x000002736AB12D40
[2015.12.14-03.04.21:080][430]LogParticles: Destroying 0 GPU particle simulations for FXSystem 0x000002735333ECA0
[2015.12.14-03.04.21:080][430]LogParticles: Destroying 0 GPU particle simulations for FXSystem 0x00000273650A3EC0
[2015.12.14-03.04.21:081][430]LogParticles: Destroying 0 GPU particle simulations for FXSystem 0x0000027364766A20
[2015.12.14-03.04.21:081][430]LogParticles: Destroying 0 GPU particle simulations for FXSystem 0x0000027364766520
[2015.12.14-03.04.21:082][430]LogParticles: Destroying 0 GPU particle simulations for FXSystem 0x000002736C829120
[2015.12.14-03.04.21:183][430]LogD3D11RHI: InitD3DDevice
[2015.12.14-03.04.24:131][430]LogWindowsTextInputMethodSystem:Display: IME system now deactivated.
[2015.12.14-03.04.24:420][431]Cmd: QUIT_EDITOR
[2015.12.14-03.04.24:763][431]LogExit: Preparing to exit.
[2015.12.14-03.04.25:154][431]LogExit: Editor shut down
[2015.12.14-03.04.25:155][431]LogExit: Transaction tracking system shut down
[2015.12.14-03.04.25:156][431]LogParticles: Destroying 0 GPU particle simulations for FXSystem 0x000002733F8DBC40
[2015.12.14-03.04.25:157][431]LogParticles: Destroying 0 GPU particle simulations for FXSystem 0x000002733EEC1D00
[2015.12.14-03.04.25:160][431]LogParticles: Destroying 0 GPU particle simulations for FXSystem 0x0000027353988360
[2015.12.14-03.04.25:161][431]LogParticles: Destroying 0 GPU particle simulations for FXSystem 0x000002733E9AA480
[2015.12.14-03.04.25:161][431]LogParticles: Destroying 0 GPU particle simulations for FXSystem 0x000002734163C680
[2015.12.14-03.04.25:331][431]LogExit: Object subsystem successfully closed.
[2015.12.14-03.04.25:351][431]LogD3D11RHI: Shutdown
[2015.12.14-03.04.25:351][431]LogD3D11RHI: CleanupD3DDevice
[2015.12.14-03.04.25:505][431]LogD3D11RHI: ~FD3D11DynamicRHI
[2015.12.14-03.04.25:532][431]LogModuleManager: Shutting down and abandoning module CrashTracker (188)
[2015.12.14-03.04.25:532][431]LogModuleManager: Shutting down and abandoning module SceneOutliner (187)
[2015.12.14-03.04.25:532][431]LogModuleManager: Shutting down and abandoning module SuperSearch (186)
[2015.12.14-03.04.25:532][431]LogModuleManager: Shutting down and abandoning module WidgetCarousel (185)
[2015.12.14-03.04.25:532][431]LogModuleManager: Shutting down and abandoning module AddContentDialog (184)
[2015.12.14-03.04.25:569][431]LogModuleManager: Shutting down and abandoning module EditorWidgets (183)
[2015.12.14-03.04.25:569][431]LogModuleManager: Shutting down and abandoning module CollectionManager (182)
[2015.12.14-03.04.25:569][431]LogModuleManager: Shutting down and abandoning module StatsViewer (181)
[2015.12.14-03.04.25:569][431]LogModuleManager: Shutting down and abandoning module FoliageEdit (180)
[2015.12.14-03.04.25:569][431]LogModuleManager: Shutting down and abandoning module LandscapeEditor (179)
[2015.12.14-03.04.25:569][431]LogModuleManager: Shutting down and abandoning module ActorPickerMode (178)
[2015.12.14-03.04.25:569][431]LogModuleManager: Shutting down and abandoning module GeometryMode (177)
[2015.12.14-03.04.25:569][431]LogModuleManager: Shutting down and abandoning module TextureAlignMode (176)
[2015.12.14-03.04.25:569][431]LogModuleManager: Shutting down and abandoning module BspMode (175)
[2015.12.14-03.04.25:569][431]LogModuleManager: Shutting down and abandoning module PlacementMode (174)
[2015.12.14-03.04.25:569][431]LogModuleManager: Shutting down and abandoning module AutomationWorker (173)
[2015.12.14-03.04.25:569][431]LogModuleManager: Shutting down and abandoning module CharacterAI (172)
[2015.12.14-03.04.25:569][431]LogModuleManager: Shutting down and abandoning module SmartSnapping (171)
[2015.12.14-03.04.25:569][431]LogModuleManager: Shutting down and abandoning module ViewportSnapping (170)
[2015.12.14-03.04.25:569][431]LogModuleManager: Shutting down and abandoning module LogVisualizer (169)
[2015.12.14-03.04.25:569][431]LogModuleManager: Shutting down and abandoning module GameProjectGeneration (168)
[2015.12.14-03.04.25:569][431]LogModuleManager: Shutting down and abandoning module IntroTutorials (167)
[2015.12.14-03.04.25:569][431]LogModuleManager: Shutting down and abandoning module EditorLiveStreaming (166)
[2015.12.14-03.04.25:570][431]LogModuleManager: Shutting down and abandoning module IOSPlatformEditor (165)
[2015.12.14-03.04.25:570][431]LogModuleManager: Shutting down and abandoning module HTML5PlatformEditor (164)
[2015.12.14-03.04.25:570][431]LogModuleManager: Shutting down and abandoning module AndroidDeviceDetection (163)
[2015.12.14-03.04.25:759][431]LogModuleManager: Shutting down and abandoning module AndroidPlatformEditor (162)
[2015.12.14-03.04.25:759][431]LogModuleManager: Shutting down and abandoning module IOSRuntimeSettings (161)
[2015.12.14-03.04.25:759][431]LogModuleManager: Shutting down and abandoning module AndroidRuntimeSettings (160)
[2015.12.14-03.04.25:759][431]LogModuleManager: Shutting down and abandoning module MergeActors (159)
[2015.12.14-03.04.25:759][431]LogModuleManager: Shutting down and abandoning module SizeMap (158)
[2015.12.14-03.04.25:759][431]LogModuleManager: Shutting down and abandoning module TreeMap (157)
[2015.12.14-03.04.25:759][431]LogModuleManager: Shutting down and abandoning module ReferenceViewer (156)
[2015.12.14-03.04.25:759][431]LogModuleManager: Shutting down and abandoning module LocalizationDashboard (155)
[2015.12.14-03.04.25:759][431]LogModuleManager: Shutting down and abandoning module HardwareTargeting (154)
[2015.12.14-03.04.25:759][431]LogModuleManager: Shutting down and abandoning module DeviceProfileEditor (153)
[2015.12.14-03.04.25:759][431]LogModuleManager: Shutting down and abandoning module UndoHistory (152)
[2015.12.14-03.04.25:759][431]LogModuleManager: Shutting down and abandoning module GameplayTagsEditor (151)
[2015.12.14-03.04.25:759][431]LogModuleManager: Shutting down and abandoning module UserFeedback (150)
[2015.12.14-03.04.25:759][431]LogModuleManager: Shutting down and abandoning module XmlParser (149)
[2015.12.14-03.04.25:760][431]LogModuleManager: Shutting down and abandoning module Blutility (148)
[2015.12.14-03.04.25:760][431]LogModuleManager: Shutting down and abandoning module ProjectTargetPlatformEditor (147)
[2015.12.14-03.04.25:760][431]LogModuleManager: Shutting down and abandoning module ProjectSettingsViewer (146)
[2015.12.14-03.04.25:760][431]LogModuleManager: Shutting down and abandoning module InputBindingEditor (145)
[2015.12.14-03.04.25:760][431]LogModuleManager: Shutting down and abandoning module EditorSettingsViewer (144)
[2015.12.14-03.04.25:760][431]LogModuleManager: Shutting down and abandoning module SettingsEditor (143)
[2015.12.14-03.04.25:760][431]LogModuleManager: Shutting down and abandoning module ProjectLauncher (142)
[2015.12.14-03.04.25:760][431]LogModuleManager: Shutting down and abandoning module SessionFrontend (141)
[2015.12.14-03.04.25:760][431]LogModuleManager: Shutting down and abandoning module ProfilerClient (140)
[2015.12.14-03.04.25:760][431]LogModuleManager: Shutting down and abandoning module TargetDeviceServices (139)
[2015.12.14-03.04.25:760][431]LogModuleManager: Shutting down and abandoning module DeviceManager (138)
[2015.12.14-03.04.25:760][431]LogModuleManager: Shutting down and abandoning module AutomationController (137)
[2015.12.14-03.04.25:760][431]LogModuleManager: Shutting down and abandoning module AutomationWindow (136)
[2015.12.14-03.04.25:760][431]LogModuleManager: Shutting down and abandoning module Layers (135)
[2015.12.14-03.04.25:760][431]LogModuleManager: Shutting down and abandoning module ComponentVisualizers (134)
[2015.12.14-03.04.25:760][431]LogModuleManager: Shutting down and abandoning module DetailCustomizations (133)
[2015.12.14-03.04.25:760][431]LogModuleManager: Shutting down and abandoning module PackagesDialog (132)
[2015.12.14-03.04.25:761][431]LogModuleManager: Shutting down and abandoning module AssetRegistry (131)
[2015.12.14-03.04.25:975][431]LogModuleManager: Shutting down and abandoning module Persona (130)
[2015.12.14-03.04.25:975][431]LogModuleManager: Shutting down and abandoning module Kismet (129)
[2015.12.14-03.04.25:975][431]LogModuleManager: Shutting down and abandoning module GraphEditor (128)
[2015.12.14-03.04.25:975][431]LogModuleManager: Shutting down and abandoning module ClassViewer (127)
[2015.12.14-03.04.25:975][431]LogModuleManager: Shutting down and abandoning module Toolbox (126)
[2015.12.14-03.04.25:975][431]LogModuleManager: Shutting down and abandoning module ModuleUI (125)
[2015.12.14-03.04.25:975][431]LogModuleManager: Shutting down and abandoning module MovieSceneTools (124)
[2015.12.14-03.04.25:975][431]LogModuleManager: Shutting down and abandoning module OutputLog (123)
[2015.12.14-03.04.25:975][431]LogModuleManager: Shutting down and abandoning module GammaUI (122)
[2015.12.14-03.04.25:975][431]LogModuleManager: Shutting down and abandoning module Documentation (121)
[2015.12.14-03.04.25:975][431]LogModuleManager: Shutting down and abandoning module GameLiveStreaming (120)
[2015.12.14-03.04.25:975][431]LogModuleManager: Shutting down and abandoning module StreamingPauseRendering (119)
[2015.12.14-03.04.25:975][431]LogModuleManager: Shutting down and abandoning module AnalyticsET (118)
[2015.12.14-03.04.25:975][431]LogModuleManager: Shutting down and abandoning module Analytics (117)
[2015.12.14-03.04.25:975][431]LogModuleManager: Shutting down and abandoning module AITestSuite (116)
[2015.12.14-03.04.25:976][431]LogModuleManager: Shutting down and abandoning module GameplayDebugger (115)
[2015.12.14-03.04.25:976][431]LogModuleManager: Shutting down and abandoning module AIModule (114)
[2015.12.14-03.04.25:976][431]LogModuleManager: Shutting down and abandoning module ProfilerService (113)
[2015.12.14-03.04.26:144][431]LogModuleManager: Shutting down and abandoning module TaskGraph (112)
[2015.12.14-03.04.26:144][431]LogModuleManager: Shutting down and abandoning module SlateRemote (111)
[2015.12.14-03.04.26:144][431]LogModuleManager: Shutting down and abandoning module SteamVRController (110)
[2015.12.14-03.04.26:144][431]LogModuleManager: Shutting down and abandoning module SteamVR (109)
[2015.12.14-03.04.26:144][431]LogModuleManager: Shutting down and abandoning module ProceduralMeshComponent (108)
[2015.12.14-03.04.26:144][431]LogModuleManager: Shutting down and abandoning module OculusRift (107)
[2015.12.14-03.04.26:144][431]LogModuleManager: Shutting down and abandoning module LeapMotionController (106)
[2015.12.14-03.04.26:159][431]LogModuleManager: Shutting down and abandoning module CustomMeshComponent (105)
[2015.12.14-03.04.26:159][431]LogModuleManager: Shutting down and abandoning module CableComponent (104)
[2015.12.14-03.04.26:159][431]LogModuleManager: Shutting down and abandoning module MessagingDebugger (103)
[2015.12.14-03.04.26:159][431]LogModuleManager: Shutting down and abandoning module MediaPlayerEditor (102)
[2015.12.14-03.04.26:159][431]LogModuleManager: Shutting down and abandoning module SpeedTreeImporter (101)
[2015.12.14-03.04.26:159][431]LogModuleManager: Shutting down and abandoning module PluginBrowser (100)
[2015.12.14-03.04.26:159][431]LogModuleManager: Shutting down and abandoning module EpicSurvey (99)
[2015.12.14-03.04.26:159][431]LogModuleManager: Shutting down and abandoning module DesktopPlatform (98)
[2015.12.14-03.04.26:159][431]LogModuleManager: Shutting down and abandoning module VisualStudioSourceCodeAccess (97)
[2015.12.14-03.04.26:159][431]LogModuleManager: Shutting down and abandoning module UObjectPlugin (96)
[2015.12.14-03.04.26:159][431]LogModuleManager: Shutting down and abandoning module SubversionSourceControl (95)
[2015.12.14-03.04.26:160][431]LogModuleManager: Shutting down and abandoning module PerforceSourceControl (94)
[2015.12.14-03.04.26:160][431]LogModuleManager: Shutting down and abandoning module SourceControl (93)
[2015.12.14-03.04.26:160][431]LogModuleManager: Shutting down and abandoning module GitSourceControl (92)
[2015.12.14-03.04.26:160][431]LogModuleManager: Shutting down and abandoning module BlankPlugin (91)
[2015.12.14-03.04.26:160][431]LogModuleManager: Shutting down and abandoning module PaperTiledImporter (90)
[2015.12.14-03.04.26:160][431]LogModuleManager: Shutting down and abandoning module PaperSpriteSheetImporter (89)
[2015.12.14-03.04.26:160][431]LogModuleManager: Shutting down and abandoning module MeshPaint (88)
[2015.12.14-03.04.26:160][431]LogModuleManager: Shutting down and abandoning module SlateReflector (87)
[2015.12.14-03.04.26:160][431]LogModuleManager: Shutting down and abandoning module DirectoryWatcher (86)
[2015.12.14-03.04.26:160][431]LogModuleManager: Shutting down and abandoning module HotReload (85)
[2015.12.14-03.04.26:160][431]LogModuleManager: Shutting down and abandoning module MainFrame (84)
[2015.12.14-03.04.26:160][431]LogModuleManager: Shutting down and abandoning module LevelEditor (83)
[2015.12.14-03.04.26:161][431]LogModuleManager: Shutting down and abandoning module ContentBrowser (82)
[2015.12.14-03.04.26:161][431]LogModuleManager: Shutting down and abandoning module Paper2DEditor (81)
[2015.12.14-03.04.26:161][431]LogModuleManager: Shutting down and abandoning module UdpMessaging (80)
[2015.12.14-03.04.26:262][431]LogModuleManager: Shutting down and abandoning module Paper2D (79)
[2015.12.14-03.04.26:262][431]LogModuleManager: Shutting down and abandoning module WindowsMoviePlayer (78)
[2015.12.14-03.04.26:266][431]LogModuleManager: Shutting down and abandoning module Media (77)
[2015.12.14-03.04.26:266][431]LogModuleManager: Shutting down and abandoning module WmfMedia (76)
[2015.12.14-03.04.26:266][431]LogModuleManager: Shutting down and abandoning module OnlineBlueprintSupport (75)
[2015.12.14-03.04.26:266][431]LogModuleManager: Shutting down and abandoning module PropertyEditor (74)
[2015.12.14-03.04.26:266][431]LogModuleManager: Shutting down and abandoning module BehaviorTreeEditor (73)
[2015.12.14-03.04.26:266][431]LogModuleManager: Shutting down and abandoning module FunctionalTesting (72)
[2015.12.14-03.04.26:266][431]LogModuleManager: Shutting down and abandoning module CollisionAnalyzer (71)
[2015.12.14-03.04.26:266][431]LogModuleManager: Shutting down and abandoning module WorkspaceMenuStructure (70)
[2015.12.14-03.04.26:266][431]LogModuleManager: Shutting down and abandoning module MessageLog (69)
[2015.12.14-03.04.26:266][431]LogModuleManager: Shutting down and abandoning module Sequencer (68)
[2015.12.14-03.04.26:266][431]LogModuleManager: Shutting down and abandoning module AssetTools (67)
[2015.12.14-03.04.26:266][431]LogModuleManager: Shutting down and abandoning module UMGEditor (66)
[2015.12.14-03.04.26:266][431]LogModuleManager: Shutting down and abandoning module UMG (65)
[2015.12.14-03.04.26:266][431]LogModuleManager: Shutting down and abandoning module Slate (64)
[2015.12.14-03.04.26:266][431]LogModuleManager: Shutting down and abandoning module EditorStyle (63)
[2015.12.14-03.04.26:268][431]LogModuleManager: Shutting down and abandoning module SessionServices (62)
[2015.12.14-03.04.26:268][431]LogModuleManager: Shutting down and abandoning module SourceCodeAccess (61)
[2015.12.14-03.04.26:268][431]LogModuleManager: Shutting down and abandoning module HeadMountedDisplay (60)
[2015.12.14-03.04.26:268][431]LogModuleManager: Shutting down and abandoning module XAudio2 (59)
[2015.12.14-03.04.26:268][431]LogModuleManager: Shutting down and abandoning module Networking (57)
[2015.12.14-03.04.26:268][431]LogModuleManager: Shutting down and abandoning module Core (56)
[2015.12.14-03.04.26:268][431]LogModuleManager: Shutting down and abandoning module KismetCompiler (55)
[2015.12.14-03.04.26:268][431]LogModuleManager: Shutting down and abandoning module PhysXFormats (54)
[2015.12.14-03.04.26:268][431]LogModuleManager: Shutting down and abandoning module MeshUtilities (53)
[2015.12.14-03.04.26:268][431]LogModuleManager: Shutting down and abandoning module DerivedDataCache (52)
[2015.12.14-03.04.26:311][431]LogDerivedDataCache: Shutdown
[2015.12.14-03.04.26:311][431]LogModuleManager: Shutting down and abandoning module ShaderFormatOpenGL (51)
[2015.12.14-03.04.26:311][431]LogModuleManager: Shutting down and abandoning module ShaderFormatD3D (50)
[2015.12.14-03.04.26:311][431]LogModuleManager: Shutting down and abandoning module MetalShaderFormat (49)
[2015.12.14-03.04.26:311][431]LogModuleManager: Shutting down and abandoning module TextureFormatUncompressed (48)
[2015.12.14-03.04.26:311][431]LogModuleManager: Shutting down and abandoning module TextureFormatPVR (47)
[2015.12.14-03.04.26:311][431]LogModuleManager: Shutting down and abandoning module TextureFormatIntelISPCTexComp (46)
[2015.12.14-03.04.26:311][431]LogModuleManager: Shutting down and abandoning module TextureFormatDXT (45)
[2015.12.14-03.04.26:311][431]LogModuleManager: Shutting down and abandoning module ImageWrapper (44)
[2015.12.14-03.04.26:311][431]LogModuleManager: Shutting down and abandoning module TextureFormatASTC (43)
[2015.12.14-03.04.26:311][431]LogModuleManager: Shutting down and abandoning module TextureFormatAndroid (42)
[2015.12.14-03.04.26:311][431]LogModuleManager: Shutting down and abandoning module AudioFormatOpus (41)
[2015.12.14-03.04.26:311][431]LogModuleManager: Shutting down and abandoning module AudioFormatOgg (40)
[2015.12.14-03.04.26:311][431]LogModuleManager: Shutting down and abandoning module AudioFormatADPCM (39)
[2015.12.14-03.04.26:311][431]LogModuleManager: Shutting down and abandoning module LinuxTargetPlatform (38)
[2015.12.14-03.04.26:311][431]LogModuleManager: Shutting down and abandoning module LinuxServerTargetPlatform (37)
[2015.12.14-03.04.26:311][431]LogModuleManager: Shutting down and abandoning module LinuxNoEditorTargetPlatform (36)
[2015.12.14-03.04.26:311][431]LogModuleManager: Shutting down and abandoning module Messaging (35)
[2015.12.14-03.04.26:312][431]LogModuleManager: Shutting down and abandoning module IOSTargetPlatform (34)
[2015.12.14-03.04.26:312][431]LogModuleManager: Shutting down and abandoning module HTML5TargetPlatform (33)
[2015.12.14-03.04.26:312][431]LogModuleManager: Shutting down and abandoning module Android_PVRTCTargetPlatform (32)
[2015.12.14-03.04.26:312][431]LogModuleManager: Shutting down and abandoning module Android_ETC2TargetPlatform (31)
[2015.12.14-03.04.26:312][431]LogModuleManager: Shutting down and abandoning module Android_ETC1TargetPlatform (30)
[2015.12.14-03.04.26:312][431]LogModuleManager: Shutting down and abandoning module Android_DXTTargetPlatform (29)
[2015.12.14-03.04.26:312][431]LogModuleManager: Shutting down and abandoning module Android_ATCTargetPlatform (28)
[2015.12.14-03.04.26:312][431]LogModuleManager: Shutting down and abandoning module Android_ASTCTargetPlatform (27)
[2015.12.14-03.04.26:312][431]LogModuleManager: Shutting down and abandoning module AndroidTargetPlatform (26)
[2015.12.14-03.04.26:312][431]LogModuleManager: Shutting down and abandoning module WindowsTargetPlatform (25)
[2015.12.14-03.04.26:312][431]LogModuleManager: Shutting down and abandoning module WindowsServerTargetPlatform (24)
[2015.12.14-03.04.26:312][431]LogModuleManager: Shutting down and abandoning module WindowsNoEditorTargetPlatform (23)
[2015.12.14-03.04.26:312][431]LogModuleManager: Shutting down and abandoning module WindowsClientTargetPlatform (22)
[2015.12.14-03.04.26:312][431]LogModuleManager: Shutting down and abandoning module DesktopTargetPlatform (21)
[2015.12.14-03.04.26:312][431]LogModuleManager: Shutting down and abandoning module TargetPlatform (20)
[2015.12.14-03.04.26:312][431]LogModuleManager: Shutting down and abandoning module InputCore (19)
[2015.12.14-03.04.26:312][431]LogModuleManager: Shutting down and abandoning module Settings (18)
[2015.12.14-03.04.26:312][431]LogModuleManager: Shutting down and abandoning module OnlineSubsystem (16)
[2015.12.14-03.04.26:312][431]LogModuleManager: Shutting down and abandoning module HTTP (15)
[2015.12.14-03.04.26:312][431]LogModuleManager: Shutting down and abandoning module ExampleDeviceProfileSelector (14)
[2015.12.14-03.04.26:312][431]LogModuleManager: Shutting down and abandoning module TextureCompressor (13)
[2015.12.14-03.04.26:312][431]LogModuleManager: Shutting down and abandoning module ShaderCore (12)
[2015.12.14-03.04.26:312][431]LogModuleManager: Shutting down and abandoning module Landscape (11)
[2015.12.14-03.04.26:312][431]LogModuleManager: Shutting down and abandoning module SlateRHIRenderer (10)
[2015.12.14-03.04.26:314][431]LogModuleManager: Shutting down and abandoning module OpenGLDrv (9)
[2015.12.14-03.04.26:314][431]LogModuleManager: Shutting down and abandoning module D3D11RHI (8)
[2015.12.14-03.04.26:314][431]LogModuleManager: Shutting down and abandoning module Renderer (7)
[2015.12.14-03.04.26:314][431]LogModuleManager: Shutting down and abandoning module Engine (6)
[2015.12.14-03.04.26:314][431]LogModuleManager: Shutting down and abandoning module CoreUObject (5)
[2015.12.14-03.04.26:314][431]LogModuleManager: Shutting down and abandoning module NetworkFile (4)
[2015.12.14-03.04.26:314][431]LogModuleManager: Shutting down and abandoning module StreamingFile (3)
[2015.12.14-03.04.26:314][431]LogModuleManager: Shutting down and abandoning module SandboxFile (2)
[2015.12.14-03.04.26:314][431]LogModuleManager: Shutting down and abandoning module PakFile (1)
[2015.12.14-03.04.26:314][431]LogExit: Exiting.
[2015.12.14-03.04.26:316][431]Log file closed, 12/13/15 22:04:26
