[2015.10.18-07.21.05:332][  0]Log file open, 10/18/15 03:21:05
[2015.10.18-07.21.05:332][  0]LogInit:Display: Running engine for game: MyProject
[2015.10.18-07.21.05:332][  0]LogInit:Display: RandInit(457349889) SRandInit(457349889).
[2015.10.18-07.21.05:332][  0]LogTaskGraph: Started task graph with 4 named threads and 6 total threads.
[2015.10.18-07.21.05:332][  0]LogStats: Stats thread started
[2015.10.18-07.21.05:332][  0]LogInit: Version: 4.8.3-2634408+++depot+UE4-Releases+4.8
[2015.10.18-07.21.05:332][  0]LogInit: API Version: 2579680
[2015.10.18-07.21.05:332][  0]LogInit: Compiled (64-bit): Jul 27 2015 16:24:33
[2015.10.18-07.21.05:332][  0]LogInit: Compiled with Visual C++: 18.00.21005.01
[2015.10.18-07.21.05:332][  0]LogInit: Build Configuration: Development
[2015.10.18-07.21.05:332][  0]LogInit: Branch Name: ++depot+UE4-Releases+4.8
[2015.10.18-07.21.05:332][  0]LogInit: Command line:  
[2015.10.18-07.21.05:332][  0]LogInit: Base directory: C:/Program Files/Epic Games/4.8/Engine/Binaries/Win64/
[2015.10.18-07.21.05:332][  0]LogInit: Rocket: 1
[2015.10.18-07.21.05:384][  0]LogInit: Using libcurl 7.41.0
[2015.10.18-07.21.05:384][  0]LogInit:  - built for x86_64-pc-win32
[2015.10.18-07.21.05:384][  0]LogInit:  - supports SSL with WinSSL
[2015.10.18-07.21.05:384][  0]LogInit:  - other features:
[2015.10.18-07.21.05:384][  0]LogInit:      CURL_VERSION_SSL
[2015.10.18-07.21.05:384][  0]LogInit:      CURL_VERSION_IPV6
[2015.10.18-07.21.05:384][  0]LogInit:      CURL_VERSION_ASYNCHDNS
[2015.10.18-07.21.05:384][  0]LogInit:      CURL_VERSION_LARGEFILE
[2015.10.18-07.21.05:384][  0]LogInit:      CURL_VERSION_IDN
[2015.10.18-07.21.05:384][  0]LogInit:  CurlRequestOptions (configurable via config and command line):
[2015.10.18-07.21.05:384][  0]LogInit:  - bVerifyPeer = true  - Libcurl will verify peer certificate
[2015.10.18-07.21.05:384][  0]LogInit:  - bUseHttpProxy = false  - Libcurl will NOT use HTTP proxy
[2015.10.18-07.21.05:384][  0]LogInit:  - bDontReuseConnections = false  - Libcurl will reuse connections
[2015.10.18-07.21.05:384][  0]LogInit:  - CertBundlePath = nullptr  - Libcurl will use whatever was configured at build time.
[2015.10.18-07.21.05:409][  0]LogOnline:Warning: No default platform service specified for OnlineSubsystem
[2015.10.18-07.21.05:437][  0]LogInit: Presizing for 0 objects not considered by GC, pre-allocating 0 bytes.
[2015.10.18-07.21.05:447][  0]LogInit: Object subsystem initialized
[2015.10.18-07.21.05:448][  0]LogConsoleResponse:Warning: Skipping Unknown console variable: 'TranslucentSortAxis = (X=0.000000,Y=-1.000000,Z=0.000000)'
[2015.10.18-07.21.05:448][  0]LogConsoleResponse:Warning:   Found in ini file 'C:/Users/Kido/Documents/GitHub/NMNYD/The-Curators/AlexPrototype/Saved/Config/Windows/Engine.ini', in section '[/Script/Engine.RendererSettings]'
[2015.10.18-07.21.05:448][  0]LogConsoleResponse:Warning: Skipping Unknown console variable: 'UIScaleRule = ShortestSide'
[2015.10.18-07.21.05:448][  0]LogConsoleResponse:Warning:   Found in ini file 'C:/Users/Kido/Documents/GitHub/NMNYD/The-Curators/AlexPrototype/Saved/Config/Windows/Engine.ini', in section '[/Script/Engine.RendererSettings]'
[2015.10.18-07.21.05:448][  0]LogConsoleResponse:Warning: Skipping Unknown console variable: 'UIScaleCurve = (EditorCurveData=(Keys=),ExternalCurve=None)'
[2015.10.18-07.21.05:448][  0]LogConsoleResponse:Warning:   Found in ini file 'C:/Users/Kido/Documents/GitHub/NMNYD/The-Curators/AlexPrototype/Saved/Config/Windows/Engine.ini', in section '[/Script/Engine.RendererSettings]'
[2015.10.18-07.21.05:448][  0]LogInit: Selected Device Profile: [Windows]
[2015.10.18-07.21.05:448][  0]LogInit: Applying CVar settings loaded from the selected device profile: [Windows]
[2015.10.18-07.21.05:459][  0]LogInit: Computer: KIDO-PC
[2015.10.18-07.21.05:459][  0]LogInit: User: Kido
[2015.10.18-07.21.05:459][  0]LogInit: CPU Page size=4096, Cores=3
[2015.10.18-07.21.05:459][  0]LogInit: High frequency timer resolution =3.429511 MHz
[2015.10.18-07.21.05:459][  0]LogMemory: Memory total: Physical=7.9GB (8GB approx)
[2015.10.18-07.21.05:460][  0]LogMemory: Platform Memory Stats for Windows
[2015.10.18-07.21.05:460][  0]LogMemory: Process Physical Memory: 51.21 MB used, 51.21 MB peak
[2015.10.18-07.21.05:460][  0]LogMemory: Process Virtual Memory: 27.14 MB used, 27.14 MB peak
[2015.10.18-07.21.05:460][  0]LogMemory: Physical Memory: 4601.32 MB used, 8088.61 MB total
[2015.10.18-07.21.05:460][  0]LogMemory: Virtual Memory: 286.82 MB used, 8388608.00 MB total
[2015.10.18-07.21.06:102][  0]LogTextLocalizationManager: The requested culture ('en_US') has no localization data; parent culture's ('en') localization data will be used.
[2015.10.18-07.21.06:925][  0]LogTextLocalizationManager:Warning: Loaded localization resources contain conflicting entries for (Namespace:ContentBrowser, Key:ImportAssetToolTip):
Localization Resource: (C:/Program Files/Epic Games/4.8/Engine/Content/Localization/Editor/en/Editor.locres) Source String Hash: (-630476809) Localized String: (Import to {0}...)
Localization Resource: (C:/Program Files/Epic Games/4.8/Engine/Content/Localization/Editor/en/Editor.locres) Source String Hash: (1271782899) Localized String: (Imports an asset from file to this folder.)
[2015.10.18-07.21.08:372][  0]LogD3D11RHI: Found D3D11 adapter 0: AMD Radeon R9 200 Series (Feature Level 11_0)
[2015.10.18-07.21.08:372][  0]LogD3D11RHI: Adapter has 2027MB of dedicated video memory, 0MB of dedicated system memory, and 3788MB of shared system memory, 2 output[s]
[2015.10.18-07.21.08:372][  0]LogD3D11RHI: Chosen D3D11 Adapter Id = 0
[2015.10.18-07.21.08:383][  0]LogD3D11RHI: InitD3DDevice
[2015.10.18-07.21.08:383][  0]LogD3D11RHI: !Direct3DDevice
[2015.10.18-07.21.08:384][  0]LogRHI: Texture pool is 1361 MB (70% of 1945 MB)
[2015.10.18-07.21.08:395][  0]LogD3D11RHI: Async texture creation disabled: no driver support
[2015.10.18-07.21.08:405][  0]LogShaderCompilers:Display: Using Local Shader Compiler.
[2015.10.18-07.21.14:065][  0]LogTemp:Display: Loaded TP DesktopTargetPlatform
[2015.10.18-07.21.14:109][  0]LogTemp:Display: Loaded TP WindowsClientTargetPlatform
[2015.10.18-07.21.14:146][  0]LogTemp:Display: Loaded TP WindowsNoEditorTargetPlatform
[2015.10.18-07.21.14:271][  0]LogTemp:Display: Loaded TP WindowsServerTargetPlatform
[2015.10.18-07.21.14:348][  0]LogTemp:Display: Loaded TP WindowsTargetPlatform
[2015.10.18-07.21.14:424][  0]LogTemp:Display: Loaded TP AndroidTargetPlatform
[2015.10.18-07.21.14:482][  0]LogTemp:Display: Loaded TP Android_ASTCTargetPlatform
[2015.10.18-07.21.14:547][  0]LogTemp:Display: Loaded TP Android_ATCTargetPlatform
[2015.10.18-07.21.14:639][  0]LogTemp:Display: Loaded TP Android_DXTTargetPlatform
[2015.10.18-07.21.14:689][  0]LogTemp:Display: Loaded TP Android_ETC1TargetPlatform
[2015.10.18-07.21.14:746][  0]LogTemp:Display: Loaded TP Android_ETC2TargetPlatform
[2015.10.18-07.21.14:782][  0]LogTemp:Display: Loaded TP Android_PVRTCTargetPlatform
[2015.10.18-07.21.14:918][  0]LogTemp:Display: Loaded TP IOSTargetPlatform
[2015.10.18-07.21.14:960][  0]LogTemp:Display: Loaded TP LinuxNoEditorTargetPlatform
[2015.10.18-07.21.15:017][  0]LogTemp:Display: Loaded TP LinuxServerTargetPlatform
[2015.10.18-07.21.15:058][  0]LogTemp:Display: Loaded TP LinuxTargetPlatform
[2015.10.18-07.21.15:058][  0]LogTargetPlatformManager:Display: Building Assets For Windows
[2015.10.18-07.21.16:363][  0]LogDerivedDataCache:Display: Max Cache Size: 512 MB
[2015.10.18-07.21.17:487][  0]LogDerivedDataCache: Loaded boot cache 1.12s 53MB C:/Users/Kido/AppData/Local/UnrealEngine/4.8/DerivedDataCache/Boot.ddc.
[2015.10.18-07.21.17:487][  0]LogDerivedDataCache:Display: Loaded Boot cache: C:/Users/Kido/AppData/Local/UnrealEngine/4.8/DerivedDataCache/Boot.ddc
[2015.10.18-07.21.17:487][  0]LogDerivedDataCache: FDerivedDataBackendGraph:  Pak pak cache file ../../../../../../Users/Kido/Documents/GitHub/NMNYD/The-Curators/AlexPrototype/DerivedDataCache/DDC.ddp not found, will not use a pak cache.
[2015.10.18-07.21.17:487][  0]LogDerivedDataCache: Unable to find inner node Pak for hierarchical cache Hierarchy.
[2015.10.18-07.21.17:487][  0]LogDerivedDataCache: FDerivedDataBackendGraph:  CompressedPak pak cache file ../../../../../../Users/Kido/Documents/GitHub/NMNYD/The-Curators/AlexPrototype/DerivedDataCache/Compressed.ddp not found, will not use a pak cache.
[2015.10.18-07.21.17:487][  0]LogDerivedDataCache: Unable to find inner node CompressedPak for hierarchical cache Hierarchy.
[2015.10.18-07.21.17:811][  0]LogDerivedDataCache:Display: Pak cache opened for reading ../../../Engine/DerivedDataCache/Compressed.ddp.
[2015.10.18-07.21.17:823][  0]LogDerivedDataCache: Using Local data cache path C:/Users/Kido/AppData/Local/UnrealEngine/Common/DerivedDataCache: Writable
[2015.10.18-07.21.22:553][  0]LogInit: Selected Device Profile: [Windows]
[2015.10.18-07.21.22:589][  0]ImportText (ComponentSweepMultiTests): Missing closing parenthesis: (RootShapeAsset="/Engine/BasicShapes/Cube.Cube",ShapeType="TriggerCapsule",HitResult=(Time=0.50,Location=(X=-100.000015,Y=0.0,Z=100.000015),ImpactPoint=(X=-50.0,Y=0.0,Z=50.0),Normal=(X=-1.0,Y=-0.0,Z=0.0),ImpactNormal=(X=0.0,Y=0.0,Z=1.0),TraceStart=(X=-200.0,Y=0.0,Z=200.0),TraceEnd=(X=0.0,Y=0.0,Z=0.0))
[2015.10.18-07.21.22:590][  0]ImportText (LineTraceSingleByChannelTests): Missing closing parenthesis: (RootShapeAsset="/Engine/BasicShapes/Cube.Cube",HitResult=(Time=0.50,Location=(X=-100.000015,Y=0.0,Z=100.000015),ImpactPoint=(X=-50.0,Y=0.0,Z=50.0),Normal=(X=-1.0,Y=-0.0,Z=0.0),ImpactNormal=(X=0.0,Y=0.0,Z=1.0),TraceStart=(X=-200.0,Y=0.0,Z=200.0),TraceEnd=(X=0.0,Y=0.0,Z=0.0))
[2015.10.18-07.21.22:680][  0]LogMeshUtilities: No automatic mesh reduction module available
[2015.10.18-07.21.22:680][  0]LogMeshUtilities: No automatic mesh merging module available
[2015.10.18-07.21.24:186][  0]LogInit: WinSock: version 1.1 (2.2), MaxSocks=32767, MaxUdp=65467
[2015.10.18-07.21.58:366][  0]UdpMessaging: Initializing bridge on interface 0.0.0.0:0 to multicast group 230.0.0.1:6666.
[2015.10.18-07.22.02:940][  0]SourceControl: Info Source control is disabled
[2015.10.18-07.22.03:470][  0]SourceControl: Info Source control is disabled
[2015.10.18-07.22.03:549][  0]SourceControl: Info Source control is disabled
[2015.10.18-07.22.03:655][  0]SourceControl: Info Source control is disabled
[2015.10.18-07.22.06:722][  0]LogObj: 26273 objects as part of root set at end of initial load.
[2015.10.18-07.22.06:722][  0]LogUObjectAllocator: 5409256 out of 0 bytes used by permanent object pool.
[2015.10.18-07.22.07:368][  0]LogEngine: Initializing Engine...
[2015.10.18-07.22.07:381][  0]LogHMD: Can't find Oculus library dev build: is proper Runtime installed? Version: 0.6.0.0
[2015.10.18-07.22.07:769][  0]LogHMD:Warning: SteamVR failed to initialize.  Error: 100
[2015.10.18-07.22.08:309][  0]LogAIModule: Creating AISystem for world NewWorld
[2015.10.18-07.22.08:554][  0]LogInit: XAudio2 using 'Speakers (Realtek High Definition Audio)' : 2 channels at 48 kHz using 32 bits per sample (channel mask 0x3)
[2015.10.18-07.22.08:632][  0]LogInit: FAudioDevice initialized.
[2015.10.18-07.22.08:798][  0]LogDerivedDataCache: Saved boot cache 0.17s 53MB C:/Users/Kido/AppData/Local/UnrealEngine/4.8/DerivedDataCache/Boot.ddc.
[2015.10.18-07.22.08:814][  0]LogInit: Texture streaming: Disabled
[2015.10.18-07.22.08:900][  0]LogAnalytics: Creating configured Analytics provider AnalyticsET
[2015.10.18-07.22.08:900][  0]LogAnalytics: [UEEditor.Rocket.Release] APIServer = http://et2.epicgames.com/ET2/. AppVersion = 4.8.3-2634408+++depot+UE4-Releases+4.8
[2015.10.18-07.22.08:900][  0]LogAnalytics: [UEEditor.Rocket.Release] SetUserId 43320ea4426e19879c0674aa75267495|ac704d33c08e461d905fa8a004e85986|70feb17f-f50f-4812-9d0e-586ab78027fa
[2015.10.18-07.22.08:900][  0]LogAnalytics: [UEEditor.Rocket.Release] AnalyticsET::StartSession
[2015.10.18-07.22.09:219][  0]LogInit: Transaction tracking system initialized
[2015.10.18-07.22.10:210][  0]BlueprintLog: New page: Editor Load
[2015.10.18-07.22.10:315][  0]LogAssetRegistry: FAssetRegistry took 0.0098 seconds to start up
[2015.10.18-07.22.10:316][  0]LogDirectoryWatcher:Warning: Failed to begin reading directory changes for ../../../Engine/Plugins/Experimental/CharacterAI/Content/. Error: 0
[2015.10.18-07.22.19:237][  0]LogConsoleManager:Warning: Console variable 'r.VSync' wasn't set ('GameSetting' has a lower priority than 'SystemSettingsIni')
[2015.10.18-07.22.19:237][  0]LogConsoleResponse:Display: 
[2015.10.18-07.22.20:707][  0]LogCook:Display: Done creating registry. It took  0.00s.
[2015.10.18-07.22.22:245][  0]SourceControl: Info Source control is disabled
[2015.10.18-07.22.22:245][  0]Cmd: MAP LOAD FILE="../../../../../../Users/Kido/Documents/GitHub/NMNYD/The-Curators/AlexPrototype/Content/StarterContent/Maps/Minimal_Default.umap" TEMPLATE=0 SHOWPROGRESS=1 FEATURELEVEL=3
[2015.10.18-07.22.22:303][  0]LightingResults: New page: Lighting Build
[2015.10.18-07.22.22:344][  0]MapCheck: New page: Map Check
[2015.10.18-07.22.22:344][  0]LightingResults: New page: Lighting Build
[2015.10.18-07.22.22:361][  0]LogParticles: Destroying 0 GPU particle simulations for FXSystem 0x000000001B7489A0
[2015.10.18-07.22.26:057][  0]LogBlueprint:Warning: [compiler ErichCharBlue] Warning InputAction Event references unknown Action 'Walk' for  InputAction Walk 
[2015.10.18-07.22.26:062][  0]LogBlueprint:Warning: [compiler ErichCharBlue] Warning [0084.54] Compile of ErichCharBlue successful, but with 1 Warning(s) [in 43 ms]
[2015.10.18-07.22.26:062][  0]LogBlueprint:Warning: [compiler ErichCharBlue] Warning [0084.54] Compile of ErichCharBlue successful, but with 2 Warning(s) [in 0 ms]
[2015.10.18-07.22.26:062][  0]LogBlueprint:Warning: [compiler ErichCharBlue] Warning [0084.54] Compile of ErichCharBlue successful, but with 3 Warning(s) [in 0 ms]
[2015.10.18-07.22.26:112][  0]LogBlueprint:Warning: [compiler ErichCharBlue] Warning InputAction Event references unknown Action 'Walk' for  InputAction Walk 
[2015.10.18-07.22.26:117][  0]LogBlueprint:Warning: [compiler ErichCharBlue] Warning [0084.59] Compile of ErichCharBlue successful, but with 1 Warning(s) [in 46 ms]
[2015.10.18-07.22.26:118][  0]LogBlueprint:Warning: [compiler ErichCharBlue] Warning [0084.59] Compile of ErichCharBlue successful, but with 2 Warning(s) [in 0 ms]
[2015.10.18-07.22.44:098][  0]LogAIModule: Creating AISystem for world Minimal_Default
[2015.10.18-07.22.44:203][  0]LogEditorServer: Finished looking for orphan Actors (0.000 secs)
[2015.10.18-07.22.44:218][  0]Cmd: MAP CHECKDEP NOCLEARLOG
[2015.10.18-07.22.44:351][  0]MapCheck: Info Map check complete: 0 Error(s), 0 Warning(s), took 133.423ms to complete.
[2015.10.18-07.22.44:351][  0]LogFileHelpers: Loading map 'Minimal_Default' took 22.107
[2015.10.18-07.22.45:372][  0]LogCollectionManager: Loaded 0 collections in 0.006993 seconds
[2015.10.18-07.22.45:393][  0]LogContentBrowser: Native class hierarchy populated in 0.0200 seconds. Added 1792 classes and 301 folders.
[2015.10.18-07.22.45:933][  0]LogContentBrowser: Native class hierarchy updated for 'WidgetCarousel' in 0.0016 seconds. Added 0 classes and 0 folders.
[2015.10.18-07.22.48:848][  0]LogContentBrowser: Native class hierarchy updated for 'AddContentDialog' in 0.0010 seconds. Added 0 classes and 0 folders.
[2015.10.18-07.22.48:962][  0]LogContentBrowser: Native class hierarchy updated for 'SceneOutliner' in 0.0008 seconds. Added 1 classes and 2 folders.
[2015.10.18-07.22.50:125][  0]LogCrashTracker: Crashtracker disabled due to settings.
[2015.10.18-07.22.50:130][  0]LogD3D11RHI: InitD3DDevice
[2015.10.18-07.22.50:140][  0]LogUObjectGlobals:Warning: Failed to find object 'Class None.'
[2015.10.18-07.22.50:162][  0]LogLoad: Full Startup: 108.64 seconds (BP compile: 1.25 seconds)
[2015.10.18-07.22.50:239][  0]LogContentStreaming: Texture pool size is 0.000000MB
[2015.10.18-07.22.50:563][  0]LogContentStreaming: Texture pool size now 1000 MB
[2015.10.18-07.22.50:934][  0]LogRenderer: Reallocating scene render targets to support 1208x656 (Frame:2).
[2015.10.18-07.22.51:649][ 15]LogAssetRegistry: Asset discovery search completed in 41.3452 seconds
[2015.10.18-07.22.56:497][549]LogD3D11RHI: InitD3DDevice
[2015.10.18-07.23.03:729][351]LogD3D11RHI: InitD3DDevice
[2015.10.18-07.23.06:756][351]LogAIModule: Creating AISystem for world kestonLevel
[2015.10.18-07.23.06:998][351]Cmd: MAP LOAD FILE="../../../../../../Users/Kido/Documents/GitHub/NMNYD/The-Curators/AlexPrototype/Content/Levels/kestonLevel.umap" TEMPLATE=0 SHOWPROGRESS=1 FEATURELEVEL=3
[2015.10.18-07.23.06:999][351]LightingResults: New page: Lighting Build
[2015.10.18-07.23.07:033][351]LoadErrors: New page: Loading map: kestonLevel.umap
[2015.10.18-07.23.07:033][351]MapCheck: New page: Map Check
[2015.10.18-07.23.07:033][351]LightingResults: New page: Lighting Build
[2015.10.18-07.23.07:050][351]LogParticles: Destroying 0 GPU particle simulations for FXSystem 0x000000001F2E3A60
[2015.10.18-07.23.07:389][351]LogAIModule: Creating AISystem for world kestonLevel
[2015.10.18-07.23.07:482][351]LogEditorServer: Finished looking for orphan Actors (0.000 secs)
[2015.10.18-07.23.07:535][351]Cmd: MAP CHECKDEP NOCLEARLOG
[2015.10.18-07.23.07:670][351]MapCheck: Info Map check complete: 0 Error(s), 0 Warning(s), took 134.371ms to complete.
[2015.10.18-07.23.07:676][351]LogFileHelpers: Loading map 'kestonLevel' took 0.680
[2015.10.18-07.23.24:740][122]LogD3D11RHI: InitD3DDevice
[2015.10.18-07.23.27:938][442]LogEditorViewport: Clicking Background
[2015.10.18-07.23.38:444][635]LogEditorViewport: Clicking on Actor (LMB): Brush (Box Brush217)
[2015.10.18-07.23.43:802][213]LogEditorViewport: Clicking Background
[2015.10.18-07.23.56:978][619]LogD3D11RHI: InitD3DDevice
[2015.10.18-07.23.57:958][619]LogLinker:Warning: Can't find file '/Game/Art/Assets/VerticalSliceAssets/characterAssets/gun/gun'
[2015.10.18-07.23.57:959][619]LogLinker:Warning: Can't find file for asset '/Game/Art/Assets/VerticalSliceAssets/characterAssets/gun/gun' while loading ../../../../../../Users/Kido/Documents/GitHub/NMNYD/The-Curators/AlexPrototype/Content/Tech/ThirdPersonBP/Blueprints/ThirdPersonCharacter.uasset.
[2015.10.18-07.23.57:959][619]LoadErrors:Error: Error /Game/Tech/ThirdPersonBP/Blueprints/ThirdPersonCharacter : Can't find file for asset. /Game/Art/Assets/VerticalSliceAssets/characterAssets/gun/gun
[2015.10.18-07.23.58:015][619]LogLinker:Warning: Can't find file '/Game/Art/Assets/VerticalSliceAssets/characterAssets/gun/gun'
[2015.10.18-07.23.58:015][619]LogLinker:Warning: Can't find file for asset '/Game/Art/Assets/VerticalSliceAssets/characterAssets/gun/gun' while loading ../../../../../../Users/Kido/Documents/GitHub/NMNYD/The-Curators/AlexPrototype/Content/Tech/ThirdPersonBP/Blueprints/ThirdPersonCharacter.uasset.
[2015.10.18-07.23.58:083][619]LogLinker:Warning: Can't find file '/Game/Art/Assets/VerticalSliceAssets/characterAssets/gun/gun'
[2015.10.18-07.23.58:083][619]LoadErrors: Info Failed to load /Game/Tech/ThirdPersonBP/Blueprints/ThirdPersonCharacter.ThirdPersonCharacter_C Referenced by gun8C1B0D41B94BE5FEA7D9F08DA0F2B523
[2015.10.18-07.23.58:083][619]LogLinker:Warning: Can't find file for asset '/Game/Art/Assets/VerticalSliceAssets/characterAssets/gun/gun' while loading ../../../../../../Users/Kido/Documents/GitHub/NMNYD/The-Curators/AlexPrototype/Content/Tech/ThirdPersonBP/Blueprints/ThirdPersonCharacter.uasset.
[2015.10.18-07.23.59:237][619]LogLinker:Warning: Can't find file '/Game/Art/Assets/VerticalSliceAssets/characterAssets/gun/gun'
[2015.10.18-07.23.59:238][619]LogLinker:Warning: Can't find file for asset '/Game/Art/Assets/VerticalSliceAssets/characterAssets/gun/gun' while loading ../../../../../../Users/Kido/Documents/GitHub/NMNYD/The-Curators/AlexPrototype/Content/Tech/ThirdPersonBP/Blueprints/ThirdPersonCharacter.uasset.
[2015.10.18-07.23.59:239][619]LogLinker:Warning: Can't find file '/Game/Art/Assets/VerticalSliceAssets/characterAssets/gun/gun'
[2015.10.18-07.23.59:239][619]LogLinker:Warning: Can't find file for asset '/Game/Art/Assets/VerticalSliceAssets/characterAssets/gun/gun' while loading ../../../../../../Users/Kido/Documents/GitHub/NMNYD/The-Curators/AlexPrototype/Content/Tech/ThirdPersonBP/Blueprints/ThirdPersonCharacter.uasset.
[2015.10.18-07.24.00:582][619]LogAIModule: Creating AISystem for world Level4
[2015.10.18-07.24.00:855][619]Cmd: MAP LOAD FILE="../../../../../../Users/Kido/Documents/GitHub/NMNYD/The-Curators/AlexPrototype/Content/Levels/Level4.umap" TEMPLATE=0 SHOWPROGRESS=1 FEATURELEVEL=3
[2015.10.18-07.24.00:856][619]LightingResults: New page: Lighting Build
[2015.10.18-07.24.00:893][619]LoadErrors: New page: Loading map: Level4.umap
[2015.10.18-07.24.00:895][619]MapCheck: New page: Map Check
[2015.10.18-07.24.00:895][619]LightingResults: New page: Lighting Build
[2015.10.18-07.24.00:916][619]LogParticles: Destroying 0 GPU particle simulations for FXSystem 0x000000001D1FB240
[2015.10.18-07.24.01:102][619]LogAIModule: Creating AISystem for world Level4
[2015.10.18-07.24.01:167][619]LogEditorServer: Finished looking for orphan Actors (0.000 secs)
[2015.10.18-07.24.01:221][619]Cmd: MAP CHECKDEP NOCLEARLOG
[2015.10.18-07.24.01:373][619]MapCheck: Info Map check complete: 0 Error(s), 0 Warning(s), took 151.358ms to complete.
[2015.10.18-07.24.01:374][619]LogFileHelpers: Loading map 'Level4' took 0.521
[2015.10.18-07.24.24:679][387]LogActorComponent: UnregisterComponent: (/Engine/Transient.CharMoveComp) Not registered. Aborting.
[2015.10.18-07.24.24:680][387]LogActorComponent: UnregisterComponent: (/Engine/Transient.PawnNoiseEmitterA7A8A77441AB5BE36363A18AD33052F6) Not registered. Aborting.
[2015.10.18-07.24.24:681][387]LogActorComponent: UnregisterComponent: (/Engine/Transient.CharacterMovementComponent_0) Not registered. Aborting.
[2015.10.18-07.24.24:681][387]LogActorComponent: UnregisterComponent: (/Engine/Transient.PawnNoiseEmitterComponent_0) Not registered. Aborting.
[2015.10.18-07.24.25:301][388]Cmd: QUIT_EDITOR
[2015.10.18-07.24.25:562][388]LogExit: Preparing to exit.
[2015.10.18-07.24.26:557][388]LogExit: Editor shut down
[2015.10.18-07.24.26:558][388]LogExit: Transaction tracking system shut down
[2015.10.18-07.24.26:561][388]LogParticles: Destroying 0 GPU particle simulations for FXSystem 0x000000002B56EDE0
[2015.10.18-07.24.26:561][388]LogParticles: Destroying 0 GPU particle simulations for FXSystem 0x000000001DA93100
[2015.10.18-07.24.26:561][388]LogParticles: Destroying 0 GPU particle simulations for FXSystem 0x000000001A73C720
[2015.10.18-07.24.26:561][388]LogParticles: Destroying 0 GPU particle simulations for FXSystem 0x000000001A1A5D00
[2015.10.18-07.24.26:561][388]LogParticles: Destroying 0 GPU particle simulations for FXSystem 0x000000001F54DDA0
[2015.10.18-07.24.26:562][388]LogParticles: Destroying 0 GPU particle simulations for FXSystem 0x000000001F54DA80
[2015.10.18-07.24.26:732][388]LogExit: Object subsystem successfully closed.
[2015.10.18-07.24.26:752][388]LogD3D11RHI: Shutdown
[2015.10.18-07.24.26:752][388]LogD3D11RHI: CleanupD3DDevice
[2015.10.18-07.24.26:797][388]LogD3D11RHI: ~FD3D11DynamicRHI
[2015.10.18-07.24.26:839][388]LogModuleManager: Shutting down and abandoning module CrashTracker (188)
[2015.10.18-07.24.26:839][388]LogModuleManager: Shutting down and abandoning module SceneOutliner (187)
[2015.10.18-07.24.26:839][388]LogModuleManager: Shutting down and abandoning module SuperSearch (186)
[2015.10.18-07.24.26:839][388]LogModuleManager: Shutting down and abandoning module WidgetCarousel (185)
[2015.10.18-07.24.26:839][388]LogModuleManager: Shutting down and abandoning module AddContentDialog (184)
[2015.10.18-07.24.26:839][388]LogModuleManager: Shutting down and abandoning module EditorWidgets (183)
[2015.10.18-07.24.26:840][388]LogModuleManager: Shutting down and abandoning module CollectionManager (182)
[2015.10.18-07.24.26:840][388]LogModuleManager: Shutting down and abandoning module StatsViewer (181)
[2015.10.18-07.24.26:840][388]LogModuleManager: Shutting down and abandoning module FoliageEdit (180)
[2015.10.18-07.24.26:840][388]LogModuleManager: Shutting down and abandoning module LandscapeEditor (179)
[2015.10.18-07.24.26:840][388]LogModuleManager: Shutting down and abandoning module ActorPickerMode (178)
[2015.10.18-07.24.26:840][388]LogModuleManager: Shutting down and abandoning module GeometryMode (177)
[2015.10.18-07.24.26:840][388]LogModuleManager: Shutting down and abandoning module TextureAlignMode (176)
[2015.10.18-07.24.26:840][388]LogModuleManager: Shutting down and abandoning module BspMode (175)
[2015.10.18-07.24.26:840][388]LogModuleManager: Shutting down and abandoning module PlacementMode (174)
[2015.10.18-07.24.26:840][388]LogModuleManager: Shutting down and abandoning module AutomationWorker (173)
[2015.10.18-07.24.26:840][388]LogModuleManager: Shutting down and abandoning module CharacterAI (172)
[2015.10.18-07.24.26:840][388]LogModuleManager: Shutting down and abandoning module SmartSnapping (171)
[2015.10.18-07.24.26:840][388]LogModuleManager: Shutting down and abandoning module ViewportSnapping (170)
[2015.10.18-07.24.26:840][388]LogModuleManager: Shutting down and abandoning module LogVisualizer (169)
[2015.10.18-07.24.26:840][388]LogModuleManager: Shutting down and abandoning module GameProjectGeneration (168)
[2015.10.18-07.24.26:840][388]LogModuleManager: Shutting down and abandoning module IntroTutorials (167)
[2015.10.18-07.24.26:840][388]LogModuleManager: Shutting down and abandoning module EditorLiveStreaming (166)
[2015.10.18-07.24.26:840][388]LogModuleManager: Shutting down and abandoning module IOSPlatformEditor (165)
[2015.10.18-07.24.26:840][388]LogModuleManager: Shutting down and abandoning module HTML5PlatformEditor (164)
[2015.10.18-07.24.26:840][388]LogModuleManager: Shutting down and abandoning module AndroidDeviceDetection (163)
[2015.10.18-07.24.27:175][388]LogModuleManager: Shutting down and abandoning module AndroidPlatformEditor (162)
[2015.10.18-07.24.27:175][388]LogModuleManager: Shutting down and abandoning module IOSRuntimeSettings (161)
[2015.10.18-07.24.27:175][388]LogModuleManager: Shutting down and abandoning module AndroidRuntimeSettings (160)
[2015.10.18-07.24.27:175][388]LogModuleManager: Shutting down and abandoning module MergeActors (159)
[2015.10.18-07.24.27:175][388]LogModuleManager: Shutting down and abandoning module SizeMap (158)
[2015.10.18-07.24.27:175][388]LogModuleManager: Shutting down and abandoning module TreeMap (157)
[2015.10.18-07.24.27:175][388]LogModuleManager: Shutting down and abandoning module ReferenceViewer (156)
[2015.10.18-07.24.27:175][388]LogModuleManager: Shutting down and abandoning module LocalizationDashboard (155)
[2015.10.18-07.24.27:175][388]LogModuleManager: Shutting down and abandoning module HardwareTargeting (154)
[2015.10.18-07.24.27:175][388]LogModuleManager: Shutting down and abandoning module DeviceProfileEditor (153)
[2015.10.18-07.24.27:176][388]LogModuleManager: Shutting down and abandoning module UndoHistory (152)
[2015.10.18-07.24.27:176][388]LogModuleManager: Shutting down and abandoning module GameplayTagsEditor (151)
[2015.10.18-07.24.27:176][388]LogModuleManager: Shutting down and abandoning module UserFeedback (150)
[2015.10.18-07.24.27:176][388]LogModuleManager: Shutting down and abandoning module XmlParser (149)
[2015.10.18-07.24.27:176][388]LogModuleManager: Shutting down and abandoning module Blutility (148)
[2015.10.18-07.24.27:176][388]LogModuleManager: Shutting down and abandoning module ProjectTargetPlatformEditor (147)
[2015.10.18-07.24.27:176][388]LogModuleManager: Shutting down and abandoning module ProjectSettingsViewer (146)
[2015.10.18-07.24.27:176][388]LogModuleManager: Shutting down and abandoning module InputBindingEditor (145)
[2015.10.18-07.24.27:176][388]LogModuleManager: Shutting down and abandoning module EditorSettingsViewer (144)
[2015.10.18-07.24.27:176][388]LogModuleManager: Shutting down and abandoning module SettingsEditor (143)
[2015.10.18-07.24.27:176][388]LogModuleManager: Shutting down and abandoning module ProjectLauncher (142)
[2015.10.18-07.24.27:176][388]LogModuleManager: Shutting down and abandoning module SessionFrontend (141)
[2015.10.18-07.24.27:176][388]LogModuleManager: Shutting down and abandoning module ProfilerClient (140)
[2015.10.18-07.24.27:176][388]LogModuleManager: Shutting down and abandoning module TargetDeviceServices (139)
[2015.10.18-07.24.27:177][388]LogModuleManager: Shutting down and abandoning module DeviceManager (138)
[2015.10.18-07.24.27:177][388]LogModuleManager: Shutting down and abandoning module AutomationController (137)
[2015.10.18-07.24.27:177][388]LogModuleManager: Shutting down and abandoning module AutomationWindow (136)
[2015.10.18-07.24.27:177][388]LogModuleManager: Shutting down and abandoning module Layers (135)
[2015.10.18-07.24.27:177][388]LogModuleManager: Shutting down and abandoning module ComponentVisualizers (134)
[2015.10.18-07.24.27:177][388]LogModuleManager: Shutting down and abandoning module DetailCustomizations (133)
[2015.10.18-07.24.27:177][388]LogModuleManager: Shutting down and abandoning module PackagesDialog (132)
[2015.10.18-07.24.27:177][388]LogModuleManager: Shutting down and abandoning module AssetRegistry (131)
[2015.10.18-07.24.27:355][388]LogModuleManager: Shutting down and abandoning module Persona (130)
[2015.10.18-07.24.27:355][388]LogModuleManager: Shutting down and abandoning module Kismet (129)
[2015.10.18-07.24.27:356][388]LogModuleManager: Shutting down and abandoning module GraphEditor (128)
[2015.10.18-07.24.27:356][388]LogModuleManager: Shutting down and abandoning module ClassViewer (127)
[2015.10.18-07.24.27:356][388]LogModuleManager: Shutting down and abandoning module Toolbox (126)
[2015.10.18-07.24.27:356][388]LogModuleManager: Shutting down and abandoning module ModuleUI (125)
[2015.10.18-07.24.27:356][388]LogModuleManager: Shutting down and abandoning module MovieSceneTools (124)
[2015.10.18-07.24.27:356][388]LogModuleManager: Shutting down and abandoning module OutputLog (123)
[2015.10.18-07.24.27:356][388]LogModuleManager: Shutting down and abandoning module GammaUI (122)
[2015.10.18-07.24.27:356][388]LogModuleManager: Shutting down and abandoning module Documentation (121)
[2015.10.18-07.24.27:356][388]LogModuleManager: Shutting down and abandoning module GameLiveStreaming (120)
[2015.10.18-07.24.27:356][388]LogModuleManager: Shutting down and abandoning module StreamingPauseRendering (119)
[2015.10.18-07.24.27:356][388]LogModuleManager: Shutting down and abandoning module AnalyticsET (118)
[2015.10.18-07.24.27:356][388]LogModuleManager: Shutting down and abandoning module Analytics (117)
[2015.10.18-07.24.27:356][388]LogModuleManager: Shutting down and abandoning module AITestSuite (116)
[2015.10.18-07.24.27:356][388]LogModuleManager: Shutting down and abandoning module GameplayDebugger (115)
[2015.10.18-07.24.27:356][388]LogModuleManager: Shutting down and abandoning module AIModule (114)
[2015.10.18-07.24.27:356][388]LogModuleManager: Shutting down and abandoning module ProfilerService (113)
[2015.10.18-07.24.27:402][388]LogModuleManager: Shutting down and abandoning module TaskGraph (112)
[2015.10.18-07.24.27:402][388]LogModuleManager: Shutting down and abandoning module SlateRemote (111)
[2015.10.18-07.24.27:402][388]LogModuleManager: Shutting down and abandoning module SteamVRController (110)
[2015.10.18-07.24.27:402][388]LogModuleManager: Shutting down and abandoning module SteamVR (109)
[2015.10.18-07.24.27:402][388]LogModuleManager: Shutting down and abandoning module ProceduralMeshComponent (108)
[2015.10.18-07.24.27:402][388]LogModuleManager: Shutting down and abandoning module OculusRift (107)
[2015.10.18-07.24.27:402][388]LogModuleManager: Shutting down and abandoning module LeapMotionController (106)
[2015.10.18-07.24.27:447][388]LogModuleManager: Shutting down and abandoning module CustomMeshComponent (105)
[2015.10.18-07.24.27:447][388]LogModuleManager: Shutting down and abandoning module CableComponent (104)
[2015.10.18-07.24.27:447][388]LogModuleManager: Shutting down and abandoning module MessagingDebugger (103)
[2015.10.18-07.24.27:447][388]LogModuleManager: Shutting down and abandoning module MediaPlayerEditor (102)
[2015.10.18-07.24.27:447][388]LogModuleManager: Shutting down and abandoning module SpeedTreeImporter (101)
[2015.10.18-07.24.27:447][388]LogModuleManager: Shutting down and abandoning module PluginBrowser (100)
[2015.10.18-07.24.27:447][388]LogModuleManager: Shutting down and abandoning module EpicSurvey (99)
[2015.10.18-07.24.27:447][388]LogModuleManager: Shutting down and abandoning module DesktopPlatform (98)
[2015.10.18-07.24.27:447][388]LogModuleManager: Shutting down and abandoning module VisualStudioSourceCodeAccess (97)
[2015.10.18-07.24.27:447][388]LogModuleManager: Shutting down and abandoning module UObjectPlugin (96)
[2015.10.18-07.24.27:447][388]LogModuleManager: Shutting down and abandoning module SubversionSourceControl (95)
[2015.10.18-07.24.27:447][388]LogModuleManager: Shutting down and abandoning module PerforceSourceControl (94)
[2015.10.18-07.24.27:447][388]LogModuleManager: Shutting down and abandoning module SourceControl (93)
[2015.10.18-07.24.27:447][388]LogModuleManager: Shutting down and abandoning module GitSourceControl (92)
[2015.10.18-07.24.27:447][388]LogModuleManager: Shutting down and abandoning module BlankPlugin (91)
[2015.10.18-07.24.27:447][388]LogModuleManager: Shutting down and abandoning module PaperTiledImporter (90)
[2015.10.18-07.24.27:447][388]LogModuleManager: Shutting down and abandoning module PaperSpriteSheetImporter (89)
[2015.10.18-07.24.27:447][388]LogModuleManager: Shutting down and abandoning module MeshPaint (88)
[2015.10.18-07.24.27:447][388]LogModuleManager: Shutting down and abandoning module SlateReflector (87)
[2015.10.18-07.24.27:447][388]LogModuleManager: Shutting down and abandoning module DirectoryWatcher (86)
[2015.10.18-07.24.27:448][388]LogModuleManager: Shutting down and abandoning module HotReload (85)
[2015.10.18-07.24.27:448][388]LogModuleManager: Shutting down and abandoning module MainFrame (84)
[2015.10.18-07.24.27:448][388]LogModuleManager: Shutting down and abandoning module LevelEditor (83)
[2015.10.18-07.24.27:449][388]LogModuleManager: Shutting down and abandoning module ContentBrowser (82)
[2015.10.18-07.24.27:450][388]LogModuleManager: Shutting down and abandoning module Paper2DEditor (81)
[2015.10.18-07.24.27:450][388]LogModuleManager: Shutting down and abandoning module UdpMessaging (80)
[2015.10.18-07.24.27:550][388]LogModuleManager: Shutting down and abandoning module Paper2D (79)
[2015.10.18-07.24.27:550][388]LogModuleManager: Shutting down and abandoning module WindowsMoviePlayer (78)
[2015.10.18-07.24.27:562][388]LogModuleManager: Shutting down and abandoning module Media (77)
[2015.10.18-07.24.27:562][388]LogModuleManager: Shutting down and abandoning module WmfMedia (76)
[2015.10.18-07.24.27:562][388]LogModuleManager: Shutting down and abandoning module OnlineBlueprintSupport (75)
[2015.10.18-07.24.27:562][388]LogModuleManager: Shutting down and abandoning module PropertyEditor (74)
[2015.10.18-07.24.27:562][388]LogModuleManager: Shutting down and abandoning module BehaviorTreeEditor (73)
[2015.10.18-07.24.27:563][388]LogModuleManager: Shutting down and abandoning module FunctionalTesting (72)
[2015.10.18-07.24.27:563][388]LogModuleManager: Shutting down and abandoning module CollisionAnalyzer (71)
[2015.10.18-07.24.27:563][388]LogModuleManager: Shutting down and abandoning module WorkspaceMenuStructure (70)
[2015.10.18-07.24.27:563][388]LogModuleManager: Shutting down and abandoning module MessageLog (69)
[2015.10.18-07.24.27:563][388]LogModuleManager: Shutting down and abandoning module Sequencer (68)
[2015.10.18-07.24.27:563][388]LogModuleManager: Shutting down and abandoning module AssetTools (67)
[2015.10.18-07.24.27:563][388]LogModuleManager: Shutting down and abandoning module UMGEditor (66)
[2015.10.18-07.24.27:563][388]LogModuleManager: Shutting down and abandoning module UMG (65)
[2015.10.18-07.24.27:563][388]LogModuleManager: Shutting down and abandoning module Slate (64)
[2015.10.18-07.24.27:563][388]LogModuleManager: Shutting down and abandoning module EditorStyle (63)
[2015.10.18-07.24.27:571][388]LogModuleManager: Shutting down and abandoning module SessionServices (62)
[2015.10.18-07.24.27:571][388]LogModuleManager: Shutting down and abandoning module SourceCodeAccess (61)
[2015.10.18-07.24.27:572][388]LogModuleManager: Shutting down and abandoning module HeadMountedDisplay (60)
[2015.10.18-07.24.27:572][388]LogModuleManager: Shutting down and abandoning module XAudio2 (59)
[2015.10.18-07.24.27:572][388]LogModuleManager: Shutting down and abandoning module Networking (57)
[2015.10.18-07.24.27:572][388]LogModuleManager: Shutting down and abandoning module Core (56)
[2015.10.18-07.24.27:572][388]LogModuleManager: Shutting down and abandoning module KismetCompiler (55)
[2015.10.18-07.24.27:572][388]LogModuleManager: Shutting down and abandoning module PhysXFormats (54)
[2015.10.18-07.24.27:572][388]LogModuleManager: Shutting down and abandoning module MeshUtilities (53)
[2015.10.18-07.24.27:572][388]LogModuleManager: Shutting down and abandoning module DerivedDataCache (52)
[2015.10.18-07.24.27:629][388]LogDerivedDataCache: Shutdown
[2015.10.18-07.24.27:629][388]LogModuleManager: Shutting down and abandoning module ShaderFormatOpenGL (51)
[2015.10.18-07.24.27:629][388]LogModuleManager: Shutting down and abandoning module ShaderFormatD3D (50)
[2015.10.18-07.24.27:629][388]LogModuleManager: Shutting down and abandoning module MetalShaderFormat (49)
[2015.10.18-07.24.27:629][388]LogModuleManager: Shutting down and abandoning module TextureFormatUncompressed (48)
[2015.10.18-07.24.27:629][388]LogModuleManager: Shutting down and abandoning module TextureFormatPVR (47)
[2015.10.18-07.24.27:629][388]LogModuleManager: Shutting down and abandoning module TextureFormatIntelISPCTexComp (46)
[2015.10.18-07.24.27:629][388]LogModuleManager: Shutting down and abandoning module TextureFormatDXT (45)
[2015.10.18-07.24.27:629][388]LogModuleManager: Shutting down and abandoning module ImageWrapper (44)
[2015.10.18-07.24.27:629][388]LogModuleManager: Shutting down and abandoning module TextureFormatASTC (43)
[2015.10.18-07.24.27:629][388]LogModuleManager: Shutting down and abandoning module TextureFormatAndroid (42)
[2015.10.18-07.24.27:629][388]LogModuleManager: Shutting down and abandoning module AudioFormatOpus (41)
[2015.10.18-07.24.27:629][388]LogModuleManager: Shutting down and abandoning module AudioFormatOgg (40)
[2015.10.18-07.24.27:629][388]LogModuleManager: Shutting down and abandoning module AudioFormatADPCM (39)
[2015.10.18-07.24.27:629][388]LogModuleManager: Shutting down and abandoning module LinuxTargetPlatform (38)
[2015.10.18-07.24.27:629][388]LogModuleManager: Shutting down and abandoning module LinuxServerTargetPlatform (37)
[2015.10.18-07.24.27:629][388]LogModuleManager: Shutting down and abandoning module LinuxNoEditorTargetPlatform (36)
[2015.10.18-07.24.27:629][388]LogModuleManager: Shutting down and abandoning module Messaging (35)
[2015.10.18-07.24.27:629][388]LogModuleManager: Shutting down and abandoning module IOSTargetPlatform (34)
[2015.10.18-07.24.27:629][388]LogModuleManager: Shutting down and abandoning module HTML5TargetPlatform (33)
[2015.10.18-07.24.27:629][388]LogModuleManager: Shutting down and abandoning module Android_PVRTCTargetPlatform (32)
[2015.10.18-07.24.27:629][388]LogModuleManager: Shutting down and abandoning module Android_ETC2TargetPlatform (31)
[2015.10.18-07.24.27:629][388]LogModuleManager: Shutting down and abandoning module Android_ETC1TargetPlatform (30)
[2015.10.18-07.24.27:629][388]LogModuleManager: Shutting down and abandoning module Android_DXTTargetPlatform (29)
[2015.10.18-07.24.27:629][388]LogModuleManager: Shutting down and abandoning module Android_ATCTargetPlatform (28)
[2015.10.18-07.24.27:629][388]LogModuleManager: Shutting down and abandoning module Android_ASTCTargetPlatform (27)
[2015.10.18-07.24.27:629][388]LogModuleManager: Shutting down and abandoning module AndroidTargetPlatform (26)
[2015.10.18-07.24.27:629][388]LogModuleManager: Shutting down and abandoning module WindowsTargetPlatform (25)
[2015.10.18-07.24.27:629][388]LogModuleManager: Shutting down and abandoning module WindowsServerTargetPlatform (24)
[2015.10.18-07.24.27:629][388]LogModuleManager: Shutting down and abandoning module WindowsNoEditorTargetPlatform (23)
[2015.10.18-07.24.27:629][388]LogModuleManager: Shutting down and abandoning module WindowsClientTargetPlatform (22)
[2015.10.18-07.24.27:629][388]LogModuleManager: Shutting down and abandoning module DesktopTargetPlatform (21)
[2015.10.18-07.24.27:629][388]LogModuleManager: Shutting down and abandoning module TargetPlatform (20)
[2015.10.18-07.24.27:629][388]LogModuleManager: Shutting down and abandoning module InputCore (19)
[2015.10.18-07.24.27:629][388]LogModuleManager: Shutting down and abandoning module Settings (18)
[2015.10.18-07.24.27:629][388]LogModuleManager: Shutting down and abandoning module OnlineSubsystem (16)
[2015.10.18-07.24.27:629][388]LogModuleManager: Shutting down and abandoning module HTTP (15)
[2015.10.18-07.24.27:629][388]LogModuleManager: Shutting down and abandoning module ExampleDeviceProfileSelector (14)
[2015.10.18-07.24.27:629][388]LogModuleManager: Shutting down and abandoning module TextureCompressor (13)
[2015.10.18-07.24.27:630][388]LogModuleManager: Shutting down and abandoning module ShaderCore (12)
[2015.10.18-07.24.27:630][388]LogModuleManager: Shutting down and abandoning module Landscape (11)
[2015.10.18-07.24.27:630][388]LogModuleManager: Shutting down and abandoning module SlateRHIRenderer (10)
[2015.10.18-07.24.27:633][388]LogModuleManager: Shutting down and abandoning module OpenGLDrv (9)
[2015.10.18-07.24.27:633][388]LogModuleManager: Shutting down and abandoning module D3D11RHI (8)
[2015.10.18-07.24.27:633][388]LogModuleManager: Shutting down and abandoning module Renderer (7)
[2015.10.18-07.24.27:633][388]LogModuleManager: Shutting down and abandoning module Engine (6)
[2015.10.18-07.24.27:633][388]LogModuleManager: Shutting down and abandoning module CoreUObject (5)
[2015.10.18-07.24.27:633][388]LogModuleManager: Shutting down and abandoning module NetworkFile (4)
[2015.10.18-07.24.27:633][388]LogModuleManager: Shutting down and abandoning module StreamingFile (3)
[2015.10.18-07.24.27:633][388]LogModuleManager: Shutting down and abandoning module SandboxFile (2)
[2015.10.18-07.24.27:633][388]LogModuleManager: Shutting down and abandoning module PakFile (1)
[2015.10.18-07.24.27:634][388]LogExit: Exiting.
[2015.10.18-07.24.27:635][388]Log file closed, 10/18/15 03:24:27
